# SphereID Center[X Y Z] Radius Density Region Score Weight
LeafCount 32062
NodeCount 32062
1 11373 -15.1046 -50.9984 3.52723 1.5 1.2 1 0 0
1 12453 -1.42596 -52.0224 24.5659 1.28683 1.2 1 0 0
1 12454 -3.52487 -51.6314 22.7748 1.5 1.2 1 0 0
1 12693 7.55023 -50.8421 24.2279 1.43084 1.2 1 0 0
1 12712 7.64892 -51.1269 16.873 1.5 1.2 1 0 0
1 12720 4.67053 -53.9038 12.901 0.62809 1.2 1 0 0
1 12721 3.82289 -54.8612 12.2521 0.684704 1.2 1 0 0
1 12722 2.24852 -54.6876 12.1505 0.760055 1.2 1 0 0
1 12723 3.91637 -54.1933 12.7889 0.177298 1.2 1 0 0
1 12725 2.75509 -51.3826 14.4026 1.5 1.2 1 0 0
1 12726 1.00276 -55.8856 14.8118 0.623254 1.2 1 0 0
1 12727 2.72334 -54.063 16.3894 0.809176 1.2 1 0 0
1 12730 3.42141 -52.8306 11.5532 1.5 1.2 1 0 0
1 12733 4.86016 -54.8295 13.9013 0.407843 1.2 1 0 0
1 12734 5.77264 -53.4434 14.8426 1.5 1.2 1 0 0
1 12735 6.12702 -55.3999 16.4174 1.03647 1.2 1 0 0
1 12738 6.08424 -55.4686 12.5461 1.5 1.2 1 0 0
1 12739 6.48048 -57.211 13.7422 0.649897 1.2 1 0 0
1 12745 5.97195 -51.9877 12.4141 1.27206 1.2 1 0 0
1 12748 6.20025 -53.5543 10.1385 1.5 1.2 1 0 0
1 12749 4.50966 -54.7474 10.9765 0.732458 1.2 1 0 0
1 12750 5.47986 -54.4231 8.47579 0.44469 1.2 1 0 0
1 12764 5.67637 -51.2875 18.7314 1.15179 1.2 1 0 0
1 12765 -1.14172 -56.3414 20.6913 0.469856 1.2 1 0 0
1 12766 -1.87469 -55.1901 21.8604 1.32721 1.2 1 0 0
1 12767 0.226526 -54.1957 21.6603 0.503062 1.2 1 0 0
1 12768 -1.38669 -54.0041 20.6906 0.392723 1.2 1 0 0
1 12771 -4.4068 -53.3696 23.4027 0.547788 1.2 1 0 0
1 12772 -0.814414 -52.4857 21.7287 1.5 1.2 1 0 0
1 12773 0.286747 -52.5852 23.6699 0.726029 1.2 1 0 0
1 12774 -0.896672 -53.8564 23.5671 0.767735 1.2 1 0 0
1 12775 -2.73296 -53.979 23.809 1.08635 1.2 1 0 0
1 12776 -0.193595 -54.0393 19.2109 1.5 1.2 1 0 0
1 12777 -1.84187 -53.1133 18.4188 0.549152 1.2 1 0 0
1 12778 -2.45261 -51.8834 18.9981 0.941322 1.2 1 0 0
1 12779 -2.35154 -53.5552 20.6255 0.673414 1.2 1 0 0
1 12781 1.80737 -51.3807 19.9307 1.34605 1.2 1 0 0
1 12807 4.09669 -52.6318 8.9298 0.984941 1.2 1 0 0
1 13736 5.60827 -51.4706 6.99288 1.48106 1.2 1 0 0
1 14049 -7.94812 -51.6099 2.58892 0.910981 1.2 1 0 0
1 14057 -7.85146 -57.1245 0.715631 1.5 1.2 1 0 0
1 14064 -3.81286 -52.5618 3.37387 0.785748 1.2 1 0 0
1 14065 -3.07785 -53.74 4.79842 0.655176 1.2 1 0 0
1 14066 -1.90166 -53.1343 5.13362 0.655234 1.2 1 0 0
1 14067 -6.17854 -56.0136 1.95025 0.854669 1.2 1 0 0
1 14071 -5.18896 -54.9122 2.2814 0.662601 1.2 1 0 0
1 14072 -4.69205 -53.2514 1.58845 1.2013 1.2 1 0 0
1 14073 -5.97512 -52.2682 3.24894 0.82675 1.2 1 0 0
1 14074 -5.1989 -54.133 4.384 1.48997 1.2 1 0 0
1 14075 -7.23469 -53.9245 2.20409 1.5 1.2 1 0 0
1 14076 -7.22926 -54.9946 3.88405 0.483152 1.2 1 0 0
1 14077 -8.18759 -54.8476 3.61815 0.439006 1.2 1 0 0
1 14106 -1.48208 -52.358 4.34641 0.523244 1.2 1 0 0
1 14269 -8.14073 -58.5223 2.64434 0.89948 1.2 1 0 0
1 14270 -9.95494 -59.4781 1.30723 1.5 1.2 1 0 0
1 14277 -11.1734 -62.3747 1.18804 1.4981 1.2 1 0 0
1 14424 -15.2459 -54.3305 1.34144 1.5 1.2 1 0 0
1 14644 -17.2612 -61.5836 2.69724 0.69494 1.2 1 0 0
1 14649 -16.8999 -69.6226 1.26263 1.5 1.2 1 0 0
1 14654 -18.3101 -60.5281 0.597804 1.5 1.2 1 0 0
1 14664 -25.3592 -65.8558 1.4775 1.5 1.2 1 0 0
1 14684 -19.6554 -62.6114 5.41031 1.5 1.2 1 0 0
1 14685 -19.2857 -64.9197 5.86815 0.882143 1.2 1 0 0
1 14686 -21.8163 -62.5673 6.04538 0.752748 1.2 1 0 0
1 14687 -22.5154 -63.2631 5.91561 0.236727 1.2 1 0 0
1 14688 -22.3329 -65.1564 7.11024 0.304671 1.2 1 0 0
1 14689 -23.2728 -65.2719 6.82304 0.63885 1.2 1 0 0
1 14690 -21.3336 -63.404 7.05394 0.605584 1.2 1 0 0
1 14691 -23.5768 -63.2058 7.30396 1.5 1.2 1 0 0
1 14692 -21.3726 -63.0803 5.24141 0.288072 1.2 1 0 0
1 14693 -22.4873 -65.4971 3.96994 0.552488 1.2 1 0 0
1 14694 -21.7803 -64.6755 5.58199 1.39011 1.2 1 0 0
1 14695 -23.3812 -66.1215 5.51052 0.762191 1.2 1 0 0
1 14696 -23.5298 -67.4149 5.8879 0.59332 1.2 1 0 0
1 14697 -24.5513 -68.5338 7.1463 0.870581 1.2 1 0 0
1 14698 -24.2005 -67.9039 6.2446 0.283956 1.2 1 0 0
1 14700 -24.1898 -68.3674 8.51296 0.454685 1.2 1 0 0
1 14702 -19.6874 -60.2396 4.81964 0.944153 1.2 1 0 0
1 14703 -22.4905 -60.2198 3.5582 0.886039 1.2 1 0 0
1 14704 -23.7297 -62.3352 4.2941 1.48996 1.2 1 0 0
1 14705 -26.7249 -62.9726 3.95953 1.5 1.2 1 0 0
1 14706 -23.6675 -60.6957 3.34145 0.397235 1.2 1 0 0
1 14707 -21.4151 -61.6591 3.1113 0.956449 1.2 1 0 0
1 14708 -21.9704 -64.0534 2.59335 1.5 1.2 1 0 0
1 14711 -23.9028 -69.1969 5.13207 1.32412 1.2 1 0 0
1 14712 -21.7615 -69.4869 5.97559 0.990826 1.2 1 0 0
1 14713 -21.6252 -70.5427 3.99965 1.23773 1.2 1 0 0
1 14714 -23.6734 -69.6982 2.36227 1.5 1.2 1 0 0
1 14904 -23.6459 -59.7492 6.31535 1.5 1.2 1 0 0
1 14930 -21.4365 -55.1482 5.72591 0.391404 1.2 1 0 0
1 14931 -21.9932 -52.6449 3.94362 1.5 1.2 1 0 0
1 14932 -23.2915 -55.4107 5.24867 1.5 1.2 1 0 0
1 14933 -24.6346 -57.584 5.63717 0.974965 1.2 1 0 0
1 14947 -25.2732 -51.4808 5.61223 1.17605 1.2 1 0 0
1 15038 -17.1535 -51.9153 1.90638 1.2037 1.2 1 0 0
1 15041 -22.261 -51.5642 1.56571 1.11318 1.2 1 0 0
1 15043 -20.0011 -53.9013 4.01786 0.851499 1.2 1 0 0
1 15045 -23.7787 -56.7773 1.29162 1.5 1.2 1 0 0
1 15054 -19.7972 -57.1814 3.0586 0.673789 1.2 1 0 0
1 15086 1.52076 -51.6487 8.46301 1.5 1.2 1 0 0
1 15087 1.65104 -53.5058 9.97031 0.89487 1.2 1 0 0
1 15088 -0.329447 -54.2094 9.17878 1.34041 1.2 1 0 0
1 15089 -2.64372 -51.613 8.75802 1.5 1.2 1 0 0
1 15092 1.18294 -51.9062 10.6825 0.747881 1.2 1 0 0
1 15093 -0.370439 -52.1916 10.1514 0.890462 1.2 1 0 0
1 15095 -0.389184 -52.8949 7.05026 1.12599 1.2 1 0 0
1 15096 -6.09005 -59.0289 10.953 0.585135 1.2 1 0 0
1 15097 -4.33134 -57.9657 10.6004 1.5 1.2 1 0 0
1 15098 -4.93602 -60.3886 9.56604 1.19751 1.2 1 0 0
1 15099 -6.96803 -56.1425 10.7766 1.5 1.2 1 0 0
1 15100 -6.49252 -54.4205 10.476 0.311536 1.2 1 0 0
1 15101 -7.30887 -56.573 8.63102 0.703561 1.2 1 0 0
1 15102 -7.96469 -58.2638 12.5851 1.33696 1.2 1 0 0
1 15103 -6.76198 -54.968 12.4328 0.540862 1.2 1 0 0
1 15104 -6.58918 -57.187 7.91546 0.46611 1.2 1 0 0
1 15105 -5.93549 -57.2852 9.02422 0.778561 1.2 1 0 0
1 15106 0.228509 -55.4698 10.9039 0.775096 1.2 1 0 0
1 15107 -4.64156 -55.3415 12.6593 1.5 1.2 1 0 0
1 15108 -5.92984 -53.0936 14.5326 1.2052 1.2 1 0 0
1 15109 -3.05733 -54.4741 10.1894 1.5 1.2 1 0 0
1 15110 -3.46427 -51.9948 14.3543 1.5 1.2 1 0 0
1 15111 -3.30911 -57.252 12.294 0.60301 1.2 1 0 0
1 15112 -1.96224 -57.406 13.7114 0.382516 1.2 1 0 0
1 15113 -2.48462 -59.326 12.396 1.27019 1.2 1 0 0
1 15114 -2.66199 -54.1934 7.12056 1.49253 1.2 1 0 0
1 15115 -3.59439 -55.7106 6.09098 0.557419 1.2 1 0 0
1 15116 -5.93537 -56.7691 5.02639 0.178584 1.2 1 0 0
1 15117 -6.59791 -57.164 6.6605 0.465459 1.2 1 0 0
1 15119 -4.61291 -53.7144 8.45326 0.918196 1.2 1 0 0
1 15120 -3.51224 -51.7519 5.50786 1.5 1.2 1 0 0
1 15121 -5.24596 -55.8874 7.30507 1.5 1.2 1 0 0
1 15122 -5.72973 -54.8351 5.97841 0.261104 1.2 1 0 0
1 15123 -6.63187 -54.1513 8.96807 1.2055 1.2 1 0 0
1 15124 -6.88683 -54.801 7.44975 0.462796 1.2 1 0 0
1 15147 -13.9717 -51.1987 5.92094 1.11932 1.2 1 0 0
1 15152 -14.9981 -54.1835 4.02075 0.856766 1.2 1 0 0
1 15153 -15.8358 -52.2632 5.33561 0.82479 1.2 1 0 0
1 15154 -15.9653 -53.604 5.56346 0.539869 1.2 1 0 0
1 15174 -6.38383 -51.3974 8.43427 1.5 1.2 1 0 0
1 15201 -9.31902 -53.3373 9.12901 1.5 1.2 1 0 0
1 15202 -8.95648 -55.9336 9.04 1.10346 1.2 1 0 0
1 15203 -8.05073 -54.8859 7.79247 0.753484 1.2 1 0 0
1 15204 -8.60825 -54.8463 10.4488 0.616122 1.2 1 0 0
1 15205 -11.2449 -53.8862 11.6772 1.35603 1.2 1 0 0
1 15206 -9.14277 -56.7499 12.7523 0.456208 1.2 1 0 0
1 15207 -8.82307 -52.4657 11.0278 0.646995 1.2 1 0 0
1 15212 -15.0958 -51.8761 9.39555 0.980121 1.2 1 0 0
1 15213 -14.9703 -53.1914 7.29674 1.5 1.2 1 0 0
1 15214 -13.303 -53.7998 9.20123 0.963992 1.2 1 0 0
1 15215 -12.7708 -53.9591 10.5812 0.523554 1.2 1 0 0
1 15216 -12.761 -51.7742 10.4951 1.5 1.2 1 0 0
1 15217 -13.3157 -52.2879 8.4306 0.69859 1.2 1 0 0
1 15220 -11.5558 -53.0403 9.07829 0.750046 1.2 1 0 0
1 15221 -9.88636 -51.2059 12.4033 1.5 1.2 1 0 0
1 15226 -12.629 -52.6335 12.8682 0.858388 1.2 1 0 0
1 15227 -11.5852 -52.0757 14.3693 0.851834 1.2 1 0 0
1 15233 -7.2444 -51.1542 4.84945 1.5 1.2 1 0 0
1 15234 -10.3906 -52.6582 5.83398 0.559268 1.2 1 0 0
1 15235 -16.4556 -54.3539 15.7133 0.753005 1.2 1 0 0
1 15236 -18.5658 -53.8924 16.5082 0.856399 1.2 1 0 0
1 15237 -17.5417 -54.1927 15.9175 0.363431 1.2 1 0 0
1 15238 -17.9358 -53.6806 18.7693 1.5 1.2 1 0 0
1 15239 -20.3939 -53.6238 19.5183 0.748645 1.2 1 0 0
1 15241 -16.5669 -56.1569 19.0293 0.745042 1.2 1 0 0
1 15242 -17.019 -55.3327 17.5961 0.724043 1.2 1 0 0
1 15243 -16.6153 -54.5779 20.6837 0.992765 1.2 1 0 0
1 15246 -20.7423 -60.9026 17.3288 1.5 1.2 1 0 0
1 15247 -19.0025 -58.9623 16.3344 1.25992 1.2 1 0 0
1 15248 -21.0048 -57.4409 18.0135 1.5 1.2 1 0 0
1 15249 -23.7272 -59.091 17.7591 1.5 1.2 1 0 0
1 15250 -21.6652 -59.5911 19.2399 0.982492 1.2 1 0 0
1 15251 -22.1407 -60.3451 18.3129 0.298558 1.2 1 0 0
1 15252 -21.7193 -59.2013 17.4923 0.468639 1.2 1 0 0
1 15253 -22.0521 -59.7833 18.0135 0.317814 1.2 1 0 0
1 15254 -24.1175 -61.791 15.4326 1.44388 1.2 1 0 0
1 15255 -23.3467 -59.3477 13.8796 1.5 1.2 1 0 0
1 15256 -17.4123 -56.923 20.997 1.5 1.2 1 0 0
1 15257 -19.7294 -57.2132 20.1791 0.787911 1.2 1 0 0
1 15258 -19.3795 -57.8946 21.6899 0.80092 1.2 1 0 0
1 15259 -20.9848 -55.3568 20.9138 1.5 1.2 1 0 0
1 15260 -21.4656 -57.0277 21.8437 0.468866 1.2 1 0 0
1 15261 -17.577 -56.3289 23.2558 0.707776 1.2 1 0 0
1 15262 -19.1557 -55.8833 22.6154 1.05315 1.2 1 0 0
1 15263 -18.2166 -57.3016 22.8022 0.512242 1.2 1 0 0
1 15264 -17.5362 -57.9573 16.2442 0.520039 1.2 1 0 0
1 15265 -21.9326 -55.276 16.1397 0.460332 1.2 1 0 0
1 15266 -19.1493 -55.0611 16.7938 0.425065 1.2 1 0 0
1 15267 -20.4634 -56.36 15.9147 0.916388 1.2 1 0 0
1 15268 -18.9247 -55.0032 14.2561 0.481641 1.2 1 0 0
1 15269 -20.1092 -58.1338 13.9456 1.5 1.2 1 0 0
1 15270 -26.0677 -58.5256 12.7302 1.22171 1.2 1 0 0
1 15271 -24.887 -57.1435 14.5029 0.858048 1.2 1 0 0
1 15275 -25.6804 -63.0595 13.9434 1.05538 1.2 1 0 0
1 15276 -26.1102 -58.7021 15.8396 1.5 1.2 1 0 0
1 15277 -25.5032 -55.8864 12.3692 1.5 1.2 1 0 0
1 15278 -24.1631 -58.6433 10.7894 1.5 1.2 1 0 0
1 15291 -25.108 -53.7722 17.6248 0.828311 1.2 1 0 0
1 15299 -24.2513 -55.5679 19.3257 1.5 1.2 1 0 0
1 15302 -26.0519 -57.0672 17.9956 1.1943 1.2 1 0 0
1 15304 -25.0042 -53.6308 12.8518 0.859925 1.2 1 0 0
1 15318 -18.2526 -53.4816 22.5596 1.5 1.2 1 0 0
1 15319 -19.3999 -52.4582 20.4713 1.05549 1.2 1 0 0
1 15320 -23.6391 -52.4828 23.0618 0.538077 1.2 1 0 0
1 15322 -20.454 -50.4702 21.6827 1.5 1.2 1 0 0
1 15324 -21.7787 -52.9993 22.521 1.46161 1.2 1 0 0
1 15325 -23.5178 -54.5491 21.6002 1.03545 1.2 1 0 0
1 15326 -22.2568 -54.959 22.4785 0.554953 1.2 1 0 0
1 15332 -23.2915 -52.3685 18.0135 1.5 1.2 1 0 0
1 15336 -20.6843 -51.1789 18.7099 1.44918 1.2 1 0 0
1 15340 -16.2792 -51.7865 12.3547 1.37241 1.2 1 0 0
1 15341 -19.7214 -51.0655 15.8062 1.5 1.2 1 0 0
1 15347 -17.9373 -53.2491 14.3302 1.5 1.2 1 0 0
1 15348 -19.4156 -52.2194 11.7586 0.945069 1.2 1 0 0
1 15349 -17.9373 -53.4975 11.7761 1.00145 1.2 1 0 0
1 15351 -23.2915 -51.1114 12.3912 1.5 1.2 1 0 0
1 15358 -22.9776 -52.0739 15.3414 1.20658 1.2 1 0 0
1 15360 -21.0276 -54.57 11.8325 0.904497 1.2 1 0 0
1 15361 -20.1568 -53.7906 12.7659 0.591144 1.2 1 0 0
1 15362 -19.2516 -54.4123 10.71 0.922294 1.2 1 0 0
1 15363 -22.1373 -56.6998 12.0192 1.5 1.2 1 0 0
1 15364 -22.9453 -57.322 10.1499 0.369306 1.2 1 0 0
1 15365 -21.1004 -52.9093 10.0826 1.5 1.2 1 0 0
1 15366 -21.8482 -52.4602 11.9229 0.530207 1.2 1 0 0
1 15367 -21.7087 -53.8139 12.6795 0.419439 1.2 1 0 0
1 15368 -23.4343 -55.677 9.40891 1.5 1.2 1 0 0
1 15369 -22.4787 -54.124 8.35643 0.603661 1.2 1 0 0
1 15370 -22.2223 -54.5959 10.8121 0.646342 1.2 1 0 0
1 15371 -17.6977 -51.4913 9.87447 1.5 1.2 1 0 0
1 15382 -6.19312 -51.8981 18.799 0.962566 1.2 1 0 0
1 15383 -4.7563 -53.3901 16.9528 1.5 1.2 1 0 0
1 15384 -5.58844 -55.1884 18.7959 1.20271 1.2 1 0 0
1 15385 -6.32344 -53.6052 18.1588 0.489167 1.2 1 0 0
1 15386 -2.73324 -54.5135 19.5468 0.815992 1.2 1 0 0
1 15387 -4.3689 -52.9182 20.1012 1.5 1.2 1 0 0
1 15388 -3.33423 -54.5579 20.7683 0.545988 1.2 1 0 0
1 15391 -8.04433 -53.8935 19.1146 1.5 1.2 1 0 0
1 15393 -9.5615 -51.9832 18.8394 0.954958 1.2 1 0 0
1 15394 -9.95631 -51.3342 21.6568 1.5 1.2 1 0 0
1 15400 -3.57797 -53.8811 22.0885 0.833018 1.2 1 0 0
1 15401 -3.62068 -55.1314 21.9928 0.421713 1.2 1 0 0
1 15402 -5.00981 -55.3415 23.3677 1.5 1.2 1 0 0
1 15403 -3.1971 -56.4346 22.7896 0.689076 1.2 1 0 0
1 15404 -7.54196 -53.7908 25.1267 0.830634 1.2 1 0 0
1 15407 -5.51441 -52.6735 24.951 1.47656 1.2 1 0 0
1 15408 -6.30475 -55.9281 20.4194 0.700747 1.2 1 0 0
1 15409 -7.74113 -55.2384 21.9995 1.5 1.2 1 0 0
1 15410 -6.30022 -56.5486 22.4004 0.482281 1.2 1 0 0
1 15411 -10.8976 -50.9799 16.9056 1.5 1.2 1 0 0
1 15417 -7.55717 -53.5873 17.3947 0.313602 1.2 1 0 0
1 15418 -6.87525 -54.2278 15.4836 0.545214 1.2 1 0 0
1 15419 -13.2421 -62.4423 19.5258 0.215036 1.2 1 0 0
1 15420 -15.4053 -56.9014 20.6891 0.530525 1.2 1 0 0
1 15421 -15.5981 -57.6462 19.3397 1.01466 1.2 1 0 0
1 15422 -15.7075 -60.794 20.0676 1.37986 1.2 1 0 0
1 15423 -13.5419 -57.7338 20.7846 1.5 1.2 1 0 0
1 15424 -14.0163 -59.9639 21.604 0.883299 1.2 1 0 0
1 15425 -12.9861 -59.7133 22.4513 0.473932 1.2 1 0 0
1 15426 -11.6147 -57.1417 19.1653 1.00888 1.2 1 0 0
1 15427 -13.2273 -58.4886 17.7282 1.5 1.2 1 0 0
1 15428 -11.5039 -55.2979 20.5067 1.09345 1.2 1 0 0
1 15429 -13.9963 -51.1432 18.5254 1.5 1.2 1 0 0
1 15430 -13.6874 -53.6074 22.0823 1.5 1.2 1 0 0
1 15431 -14.7142 -55.4253 20.5462 1.09201 1.2 1 0 0
1 15432 -13.5107 -55.1675 21.1986 0.301013 1.2 1 0 0
1 15433 -15.1428 -53.8959 20.6951 0.503175 1.2 1 0 0
1 15434 -12.929 -53.7051 19.3493 1.33652 1.2 1 0 0
1 15435 -13.0981 -56.1573 19.1414 0.771217 1.2 1 0 0
1 15436 -12.514 -56.4563 18.1861 0.354562 1.2 1 0 0
1 15437 -8.47229 -56.9868 21.8738 0.399266 1.2 1 0 0
1 15438 -9.40258 -58.5807 22.5539 -0.00151551 1.2 1 0 0
1 15439 -9.95114 -57.0269 20.6579 0.664742 1.2 1 0 0
1 15440 -15.3761 -56.0537 22.9842 1.47502 1.2 1 0 0
1 15441 -9.86312 -54.5939 23.7867 0.62502 1.2 1 0 0
1 15442 -10.6463 -54.9099 24.9023 0.704284 1.2 1 0 0
1 15443 -12.6238 -58.0658 22.9883 0.910287 1.2 1 0 0
1 15444 -11.3785 -56.5422 15.6757 0.842933 1.2 1 0 0
1 15445 -11.2282 -57.3259 17.226 0.866565 1.2 1 0 0
1 15449 -14.9353 -54.9013 15.568 0.869281 1.2 1 0 0
1 15450 -14.8109 -55.3415 17.8927 1.5 1.2 1 0 0
1 15451 -14.5918 -53.7395 16.0786 0.445494 1.2 1 0 0
1 15452 -14.5111 -52.9336 14.3067 1.5 1.2 1 0 0
1 15460 -8.5473 -51.6047 24.9774 1.5 1.2 1 0 0
1 15469 -14.1395 -50.9611 25.4155 1.29937 1.2 1 0 0
1 15473 -15.7579 -52.8797 24.176 1.5 1.2 1 0 0
1 15492 -11.9649 -52.1094 22.3179 0.705976 1.2 1 0 0
1 15497 -0.433694 -57.4364 16.7709 0.318618 1.2 1 0 0
1 15498 -2.68357 -57.1544 16.2515 0.612472 1.2 1 0 0
1 15499 -2.27305 -55.3616 17.4414 1.5 1.2 1 0 0
1 15500 -3.00768 -56.7369 18.9004 0.607634 1.2 1 0 0
1 15501 -1.9915 -56.9878 19.9876 0.79911 1.2 1 0 0
1 15502 -3.405 -58.4573 17.7496 1.5 1.2 1 0 0
1 15503 -1.62913 -57.2588 18.473 0.753518 1.2 1 0 0
1 15504 -2.50348 -59.8418 15.3648 1.01478 1.2 1 0 0
1 15505 -4.98434 -58.0103 16.1804 0.717537 1.2 1 0 0
1 15506 -4.8636 -60.6957 16.0096 1.5 1.2 1 0 0
1 15507 -9.16324 -60.7071 19.9274 -0.0187364 1.2 1 0 0
1 15508 -8.81559 -58.2925 18.6527 0.0124033 1.2 1 0 0
1 15509 -9.50874 -62.7201 16.4631 0.463702 1.2 1 0 0
1 15510 -9.36316 -60.8628 16.4167 0.556075 1.2 1 0 0
1 15511 -5.84843 -62.7739 17.3178 0.254404 1.2 1 0 0
1 15512 -7.83614 -63.0195 16.6816 0.221265 1.2 1 0 0
1 15513 -6.60711 -62.7778 15.963 1.14478 1.2 1 0 0
1 15514 -2.67397 -57.8599 20.6929 0.510881 1.2 1 0 0
1 15515 -4.11579 -56.4467 20.6808 1.5 1.2 1 0 0
1 15516 -7.39557 -56.9264 20.4934 0.66274 1.2 1 0 0
1 15518 -8.7044 -56.361 18.9518 1.05946 1.2 1 0 0
1 15519 -5.61489 -59.8149 21.6798 -0.00167624 1.2 1 0 0
1 15520 -4.71869 -58.4484 21.0873 0.555544 1.2 1 0 0
1 15521 -6.32166 -57.7806 18.2509 1.05202 1.2 1 0 0
1 15522 -6.29139 -59.6039 19.0262 -0.00829516 1.2 1 0 0
1 15523 -4.47567 -59.96 18.756 0.556426 1.2 1 0 0
1 15524 -6.07667 -60.5014 14.1829 0.63174 1.2 1 0 0
1 15525 -5.9279 -58.7419 13.7012 1.0343 1.2 1 0 0
1 15526 -5.21142 -57.6773 13.5586 0.255349 1.2 1 0 0
1 15527 -4.60391 -59.7939 14.0528 0.668123 1.2 1 0 0
1 15528 -8.94096 -57.2654 16.5672 1.5 1.2 1 0 0
1 15529 -6.07113 -56.0793 16.2679 1.5 1.2 1 0 0
1 15530 -6.75774 -58.6626 15.8128 1.1995 1.2 1 0 0
1 15531 -7.27992 -57.3228 16.0094 0.251869 1.2 1 0 0
1 15532 -7.92151 -55.7584 13.9152 1.5 1.2 1 0 0
1 15533 -5.83071 -56.8659 14.0296 0.868802 1.2 1 0 0
1 15534 -5.42995 -54.88 14.6074 0.64631 1.2 1 0 0
1 15535 -5.27979 -60.7331 12.2193 1.5 1.2 1 0 0
1 15536 -6.1273 -62.9175 11.6571 0.900611 1.2 1 0 0
1 15537 -8.18939 -59.8619 13.0128 0.332583 1.2 1 0 0
1 15538 -8.60758 -59.549 13.3096 0.249453 1.2 1 0 0
1 15539 -8.67565 -59.571 11.5088 0.437081 1.2 1 0 0
1 15540 -6.83084 -60.0588 12.2749 0.179206 1.2 1 0 0
1 15541 -7.00207 -59.8769 13.1199 0.612323 1.2 1 0 0
1 15542 -7.76255 -60.6957 11.9363 0.99912 1.2 1 0 0
1 15543 -6.91049 -62.0606 9.74505 1.33631 1.2 1 0 0
1 15544 -6.53332 -60.4695 10.6413 0.52801 1.2 1 0 0
1 15545 -6.98817 -61.9521 12.1884 0.497769 1.2 1 0 0
1 15546 -9.00955 -64.449 10.3861 0.56614 1.2 1 0 0
1 15547 -10.9256 -63.369 10.9332 0.324377 1.2 1 0 0
1 15548 -10.7377 -64.0453 9.62316 1.15969 1.2 1 0 0
1 15549 -13.4188 -61.1515 9.85625 1.01123 1.2 1 0 0
1 15550 -13.3112 -63.6692 10.1795 1.5 1.2 1 0 0
1 15551 -13.7628 -64.759 8.4805 0.568367 1.2 1 0 0
1 15552 -11.4571 -64.4397 12.5313 1.5 1.2 1 0 0
1 15553 -12.822 -62.7056 11.9185 0.547497 1.2 1 0 0
1 15554 -12.5831 -65.6799 13.4612 0.413004 1.2 1 0 0
1 15555 -13.6498 -65.6305 11.5324 0.906573 1.2 1 0 0
1 15556 -12.9913 -65.7066 10.2233 0.560713 1.2 1 0 0
1 15557 -7.32882 -63.2143 13.5728 1.37607 1.2 1 0 0
1 15558 -9.05798 -64.4197 12.9625 0.818323 1.2 1 0 0
1 15559 -9.90688 -63.2027 13.4015 0.665735 1.2 1 0 0
1 15560 -9.03207 -62.7816 13.1922 0.321356 1.2 1 0 0
1 15561 -9.86721 -60.0566 12.6306 1.2689 1.2 1 0 0
1 15562 -10.6804 -61.8969 13.3233 0.853544 1.2 1 0 0
1 15563 -8.32997 -62.5587 15.7466 0.581141 1.2 1 0 0
1 15564 -9.68511 -62.333 14.5136 0.758113 1.2 1 0 0
1 15565 -8.90072 -63.9624 15.222 1.02194 1.2 1 0 0
1 15566 -9.29335 -62.6674 11.3933 1.5 1.2 1 0 0
1 15567 -9.08953 -61.9013 13.3013 0.566148 1.2 1 0 0
1 15568 -6.56607 -61.2474 7.8775 0.728187 1.2 1 0 0
1 15569 -8.58277 -63.5252 9.3222 0.851653 1.2 1 0 0
1 15570 -7.67824 -62.9714 8.46192 0.414532 1.2 1 0 0
1 15571 -9.83589 -58.9007 10.8242 0.740142 1.2 1 0 0
1 15572 -10.3331 -58.2979 8.97905 1.23681 1.2 1 0 0
1 15573 -7.8438 -59.166 9.80699 1.5 1.2 1 0 0
1 15574 -11.028 -60.6958 10.0625 1.43133 1.2 1 0 0
1 15575 -9.2531 -60.5143 9.44765 0.455832 1.2 1 0 0
1 15576 -8.82169 -61.3862 7.73701 1.5 1.2 1 0 0
1 15577 -9.70381 -61.9933 5.9826 0.549659 1.2 1 0 0
1 15578 -15.4836 -64.1655 9.56147 0.658182 1.2 1 0 0
1 15579 -17.7684 -62.9853 9.79681 1.5 1.2 1 0 0
1 15580 -16.2738 -61.2912 10.5316 0.875661 1.2 1 0 0
1 15581 -15.8381 -63.285 10.8886 0.590559 1.2 1 0 0
1 15582 -18.3752 -65.021 13.9725 1.30092 1.2 1 0 0
1 15583 -19.3121 -65.5755 11.3919 1.5 1.2 1 0 0
1 15584 -18.3918 -66.9349 12.1518 0.308999 1.2 1 0 0
1 15585 -19.8987 -65.9686 13.3579 0.588945 1.2 1 0 0
1 15586 -19.3334 -63.1927 11.6984 0.896244 1.2 1 0 0
1 15587 -16.9841 -63.3014 12.6028 1.0414 1.2 1 0 0
1 15588 -17.228 -65.1318 12.6594 0.326537 1.2 1 0 0
1 15589 -17.5109 -64.5551 12.6593 0.315835 1.2 1 0 0
1 15590 -16.0258 -65.3265 11.2981 1.5 1.2 1 0 0
1 15591 -17.8515 -65.1013 9.93569 0.615891 1.2 1 0 0
1 15592 -17.0406 -64.6245 9.98218 0.303067 1.2 1 0 0
1 15593 -22.3085 -59.8685 10.7786 0.568262 1.2 1 0 0
1 15594 -22.8 -60.483 11.4124 0.349347 1.2 1 0 0
1 15595 -20.1529 -59.6906 11.3418 0.545904 1.2 1 0 0
1 15596 -20.2661 -59.3469 7.34992 0.611632 1.2 1 0 0
1 15597 -22.7897 -63.6509 13.5767 1.5 1.2 1 0 0
1 15598 -23.8604 -63.6854 15.2189 0.460688 1.2 1 0 0
1 15599 -20.6144 -64.876 14.1374 0.93083 1.2 1 0 0
1 15600 -21.9294 -65.3592 14.0532 0.471111 1.2 1 0 0
1 15601 -21.3039 -62.707 12.4967 0.56269 1.2 1 0 0
1 15602 -19.8635 -62.5566 13.9655 1.5 1.2 1 0 0
1 15603 -16.6398 -65.7911 8.56579 1.33874 1.2 1 0 0
1 15604 -17.8225 -65.2837 7.44492 0.367869 1.2 1 0 0
1 15605 -18.2601 -64.7408 8.81227 0.571199 1.2 1 0 0
1 15606 -18.1075 -63.7658 7.25945 1.17359 1.2 1 0 0
1 15607 -19.4524 -67.7037 10.0018 0.503724 1.2 1 0 0
1 15608 -20.8154 -66.8541 11.8605 0.526445 1.2 1 0 0
1 15609 -20.6137 -68.207 8.27647 0.8801 1.2 1 0 0
1 15610 -19.6456 -64.4077 9.38118 0.848958 1.2 1 0 0
1 15611 -20.5593 -64.6562 10.2441 0.428152 1.2 1 0 0
1 15612 -20.0551 -62.883 8.10644 1.12484 1.2 1 0 0
1 15613 -17.5362 -67.4359 7.67741 0.71944 1.2 1 0 0
1 15614 -18.1713 -67.0583 9.79861 0.928473 1.2 1 0 0
1 15615 -17.748 -68.077 6.38538 0.738371 1.2 1 0 0
1 15616 -11.999 -60.6957 14.4116 0.419147 1.2 1 0 0
1 15617 -13.6481 -59.1004 13.7648 0.768148 1.2 1 0 0
1 15618 -13.6515 -62.6665 15.0012 0.486307 1.2 1 0 0
1 15619 -13.481 -62.4505 16.1978 0.524591 1.2 1 0 0
1 15620 -13.3919 -63.5954 14.4889 0.362407 1.2 1 0 0
1 15621 -12.4704 -62.2969 16.8048 0.422329 1.2 1 0 0
1 15622 -14.6486 -60.4579 12.5753 0.594064 1.2 1 0 0
1 15623 -14.784 -62.1239 11.8671 1.22124 1.2 1 0 0
1 15624 -14.33 -61.5908 13.5966 0.644615 1.2 1 0 0
1 15625 -13.3346 -62.969 13.3185 0.959428 1.2 1 0 0
1 15626 -15.6789 -56.9986 16.2383 0.997348 1.2 1 0 0
1 15627 -14.6175 -58.8772 15.8101 0.77965 1.2 1 0 0
1 15628 -16.3823 -57.3271 14.5849 0.784498 1.2 1 0 0
1 15629 -16.7153 -57.8309 15.9277 0.367665 1.2 1 0 0
1 15630 -18.3453 -59.4233 13.7479 0.658543 1.2 1 0 0
1 15631 -19.9541 -59.604 15.3679 0.240528 1.2 1 0 0
1 15632 -17.8331 -58.3011 14.6732 0.87394 1.2 1 0 0
1 15633 -17.9374 -60.9518 15.1516 1.27188 1.2 1 0 0
1 15634 -16.3089 -59.1605 17.3355 1.5 1.2 1 0 0
1 15635 -17.8349 -60.1083 17.4086 0.293863 1.2 1 0 0
1 15636 -15.8823 -59.4815 14.0123 1.5 1.2 1 0 0
1 15637 -16.5219 -60.2327 12.4417 0.327265 1.2 1 0 0
1 15638 -14.035 -63.9334 16.5026 1.08737 1.2 1 0 0
1 15639 -15.2293 -64.9012 15.5975 0.696186 1.2 1 0 0
1 15640 -15.5969 -62.9309 14.6998 1.5 1.2 1 0 0
1 15641 -17.9713 -61.5562 18.4589 1.5 1.2 1 0 0
1 15642 -18.4178 -63.5119 16.266 1.35963 1.2 1 0 0
1 15643 -15.9914 -63.2706 17.3656 1.15129 1.2 1 0 0
1 15644 -17.2213 -62.2403 16.7386 0.449142 1.2 1 0 0
1 15645 -15.4932 -62.661 19.0526 0.682197 1.2 1 0 0
1 15646 -14.8204 -65.0882 12.6593 0.333684 1.2 1 0 0
1 15647 -16.1138 -65.3126 13.9809 0.979131 1.2 1 0 0
1 15648 -13.9559 -64.9544 13.9302 1.20895 1.2 1 0 0
1 15649 -14.3211 -59.552 12.9075 0.410633 1.2 1 0 0
1 15650 -16.3502 -55.4345 11.5852 0.560361 1.2 1 0 0
1 15651 -17.4665 -55.0625 12.0359 0.639318 1.2 1 0 0
1 15652 -13.6535 -57.061 14.7578 1.5 1.2 1 0 0
1 15653 -14.1177 -55.3415 11.2301 1.5 1.2 1 0 0
1 15654 -14.8013 -54.0832 12.6682 0.522014 1.2 1 0 0
1 15655 -16.0101 -55.3415 13.549 1.4314 1.2 1 0 0
1 15656 -15.8389 -53.8861 11.8249 0.829491 1.2 1 0 0
1 15657 -14.1117 -63.3728 5.22687 0.595508 1.2 1 0 0
1 15658 -15.0733 -62.6332 5.10686 0.564321 1.2 1 0 0
1 15659 -15.5863 -63.2877 3.43082 1.30247 1.2 1 0 0
1 15660 -15.5051 -64.0018 6.66004 1.5 1.2 1 0 0
1 15661 -14.4468 -67.2449 3.7943 0.836039 1.2 1 0 0
1 15662 -13.8936 -65.1383 4.26758 1.31036 1.2 1 0 0
1 15663 -16.736 -56.6084 3.94204 0.916339 1.2 1 0 0
1 15664 -16.2248 -55.2657 2.98613 0.600943 1.2 1 0 0
1 15665 -19.9301 -55.1521 7.39166 0.270873 1.2 1 0 0
1 15666 -19.7191 -55.8507 5.35903 1.5 1.2 1 0 0
1 15667 -18.7479 -54.9272 8.43951 0.68251 1.2 1 0 0
1 15668 -17.3218 -53.5997 4.03964 1.5 1.2 1 0 0
1 15669 -19.3219 -52.3709 5.09319 0.839439 1.2 1 0 0
1 15670 -14.5012 -55.3336 8.63374 1.0634 1.2 1 0 0
1 15671 -17.9373 -58.8711 9.50123 1.14264 1.2 1 0 0
1 15672 -16.2347 -57.8534 8.29672 0.575733 1.2 1 0 0
1 15673 -15.5053 -59.7221 8.91412 1.5 1.2 1 0 0
1 15674 -16.7941 -57.9911 5.45174 1.11786 1.2 1 0 0
1 15675 -17.3475 -59.4804 5.00305 0.492156 1.2 1 0 0
1 15676 -10.7684 -62.3453 3.30581 0.622876 1.2 1 0 0
1 15677 -14.8115 -59.1351 4.83734 0.420839 1.2 1 0 0
1 15678 -12.9979 -59.7295 4.36013 1.31936 1.2 1 0 0
1 22034 -3.45784 -51.0732 25.6753 1.21522 1.2 1 0 0
1 22172 7.6734 -50.9882 27.2119 1.44674 1.2 1 0 0
1 22242 0.61198 -52.2833 13.9741 0.78982 1.2 1 0 0
1 22244 4.29856 -52.8009 17.2275 1.3764 1.2 1 0 0
1 22245 3.14064 -54.3282 14.1204 1.36912 1.2 1 0 0
1 22246 1.44706 -53.5156 13.7488 0.542392 1.2 1 0 0
1 22249 8.00192 -56.1818 14.8597 1.5 1.2 1 0 0
1 22255 4.30097 -54.7543 16.1291 0.853621 1.2 1 0 0
1 22256 5.30479 -55.8306 14.7616 0.861713 1.2 1 0 0
1 22259 7.14767 -53.6454 17.6732 1.14927 1.2 1 0 0
1 22269 1.50573 -52.1187 21.8498 0.731739 1.2 1 0 0
1 22273 0.921625 -54.7124 17.5172 0.603896 1.2 1 0 0
1 22274 1.95194 -52.0397 16.8752 1.11561 1.2 1 0 0
1 22275 2.63097 -52.6065 18.4723 0.710088 1.2 1 0 0
1 22276 -0.293561 -51.2799 18.0135 1.5 1.2 1 0 0
1 22278 0.563039 -53.9543 15.5776 1.5 1.2 1 0 0
1 23001 6.71037 -55.9258 9.73483 0.959116 1.2 1 0 0
1 23052 6.59637 -54.1497 7.82187 0.877793 1.2 1 0 0
1 23962 -3.18581 -51.6771 1.9486 1.00513 1.2 1 0 0
1 24197 -13.1541 -58.2692 1.95086 1.5 1.2 1 0 0
1 24354 -9.68846 -51.9225 0.846867 1.5 1.2 1 0 0
1 24376 -10.3641 -55.0794 0.876163 1.5 1.2 1 0 0
1 24377 -10.8136 -57.2365 2.08229 1.01199 1.2 1 0 0
1 24378 -11.7572 -54.9714 2.60685 0.701035 1.2 1 0 0
1 24379 -12.1603 -56.3887 2.46495 0.586262 1.2 1 0 0
1 24380 -10.7576 -54.0567 2.65008 0.58314 1.2 1 0 0
1 24381 -9.33021 -54.1294 2.43502 0.597993 1.2 1 0 0
1 24388 -11.566 -52.1882 2.33164 0.788321 1.2 1 0 0
1 24686 -16.3657 -66.0499 3.18801 1.5 1.2 1 0 0
1 24692 -19.3422 -65.6161 3.47129 1.4913 1.2 1 0 0
1 24698 -15.772 -60.8109 1.65635 1.26449 1.2 1 0 0
1 24699 -17.8822 -63.5053 1.8374 1.5 1.2 1 0 0
1 24701 -19.2164 -61.4015 3.01568 1.21863 1.2 1 0 0
1 24702 -14.3945 -68.004 1.54966 1.49658 1.2 1 0 0
1 24709 -21.7471 -66.9977 1.01203 1.5 1.2 1 0 0
1 24714 -17.449 -70.4909 3.0502 0.561743 1.2 1 0 0
1 24715 -15.7294 -70.4614 2.86859 0.653812 1.2 1 0 0
1 24716 -18.3392 -71.474 2.20249 0.985236 1.2 1 0 0
1 24717 -16.6961 -71.3284 2.53675 0.638844 1.2 1 0 0
1 24718 -19.1029 -68.026 1.62039 1.14561 1.2 1 0 0
1 24720 -17.9373 -70.9047 3.87916 0.479199 1.2 1 0 0
1 24722 -17.181 -69.9936 4.6334 0.273759 1.2 1 0 0
1 24723 -17.2015 -67.3631 4.42115 0.485844 1.2 1 0 0
1 24724 -17.408 -67.7765 2.2994 0.677411 1.2 1 0 0
1 24732 -20.5026 -70.4701 1.50372 1.5 1.2 1 0 0
1 24759 -21.2785 -58.6953 1.6668 1.48558 1.2 1 0 0
1 24761 -18.2774 -58.7146 3.3992 1.5 1.2 1 0 0
1 24856 -26.0846 -61.339 0.908606 1.5 1.2 1 0 0
1 24893 -19.4392 -66.6158 5.573 0.838076 1.2 1 0 0
1 24894 -18.8087 -65.8125 5.55984 0.176041 1.2 1 0 0
1 24895 -19.9254 -63.3728 3.30851 0.75172 1.2 1 0 0
1 24896 -20.1326 -64.4095 4.78051 0.456705 1.2 1 0 0
1 24897 -21.5723 -64.7041 8.32737 1.18362 1.2 1 0 0
1 24898 -22.9396 -65.4224 8.86255 0.450986 1.2 1 0 0
1 24899 -21.129 -60.9861 7.09004 1.25888 1.2 1 0 0
1 24900 -21.9657 -62.1872 8.34397 0.668596 1.2 1 0 0
1 24901 -22.4278 -61.795 7.52114 0.330891 1.2 1 0 0
1 24911 -21.7871 -68.3801 9.01503 0.508576 1.2 1 0 0
1 24912 -22.7914 -67.0985 7.82627 1.5 1.2 1 0 0
1 24913 -22.9445 -67.6416 9.90986 0.601697 1.2 1 0 0
1 24914 -22.5009 -68.2827 9.49136 0.283229 1.2 1 0 0
1 24915 -26.577 -66.2409 8.50562 1.42092 1.2 1 0 0
1 24917 -24.6728 -67.3161 9.25482 0.872278 1.2 1 0 0
1 24918 -24.3807 -65.2492 8.53268 0.980224 1.2 1 0 0
1 24919 -25.0352 -65.599 3.78972 0.687211 1.2 1 0 0
1 24920 -24.952 -64.3747 5.17794 1.04673 1.2 1 0 0
1 24921 -25.5251 -66.8321 5.64035 1.5 1.2 1 0 0
1 24924 -24.9362 -67.9757 3.58056 0.819476 1.2 1 0 0
1 24927 -23.0446 -58.6316 2.94497 0.607254 1.2 1 0 0
1 24928 -22.4698 -59.9256 4.83445 0.383649 1.2 1 0 0
1 24929 -21.6342 -59.691 6.09628 0.446781 1.2 1 0 0
1 24930 -21.3368 -58.4333 4.64029 1.5 1.2 1 0 0
1 24934 -24.9457 -61.7843 2.64441 0.623335 1.2 1 0 0
1 24935 -24.3481 -64.3269 3.06077 0.918193 1.2 1 0 0
1 24937 -21.5586 -62.7693 4.32656 0.69581 1.2 1 0 0
1 24938 -22.0943 -62.2946 5.01819 0.299041 1.2 1 0 0
1 24939 -22.7088 -61.5899 6.34857 0.565748 1.2 1 0 0
1 24940 -21.6598 -61.0703 4.94252 0.938715 1.2 1 0 0
1 24941 -23.4515 -60.7469 1.68583 1.27305 1.2 1 0 0
1 24942 -24.1104 -63.034 1.53447 1.09615 1.2 1 0 0
1 24945 -18.5061 -67.6024 5.52498 0.502682 1.2 1 0 0
1 24946 -19.572 -67.7262 4.97746 0.416325 1.2 1 0 0
1 24947 -18.3684 -67.0269 4.62435 0.57463 1.2 1 0 0
1 24948 -21.4237 -67.4801 4.53941 1.5 1.2 1 0 0
1 24949 -20.5195 -67.7271 2.63413 0.621755 1.2 1 0 0
1 24950 -19.6492 -68.4852 6.44602 1.20712 1.2 1 0 0
1 24951 -21.3217 -67.8226 6.63609 0.525049 1.2 1 0 0
1 24952 -18.5339 -69.023 4.02202 1.5 1.2 1 0 0
1 24953 -20.1202 -70.0143 5.29488 0.762593 1.2 1 0 0
1 24954 -19.6035 -71.1122 3.61451 0.882264 1.2 1 0 0
1 24956 -23.5859 -66.5888 3.288 1.13818 1.2 1 0 0
1 24960 -23.1685 -68.1988 3.69202 0.566721 1.2 1 0 0
1 24961 -21.5793 -68.7193 2.58604 0.818531 1.2 1 0 0
1 24962 -22.6908 -67.9018 2.63226 0.562067 1.2 1 0 0
1 24963 -22.692 -68.3791 6.27203 0.486028 1.2 1 0 0
1 24964 -23.0703 -70.7379 4.83077 0.434281 1.2 1 0 0
1 24965 -22.5085 -71.3748 2.80355 0.466159 1.2 1 0 0
1 24969 -24.8151 -70.7787 3.62119 0.513869 1.2 1 0 0
1 25246 -22.9122 -60.0585 8.49563 0.814307 1.2 1 0 0
1 25247 -21.9122 -59.2209 7.53051 0.682073 1.2 1 0 0
1 25250 -25.0855 -57.9646 8.92115 0.663945 1.2 1 0 0
1 25251 -24.0978 -59.3942 8.45002 0.443306 1.2 1 0 0
1 25252 -23.2919 -58.074 8.28444 1.10937 1.2 1 0 0
1 25263 -25.5441 -65.1466 11.7904 0.96929 1.2 1 0 0
1 25269 -23.9745 -63.6531 9.57703 0.850561 1.2 1 0 0
1 25270 -22.976 -62.5462 9.18306 0.57566 1.2 1 0 0
1 25271 -25.5273 -60.6957 8.64809 1.5 1.2 1 0 0
1 25273 -24.719 -62.4312 9.47029 0.579846 1.2 1 0 0
1 25274 -25.8324 -63.3465 8.60246 1.10174 1.2 1 0 0
1 25277 -24.5484 -61.4739 7.08596 0.478206 1.2 1 0 0
1 25286 -26.1023 -56.6519 9.82277 1.22551 1.2 1 0 0
1 25287 -26.4844 -57.6232 7.30507 1.5 1.2 1 0 0
1 25294 -25.0099 -59.3668 3.51789 1.5 1.2 1 0 0
1 25499 -21.1437 -52.4113 5.93266 0.675401 1.2 1 0 0
1 25500 -21.6435 -54.0233 6.21874 0.851317 1.2 1 0 0
1 25501 -20.5616 -53.5914 5.33563 0.610525 1.2 1 0 0
1 25502 -21.3569 -54.8144 4.15797 0.771021 1.2 1 0 0
1 25503 -21.5782 -56.287 4.1347 0.718231 1.2 1 0 0
1 25506 -24.6716 -53.4663 5.38056 0.840823 1.2 1 0 0
1 25513 -26.3257 -56.4905 3.69141 1.5 1.2 1 0 0
1 25514 -24.7426 -55.0247 3.67284 0.657543 1.2 1 0 0
1 25516 -21.7149 -56.2459 6.34071 0.590396 1.2 1 0 0
1 25517 -22.8334 -57.4921 6.23919 0.850224 1.2 1 0 0
1 25518 -22.4599 -57.1272 7.36708 0.392675 1.2 1 0 0
1 25519 -24.682 -56.8947 8.18108 0.632305 1.2 1 0 0
1 25520 -24.9686 -55.3966 7.2775 1.13229 1.2 1 0 0
1 25521 -23.3202 -56.3749 7.27719 0.745964 1.2 1 0 0
1 25522 -23.1731 -54.8489 7.40188 0.686814 1.2 1 0 0
1 25523 -23.0359 -57.3112 4.98861 0.429512 1.2 1 0 0
1 25524 -23.4906 -58.318 4.7333 0.63899 1.2 1 0 0
1 25526 -24.4359 -56.8729 4.23788 0.504054 1.2 1 0 0
1 25528 -23.1975 -57.2494 3.60989 0.93422 1.2 1 0 0
1 25529 -24.5734 -57.3435 3.09915 0.536402 1.2 1 0 0
1 25530 -25.5777 -53.042 3.25692 1.5 1.2 1 0 0
1 25552 -23.8101 -52.3307 5.00154 0.622848 1.2 1 0 0
1 25567 -23.2915 -52.565 7.05521 1.5 1.2 1 0 0
1 25573 -25.4345 -53.7268 8.40886 0.91105 1.2 1 0 0
1 25575 -24.0624 -54.1227 8.23158 0.528046 1.2 1 0 0
1 25579 -26.5397 -50.6735 7.85966 1.5 1.2 1 0 0
1 25585 -26.7677 -53.6799 6.40046 1.5 1.2 1 0 0
1 25854 -19.2825 -50.7838 3.37486 1.5 1.2 1 0 0
1 25856 -19.3418 -53.1223 2.45804 1.0125 1.2 1 0 0
1 25875 -24.808 -50.5954 1.52854 1.5 1.2 1 0 0
1 25883 -23.279 -54.5808 2.68704 1.14202 1.2 1 0 0
1 25886 -26.5069 -55.6127 0.945634 1.38646 1.2 1 0 0
1 25892 -23.6819 -52.153 2.59348 0.696506 1.2 1 0 0
1 25926 -16.2558 -56.6155 1.95086 0.900347 1.2 1 0 0
1 25927 -18.5929 -57.4109 0.712822 1.5 1.2 1 0 0
1 25947 -17.9375 -55.687 2.57916 1.1208 1.2 1 0 0
1 25948 -18.7281 -56.8202 3.31957 0.446829 1.2 1 0 0
1 25949 -20.5233 -55.3835 2.07598 1.5 1.2 1 0 0
1 25950 -21.7529 -56.981 2.92556 0.686669 1.2 1 0 0
1 26038 -0.542467 -52.1726 8.64591 0.624906 1.2 1 0 0
1 26041 -1.4363 -53.1533 10.78 0.672794 1.2 1 0 0
1 26044 -1.83943 -52.4873 6.4879 0.479056 1.2 1 0 0
1 26046 -0.620185 -54.4325 7.4782 0.399202 1.2 1 0 0
1 26047 -0.994923 -55.1512 7.66104 0.342766 1.2 1 0 0
1 26048 -3.4115 -60.4357 10.9075 0.802141 1.2 1 0 0
1 26049 -2.46815 -59.1263 10.3943 0.704732 1.2 1 0 0
1 26050 -5.49117 -54.5427 10.4085 0.658805 1.2 1 0 0
1 26051 -5.00631 -55.6991 9.70658 0.778132 1.2 1 0 0
1 26052 -6.42969 -53.0903 11.7053 1.5 1.2 1 0 0
1 26053 -6.39252 -54.4173 13.3672 0.602677 1.2 1 0 0
1 26054 -6.61314 -56.8621 12.7726 0.558083 1.2 1 0 0
1 26055 -5.45035 -57.4511 12.5439 0.762234 1.2 1 0 0
1 26056 -3.64919 -57.5943 8.23981 0.985046 1.2 1 0 0
1 26057 -4.97537 -57.391 8.40528 0.366793 1.2 1 0 0
1 26058 -5.92343 -58.947 7.54193 1.44832 1.2 1 0 0
1 26059 -5.59512 -60.6957 8.10907 0.412292 1.2 1 0 0
1 26060 -1.0857 -54.8566 10.8606 0.610594 1.2 1 0 0
1 26061 -1.9078 -55.8199 10.6134 0.296645 1.2 1 0 0
1 26062 -1.35392 -56.4772 12.1911 1.5 1.2 1 0 0
1 26063 1.56671 -54.7384 11.015 0.544805 1.2 1 0 0
1 26064 1.04049 -55.3415 13.3458 0.88381 1.2 1 0 0
1 26065 -0.769197 -57.2585 10.4985 0.453812 1.2 1 0 0
1 26066 -0.56701 -56.1386 10.0362 0.578797 1.2 1 0 0
1 26067 -2.09051 -56.8896 9.62508 1.16229 1.2 1 0 0
1 26068 -3.17801 -54.7169 11.9642 0.236434 1.2 1 0 0
1 26069 -2.5891 -54.8013 12.5793 0.617815 1.2 1 0 0
1 26070 0.586166 -54.2352 13.7293 0.367656 1.2 1 0 0
1 26071 0.326193 -53.4782 12.0418 1.5 1.2 1 0 0
1 26072 -0.644991 -54.849 13.7431 0.858449 1.2 1 0 0
1 26073 -1.09531 -52.5381 14.5997 0.88999 1.2 1 0 0
1 26074 -1.01043 -52.1086 13.0812 0.677788 1.2 1 0 0
1 26075 -1.46388 -52.6644 12.155 0.402228 1.2 1 0 0
1 26076 -1.87209 -53.5094 13.1383 0.956766 1.2 1 0 0
1 26077 -1.63769 -54.1951 11.7264 0.610815 1.2 1 0 0
1 26078 -0.071535 -57.6504 13.45 0.304221 1.2 1 0 0
1 26079 -1.29734 -59.7422 13.1396 0.191252 1.2 1 0 0
1 26080 -1.16742 -59.506 12.8956 0.150023 1.2 1 0 0
1 26081 -2.80068 -56.245 7.61643 0.622711 1.2 1 0 0
1 26082 -3.54228 -54.8154 5.37379 0.556922 1.2 1 0 0
1 26083 -3.65939 -55.3388 8.45493 0.529154 1.2 1 0 0
1 26084 -2.40017 -57.0865 8.14091 0.366572 1.2 1 0 0
1 26085 -4.63062 -57.7321 6.60665 0.557211 1.2 1 0 0
1 26086 -5.85112 -57.4871 5.68877 0.801962 1.2 1 0 0
1 26087 -7.13927 -56.8521 4.08583 1.35025 1.2 1 0 0
1 26088 -6.7196 -55.2037 4.55094 0.377289 1.2 1 0 0
1 26089 -6.18088 -53.4496 6.75542 1.15916 1.2 1 0 0
1 26090 -4.46866 -52.2726 7.55357 0.782443 1.2 1 0 0
1 26091 -5.52577 -52.2905 5.25912 0.57584 1.2 1 0 0
1 26118 -17.0729 -52.1036 7.1592 0.826987 1.2 1 0 0
1 26120 -16.4063 -52.6641 8.71984 0.589314 1.2 1 0 0
1 26123 -17.5092 -51.5447 5.40089 0.972088 1.2 1 0 0
1 26145 -2.36805 -51.0514 11.7087 1.5 1.2 1 0 0
1 26190 -10.2828 -56.6492 11.1629 1.5 1.2 1 0 0
1 26191 -9.79225 -54.6745 10.658 0.585579 1.2 1 0 0
1 26192 -12.3423 -54.9443 10.0828 0.650821 1.2 1 0 0
1 26193 -11.2105 -54.3162 9.66995 0.696563 1.2 1 0 0
1 26194 -10.9378 -55.1364 10.2885 0.366065 1.2 1 0 0
1 26195 -10.4409 -55.2444 9.32175 0.557229 1.2 1 0 0
1 26196 -9.94972 -55.3202 12.8973 0.710287 1.2 1 0 0
1 26197 -9.54955 -54.3584 13.4427 0.445777 1.2 1 0 0
1 26198 -8.82366 -54.1411 12.0806 1.1068 1.2 1 0 0
1 26199 -8.85176 -54.3269 13.418 0.243778 1.2 1 0 0
1 26200 -8.62604 -52.9431 14.3045 1.36721 1.2 1 0 0
1 26201 -8.49316 -57.6355 10.9042 0.491907 1.2 1 0 0
1 26202 -8.47588 -56.6302 11.9436 0.468087 1.2 1 0 0
1 26203 -6.90766 -52.7274 9.71523 0.419413 1.2 1 0 0
1 26204 -7.78272 -52.1989 10.2096 0.696318 1.2 1 0 0
1 26205 -10.529 -52.0905 10.486 0.704582 1.2 1 0 0
1 26210 -14.6162 -53.3014 10.272 0.760535 1.2 1 0 0
1 26213 -15.9822 -52.6644 10.5339 0.651706 1.2 1 0 0
1 26220 -14.2435 -52.9773 11.9339 0.888204 1.2 1 0 0
1 26221 -10.552 -52.6644 13.6448 0.526556 1.2 1 0 0
1 26223 -8.43256 -52.6033 5.60614 0.520697 1.2 1 0 0
1 26224 -7.27976 -53.2319 4.28069 0.653785 1.2 1 0 0
1 26226 -9.22246 -51.4909 6.92499 1.37686 1.2 1 0 0
1 26227 -8.03231 -53.3362 7.30507 0.710989 1.2 1 0 0
1 26230 -11.2924 -54.2314 4.68087 0.483735 1.2 1 0 0
1 26231 -10.696 -54.5583 5.98905 0.990659 1.2 1 0 0
1 26232 -13.9801 -53.9591 5.59438 0.606025 1.2 1 0 0
1 26233 -13.8988 -55.2285 6.45428 0.92935 1.2 1 0 0
1 26234 -12.7556 -54.5095 5.7201 0.607781 1.2 1 0 0
1 26235 -11.973 -55.4639 7.95928 1.5 1.2 1 0 0
1 26236 -11.8417 -54.9997 5.83378 0.246906 1.2 1 0 0
1 26237 -12.8492 -53.2166 3.98033 1.5 1.2 1 0 0
1 26238 -11.2637 -54.4127 3.60315 0.521547 1.2 1 0 0
1 26239 -13.4253 -54.8723 2.69607 0.588195 1.2 1 0 0
1 26240 -12.0167 -56.0274 4.47766 1.46287 1.2 1 0 0
1 26241 -8.24417 -54.6738 5.55734 1.5 1.2 1 0 0
1 26242 -8.83475 -56.6857 5.14332 0.637343 1.2 1 0 0
1 26243 -8.09057 -58.2086 5.03224 0.557821 1.2 1 0 0
1 26244 -11.2997 -56.2123 6.27697 0.437645 1.2 1 0 0
1 26245 -10.0717 -56.2901 5.88705 0.853096 1.2 1 0 0
1 26246 -10.9257 -57.1632 5.51885 0.417219 1.2 1 0 0
1 26247 -8.49132 -57.5785 7.0669 1.5 1.2 1 0 0
1 26248 -9.69731 -55.3722 7.31684 0.854442 1.2 1 0 0
1 26249 -10.0093 -58.2567 4.23805 1.5 1.2 1 0 0
1 26250 -9.80686 -56.4809 4.7384 0.335291 1.2 1 0 0
1 26251 -9.58309 -55.7042 3.422 1.20946 1.2 1 0 0
1 26254 -12.1268 -52.8219 6.78421 1.3956 1.2 1 0 0
1 26256 -9.80864 -52.6502 3.85867 1.5 1.2 1 0 0
1 26259 -19.8215 -54.7087 19.1463 0.533159 1.2 1 0 0
1 26260 -19.9197 -52.4714 17.3444 0.530872 1.2 1 0 0
1 26261 -17.0541 -57.3238 16.9522 0.509574 1.2 1 0 0
1 26262 -16.2767 -56.9996 17.8516 0.713497 1.2 1 0 0
1 26263 -15.7549 -52.9981 17.0284 1.15721 1.2 1 0 0
1 26266 -17.9026 -52.3398 16.4555 0.811918 1.2 1 0 0
1 26267 -18.967 -59.8009 18.0135 0.566613 1.2 1 0 0
1 26268 -19.9761 -59.2113 18.1477 0.528927 1.2 1 0 0
1 26269 -19.9296 -61.4913 19.2478 0.588159 1.2 1 0 0
1 26270 -19.2802 -60.3559 18.5621 0.273028 1.2 1 0 0
1 26271 -23.1519 -57.5934 19.7264 0.839221 1.2 1 0 0
1 26272 -23.1064 -57.0774 18.3026 0.652317 1.2 1 0 0
1 26273 -22.7601 -57.5472 17.4618 0.343059 1.2 1 0 0
1 26274 -22.4512 -58.0117 17.1105 0.292719 1.2 1 0 0
1 26275 -21.2039 -58.864 16.0423 0.937648 1.2 1 0 0
1 26276 -21.8767 -59.4491 15.0742 0.378489 1.2 1 0 0
1 26277 -22.5151 -60.1994 15.9214 0.86352 1.2 1 0 0
1 26278 -23.105 -61.3346 17.3842 0.801649 1.2 1 0 0
1 26279 -18.9708 -55.6822 19.7061 0.869344 1.2 1 0 0
1 26280 -17.918 -55.0294 20.1924 0.460838 1.2 1 0 0
1 26281 -21.4304 -57.9857 20.5211 1.0848 1.2 1 0 0
1 26282 -23.0377 -56.4872 21.0216 0.779057 1.2 1 0 0
1 26283 -20.3875 -56.9945 22.1244 0.6186 1.2 1 0 0
1 26284 -20.2884 -57.3289 21.1918 0.374664 1.2 1 0 0
1 26285 -17.7785 -55.0601 22.4228 0.153845 1.2 1 0 0
1 26286 -17.3292 -55.1991 22.8318 0.468885 1.2 1 0 0
1 26287 -17.6366 -58.9033 18.9638 0.615519 1.2 1 0 0
1 26288 -17.0603 -59.8688 19.0724 0.513359 1.2 1 0 0
1 26289 -19.4043 -57.8362 19.0185 0.418504 1.2 1 0 0
1 26290 -19.3453 -59.4238 20.0232 1.46126 1.2 1 0 0
1 26291 -17.3276 -59.094 20.6936 0.689838 1.2 1 0 0
1 26292 -17.723 -60.6957 20.6906 0.684998 1.2 1 0 0
1 26293 -18.2067 -56.9877 18.2344 1.24114 1.2 1 0 0
1 26294 -16.9193 -57.6803 18.0135 0.236441 1.2 1 0 0
1 26295 -16.9735 -57.4136 19.2301 0.384558 1.2 1 0 0
1 26296 -19.417 -57.1738 16.6633 0.60125 1.2 1 0 0
1 26297 -19.4449 -57.2682 15.6177 0.437635 1.2 1 0 0
1 26298 -19.2937 -57.8101 17.4241 0.344568 1.2 1 0 0
1 26299 -18.278 -57.5666 16.7393 0.363761 1.2 1 0 0
1 26300 -17.938 -56.0514 15.6722 1.5 1.2 1 0 0
1 26301 -17.4824 -54.977 14.3314 0.275208 1.2 1 0 0
1 26302 -20.805 -54.2979 17.4121 1.5 1.2 1 0 0
1 26303 -21.4183 -52.295 16.6073 0.743441 1.2 1 0 0
1 26304 -22.8445 -56.9968 15.6966 1.49165 1.2 1 0 0
1 26305 -22.4928 -55.8088 17.6627 0.73635 1.2 1 0 0
1 26306 -22.0439 -55.3027 18.953 0.717806 1.2 1 0 0
1 26307 -22.1178 -54.061 18.8435 0.454656 1.2 1 0 0
1 26308 -22.84 -54.4457 18.0135 0.625715 1.2 1 0 0
1 26309 -22.4734 -54.3669 17.309 0.172344 1.2 1 0 0
1 26310 -19.5189 -56.0055 17.1995 0.648239 1.2 1 0 0
1 26311 -19.6485 -55.737 18.4088 0.595327 1.2 1 0 0
1 26312 -19.4354 -54.6644 15.1544 0.605758 1.2 1 0 0
1 26313 -20.0099 -53.3314 15.4261 0.793464 1.2 1 0 0
1 26314 -21.3612 -54.8028 14.2997 1.5 1.2 1 0 0
1 26315 -21.4715 -56.7441 14.0695 0.449947 1.2 1 0 0
1 26316 -18.5 -56.6608 13.6854 0.652199 1.2 1 0 0
1 26317 -22.0237 -57.5591 13.9312 0.498963 1.2 1 0 0
1 26318 -20.0812 -56.5907 12.9571 0.33276 1.2 1 0 0
1 26319 -24.0049 -57.2884 13.1341 0.689787 1.2 1 0 0
1 26320 -22.9722 -57.4079 13.7733 0.474385 1.2 1 0 0
1 26321 -24.8163 -60.9801 13.4031 0.740288 1.2 1 0 0
1 26323 -24.0851 -58.639 15.7895 0.526625 1.2 1 0 0
1 26324 -24.1823 -59.7486 15.8025 0.587247 1.2 1 0 0
1 26328 -24.9383 -60.7184 17.0113 0.63375 1.2 1 0 0
1 26331 -24.0038 -56.6031 11.1855 0.540273 1.2 1 0 0
1 26348 -24.7021 -53.436 19.3217 0.668648 1.2 1 0 0
1 26352 -26.278 -52.0759 18.7137 1.5 1.2 1 0 0
1 26356 -25.8088 -52.5991 14.8056 1.4909 1.2 1 0 0
1 26360 -25.8537 -51.9591 12.3833 1.01491 1.2 1 0 0
1 26361 -23.0785 -54.2235 16.1617 1.09571 1.2 1 0 0
1 26362 -23.9806 -54.8605 17.39 0.556072 1.2 1 0 0
1 26363 -24.25 -56.7188 17.4081 0.732779 1.2 1 0 0
1 26364 -24.6605 -57.5482 16.5964 0.498226 1.2 1 0 0
1 26365 -25.4107 -55.3415 15.9308 1.5 1.2 1 0 0
1 26376 -24.6937 -57.7822 19.3325 0.757928 1.2 1 0 0
1 26378 -23.82 -55.4901 14.073 0.927525 1.2 1 0 0
1 26379 -23.9475 -53.74 14.1227 0.796539 1.2 1 0 0
1 26384 -17.853 -51.8408 24.5338 0.865713 1.2 1 0 0
1 26415 -24.5314 -52.2049 21.2506 1.5 1.2 1 0 0
1 26426 -19.7944 -53.5473 23.9965 0.589733 1.2 1 0 0
1 26428 -20.3067 -54.5873 23.172 0.763125 1.2 1 0 0
1 26429 -20.1792 -52.0376 24.0481 0.948252 1.2 1 0 0
1 26436 -22.6258 -53.5557 20.0829 0.97693 1.2 1 0 0
1 26437 -22.2323 -51.6854 20.4849 0.959836 1.2 1 0 0
1 26446 -16.3447 -50.5747 16.1119 1.5 1.2 1 0 0
1 26456 -17.3061 -54.2328 12.8112 0.416465 1.2 1 0 0
1 26457 -20.6786 -52.2238 13.5337 1.22435 1.2 1 0 0
1 26471 -19.276 -55.3415 12.6593 1.18044 1.2 1 0 0
1 26472 -20.6107 -54.8944 10.3068 0.556795 1.2 1 0 0
1 26473 -24.5438 -53.1395 10.5711 1.49907 1.2 1 0 0
1 26474 -24.5449 -55.059 10.8942 0.443834 1.2 1 0 0
1 26475 -23.1616 -54.3303 12.4601 1.117 1.2 1 0 0
1 26476 -22.7331 -55.1614 11.4884 0.231564 1.2 1 0 0
1 26477 -23.7282 -55.5279 11.4246 0.542381 1.2 1 0 0
1 26494 -3.81446 -55.1369 18.9242 0.576646 1.2 1 0 0
1 26495 -3.07009 -53.4165 18.3719 0.704051 1.2 1 0 0
1 26496 -2.25403 -52.5581 16.7345 1.14596 1.2 1 0 0
1 26500 -3.3257 -54.3912 16.2221 0.380497 1.2 1 0 0
1 26501 -1.56656 -53.7712 15.6335 0.630587 1.2 1 0 0
1 26509 -8.19685 -52.0534 20.345 0.718534 1.2 1 0 0
1 26510 -9.30878 -52.6644 20.1796 0.560024 1.2 1 0 0
1 26513 -6.49334 -54.9215 24.965 0.68575 1.2 1 0 0
1 26514 -6.89158 -56.4167 24.0489 0.740792 1.2 1 0 0
1 26515 -5.39602 -54.6053 25.153 0.469383 1.2 1 0 0
1 26516 -8.47133 -55.3428 24.4821 1.08983 1.2 1 0 0
1 26517 -8.95355 -53.3212 23.1462 1.04178 1.2 1 0 0
1 26518 -8.41304 -53.9031 24.3024 0.360844 1.2 1 0 0
1 26519 -6.84544 -54.0605 23.7152 0.765265 1.2 1 0 0
1 26520 -6.60329 -54.8282 23.1739 0.185306 1.2 1 0 0
1 26521 -6.59147 -52.456 22.1167 1.5 1.2 1 0 0
1 26523 -7.05424 -53.7945 20.7861 0.443283 1.2 1 0 0
1 26524 -5.99422 -54.4705 20.6906 0.813963 1.2 1 0 0
1 26535 -10.5595 -52.5259 15.4251 0.66706 1.2 1 0 0
1 26536 -7.56579 -51.8582 16.7396 1.5 1.2 1 0 0
1 26538 -9.67847 -53.7535 15.5427 0.442933 1.2 1 0 0
1 26539 -8.41066 -54.5129 16.4192 1.27527 1.2 1 0 0
1 26540 -12.6388 -59.9297 19.1611 0.578019 1.2 1 0 0
1 26541 -12.3822 -60.3763 18.1127 0.439482 1.2 1 0 0
1 26542 -12.2014 -59.0249 20.9867 0.225967 1.2 1 0 0
1 26543 -13.6269 -61.1099 20.4173 0.59302 1.2 1 0 0
1 26544 -13.5295 -60.4721 19.5122 0.393785 1.2 1 0 0
1 26545 -11.8567 -62.1552 18.6927 -0.00469033 1.2 1 0 0
1 26546 -12.0594 -61.5953 18.2208 0.177945 1.2 1 0 0
1 26547 -15.7447 -58.8609 21.8061 1.17697 1.2 1 0 0
1 26548 -16.9346 -60.0457 21.3781 0.546572 1.2 1 0 0
1 26549 -16.7511 -57.9544 22.2329 0.240205 1.2 1 0 0
1 26550 -17.0367 -57.6144 22.9216 0.579298 1.2 1 0 0
1 26551 -16.2394 -57.5092 22.3102 0.346488 1.2 1 0 0
1 26552 -14.8873 -57.3544 18.0135 0.51792 1.2 1 0 0
1 26553 -14.8588 -59.9287 18.5715 0.545498 1.2 1 0 0
1 26554 -11.7868 -58.7289 19.3366 0.513684 1.2 1 0 0
1 26555 -14.1197 -59.5174 19.5244 0.728683 1.2 1 0 0
1 26556 -11.0023 -52.6627 19.7308 0.870488 1.2 1 0 0
1 26557 -11.6034 -52.5773 18.2655 0.713434 1.2 1 0 0
1 26558 -9.906 -53.9301 21.1709 1.11232 1.2 1 0 0
1 26559 -11.6261 -53.1639 21.2341 0.771753 1.2 1 0 0
1 26560 -10.8217 -55.0571 18.0162 1.5 1.2 1 0 0
1 26561 -9.906 -56.6551 18.0135 0.341727 1.2 1 0 0
1 26563 -12.4008 -51.4961 20.6168 1.15411 1.2 1 0 0
1 26564 -16.0813 -52.0834 20.7903 1.5 1.2 1 0 0
1 26565 -15.0684 -53.3263 19.0744 0.848444 1.2 1 0 0
1 26566 -13.9778 -52.3142 20.3411 0.643783 1.2 1 0 0
1 26568 -8.11449 -56.9979 24.1761 0.61919 1.2 1 0 0
1 26569 -9.55532 -57.2715 23.4825 0.731654 1.2 1 0 0
1 26570 -9.33623 -55.8773 23.1594 0.569453 1.2 1 0 0
1 26571 -13.4425 -55.8355 21.9791 0.715154 1.2 1 0 0
1 26572 -13.4072 -56.7631 23.3393 0.647712 1.2 1 0 0
1 26573 -14.1891 -57.7123 23.368 0.582424 1.2 1 0 0
1 26574 -16.9973 -55.0122 23.9464 0.678717 1.2 1 0 0
1 26575 -16.771 -56.9571 23.6145 0.302366 1.2 1 0 0
1 26576 -14.875 -54.3176 23.375 0.367814 1.2 1 0 0
1 26577 -14.1243 -54.5909 24.2937 0.848859 1.2 1 0 0
1 26578 -12.5606 -54.3475 23.5141 0.46274 1.2 1 0 0
1 26579 -12.5819 -54.7856 24.6406 0.744038 1.2 1 0 0
1 26580 -11.4036 -55.8689 23.0678 1.5 1.2 1 0 0
1 26581 -12.1791 -54.2626 22.8189 0.300943 1.2 1 0 0
1 26582 -12.4062 -54.6407 22.4763 0.192211 1.2 1 0 0
1 26583 -10.8924 -57.2727 22.0915 0.279775 1.2 1 0 0
1 26584 -11.2188 -57.9593 22.5473 0.473309 1.2 1 0 0
1 26585 -12.0225 -57.4165 23.8828 0.34796 1.2 1 0 0
1 26586 -11.0629 -57.7827 23.7332 0.544916 1.2 1 0 0
1 26587 -11.7978 -58.9191 22.9853 0.261244 1.2 1 0 0
1 26588 -11.6418 -57.1629 21.4767 0.564642 1.2 1 0 0
1 26589 -11.9516 -56.702 20.694 0.392126 1.2 1 0 0
1 26590 -10.2652 -55.6374 16.0498 0.624436 1.2 1 0 0
1 26591 -10.9019 -54.7904 16.2323 0.305048 1.2 1 0 0
1 26592 -11.1859 -54.3913 14.495 1.5 1.2 1 0 0
1 26593 -11.9522 -55.0526 16.2594 0.534067 1.2 1 0 0
1 26594 -12.7013 -56.2157 16.8868 0.980039 1.2 1 0 0
1 26595 -13.4331 -57.1879 16.5252 0.283633 1.2 1 0 0
1 26596 -14.1677 -56.8463 16.7056 0.521685 1.2 1 0 0
1 26597 -12.8215 -55.3415 15.4773 0.541169 1.2 1 0 0
1 26598 -13.6276 -55.1609 16.2123 0.562778 1.2 1 0 0
1 26600 -12.8948 -53.4235 16.6539 1.37384 1.2 1 0 0
1 26604 -11.3708 -52.9196 24.2853 1.5 1.2 1 0 0
1 26605 -9.46403 -53.9129 25.3088 0.837255 1.2 1 0 0
1 26634 -0.699454 -56.7956 17.4686 0.619408 1.2 1 0 0
1 26635 -1.39755 -57.8547 17.0266 0.717142 1.2 1 0 0
1 26636 -0.921123 -56.7572 15.1575 1.49856 1.2 1 0 0
1 26637 -1.34219 -58.775 15.4054 0.562667 1.2 1 0 0
1 26638 -3.82569 -56.1773 16.0101 0.762318 1.2 1 0 0
1 26639 -4.42405 -57.0979 16.2128 0.353617 1.2 1 0 0
1 26640 -4.30229 -56.3528 17.8172 0.78887 1.2 1 0 0
1 26641 -5.4558 -56.5557 17.9895 0.389299 1.2 1 0 0
1 26642 -4.44343 -54.9559 15.6139 0.575808 1.2 1 0 0
1 26643 -2.91303 -54.679 14.6783 1.2392 1.2 1 0 0
1 26644 -2.82068 -56.265 15.3127 0.464094 1.2 1 0 0
1 26645 -2.99306 -60.3386 16.9066 0.600566 1.2 1 0 0
1 26646 -3.67856 -60.5974 17.8525 0.586898 1.2 1 0 0
1 26647 -3.66926 -57.8174 14.3946 1.5 1.2 1 0 0
1 26648 -3.39491 -61.1673 14.0089 1.01135 1.2 1 0 0
1 26649 -5.97638 -59.7569 18.1098 0.0475671 1.2 1 0 0
1 26650 -6.13139 -59.8078 17.3382 0.521891 1.2 1 0 0
1 26651 -6.73321 -60.2354 16.55 0.499821 1.2 1 0 0
1 26652 -5.07453 -61.8952 17.6375 0.409488 1.2 1 0 0
1 26653 -5.04111 -62.5191 16.7837 0.473274 1.2 1 0 0
1 26654 -5.81319 -62.0243 17.0073 0.338445 1.2 1 0 0
1 26655 -5.1387 -62.4641 14.2538 1.00711 1.2 1 0 0
1 26656 -4.16528 -62.3887 15.4337 0.419798 1.2 1 0 0
1 26657 -7.54864 -61.416 19.8008 -0.0117495 1.2 1 0 0
1 26658 -8.51109 -62.1631 18.774 -0.0101062 1.2 1 0 0
1 26659 -8.92748 -61.4773 18.4781 -0.0168421 1.2 1 0 0
1 26660 -10.711 -59.6502 17.7111 0.30578 1.2 1 0 0
1 26661 -9.75033 -59.3368 20.3402 -0.0141789 1.2 1 0 0
1 26662 -6.73374 -60.6692 17.1216 0.150769 1.2 1 0 0
1 26663 -8.33555 -59.0773 17.2551 0.43962 1.2 1 0 0
1 26664 -8.22021 -60.3006 16.6184 0.438229 1.2 1 0 0
1 26665 -9.03046 -61.0694 17.3048 -0.00895918 1.2 1 0 0
1 26666 -8.74889 -61.5507 17.3683 -0.00121796 1.2 1 0 0
1 26667 -7.03351 -63.2484 17.1055 0.0448683 1.2 1 0 0
1 26668 -6.34436 -62.9707 17.7928 -0.00390244 1.2 1 0 0
1 26669 -3.00558 -57.2941 22.0596 0.454753 1.2 1 0 0
1 26670 -3.66651 -58.0186 21.8164 0.490593 1.2 1 0 0
1 26671 -3.51004 -58.6977 20.0204 0.785918 1.2 1 0 0
1 26672 -3.86717 -59.4564 20.7044 0.294945 1.2 1 0 0
1 26673 -9.14271 -59.1793 20.5794 -0.0124783 1.2 1 0 0
1 26674 -9.32975 -59.177 21.2827 -0.0184761 1.2 1 0 0
1 26675 -7.08038 -57.3112 22.9185 0.545246 1.2 1 0 0
1 26676 -6.03151 -57.1796 21.4493 0.690377 1.2 1 0 0
1 26677 -4.84096 -57.6101 22.6442 0.827081 1.2 1 0 0
1 26678 -5.84074 -57.9572 22.0343 0.265213 1.2 1 0 0
1 26679 -4.90739 -56.807 18.87 0.507672 1.2 1 0 0
1 26680 -5.74457 -57.5594 20.2981 0.508969 1.2 1 0 0
1 26681 -9.21679 -59.2814 15.8495 0.489704 1.2 1 0 0
1 26682 -8.14108 -60.6957 14.6991 1.5 1.2 1 0 0
1 26683 -10.4728 -57.086 13.8586 1.23742 1.2 1 0 0
1 26684 -8.94838 -57.2801 14.581 0.452788 1.2 1 0 0
1 26685 -7.8278 -57.7905 14.5794 0.639991 1.2 1 0 0
1 26686 -9.11625 -58.5803 14.4288 0.845035 1.2 1 0 0
1 26687 -7.09 -57.5044 16.842 0.343527 1.2 1 0 0
1 26688 -6.4202 -57.6717 16.8268 0.209043 1.2 1 0 0
1 26689 -5.35881 -63.1358 12.8811 0.536923 1.2 1 0 0
1 26690 -5.9225 -62.3956 12.8582 0.393444 1.2 1 0 0
1 26691 -5.168 -62.212 10.6644 0.637895 1.2 1 0 0
1 26692 -5.89713 -63.1192 10.4928 0.302637 1.2 1 0 0
1 26693 -11.012 -65.2257 10.9624 0.310323 1.2 1 0 0
1 26694 -11.8202 -65.3199 10.3596 0.666808 1.2 1 0 0
1 26695 -14.562 -65.6165 9.3617 0.89311 1.2 1 0 0
1 26696 -14.6547 -64.8426 10.2615 0.285666 1.2 1 0 0
1 26697 -11.611 -62.5148 11.2419 0.813447 1.2 1 0 0
1 26698 -12.8282 -61.8881 11.0215 0.472611 1.2 1 0 0
1 26699 -11.9013 -62.5606 13.1717 0.53429 1.2 1 0 0
1 26700 -11.7473 -63.1796 15.2578 1.5 1.2 1 0 0
1 26701 -12.569 -60.7057 12.579 1.5 1.2 1 0 0
1 26702 -11.3679 -59.0629 13.1803 0.612998 1.2 1 0 0
1 26703 -7.69541 -63.9948 16.0421 0.43627 1.2 1 0 0
1 26704 -10.2584 -64.6343 14.3879 0.707335 1.2 1 0 0
1 26705 -9.6388 -62.1369 9.448 0.539282 1.2 1 0 0
1 26706 -9.63222 -63.0269 9.61341 0.343405 1.2 1 0 0
1 26707 -12.146 -57.5228 10.9987 0.564337 1.2 1 0 0
1 26708 -11.8285 -57.1293 10.1294 0.420341 1.2 1 0 0
1 26709 -11.3826 -58.8195 11.5248 0.95978 1.2 1 0 0
1 26710 -11.1313 -60.0676 11.6852 0.309165 1.2 1 0 0
1 26711 -9.21424 -61.3295 9.994 0.437646 1.2 1 0 0
1 26712 -8.35961 -61.0441 10.4691 0.557151 1.2 1 0 0
1 26713 -9.20173 -60.5755 11.0229 0.546756 1.2 1 0 0
1 26714 -8.0793 -59.7434 5.66289 1.09495 1.2 1 0 0
1 26715 -9.80587 -59.4899 6.53885 0.855339 1.2 1 0 0
1 26716 -9.03268 -59.3 8.09254 0.57574 1.2 1 0 0
1 26717 -11.6725 -62.524 8.47228 0.963817 1.2 1 0 0
1 26718 -10.8992 -62.6865 6.7272 0.918445 1.2 1 0 0
1 26719 -17.5588 -60.7428 9.56096 0.764549 1.2 1 0 0
1 26720 -16.9226 -59.9045 10.3681 0.538653 1.2 1 0 0
1 26721 -17.5637 -59.9716 10.0941 0.16173 1.2 1 0 0
1 26722 -19.7873 -61.2575 10.4439 0.71822 1.2 1 0 0
1 26723 -19.5715 -62.2218 9.6464 0.463909 1.2 1 0 0
1 26724 -18.2479 -60.4146 11.8329 1.5 1.2 1 0 0
1 26725 -19.5517 -59.8063 10.7105 0.324777 1.2 1 0 0
1 26726 -19.0812 -61.157 8.88841 0.924335 1.2 1 0 0
1 26727 -18.984 -59.7042 8.63211 0.452645 1.2 1 0 0
1 26728 -22.9757 -59.8101 11.9404 0.523834 1.2 1 0 0
1 26729 -21.4013 -60.7524 12.3418 1.35001 1.2 1 0 0
1 26730 -22.0892 -58.9005 11.6337 0.73468 1.2 1 0 0
1 26731 -23.3375 -61.116 10.1265 1.17539 1.2 1 0 0
1 26732 -22.5353 -59.9983 9.54921 0.306004 1.2 1 0 0
1 26733 -19.7307 -58.2289 11.4421 0.958223 1.2 1 0 0
1 26734 -20.0045 -56.8395 12.0746 0.584926 1.2 1 0 0
1 26735 -20.5377 -57.5677 12.2501 0.334455 1.2 1 0 0
1 26736 -19.4409 -60.3583 13.7388 0.749107 1.2 1 0 0
1 26737 -21.4442 -59.4842 13.5629 0.411019 1.2 1 0 0
1 26738 -19.9177 -59.7208 12.7188 0.495943 1.2 1 0 0
1 26739 -19.0869 -57.254 11.1347 0.225689 1.2 1 0 0
1 26740 -21.0516 -57.9099 10.7057 0.587461 1.2 1 0 0
1 26741 -20.3347 -57.6766 10.6578 0.167983 1.2 1 0 0
1 26742 -19.6061 -56.5676 9.63449 1.5 1.2 1 0 0
1 26743 -20.5895 -57.8227 8.70834 0.339653 1.2 1 0 0
1 26744 -20.798 -59.5257 9.4072 1.5 1.2 1 0 0
1 26745 -21.8847 -60.426 8.31739 0.283008 1.2 1 0 0
1 26746 -21.8309 -57.4047 9.56888 0.862506 1.2 1 0 0
1 26747 -22.1392 -56.8492 8.26255 0.568563 1.2 1 0 0
1 26748 -22.7669 -62.1981 11.8694 0.660131 1.2 1 0 0
1 26749 -23.5766 -60.9945 12.2372 0.83636 1.2 1 0 0
1 26750 -21.8357 -61.8526 13.6546 0.417107 1.2 1 0 0
1 26751 -22.9654 -61.4785 13.6113 0.679755 1.2 1 0 0
1 26752 -21.3226 -62.8581 10.4049 1.5 1.2 1 0 0
1 26753 -22.2631 -63.0713 11.9383 0.311535 1.2 1 0 0
1 26754 -19.8525 -62.1758 15.984 0.554175 1.2 1 0 0
1 26755 -20.5083 -62.838 15.735 0.4043 1.2 1 0 0
1 26756 -21.8431 -61.9543 15.1047 0.859833 1.2 1 0 0
1 26757 -20.8142 -60.3762 14.8588 1.02171 1.2 1 0 0
1 26758 -21.5158 -62.9651 16.4859 0.858482 1.2 1 0 0
1 26759 -20.2313 -63.3706 16.6691 0.500895 1.2 1 0 0
1 26760 -21.5819 -65.6835 12.6007 1.05655 1.2 1 0 0
1 26761 -21.763 -64.2573 11.8476 0.557493 1.2 1 0 0
1 26762 -24.9577 -62.7347 11.514 1.5 1.2 1 0 0
1 26763 -24.6821 -64.808 13.1957 0.713754 1.2 1 0 0
1 26764 -23.2608 -65.6269 12.9224 0.625541 1.2 1 0 0
1 26765 -22.6601 -65.068 12.7233 0.159284 1.2 1 0 0
1 26766 -23.3533 -65.6281 10.7581 1.5 1.2 1 0 0
1 26767 -22.9995 -63.5165 11.4863 0.601187 1.2 1 0 0
1 26768 -23.329 -62.8395 10.4009 0.475137 1.2 1 0 0
1 26769 -22.1574 -65.9715 9.27182 0.438335 1.2 1 0 0
1 26770 -21.1166 -67.0688 9.97906 1.22769 1.2 1 0 0
1 26771 -22.2432 -67.9718 10.2313 0.237492 1.2 1 0 0
1 26772 -20.5506 -65.4625 9.51781 0.536714 1.2 1 0 0
1 26773 -21.3347 -65.0846 10.7529 0.590456 1.2 1 0 0
1 26774 -19.3919 -66.2033 7.87957 1.5 1.2 1 0 0
1 26775 -19.1828 -68.2082 8.25668 0.550729 1.2 1 0 0
1 26776 -11.8767 -57.7428 14.4542 0.423035 1.2 1 0 0
1 26777 -11.1491 -59.2687 15.3753 1.5 1.2 1 0 0
1 26778 -13.2482 -58.8959 15.661 0.575076 1.2 1 0 0
1 26779 -13.6641 -60.7714 15.33 1.37434 1.2 1 0 0
1 26780 -14.8969 -61.8892 16.3248 0.544795 1.2 1 0 0
1 26781 -14.3151 -62.4926 15.9626 0.34309 1.2 1 0 0
1 26782 -11.4766 -61.9518 17.1576 0.571721 1.2 1 0 0
1 26783 -11.0804 -62.7595 16.832 0.259801 1.2 1 0 0
1 26784 -12.2504 -63.3949 17.5377 0.701299 1.2 1 0 0
1 26785 -13.8158 -61.6909 18.049 1.5 1.2 1 0 0
1 26786 -14.4489 -60.0147 16.9893 0.575835 1.2 1 0 0
1 26787 -13.3374 -60.2281 16.9821 0.372648 1.2 1 0 0
1 26788 -12.075 -60.6682 16.9485 0.799441 1.2 1 0 0
1 26789 -11.6573 -61.2161 15.7811 0.534045 1.2 1 0 0
1 26790 -17.7118 -60.5397 16.813 0.451787 1.2 1 0 0
1 26791 -18.73 -60.5906 16.7724 0.448193 1.2 1 0 0
1 26792 -16.2852 -60.3624 15.7415 0.481999 1.2 1 0 0
1 26793 -17.3962 -59.1435 15.6752 0.484701 1.2 1 0 0
1 26794 -16.3523 -61.2671 12.6593 0.733594 1.2 1 0 0
1 26795 -17.4999 -61.8035 13.4283 0.699543 1.2 1 0 0
1 26796 -17.6209 -58.5955 13.3069 0.52653 1.2 1 0 0
1 26797 -16.8212 -58.9083 12.3381 0.41493 1.2 1 0 0
1 26798 -16.783 -64.7389 15.5406 0.809304 1.2 1 0 0
1 26799 -17.7195 -63.1512 14.3478 0.662842 1.2 1 0 0
1 26800 -18.8677 -61.5815 16.6012 0.561991 1.2 1 0 0
1 26801 -17.9372 -61.8186 16.5763 0.395763 1.2 1 0 0
1 26802 -19.4989 -62.2275 16.8383 0.371824 1.2 1 0 0
1 26803 -19.689 -62.8046 17.7234 0.699484 1.2 1 0 0
1 26804 -16.9769 -62.2227 15.8777 0.445937 1.2 1 0 0
1 26805 -16.2011 -61.4151 16.5948 0.868879 1.2 1 0 0
1 26806 -12.1718 -57.9298 13.1879 0.774652 1.2 1 0 0
1 26807 -13.4096 -57.8105 13.2755 0.178379 1.2 1 0 0
1 26808 -14.1639 -60.011 10.8292 0.662839 1.2 1 0 0
1 26809 -15.7495 -59.7225 11.4608 1.0215 1.2 1 0 0
1 26810 -13.8375 -58.1917 11.7862 1.41738 1.2 1 0 0
1 26811 -13.1366 -56.9867 10.5751 0.426324 1.2 1 0 0
1 26812 -18.2049 -55.4773 10.9003 0.53242 1.2 1 0 0
1 26813 -18.2955 -54.8028 11.5066 0.377939 1.2 1 0 0
1 26814 -17.3242 -56.7879 13.8295 0.532738 1.2 1 0 0
1 26815 -17.5161 -57.1928 11.8467 1.5 1.2 1 0 0
1 26816 -12.1119 -56.0698 12.7457 0.987219 1.2 1 0 0
1 26817 -13.3202 -54.8207 13.3818 0.853149 1.2 1 0 0
1 26818 -15.5144 -57.4542 13.016 0.788632 1.2 1 0 0
1 26819 -14.4903 -56.5341 12.9212 0.585851 1.2 1 0 0
1 26820 -15.051 -65.2566 5.42553 0.314955 1.2 1 0 0
1 26821 -14.025 -65.4126 6.22415 0.584901 1.2 1 0 0
1 26822 -15.2602 -67.6196 4.82867 0.513928 1.2 1 0 0
1 26823 -17.356 -66.0346 5.91729 1.33267 1.2 1 0 0
1 26824 -16.5922 -67.9301 5.37858 0.718641 1.2 1 0 0
1 26825 -15.2703 -66.3938 5.41145 0.843338 1.2 1 0 0
1 26826 -15.114 -66.0335 7.24116 0.648989 1.2 1 0 0
1 26827 -15.7949 -64.9119 4.82216 0.571251 1.2 1 0 0
1 26828 -16.6472 -65.0441 4.73905 0.295159 1.2 1 0 0
1 26829 -17.5841 -63.9536 4.62797 1.08916 1.2 1 0 0
1 26830 -16.3984 -62.8637 5.07468 0.579414 1.2 1 0 0
1 26831 -12.7794 -63.6639 6.94206 1.21153 1.2 1 0 0
1 26832 -14.0635 -65.2779 7.47655 0.591241 1.2 1 0 0
1 26833 -17.3477 -62.4658 7.56976 0.291014 1.2 1 0 0
1 26834 -17.0869 -61.9976 6.31557 1.07288 1.2 1 0 0
1 26835 -16.7254 -63.0368 8.01646 0.553983 1.2 1 0 0
1 26836 -16.6043 -62.7338 8.64471 0.15397 1.2 1 0 0
1 26837 -15.3229 -62.4866 8.84545 1.16554 1.2 1 0 0
1 26838 -14.1335 -62.6961 7.58911 0.574139 1.2 1 0 0
1 26839 -12.3249 -64.4306 2.14082 0.998901 1.2 1 0 0
1 26840 -13.906 -65.5058 2.07697 0.910905 1.2 1 0 0
1 26842 -14.7077 -69.8542 2.49192 0.569108 1.2 1 0 0
1 26843 -15.9676 -68.595 3.67746 1.12211 1.2 1 0 0
1 26844 -17.7193 -57.2848 4.50027 0.385583 1.2 1 0 0
1 26845 -17.5815 -56.2894 5.26462 0.684253 1.2 1 0 0
1 26846 -17.709 -55.2451 5.91982 0.4749 1.2 1 0 0
1 26847 -15.8582 -55.3685 5.53348 1.22816 1.2 1 0 0
1 26848 -17.5408 -56.4781 7.45333 1.5 1.2 1 0 0
1 26849 -18.8398 -57.8842 5.67049 0.737302 1.2 1 0 0
1 26850 -19.2439 -57.3805 6.79136 0.53791 1.2 1 0 0
1 26851 -20.9318 -57.6275 7.2028 1.2166 1.2 1 0 0
1 26852 -21.2987 -55.3415 7.8183 1.17519 1.2 1 0 0
1 26853 -16.7959 -54.5147 9.79624 1.5 1.2 1 0 0
1 26854 -16.5279 -54.79 7.79469 0.481954 1.2 1 0 0
1 26855 -19.6201 -53.3497 7.20899 1.5 1.2 1 0 0
1 26856 -19.8002 -54.4279 9.17688 0.69474 1.2 1 0 0
1 26857 -17.8615 -53.8732 8.15053 0.556742 1.2 1 0 0
1 26858 -17.2583 -54.0594 6.70998 1.01604 1.2 1 0 0
1 26861 -18.5913 -54.2039 5.67199 0.511366 1.2 1 0 0
1 26862 -18.5762 -53.309 5.45102 0.410489 1.2 1 0 0
1 26863 -15.126 -56.1138 7.17594 0.704123 1.2 1 0 0
1 26864 -13.7571 -56.5707 7.58896 0.63113 1.2 1 0 0
1 26865 -14.9629 -57.5724 7.90806 0.781736 1.2 1 0 0
1 26866 -13.0116 -58.0854 9.08514 1.40911 1.2 1 0 0
1 26867 -12.5831 -56.2646 9.97632 0.662888 1.2 1 0 0
1 26868 -14.0169 -57.058 10.2643 0.450158 1.2 1 0 0
1 26869 -12.6045 -56.6111 6.39191 0.474147 1.2 1 0 0
1 26870 -14.2229 -57.5415 5.74987 1.5 1.2 1 0 0
1 26871 -13.768 -59.1377 7.41432 0.703231 1.2 1 0 0
1 26872 -16.923 -59.695 7.88317 0.253075 1.2 1 0 0
1 26873 -17.5103 -60.1417 8.50945 0.447654 1.2 1 0 0
1 26874 -18.3721 -57.748 8.55536 0.372488 1.2 1 0 0
1 26875 -19.3115 -58.2829 8.16799 0.775902 1.2 1 0 0
1 26876 -18.2811 -59.7626 6.761 1.5 1.2 1 0 0
1 26877 -18.1547 -61.8859 7.74687 0.716319 1.2 1 0 0
1 26878 -14.8989 -61.5081 10.1952 0.548498 1.2 1 0 0
1 26879 -13.5883 -60.2504 8.39741 0.554553 1.2 1 0 0
1 26880 -14.2241 -59.0381 10.1881 0.431909 1.2 1 0 0
1 26881 -15.5645 -57.004 9.71254 1.17583 1.2 1 0 0
1 26882 -17.4109 -56.6644 9.71492 0.698833 1.2 1 0 0
1 26883 -16.8841 -57.8378 10.105 0.433709 1.2 1 0 0
1 26884 -15.5815 -61.1348 7.08357 0.791077 1.2 1 0 0
1 26885 -14.9912 -59.6595 6.54087 0.887825 1.2 1 0 0
1 26886 -16.3295 -60.2395 6.39815 0.541566 1.2 1 0 0
1 26887 -16.5363 -59.6182 7.3051 0.333388 1.2 1 0 0
1 26888 -15.8162 -56.9779 6.72105 0.439074 1.2 1 0 0
1 26889 -15.978 -56.881 5.95571 0.346706 1.2 1 0 0
1 26890 -9.18873 -60.1068 3.4215 0.682407 1.2 1 0 0
1 26891 -10.6819 -60.963 4.69871 1.32646 1.2 1 0 0
1 26892 -12.8294 -62.5887 3.7525 1.5 1.2 1 0 0
1 26893 -12.6011 -61.2522 5.15849 0.445128 1.2 1 0 0
1 26894 -11.3166 -62.8758 5.13987 0.572608 1.2 1 0 0
1 26895 -12.0647 -62.0517 5.80701 0.696555 1.2 1 0 0
1 26896 -11.9508 -62.6745 6.41581 0.178393 1.2 1 0 0
1 26897 -11.6394 -62.174 4.9482 0.223279 1.2 1 0 0
1 26898 -13.3414 -57.445 3.82462 0.555546 1.2 1 0 0
1 26899 -12.205 -58.0186 3.8207 0.611808 1.2 1 0 0
1 26900 -15.8656 -60.6957 4.45925 1.5 1.2 1 0 0
1 26901 -15.5553 -58.5744 2.90884 1.10325 1.2 1 0 0
1 26902 -14.6078 -56.1892 3.33573 1.29373 1.2 1 0 0
1 26904 -11.2902 -57.7576 6.89165 1.12047 1.2 1 0 0
1 26905 -12.4418 -57.9046 6.00855 0.336048 1.2 1 0 0
1 26906 -13.5823 -59.8923 6.21539 0.576845 1.2 1 0 0
1 26907 -13.9268 -61.6966 6.09597 1.21613 1.2 1 0 0
1 26908 -12.5707 -60.6229 5.63241 0.292905 1.2 1 0 0
1 26909 -12.5776 -62.1386 7.40746 0.395902 1.2 1 0 0
1 26910 -11.8597 -60.382 7.2692 1.5 1.2 1 0 0
1 26911 -10.8046 -59.7316 5.77191 0.311623 1.2 1 0 0
1 26912 -11.4931 -59.0062 5.63048 0.665829 1.2 1 0 0
1 26913 -12.0114 -60.9141 3.64964 0.366541 1.2 1 0 0
1 26914 -11.9618 -60.4055 2.42595 0.957804 1.2 1 0 0
1 26915 -11.0553 -59.7409 3.36432 0.506442 1.2 1 0 0
1 26916 -11.4217 -58.9715 2.73964 0.528881 1.2 1 0 0
1 26917 -13.8197 -60.6955 2.55649 0.885592 1.2 1 0 0
