# SphereID Center[X Y Z] Radius Density Region Score Weight
LeafCount 32062
NodeCount 32062
1 12212 21.6123 -53.3412 25.7633 1.5 1.2 1 0 0
1 12213 19.7824 -54.7783 26.0448 0.766682 1.2 1 0 0
1 12215 15.5897 -54.4383 25.614 1.41567 1.2 1 0 0
1 12217 17.6809 -54.3412 21.9214 0.801555 1.2 1 0 0
1 12219 16.2961 -52.6342 21.7789 1.3945 1.2 1 0 0
1 12668 15.9492 -55.2981 20.7012 1.5 1.2 1 0 0
1 12669 15.5747 -57.1457 22.1108 0.843391 1.2 1 0 0
1 12670 14.3785 -57.0398 20.488 0.853505 1.2 1 0 0
1 12671 15.6036 -57.197 20.7261 0.404371 1.2 1 0 0
1 12672 10.2041 -54.9933 17.9125 0.656326 1.2 1 0 0
1 12673 8.83378 -55.2323 17.5532 0.530802 1.2 1 0 0
1 12675 13.5041 -57.065 19.0029 0.848955 1.2 1 0 0
1 12676 12.3419 -55.6633 17.4239 1.5 1.2 1 0 0
1 12677 12.4854 -57.4272 18.2312 0.415276 1.2 1 0 0
1 12690 12.6528 -53.8887 23.4228 0.762148 1.2 1 0 0
1 12721 3.82289 -54.8612 12.2521 0.684704 1.2 1 0 0
1 12722 2.24852 -54.6876 12.1505 0.760055 1.2 1 0 0
1 12726 1.00276 -55.8856 14.8118 0.623254 1.2 1 0 0
1 12727 2.72334 -54.063 16.3894 0.809176 1.2 1 0 0
1 12730 3.42141 -52.8306 11.5532 1.5 1.2 1 0 0
1 12731 9.98379 -55.2347 14.0663 0.835464 1.2 1 0 0
1 12732 9.01821 -56.4875 13.0557 0.593062 1.2 1 0 0
1 12733 4.86016 -54.8295 13.9013 0.407843 1.2 1 0 0
1 12734 5.77264 -53.4434 14.8426 1.5 1.2 1 0 0
1 12735 6.12702 -55.3999 16.4174 1.03647 1.2 1 0 0
1 12736 6.93585 -56.9557 16.1639 0.349723 1.2 1 0 0
1 12737 7.36023 -57.5881 12.3499 0.764977 1.2 1 0 0
1 12738 6.08424 -55.4686 12.5461 1.5 1.2 1 0 0
1 12739 6.48048 -57.211 13.7422 0.649897 1.2 1 0 0
1 12741 8.80602 -53.3686 12.8746 1.5 1.2 1 0 0
1 12747 7.21764 -55.2074 10.8316 0.446698 1.2 1 0 0
1 12748 6.20025 -53.5543 10.1385 1.5 1.2 1 0 0
1 12749 4.50966 -54.7474 10.9765 0.732458 1.2 1 0 0
1 12750 5.47986 -54.4231 8.47579 0.44469 1.2 1 0 0
1 12765 -1.14172 -56.3414 20.6913 0.469856 1.2 1 0 0
1 12766 -1.87469 -55.1901 21.8604 1.32721 1.2 1 0 0
1 12767 0.226526 -54.1957 21.6603 0.503062 1.2 1 0 0
1 12772 -0.814414 -52.4857 21.7287 1.5 1.2 1 0 0
1 12774 -0.896672 -53.8564 23.5671 0.767735 1.2 1 0 0
1 12775 -2.73296 -53.979 23.809 1.08635 1.2 1 0 0
1 12776 -0.193595 -54.0393 19.2109 1.5 1.2 1 0 0
1 13688 22.4269 -52.883 2.51411 1.5 1.2 1 0 0
1 13689 21.9662 -52.2148 -1.33001 1.5 1.2 1 0 0
1 13690 21.4467 -56.9534 4.176 0.940058 1.2 1 0 0
1 13691 22.5376 -57.1843 5.07856 0.494485 1.2 1 0 0
1 13692 17.5164 -55.3415 5.50119 1.5 1.2 1 0 0
1 13693 16.6774 -52.5528 3.99765 1.3772 1.2 1 0 0
1 13703 23.9353 -59.7443 0.616147 0.472406 1.2 1 0 0
1 13704 18.1448 -59.5343 -0.494473 0.569685 1.2 1 0 0
1 13705 18.452 -56.1646 1.16045 1.07696 1.2 1 0 0
1 13706 19.741 -57.128 1.8943 0.639192 1.2 1 0 0
1 13707 21.1191 -55.8293 -0.07918 1.5 1.2 1 0 0
1 13760 12.8521 -57.488 13.4064 0.409218 1.2 1 0 0
1 13761 11.9833 -55.8334 10.6331 0.561577 1.2 1 0 0
1 13762 8.77183 -56.454 10.9709 1.5 1.2 1 0 0
1 13763 8.82916 -55.3433 8.17387 1.5 1.2 1 0 0
1 13764 17.6391 -57.4967 9.32935 1.5 1.2 1 0 0
1 13765 13.2569 -55.4097 10.17 0.830187 1.2 1 0 0
1 13766 12.5669 -55.9384 9.06203 0.549431 1.2 1 0 0
1 13767 15.2759 -55.8794 11.4503 0.694984 1.2 1 0 0
1 13768 16.2474 -54.484 7.47178 0.995816 1.2 1 0 0
1 13769 14.8622 -52.3916 7.31174 1.5 1.2 1 0 0
1 13770 11.3789 -54.2843 9.37223 1.5 1.2 1 0 0
1 13773 9.17822 -52.8919 10.2111 1.23126 1.2 1 0 0
1 13790 11.8493 -54.5081 -1.34095 0.784629 1.2 1 0 0
1 13792 12.38 -54.0388 0.688221 0.661085 1.2 1 0 0
1 13809 13.7978 -52.8325 4.41438 1.5 1.2 1 0 0
1 13812 18.347 -54.4887 -0.618279 0.970171 1.2 1 0 0
1 13813 15.6918 -54.8922 0.090346 0.501031 1.2 1 0 0
1 13814 14.9072 -57.2827 -0.010074 0.624486 1.2 1 0 0
1 13815 14.0498 -53.9939 -0.739861 1.5 1.2 1 0 0
1 13816 13.8622 -56.4842 -1.26462 1.04621 1.2 1 0 0
1 13817 15.1691 -54.5539 1.61187 1.14293 1.2 1 0 0
1 13818 15.5238 -54.3891 3.64002 0.820639 1.2 1 0 0
1 13819 16.1274 -55.1742 2.82978 0.450796 1.2 1 0 0
1 13821 15.1358 -58.0174 -1.32598 0.816343 1.2 1 0 0
1 13822 15.5683 -54.9926 -1.0923 0.351361 1.2 1 0 0
1 13823 16.7084 -56.4114 -0.724013 1.5 1.2 1 0 0
1 13824 15.0676 -56.4286 -1.04287 0.171365 1.2 1 0 0
1 13826 28.708 -58.0186 15.4609 0.35607 1.2 1 0 0
1 13830 21.5934 -54.2963 10.9204 0.700087 1.2 1 0 0
1 13831 22.6618 -54.0324 12.8284 1.5 1.2 1 0 0
1 13839 28.9683 -57.2241 8.95221 0.568727 1.2 1 0 0
1 13841 24.7376 -55.5638 9.22873 1.5 1.2 1 0 0
1 13842 26.7785 -54.2487 10.6142 1.27686 1.2 1 0 0
1 13843 25.4633 -55.9258 12.7642 1.5 1.2 1 0 0
1 13844 25.4088 -56.59 10.8459 0.525362 1.2 1 0 0
1 13845 24.1611 -56.1929 11.1296 0.583631 1.2 1 0 0
1 13847 15.1076 -60.466 14.8026 0.517664 1.2 1 0 0
1 13848 15.8674 -59.2581 16.2401 1.5 1.2 1 0 0
1 13849 13.5017 -58.3169 17.3109 1.21887 1.2 1 0 0
1 13850 14.8789 -58.5067 19.2302 1.1425 1.2 1 0 0
1 13851 16.308 -57.6794 12.2287 1.27926 1.2 1 0 0
1 13852 17.0646 -56.6732 14.7074 1.5 1.2 1 0 0
1 13853 17.5045 -53.8509 18.0135 1.5 1.2 1 0 0
1 13856 17.9642 -55.925 10.7383 0.514601 1.2 1 0 0
1 13857 17.0104 -54.6319 11.9536 1.5 1.2 1 0 0
1 13858 21.0239 -56.5988 14.1946 1.5 1.2 1 0 0
1 13860 27.8035 -54.5131 21.687 1.00582 1.2 1 0 0
1 13864 27.04 -53.1586 19.3578 1.5 1.2 1 0 0
1 13865 23.0331 -55.3415 21.17 1.03334 1.2 1 0 0
1 13866 23.7263 -57.2673 22.96 1.5 1.2 1 0 0
1 13867 22.4681 -57.1739 21.2549 0.621151 1.2 1 0 0
1 13868 22.081 -57.6644 22.2016 0.353562 1.2 1 0 0
1 13869 21.3193 -54.8193 22.5556 1.23159 1.2 1 0 0
1 13870 20.4749 -58.5722 23.6281 0.818609 1.2 1 0 0
1 13875 23.3565 -55.1396 18.6157 0.524577 1.2 1 0 0
1 13876 24.1161 -57.5725 21.3747 0.160002 1.2 1 0 0
1 13877 26.2987 -54.9339 19.4428 0.425703 1.2 1 0 0
1 13878 24.6609 -54.5455 19.7075 1.27597 1.2 1 0 0
1 13879 24.3734 -54.7742 21.4418 0.416886 1.2 1 0 0
1 13880 29.0472 -60.6009 13.7936 0.676708 1.2 1 0 0
1 13881 28.458 -61.5315 12.9927 0.681388 1.2 1 0 0
1 13882 24.6923 -60.3121 13.1174 0.777601 1.2 1 0 0
1 13883 28.2565 -59.4535 18.2096 0.665816 1.2 1 0 0
1 13884 27.3144 -61.5977 11.3724 1.16934 1.2 1 0 0
1 13885 26.9466 -59.5511 11.2396 0.890859 1.2 1 0 0
1 13886 21.6762 -61.1561 12.6593 1.5 1.2 1 0 0
1 13887 21.7134 -63.5282 14.3288 1.40091 1.2 1 0 0
1 13888 20.0114 -59.2217 9.50792 1.4352 1.2 1 0 0
1 13889 20.757 -62.0483 19.2044 0.931108 1.2 1 0 0
1 13890 21.4424 -61.6479 16.6623 1.5 1.2 1 0 0
1 13891 22.4057 -62.8963 18.6176 1.01064 1.2 1 0 0
1 13892 21.7689 -57.8614 17.2468 1.5 1.2 1 0 0
1 13893 23.2704 -56.1369 10.399 0.462261 1.2 1 0 0
1 13894 25.6396 -57.101 6.49356 1.5 1.2 1 0 0
1 13895 22.84 -58.1743 6.65108 1.29722 1.2 1 0 0
1 13918 31.5134 -53.9012 2.39989 0.722576 1.2 1 0 0
1 13919 27.5734 -54.1745 2.92676 1.03829 1.2 1 0 0
1 13920 28.4974 -55.3331 2.27414 0.580112 1.2 1 0 0
1 13924 31.0249 -54.8041 -0.557889 1.09239 1.2 1 0 0
1 13925 29.5524 -53.2417 1.57291 1.5 1.2 1 0 0
1 13927 24.3472 -55.4767 2.18335 0.604338 1.2 1 0 0
1 13928 25.1502 -54.0553 3.40476 1.43452 1.2 1 0 0
1 13929 24.9816 -55.8977 4.63683 0.775707 1.2 1 0 0
1 13930 26.1214 -54.3786 5.13837 0.574576 1.2 1 0 0
1 13932 25.4349 -52.7891 0.680655 1.5 1.2 1 0 0
1 13933 23.3546 -54.3486 -1.42954 1.04771 1.2 1 0 0
1 13935 26.5778 -56.5037 2.57977 1.5 1.2 1 0 0
1 13936 31.4111 -54.2328 5.69782 1.43216 1.2 1 0 0
1 13937 29.6089 -55.129 6.45931 0.614956 1.2 1 0 0
1 13938 31.2256 -56.3901 5.62079 0.695153 1.2 1 0 0
1 13939 31.4805 -55.0493 4.26858 0.213222 1.2 1 0 0
1 13940 28.1864 -53.8531 5.55271 1.5 1.2 1 0 0
1 13941 25.9704 -54.4894 6.84649 1.14378 1.2 1 0 0
1 13942 26.6142 -55.712 4.82154 0.877726 1.2 1 0 0
1 13943 27.9878 -56.6607 7.69173 1.12469 1.2 1 0 0
1 13944 29.4301 -58.6108 7.62796 1.25372 1.2 1 0 0
1 13945 29.0569 -58.7481 4.62711 0.355315 1.2 1 0 0
1 13946 27.0186 -58.3525 4.57978 1.11689 1.2 1 0 0
1 13947 29.1462 -57.0419 5.35686 1.5 1.2 1 0 0
1 13948 32.2845 -54.2415 -2.32302 1.11609 1.2 1 0 0
1 13949 26.4764 -58.3686 0.15487 1.5 1.2 1 0 0
1 13950 26.3625 -60.5143 -1.39614 0.820024 1.2 1 0 0
1 13951 28.1252 -57.5511 -0.744109 0.508338 1.2 1 0 0
1 13952 26.7121 -56.086 0.299405 0.795905 1.2 1 0 0
1 13953 27.7216 -57.651 -1.29534 0.180034 1.2 1 0 0
1 13954 29.086 -56.1844 0.469715 1.5 1.2 1 0 0
1 13955 27.1819 -54.3792 -0.903061 1.3441 1.2 1 0 0
1 13956 28.9017 -54.3087 -2.17855 0.794115 1.2 1 0 0
1 13969 31.9662 -53.6712 8.29234 0.90072 1.2 1 0 0
1 14074 -5.1989 -54.133 4.384 1.48997 1.2 1 0 0
1 14147 4.6519 -58.2178 -9.06927 -0.00380746 1.2 1 0 0
1 14148 5.678 -59.3883 -9.54761 -0.00502444 1.2 1 0 0
1 14149 0.207479 -55.9716 -9.11376 -0.00430638 1.2 1 0 0
1 14150 2.87556 -55.8909 -8.44698 -0.00857237 1.2 1 0 0
1 14155 2.33969 -55.311 -9.5003 -0.000759633 1.2 1 0 0
1 14484 3.22509 -58.5674 -11.2524 -0.00372667 1.2 1 0 0
1 14485 5.98605 -59.2801 -11.637 -0.013101 1.2 1 0 0
1 14487 2.97167 -59.4013 -12.6141 -0.00604804 1.2 1 0 0
1 14488 1.24872 -57.9516 -12.2459 -0.00122386 1.2 1 0 0
1 14491 5.34268 -55.7984 -10.6472 -0.0070674 1.2 1 0 0
1 14492 1.01681 -57.3958 -9.98894 -0.00267591 1.2 1 0 0
1 14493 2.77338 -56.6815 -9.9264 -0.000829481 1.2 1 0 0
1 14494 3.58311 -56.8562 -13.8916 -0.00303521 1.2 1 0 0
1 14495 1.44032 -56.9662 -15.774 -0.00396067 1.2 1 0 0
1 14497 1.52651 -54.8056 -13.9056 0.331981 1.2 1 0 0
1 14523 0.936499 -57.4358 -16.8356 0.354801 1.2 1 0 0
1 14524 -1.26423 -55.7227 -17.2642 1.18539 1.2 1 0 0
1 14525 0.0335524 -55.9373 -16.0561 0.356784 1.2 1 0 0
1 14526 -3.22031 -54.4203 -15.9004 1.13223 1.2 1 0 0
1 14529 0.140195 -54.7612 -14.5009 0.233371 1.2 1 0 0
1 14533 -1.32884 -53.3129 -16.5042 0.967822 1.2 1 0 0
1 14612 -2.74346 -57.1739 -19.0192 0.510166 1.2 1 0 0
1 14613 -2.17001 -55.8934 -21.8406 1.5 1.2 1 0 0
1 14614 -5.91704 -52.4017 -18.6997 1.5 1.2 1 0 0
1 14615 -2.04011 -54.1804 -19.373 1.5 1.2 1 0 0
1 14626 -3.69965 -57.4901 -16.5902 0.283302 1.2 1 0 0
1 14627 -5.50413 -57.0339 -16.0977 0.792596 1.2 1 0 0
1 14633 -6.21344 -58.8498 -18.9188 1.34127 1.2 1 0 0
1 15087 1.65104 -53.5058 9.97031 0.89487 1.2 1 0 0
1 15088 -0.329447 -54.2094 9.17878 1.34041 1.2 1 0 0
1 15097 -4.33134 -57.9657 10.6004 1.5 1.2 1 0 0
1 15098 -4.93602 -60.3886 9.56604 1.19751 1.2 1 0 0
1 15099 -6.96803 -56.1425 10.7766 1.5 1.2 1 0 0
1 15106 0.228509 -55.4698 10.9039 0.775096 1.2 1 0 0
1 15107 -4.64156 -55.3415 12.6593 1.5 1.2 1 0 0
1 15108 -5.92984 -53.0936 14.5326 1.2052 1.2 1 0 0
1 15109 -3.05733 -54.4741 10.1894 1.5 1.2 1 0 0
1 15111 -3.30911 -57.252 12.294 0.60301 1.2 1 0 0
1 15112 -1.96224 -57.406 13.7114 0.382516 1.2 1 0 0
1 15113 -2.48462 -59.326 12.396 1.27019 1.2 1 0 0
1 15114 -2.66199 -54.1934 7.12056 1.49253 1.2 1 0 0
1 15115 -3.59439 -55.7106 6.09098 0.557419 1.2 1 0 0
1 15119 -4.61291 -53.7144 8.45326 0.918196 1.2 1 0 0
1 15121 -5.24596 -55.8874 7.30507 1.5 1.2 1 0 0
1 15383 -4.7563 -53.3901 16.9528 1.5 1.2 1 0 0
1 15384 -5.58844 -55.1884 18.7959 1.20271 1.2 1 0 0
1 15386 -2.73324 -54.5135 19.5468 0.815992 1.2 1 0 0
1 15387 -4.3689 -52.9182 20.1012 1.5 1.2 1 0 0
1 15388 -3.33423 -54.5579 20.7683 0.545988 1.2 1 0 0
1 15400 -3.57797 -53.8811 22.0885 0.833018 1.2 1 0 0
1 15401 -3.62068 -55.1314 21.9928 0.421713 1.2 1 0 0
1 15402 -5.00981 -55.3415 23.3677 1.5 1.2 1 0 0
1 15403 -3.1971 -56.4346 22.7896 0.689076 1.2 1 0 0
1 15407 -5.51441 -52.6735 24.951 1.47656 1.2 1 0 0
1 15497 -0.433694 -57.4364 16.7709 0.318618 1.2 1 0 0
1 15498 -2.68357 -57.1544 16.2515 0.612472 1.2 1 0 0
1 15499 -2.27305 -55.3616 17.4414 1.5 1.2 1 0 0
1 15500 -3.00768 -56.7369 18.9004 0.607634 1.2 1 0 0
1 15501 -1.9915 -56.9878 19.9876 0.79911 1.2 1 0 0
1 15502 -3.405 -58.4573 17.7496 1.5 1.2 1 0 0
1 15503 -1.62913 -57.2588 18.473 0.753518 1.2 1 0 0
1 15504 -2.50348 -59.8418 15.3648 1.01478 1.2 1 0 0
1 15505 -4.98434 -58.0103 16.1804 0.717537 1.2 1 0 0
1 15506 -4.8636 -60.6957 16.0096 1.5 1.2 1 0 0
1 15514 -2.67397 -57.8599 20.6929 0.510881 1.2 1 0 0
1 15515 -4.11579 -56.4467 20.6808 1.5 1.2 1 0 0
1 15520 -5.12558 -58.8641 21.1315 1.15831 1.2 1 0 0
1 15521 -6.48548 -58.1053 18.4786 1.5 1.2 1 0 0
1 15523 -4.92766 -60.2393 19.0515 1.18121 1.2 1 0 0
1 15525 -5.9279 -58.7419 13.7012 1.0343 1.2 1 0 0
1 15527 -4.60391 -59.7939 14.0528 0.668123 1.2 1 0 0
1 15529 -6.07113 -56.0793 16.2679 1.5 1.2 1 0 0
1 15535 -5.27979 -60.7331 12.2193 1.5 1.2 1 0 0
1 19826 8.75211 -53.0725 -16.7689 1.5 1.2 1 0 0
1 19829 9.06952 -52.7847 -21.3727 1.5 1.2 1 0 0
1 19831 6.23165 -54.3252 -19.9577 1.45039 1.2 1 0 0
1 19856 0.848584 -56.2763 -17.6914 1.0328 1.2 1 0 0
1 19857 0.60094 -53.336 -18.6533 1.21762 1.2 1 0 0
1 19872 3.41401 -52.3304 -20.3194 1.5 1.2 1 0 0
1 19883 5.90068 -55.7872 -15.1337 1.471 1.2 1 0 0
1 19884 4.31166 -56.0758 -14.0337 -0.00708196 1.2 1 0 0
1 19885 4.97307 -53.9984 -13.732 0.861737 1.2 1 0 0
1 19886 6.19043 -54.5718 -13.661 0.428811 1.2 1 0 0
1 19887 2.46445 -54.5117 -14.8389 0.436281 1.2 1 0 0
1 19888 3.07672 -57.0953 -16.7477 1.1597 1.2 1 0 0
1 19889 3.77504 -59.4515 -15.6419 0.0526142 1.2 1 0 0
1 19890 4.92114 -56.4077 -16.7538 0.461491 1.2 1 0 0
1 19891 3.0868 -54.8204 -15.9348 0.623559 1.2 1 0 0
1 19892 2.68025 -55.0218 -17.3975 0.696815 1.2 1 0 0
1 19894 4.22519 -55.2369 -16.9771 0.918678 1.2 1 0 0
1 19929 0.518305 -55.6329 -20.1187 1.5 1.2 1 0 0
1 19931 4.26096 -59.6335 -19.0525 0.472767 1.2 1 0 0
1 19932 2.92035 -57.6763 -19.0727 0.930533 1.2 1 0 0
1 20053 26.0103 -54.4522 -21.0203 1.5 1.2 1 0 0
1 20082 34.6625 -53.1059 -20.95 1.04992 1.2 1 0 0
1 20087 32.9973 -54.6558 -17.676 1.04175 1.2 1 0 0
1 20112 30.2875 -56.6932 -18.4769 0.785331 1.2 1 0 0
1 20113 33.5637 -57.3328 -19.1515 0.418688 1.2 1 0 0
1 20114 32.1756 -56.0919 -19.6154 1.5 1.2 1 0 0
1 20130 19.5421 -55.3415 -2.19031 1.17985 1.2 1 0 0
1 20131 16.4614 -56.0201 -7.59407 1.34984 1.2 1 0 0
1 20132 14.1879 -56.5126 -5.94777 1.5 1.2 1 0 0
1 20133 15.7285 -54.0108 -7.25362 0.776508 1.2 1 0 0
1 20134 13.5814 -54.544 -7.96336 1.34232 1.2 1 0 0
1 20137 18.5092 -58.9406 -10.5425 1.5 1.2 1 0 0
1 20138 16.9556 -58.3972 -13.0906 1.5 1.2 1 0 0
1 20139 14.8297 -59.5163 -14.442 1.25517 1.2 1 0 0
1 20140 15.3873 -59.9217 -12.7958 0.525998 1.2 1 0 0
1 20141 12.4292 -60.519 -10.3632 0.411005 1.2 1 0 0
1 20142 10.7883 -59.1725 -11.1725 1.28884 1.2 1 0 0
1 20143 12.0687 -61.3758 -12.9593 1.14017 1.2 1 0 0
1 20144 12.6685 -62.7814 -13.5704 0.503994 1.2 1 0 0
1 20145 14.1879 -55.3415 -12.595 1.5 1.2 1 0 0
1 20146 13.0045 -57.4159 -11.7783 0.950333 1.2 1 0 0
1 20147 7.78771 -59.2786 -13.548 0.45415 1.2 1 0 0
1 20148 7.37669 -54.855 -14.2789 0.453127 1.2 1 0 0
1 20149 6.95657 -56.6044 -8.54252 -0.00550654 1.2 1 0 0
1 20150 7.46077 -56.5269 -9.6826 -0.00255145 1.2 1 0 0
1 20151 9.37162 -55.5488 -8.84244 0.156587 1.2 1 0 0
1 20152 12.105 -57.4875 -17.3869 1.40717 1.2 1 0 0
1 20153 12.0262 -59.2879 -16.7889 0.450455 1.2 1 0 0
1 20154 9.88535 -58.9425 -15.7849 0.625001 1.2 1 0 0
1 20155 12.1059 -59.5401 -14.8564 1.5 1.2 1 0 0
1 20166 12.0233 -53.9395 -3.62003 1.5 1.2 1 0 0
1 20167 11.7335 -55.3378 -2.34806 0.412369 1.2 1 0 0
1 20170 20.5024 -56.6333 -12.5992 0.52567 1.2 1 0 0
1 20171 15.0925 -54.4501 -16.5725 0.781289 1.2 1 0 0
1 20172 17.455 -55.7964 -12.8736 1.0944 1.2 1 0 0
1 20209 28.2958 -57.9596 -5.72272 0.741902 1.2 1 0 0
1 20210 28.1178 -57.2179 -10.2203 1.5 1.2 1 0 0
1 20211 26.3238 -60.6957 -10.3238 1.5 1.2 1 0 0
1 20212 24.2724 -56.9975 -7.75089 0.344716 1.2 1 0 0
1 20213 24.7694 -57.5298 -9.44579 1.5 1.2 1 0 0
1 20214 24.1579 -60.7112 -9.18367 0.94763 1.2 1 0 0
1 20215 25.6583 -58.9861 -12.2804 1.11506 1.2 1 0 0
1 20216 24.3576 -57.1209 -11.5257 0.659329 1.2 1 0 0
1 20217 26.4028 -61.6268 -2.72986 0.751755 1.2 1 0 0
1 20218 24.3755 -60.4611 -2.25139 0.659437 1.2 1 0 0
1 20219 21.7293 -60.6957 -2.47126 1.5 1.2 1 0 0
1 20220 24.8953 -63.5193 -6.40565 1.47953 1.2 1 0 0
1 20221 27.8976 -60.6408 -9.29486 0.381134 1.2 1 0 0
1 20222 29.8139 -62.5134 -7.15489 0.649037 1.2 1 0 0
1 20223 27.7416 -62.9344 -7.20605 1.46622 1.2 1 0 0
1 20224 28.6587 -60.0333 -10.5441 0.747053 1.2 1 0 0
1 20227 24.8963 -54.0336 -9.02002 1.5 1.2 1 0 0
1 20231 23.2105 -54.9898 -8.44899 0.487085 1.2 1 0 0
1 20235 23.3292 -55.9994 -4.8518 0.30389 1.2 1 0 0
1 20237 23.7521 -55.0802 -11.8903 1.5 1.2 1 0 0
1 20239 27.664 -55.0408 -9.9642 0.714166 1.2 1 0 0
1 20240 26.021 -55.6876 -10.3597 0.907306 1.2 1 0 0
1 20246 34.8153 -52.3087 -11.7467 1.5 1.2 1 0 0
1 20248 34.5307 -54.214 -15.8932 1.30671 1.2 1 0 0
1 20249 26.8267 -54.6311 -15.7125 0.648443 1.2 1 0 0
1 20251 28.9356 -54.5155 -12.7918 1.5 1.2 1 0 0
1 20253 32.7099 -53.6917 -8.67422 1.5 1.2 1 0 0
1 20254 31.224 -55.3415 -10.6964 1.0305 1.2 1 0 0
1 20255 34.4957 -55.3415 -7.35798 0.565984 1.2 1 0 0
1 20256 32.4204 -58.4429 -12.3372 1.5 1.2 1 0 0
1 20257 33.4654 -57.8152 -14.284 0.797071 1.2 1 0 0
1 20258 29.6386 -57.4188 -12.8357 1.48571 1.2 1 0 0
1 20259 29.7243 -57.6465 -14.9772 0.641951 1.2 1 0 0
1 20260 32.8715 -55.3415 -12.6171 1.5 1.2 1 0 0
1 20261 30.9932 -56.6108 -16.7683 0.503465 1.2 1 0 0
1 20262 28.1294 -57.9733 -19.2511 1.5 1.2 1 0 0
1 20263 25.9423 -59.1085 -18.0915 0.909706 1.2 1 0 0
1 20264 26.1051 -59.1526 -16.6486 0.54307 1.2 1 0 0
1 20265 25.7797 -54.3056 -18.7 0.82189 1.2 1 0 0
1 20267 23.5432 -68.3389 -19.7133 1.35545 1.2 1 0 0
1 20268 29.7727 -64.5072 -13.4512 1.05192 1.2 1 0 0
1 20269 27.0689 -65.4406 -14.7866 1.5 1.2 1 0 0
1 20270 28.7387 -62.3975 -16.7691 0.565106 1.2 1 0 0
1 20271 31.7522 -59.9067 -18.3253 0.90862 1.2 1 0 0
1 20273 22.3305 -56.8586 -16.6824 1.5 1.2 1 0 0
1 20274 19.7965 -54.8457 -16.4932 0.312338 1.2 1 0 0
1 20275 19.3395 -55.363 -17.9646 0.989785 1.2 1 0 0
1 20276 16.9157 -62.7613 -16.7889 0.507892 1.2 1 0 0
1 20277 22.1348 -61.4471 -19.4784 0.762865 1.2 1 0 0
1 20278 20.3461 -62.0184 -19.3996 0.43229 1.2 1 0 0
1 20280 17.0241 -61.7245 -19.4268 0.430279 1.2 1 0 0
1 20283 24.8904 -55.559 -15.191 1.5 1.2 1 0 0
1 20284 19.8214 -62.3033 -13.5279 0.475337 1.2 1 0 0
1 20285 19.6768 -61.7162 -15.73 0.667222 1.2 1 0 0
1 20286 14.1879 -63.4653 -14.5737 0.76443 1.2 1 0 0
1 20287 17.0116 -63.3728 -13.3046 0.997227 1.2 1 0 0
1 20288 17.7185 -62.0589 -13.9745 0.63773 1.2 1 0 0
1 20289 20.0482 -62.9659 -16.7396 0.765158 1.2 1 0 0
1 20290 18.0382 -63.3507 -16.8521 0.743185 1.2 1 0 0
1 20291 24.0804 -63.2121 -9.27295 1.5 1.2 1 0 0
1 20292 24.5603 -64.9953 -10.8604 0.857474 1.2 1 0 0
1 20293 18.189 -66.0871 -16.5887 1.22023 1.2 1 0 0
1 20294 22.434 -63.9185 -14.8153 1.5 1.2 1 0 0
1 20295 21.2949 -67.2139 -14.8925 0.683453 1.2 1 0 0
1 20296 21.2165 -68.14 -16.026 0.715671 1.2 1 0 0
1 20307 22.1808 -65.614 -20.4898 1.5 1.2 1 0 0
1 20309 21.3575 -68.0855 -21.7264 1.38361 1.2 1 0 0
1 21728 19.0015 -55.1463 26.9882 0.490992 1.2 1 0 0
1 21729 20.0083 -56.7544 26.1658 0.158741 1.2 1 0 0
1 21732 16.6415 -53.7726 23.7937 0.782643 1.2 1 0 0
1 21741 18.1599 -53.3353 26.7173 1.5 1.2 1 0 0
1 21745 19.081 -53.6112 23.6103 1.5 1.2 1 0 0
1 21746 17.5496 -54.3855 24.9277 0.661565 1.2 1 0 0
1 21747 16.9988 -56.0196 23.6104 1.5 1.2 1 0 0
1 21748 17.1976 -58.002 22.8447 0.634298 1.2 1 0 0
1 21749 18.4789 -57.4055 24.4069 0.671675 1.2 1 0 0
1 21750 18.1733 -55.6988 25.8247 1.02651 1.2 1 0 0
1 21751 18.5955 -55.2859 24.4751 0.446304 1.2 1 0 0
1 21763 14.5273 -54.5933 23.0843 1.2661 1.2 1 0 0
1 21777 14.2931 -54.4693 26.8821 0.398246 1.2 1 0 0
1 21782 13.9358 -52.6561 27.2308 1.48011 1.2 1 0 0
1 21793 12.2917 -53.5293 25.1143 0.882828 1.2 1 0 0
1 21794 14.1879 -55.2487 24.6766 0.454713 1.2 1 0 0
1 21795 13.7423 -54.1954 24.7835 0.623999 1.2 1 0 0
1 22187 10.9657 -55.104 18.6709 0.387412 1.2 1 0 0
1 22188 10.8922 -53.4547 18.9076 1.25113 1.2 1 0 0
1 22189 10.6791 -55.3047 16.1189 0.540071 1.2 1 0 0
1 22190 9.56325 -56.1241 16.7189 0.890141 1.2 1 0 0
1 22191 10.8005 -57.2078 16.8192 0.60641 1.2 1 0 0
1 22192 13.4388 -55.3416 19.9527 1.11995 1.2 1 0 0
1 22193 11.865 -54.6555 19.8829 0.575732 1.2 1 0 0
1 22194 12.7811 -52.9059 21.0094 1.5 1.2 1 0 0
1 22195 13.2406 -55.049 21.7046 0.660815 1.2 1 0 0
1 22196 12.3459 -54.7852 20.9397 0.418649 1.2 1 0 0
1 22197 12.9837 -53.7495 18.8493 0.822649 1.2 1 0 0
1 22198 14.837 -54.1665 18.5653 0.911567 1.2 1 0 0
1 22223 9.45565 -53.6907 16.3635 1.5 1.2 1 0 0
1 22244 4.29856 -52.8009 17.2275 1.3764 1.2 1 0 0
1 22245 3.14064 -54.3282 14.1204 1.36912 1.2 1 0 0
1 22249 8.00192 -56.1818 14.8597 1.5 1.2 1 0 0
1 22250 7.59994 -57.9553 13.7032 0.654837 1.2 1 0 0
1 22251 8.83372 -58.2683 14.3949 0.793797 1.2 1 0 0
1 22252 9.52556 -57.7679 15.6315 0.708971 1.2 1 0 0
1 22253 6.4453 -55.1611 14.3995 0.397182 1.2 1 0 0
1 22254 7.35146 -54.4529 13.8758 0.5722 1.2 1 0 0
1 22255 4.30097 -54.7543 16.1291 0.853621 1.2 1 0 0
1 22256 5.30479 -55.8306 14.7616 0.861713 1.2 1 0 0
1 22257 8.10833 -57.0023 16.5123 0.348131 1.2 1 0 0
1 22258 7.78485 -55.3164 16.9523 0.680964 1.2 1 0 0
1 22259 7.14767 -53.6454 17.6732 1.14927 1.2 1 0 0
1 22260 7.44608 -54.3211 15.9005 0.65642 1.2 1 0 0
1 22261 6.3058 -57.2701 12.1989 0.346637 1.2 1 0 0
1 22262 6.77998 -56.9524 11.2595 0.573468 1.2 1 0 0
1 22273 0.921625 -54.7124 17.5172 0.603896 1.2 1 0 0
1 22278 0.563039 -53.9543 15.5776 1.5 1.2 1 0 0
1 22868 20.0837 -53.3593 0.453972 1.23076 1.2 1 0 0
1 22870 23.6497 -57.7457 4.90904 0.23169 1.2 1 0 0
1 22871 23.5494 -57.0931 5.33005 0.551406 1.2 1 0 0
1 22872 22.9436 -55.1313 5.31673 1.5 1.2 1 0 0
1 22873 23.1142 -54.6708 3.30077 0.570571 1.2 1 0 0
1 22874 18.2319 -57.5936 6.19346 0.543282 1.2 1 0 0
1 22875 18.3479 -57.1086 5.26366 0.43269 1.2 1 0 0
1 22876 18.2707 -56.8805 7.26386 0.743476 1.2 1 0 0
1 22877 16.3516 -56.8973 5.4683 0.412698 1.2 1 0 0
1 22879 15.8062 -57.3282 5.75562 0.280797 1.2 1 0 0
1 22880 17.4681 -56.9496 7.70822 0.176551 1.2 1 0 0
1 22882 21.3603 -54.9714 6.82107 0.687268 1.2 1 0 0
1 22884 19.5947 -55.0545 5.67698 0.602527 1.2 1 0 0
1 22885 19.7008 -54.5099 4.77415 0.426099 1.2 1 0 0
1 22886 20.313 -56.9299 6.33654 1.5 1.2 1 0 0
1 22887 19.5421 -54.4837 7.93483 1.5 1.2 1 0 0
1 22888 20.7161 -53.7768 5.64267 1.09786 1.2 1 0 0
1 22891 19.9861 -55.3415 3.06041 1.5 1.2 1 0 0
1 22893 19.1007 -56.466 4.63459 0.62734 1.2 1 0 0
1 22895 16.8417 -55.5093 1.86203 0.797834 1.2 1 0 0
1 22896 17.3667 -54.585 3.19786 0.909284 1.2 1 0 0
1 22898 18.2491 -54.8893 2.09898 0.519455 1.2 1 0 0
1 22905 17.7739 -52.3663 6.63647 1.48644 1.2 1 0 0
1 22914 23.7011 -57.1875 3.26635 1.5 1.2 1 0 0
1 22915 22.8012 -56.7763 -1.37041 0.800245 1.2 1 0 0
1 22916 22.5155 -56.6542 1.96281 0.338987 1.2 1 0 0
1 22917 22.6893 -55.3071 1.86688 1.02266 1.2 1 0 0
1 22918 22.4149 -58.6187 -0.048556 1.5 1.2 1 0 0
1 22919 22.6902 -56.805 -0.231578 0.343644 1.2 1 0 0
1 22920 20.7525 -58.8471 -1.36718 0.623746 1.2 1 0 0
1 22921 20.8931 -59.9992 -0.239532 0.558468 1.2 1 0 0
1 22922 19.5534 -60.0696 -1.19695 1.08778 1.2 1 0 0
1 22923 17.7359 -57.6157 0.728575 0.587503 1.2 1 0 0
1 22924 18.1528 -57.0676 0.146474 0.309639 1.2 1 0 0
1 22925 18.0245 -57.8885 -1.08854 0.499199 1.2 1 0 0
1 22926 18.0942 -57.4546 -0.488949 0.244229 1.2 1 0 0
1 22927 19.4113 -58.0327 0.01673 1.27996 1.2 1 0 0
1 22928 19.6727 -56.7656 -1.25097 0.531137 1.2 1 0 0
1 22929 20.2038 -57.9316 1.47133 0.379612 1.2 1 0 0
1 22930 20.9404 -57.6142 0.645778 0.414488 1.2 1 0 0
1 22931 21.3353 -57.3588 1.95086 0.972698 1.2 1 0 0
1 22932 20.3954 -57.2481 3.03625 0.450207 1.2 1 0 0
1 22933 20.3876 -56.7733 2.26086 0.183617 1.2 1 0 0
1 22934 22.8173 -54.986 -0.242444 0.402833 1.2 1 0 0
1 22935 22.4411 -53.8825 0.32806 0.888256 1.2 1 0 0
1 22936 19.5421 -54.9859 0.911353 0.543548 1.2 1 0 0
1 22938 19.694 -54.7078 -0.6056 0.388269 1.2 1 0 0
1 22939 22.2889 -55.3415 -1.55765 0.407997 1.2 1 0 0
1 22940 21.4046 -54.382 -1.81966 0.781579 1.2 1 0 0
1 22991 13.1895 -59.3328 13.0487 1.5 1.2 1 0 0
1 22992 12.6366 -59.4502 10.6298 0.866779 1.2 1 0 0
1 22993 11.5108 -58.9533 11.5786 0.687112 1.2 1 0 0
1 22994 10.0212 -58.2523 12.656 1.23443 1.2 1 0 0
1 22995 10.5776 -57.1434 11.4252 0.476503 1.2 1 0 0
1 22996 8.09137 -54.3563 10.9529 0.705359 1.2 1 0 0
1 22997 9.69466 -54.5034 11.1257 0.658094 1.2 1 0 0
1 22998 9.0734 -54.6454 10.0977 0.529021 1.2 1 0 0
1 22999 7.40231 -57.7678 11.1363 0.402693 1.2 1 0 0
1 23000 7.10229 -57.211 10.2836 0.45776 1.2 1 0 0
1 23001 6.71037 -55.9258 9.73483 0.959116 1.2 1 0 0
1 23002 7.88105 -54.6002 9.78114 0.508561 1.2 1 0 0
1 23003 7.27278 -54.5108 8.82631 0.381749 1.2 1 0 0
1 23005 12.9513 -55.3415 14.1834 0.499177 1.2 1 0 0
1 23006 9.88005 -56.5903 12.534 0.417095 1.2 1 0 0
1 23007 9.73001 -55.3059 12.5847 0.665375 1.2 1 0 0
1 23008 10.1785 -56.8586 13.6866 0.505204 1.2 1 0 0
1 23009 11.7346 -56.1212 12.6593 1.5 1.2 1 0 0
1 23010 11.6884 -54.3952 14.9152 1.24034 1.2 1 0 0
1 23011 10.961 -56.6703 15.1434 1.15907 1.2 1 0 0
1 23012 10.4342 -54.467 12.9384 0.46506 1.2 1 0 0
1 23013 12.7063 -54.2993 11.5801 0.80174 1.2 1 0 0
1 23014 11.0107 -53.7833 11.7914 0.98316 1.2 1 0 0
1 23015 10.614 -55.3415 11.1188 0.558375 1.2 1 0 0
1 23016 11.2387 -57.4422 9.57177 1.5 1.2 1 0 0
1 23017 9.82524 -56.245 9.45691 0.355914 1.2 1 0 0
1 23018 9.08185 -57.3469 8.99893 0.681531 1.2 1 0 0
1 23019 8.6701 -58.167 10.1442 0.390651 1.2 1 0 0
1 23020 9.94928 -56.7489 7.30179 0.459726 1.2 1 0 0
1 23021 9.81166 -57.3004 8.07656 0.494931 1.2 1 0 0
1 23022 9.28351 -56.961 7.58041 0.271685 1.2 1 0 0
1 23023 17.0339 -54.3511 10.0149 0.459071 1.2 1 0 0
1 23024 16.5264 -52.9781 9.30399 1.1613 1.2 1 0 0
1 23025 16.5673 -56.4016 10.8525 0.615497 1.2 1 0 0
1 23026 15.923 -55.4362 9.48043 1.18165 1.2 1 0 0
1 23027 17.9175 -55.1877 9.63179 0.814267 1.2 1 0 0
1 23028 18.5974 -53.4464 10.2064 1.14138 1.2 1 0 0
1 23030 14.3242 -55.0644 9.55472 0.421682 1.2 1 0 0
1 23031 13.0745 -57.9782 8.12162 0.900046 1.2 1 0 0
1 23032 11.9299 -57.4333 7.38981 0.563129 1.2 1 0 0
1 23033 14.321 -54.7796 12.985 1.38413 1.2 1 0 0
1 23034 13.3943 -55.3396 11.4767 0.449749 1.2 1 0 0
1 23035 15.0051 -59.8097 11.3206 1.02708 1.2 1 0 0
1 23036 14.0669 -57.5649 10.5882 1.5 1.2 1 0 0
1 23037 16.0304 -57.394 10.4829 0.473693 1.2 1 0 0
1 23038 14.2638 -57.3201 12.7962 0.725424 1.2 1 0 0
1 23039 15.2825 -54.7266 10.9692 0.48961 1.2 1 0 0
1 23040 14.3247 -55.1669 11.0322 0.563344 1.2 1 0 0
1 23041 14.7329 -55.1 10.2817 0.291951 1.2 1 0 0
1 23042 14.1879 -53.3977 10.233 1.3829 1.2 1 0 0
1 23043 14.0149 -55.7548 7.62333 1.5 1.2 1 0 0
1 23044 14.4903 -57.9204 7.29097 0.741865 1.2 1 0 0
1 23045 15.2381 -57.1716 7.77062 0.372463 1.2 1 0 0
1 23046 16.4849 -57.3859 6.98145 1.11861 1.2 1 0 0
1 23047 14.9901 -55.2087 5.35876 1.02539 1.2 1 0 0
1 23048 15.0328 -56.8744 6.01281 0.620837 1.2 1 0 0
1 23052 6.59637 -54.1497 7.82187 0.877793 1.2 1 0 0
1 23066 12.9287 -53.7721 6.52906 0.947039 1.2 1 0 0
1 23067 12.7858 -55.8138 5.94245 0.583178 1.2 1 0 0
1 23068 11.9453 -54.6213 5.45832 0.732457 1.2 1 0 0
1 23069 13.3371 -54.7651 5.30533 0.675149 1.2 1 0 0
1 23070 9.82498 -54.91 6.49899 0.360856 1.2 1 0 0
1 23071 10.611 -53.0493 6.4267 1.44847 1.2 1 0 0
1 23072 10.9178 -54.8541 5.65292 0.299036 1.2 1 0 0
1 23073 10.4551 -54.5048 7.65502 0.398647 1.2 1 0 0
1 23074 11.3199 -55.764 7.03936 1.24831 1.2 1 0 0
1 23093 17.3988 -55.0729 0.614379 0.514817 1.2 1 0 0
1 23094 17.3768 -53.1523 1.22897 1.5 1.2 1 0 0
1 23095 16.5346 -54.1136 -0.682593 0.799442 1.2 1 0 0
1 23096 17.2561 -54.6955 -1.53075 0.454155 1.2 1 0 0
1 23097 13.6906 -55.822 0.590274 0.775731 1.2 1 0 0
1 23098 15.1251 -56.2277 0.817878 0.709683 1.2 1 0 0
1 23100 28.8361 -53.6838 14.4284 1.16894 1.2 1 0 0
1 23104 31.6747 -53.4323 13.8126 1.05623 1.2 1 0 0
1 23107 29.7502 -58.0967 14.5323 1.04193 1.2 1 0 0
1 23108 29.8986 -57.3476 15.9146 0.480406 1.2 1 0 0
1 23109 29.6482 -58.7744 15.8955 0.476624 1.2 1 0 0
1 23110 27.8542 -56.4527 14.937 1.5 1.2 1 0 0
1 23111 26.5148 -57.6626 16.0361 0.613327 1.2 1 0 0
1 23112 27.7556 -56.7262 16.8066 0.392145 1.2 1 0 0
1 23113 27.5341 -56.1364 16.6293 0.251139 1.2 1 0 0
1 23114 30.1878 -56.6195 16.6574 0.599145 1.2 1 0 0
1 23115 29.2249 -56.7681 16.2224 0.405404 1.2 1 0 0
1 23116 28.6697 -58.0695 17.045 1.18939 1.2 1 0 0
1 23117 30.6863 -53.7007 16.929 0.921768 1.2 1 0 0
1 23118 30.6572 -55.1554 17.1026 0.503269 1.2 1 0 0
1 23119 28.7469 -55.3415 17.5211 1.45115 1.2 1 0 0
1 23120 28.1645 -54.6003 15.6955 0.513402 1.2 1 0 0
1 23121 30.4075 -55.3832 15.2513 1.28599 1.2 1 0 0
1 23123 30.8976 -56.76 13.6793 0.80853 1.2 1 0 0
1 23124 30.9008 -57.0102 12.1976 0.688919 1.2 1 0 0
1 23125 30.8145 -57.433 12.956 0.182948 1.2 1 0 0
1 23126 29.1284 -55.2431 14.0486 0.462304 1.2 1 0 0
1 23128 29.5006 -56.5238 13.5502 0.517457 1.2 1 0 0
1 23129 28.5759 -57.6117 12.6019 1.19654 1.2 1 0 0
1 23130 30.175 -54.9507 12.4057 1.5 1.2 1 0 0
1 23131 31.6658 -55.0655 13.854 0.577494 1.2 1 0 0
1 23150 23.8958 -52.6181 9.20827 1.5 1.2 1 0 0
1 23154 27.0649 -53.5013 16.507 1.24031 1.2 1 0 0
1 23173 25.7235 -54.9125 15.9775 0.603134 1.2 1 0 0
1 23174 26.3792 -54.4535 14.5799 1.00378 1.2 1 0 0
1 23175 23.4661 -56.0168 14.3391 1.00145 1.2 1 0 0
1 23176 25.1567 -56.219 15.346 0.751871 1.2 1 0 0
1 23177 23.7276 -55.0419 16.6278 1.5 1.2 1 0 0
1 23178 26.1995 -56.1817 17.2859 1.23512 1.2 1 0 0
1 23179 25.71 -54.5128 17.0649 0.517851 1.2 1 0 0
1 23180 24.0212 -54.6101 14.3467 0.510845 1.2 1 0 0
1 23181 24.8963 -53.8232 13.6922 0.835772 1.2 1 0 0
1 23182 30.1755 -55.7584 10.3666 0.416379 1.2 1 0 0
1 23183 30.1137 -58.0272 10.4531 1.47834 1.2 1 0 0
1 23184 27.3019 -57.0814 10.1901 1.5 1.2 1 0 0
1 23185 28.3502 -55.3415 9.769 0.555887 1.2 1 0 0
1 23186 28.4802 -55.1089 10.8336 0.375507 1.2 1 0 0
1 23187 29.1781 -56.0728 10.784 0.709626 1.2 1 0 0
1 23188 28.8649 -56.9596 11.1987 0.318236 1.2 1 0 0
1 23189 26.2758 -54.4471 8.78052 0.452238 1.2 1 0 0
1 23192 22.0485 -54.8951 9.04885 1.27348 1.2 1 0 0
1 23193 23.5001 -54.2837 7.50583 0.912507 1.2 1 0 0
1 23194 27.9966 -55.3415 11.8596 0.779563 1.2 1 0 0
1 23195 27.548 -54.5722 13.2023 0.739182 1.2 1 0 0
1 23199 26.3544 -53.8425 12.6543 0.763332 1.2 1 0 0
1 23200 24.5875 -54.3423 11.2366 0.855052 1.2 1 0 0
1 23201 23.1311 -54.9509 10.7892 0.776939 1.2 1 0 0
1 23248 18.1288 -59.5521 16.5397 0.735725 1.2 1 0 0
1 23249 17.4168 -60.8019 16.3623 0.678606 1.2 1 0 0
1 23250 17.7539 -58.3914 15.7566 0.62731 1.2 1 0 0
1 23251 16.6202 -57.4002 16.5708 0.493754 1.2 1 0 0
1 23252 14.1879 -53.7339 15.855 1.5 1.2 1 0 0
1 23253 14.1725 -55.6353 16.361 0.466379 1.2 1 0 0
1 23254 13.711 -59.9171 15.3242 0.895847 1.2 1 0 0
1 23255 11.9248 -58.9123 15.2719 1.09216 1.2 1 0 0
1 23256 12.5298 -60.1794 15.3417 0.313675 1.2 1 0 0
1 23257 11.8812 -60.1585 14.8597 0.221087 1.2 1 0 0
1 23258 12.6881 -57.2222 16.3452 0.329555 1.2 1 0 0
1 23259 12.3007 -56.3856 15.7318 0.331597 1.2 1 0 0
1 23260 12.1143 -57.5244 15.9114 0.44772 1.2 1 0 0
1 23261 13.853 -56.9754 14.9561 1.5 1.2 1 0 0
1 23262 15.6528 -60.3259 17.8795 0.462773 1.2 1 0 0
1 23263 15.5693 -59.7382 18.583 0.39104 1.2 1 0 0
1 23264 17.0746 -59.8686 18.5394 1.10904 1.2 1 0 0
1 23265 15.7641 -59.8413 19.4273 0.471056 1.2 1 0 0
1 23266 14.2665 -57.5887 18.3962 0.240717 1.2 1 0 0
1 23267 15.3634 -56.3816 17.7362 1.5 1.2 1 0 0
1 23268 14.9564 -58.002 17.1169 0.281785 1.2 1 0 0
1 23269 14.751 -59.756 18.0135 0.606142 1.2 1 0 0
1 23270 14.197 -59.966 17.0854 0.494979 1.2 1 0 0
1 23271 15.5669 -57.3478 15.8517 0.469346 1.2 1 0 0
1 23272 15.3494 -55.2702 14.7618 0.714559 1.2 1 0 0
1 23273 15.4834 -55.9974 15.7599 0.516021 1.2 1 0 0
1 23274 17.012 -59.243 12.3753 0.433047 1.2 1 0 0
1 23275 15.865 -59.8224 13.3676 1.18729 1.2 1 0 0
1 23276 21.0179 -52.9082 18.282 1.5 1.2 1 0 0
1 23278 20.1893 -57.7579 19.2721 0.906547 1.2 1 0 0
1 23279 20.5048 -56.9524 18.328 0.364968 1.2 1 0 0
1 23280 20.0492 -59.2805 17.9592 0.840689 1.2 1 0 0
1 23281 19.965 -57.7766 17.0178 0.318628 1.2 1 0 0
1 23282 20.1149 -56.7877 16.2134 0.700335 1.2 1 0 0
1 23283 20.1224 -56.7916 17.5835 0.487346 1.2 1 0 0
1 23284 20.0937 -55.2017 17.1615 1.14754 1.2 1 0 0
1 23285 21.7811 -55.7391 17.1523 0.623335 1.2 1 0 0
1 23286 21.5207 -54.9155 16.8439 0.293805 1.2 1 0 0
1 23288 19.5424 -54.5727 18.8134 0.701879 1.2 1 0 0
1 23289 18.4963 -55.6824 19.394 0.929873 1.2 1 0 0
1 23290 15.5529 -54.3692 17.2771 0.566959 1.2 1 0 0
1 23291 17.314 -55.8501 17.8818 0.512587 1.2 1 0 0
1 23292 16.0949 -54.929 18.8058 0.436524 1.2 1 0 0
1 23293 17.0146 -56.2522 19.1217 0.627273 1.2 1 0 0
1 23294 17.589 -53.9832 20.3717 0.627549 1.2 1 0 0
1 23296 18.8449 -57.1945 20.0261 0.706365 1.2 1 0 0
1 23297 19.9192 -59.9901 20.1902 1.5 1.2 1 0 0
1 23298 15.8216 -57.093 19.6434 0.58648 1.2 1 0 0
1 23299 17.637 -56.9208 19.2846 0.300618 1.2 1 0 0
1 23300 16.9565 -56.6746 21.7318 0.489938 1.2 1 0 0
1 23301 18.2367 -55.9737 21.4391 0.989076 1.2 1 0 0
1 23302 18.0124 -57.3082 22.1728 0.550249 1.2 1 0 0
1 23303 17.098 -58.3846 20.6852 1.5 1.2 1 0 0
1 23304 17.8688 -60.427 19.959 0.609155 1.2 1 0 0
1 23305 19.6109 -58.5475 15.528 1.25025 1.2 1 0 0
1 23306 19.0722 -56.3082 15.4557 0.673443 1.2 1 0 0
1 23307 18.5747 -57.2293 15.8655 0.446742 1.2 1 0 0
1 23308 19.6565 -57.0389 15.4042 0.263017 1.2 1 0 0
1 23309 18.8094 -54.4478 16.7866 0.387941 1.2 1 0 0
1 23311 16.3356 -54.8239 16.1035 0.915212 1.2 1 0 0
1 23312 18.1862 -55.5293 16.4607 0.875041 1.2 1 0 0
1 23313 17.174 -56.2892 16.9779 0.402865 1.2 1 0 0
1 23314 17.8721 -57.5378 16.0307 0.275027 1.2 1 0 0
1 23315 18.3141 -57.597 17.7593 1.5 1.2 1 0 0
1 23317 21.5657 -54.2007 15.8127 0.958864 1.2 1 0 0
1 23318 19.228 -53.9094 15.019 1.5 1.2 1 0 0
1 23319 20.6343 -54.6024 13.445 0.666049 1.2 1 0 0
1 23324 16.062 -55.2792 13.6244 0.5273 1.2 1 0 0
1 23325 16.8763 -54.2321 14.4219 0.947668 1.2 1 0 0
1 23328 17.7748 -57.0768 12.9438 0.443553 1.2 1 0 0
1 23329 18.085 -56.756 11.7201 0.774962 1.2 1 0 0
1 23330 17.7966 -57.92 11.2763 0.498711 1.2 1 0 0
1 23331 18.5285 -57.9474 14.4852 0.368152 1.2 1 0 0
1 23332 19.576 -57.7307 14.1589 0.335743 1.2 1 0 0
1 23333 20.2526 -55.2224 14.7775 0.182015 1.2 1 0 0
1 23334 20.5903 -55.2308 15.5981 0.475919 1.2 1 0 0
1 23335 19.8896 -57.034 12.6771 0.437121 1.2 1 0 0
1 23336 18.8734 -56.2518 13.1264 0.914291 1.2 1 0 0
1 23337 20.0792 -55.8867 11.0547 1.5 1.2 1 0 0
1 23338 21.2998 -54.7278 11.8156 0.334232 1.2 1 0 0
1 23341 19.5421 -53.5628 12.3503 1.19728 1.2 1 0 0
1 23342 20.1175 -54.9644 12.6593 0.341743 1.2 1 0 0
1 23343 18.4549 -54.9127 10.7183 0.418243 1.2 1 0 0
1 23344 20.4378 -53.9781 9.89813 0.716381 1.2 1 0 0
1 23348 28.1742 -54.8427 20.0778 0.511092 1.2 1 0 0
1 23349 28.9838 -54.5908 20.728 0.514012 1.2 1 0 0
1 23351 29.377 -53.9436 19.4214 0.966125 1.2 1 0 0
1 23352 26.5645 -54.6782 20.6649 0.552393 1.2 1 0 0
1 23359 25.9595 -54.3742 24.1112 0.977594 1.2 1 0 0
1 23362 25.1559 -53.3229 17.7675 0.970979 1.2 1 0 0
1 23366 21.3257 -54.6237 20.8332 0.501912 1.2 1 0 0
1 23367 19.6224 -56.9542 23.1453 0.228542 1.2 1 0 0
1 23369 18.9345 -56.5272 22.9658 0.599805 1.2 1 0 0
1 23370 20.3777 -57.2313 21.6127 1.5 1.2 1 0 0
1 23371 19.532 -54.084 20.8213 1.36459 1.2 1 0 0
1 23372 21.5789 -55.6966 19.1972 1.42003 1.2 1 0 0
1 23373 25.4241 -56.0107 23.9463 0.745666 1.2 1 0 0
1 23374 23.8859 -55.4146 24.7829 1.10403 1.2 1 0 0
1 23375 20.397 -56.4035 24.5891 1.5 1.2 1 0 0
1 23376 20.8285 -54.444 24.2559 0.525501 1.2 1 0 0
1 23377 23.3351 -54.5211 26.1141 0.591199 1.2 1 0 0
1 23378 22.3874 -55.3415 26.0199 0.654882 1.2 1 0 0
1 23379 22.6216 -56.7932 24.9012 0.770338 1.2 1 0 0
1 23380 22.1667 -55.0859 24.2881 0.714838 1.2 1 0 0
1 23382 21.9669 -59.2047 22.5266 1.14081 1.2 1 0 0
1 23383 23.3049 -60.3774 21.8693 0.693208 1.2 1 0 0
1 23384 18.7361 -58.3221 23.0861 0.955558 1.2 1 0 0
1 23385 18.9142 -59.5843 22.0702 0.670022 1.2 1 0 0
1 23386 20.7068 -60.3275 22.0496 0.547284 1.2 1 0 0
1 23387 21.5298 -61.1599 21.1045 0.662782 1.2 1 0 0
1 23397 22.3064 -53.5345 20.5826 0.984219 1.2 1 0 0
1 23404 24.9239 -54.0832 25.3507 0.656242 1.2 1 0 0
1 23408 23.7969 -53.5965 22.84 1.5 1.2 1 0 0
1 23420 28.3321 -58.0186 18.8766 0.673831 1.2 1 0 0
1 23421 29.0601 -56.8599 18.9286 0.634051 1.2 1 0 0
1 23422 28.0595 -57.0392 18.2587 0.513627 1.2 1 0 0
1 23423 25.8614 -57.8844 18.6775 0.747789 1.2 1 0 0
1 23424 24.9384 -59.072 18.8015 0.756636 1.2 1 0 0
1 23425 27.1517 -56.5724 19.9944 1.5 1.2 1 0 0
1 23426 28.3762 -57.15 20.9782 0.173518 1.2 1 0 0
1 23427 27.2407 -59.1109 19.5002 0.991391 1.2 1 0 0
1 23428 26.7082 -57.8032 18.9792 0.154892 1.2 1 0 0
1 23429 23.2464 -56.6151 17.7707 0.502729 1.2 1 0 0
1 23430 24.9771 -57.04 18.0785 0.452854 1.2 1 0 0
1 23431 23.5102 -57.7032 17.9726 0.392033 1.2 1 0 0
1 23432 22.3154 -54.4244 17.9352 0.517467 1.2 1 0 0
1 23433 23.2472 -53.7541 18.4878 0.751922 1.2 1 0 0
1 23434 22.7562 -56.831 18.4376 0.35097 1.2 1 0 0
1 23435 23.9912 -57.25 19.7511 1.5 1.2 1 0 0
1 23436 25.7693 -55.3415 22.1168 1.23099 1.2 1 0 0
1 23437 26.0148 -57.1939 22.8178 0.764792 1.2 1 0 0
1 23438 26.8981 -57.65 21.8176 0.611709 1.2 1 0 0
1 23439 25.4685 -58.7503 21.4835 1.22298 1.2 1 0 0
1 23440 23.4693 -59.0832 21.2356 0.749257 1.2 1 0 0
1 23441 24.7416 -60.5438 21.2069 0.715299 1.2 1 0 0
1 23442 25.3739 -56.9804 21.537 0.550279 1.2 1 0 0
1 23443 24.5317 -55.8249 21.0714 0.459639 1.2 1 0 0
1 23444 26.0697 -54.8433 18.4693 0.556092 1.2 1 0 0
1 23445 25.1331 -55.0282 18.0397 0.490791 1.2 1 0 0
1 23446 26.9432 -60.0806 13.5916 1.5 1.2 1 0 0
1 23447 27.1734 -62.541 13.8503 0.868387 1.2 1 0 0
1 23448 29.1417 -59.8914 12.0758 1.17711 1.2 1 0 0
1 23449 28.0808 -58.9813 12.793 0.272081 1.2 1 0 0
1 23450 26.5801 -58.0186 13.7775 0.6019 1.2 1 0 0
1 23451 25.8301 -57.4863 14.8186 0.775865 1.2 1 0 0
1 23452 25.2226 -60.2608 15.1942 0.855946 1.2 1 0 0
1 23453 25.5133 -58.7027 15.3843 0.589628 1.2 1 0 0
1 23454 26.4074 -58.1188 12.2439 0.93968 1.2 1 0 0
1 23455 25.4901 -57.6835 12.7399 0.190268 1.2 1 0 0
1 23456 25.2826 -58.9003 12.9906 0.620281 1.2 1 0 0
1 23457 29.1772 -59.3783 16.302 0.390455 1.2 1 0 0
1 23458 28.4409 -60.2751 16.3624 0.763929 1.2 1 0 0
1 23459 27.1829 -61.6965 15.719 1.1823 1.2 1 0 0
1 23460 26.4301 -60.3992 15.3505 0.359773 1.2 1 0 0
1 23461 29.0494 -60.1721 15.0636 0.65848 1.2 1 0 0
1 23462 28.03 -59.0282 15.3789 0.836441 1.2 1 0 0
1 23463 29.3301 -60.1167 10.0906 0.782479 1.2 1 0 0
1 23464 28.3236 -59.1641 10.6197 0.643653 1.2 1 0 0
1 23465 25.4451 -61.5391 12.7183 0.610012 1.2 1 0 0
1 23466 26.1042 -62.9057 12.442 0.90908 1.2 1 0 0
1 23467 25.4894 -62.776 10.9329 0.675298 1.2 1 0 0
1 23468 26.4946 -62.9169 11.2194 0.373365 1.2 1 0 0
1 23469 23.3184 -59.559 12.1025 0.765279 1.2 1 0 0
1 23470 22.4773 -59.4582 12.9746 0.403696 1.2 1 0 0
1 23471 23.6139 -58.6988 14.3131 1.5 1.2 1 0 0
1 23472 21.3281 -59.6196 14.6544 0.954596 1.2 1 0 0
1 23473 22.9251 -62.41 13.5144 0.438017 1.2 1 0 0
1 23474 23.8998 -62.9785 11.9407 1.19149 1.2 1 0 0
1 23475 23.3456 -61.4324 11.8148 0.391169 1.2 1 0 0
1 23476 22.2329 -62.5978 10.9795 0.760413 1.2 1 0 0
1 23477 19.0881 -61.1762 12.0412 1.09028 1.2 1 0 0
1 23478 20.3411 -62.294 11.4894 0.608498 1.2 1 0 0
1 23479 20.3014 -60.2451 11.3087 0.605478 1.2 1 0 0
1 23480 17.5312 -60.5526 12.7938 0.720287 1.2 1 0 0
1 23481 17.3047 -59.6518 10.8652 1.13503 1.2 1 0 0
1 23482 20.0343 -60.2128 12.6593 0.393539 1.2 1 0 0
1 23483 18.8212 -58.716 12.8064 1.5 1.2 1 0 0
1 23484 20.1374 -59.8017 13.6924 0.422609 1.2 1 0 0
1 23485 18.947 -59.9913 10.9554 0.51939 1.2 1 0 0
1 23486 19.5152 -61.0265 10.482 0.53323 1.2 1 0 0
1 23487 19.6598 -63.2844 15.1041 0.774244 1.2 1 0 0
1 23488 20.4705 -62.338 15.1097 0.448656 1.2 1 0 0
1 23489 21.0045 -61.5925 14.6007 0.600164 1.2 1 0 0
1 23490 20.5277 -60.2708 15.6224 0.453053 1.2 1 0 0
1 23491 18.9614 -61.1389 14.8192 1.5 1.2 1 0 0
1 23492 19.8571 -62.6415 13.1261 0.8884 1.2 1 0 0
1 23493 21.3495 -63.2338 12.263 0.640229 1.2 1 0 0
1 23494 21.6597 -58.5977 11.9342 1.15925 1.2 1 0 0
1 23495 21.2501 -59.861 11.0023 0.462992 1.2 1 0 0
1 23496 19.2009 -57.8267 10.7997 0.631616 1.2 1 0 0
1 23497 20.3763 -57.9313 10.9951 0.564527 1.2 1 0 0
1 23498 20.8436 -59.2767 13.2701 0.547155 1.2 1 0 0
1 23499 20.7193 -57.2704 12.3351 0.490925 1.2 1 0 0
1 23500 22.645 -57.2961 13.2526 0.496806 1.2 1 0 0
1 23501 26.7818 -61.691 17.7438 0.795905 1.2 1 0 0
1 23502 26.5721 -62.7786 17.0252 0.494 1.2 1 0 0
1 23503 25.8232 -61.3239 16.6477 0.448227 1.2 1 0 0
1 23504 26.1442 -62.1455 18.7424 0.470368 1.2 1 0 0
1 23505 24.6532 -62.6023 17.5379 1.5 1.2 1 0 0
1 23506 25.7727 -60.6957 19.4186 1.17035 1.2 1 0 0
1 23507 26.4022 -59.5147 17.0922 1.5 1.2 1 0 0
1 23508 25.2541 -59.8649 18.3788 0.183317 1.2 1 0 0
1 23509 24.6161 -60.2137 18.2254 0.559878 1.2 1 0 0
1 23510 24.6438 -62.4277 14.4694 1.5 1.2 1 0 0
1 23511 26.0702 -63.3349 15.9632 0.741506 1.2 1 0 0
1 23512 25.733 -62.2344 16.0361 0.385985 1.2 1 0 0
1 23513 21.3501 -60.1391 18.3484 0.764467 1.2 1 0 0
1 23514 20.3288 -60.6924 18.4621 0.402586 1.2 1 0 0
1 23515 20.716 -59.6181 16.6363 0.637123 1.2 1 0 0
1 23516 19.1272 -62.6135 16.4139 0.67616 1.2 1 0 0
1 23517 18.9282 -61.0309 17.6082 1.25618 1.2 1 0 0
1 23518 19.9624 -62.6638 17.9205 0.68975 1.2 1 0 0
1 23519 20.1929 -63.5116 16.6529 0.736569 1.2 1 0 0
1 23520 23.2753 -62.2056 16.1616 0.480188 1.2 1 0 0
1 23521 22.798 -62.2571 15.2792 0.521358 1.2 1 0 0
1 23522 23.1924 -63.0344 15.5105 0.380509 1.2 1 0 0
1 23523 23.118 -60.6957 19.7074 1.5 1.2 1 0 0
1 23524 22.725 -62.4705 20.1954 0.382082 1.2 1 0 0
1 23525 24.1198 -64.2453 15.6248 0.716617 1.2 1 0 0
1 23526 22.6681 -63.8673 16.5474 1.038 1.2 1 0 0
1 23527 24.4293 -57.7266 16.6851 1.19006 1.2 1 0 0
1 23528 22.6875 -56.7855 15.6012 0.668927 1.2 1 0 0
1 23529 23.1556 -56.8291 16.4897 0.336217 1.2 1 0 0
1 23530 23.6026 -59.9893 16.7663 1.22026 1.2 1 0 0
1 23531 22.525 -59.602 18.0951 0.533858 1.2 1 0 0
1 23532 22.6871 -60.8586 14.7966 0.877603 1.2 1 0 0
1 23533 22.2192 -59.8374 15.7857 0.482241 1.2 1 0 0
1 23534 27.3208 -59.9532 8.89713 1.5 1.2 1 0 0
1 23535 28.5254 -60.0827 7.30507 0.496923 1.2 1 0 0
1 23536 25.2964 -60.6465 8.44411 0.687276 1.2 1 0 0
1 23537 24.1925 -61.4167 8.87399 0.725535 1.2 1 0 0
1 23538 23.5924 -60.0319 7.95156 0.990775 1.2 1 0 0
1 23539 24.4636 -60.1767 9.05185 0.420099 1.2 1 0 0
1 23540 25.5511 -57.0732 9.75426 0.293406 1.2 1 0 0
1 23541 25.7035 -57.4443 9.36248 0.247349 1.2 1 0 0
1 23542 26.009 -57.0972 8.54808 0.587469 1.2 1 0 0
1 23543 24.9611 -58.6243 8.94267 1.20852 1.2 1 0 0
1 23544 25.504 -59.6417 6.96982 1.07663 1.2 1 0 0
1 23545 25.6605 -59.7734 8.34833 0.257838 1.2 1 0 0
1 23546 19.972 -56.8561 8.77734 0.965613 1.2 1 0 0
1 23547 20.6461 -57.4831 10.0669 0.461012 1.2 1 0 0
1 23548 21.2718 -57.4244 10.8752 0.437763 1.2 1 0 0
1 23549 22.5451 -56.4789 11.7892 1.14024 1.2 1 0 0
1 23550 21.6837 -59.3989 7.98998 0.830213 1.2 1 0 0
1 23551 22.4745 -57.6216 9.3687 1.5 1.2 1 0 0
1 23552 24.3881 -57.9974 11.2958 1.2417 1.2 1 0 0
1 23553 25.8349 -57.1921 11.4006 0.397558 1.2 1 0 0
1 23554 23.1924 -59.3386 10.7114 0.645845 1.2 1 0 0
1 23555 22.4939 -59.2631 10.0493 0.273554 1.2 1 0 0
1 23556 23.1966 -57.7875 12.565 0.511771 1.2 1 0 0
1 23557 23.6191 -56.9071 13.0519 0.571054 1.2 1 0 0
1 23558 24.8504 -60.6957 10.8779 1.5 1.2 1 0 0
1 23559 22.2256 -60.8207 9.85862 1.31848 1.2 1 0 0
1 23560 23.5516 -62.3526 10.1509 0.727234 1.2 1 0 0
1 23561 24.0514 -57.2241 7.94589 0.655687 1.2 1 0 0
1 23562 23.025 -56.1173 7.54789 0.89454 1.2 1 0 0
1 23563 24.3461 -58.4721 5.03621 0.778699 1.2 1 0 0
1 23564 24.0915 -57.5997 5.73527 0.294008 1.2 1 0 0
1 23665 30.9476 -54.9689 1.4262 0.725157 1.2 1 0 0
1 23667 30.2505 -55.3415 3.35939 1.34396 1.2 1 0 0
1 23678 28.9649 -54.1792 -0.203269 0.581698 1.2 1 0 0
1 23691 25.4124 -57.651 1.60296 0.404896 1.2 1 0 0
1 23692 24.9817 -57.1624 1.95194 0.333966 1.2 1 0 0
1 23693 24.4909 -58.5532 1.47066 0.889077 1.2 1 0 0
1 23694 25.0208 -57.627 0.914305 0.267024 1.2 1 0 0
1 23695 24.3774 -56.1515 0.185478 1.5 1.2 1 0 0
1 23696 23.8886 -57.8191 0.721395 0.318477 1.2 1 0 0
1 23697 25.5744 -57.2506 4.33944 0.658986 1.2 1 0 0
1 23698 27.321 -57.3722 5.68316 0.383247 1.2 1 0 0
1 23699 31.2216 -57.4714 8.62429 0.730939 1.2 1 0 0
1 23700 30.7793 -56.902 8.04317 0.1946 1.2 1 0 0
1 23701 30.888 -57.1306 6.98954 0.889015 1.2 1 0 0
1 23702 28.6228 -55.1458 7.1164 0.569123 1.2 1 0 0
1 23703 29.7845 -57.7883 3.803 0.338241 1.2 1 0 0
1 23704 28.9868 -57.2652 2.76944 1.03213 1.2 1 0 0
1 23705 31.3088 -56.2135 -1.94862 0.892874 1.2 1 0 0
1 23706 29.825 -55.669 -1.47966 0.638343 1.2 1 0 0
1 23707 30.7493 -56.5287 -0.662441 0.541292 1.2 1 0 0
1 23708 31.0643 -57.2916 -1.48199 0.307043 1.2 1 0 0
1 23709 30.0835 -57.7807 -1.5432 0.787835 1.2 1 0 0
1 23710 31.1464 -55.0177 -2.0034 0.29811 1.2 1 0 0
1 23711 30.467 -54.8623 -1.9096 0.371074 1.2 1 0 0
1 23712 28.36 -58.8684 -1.38118 0.943827 1.2 1 0 0
1 23713 27.5734 -59.8088 -0.664587 0.409009 1.2 1 0 0
1 23714 24.7404 -60.0995 -0.601202 1.02584 1.2 1 0 0
1 23715 26.0228 -59.9541 -0.528774 0.266775 1.2 1 0 0
1 23716 26.0644 -56.6076 -0.553135 0.392936 1.2 1 0 0
1 23717 25.5724 -57.1058 -1.05064 0.46601 1.2 1 0 0
1 23771 32.2619 -54.127 10.4866 0.884046 1.2 1 0 0
1 23773 32.3333 -55.1448 9.19995 0.635786 1.2 1 0 0
1 23775 29.0558 -54.0551 10.2118 0.976696 1.2 1 0 0
1 23776 30.2505 -55.3415 8.46494 1.5 1.2 1 0 0
1 23777 31.5521 -55.997 10.4558 0.967276 1.2 1 0 0
1 23778 30.7574 -54.4485 10.3752 0.658533 1.2 1 0 0
1 23791 30.749 -52.4396 11.0246 1.41979 1.2 1 0 0
1 23794 32.186 -53.8736 12.1144 0.76503 1.2 1 0 0
1 23802 27.7802 -54.5403 8.42055 1.09744 1.2 1 0 0
1 23804 29.921 -52.8151 7.37832 1.22381 1.2 1 0 0
1 24102 4.75465 -56.2414 -8.95377 -0.00381113 1.2 1 0 0
1 24103 4.29295 -56.7032 -8.48669 -0.00932107 1.2 1 0 0
1 24104 5.58627 -57.6993 -7.56335 -0.00502384 1.2 1 0 0
1 24105 4.5794 -57.4736 -7.60455 -0.00130248 1.2 1 0 0
1 24108 1.69748 -56.6918 -6.0601 -0.000249004 1.2 1 0 0
1 24109 0.972221 -57.1475 -6.78271 -0.00109127 1.2 1 0 0
1 24110 3.76429 -55.8475 -5.9205 -0.00394689 1.2 1 0 0
1 24112 4.62575 -56.7092 -6.06186 -0.000817182 1.2 1 0 0
1 24468 1.30666 -57.0373 -12.1385 -0.00179672 1.2 1 0 0
1 24469 0.518012 -57.2262 -13.3068 -0.00221599 1.2 1 0 0
1 24470 2.10582 -57.4098 -11.6273 -0.00243771 1.2 1 0 0
1 24472 2.84829 -56.7381 -11.115 -5.86379e-05 1.2 1 0 0
1 24486 -0.232724 -55.1956 -15.373 0.265171 1.2 1 0 0
1 24487 -1.02488 -54.7431 -15.5102 0.635986 1.2 1 0 0
1 24488 -3.3578 -56.5067 -15.9494 -0.00597388 1.2 1 0 0
1 24489 -2.49659 -56.3629 -16.4616 0.337035 1.2 1 0 0
1 24492 -3.63894 -56.1666 -14.8866 -0.0100471 1.2 1 0 0
1 24493 -4.057 -57.6103 -14.745 -0.00259753 1.2 1 0 0
1 24500 -6.39053 -54.1514 -16.1785 1.32023 1.2 1 0 0
1 24607 -1.8631 -56.4336 -19.5825 0.76983 1.2 1 0 0
1 24608 -0.803655 -56.6008 -19.2651 0.347468 1.2 1 0 0
1 24617 -4.5518 -54.2862 -17.752 0.9733 1.2 1 0 0
1 24618 -3.69832 -56.3716 -17.7349 1.28001 1.2 1 0 0
1 24619 -3.04626 -54.3562 -17.6117 0.534893 1.2 1 0 0
1 24621 -4.49656 -55.2673 -19.1947 0.713182 1.2 1 0 0
1 24624 -5.40413 -54.3101 -20.425 1.09058 1.2 1 0 0
1 24663 -4.40561 -57.1464 -20.2297 1.42636 1.2 1 0 0
1 24664 -3.47408 -57.5958 -18.7858 0.348922 1.2 1 0 0
1 24678 -6.60363 -55.7595 -18.6442 1.5 1.2 1 0 0
1 26046 -0.620185 -54.4325 7.4782 0.399202 1.2 1 0 0
1 26047 -0.994923 -55.1512 7.66104 0.342766 1.2 1 0 0
1 26048 -3.4115 -60.4357 10.9075 0.802141 1.2 1 0 0
1 26049 -2.46815 -59.1263 10.3943 0.704732 1.2 1 0 0
1 26051 -5.00631 -55.6991 9.70658 0.778132 1.2 1 0 0
1 26052 -6.42969 -53.0903 11.7053 1.5 1.2 1 0 0
1 26055 -5.45035 -57.4511 12.5439 0.762234 1.2 1 0 0
1 26056 -3.64919 -57.5943 8.23981 0.985046 1.2 1 0 0
1 26058 -5.91465 -58.8244 7.78934 1.17058 1.2 1 0 0
1 26060 -1.0857 -54.8566 10.8606 0.610594 1.2 1 0 0
1 26061 -1.9078 -55.8199 10.6134 0.296645 1.2 1 0 0
1 26062 -1.35392 -56.4772 12.1911 1.5 1.2 1 0 0
1 26063 1.56671 -54.7384 11.015 0.544805 1.2 1 0 0
1 26064 1.04049 -55.3415 13.3458 0.88381 1.2 1 0 0
1 26065 -0.769197 -57.2585 10.4985 0.453812 1.2 1 0 0
1 26066 -0.56701 -56.1386 10.0362 0.578797 1.2 1 0 0
1 26067 -2.09051 -56.8896 9.62508 1.16229 1.2 1 0 0
1 26069 -2.5891 -54.8013 12.5793 0.617815 1.2 1 0 0
1 26071 0.326193 -53.4782 12.0418 1.5 1.2 1 0 0
1 26072 -0.644991 -54.849 13.7431 0.858449 1.2 1 0 0
1 26076 -1.87209 -53.5094 13.1383 0.956766 1.2 1 0 0
1 26077 -1.63769 -54.1951 11.7264 0.610815 1.2 1 0 0
1 26078 -0.071535 -57.6504 13.45 0.304221 1.2 1 0 0
1 26079 -1.29734 -59.7422 13.1396 0.191252 1.2 1 0 0
1 26080 -1.16742 -59.506 12.8956 0.150023 1.2 1 0 0
1 26081 -2.80068 -56.245 7.61643 0.622711 1.2 1 0 0
1 26082 -3.54228 -54.8154 5.37379 0.556922 1.2 1 0 0
1 26083 -3.65939 -55.3388 8.45493 0.529154 1.2 1 0 0
1 26084 -2.40017 -57.0865 8.14091 0.366572 1.2 1 0 0
1 26085 -4.63062 -57.7321 6.60665 0.557211 1.2 1 0 0
1 26089 -6.18088 -53.4496 6.75542 1.15916 1.2 1 0 0
1 26494 -3.81446 -55.1369 18.9242 0.576646 1.2 1 0 0
1 26521 -6.59147 -52.456 22.1167 1.5 1.2 1 0 0
1 26634 -0.699454 -56.7956 17.4686 0.619408 1.2 1 0 0
1 26635 -1.39755 -57.8547 17.0266 0.717142 1.2 1 0 0
1 26636 -0.921123 -56.7572 15.1575 1.49856 1.2 1 0 0
1 26637 -1.34219 -58.775 15.4054 0.562667 1.2 1 0 0
1 26638 -3.82569 -56.1773 16.0101 0.762318 1.2 1 0 0
1 26639 -4.42405 -57.0979 16.2128 0.353617 1.2 1 0 0
1 26640 -4.30229 -56.3528 17.8172 0.78887 1.2 1 0 0
1 26642 -4.44343 -54.9559 15.6139 0.575808 1.2 1 0 0
1 26643 -2.91303 -54.679 14.6783 1.2392 1.2 1 0 0
1 26644 -2.82068 -56.265 15.3127 0.464094 1.2 1 0 0
1 26645 -2.99306 -60.3386 16.9066 0.600566 1.2 1 0 0
1 26646 -3.67856 -60.5974 17.8525 0.586898 1.2 1 0 0
1 26647 -3.66926 -57.8174 14.3946 1.5 1.2 1 0 0
1 26648 -3.39491 -61.1673 14.0089 1.01135 1.2 1 0 0
1 26652 -5.23401 -61.9147 17.8095 0.654822 1.2 1 0 0
1 26655 -5.1387 -62.4641 14.2538 1.00711 1.2 1 0 0
1 26656 -4.16528 -62.3887 15.4337 0.419798 1.2 1 0 0
1 26669 -3.00558 -57.2941 22.0596 0.454753 1.2 1 0 0
1 26670 -3.66651 -58.0186 21.8164 0.490593 1.2 1 0 0
1 26671 -3.51004 -58.6977 20.0204 0.785918 1.2 1 0 0
1 26672 -3.86717 -59.4564 20.7044 0.294945 1.2 1 0 0
1 26677 -4.84096 -57.6101 22.6442 0.827081 1.2 1 0 0
1 26679 -4.90739 -56.807 18.87 0.507672 1.2 1 0 0
1 26691 -5.16975 -62.2017 10.6743 0.623469 1.2 1 0 0
1 29231 12.3125 -53.5611 -20.8206 1.5 1.2 1 0 0
1 29240 8.43211 -53.8917 -19.0845 0.956335 1.2 1 0 0
1 29250 3.47951 -55.3415 -19.466 1.5 1.2 1 0 0
1 29253 5.34127 -55.1287 -18.1562 0.708451 1.2 1 0 0
1 29254 6.74423 -53.9241 -17.7059 0.779103 1.2 1 0 0
1 29279 11.7328 -56.8864 -20.5284 0.983343 1.2 1 0 0
1 29282 5.38699 -57.6383 -16.6097 0.858524 1.2 1 0 0
1 29283 6.31646 -56.959 -16.4653 0.301775 1.2 1 0 0
1 29284 7.07074 -57.5 -16.0503 0.711404 1.2 1 0 0
1 29285 7.16816 -59.3275 -17.4935 1.5 1.2 1 0 0
1 29286 5.80659 -57.5054 -17.9151 0.519066 1.2 1 0 0
1 29287 4.49294 -57.0272 -18.03 0.706801 1.2 1 0 0
1 29288 3.9955 -57.0259 -18.9402 0.330429 1.2 1 0 0
1 29289 4.38763 -59.4072 -17.303 1.28819 1.2 1 0 0
1 29290 4.32843 -60.6138 -15.8368 0.477971 1.2 1 0 0
1 29291 5.3158 -59.6881 -15.9735 0.355997 1.2 1 0 0
1 29292 5.68227 -60.8889 -16.2775 0.930585 1.2 1 0 0
1 29293 5.22042 -58.0908 -19.8215 1.5 1.2 1 0 0
1 29294 6.01554 -60.3497 -19.3372 0.89563 1.2 1 0 0
1 29295 6.66291 -59.2033 -19.3208 0.387684 1.2 1 0 0
1 29296 10.3448 -55.4745 -18.8225 1.5 1.2 1 0 0
1 29297 8.90593 -56.9791 -18.6786 0.562732 1.2 1 0 0
1 29298 6.90828 -57.3401 -19.2356 0.437957 1.2 1 0 0
1 29299 6.25448 -56.389 -19.7258 0.493652 1.2 1 0 0
1 29300 7.26946 -56.1327 -17.7691 1.49196 1.2 1 0 0
1 29301 8.07256 -55.0911 -15.895 0.791121 1.2 1 0 0
1 29302 9.03354 -55.2138 -17.1614 0.586959 1.2 1 0 0
1 29303 8.04454 -56.5742 -20.625 1.5 1.2 1 0 0
1 29304 7.78897 -57.9084 -18.9714 0.640006 1.2 1 0 0
1 29305 10.0965 -57.1677 -20.2439 0.665478 1.2 1 0 0
1 29310 9.81913 -58.5779 -18.9205 1.28822 1.2 1 0 0
1 29311 8.16576 -60.1261 -18.8429 0.358357 1.2 1 0 0
1 29312 9.07116 -60.0408 -19.2451 0.329598 1.2 1 0 0
1 29313 7.92554 -59.6959 -20.6347 1.5 1.2 1 0 0
1 29378 -0.289437 -54.7648 -18.3061 0.501313 1.2 1 0 0
1 29422 3.67863 -55.0189 -14.5738 0.854069 1.2 1 0 0
1 29423 1.01804 -54.1893 -16.1071 1.5 1.2 1 0 0
1 29424 1.88254 -53.8466 -14.1118 0.701398 1.2 1 0 0
1 29425 2.19479 -55.4245 -14.8283 0.458599 1.2 1 0 0
1 29426 2.82671 -54.9018 -13.5508 0.286839 1.2 1 0 0
1 29427 5.16163 -57.8088 -15.3432 0.437289 1.2 1 0 0
1 29428 4.54931 -57.0503 -15.0424 0.193163 1.2 1 0 0
1 29449 6.67732 -53.0892 -14.7979 1.34445 1.2 1 0 0
1 29468 4.83068 -52.8955 -17.0141 1.5 1.2 1 0 0
1 29515 1.68576 -57.5941 -18.171 0.600445 1.2 1 0 0
1 29516 1.60031 -57.0856 -19.2255 0.519601 1.2 1 0 0
1 30138 34.0017 -52.4963 -18.5639 1.5 1.2 1 0 0
1 30139 34.2086 -54.7795 -19.466 0.924398 1.2 1 0 0
1 30140 34.7766 -54.565 -17.9074 0.748247 1.2 1 0 0
1 30141 32.1431 -53.6659 -19.6097 0.926189 1.2 1 0 0
1 30158 25.8604 -52.9631 -16.8073 1.5 1.2 1 0 0
1 30160 28.374 -52.8869 -18.3411 1.41964 1.2 1 0 0
1 30186 28.7871 -54.3286 -20.3701 1.10155 1.2 1 0 0
1 30187 29.8701 -55.8433 -19.8478 0.830472 1.2 1 0 0
1 30190 33.5614 -56.6666 -17.8087 0.848349 1.2 1 0 0
1 30191 32.763 -58.1719 -18.7388 0.747333 1.2 1 0 0
1 30319 19.8607 -56.6395 -5.91028 0.691627 1.2 1 0 0
1 30320 20.2097 -56.3163 -4.43247 0.837005 1.2 1 0 0
1 30321 20.8696 -55.283 -4.59192 0.399434 1.2 1 0 0
1 30322 19.0184 -57.8438 -5.37807 0.866239 1.2 1 0 0
1 30323 19.7296 -58.2354 -4.47843 0.341454 1.2 1 0 0
1 30324 19.8682 -57.5019 -4.41022 0.377003 1.2 1 0 0
1 30325 21.3688 -58.1271 -5.34845 1.5 1.2 1 0 0
1 30326 21.1387 -56.7911 -4.28151 0.217212 1.2 1 0 0
1 30327 21.5608 -55.3271 -6.82339 0.49636 1.2 1 0 0
1 30328 20.9712 -56.5242 -7.01907 0.849096 1.2 1 0 0
1 30329 21.5114 -55.9007 -5.61914 0.747281 1.2 1 0 0
1 30330 19.1285 -58.0405 -2.7488 1.5 1.2 1 0 0
1 30331 19.6868 -60.1397 -3.4125 0.717314 1.2 1 0 0
1 30332 20.718 -59.4621 -3.84558 0.590437 1.2 1 0 0
1 30333 20.5417 -59.2606 -2.62923 0.369457 1.2 1 0 0
1 30334 16.0964 -60.314 -4.83915 0.244479 1.2 1 0 0
1 30335 17.3514 -59.1118 -3.23032 0.430115 1.2 1 0 0
1 30336 17.0619 -57.9554 -3.07796 0.594324 1.2 1 0 0
1 30337 17.9538 -60.3565 -3.27571 0.837235 1.2 1 0 0
1 30338 16.8561 -59.0682 -1.65232 1.22437 1.2 1 0 0
1 30339 18.4992 -59.0718 -6.22737 0.526091 1.2 1 0 0
1 30340 18.1713 -57.4541 -4.37461 0.47566 1.2 1 0 0
1 30341 16.8578 -58.7593 -5.07323 1.5 1.2 1 0 0
1 30342 21.1799 -57.4917 -1.748 0.847595 1.2 1 0 0
1 30343 20.5272 -56.6195 -3.24022 0.420739 1.2 1 0 0
1 30344 17.6931 -56.7178 -3.40334 0.558681 1.2 1 0 0
1 30345 18.7739 -56.1818 -3.41771 0.486424 1.2 1 0 0
1 30346 19.807 -54.8509 -4.07898 0.712797 1.2 1 0 0
1 30347 20.616 -54.9336 -3.23083 0.370101 1.2 1 0 0
1 30348 21.773 -62.8189 -4.9878 1.5 1.2 1 0 0
1 30349 20.3341 -62.2852 -5.9962 0.330035 1.2 1 0 0
1 30350 19.7787 -62.7747 -5.54049 0.486856 1.2 1 0 0
1 30351 20.1337 -63.1642 -4.46646 0.242397 1.2 1 0 0
1 30352 21.2638 -62.8907 -2.8949 0.629142 1.2 1 0 0
1 30353 20.0289 -61.9382 -3.458 0.743819 1.2 1 0 0
1 30354 19.5421 -60.6957 -5.55408 1.5 1.2 1 0 0
1 30355 20.6646 -62.5841 -7.38208 1.1094 1.2 1 0 0
1 30356 20.7686 -60.6795 -7.25038 0.593273 1.2 1 0 0
1 30357 18.0412 -55.6121 -5.17395 1.5 1.2 1 0 0
1 30359 15.9708 -55.2968 -5.76064 0.666073 1.2 1 0 0
1 30360 14.965 -53.4627 -5.18019 1.5 1.2 1 0 0
1 30361 15.3114 -57.319 -4.87206 0.252036 1.2 1 0 0
1 30362 16.2658 -56.7712 -5.43961 0.606447 1.2 1 0 0
1 30363 11.8234 -56.2212 -5.91178 0.882657 1.2 1 0 0
1 30364 12.5065 -55.3231 -6.69459 0.490669 1.2 1 0 0
1 30365 13.0338 -56.9438 -4.64771 0.291143 1.2 1 0 0
1 30366 13.3708 -55.0396 -4.7064 0.550893 1.2 1 0 0
1 30367 13.0567 -54.4668 -5.91057 0.776615 1.2 1 0 0
1 30368 13.8583 -57.1437 -9.13314 1.5 1.2 1 0 0
1 30369 14.7447 -58.5985 -7.2492 1.0007 1.2 1 0 0
1 30370 13.3414 -58.0181 -7.03294 0.533177 1.2 1 0 0
1 30372 15.9123 -54.5396 -2.23653 0.925501 1.2 1 0 0
1 30373 15.5786 -54.5644 -3.62579 0.501596 1.2 1 0 0
1 30374 14.3128 -57.5945 -2.47042 0.620987 1.2 1 0 0
1 30375 13.3626 -56.0345 -3.43393 0.992244 1.2 1 0 0
1 30376 12.9002 -55.2246 -2.09377 0.64045 1.2 1 0 0
1 30377 15.7184 -56.5167 -3.46962 1.41265 1.2 1 0 0
1 30378 16.07 -57.6733 -2.07785 0.430803 1.2 1 0 0
1 30379 14.3362 -54.3219 -3.06824 0.865157 1.2 1 0 0
1 30380 14.4145 -55.2199 -4.24863 0.5636 1.2 1 0 0
1 30383 15.3818 -54.848 -8.66362 0.569387 1.2 1 0 0
1 30384 15.194 -53.001 -9.72326 1.5 1.2 1 0 0
1 30390 17.9332 -53.2325 -2.70458 1.5 1.2 1 0 0
1 30391 20.547 -53.3782 -3.22939 1.14108 1.2 1 0 0
1 30392 20.7617 -53.7915 -5.82907 1.5 1.2 1 0 0
1 30412 17.9104 -53.3415 -7.51203 1.5 1.2 1 0 0
1 30417 21.2949 -57.7053 -10.4243 1.5 1.2 1 0 0
1 30418 20.366 -56.1838 -9.85771 0.370532 1.2 1 0 0
1 30419 18.6443 -56.7241 -9.79275 0.781094 1.2 1 0 0
1 30420 18.2611 -56.9729 -11.0736 0.549136 1.2 1 0 0
1 30421 19.563 -57.6585 -9.54718 0.435222 1.2 1 0 0
1 30422 19.2176 -55.4295 -7.3246 0.934443 1.2 1 0 0
1 30423 19.9193 -56.5817 -9.05198 0.629576 1.2 1 0 0
1 30424 21.2479 -54.942 -8.75755 1.5 1.2 1 0 0
1 30425 21.6882 -55.799 -11.5939 0.705487 1.2 1 0 0
1 30426 19.5421 -55.3415 -11.3694 1.5 1.2 1 0 0
1 30427 20.2163 -57.8144 -12.3211 0.684809 1.2 1 0 0
1 30428 18.0361 -61.2238 -9.30518 1.13579 1.2 1 0 0
1 30429 17.7411 -62.4674 -10.2136 0.432245 1.2 1 0 0
1 30430 16.0678 -58.6629 -11.1577 0.621869 1.2 1 0 0
1 30431 17.1521 -60.0442 -11.1263 0.319786 1.2 1 0 0
1 30432 15.8348 -59.6903 -7.05071 0.544826 1.2 1 0 0
1 30433 15.7755 -59.6422 -9.28218 1.5 1.2 1 0 0
1 30434 17.5415 -59.8934 -9.37553 0.285315 1.2 1 0 0
1 30435 16.219 -61.6437 -10.4746 0.852951 1.2 1 0 0
1 30436 16.7996 -62.2436 -11.0783 0.177333 1.2 1 0 0
1 30437 16.8771 -62.9123 -11.2273 0.4277 1.2 1 0 0
1 30438 17.2977 -53.896 -9.76091 0.785758 1.2 1 0 0
1 30439 16.865 -54.595 -8.75755 0.511362 1.2 1 0 0
1 30440 18.5819 -55.0886 -9.11024 0.96119 1.2 1 0 0
1 30441 16.865 -57.7762 -8.94609 0.686771 1.2 1 0 0
1 30442 14.9804 -58.2349 -9.79152 0.194708 1.2 1 0 0
1 30443 15.573 -57.8795 -10.3812 0.587081 1.2 1 0 0
1 30444 18.0054 -55.217 -7.87124 0.411382 1.2 1 0 0
1 30445 18.0974 -56.1356 -7.14993 0.348547 1.2 1 0 0
1 30446 16.5547 -56.0281 -10.4455 1.5 1.2 1 0 0
1 30447 17.5778 -57.3214 -11.4347 0.298687 1.2 1 0 0
1 30448 14.7565 -54.9089 -10.5958 0.623103 1.2 1 0 0
1 30449 20.6901 -60.9934 -9.45043 1.5 1.2 1 0 0
1 30450 20.358 -58.9021 -8.83404 0.699732 1.2 1 0 0
1 30451 17.4569 -60.1136 -7.29066 1.14866 1.2 1 0 0
1 30452 17.6848 -59.2553 -8.71631 0.528191 1.2 1 0 0
1 30453 19.7127 -59.8593 -7.68688 0.797296 1.2 1 0 0
1 30454 18.7072 -57.7688 -7.76486 1.5 1.2 1 0 0
1 30455 16.3971 -60.4077 -13.1032 0.565557 1.2 1 0 0
1 30456 16.1248 -60.0443 -11.6568 0.83643 1.2 1 0 0
1 30457 12.629 -59.1909 -9.50744 0.894547 1.2 1 0 0
1 30458 11.6792 -58.536 -8.52204 0.467503 1.2 1 0 0
1 30459 11.8813 -59.4953 -12.762 0.606901 1.2 1 0 0
1 30460 11.6478 -58.0111 -12.585 0.727735 1.2 1 0 0
1 30461 15.3087 -61.9041 -12.5635 1.35702 1.2 1 0 0
1 30462 14.1095 -61.7048 -11.0958 0.548787 1.2 1 0 0
1 30463 14.9949 -61.9746 -10.7476 0.432321 1.2 1 0 0
1 30464 13.6802 -59.7644 -11.598 1.5 1.2 1 0 0
1 30465 13.4431 -60.7763 -9.97213 0.424669 1.2 1 0 0
1 30466 15.1057 -57.4912 -11.7903 0.935865 1.2 1 0 0
1 30467 14.147 -57.9891 -10.8959 0.465259 1.2 1 0 0
1 30468 14.6203 -56.4652 -10.8832 0.51712 1.2 1 0 0
1 30469 15.5758 -57.1822 -13.9687 0.537061 1.2 1 0 0
1 30470 14.1879 -57.5866 -13.5705 0.947821 1.2 1 0 0
1 30471 14.2796 -56.3727 -14.2954 0.465985 1.2 1 0 0
1 30472 9.13731 -58.9035 -12.2605 0.500995 1.2 1 0 0
1 30473 9.44207 -60.1922 -13.6395 1.41096 1.2 1 0 0
1 30474 8.99545 -57.6099 -13.4653 1.18703 1.2 1 0 0
1 30475 9.42092 -57.927 -11.8355 0.507291 1.2 1 0 0
1 30476 7.83427 -60.1807 -12.9268 0.327912 1.2 1 0 0
1 30477 6.27947 -60.7237 -12.6567 -0.0152066 1.2 1 0 0
1 30478 7.19816 -60.0834 -11.3691 -0.00898949 1.2 1 0 0
1 30479 8.50967 -57.7888 -11.4728 0.369113 1.2 1 0 0
1 30481 5.4481 -55.3426 -12.9986 0.351631 1.2 1 0 0
1 30482 5.43164 -57.3417 -12.8619 -0.0048639 1.2 1 0 0
1 30484 6.24026 -55.417 -12.024 0.186555 1.2 1 0 0
1 30486 6.98469 -56.4572 -12.9331 0.553329 1.2 1 0 0
1 30487 6.26404 -57.3297 -14.0597 0.249442 1.2 1 0 0
1 30488 6.48064 -56.7899 -13.804 0.207743 1.2 1 0 0
1 30489 6.58997 -57.6207 -13.0757 -0.000288103 1.2 1 0 0
1 30490 6.89073 -57.4697 -8.86821 -0.000277326 1.2 1 0 0
1 30491 7.73441 -57.244 -7.85825 -0.0052562 1.2 1 0 0
1 30492 6.10824 -57.7985 -10.4539 -0.00537388 1.2 1 0 0
1 30494 7.71817 -56.649 -15.1734 0.518779 1.2 1 0 0
1 30495 9.06032 -58.8207 -14.5086 0.257002 1.2 1 0 0
1 30496 7.26493 -57.2273 -14.1485 0.705072 1.2 1 0 0
1 30497 6.2767 -59.3736 -14.7042 0.387377 1.2 1 0 0
1 30498 6.58191 -59.6652 -15.6014 0.43286 1.2 1 0 0
1 30499 7.35336 -59.997 -14.0854 0.503932 1.2 1 0 0
1 30500 6.58932 -61.0845 -14.1772 0.468745 1.2 1 0 0
1 30501 6.6966 -60.3756 -14.5225 0.203248 1.2 1 0 0
1 30502 7.44949 -60.8339 -15.3952 1.0364 1.2 1 0 0
1 30503 7.79209 -58.7742 -15.005 1.08769 1.2 1 0 0
1 30504 6.41506 -57.8278 -14.9346 0.572836 1.2 1 0 0
1 30505 13.1987 -54.1215 -10.4077 0.85998 1.2 1 0 0
1 30506 11.8115 -54.3848 -11.7101 0.768847 1.2 1 0 0
1 30507 12.3493 -54.7017 -10.8711 0.267984 1.2 1 0 0
1 30508 10.5376 -56.2652 -11.6915 1.5 1.2 1 0 0
1 30509 11.011 -54.5085 -10.6246 0.584757 1.2 1 0 0
1 30510 10.926 -54.5718 -12.4261 0.385163 1.2 1 0 0
1 30511 12.2326 -56.7967 -11.0451 0.281248 1.2 1 0 0
1 30512 12.6819 -55.7696 -10.8322 0.851132 1.2 1 0 0
1 30514 13.0634 -54.7456 -14.0553 0.426164 1.2 1 0 0
1 30515 8.75611 -55.3728 -10.7741 0.578235 1.2 1 0 0
1 30516 9.82633 -54.8793 -10.0684 0.741722 1.2 1 0 0
1 30517 8.72076 -56.5882 -10.5833 0.652574 1.2 1 0 0
1 30519 7.85591 -55.3683 -10.8983 0.27522 1.2 1 0 0
1 30520 7.83361 -54.3283 -12.6758 1.16849 1.2 1 0 0
1 30521 9.34117 -54.4422 -11.12 0.493279 1.2 1 0 0
1 30522 11.8799 -57.4243 -10.2672 0.774587 1.2 1 0 0
1 30523 11.4486 -55.5992 -9.12615 1.26091 1.2 1 0 0
1 30524 10.2706 -57.5842 -9.04006 0.937183 1.2 1 0 0
1 30525 9.88473 -56.1075 -9.79235 0.513289 1.2 1 0 0
1 30526 12.0188 -57.3368 -7.43908 1.00816 1.2 1 0 0
1 30527 10.6714 -57.6693 -7.54379 0.297553 1.2 1 0 0
1 30528 10.7899 -57.5491 -10.4185 0.325506 1.2 1 0 0
1 30529 9.12828 -57.649 -10.2603 0.413086 1.2 1 0 0
1 30530 9.23165 -57.4767 -11.0695 0.386869 1.2 1 0 0
1 30531 11.3599 -53.8483 -14.1123 1.5 1.2 1 0 0
1 30533 8.95446 -53.5288 -14.3854 0.935242 1.2 1 0 0
1 30536 9.90023 -53.8265 -12.1279 0.813395 1.2 1 0 0
1 30538 8.62874 -55.3826 -14.3182 0.906099 1.2 1 0 0
1 30539 10.2303 -55.7755 -14.1457 0.716287 1.2 1 0 0
1 30540 9.68632 -54.8797 -13.1744 0.678172 1.2 1 0 0
1 30541 15.1326 -57.0159 -15.9527 1.5 1.2 1 0 0
1 30542 13.7994 -56.1212 -17.0376 0.437792 1.2 1 0 0
1 30543 12.5286 -54.6815 -16.7534 1.5 1.2 1 0 0
1 30544 10.3535 -54.573 -16.0552 0.787002 1.2 1 0 0
1 30545 13.7302 -55.3847 -14.8769 0.805368 1.2 1 0 0
1 30546 12.5559 -55.1118 -14.8967 0.400366 1.2 1 0 0
1 30547 12.7771 -55.7099 -15.3126 0.282637 1.2 1 0 0
1 30548 12.7077 -55.8937 -19.6307 0.670363 1.2 1 0 0
1 30550 13.1324 -57.1356 -19.2247 0.600806 1.2 1 0 0
1 30551 12.0846 -56.6989 -19.1455 0.455829 1.2 1 0 0
1 30552 10.8613 -62.7745 -17.5448 0.869573 1.2 1 0 0
1 30553 11.9215 -60.4106 -17.7561 0.935994 1.2 1 0 0
1 30554 9.78648 -60.9483 -16.4844 1.5 1.2 1 0 0
1 30555 10.5954 -59.9913 -18.1583 0.495411 1.2 1 0 0
1 30556 10.6523 -61.8425 -14.3122 0.738124 1.2 1 0 0
1 30557 12.3489 -62.4668 -15.3717 1.35194 1.2 1 0 0
1 30558 10.6449 -62.7479 -16.1345 0.524344 1.2 1 0 0
1 30559 9.9228 -62.7656 -16.765 0.343813 1.2 1 0 0
1 30560 9.01967 -60.2327 -18.3345 0.602389 1.2 1 0 0
1 30561 8.07232 -61.5096 -18.2683 0.985899 1.2 1 0 0
1 30562 8.92477 -62.4062 -18.8336 0.36204 1.2 1 0 0
1 30563 13.0343 -57.8024 -15.2288 0.191204 1.2 1 0 0
1 30564 13.1029 -57.0349 -15.7377 0.541209 1.2 1 0 0
1 30565 13.3427 -58.1592 -15.8863 0.617937 1.2 1 0 0
1 30566 9.56118 -56.8515 -15.9802 1.5 1.2 1 0 0
1 30567 10.2664 -57.1343 -17.835 0.432929 1.2 1 0 0
1 30568 12.1276 -56.6374 -14.1118 1.36791 1.2 1 0 0
1 30569 11.3696 -56.047 -15.9157 0.477235 1.2 1 0 0
1 30570 11.3534 -57.7459 -15.4381 0.526044 1.2 1 0 0
1 30571 12.3251 -56.4424 -15.8892 0.431107 1.2 1 0 0
1 30572 9.38091 -58.3505 -14.8335 0.395889 1.2 1 0 0
1 30573 8.61522 -59.408 -16.1793 0.456449 1.2 1 0 0
1 30665 10.7084 -55.3415 -4.7308 0.59026 1.2 1 0 0
1 30669 11.6373 -54.9925 -5.26535 0.491216 1.2 1 0 0
1 30688 11.1762 -54.1146 -6.89592 1.28768 1.2 1 0 0
1 30689 10.3381 -56.4805 -7.06303 0.90872 1.2 1 0 0
1 30690 10.0704 -55.3415 -7.97904 0.420123 1.2 1 0 0
1 30694 9.77782 -55.249 -6.82989 0.0250111 1.2 1 0 0
1 30696 19.7674 -54.5384 -13.4211 0.702244 1.2 1 0 0
1 30699 18.4691 -54.0635 -13.0105 0.739802 1.2 1 0 0
1 30700 18.78 -57.4016 -13.7616 0.674157 1.2 1 0 0
1 30701 18.057 -57.8123 -14.649 0.495643 1.2 1 0 0
1 30702 17.8563 -56.9104 -13.7744 0.367977 1.2 1 0 0
1 30704 19.001 -55.716 -15.1169 1.5 1.2 1 0 0
1 30705 14.3932 -54.315 -14.3547 0.547516 1.2 1 0 0
1 30707 15.3099 -56.143 -14.1118 0.545094 1.2 1 0 0
1 30708 14.7699 -55.2304 -14.3681 0.362435 1.2 1 0 0
1 30709 14.6451 -55.3792 -18.3278 1.22852 1.2 1 0 0
1 30710 12.8912 -54.6489 -18.9736 0.7203 1.2 1 0 0
1 30711 15.8876 -56.5201 -13.0349 0.614519 1.2 1 0 0
1 30712 16.1143 -54.999 -12.7832 0.459314 1.2 1 0 0
1 30713 16.8823 -53.8734 -12.2118 1.01838 1.2 1 0 0
1 30714 17.8544 -54.1874 -10.9828 0.57974 1.2 1 0 0
1 30715 15.6536 -54.3365 -11.2675 0.585487 1.2 1 0 0
1 30716 16.3678 -54.4233 -14.7313 1.45869 1.2 1 0 0
1 30717 16.7223 -55.7747 -16.4678 0.581618 1.2 1 0 0
1 30718 16.9804 -56.6654 -14.5877 0.78933 1.2 1 0 0
1 30719 17.0432 -58.0171 -15.2578 0.694216 1.2 1 0 0
1 30721 17.5282 -54.2428 -17.1826 1.2421 1.2 1 0 0
1 30731 12.5776 -52.2492 -11.7031 1.5 1.2 1 0 0
1 30748 21.5917 -53.885 -11.3296 1.01467 1.2 1 0 0
1 30765 20.556 -53.1467 -14.5305 1.06975 1.2 1 0 0
1 30787 15.6546 -53.5034 -18.8537 0.959645 1.2 1 0 0
1 30910 33.5456 -55.6913 -5.02767 0.66915 1.2 1 0 0
1 30911 33.1255 -57.3024 -5.40412 0.406747 1.2 1 0 0
1 30912 31.1395 -55.3371 -5.47457 0.678226 1.2 1 0 0
1 30913 32.0336 -56.8517 -4.34159 1.1156 1.2 1 0 0
1 30914 33.0291 -55.3358 -3.53558 0.678839 1.2 1 0 0
1 30915 31.1922 -56.4252 -3.18816 0.367259 1.2 1 0 0
1 30916 30.8562 -57.5078 -2.80908 0.719235 1.2 1 0 0
1 30917 31.6511 -57.6359 -5.50525 0.336866 1.2 1 0 0
1 30918 31.0617 -57.1233 -5.9779 0.572995 1.2 1 0 0
1 30919 31.8628 -58.6275 -6.33749 0.974831 1.2 1 0 0
1 30920 28.9583 -56.837 -4.72789 0.624199 1.2 1 0 0
1 30921 29.0858 -57.4082 -5.40754 0.271747 1.2 1 0 0
1 30922 28.0325 -56.3625 -5.55133 0.298879 1.2 1 0 0
1 30923 28.0055 -56.9899 -6.07255 0.309287 1.2 1 0 0
1 30924 28.3219 -56.7321 -2.56726 1.5 1.2 1 0 0
1 30925 28.0206 -57.771 -4.40172 0.620569 1.2 1 0 0
1 30926 27.714 -60.0698 -6.4276 1.5 1.2 1 0 0
1 30927 28.6847 -59.0582 -5.43216 0.219423 1.2 1 0 0
1 30928 31.4924 -59.7195 -5.45516 0.450512 1.2 1 0 0
1 30929 30.5237 -60.466 -4.42479 0.379515 1.2 1 0 0
1 30930 30.1152 -58.6128 -4.58522 1.5 1.2 1 0 0
1 30931 29.3072 -60.94 -4.72721 0.959736 1.2 1 0 0
1 30932 28.1639 -60.6939 -4.20016 0.323059 1.2 1 0 0
1 30933 28.5651 -59.9496 -4.80761 0.280431 1.2 1 0 0
1 30934 30.6878 -59.6285 -3.31233 0.223396 1.2 1 0 0
1 30935 30.2509 -59.4751 -2.90519 0.393231 1.2 1 0 0
1 30936 29.2062 -60.0936 -3.15397 0.751076 1.2 1 0 0
1 30937 29.7762 -58.0186 -2.73274 0.448802 1.2 1 0 0
1 30938 30.5926 -60.4257 -6.6836 1.22801 1.2 1 0 0
1 30939 30.1598 -61.5965 -5.5682 0.405941 1.2 1 0 0
1 30940 31.5817 -57.6635 -7.13882 0.291424 1.2 1 0 0
1 30941 31.33 -58.4197 -8.74626 1.5 1.2 1 0 0
1 30942 30.9148 -56.737 -7.7862 0.481234 1.2 1 0 0
1 30943 27.8246 -57.8089 -7.61579 0.984655 1.2 1 0 0
1 30944 28.6017 -55.6224 -9.03746 0.544202 1.2 1 0 0
1 30945 28.5549 -56.7052 -8.31872 0.513882 1.2 1 0 0
1 30946 29.5556 -58.5056 -6.99516 0.976374 1.2 1 0 0
1 30947 29.43 -56.0266 -6.63509 1.5 1.2 1 0 0
1 30948 29.4473 -57.4647 -8.25806 0.658289 1.2 1 0 0
1 30949 30.252 -57.2426 -9.45268 0.245388 1.2 1 0 0
1 30950 26.7434 -58.7151 -9.477 0.664096 1.2 1 0 0
1 30951 26.7567 -59.6426 -8.4536 0.661953 1.2 1 0 0
1 30952 26.285 -57.5352 -8.02947 0.569206 1.2 1 0 0
1 30953 24.8963 -59.7736 -11.1846 0.402723 1.2 1 0 0
1 30954 26.2191 -57.9418 -10.9743 0.646522 1.2 1 0 0
1 30955 25.288 -56.8711 -7.36742 0.741065 1.2 1 0 0
1 30956 25.7975 -56.7488 -8.23906 0.267192 1.2 1 0 0
1 30957 22.3562 -59.179 -8.90074 0.87048 1.2 1 0 0
1 30958 23.4233 -58.1795 -7.35391 1.07101 1.2 1 0 0
1 30959 22.712 -56.6895 -8.53835 0.790323 1.2 1 0 0
1 30960 25.7539 -61.1993 -7.81573 1.12079 1.2 1 0 0
1 30961 25.4803 -62.2205 -8.75746 0.291351 1.2 1 0 0
1 30962 23.9624 -59.292 -8.51604 0.625697 1.2 1 0 0
1 30963 23.2457 -59.9502 -8.75755 0.314432 1.2 1 0 0
1 30964 25.2615 -59.693 -8.83141 0.581373 1.2 1 0 0
1 30965 25.5785 -58.8933 -7.40537 1.08403 1.2 1 0 0
1 30966 23.0576 -57.5246 -11.467 0.555956 1.2 1 0 0
1 30967 23.1936 -57.811 -10.5613 0.403709 1.2 1 0 0
1 30968 23.259 -56.7085 -10.6711 0.593048 1.2 1 0 0
1 30969 25.435 -56.8138 -11.1082 0.428508 1.2 1 0 0
1 30970 22.5227 -56.6494 -11.8543 0.493725 1.2 1 0 0
1 30971 24.6149 -56.6798 -12.4352 0.383726 1.2 1 0 0
1 30972 26.9985 -59.534 -3.41083 1.5 1.2 1 0 0
1 30973 26.5173 -57.864 -2.09049 0.681183 1.2 1 0 0
1 30974 25.1165 -60.0503 -3.02797 0.488734 1.2 1 0 0
1 30975 25.1051 -59.7179 -3.92122 0.464412 1.2 1 0 0
1 30976 25.2823 -59.3547 -3.35831 0.226315 1.2 1 0 0
1 30977 25.52 -58.2999 -4.03467 0.518362 1.2 1 0 0
1 30978 26.0853 -58.9299 -5.7934 0.551152 1.2 1 0 0
1 30979 23.7327 -61.7786 -1.89088 0.850168 1.2 1 0 0
1 30980 22.6966 -62.7473 -2.85062 0.799718 1.2 1 0 0
1 30981 22.7382 -59.4652 -5.42141 0.404435 1.2 1 0 0
1 30982 22.5638 -60.5599 -4.72619 0.898884 1.2 1 0 0
1 30983 25.4948 -57.1099 -3.52084 0.507657 1.2 1 0 0
1 30984 26.331 -56.9364 -5.37809 1.5 1.2 1 0 0
1 30985 24.9073 -57.6188 -4.22009 0.41629 1.2 1 0 0
1 30986 24.8963 -57.1331 -3.88641 0.173126 1.2 1 0 0
1 30987 22.992 -57.8094 -3.92006 0.672743 1.2 1 0 0
1 30988 22.2557 -58.0123 -2.74605 0.693953 1.2 1 0 0
1 30989 24.3917 -58.2909 -2.32956 1.5 1.2 1 0 0
1 30990 25.6892 -57.2609 -2.8136 0.225856 1.2 1 0 0
1 30991 23.1309 -57.0877 -5.13144 0.556332 1.2 1 0 0
1 30992 23.6253 -57.4854 -5.9468 0.39477 1.2 1 0 0
1 30993 24.3146 -58.8624 -5.26111 1.29092 1.2 1 0 0
1 30994 24.2207 -56.594 -4.42388 0.833586 1.2 1 0 0
1 30995 25.4697 -60.5075 -5.9002 0.81839 1.2 1 0 0
1 30996 26.0946 -62.3061 -6.96955 0.312406 1.2 1 0 0
1 30997 25.973 -63.2335 -4.43701 0.610131 1.2 1 0 0
1 30998 27.3427 -62.0448 -4.74371 1.1218 1.2 1 0 0
1 30999 22.8589 -60.6957 -7.10442 1.5 1.2 1 0 0
1 31000 24.0607 -60.538 -5.55346 0.425719 1.2 1 0 0
1 31001 23.5159 -62.1854 -5.97675 0.480507 1.2 1 0 0
1 31002 22.6307 -61.4656 -5.5935 0.211025 1.2 1 0 0
1 31003 24.5951 -61.6633 -4.08495 1.5 1.2 1 0 0
1 31004 23.6557 -63.646 -4.25366 0.6834 1.2 1 0 0
1 31005 23.28 -64.229 -5.33723 0.583074 1.2 1 0 0
1 31006 23.624 -62.7311 -5.30402 0.378254 1.2 1 0 0
1 31007 31.6904 -60.4764 -10.5505 1.25961 1.2 1 0 0
1 31008 31.355 -62.1058 -9.9534 0.507862 1.2 1 0 0
1 31009 30.1065 -61.2711 -10.9565 0.456598 1.2 1 0 0
1 31010 29.6233 -63.7063 -9.87037 0.791034 1.2 1 0 0
1 31011 30.7324 -62.9786 -9.78665 0.478386 1.2 1 0 0
1 31012 30.3251 -63.2311 -8.97245 0.380746 1.2 1 0 0
1 31013 31.8313 -60.4622 -8.28755 0.645587 1.2 1 0 0
1 31014 29.5549 -61.5197 -9.09584 1.5 1.2 1 0 0
1 31015 31.1159 -62.283 -8.62659 0.299863 1.2 1 0 0
1 31016 30.4875 -62.8184 -11.3381 1.10036 1.2 1 0 0
1 31017 29.9886 -64.2825 -11.0335 0.47612 1.2 1 0 0
1 31018 30.9961 -62.8593 -12.944 0.584655 1.2 1 0 0
1 31019 29.0929 -62.5058 -10.672 0.409391 1.2 1 0 0
1 31020 29.2265 -59.734 -7.82143 0.540199 1.2 1 0 0
1 31021 28.2807 -59.3666 -9.00094 0.97594 1.2 1 0 0
1 31022 26.1016 -62.759 -9.44409 0.415609 1.2 1 0 0
1 31023 25.9564 -62.8751 -8.30876 0.632933 1.2 1 0 0
1 31024 28.0299 -62.3159 -8.75755 0.223866 1.2 1 0 0
1 31025 27.2864 -62.5855 -9.38131 0.783406 1.2 1 0 0
1 31026 29.2445 -61.7455 -6.17967 0.702307 1.2 1 0 0
1 31027 28.7883 -62.5091 -5.41192 0.472682 1.2 1 0 0
1 31028 28.4467 -63.367 -9.14412 0.632693 1.2 1 0 0
1 31029 28.1177 -64.4324 -8.63413 0.578937 1.2 1 0 0
1 31030 27.7824 -59.3676 -11.958 1.0443 1.2 1 0 0
1 31031 28.496 -61.5199 -11.2052 0.860218 1.2 1 0 0
1 31032 29.8399 -57.7395 -9.70522 0.371581 1.2 1 0 0
1 31033 29.9114 -58.8095 -10.7261 0.950704 1.2 1 0 0
1 31034 28.212 -59.4293 -13.5735 0.628434 1.2 1 0 0
1 31035 29.9871 -60.3819 -12.7223 1.5 1.2 1 0 0
1 31037 29.3099 -53.8981 -5.3273 0.896381 1.2 1 0 0
1 31038 31.061 -54.1054 -6.68371 0.845015 1.2 1 0 0
1 31039 28.0999 -55.542 -4.81609 0.804912 1.2 1 0 0
1 31040 28.3861 -54.7957 -5.65999 0.357458 1.2 1 0 0
1 31041 30.3295 -55.0032 -3.62179 1.35154 1.2 1 0 0
1 31042 28.5092 -55.0119 -3.59699 0.468942 1.2 1 0 0
1 31044 27.8478 -55.0871 -6.74525 0.338895 1.2 1 0 0
1 31045 28.451 -54.2888 -7.62992 0.723321 1.2 1 0 0
1 31059 32.5774 -53.7134 -4.9273 1.5 1.2 1 0 0
1 31069 27.0573 -53.5459 -6.06504 1.5 1.2 1 0 0
1 31071 28.2468 -52.3378 -3.28462 1.5 1.2 1 0 0
1 31077 26.9512 -54.1957 -9.28948 0.578787 1.2 1 0 0
1 31082 26.9873 -55.688 -8.05149 1.33676 1.2 1 0 0
1 31083 25.3793 -54.9976 -7.23181 0.588087 1.2 1 0 0
1 31084 25.8788 -55.5231 -9.20565 0.267021 1.2 1 0 0
1 31101 23.1046 -53.1901 -6.58284 1.01578 1.2 1 0 0
1 31103 23.5138 -55.713 -6.62322 1.5 1.2 1 0 0
1 31104 23.4494 -54.5138 -10.1178 0.378665 1.2 1 0 0
1 31106 23.347 -55.6974 -9.68654 0.820965 1.2 1 0 0
1 31107 26.2594 -55.6171 -3.92427 0.464496 1.2 1 0 0
1 31108 27.1571 -54.5164 -3.70437 0.971821 1.2 1 0 0
1 31109 26.0413 -55.0897 -3.40334 0.304451 1.2 1 0 0
1 31110 24.7606 -53.8103 -3.48534 1.5 1.2 1 0 0
1 31111 23.9046 -55.972 -1.9612 0.685588 1.2 1 0 0
1 31112 25.7446 -55.9725 -2.25114 1.17707 1.2 1 0 0
1 31114 26.1319 -54.7569 -2.93728 0.254134 1.2 1 0 0
1 31115 26.9739 -55.1465 -5.02575 0.406833 1.2 1 0 0
1 31116 24.8817 -55.3715 -4.97829 0.662708 1.2 1 0 0
1 31117 26.0248 -54.9291 -4.93815 0.561327 1.2 1 0 0
1 31133 22.2682 -55.8247 -3.40334 1.5 1.2 1 0 0
1 31135 23.2761 -54.5887 -4.82305 0.63524 1.2 1 0 0
1 31147 23.5601 -53.6954 -14.5009 0.891446 1.2 1 0 0
1 31149 23.9178 -54.5841 -13.6869 0.3657 1.2 1 0 0
1 31150 25.4644 -54.7846 -11.1378 0.386683 1.2 1 0 0
1 31151 25.6108 -54.5865 -12.1578 0.441755 1.2 1 0 0
1 31152 26.7586 -53.5984 -11.1638 1.36903 1.2 1 0 0
1 31174 34.9671 -54.2676 -13.3124 0.955205 1.2 1 0 0
1 31175 34.5312 -54.5173 -11.9999 0.450135 1.2 1 0 0
1 31176 34.9776 -55.341 -12.2868 0.526282 1.2 1 0 0
1 31180 33.0878 -54.2237 -14.4959 0.69681 1.2 1 0 0
1 31181 33.953 -54.7571 -14.0734 0.403864 1.2 1 0 0
1 31200 25.985 -53.3931 -14.1801 1.12696 1.2 1 0 0
1 31202 26.4145 -56.6431 -14.6334 0.451707 1.2 1 0 0
1 31203 26.7228 -54.9626 -14.3186 0.610625 1.2 1 0 0
1 31204 26.9135 -54.2292 -12.9703 0.550118 1.2 1 0 0
1 31205 26.4582 -56.3179 -12.6679 1.5 1.2 1 0 0
1 31206 25.3181 -54.6448 -13.2147 0.588731 1.2 1 0 0
1 31207 28.4647 -53.1818 -15.2494 1.33552 1.2 1 0 0
1 31208 28.2491 -54.2265 -16.8289 0.570459 1.2 1 0 0
1 31209 27.6284 -54.761 -16.3543 0.376212 1.2 1 0 0
1 31210 27.5762 -55.205 -12.0604 0.190469 1.2 1 0 0
1 31211 27.7148 -55.3415 -11.2654 0.621145 1.2 1 0 0
1 31213 28.5905 -55.2254 -10.6282 0.4405 1.2 1 0 0
1 31214 28.3528 -54.4845 -10.9763 0.40699 1.2 1 0 0
1 31221 34.6037 -55.0164 -8.80815 0.810044 1.2 1 0 0
1 31222 35.1013 -55.3347 -9.81035 0.320951 1.2 1 0 0
1 31223 33.446 -56.5247 -9.96355 1.41337 1.2 1 0 0
1 31224 31.5751 -56.2506 -9.16584 0.638861 1.2 1 0 0
1 31225 32.6844 -56.2654 -6.94222 1.5 1.2 1 0 0
1 31226 33.3644 -57.8313 -8.34001 0.656421 1.2 1 0 0
1 31227 34.502 -54.4629 -10.5635 0.97764 1.2 1 0 0
1 31228 32.7896 -54.5431 -10.6332 0.637513 1.2 1 0 0
1 31230 29.4854 -53.8371 -9.57545 1.5 1.2 1 0 0
1 31233 29.9984 -56.1614 -9.01329 0.945692 1.2 1 0 0
1 31235 30.914 -54.9972 -8.05552 0.797754 1.2 1 0 0
1 31236 31.2274 -54.8387 -9.27188 0.467357 1.2 1 0 0
1 31237 31.9116 -52.54 -11.3141 1.44487 1.2 1 0 0
1 31240 34.7494 -53.6662 -7.29488 0.949436 1.2 1 0 0
1 31244 31.9225 -54.6399 -7.31974 0.33133 1.2 1 0 0
1 31246 34.2104 -54.7858 -6.11324 0.762194 1.2 1 0 0
1 31247 34.3268 -54.5485 -4.92003 0.438015 1.2 1 0 0
1 31259 34.2303 -56.924 -13.3946 0.655131 1.2 1 0 0
1 31260 33.3131 -56.6787 -13.9049 0.408249 1.2 1 0 0
1 31261 34.4369 -55.8496 -14.3803 0.817507 1.2 1 0 0
1 31262 32.0692 -59.8959 -14.5064 1.12804 1.2 1 0 0
1 31263 32.3274 -60.6957 -12.57 0.753411 1.2 1 0 0
1 31264 31.4448 -57.6916 -14.3501 0.859668 1.2 1 0 0
1 31265 30.5537 -58.878 -14.1118 0.624554 1.2 1 0 0
1 31266 30.6749 -59.8905 -14.3144 0.278915 1.2 1 0 0
1 31267 27.6697 -57.9761 -12.8243 0.559543 1.2 1 0 0
1 31268 28.2134 -56.1618 -15.1756 1.48564 1.2 1 0 0
1 31269 27.9266 -57.5665 -13.7976 0.476073 1.2 1 0 0
1 31270 34.4433 -57.5038 -10.7538 0.192153 1.2 1 0 0
1 31271 34.145 -57.0556 -12.0339 0.713546 1.2 1 0 0
1 31272 33.413 -57.338 -11.4144 0.248588 1.2 1 0 0
1 31273 33.1079 -59.5004 -10.8169 0.47534 1.2 1 0 0
1 31274 29.5858 -55.7985 -11.0615 0.708422 1.2 1 0 0
1 31275 31.0464 -54.2906 -12.1665 0.653762 1.2 1 0 0
1 31276 32.2294 -56.7386 -11.3744 0.461791 1.2 1 0 0
1 31277 30.4915 -57.0861 -10.5385 0.868256 1.2 1 0 0
1 31278 31.8689 -57.529 -10.5521 0.5467 1.2 1 0 0
1 31279 31.406 -57.1099 -11.4256 0.406016 1.2 1 0 0
1 31280 32.6366 -56.2325 -15.7319 1.46603 1.2 1 0 0
1 31281 33.071 -57.9938 -16.9744 0.732728 1.2 1 0 0
1 31282 34.0461 -57.089 -16.5215 0.361559 1.2 1 0 0
1 31283 30.2505 -54.7502 -16.9417 1.5 1.2 1 0 0
1 31284 29.8706 -55.0556 -14.9959 0.498271 1.2 1 0 0
1 31285 30.0648 -56.7048 -16.0752 0.605537 1.2 1 0 0
1 31286 30.4919 -56.3189 -14.7496 0.837609 1.2 1 0 0
1 31287 31.101 -53.9893 -14.3865 1.24013 1.2 1 0 0
1 31288 31.8398 -54.5768 -15.8745 0.376997 1.2 1 0 0
1 31289 29.0187 -59.3449 -17.5668 0.787017 1.2 1 0 0
1 31290 29.8474 -58.0186 -18.13 0.520349 1.2 1 0 0
1 31291 27.3272 -55.5997 -17.8534 1.36573 1.2 1 0 0
1 31292 28.1852 -56.5727 -16.8702 0.257751 1.2 1 0 0
1 31293 29.1711 -57.096 -17.2494 0.921067 1.2 1 0 0
1 31294 27.6279 -57.4803 -16.7888 0.678578 1.2 1 0 0
1 31295 28.5907 -58.3855 -15.8973 0.882542 1.2 1 0 0
1 31296 23.1157 -59.3938 -19.5096 1.5 1.2 1 0 0
1 31297 23.7498 -60.3133 -18.1029 0.296234 1.2 1 0 0
1 31298 24.8963 -61.1355 -18.5542 1.16781 1.2 1 0 0
1 31299 25.3969 -60.5783 -16.9 0.420766 1.2 1 0 0
1 31300 25.9114 -59.5123 -20.4193 1.44156 1.2 1 0 0
1 31301 24.9165 -59.2773 -18.8898 0.39809 1.2 1 0 0
1 31302 24.4346 -57.1523 -16.8927 0.558242 1.2 1 0 0
1 31303 26.0143 -57.5862 -16.8965 0.941867 1.2 1 0 0
1 31304 26.3898 -56.8072 -15.6747 0.510022 1.2 1 0 0
1 31305 26.5112 -58.5909 -14.7207 1.5 1.2 1 0 0
1 31306 26.5491 -57.452 -18.201 0.46514 1.2 1 0 0
1 31307 26.0416 -56.4862 -17.3861 0.26242 1.2 1 0 0
1 31310 27.6177 -55.8375 -20.0469 0.834598 1.2 1 0 0
1 31313 24.8642 -56.6749 -18.8482 1.5 1.2 1 0 0
1 31316 26.4647 -57.1213 -19.9607 0.499654 1.2 1 0 0
1 31319 26.5848 -65.8111 -20.3354 1.5 1.2 1 0 0
1 31320 28.8365 -65.2951 -19.9802 0.837289 1.2 1 0 0
1 31321 27.9067 -65.0627 -19.364 0.302181 1.2 1 0 0
1 31322 29.0438 -66.0499 -18.791 0.586475 1.2 1 0 0
1 31325 25.6897 -63.7067 -19.0098 1.12767 1.2 1 0 0
1 31326 24.9598 -65.3038 -19.0836 0.612971 1.2 1 0 0
1 31327 23.5232 -65.8326 -18.9473 0.516194 1.2 1 0 0
1 31328 22.8392 -62.1398 -18.9416 0.361358 1.2 1 0 0
1 31330 23.9744 -63.1841 -18.5116 0.636505 1.2 1 0 0
1 31331 23.123 -64.1727 -19.3818 0.547645 1.2 1 0 0
1 31333 23.7446 -62.6148 -20.558 1.5 1.2 1 0 0
1 31334 28.3678 -66.5452 -16.5928 0.983892 1.2 1 0 0
1 31335 26.2497 -64.8426 -17.3426 0.848328 1.2 1 0 0
1 31336 24.7914 -66.8762 -17.5956 1.5 1.2 1 0 0
1 31337 25.5248 -68.505 -16.6652 0.514132 1.2 1 0 0
1 31338 26.6806 -67.3925 -15.1358 0.518196 1.2 1 0 0
1 31339 26.5004 -67.6323 -16.39 0.72392 1.2 1 0 0
1 31340 26.6493 -68.1231 -17.9914 0.74957 1.2 1 0 0
1 31341 26.5765 -68.7146 -18.8198 0.269777 1.2 1 0 0
1 31342 25.8527 -68.0083 -19.466 0.930331 1.2 1 0 0
1 31345 24.9399 -67.1571 -19.388 0.320152 1.2 1 0 0
1 31346 24.3319 -66.3036 -19.916 0.830678 1.2 1 0 0
1 31351 30.6323 -61.3737 -16.7646 1.31077 1.2 1 0 0
1 31352 32.1658 -60.2844 -16.5199 0.586039 1.2 1 0 0
1 31353 28.9498 -59.8973 -14.8842 0.946389 1.2 1 0 0
1 31354 28.3023 -60.6238 -13.8045 0.507199 1.2 1 0 0
1 31355 28.5618 -59.5958 -16.2369 0.360993 1.2 1 0 0
1 31356 29.0846 -60.8564 -16.001 0.490851 1.2 1 0 0
1 31357 31.354 -61.9133 -14.1825 0.995736 1.2 1 0 0
1 31358 30.4647 -60.458 -15.0141 0.646232 1.2 1 0 0
1 31359 30.9277 -58.5928 -16.4827 1.5 1.2 1 0 0
1 31360 29.395 -59.9239 -16.3013 0.536788 1.2 1 0 0
1 31361 27.3164 -60.7619 -16.997 1.5 1.2 1 0 0
1 31362 27.4192 -62.9501 -16.3335 0.774005 1.2 1 0 0
1 31363 26.5624 -62.1818 -15.8977 0.39931 1.2 1 0 0
1 31364 26.6008 -62.8837 -14.8191 0.88187 1.2 1 0 0
1 31365 24.994 -63.0138 -16.5725 1.5 1.2 1 0 0
1 31366 26.1619 -61.0327 -15.1207 0.657878 1.2 1 0 0
1 31367 25.7017 -60.1369 -15.8315 0.568628 1.2 1 0 0
1 31368 27.5158 -60.703 -14.7943 0.700542 1.2 1 0 0
1 31369 26.8021 -60.2403 -15.3304 0.282407 1.2 1 0 0
1 31370 26.4901 -62.2094 -18.3947 0.675173 1.2 1 0 0
1 31371 26.8643 -63.0256 -17.5472 0.559601 1.2 1 0 0
1 31372 25.5406 -61.2996 -17.1731 0.363757 1.2 1 0 0
1 31373 28.7087 -62.0757 -12.6075 0.625162 1.2 1 0 0
1 31374 28.2915 -65.7805 -12.9198 0.755701 1.2 1 0 0
1 31375 29.8986 -64.5944 -15.593 1.05839 1.2 1 0 0
1 31376 28.4794 -65.0128 -16.1307 0.385085 1.2 1 0 0
1 31377 29.0527 -66.0499 -14.682 0.57793 1.2 1 0 0
1 31378 28.8118 -65.613 -15.6961 0.383651 1.2 1 0 0
1 31379 30.4917 -63.1758 -18.0123 0.775444 1.2 1 0 0
1 31380 29.7816 -63.1297 -16.5723 0.643296 1.2 1 0 0
1 31381 30.9139 -63.1183 -15.7448 0.729524 1.2 1 0 0
1 31382 28.9281 -62.3885 -14.7109 1.5 1.2 1 0 0
1 31383 28.7603 -62.0722 -17.9696 0.678916 1.2 1 0 0
1 31384 28.4881 -64.2564 -17.8573 1.5 1.2 1 0 0
1 31385 31.3963 -59.0142 -21.0052 1.35837 1.2 1 0 0
1 31389 31.0839 -58.1923 -18.8837 0.938128 1.2 1 0 0
1 31390 30.9342 -59.401 -19.3762 0.373363 1.2 1 0 0
1 31393 28.404 -63.3616 -19.7164 0.522157 1.2 1 0 0
1 31397 25.8825 -62.1745 -19.3519 0.44765 1.2 1 0 0
1 31398 27.0611 -62.3942 -20.8868 1.5 1.2 1 0 0
1 31399 27.5734 -60.6036 -19.3139 0.833363 1.2 1 0 0
1 31403 30.8259 -62.6577 -19.1795 0.46567 1.2 1 0 0
1 31404 29.8304 -63.47 -19.6961 0.908541 1.2 1 0 0
1 31405 29.537 -62.6375 -18.6953 0.385361 1.2 1 0 0
1 31406 29.8894 -60.9533 -19.466 1.5 1.2 1 0 0
1 31407 28.6324 -60.2056 -18.2613 0.384439 1.2 1 0 0
1 31416 23.7894 -54.4325 -18.2865 1.03395 1.2 1 0 0
1 31417 23.0906 -54.5753 -20.6648 1.44355 1.2 1 0 0
1 31418 20.6061 -56.4784 -19.7952 1.5 1.2 1 0 0
1 31419 22.6503 -56.9195 -19.0211 0.729929 1.2 1 0 0
1 31420 21.5446 -57.379 -18.3691 0.430168 1.2 1 0 0
1 31424 20.9029 -54.4715 -15.7503 0.570363 1.2 1 0 0
1 31425 20.7284 -55.2745 -16.7908 0.755577 1.2 1 0 0
1 31426 17.1404 -56.343 -18.9187 1.5 1.2 1 0 0
1 31427 18.224 -54.7849 -18.6301 0.419683 1.2 1 0 0
1 31428 20.4662 -56.3965 -16.4234 0.438022 1.2 1 0 0
1 31429 19.5422 -57.1227 -16.987 0.864328 1.2 1 0 0
1 31430 20.0485 -57.4775 -15.6412 0.615429 1.2 1 0 0
1 31431 20.8197 -56.6973 -15.2647 0.544341 1.2 1 0 0
1 31432 17.5009 -57.0711 -16.4971 0.930601 1.2 1 0 0
1 31433 18.2995 -57.7836 -17.6987 0.67088 1.2 1 0 0
1 31434 18.2387 -57.4282 -15.4394 0.401739 1.2 1 0 0
1 31435 18.7483 -59.1507 -16.0667 1.5 1.2 1 0 0
1 31436 18.7626 -57.3 -16.0421 0.349809 1.2 1 0 0
1 31437 20.8836 -58.9368 -17.8289 1.27676 1.2 1 0 0
1 31438 19.9738 -57.5873 -18.0393 0.36425 1.2 1 0 0
1 31439 19.0783 -57.0729 -18.4476 0.622146 1.2 1 0 0
1 31440 19.8543 -57.9266 -18.7477 0.43027 1.2 1 0 0
1 31441 22.557 -54.0795 -16.4196 1.23069 1.2 1 0 0
1 31447 20.0336 -53.133 -17.0811 1.5 1.2 1 0 0
1 31449 20.6814 -53.8474 -19.6 1.13931 1.2 1 0 0
1 31451 15.1998 -64.9133 -19.452 0.486647 1.2 1 0 0
1 31452 16.4204 -64.4437 -17.9564 1.5 1.2 1 0 0
1 31453 15.4681 -65.8199 -18.6306 0.294291 1.2 1 0 0
1 31454 16.923 -66.0056 -19.188 0.550257 1.2 1 0 0
1 31455 12.1589 -63.6683 -16.8678 0.549931 1.2 1 0 0
1 31456 14.2106 -64.4177 -18.6781 0.750063 1.2 1 0 0
1 31457 13.1694 -62.4741 -18.1987 1.5 1.2 1 0 0
1 31458 14.1564 -63.9147 -16.3732 1.01384 1.2 1 0 0
1 31459 15.0778 -62.9288 -17.4054 0.597864 1.2 1 0 0
1 31460 15.9369 -62.8997 -18.3452 0.15639 1.2 1 0 0
1 31461 14.0917 -63.4923 -20.1455 0.824493 1.2 1 0 0
1 31462 14.6888 -62.7106 -19.5274 0.337267 1.2 1 0 0
1 31463 15.5781 -63.5413 -19.8187 0.698174 1.2 1 0 0
1 31464 15.2248 -62.8239 -18.7073 0.646105 1.2 1 0 0
1 31465 14.7855 -57.715 -18.9147 1.17809 1.2 1 0 0
1 31466 14.8329 -59.642 -19.4483 0.79347 1.2 1 0 0
1 31467 11.868 -60.646 -18.9969 0.32363 1.2 1 0 0
1 31468 13.2703 -60.5725 -18.5872 0.43796 1.2 1 0 0
1 31469 14.1879 -59.6736 -17.1361 1.5 1.2 1 0 0
1 31470 15.0285 -60.3291 -18.5421 0.264433 1.2 1 0 0
1 31472 12.6101 -59.1457 -19.7208 1.5 1.2 1 0 0
1 31473 13.9492 -62.8059 -15.6689 0.288713 1.2 1 0 0
1 31474 13.6564 -61.4867 -16.3393 0.54708 1.2 1 0 0
1 31475 15.5165 -61.9466 -15.6013 1.5 1.2 1 0 0
1 31476 16.3438 -59.2988 -16.1769 0.889171 1.2 1 0 0
1 31477 15.592 -60.1277 -15.7035 0.323309 1.2 1 0 0
1 31478 17.1632 -59.8519 -16.7889 0.273493 1.2 1 0 0
1 31479 16.4313 -60.1654 -18.4757 1.14949 1.2 1 0 0
1 31480 16.2989 -62.0701 -17.8344 0.864655 1.2 1 0 0
1 31481 15.0408 -61.3706 -18.4518 0.687234 1.2 1 0 0
1 31482 15.5259 -61.4938 -20.625 1.5 1.2 1 0 0
1 31485 10.2865 -61.3701 -19.568 1.5 1.2 1 0 0
1 31486 11.8695 -62.9166 -19.9688 0.657077 1.2 1 0 0
1 31488 12.7751 -61.568 -21.1325 1.29464 1.2 1 0 0
1 31493 19.9387 -60.0525 -18.9277 0.53083 1.2 1 0 0
1 31494 19.9521 -60.4642 -17.2204 0.612924 1.2 1 0 0
1 31495 20.8606 -61.0039 -18.4817 0.864911 1.2 1 0 0
1 31496 20.4405 -60.6957 -20.8051 1.5 1.2 1 0 0
1 31500 18.7079 -65.2836 -19.9099 1.5 1.2 1 0 0
1 31501 19.7932 -62.9629 -20.0534 0.830178 1.2 1 0 0
1 31502 17.0517 -62.9398 -19.5516 0.775511 1.2 1 0 0
1 31503 18.3263 -62.9586 -20.0532 0.554072 1.2 1 0 0
1 31506 17.5998 -60.4653 -17.199 0.567574 1.2 1 0 0
1 31507 18.0266 -59.7669 -17.8347 0.466013 1.2 1 0 0
1 31508 18.6401 -61.8107 -18.3747 1.5 1.2 1 0 0
1 31509 17.8907 -63.3728 -17.949 0.284153 1.2 1 0 0
1 31510 18.4476 -58.9039 -19.466 1.42684 1.2 1 0 0
1 31513 17.6199 -60.562 -19.4284 0.424543 1.2 1 0 0
1 31534 14.1879 -56.0897 -21.2058 1.5 1.2 1 0 0
1 31539 16.0291 -58.5598 -21.0829 1.46029 1.2 1 0 0
1 31545 15.3379 -52.9482 -21.2436 1.5 1.2 1 0 0
1 31547 18.0923 -53.2956 -19.849 1.5 1.2 1 0 0
1 31549 16.1205 -54.7256 -20.1184 0.744496 1.2 1 0 0
1 31565 24.4778 -57.6889 -15.356 0.642964 1.2 1 0 0
1 31566 25.2308 -57.1885 -14.1704 0.45265 1.2 1 0 0
1 31567 25.268 -57.3172 -14.9801 0.298686 1.2 1 0 0
1 31568 21.7781 -55.3415 -14.1118 1.47698 1.2 1 0 0
1 31569 23.0028 -55.4312 -15.5781 0.42278 1.2 1 0 0
1 31571 23.4227 -54.9255 -14.4574 0.25433 1.2 1 0 0
1 31572 23.2009 -56.5965 -14.9017 0.499241 1.2 1 0 0
1 31573 23.8649 -57.035 -14.9787 0.300263 1.2 1 0 0
1 31574 23.39 -57.9375 -15.4017 0.473839 1.2 1 0 0
1 31575 22.428 -58.0186 -15.0595 0.496143 1.2 1 0 0
1 31576 22.6552 -59.6784 -13.6389 0.510647 1.2 1 0 0
1 31577 22.6344 -59.4885 -14.849 0.710373 1.2 1 0 0
1 31578 21.6492 -57.0587 -12.7346 0.704981 1.2 1 0 0
1 31579 19.5421 -57.4259 -14.5107 0.391938 1.2 1 0 0
1 31580 20.269 -56.7247 -13.785 0.595703 1.2 1 0 0
1 31581 20.8557 -58.5812 -14.1733 1.38968 1.2 1 0 0
1 31582 21.5657 -60.9562 -12.5123 1.5 1.2 1 0 0
1 31583 20.5504 -59.5818 -12.8777 0.247383 1.2 1 0 0
1 31584 21.4081 -59.0722 -16.0268 0.60497 1.2 1 0 0
1 31585 20.6043 -59.6455 -16.2069 0.38308 1.2 1 0 0
1 31586 20.362 -60.0546 -15.2702 0.51239 1.2 1 0 0
1 31587 27.0071 -59.7224 -13.1413 0.412801 1.2 1 0 0
1 31588 26.0861 -59.9203 -13.4112 0.411901 1.2 1 0 0
1 31589 21.6715 -59.7691 -10.7621 0.545084 1.2 1 0 0
1 31590 23.3824 -59.4011 -10.8118 1.20027 1.2 1 0 0
1 31591 23.4044 -60.0912 -12.4037 0.534871 1.2 1 0 0
1 31592 24.1976 -59.5352 -12.2374 0.446059 1.2 1 0 0
1 31593 23.5698 -57.9005 -13.4265 1.5 1.2 1 0 0
1 31594 24.2715 -60.7777 -14.1118 1.5 1.2 1 0 0
1 31595 24.896 -61.0222 -16.1521 0.537842 1.2 1 0 0
1 31596 23.7841 -61.2664 -16.2559 0.570543 1.2 1 0 0
1 31597 23.4044 -62.0262 -16.6661 0.371047 1.2 1 0 0
1 31598 21.7162 -61.1635 -16.2792 1.5 1.2 1 0 0
1 31599 23.333 -60.5929 -15.663 0.32192 1.2 1 0 0
1 31600 22.3987 -61.8843 -14.211 0.60734 1.2 1 0 0
1 31601 23.0967 -62.0741 -14.9359 0.416682 1.2 1 0 0
1 31602 23.7228 -62.6537 -15.2154 0.34501 1.2 1 0 0
1 31603 23.3297 -62.2403 -15.8175 0.484439 1.2 1 0 0
1 31604 24.0321 -59.2917 -16.69 1.46655 1.2 1 0 0
1 31605 23.2814 -62.0687 -17.8493 0.819239 1.2 1 0 0
1 31606 22.9806 -60.6905 -17.879 0.58773 1.2 1 0 0
1 31607 22.349 -59.8103 -17.5291 0.447769 1.2 1 0 0
1 31608 21.5699 -62.8182 -15.8183 0.221435 1.2 1 0 0
1 31609 20.8917 -62.2944 -14.2781 0.803233 1.2 1 0 0
1 31610 20.8037 -62.8964 -15.635 0.561664 1.2 1 0 0
1 31611 18.3404 -60.6168 -15.1328 0.285516 1.2 1 0 0
1 31612 19.3657 -60.8643 -14.1384 1.15249 1.2 1 0 0
1 31613 17.5854 -64.8086 -13.972 0.561014 1.2 1 0 0
1 31614 18.7568 -65.7627 -14.6334 0.7259 1.2 1 0 0
1 31615 15.2485 -65.0527 -16.3723 0.562405 1.2 1 0 0
1 31616 16.5143 -64.4325 -15.2815 1.17202 1.2 1 0 0
1 31617 19.7994 -60.4521 -11.4347 0.607748 1.2 1 0 0
1 31618 19.4666 -59.4784 -12.6369 0.864832 1.2 1 0 0
1 31619 19.9018 -63.3579 -12.4306 1.04785 1.2 1 0 0
1 31620 19.3131 -62.6378 -10.1656 0.753632 1.2 1 0 0
1 31621 18.0876 -61.5804 -11.924 1.5 1.2 1 0 0
1 31622 17.2367 -60.5067 -14.4439 1.01937 1.2 1 0 0
1 31623 18.225 -60.0035 -13.2267 0.542621 1.2 1 0 0
1 31624 18.8522 -59.0634 -13.938 0.632666 1.2 1 0 0
1 31625 18.0288 -61.5658 -15.962 0.994035 1.2 1 0 0
1 31626 18.3379 -62.7245 -16.182 0.221688 1.2 1 0 0
1 31627 17.8895 -64.4266 -16.2393 0.502925 1.2 1 0 0
1 31628 18.9946 -63.5567 -14.8113 1.5 1.2 1 0 0
1 31629 27.7992 -62.2412 -11.3938 0.160214 1.2 1 0 0
1 31630 28.1189 -63.8582 -11.6037 1.5 1.2 1 0 0
1 31631 26.3763 -62.7309 -11.4347 0.582279 1.2 1 0 0
1 31632 25.5412 -62.6071 -10.6172 0.575313 1.2 1 0 0
1 31633 25.9099 -64.536 -11.1522 0.541117 1.2 1 0 0
1 31634 26.4979 -64.4949 -9.4675 1.2437 1.2 1 0 0
1 31635 26.4087 -65.5646 -12.3606 1.01723 1.2 1 0 0
1 31636 27.5734 -65.7675 -11.4291 0.487961 1.2 1 0 0
1 31637 26.7012 -65.5947 -10.8434 0.528198 1.2 1 0 0
1 31638 22.647 -60.4151 -9.51384 0.539118 1.2 1 0 0
1 31639 24.4129 -60.5439 -10.4825 0.373373 1.2 1 0 0
1 31640 23.8191 -61.6275 -11.3505 1.11931 1.2 1 0 0
1 31641 22.754 -61.5809 -9.88853 0.690101 1.2 1 0 0
1 31642 21.2672 -63.1694 -9.12582 0.772553 1.2 1 0 0
1 31643 20.0399 -62.9385 -9.21642 0.479127 1.2 1 0 0
1 31644 20.3616 -63.3552 -10.1538 0.447969 1.2 1 0 0
1 31645 20.7308 -62.6908 -10.0982 0.314199 1.2 1 0 0
1 31646 22.5845 -63.3728 -7.29039 0.968218 1.2 1 0 0
1 31647 22.2192 -62.3066 -8.4755 0.667267 1.2 1 0 0
1 31648 22.1042 -61.6606 -10.7971 0.429765 1.2 1 0 0
1 31649 23.2238 -62.7649 -10.7896 0.281654 1.2 1 0 0
1 31650 21.8108 -63.362 -11.0967 1.28096 1.2 1 0 0
1 31651 25.0819 -64.8097 -8.21092 0.664091 1.2 1 0 0
1 31652 25.5141 -65.3714 -8.68355 0.187754 1.2 1 0 0
1 31653 23.2952 -64.7514 -10.311 0.515823 1.2 1 0 0
1 31654 22.8108 -64.7744 -11.1682 0.451109 1.2 1 0 0
1 31655 23.5737 -63.2696 -11.2633 0.491677 1.2 1 0 0
1 31656 24.2533 -62.8528 -14.5214 0.548858 1.2 1 0 0
1 31657 25.3189 -63.3604 -14.6528 0.477566 1.2 1 0 0
1 31658 25.3151 -62.3807 -14.6989 0.500802 1.2 1 0 0
1 31659 24.8963 -63.5841 -12.7188 1.5 1.2 1 0 0
1 31660 22.7942 -64.871 -12.5839 0.95278 1.2 1 0 0
1 31661 23.0037 -62.5083 -13.1993 0.719173 1.2 1 0 0
1 31662 26.8243 -61.4713 -13.02 1.34987 1.2 1 0 0
1 31663 25.0911 -60.6485 -12.1285 0.648015 1.2 1 0 0
1 31664 25.4513 -65.4238 -13.3228 0.347417 1.2 1 0 0
1 31665 25.4684 -65.0766 -14.4427 0.176793 1.2 1 0 0
1 31666 25.4812 -64.7948 -13.9941 0.353147 1.2 1 0 0
1 31667 24.3865 -66.0499 -14.4042 1.2771 1.2 1 0 0
1 31668 25.5243 -67.3198 -15.2873 0.643054 1.2 1 0 0
1 31669 24.4308 -66.7852 -15.8191 0.314979 1.2 1 0 0
1 31670 25.2558 -65.218 -16.1245 0.764209 1.2 1 0 0
1 31671 22.6244 -68.656 -17.5484 1.01768 1.2 1 0 0
1 31672 22.9185 -67.1427 -17.2364 0.394545 1.2 1 0 0
1 31673 22.9781 -67.5068 -15.7398 1.14687 1.2 1 0 0
1 31674 24.6992 -68.1361 -15.9126 0.604391 1.2 1 0 0
1 31675 23.1882 -65.579 -16.3 0.843171 1.2 1 0 0
1 31676 23.5395 -64.6848 -17.9092 1.031 1.2 1 0 0
1 31677 22.878 -63.2936 -16.8379 0.650862 1.2 1 0 0
1 31678 20.9067 -66.0499 -16.6986 1.5 1.2 1 0 0
1 31679 20.147 -68.0789 -16.973 0.680829 1.2 1 0 0
1 31680 19.5819 -67.2833 -15.658 0.587878 1.2 1 0 0
1 31681 19.2859 -66.9497 -16.3802 0.190682 1.2 1 0 0
1 31682 19.2642 -64.3133 -17.4976 0.943865 1.2 1 0 0
1 31683 18.3445 -65.2672 -18.0153 0.429162 1.2 1 0 0
1 31684 19.5421 -65.553 -17.9695 0.41148 1.2 1 0 0
1 31685 20.5037 -65.5663 -14.1998 1.07266 1.2 1 0 0
1 31686 21.5823 -65.497 -15.0666 0.311168 1.2 1 0 0
1 31687 22.55 -66.6061 -18.3294 0.87189 1.2 1 0 0
1 31688 22.3877 -67.1193 -19.4463 0.343261 1.2 1 0 0
1 31691 20.7429 -65.4623 -18.8171 0.704628 1.2 1 0 0
1 31692 21.457 -63.3597 -18.4691 1.5 1.2 1 0 0
1 31693 20.4315 -64.6164 -19.4631 0.401483 1.2 1 0 0
1 31694 22.019 -65.31 -18.356 0.529084 1.2 1 0 0
1 31695 20.8009 -67.8777 -18.9027 1.36531 1.2 1 0 0
1 32040 16.8712 -54.8516 -3.54618 0.611374 1.2 1 0 0
1 32041 17.6343 -55.3413 -2.3518 0.656818 1.2 1 0 0
1 32042 21.5568 -57.8551 -8.0171 0.910676 1.2 1 0 0
1 32043 20.4312 -57.439 -8.63546 0.439281 1.2 1 0 0
1 32044 18.8128 -57.3153 -12.2907 0.793394 1.2 1 0 0
1 32045 19.4854 -57.3212 -11.1737 0.490178 1.2 1 0 0
1 32046 15.7194 -56.8418 -8.94729 0.394534 1.2 1 0 0
1 32047 15.7239 -57.7579 -8.27375 0.637785 1.2 1 0 0
1 32048 30.7047 -60.1296 -8.26283 0.382659 1.2 1 0 0
1 32049 31.0309 -60.349 -8.93595 0.390691 1.2 1 0 0
1 32054 31.2035 -56.2112 -13.5227 0.584844 1.2 1 0 0
1 32055 30.8779 -56.8673 -13.8999 0.237322 1.2 1 0 0
