# SphereID Center[X Y Z] Radius Density Region Score Weight
LeafCount 32062
NodeCount 32062
1 214 -16.1523 -43.3241 21.949 2 0.6 0 0 0
1 281 -6.65238 -35.0603 21.6121 2 0.6 0 0 0
1 555 -2.20167 -45.1679 17.8203 0.782058 0.6 0 0 0
1 559 3.02412 -40.7828 19.8208 1.2629 0.6 0 0 0
1 3042 -34.5442 -36.9538 11.5666 2 0.6 0 0 0
1 3048 -31.5752 -42.081 12.5531 2 0.6 0 0 0
1 3053 -34.5489 -40.1618 13.2238 1.60221 0.6 0 0 0
1 3055 -31.7243 -41.8421 15.7261 1.18539 0.6 0 0 0
1 3056 -33.024 -38.5003 14.8754 1.17726 0.6 0 0 0
1 3084 -30.7707 -34.9328 13.3758 2 0.6 0 0 0
1 3092 -34.0168 -36.1561 14.9513 0.915624 0.6 0 0 0
1 3108 -26.8209 -35.5465 14.4924 1.76972 0.6 0 0 0
1 3109 -29.1174 -36.5152 16.34 1.30113 0.6 0 0 0
1 3110 -29.2798 -38.8776 13.826 2 0.6 0 0 0
1 3177 -7.45507 -38.0036 19.9943 1.39776 0.6 0 0 0
1 3178 -8.17348 -39.3863 23.0137 2 0.6 0 0 0
1 3179 -5.48784 -36.9077 19.1429 1.0097 0.6 0 0 0
1 3180 -13.7288 -33.5851 19.1853 2 0.6 0 0 0
1 3181 -9.92456 -36.7966 22.1478 1.238 0.6 0 0 0
1 3182 -10.568 -37.6621 24.3954 1.2549 0.6 0 0 0
1 3183 -8.42195 -36.1515 24.2703 1.37239 0.6 0 0 0
1 3185 -10.1238 -36.0093 19.0133 2 0.6 0 0 0
1 3186 -9.1816 -38.6264 19.3388 0.545704 0.6 0 0 0
1 3187 -12.7994 -36.1047 17.8548 0.917237 0.6 0 0 0
1 3188 -11.4352 -44.9984 17.8615 0.740548 0.6 0 0 0
1 3189 -8.45986 -42.8691 19.1439 1.16865 0.6 0 0 0
1 3190 -10.3497 -42.4736 18.1138 0.923028 0.6 0 0 0
1 3191 -12.5688 -43.21 17.4862 1.36688 0.6 0 0 0
1 3192 -12.5993 -38.3712 14.8177 0.610105 0.6 0 0 0
1 3193 -15.0945 -37.9052 17.7629 2 0.6 0 0 0
1 3194 -14.4447 -40.5991 17.132 0.81963 0.6 0 0 0
1 3195 -10.022 -39.7401 20.4096 1.21308 0.6 0 0 0
1 3196 -9.4889 -39.8527 17.1185 2 0.6 0 0 0
1 3197 -13.6518 -41.1341 19.7482 1.43947 0.6 0 0 0
1 3198 -12.5084 -39.6986 17.9891 1.10269 0.6 0 0 0
1 3199 -13.4819 -39.1904 19.3155 0.55884 0.6 0 0 0
1 3200 -12.6285 -41.5768 23.2524 1.59305 0.6 0 0 0
1 3201 -10.624 -40.3796 24.1946 0.89587 0.6 0 0 0
1 3202 -11.1102 -43.6321 20.7076 2 0.6 0 0 0
1 3203 -16.5337 -37.5361 22.4 1.93329 0.6 0 0 0
1 3204 -15.7544 -40.1824 20.9662 1.17017 0.6 0 0 0
1 3205 -18.4507 -39.3673 23.7275 1.00054 0.6 0 0 0
1 3206 -18.6636 -42.0502 23.1191 1.01385 0.6 0 0 0
1 3207 -14.0107 -43.429 20.0074 0.89265 0.6 0 0 0
1 3208 -13.4995 -45.0502 22.2807 1.18137 0.6 0 0 0
1 3209 -13.4966 -44.4939 20.7425 0.454366 0.6 0 0 0
1 3210 -13.8447 -43.5913 23.5376 0.77501 0.6 0 0 0
1 3213 -7.15546 -33.2146 11.8099 2 0.6 0 0 0
1 3215 -11.8599 -35.8428 14.9584 2 0.6 0 0 0
1 3216 -8.90346 -35.8193 16.1655 1.0834 0.6 0 0 0
1 3221 -9.79545 -37.7946 10.8777 2 0.6 0 0 0
1 3223 -10.6155 -39.1315 13.5886 1.13087 0.6 0 0 0
1 3228 -26.1818 -39.6996 12.3466 1.44453 0.6 0 0 0
1 3229 -24.2358 -36.887 11.938 2 0.6 0 0 0
1 3230 -23.1962 -40.7748 15.74 0.714965 0.6 0 0 0
1 3231 -21.1348 -38.5162 14.8754 2 0.6 0 0 0
1 3232 -23.1296 -41.5133 13.3701 1.7593 0.6 0 0 0
1 3237 -24.4948 -44.9597 18.0697 1.2865 0.6 0 0 0
1 3238 -26.5688 -44.2091 19.1429 0.325042 0.6 0 0 0
1 3239 -24.3048 -45.0749 14.7712 2 0.6 0 0 0
1 3240 -26.7628 -44.4849 16.8657 1.2466 0.6 0 0 0
1 3241 -29.9007 -43.9506 14.8754 1.4042 0.6 0 0 0
1 3242 -31.1649 -44.9141 13.2596 0.858942 0.6 0 0 0
1 3244 -29.4108 -42.0153 17.024 1.44977 0.6 0 0 0
1 3245 -28.7242 -44.1383 16.6932 0.752619 0.6 0 0 0
1 3246 -29.3063 -40.0704 16.2398 0.649926 0.6 0 0 0
1 3247 -27.3236 -39.132 15.5686 0.620236 0.6 0 0 0
1 3248 -28.7534 -41.7251 13.1159 0.898143 0.6 0 0 0
1 3249 -21.6048 -39.85 21.3024 0.446103 0.6 0 0 0
1 3250 -21.9869 -41.5847 21.9581 1.39092 0.6 0 0 0
1 3251 -21.9704 -45.0416 20.2164 0.998547 0.6 0 0 0
1 3252 -22.2991 -42.5277 18.6152 2 0.6 0 0 0
1 3254 -27.812 -38.9573 18.137 2 0.6 0 0 0
1 3255 -24.9728 -38.402 15.6478 1.81407 0.6 0 0 0
1 3256 -26.0317 -39.7366 20.6693 1.18599 0.6 0 0 0
1 3257 -23.1908 -38.3655 20.178 2 0.6 0 0 0
1 3258 -23.2893 -39.695 22.6043 0.759596 0.6 0 0 0
1 3259 -26.0437 -42.2161 18.8101 1.7626 0.6 0 0 0
1 3260 -24.6491 -40.5949 17.1918 0.849301 0.6 0 0 0
1 3261 -25.4612 -39.0483 19.1616 0.566072 0.6 0 0 0
1 3262 -22.8467 -39.7216 17.2443 1.15428 0.6 0 0 0
1 3272 -27.801 -44.6675 12.2822 2 0.6 0 0 0
1 3290 -25.5071 -34.97 17.9784 2 0.6 0 0 0
1 3292 -24.2841 -35.3845 21.8199 1.49362 0.6 0 0 0
1 3298 -21.9825 -34.0438 17.9807 1.63519 0.6 0 0 0
1 3300 -22.9627 -36.0066 15.9763 1.29407 0.6 0 0 0
1 3304 -16.3573 -35.6127 19.7262 1.27181 0.6 0 0 0
1 3306 -19.682 -35.6708 20.2951 2 0.6 0 0 0
1 3308 -21.7511 -36.465 22.7595 1.31434 0.6 0 0 0
1 3309 -21.5167 -39.1563 22.6878 1.09491 0.6 0 0 0
1 3310 -16.5714 -33.5985 22.5392 2 0.6 0 0 0
1 3313 -18.9806 -36.0091 23.4103 1.12284 0.6 0 0 0
1 3314 -17.7962 -37.927 19.1429 1.03378 0.6 0 0 0
1 3315 -20.2386 -38.1829 18.0771 1.34137 0.6 0 0 0
1 3316 -19.1588 -40.0472 20.8921 2 0.6 0 0 0
1 3318 -15.6355 -35.8395 12.245 2 0.6 0 0 0
1 3320 -20.147 -35.3742 13.7881 1.46796 0.6 0 0 0
1 3323 -17.7695 -37.4579 14.8875 1.14766 0.6 0 0 0
1 3324 -18.0762 -36.2022 13.4779 0.758327 0.6 0 0 0
1 3325 -17.5075 -34.4711 15.8482 2 0.6 0 0 0
1 3331 -14.5187 -38.1399 14.4832 1.33814 0.6 0 0 0
1 3332 -15.0516 -39.9938 11.5624 2 0.6 0 0 0
1 3334 -12.7959 -40.9732 14.8754 2 0.6 0 0 0
1 3335 -13.812 -42.9745 12.537 1.22508 0.6 0 0 0
1 3340 -16.2759 -43.5739 14.6135 1.26258 0.6 0 0 0
1 3342 -20.7661 -41.5911 15.4547 1.15064 0.6 0 0 0
1 3343 -20.1424 -41.3969 12.8379 1.27717 0.6 0 0 0
1 3345 -20.0704 -44.4023 14.1708 2 0.6 0 0 0
1 3346 -17.6066 -40.5993 14.7741 2 0.6 0 0 0
1 3347 -17.9603 -43.0971 14.8754 0.507448 0.6 0 0 0
1 3350 -17.06 -46.5638 15.2311 1.84398 0.6 0 0 0
1 3351 -13.691 -46.0231 18.8869 1.94088 0.6 0 0 0
1 3352 -13.4172 -45.354 14.9587 2 0.6 0 0 0
1 3353 -18.0712 -43.7422 18.1795 0.213959 0.6 0 0 0
1 3354 -17.3397 -39.9109 18.393 1.06926 0.6 0 0 0
1 3355 -18.8845 -42.5293 19.17 1.03342 0.6 0 0 0
1 3356 -19.4942 -40.7828 17.6052 1.38485 0.6 0 0 0
1 3357 -19.3062 -45.5989 18.1975 2 0.6 0 0 0
1 3358 -17.6346 -47.2509 19.3455 0.464298 0.6 0 0 0
1 3359 -18.2239 -45.0462 22.1054 0.609774 0.6 0 0 0
1 3360 -19.8819 -43.7815 21.2994 1.62376 0.6 0 0 0
1 3361 -14.5716 -42.9541 15.671 0.756745 0.6 0 0 0
1 3362 -17.8572 -44.0486 16.0112 0.90007 0.6 0 0 0
1 3363 -15.9239 -40.3092 16.8477 0.682464 0.6 0 0 0
1 3364 -16.1074 -42.7445 17.9574 2 0.6 0 0 0
1 4746 -4.95729 -37.6664 24.5083 1.38208 0.6 0 0 0
1 4747 -6.06995 -35.2265 24.6033 0.995044 0.6 0 0 0
1 4748 -3.37537 -34.4341 23.4103 1.73111 0.6 0 0 0
1 9382 -8.38428 -45.8441 13.4471 1.546 0.6 0 0 0
1 9383 -7.76776 -43.0616 14.1959 1.00635 0.6 0 0 0
1 9384 -10.6239 -44.9804 13.7759 0.589271 0.6 0 0 0
1 9385 -10.9862 -46.2242 12.5667 1.18287 0.6 0 0 0
1 9386 -9.90669 -44.1467 15.9553 1.84373 0.6 0 0 0
1 9387 -9.9874 -47.0058 15.6977 1.02804 0.6 0 0 0
1 9388 -10.2407 -42.9335 12.2188 2 0.6 0 0 0
1 9399 -0.129954 -42.1203 11.0188 2 0.6 0 0 0
1 9402 -0.134253 -44.3475 14.7485 2 0.6 0 0 0
1 9408 -1.70732 -38.1526 15.683 0.84949 0.6 0 0 0
1 9409 -0.563751 -38.9606 15.361 0.512346 0.6 0 0 0
1 9410 -2.44873 -40.7828 14.8754 2 0.6 0 0 0
1 9411 -6.68199 -40.142 16.2378 0.923913 0.6 0 0 0
1 9412 -4.84448 -38.7963 14.145 1.14111 0.6 0 0 0
1 9413 -7.66658 -40.1502 13.4955 1.98986 0.6 0 0 0
1 9414 -5.51494 -41.797 15.4253 1.25815 0.6 0 0 0
1 9415 -2.99085 -36.5151 16.624 1.0196 0.6 0 0 0
1 9416 -5.88484 -36.3195 15.7846 2 0.6 0 0 0
1 9417 -4.76851 -39.2162 16.7577 1.23475 0.6 0 0 0
1 9418 -4.90126 -40.642 13.503 0.813925 0.6 0 0 0
1 9420 -5.20638 -43.8711 12.8424 2 0.6 0 0 0
1 9421 -4.84835 -40.4802 20.8561 0.577504 0.6 0 0 0
1 9422 -3.82207 -40.7828 17.6775 0.808896 0.6 0 0 0
1 9423 -6.23814 -40.8524 18.908 1.84111 0.6 0 0 0
1 9424 -5.12762 -45.9337 19.8799 0.937397 0.6 0 0 0
1 9425 -5.38458 -43.0468 19.979 0.74559 0.6 0 0 0
1 9426 -4.65741 -43.6389 19.2274 0.434103 0.6 0 0 0
1 9427 -7.11171 -44.3741 21.6658 2 0.6 0 0 0
1 9428 -1.91917 -41.8383 18.0688 1.40204 0.6 0 0 0
1 9429 -6.08223 -44.3761 17.387 2 0.6 0 0 0
1 9430 -3.33611 -45.0388 15.5382 1.36948 0.6 0 0 0
1 9435 -4.91903 -38.7681 10.9538 2 0.6 0 0 0
1 9438 -6.20509 -36.1928 12.5774 1.15673 0.6 0 0 0
1 9443 -2.62848 -36.4901 13.7027 1.8561 0.6 0 0 0
1 9529 5.84432 -34.4408 17.0473 2 0.6 0 0 0
1 9531 2.62677 -33.9735 14.3379 2 0.6 0 0 0
1 9532 1.18764 -38.4381 13.6358 2 0.6 0 0 0
1 9533 -0.255275 -35.0437 14.6474 1.07928 0.6 0 0 0
1 9542 -0.044807 -36.5583 17.3613 2 0.6 0 0 0
1 9544 0.118124 -38.3616 15.7836 0.400567 0.6 0 0 0
1 9547 -2.50972 -36.3299 21.3566 1.19164 0.6 0 0 0
1 9548 -1.91322 -36.498 19.4614 0.79232 0.6 0 0 0
1 9549 -3.79304 -34.4472 18.7546 2 0.6 0 0 0
1 9560 0.515703 -35.6368 23.4103 1.22823 0.6 0 0 0
1 9561 -0.375716 -33.7716 20.9308 2 0.6 0 0 0
1 9562 2.20858 -36.3539 19.3929 1.00781 0.6 0 0 0
1 9584 4.3742 -43.0553 17.7276 1.24248 0.6 0 0 0
1 9591 0.512459 -43.7355 22.0885 1.57196 0.6 0 0 0
1 9592 2.77668 -44.4101 22.2347 0.687573 0.6 0 0 0
1 9593 2.47045 -43.2859 23.4299 0.356158 0.6 0 0 0
1 9594 0.586485 -40.099 22.4282 2 0.6 0 0 0
1 9595 -2.03391 -37.824 23.7247 1.64858 0.6 0 0 0
1 9596 -4.29111 -40.7828 23.3544 2 0.6 0 0 0
1 9597 -2.92057 -39.0812 19.792 2 0.6 0 0 0
1 9598 -2.91036 -43.6739 20.9095 1.92646 0.6 0 0 0
1 9599 -1.34792 -44.7041 22.8192 0.63534 0.6 0 0 0
1 9600 -1.49583 -42.3281 23.5026 1.18952 0.6 0 0 0
1 9601 0.576069 -38.9568 19.4754 1.16606 0.6 0 0 0
1 9602 1.25884 -43.2513 18.605 2 0.6 0 0 0
1 9603 0.496053 -40.0667 16.8044 1.5924 0.6 0 0 0
1 9604 -1.16086 -43.3282 19.1429 0.479946 0.6 0 0 0
1 9605 3.51208 -36.3359 22.1036 2 0.6 0 0 0
1 9606 3.91203 -38.1576 17.6898 2 0.6 0 0 0
1 9607 5.28113 -39.4203 22.6459 1.59681 0.6 0 0 0
1 9608 2.88931 -38.5488 23.9124 0.89654 0.6 0 0 0
1 9609 4.0189 -44.6951 20.3634 1.568 0.6 0 0 0
1 9611 3.33858 -42.23 22.1441 1.49226 0.6 0 0 0
1 9617 4.06702 -39.7137 14.6282 1.2545 0.6 0 0 0
1 9620 2.58218 -39.7052 15.9018 0.701733 0.6 0 0 0
1 9625 4.43414 -42.9286 14.2798 2 0.6 0 0 0
1 10705 -31.2669 -39.367 16.6601 1.46106 0.6 0 0 0
1 10706 -31.9634 -36.4835 16.3167 1.51893 0.6 0 0 0
1 10721 -5.82346 -38.8434 23.4184 0.440927 0.6 0 0 0
1 10722 -7.43553 -40.0183 25.2779 0.461687 0.6 0 0 0
1 10723 -11.0843 -33.8031 22.7812 2 0.6 0 0 0
1 10725 -12.7331 -38.3762 21.623 2 0.6 0 0 0
1 10726 -14.3922 -36.1988 20.1331 0.818839 0.6 0 0 0
1 10727 -12.4254 -35.5955 20.8753 0.895917 0.6 0 0 0
1 10728 -13.7745 -35.8686 23.5628 1.33702 0.6 0 0 0
1 10730 -9.72474 -45.3383 22.637 0.92312 0.6 0 0 0
1 10731 -9.49282 -42.7359 23.4611 1.3091 0.6 0 0 0
1 10732 -8.55848 -36.1799 13.6447 1.4274 0.6 0 0 0
1 10733 -9.55061 -37.9034 14.9188 0.934394 0.6 0 0 0
1 10736 -26.73 -39.2738 14.2581 0.589078 0.6 0 0 0
1 10737 -26.592 -41.8023 15.045 2 0.6 0 0 0
1 10738 -27.6936 -36.3483 18.3832 0.616149 0.6 0 0 0
1 10739 -28.406 -34.9712 19.7575 1.39823 0.6 0 0 0
1 10744 -18.0494 -38.3221 17.0607 1.06564 0.6 0 0 0
1 10745 -20.3616 -36.0169 16.7406 1.20352 0.6 0 0 0
1 10748 -16.5212 -47.1125 18.1591 1.16854 0.6 0 0 0
1 10749 -14.7329 -47.6354 16.0537 0.840375 0.6 0 0 0
1 10752 -19.1588 -37.7502 11.5889 1.90287 0.6 0 0 0
1 11269 2.43815 -38.5302 20.3798 0.933463 0.6 0 0 0
1 11375 -9.05297 -38.4723 27.6253 0.65568 1.2 1 0 0
1 11376 -11.9146 -43.0725 27.3389 1.5 1.2 1 0 0
1 11377 -13.9316 -41.9165 27.4216 0.826213 1.2 1 0 0
1 11378 -11.8501 -38.4226 30.378 1.38073 1.2 1 0 0
1 11379 -13.3767 -39.4904 25.8003 0.789279 1.2 1 0 0
1 11384 -12.5116 -37.4528 28.908 0.500458 1.2 1 0 0
1 11385 -16.9768 -44.9905 24.7972 1.28012 1.2 1 0 0
1 11386 -16.8477 -39.2908 26.0495 0.987858 1.2 1 0 0
1 11399 -19.9584 -38.6082 25.2386 0.618223 1.2 1 0 0
1 11400 -21.6834 -38.9133 26.5663 0.52879 1.2 1 0 0
1 11401 -22.172 -38.9976 28.0606 1.03668 1.2 1 0 0
1 11402 -23.6405 -39.0661 25.9653 1.5 1.2 1 0 0
1 11403 -27.8735 -40.2032 23.5306 0.596403 1.2 1 0 0
1 11404 -29.3935 -35.022 23.4021 1.5 1.2 1 0 0
1 11407 -23.5231 -34.728 26.3311 1.5 1.2 1 0 0
1 11408 -26.8163 -44.2966 21.2845 1.20403 1.2 1 0 0
1 11409 -23.0622 -44.3776 23.0431 1.03134 1.2 1 0 0
1 11410 -33.9655 -45.754 18.6203 0.657225 1.2 1 0 0
1 11411 -31.0719 -45.0244 16.0118 0.460588 1.2 1 0 0
1 11412 -35.3031 -40.0354 15.81 0.536899 1.2 1 0 0
1 11413 -36.9915 -41.4319 15.3784 1.5 1.2 1 0 0
1 11414 -37.6237 -36.5959 15.4486 1.5 1.2 1 0 0
1 11417 -37.278 -40.6353 17.471 0.674619 1.2 1 0 0
1 11418 -35.3393 -39.7331 17.8666 1.5 1.2 1 0 0
1 11419 -38.5044 -39.1241 14.3202 1.38647 1.2 1 0 0
1 11421 -31.1587 -40.6827 19.3871 0.843639 1.2 1 0 0
1 11422 -31.0334 -38.8077 19.5192 0.47614 1.2 1 0 0
1 11423 -34.6 -44.2653 19.071 0.490873 1.2 1 0 0
1 11424 -33.7535 -40.7547 20.1074 1.42911 1.2 1 0 0
1 12295 -0.085648 -35.7518 27.0982 1.5 1.2 1 0 0
1 12299 2.52705 -35.9267 28.2766 1.20092 1.2 1 0 0
1 12300 1.35189 -36.8627 27.6999 0.408281 1.2 1 0 0
1 12305 2.11315 -37.3132 26.2196 1.28393 1.2 1 0 0
1 12307 3.06045 -40.63 30.8784 1.5 1.2 1 0 0
1 12308 1.55982 -40.9607 29.4892 0.556971 1.2 1 0 0
1 12309 2.91661 -43.5965 30.5806 1.18292 1.2 1 0 0
1 12310 -2.29774 -41.0348 30.6467 0.888675 1.2 1 0 0
1 12311 -0.658998 -39.693 28.632 0.547553 1.2 1 0 0
1 12312 0.769451 -41.9114 30.6184 1.11742 1.2 1 0 0
1 12313 1.30796 -40.9251 31.7599 0.483795 1.2 1 0 0
1 12314 1.37475 -39.7862 31.9388 0.662898 1.2 1 0 0
1 12315 -0.150017 -40.8081 28.9785 0.607859 1.2 1 0 0
1 12316 -0.387884 -39.5642 30.6635 1.5 1.2 1 0 0
1 12317 2.53843 -38.5725 31.1494 0.624145 1.2 1 0 0
1 12318 1.19133 -37.8592 31.1617 0.876807 1.2 1 0 0
1 12319 2.77925 -37.2817 29.6337 0.353762 1.2 1 0 0
1 12320 -0.243835 -37.1629 29.301 0.867522 1.2 1 0 0
1 12321 -0.268984 -37.5008 31.5311 0.643424 1.2 1 0 0
1 12322 0.798504 -35.4951 30.7788 1.5 1.2 1 0 0
1 12323 2.04944 -36.5989 32.2532 0.721157 1.2 1 0 0
1 12328 3.18495 -40.0035 26.3886 1.5 1.2 1 0 0
1 12329 2.14728 -41.3562 27.025 0.319801 1.2 1 0 0
1 12330 2.60871 -41.4641 25.039 0.56589 1.2 1 0 0
1 12331 0.254723 -38.0372 26.9259 0.816849 1.2 1 0 0
1 12332 -0.953807 -38.6414 26.0448 0.722845 1.2 1 0 0
1 12333 1.61685 -40.1914 27.6696 0.533545 1.2 1 0 0
1 12334 1.66001 -38.4456 28.7221 1.5 1.2 1 0 0
1 12335 2.80704 -38.3982 27.2235 0.348352 1.2 1 0 0
1 12336 -0.22087 -40.6136 26.8563 1.5 1.2 1 0 0
1 12337 0.977245 -38.9543 25.8607 0.74393 1.2 1 0 0
1 12338 -1.25181 -42.6413 29.0129 1.5 1.2 1 0 0
1 12339 -4.11379 -42.9848 27.7905 1.5 1.2 1 0 0
1 12340 -2.96459 -44.866 27.4674 0.727655 1.2 1 0 0
1 12341 -3.25816 -44.1413 26.424 0.484195 1.2 1 0 0
1 12342 -3.16348 -41.6829 29.2844 0.630996 1.2 1 0 0
1 12343 -4.98527 -41.1748 29.9125 1.35803 1.2 1 0 0
1 12344 -4.96633 -43.2424 29.8038 0.701416 1.2 1 0 0
1 12345 -3.26257 -42.9213 29.8616 0.70041 1.2 1 0 0
1 12346 -4.28965 -44.3232 29.4875 0.606333 1.2 1 0 0
1 12347 -2.88748 -44.6331 29.1 0.881027 1.2 1 0 0
1 12348 -2.51518 -41.642 26.2379 1.08917 1.2 1 0 0
1 12349 -3.41392 -40.5289 26.7083 0.416793 1.2 1 0 0
1 12350 -4.07514 -40.9895 26.064 0.610677 1.2 1 0 0
1 12351 -6.02497 -45.9262 27.2701 0.671658 1.2 1 0 0
1 12352 -5.47424 -47.1789 28.0738 0.910729 1.2 1 0 0
1 12353 -5.90719 -46.1219 28.8778 0.484064 1.2 1 0 0
1 12354 -4.37766 -45.6221 28.5835 0.945045 1.2 1 0 0
1 12355 -8.34966 -46.6027 27.2727 0.38695 1.2 1 0 0
1 12356 -9.09196 -45.7961 28.9942 0.65225 1.2 1 0 0
1 12357 -8.76112 -44.7621 27.1229 1.5 1.2 1 0 0
1 12358 -6.39585 -44.3683 28.7636 1.33993 1.2 1 0 0
1 12359 -7.23442 -46.4956 28.2486 0.984926 1.2 1 0 0
1 12360 -7.45019 -47.8442 26.1726 1.5 1.2 1 0 0
1 12361 -6.55566 -47.3057 27.5915 0.259547 1.2 1 0 0
1 12362 -6.75916 -49.5651 27.1581 0.599982 1.2 1 0 0
1 12363 -6.0064 -46.5733 26.085 0.42512 1.2 1 0 0
1 12364 -6.4113 -40.5031 28.9941 0.465655 1.2 1 0 0
1 12365 -5.45753 -40.0218 27.3404 1.5 1.2 1 0 0
1 12366 -5.79739 -41.9324 27.777 0.485521 1.2 1 0 0
1 12367 -9.15421 -42.8224 26.8477 0.498181 1.2 1 0 0
1 12368 -9.408 -43.7156 29.2605 0.966322 1.2 1 0 0
1 12369 -7.76327 -41.9508 28.1459 1.5 1.2 1 0 0
1 12370 -9.10235 -41.3982 29.0624 0.199951 1.2 1 0 0
1 12371 -7.12311 -42.9114 29.9945 0.67941 1.2 1 0 0
1 12372 -9.25982 -41.9312 30.0925 0.953314 1.2 1 0 0
1 12373 -6.10406 -42.5601 29.2446 0.543745 1.2 1 0 0
1 12374 -7.43559 -41.5122 30.407 0.798598 1.2 1 0 0
1 12375 -6.54069 -41.1283 26.0448 0.472987 1.2 1 0 0
1 12376 -7.76829 -41.3564 26.0448 0.616748 1.2 1 0 0
1 12377 -8.10413 -39.7188 26.8668 1.08482 1.2 1 0 0
1 12378 -4.43981 -43.9545 25.5525 0.953221 1.2 1 0 0
1 12379 -3.42751 -43.8891 24.7421 0.345067 1.2 1 0 0
1 12380 -5.36783 -44.1945 24.6999 0.328401 1.2 1 0 0
1 12381 -7.11595 -43.6273 26.1036 0.329807 1.2 1 0 0
1 12382 -8.1981 -44.3645 25.0489 0.68557 1.2 1 0 0
1 12383 -6.40919 -44.9771 25.6209 1.2669 1.2 1 0 0
1 12384 -7.26538 -43.4781 26.8956 0.48435 1.2 1 0 0
1 12385 -6.10565 -42.6276 26.1665 1.09289 1.2 1 0 0
1 12386 -5.18562 -44.7771 27.2386 0.649375 1.2 1 0 0
1 12387 -5.87846 -43.624 27.1836 0.348972 1.2 1 0 0
1 12388 -6.57066 -45.8352 24.0337 0.528767 1.2 1 0 0
1 12389 -5.45553 -46.3369 24.4496 0.762828 1.2 1 0 0
1 12405 -7.24516 -35.5411 30.4907 1.5 1.2 1 0 0
1 12415 -2.70075 -36.5034 30.3863 1.5 1.2 1 0 0
1 12416 -7.41888 -39.2334 30.1061 1.5 1.2 1 0 0
1 12417 -4.89878 -38.1394 29.6082 1.2921 1.2 1 0 0
1 12418 -5.97735 -37.9262 31.278 0.707212 1.2 1 0 0
1 12419 -5.14196 -39.271 31.1635 0.634405 1.2 1 0 0
1 12420 -5.33738 -36.2697 29.8461 0.641496 1.2 1 0 0
1 12422 -4.91875 -36.4115 31.3403 0.908695 1.2 1 0 0
1 12424 -4.24147 -37.9016 31.4178 0.647856 1.2 1 0 0
1 12425 -3.15595 -38.2249 29.8211 0.368167 1.2 1 0 0
1 12426 -3.17473 -39.089 31.0605 0.952438 1.2 1 0 0
1 12427 -3.36787 -39.3028 26.5237 0.823604 1.2 1 0 0
1 12428 -2.37693 -37.5464 26.7605 1.20356 1.2 1 0 0
1 12429 -3.53165 -38.4072 27.6682 0.341417 1.2 1 0 0
1 12430 -3.60412 -38.236 26.1139 0.339084 1.2 1 0 0
1 12431 -6.64842 -38.8556 26.3423 0.416357 1.2 1 0 0
1 12432 -7.09998 -37.4149 27.5247 1.5 1.2 1 0 0
1 12435 -4.46894 -35.9599 27.8991 1.5 1.2 1 0 0
1 12436 -3.50496 -36.3606 26.1314 0.549855 1.2 1 0 0
1 12437 -5.56513 -38.1299 26.411 0.464605 1.2 1 0 0
1 12438 -4.34344 -38.0493 26.9557 0.795975 1.2 1 0 0
1 12439 1.94362 -43.9672 29.4971 0.287705 1.2 1 0 0
1 12440 1.81196 -44.5696 27.1446 0.681346 1.2 1 0 0
1 12441 2.26195 -45.5423 29.0223 1.38789 1.2 1 0 0
1 12442 1.81036 -49.529 25.5461 1.16109 1.2 1 0 0
1 12443 1.06189 -47.2887 25.9509 0.528822 1.2 1 0 0
1 12444 1.52378 -48.053 26.5568 0.550354 1.2 1 0 0
1 12445 2.74824 -48.656 27.6852 1.21825 1.2 1 0 0
1 12446 0.981543 -47.2834 28.0196 0.994639 1.2 1 0 0
1 12447 2.95255 -47.2868 29.6536 0.580508 1.2 1 0 0
1 12448 2.28884 -46.4747 24.0577 0.78722 1.2 1 0 0
1 12449 2.81235 -46.322 26.2935 1.5 1.2 1 0 0
1 12450 1.89107 -45.0096 23.8187 0.747888 1.2 1 0 0
1 12451 -4.21238 -49.3238 23.0395 -0.0012687 1.2 1 0 0
1 12452 -3.99495 -49.045 23.7776 -0.0220092 1.2 1 0 0
1 12453 -1.06005 -51.6391 25.7075 -0.000412988 1.2 1 0 0
1 12454 -3.39163 -50.4335 23.6369 -0.000571254 1.2 1 0 0
1 12455 -5.45833 -47.7552 25.1174 0.755855 1.2 1 0 0
1 12456 -6.02827 -49.4577 24.5999 0.738619 1.2 1 0 0
1 12457 -3.86294 -48.3124 25.1284 0.667599 1.2 1 0 0
1 12458 -6.76081 -50.6022 26.3423 0.63335 1.2 1 0 0
1 12459 -4.78115 -49.0664 26.8525 1.29839 1.2 1 0 0
1 12460 -4.58196 -51.1792 24.742 -0.00518887 1.2 1 0 0
1 12461 -6.0786 -47.2994 22.1493 0.349269 1.2 1 0 0
1 12462 -4.39469 -47.1026 23.6765 0.734562 1.2 1 0 0
1 12463 -1.76909 -44.3965 28.6807 0.336587 1.2 1 0 0
1 12464 0.836079 -43.9771 30.0281 0.940476 1.2 1 0 0
1 12465 -0.017047 -43.2878 27.4856 0.563022 1.2 1 0 0
1 12466 -2.3379 -47.3085 27.7229 0.975025 1.2 1 0 0
1 12467 -3.91333 -47.0872 28.3016 0.617539 1.2 1 0 0
1 12468 -4.10198 -46.3601 26.2688 1.5 1.2 1 0 0
1 12469 -0.769035 -47.326 28.0868 0.628217 1.2 1 0 0
1 12470 -0.330004 -46.6315 28.8351 0.430682 1.2 1 0 0
1 12471 -0.387222 -46.679 26.2803 0.399085 1.2 1 0 0
1 12472 -1.73628 -46.4013 28.7083 0.48564 1.2 1 0 0
1 12473 0.113249 -43.0538 25.7195 1.20458 1.2 1 0 0
1 12474 -2.11109 -44.7203 25.2079 1.28001 1.2 1 0 0
1 12475 -0.487466 -44.125 24.5148 0.515729 1.2 1 0 0
1 12476 1.2975 -47.9148 23.7308 0.117053 1.2 1 0 0
1 12477 0.0719539 -46.2353 24.6035 1.27599 1.2 1 0 0
1 12478 2.13075 -46.5038 22.4564 0.702719 1.2 1 0 0
1 12479 -1.7194 -46.6597 25.9839 0.843143 1.2 1 0 0
1 12480 -1.8918 -47.1141 24.3685 0.425344 1.2 1 0 0
1 12481 -2.90888 -46.3044 24.4669 0.64215 1.2 1 0 0
1 12482 -3.93336 -45.1803 24.4204 0.648748 1.2 1 0 0
1 12483 -2.7847 -48.3418 26.2072 0.838004 1.2 1 0 0
1 12484 -1.99203 -48.5458 25.0452 0.275026 1.2 1 0 0
1 12485 -1.39539 -46.6688 22.7565 -0.0018262 1.2 1 0 0
1 12486 0.26961 -46.2449 22.5727 0.0527886 1.2 1 0 0
1 12487 -0.302782 -46.7478 21.2853 -0.0043816 1.2 1 0 0
1 12554 3.47951 -45.5913 23.3677 0.848086 1.2 1 0 0
1 12559 4.74342 -42.1172 28.4346 1.31208 1.2 1 0 0
1 12594 3.77318 -37.779 27.582 0.853908 1.2 1 0 0
1 12711 5.01419 -49.1152 13.8594 1.5 1.2 1 0 0
1 12725 2.70058 -51.1421 14.544 1.20782 1.2 1 0 0
1 12758 3.17228 -47.3102 21.4736 0.651267 1.2 1 0 0
1 12759 3.46564 -48.351 23.5054 1.24794 1.2 1 0 0
1 12765 -0.675129 -56.179 20.7246 -0.0261497 1.2 1 0 0
1 12766 -0.860168 -54.4687 22.3091 -0.0053782 1.2 1 0 0
1 12767 0.68321 -54.0582 21.8203 -0.000242596 1.2 1 0 0
1 12768 -1.07839 -53.7554 20.737 -0.00633299 1.2 1 0 0
1 12769 -2.35194 -51.5537 20.8264 -0.0165017 1.2 1 0 0
1 12770 -3.57549 -50.9503 20.9654 -0.000717889 1.2 1 0 0
1 12771 -4.36773 -52.9887 23.799 -0.00576774 1.2 1 0 0
1 12772 0.228233 -51.5274 22.2488 -0.0127502 1.2 1 0 0
1 12773 0.768371 -52.5225 24.215 -0.00850498 1.2 1 0 0
1 12774 -0.432975 -53.6786 24.1317 -0.00158689 1.2 1 0 0
1 12775 -2.33522 -53.4671 24.6673 -0.00207614 1.2 1 0 0
1 12776 1.13903 -53.4471 18.8953 -0.00234504 1.2 1 0 0
1 12777 -1.50082 -52.7244 18.2167 -0.00640131 1.2 1 0 0
1 12778 -2.06147 -51.0435 18.7633 -0.0157487 1.2 1 0 0
1 12779 -1.94677 -53.0159 20.6831 -0.00363532 1.2 1 0 0
1 12783 1.83544 -46.8004 20.7747 -0.00832815 1.2 1 0 0
1 12784 -1.48295 -47.3246 20.4778 -0.00430893 1.2 1 0 0
1 12786 -2.70932 -47.7679 19.1198 -0.00684016 1.2 1 0 0
1 12787 -0.712942 -47.8331 18.5213 -0.00239008 1.2 1 0 0
1 12788 -1.05566 -50.2334 23.0497 -0.00517758 1.2 1 0 0
1 12789 1.98459 -50.3395 23.9968 0.211455 1.2 1 0 0
1 12790 0.278076 -51.2067 20.0078 -0.00302014 1.2 1 0 0
1 12791 1.2202 -47.8323 21.3127 -0.00633477 1.2 1 0 0
1 12792 1.07638 -49.5818 19.1411 -0.00393049 1.2 1 0 0
1 12793 -0.381382 -49.5249 19.4686 -0.00185861 1.2 1 0 0
1 12794 1.75769 -47.8423 17.6523 -0.00138545 1.2 1 0 0
1 12795 3.90828 -49.9029 17.8329 1.02477 1.2 1 0 0
1 12796 4.18234 -48.3671 16.1735 1.02774 1.2 1 0 0
1 12797 -0.933792 -51.3967 15.4062 0.0505632 1.2 1 0 0
1 12798 -3.00927 -48.0092 16.1151 0.104499 1.2 1 0 0
1 12799 -1.72578 -49.1647 15.0728 0.386473 1.2 1 0 0
1 12800 1.81548 -51.8084 18.1252 -0.0013375 1.2 1 0 0
1 12801 1.87142 -48.5115 15.0999 1.5 1.2 1 0 0
1 12802 -0.46 -50.2678 14.0666 1.42966 1.2 1 0 0
1 12819 -1.27317 -47.5216 12.135 1.5 1.2 1 0 0
1 12827 3.11048 -47.6258 12.5729 1.23066 1.2 1 0 0
1 14913 -28.961 -58.6982 13.9953 1.47152 1.2 1 0 0
1 15102 -7.96469 -58.2638 12.5851 1.33696 1.2 1 0 0
1 15107 -4.64156 -55.3415 12.6593 1.5 1.2 1 0 0
1 15108 -5.92984 -53.0936 14.5326 1.2052 1.2 1 0 0
1 15110 -3.47584 -51.952 14.1973 1.33656 1.2 1 0 0
1 15183 -2.26781 -50.4287 14.6329 0.368525 1.2 1 0 0
1 15185 -9.84924 -49.3913 14.8881 1.27357 1.2 1 0 0
1 15186 -5.7204 -48.4137 14.7989 0.768682 1.2 1 0 0
1 15187 -7.2289 -49.9873 14.1626 1.5 1.2 1 0 0
1 15221 -9.88636 -51.2059 12.4033 1.5 1.2 1 0 0
1 15222 -10.7943 -48.735 12.6905 1.14595 1.2 1 0 0
1 15225 -12.6371 -49.9873 14.1178 1.5 1.2 1 0 0
1 15227 -11.5852 -52.0757 14.3693 0.851834 1.2 1 0 0
1 15235 -16.4556 -54.3539 15.7133 0.753005 1.2 1 0 0
1 15236 -18.5658 -53.8924 16.5082 0.856399 1.2 1 0 0
1 15237 -17.5417 -54.1927 15.9175 0.363431 1.2 1 0 0
1 15238 -17.9358 -53.6806 18.7693 1.5 1.2 1 0 0
1 15239 -20.3939 -53.6238 19.5183 0.748645 1.2 1 0 0
1 15240 -18.7758 -51.8198 17.7469 0.782546 1.2 1 0 0
1 15241 -16.5669 -56.1569 19.0293 0.745042 1.2 1 0 0
1 15242 -17.019 -55.3327 17.5961 0.724043 1.2 1 0 0
1 15243 -16.6153 -54.5779 20.6837 0.992765 1.2 1 0 0
1 15244 -16.1061 -51.9143 18.5296 0.721868 1.2 1 0 0
1 15245 -16.7969 -52.3258 16.2426 0.310824 1.2 1 0 0
1 15246 -20.7423 -60.9026 17.3288 1.5 1.2 1 0 0
1 15247 -19.0025 -58.9623 16.3344 1.25992 1.2 1 0 0
1 15248 -21.0048 -57.4409 18.0135 1.5 1.2 1 0 0
1 15249 -23.7272 -59.091 17.7591 1.5 1.2 1 0 0
1 15250 -21.6652 -59.5911 19.2399 0.982492 1.2 1 0 0
1 15251 -22.1407 -60.3451 18.3129 0.298558 1.2 1 0 0
1 15252 -21.7193 -59.2013 17.4923 0.468639 1.2 1 0 0
1 15253 -22.0521 -59.7833 18.0135 0.317814 1.2 1 0 0
1 15254 -24.1175 -61.791 15.4326 1.44388 1.2 1 0 0
1 15255 -23.3467 -59.3477 13.8796 1.5 1.2 1 0 0
1 15256 -17.4123 -56.923 20.997 1.5 1.2 1 0 0
1 15257 -19.7294 -57.2132 20.1791 0.787911 1.2 1 0 0
1 15258 -19.3795 -57.8946 21.6899 0.80092 1.2 1 0 0
1 15259 -20.9848 -55.3568 20.9138 1.5 1.2 1 0 0
1 15260 -21.4656 -57.0277 21.8437 0.468866 1.2 1 0 0
1 15261 -17.577 -56.3289 23.2558 0.707776 1.2 1 0 0
1 15262 -19.1557 -55.8833 22.6154 1.05315 1.2 1 0 0
1 15263 -18.2166 -57.3016 22.8022 0.512242 1.2 1 0 0
1 15264 -17.5362 -57.9573 16.2442 0.520039 1.2 1 0 0
1 15265 -21.9326 -55.276 16.1397 0.460332 1.2 1 0 0
1 15266 -19.1493 -55.0611 16.7938 0.425065 1.2 1 0 0
1 15267 -20.4634 -56.36 15.9147 0.916388 1.2 1 0 0
1 15268 -18.9247 -55.0032 14.2561 0.481641 1.2 1 0 0
1 15269 -20.1092 -58.1338 13.9456 1.5 1.2 1 0 0
1 15270 -26.0677 -58.5256 12.7302 1.22171 1.2 1 0 0
1 15271 -24.887 -57.1435 14.5029 0.858048 1.2 1 0 0
1 15273 -25.3417 -60.2519 14.6059 0.6247 1.2 1 0 0
1 15274 -27.0527 -60.9421 13.5298 1.5 1.2 1 0 0
1 15275 -25.6804 -63.0595 13.9434 1.05538 1.2 1 0 0
1 15276 -26.1102 -58.7021 15.8396 1.5 1.2 1 0 0
1 15277 -25.5032 -55.8864 12.3692 1.5 1.2 1 0 0
1 15279 -27.0793 -49.1192 17.5994 1.22122 1.2 1 0 0
1 15280 -28.4673 -48.4492 18.3036 0.460608 1.2 1 0 0
1 15281 -28.6682 -46.8867 17.1364 1.5 1.2 1 0 0
1 15282 -28.6457 -49.7124 17.3448 0.473043 1.2 1 0 0
1 15283 -30.7169 -51.279 17.9373 1.02177 1.2 1 0 0
1 15284 -29.9936 -51.8434 19.1918 0.5196 1.2 1 0 0
1 15285 -28.9453 -50.0408 19.391 1.5 1.2 1 0 0
1 15286 -32.8611 -49.9511 17.4906 0.361398 1.2 1 0 0
1 15287 -30.111 -48.7001 18.8997 0.272839 1.2 1 0 0
1 15288 -29.3968 -46.2393 15.4059 0.486124 1.2 1 0 0
1 15289 -30.3748 -49.2847 16.4324 1.5 1.2 1 0 0
1 15290 -28.9713 -48.15 14.0131 1.4862 1.2 1 0 0
1 15291 -25.108 -53.7722 17.6248 0.828311 1.2 1 0 0
1 15292 -26.451 -53.4692 16.8316 0.755824 1.2 1 0 0
1 15293 -25.0582 -51.6384 16.7738 0.778403 1.2 1 0 0
1 15294 -28.6457 -52.9569 16.9287 1.5 1.2 1 0 0
1 15295 -29.611 -53.6428 14.9254 0.823992 1.2 1 0 0
1 15296 -27.9608 -51.5562 18.0128 0.395522 1.2 1 0 0
1 15297 -27.3683 -53.4093 20.4416 0.794289 1.2 1 0 0
1 15298 -27.1544 -51.0152 16.4835 0.9799 1.2 1 0 0
1 15299 -24.2513 -55.5679 19.3257 1.5 1.2 1 0 0
1 15300 -28.2895 -58.4216 16.134 0.688321 1.2 1 0 0
1 15301 -25.7766 -58.8604 18.0135 0.57791 1.2 1 0 0
1 15302 -26.0519 -57.0672 17.9956 1.1943 1.2 1 0 0
1 15303 -25.5885 -54.5254 14.0257 0.580074 1.2 1 0 0
1 15305 -17.5395 -50.6385 23.6826 0.472405 1.2 1 0 0
1 15306 -20.1061 -48.4109 23.1135 0.720364 1.2 1 0 0
1 15307 -20.8756 -48.2897 21.3329 0.74265 1.2 1 0 0
1 15308 -18.1023 -48.2502 24.2898 0.443546 1.2 1 0 0
1 15309 -18.2359 -48.2613 21.9247 1.5 1.2 1 0 0
1 15310 -18.8434 -49.8719 21.8395 0.223456 1.2 1 0 0
1 15311 -16.3834 -48.6118 20.3297 0.969459 1.2 1 0 0
1 15312 -19.866 -48.7308 21.1239 0.375099 1.2 1 0 0
1 15313 -25.7247 -48.0522 21.7679 0.70575 1.2 1 0 0
1 15314 -27.7236 -48.5543 21.9498 1.34143 1.2 1 0 0
1 15315 -27.3571 -49.207 19.2122 0.302653 1.2 1 0 0
1 15316 -25.6799 -50.0018 22.5205 1.17049 1.2 1 0 0
1 15317 -24.9649 -46.6146 18.311 0.364134 1.2 1 0 0
1 15318 -18.2526 -53.4816 22.5596 1.5 1.2 1 0 0
1 15319 -19.3999 -52.4582 20.4713 1.05549 1.2 1 0 0
1 15320 -23.6391 -52.4828 23.0618 0.538077 1.2 1 0 0
1 15321 -21.4506 -50.5003 24.0603 0.925501 1.2 1 0 0
1 15322 -20.454 -50.4702 21.6827 1.5 1.2 1 0 0
1 15323 -21.8297 -51.064 22.884 0.419581 1.2 1 0 0
1 15324 -21.7787 -52.9993 22.521 1.46161 1.2 1 0 0
1 15325 -23.5178 -54.5491 21.6002 1.03545 1.2 1 0 0
1 15326 -22.2568 -54.959 22.4785 0.554953 1.2 1 0 0
1 15327 -18.3151 -49.393 16.8359 0.909005 1.2 1 0 0
1 15328 -17.9534 -50.1124 19.1151 1.5 1.2 1 0 0
1 15329 -17.3149 -48.7217 18.0248 0.374369 1.2 1 0 0
1 15330 -22.2726 -49.4212 16.9155 1.5 1.2 1 0 0
1 15331 -22.1214 -51.347 16.5521 0.438135 1.2 1 0 0
1 15332 -23.2915 -52.3685 18.0135 1.5 1.2 1 0 0
1 15333 -22.5907 -50.4931 18.7198 0.576797 1.2 1 0 0
1 15334 -18.7326 -50.6701 20.811 0.439798 1.2 1 0 0
1 15335 -18.805 -51.9153 19.1233 0.49392 1.2 1 0 0
1 15336 -20.6843 -51.1789 18.7099 1.44918 1.2 1 0 0
1 15337 -19.4026 -50.964 20.1133 0.452542 1.2 1 0 0
1 15338 -19.294 -48.7631 18.0672 0.661393 1.2 1 0 0
1 15339 -20.1513 -48.7644 19.6444 1.13208 1.2 1 0 0
1 15340 -16.2792 -51.7865 12.3547 1.37241 1.2 1 0 0
1 15341 -19.7214 -51.0655 15.8062 1.5 1.2 1 0 0
1 15342 -21.3196 -49.1582 14.3843 1.17859 1.2 1 0 0
1 15343 -20.6152 -48.6143 15.9506 0.580692 1.2 1 0 0
1 15344 -17.9555 -49.9874 14.3708 0.939306 1.2 1 0 0
1 15345 -17.8661 -51.6021 15.3873 0.458409 1.2 1 0 0
1 15346 -19.5436 -49.8998 12.5213 1.5 1.2 1 0 0
1 15347 -17.9373 -53.2491 14.3302 1.5 1.2 1 0 0
1 15351 -23.2915 -51.1114 12.3912 1.5 1.2 1 0 0
1 15354 -26.5815 -49.0575 12.4563 1.5 1.2 1 0 0
1 15356 -23.4501 -48.2535 15.2852 0.800695 1.2 1 0 0
1 15357 -23.7859 -50.6716 14.4464 0.642935 1.2 1 0 0
1 15358 -22.9776 -52.0739 15.3414 1.20658 1.2 1 0 0
1 15363 -22.1373 -56.6998 12.0192 1.5 1.2 1 0 0
1 15379 -4.55303 -49.8972 20.3834 -0.00560499 1.2 1 0 0
1 15380 -3.95516 -48.68 17.2903 -0.0356934 1.2 1 0 0
1 15382 -6.63597 -51.1007 18.5115 -0.0213281 1.2 1 0 0
1 15383 -4.80178 -52.4097 15.893 0.00933278 1.2 1 0 0
1 15384 -5.35218 -54.1005 18.3355 -0.00671414 1.2 1 0 0
1 15385 -6.44921 -53.1692 17.9165 -0.0261864 1.2 1 0 0
1 15386 -2.22586 -53.8773 19.3909 -0.0127228 1.2 1 0 0
1 15387 -4.09385 -51.4462 20.0424 -0.00101803 1.2 1 0 0
1 15389 -3.4196 -51.9416 15.8816 -0.0125923 1.2 1 0 0
1 15390 -7.11702 -49.5083 20.3571 0.813843 1.2 1 0 0
1 15391 -8.52317 -53.0654 18.8674 0.492864 1.2 1 0 0
1 15392 -11.2178 -51.1478 19.1429 0.766353 1.2 1 0 0
1 15393 -9.5615 -51.9832 18.8394 0.954958 1.2 1 0 0
1 15394 -9.95631 -51.3342 21.6568 1.5 1.2 1 0 0
1 15395 -8.42119 -51.8376 22.9205 0.550586 1.2 1 0 0
1 15396 -8.57593 -49.704 21.1971 0.607909 1.2 1 0 0
1 15397 -7.88995 -51.5041 18.9891 0.756842 1.2 1 0 0
1 15398 -7.76486 -49.3779 19.146 0.235388 1.2 1 0 0
1 15399 -9.48648 -49.564 19.26 1.5 1.2 1 0 0
1 15400 -3.25447 -53.1836 22.4043 -8.88668e-06 1.2 1 0 0
1 15401 -3.40204 -54.7973 22.1335 -0.00170513 1.2 1 0 0
1 15402 -4.68647 -54.2792 24.3265 -0.000628904 1.2 1 0 0
1 15403 -2.7408 -56.0451 23.1381 -0.00571917 1.2 1 0 0
1 15404 -8.33906 -53.7176 25.2997 -0.00543094 1.2 1 0 0
1 15405 -6.04727 -51.4654 23.7397 -0.0117345 1.2 1 0 0
1 15406 -7.11816 -51.2638 23.9029 0.258448 1.2 1 0 0
1 15407 -6.43908 -52.3951 25.9716 -0.00279306 1.2 1 0 0
1 15408 -6.13563 -55.2499 20.3774 -0.000196939 1.2 1 0 0
1 15409 -8.07969 -54.0089 22.4305 0.101094 1.2 1 0 0
1 15411 -10.8976 -50.9799 16.9056 1.5 1.2 1 0 0
1 15412 -11.6009 -48.9281 16.0491 0.832035 1.2 1 0 0
1 15413 -10.5989 -48.8635 17.4538 0.706634 1.2 1 0 0
1 15414 -8.55475 -49.3498 16.8438 1.07209 1.2 1 0 0
1 15415 -7.22245 -48.8951 18.4386 0.77426 1.2 1 0 0
1 15416 -7.59567 -50.1844 15.8715 0.258902 1.2 1 0 0
1 15417 -7.62065 -53.5277 17.3364 0.208674 1.2 1 0 0
1 15418 -6.87525 -54.2278 15.4836 0.545214 1.2 1 0 0
1 15419 -13.2421 -62.4423 19.5258 0.215036 1.2 1 0 0
1 15420 -15.4053 -56.9014 20.6891 0.530525 1.2 1 0 0
1 15421 -15.5981 -57.6462 19.3397 1.01466 1.2 1 0 0
1 15422 -15.7075 -60.794 20.0676 1.37986 1.2 1 0 0
1 15423 -13.5419 -57.7338 20.7846 1.5 1.2 1 0 0
1 15424 -14.0163 -59.9639 21.604 0.883299 1.2 1 0 0
1 15425 -12.9861 -59.7133 22.4513 0.473932 1.2 1 0 0
1 15426 -11.6661 -57.0956 19.1446 0.936726 1.2 1 0 0
1 15427 -13.2273 -58.4886 17.7282 1.5 1.2 1 0 0
1 15428 -11.5039 -55.2979 20.5067 1.09345 1.2 1 0 0
1 15429 -13.9963 -51.1432 18.5254 1.5 1.2 1 0 0
1 15430 -13.6874 -53.6074 22.0823 1.5 1.2 1 0 0
1 15431 -14.7142 -55.4253 20.5462 1.09201 1.2 1 0 0
1 15432 -13.5107 -55.1675 21.1986 0.301013 1.2 1 0 0
1 15433 -15.1428 -53.8959 20.6951 0.503175 1.2 1 0 0
1 15434 -12.929 -53.7051 19.3493 1.33652 1.2 1 0 0
1 15435 -13.0981 -56.1573 19.1414 0.771217 1.2 1 0 0
1 15436 -12.514 -56.4563 18.1861 0.354562 1.2 1 0 0
1 15437 -8.4969 -56.5933 21.9454 -0.00193385 1.2 1 0 0
1 15438 -9.40258 -58.5807 22.5539 -0.00151551 1.2 1 0 0
1 15439 -10.215 -56.4747 20.618 0.0593453 1.2 1 0 0
1 15440 -15.3761 -56.0537 22.9842 1.47502 1.2 1 0 0
1 15441 -9.86312 -54.5939 23.7867 0.62502 1.2 1 0 0
1 15442 -10.6463 -54.9099 24.9023 0.704284 1.2 1 0 0
1 15443 -12.6238 -58.0658 22.9883 0.910287 1.2 1 0 0
1 15444 -11.3785 -56.5422 15.6757 0.842933 1.2 1 0 0
1 15445 -11.2282 -57.3259 17.226 0.866565 1.2 1 0 0
1 15446 -13.5562 -48.7312 15.3361 0.476605 1.2 1 0 0
1 15447 -14.0125 -49.2918 16.7417 0.936206 1.2 1 0 0
1 15448 -14.6685 -48.7388 15.8889 0.265021 1.2 1 0 0
1 15449 -14.9353 -54.9013 15.568 0.869281 1.2 1 0 0
1 15450 -14.8109 -55.3415 17.8927 1.5 1.2 1 0 0
1 15451 -14.5918 -53.7395 16.0786 0.445494 1.2 1 0 0
1 15452 -14.5111 -52.9336 14.3067 1.5 1.2 1 0 0
1 15453 -10.7132 -48.0759 25.2792 1.5 1.2 1 0 0
1 15454 -9.29102 -48.3996 23.7279 0.497048 1.2 1 0 0
1 15455 -8.87878 -49.3491 24.5589 0.817897 1.2 1 0 0
1 15456 -7.47818 -49.771 25.1268 0.627787 1.2 1 0 0
1 15457 -10.2122 -50.3051 23.9328 0.844839 1.2 1 0 0
1 15458 -11.7705 -50.7135 25.8754 1.11035 1.2 1 0 0
1 15459 -9.8214 -50.0792 26.6212 1.07087 1.2 1 0 0
1 15460 -8.68445 -51.536 24.9909 1.34551 1.2 1 0 0
1 15461 -9.78149 -52.0892 23.4681 0.470071 1.2 1 0 0
1 15462 -12.468 -50.0731 23.3359 1.5 1.2 1 0 0
1 15463 -14.1816 -47.8761 23.1214 1.09939 1.2 1 0 0
1 15464 -14.0796 -49.1219 24.2425 0.579445 1.2 1 0 0
1 15465 -15.7376 -49.9873 23.2142 1.5 1.2 1 0 0
1 15466 -16.5927 -47.4415 24.1498 1.25791 1.2 1 0 0
1 15467 -16.5983 -49.126 24.4129 0.208669 1.2 1 0 0
1 15468 -16.3636 -51.2734 25.6007 0.73083 1.2 1 0 0
1 15469 -14.1395 -50.9611 25.4155 1.29937 1.2 1 0 0
1 15470 -14.8012 -49.5083 26.6377 0.586081 1.2 1 0 0
1 15471 -16.5009 -49.2834 25.8504 1.24041 1.2 1 0 0
1 15472 -16.0584 -51.7732 22.6633 0.396215 1.2 1 0 0
1 15473 -15.7579 -52.8797 24.176 1.5 1.2 1 0 0
1 15474 -10.3719 -46.0185 26.4076 0.653832 1.2 1 0 0
1 15475 -10.8505 -45.0121 28.615 1.054 1.2 1 0 0
1 15476 -10.2652 -43.5511 25.5844 0.95515 1.2 1 0 0
1 15477 -14.9037 -46.3059 27.5266 0.795401 1.2 1 0 0
1 15478 -14.2997 -47.6483 25.7081 1.5 1.2 1 0 0
1 15479 -11.9365 -46.6425 27.3932 1.03632 1.2 1 0 0
1 15480 -13.2401 -46.4263 26.7242 0.410122 1.2 1 0 0
1 15481 -11.982 -45.4371 25.2651 1.40428 1.2 1 0 0
1 15482 -12.1813 -47.1524 23.4491 1.02137 1.2 1 0 0
1 15483 -14.0522 -44.6222 24.919 0.846516 1.2 1 0 0
1 15484 -14.031 -46.1128 23.968 0.836191 1.2 1 0 0
1 15485 -9.27762 -48.1051 20.5231 0.411042 1.2 1 0 0
1 15486 -11.4053 -49.5343 19.0174 0.434295 1.2 1 0 0
1 15487 -11.6485 -49.4925 20.3603 0.92138 1.2 1 0 0
1 15488 -14.96 -48.8678 18.6745 0.727535 1.2 1 0 0
1 15489 -15.7371 -49.9329 19.4869 0.725654 1.2 1 0 0
1 15490 -13.9935 -49.1326 20.8443 1.5 1.2 1 0 0
1 15491 -12.5975 -50.2314 21.4609 0.379069 1.2 1 0 0
1 15492 -11.9649 -52.1094 22.3179 0.705976 1.2 1 0 0
1 15493 -11.3684 -49.8437 21.6941 0.486043 1.2 1 0 0
1 15494 -13.7829 -49.072 18.8337 0.477756 1.2 1 0 0
1 15495 -12.4572 -49.1507 18.0046 1.06973 1.2 1 0 0
1 15496 -12.5831 -48.5356 19.5141 0.528611 1.2 1 0 0
1 15497 -0.318907 -57.5547 16.4868 -0.0099361 1.2 1 0 0
1 15498 -2.48231 -57.1703 15.6938 -0.0173773 1.2 1 0 0
1 15499 -1.31109 -54.7048 16.5018 -0.0115799 1.2 1 0 0
1 15500 -2.54356 -56.393 18.6823 -0.00998022 1.2 1 0 0
1 15501 -1.26873 -56.6555 19.9011 -0.002049 1.2 1 0 0
1 15502 -2.31131 -58.0946 16.8183 -0.00284925 1.2 1 0 0
1 15505 -4.81437 -57.884 15.5893 0.0777186 1.2 1 0 0
1 15506 -4.96297 -60.7421 15.0156 0.235703 1.2 1 0 0
1 15507 -9.16324 -60.7071 19.9274 -0.0187364 1.2 1 0 0
1 15509 -9.5361 -62.7268 16.3557 0.35125 1.2 1 0 0
1 15510 -9.42601 -60.8276 16.1637 0.298012 1.2 1 0 0
1 15511 -5.71556 -62.8381 17.1018 -0.00422276 1.2 1 0 0
1 15512 -7.81385 -63.041 16.4647 0.000386745 1.2 1 0 0
1 15513 -6.52061 -62.8382 15.633 0.799917 1.2 1 0 0
1 15514 -2.20615 -57.6499 20.7045 -0.00229208 1.2 1 0 0
1 15515 -3.15384 -55.2935 20.6975 -0.00232487 1.2 1 0 0
1 15516 -7.28405 -56.258 20.4125 -0.000799781 1.2 1 0 0
1 15518 -9.0427 -55.4883 18.5507 0.00745085 1.2 1 0 0
1 15519 -5.61489 -59.8149 21.6798 -0.00167624 1.2 1 0 0
1 15520 -4.27856 -58.0676 21.0925 -0.00775746 1.2 1 0 0
1 15522 -6.29139 -59.6039 19.0262 -0.00829516 1.2 1 0 0
1 15523 -4.01229 -59.7776 18.4679 -0.00328592 1.2 1 0 0
1 15524 -6.07667 -60.5014 14.1829 0.63174 1.2 1 0 0
1 15525 -5.9279 -58.7419 13.7012 1.0343 1.2 1 0 0
1 15527 -4.76186 -59.7953 13.986 0.494404 1.2 1 0 0
1 15528 -9.07874 -56.9429 16.1553 0.954955 1.2 1 0 0
1 15529 -6.08916 -55.5212 15.3333 0.386687 1.2 1 0 0
1 15530 -6.69644 -58.4848 15.2625 0.612449 1.2 1 0 0
1 15531 -7.29436 -57.3146 15.9697 0.208362 1.2 1 0 0
1 15532 -7.92151 -55.7584 13.9152 1.5 1.2 1 0 0
1 15533 -5.83071 -56.8659 14.0296 0.868802 1.2 1 0 0
1 15534 -5.42995 -54.88 14.6074 0.64631 1.2 1 0 0
1 15535 -5.42006 -60.7226 12.1652 1.34867 1.2 1 0 0
1 15552 -11.4571 -64.4397 12.5313 1.5 1.2 1 0 0
1 15557 -7.32882 -63.2143 13.5728 1.37607 1.2 1 0 0
1 15561 -9.86721 -60.0566 12.6306 1.2689 1.2 1 0 0
1 15562 -10.6804 -61.8969 13.3233 0.853544 1.2 1 0 0
1 15563 -8.32997 -62.5587 15.7466 0.581141 1.2 1 0 0
1 15564 -9.68511 -62.333 14.5136 0.758113 1.2 1 0 0
1 15565 -8.90072 -63.9624 15.222 1.02194 1.2 1 0 0
1 15582 -18.3752 -65.021 13.9725 1.30092 1.2 1 0 0
1 15597 -22.7897 -63.6509 13.5767 1.5 1.2 1 0 0
1 15598 -23.8604 -63.6854 15.2189 0.460688 1.2 1 0 0
1 15599 -20.6144 -64.876 14.1374 0.93083 1.2 1 0 0
1 15600 -21.9294 -65.3592 14.0532 0.471111 1.2 1 0 0
1 15602 -19.8635 -62.5566 13.9655 1.5 1.2 1 0 0
1 15616 -11.999 -60.6957 14.4116 0.419147 1.2 1 0 0
1 15617 -13.6481 -59.1004 13.7648 0.768148 1.2 1 0 0
1 15618 -13.6515 -62.6665 15.0012 0.486307 1.2 1 0 0
1 15619 -13.481 -62.4505 16.1978 0.524591 1.2 1 0 0
1 15620 -13.3919 -63.5954 14.4889 0.362407 1.2 1 0 0
1 15621 -12.4704 -62.2969 16.8048 0.422329 1.2 1 0 0
1 15624 -14.33 -61.5908 13.5966 0.644615 1.2 1 0 0
1 15625 -13.3346 -62.969 13.3185 0.959428 1.2 1 0 0
1 15626 -15.6789 -56.9986 16.2383 0.997348 1.2 1 0 0
1 15627 -14.6175 -58.8772 15.8101 0.77965 1.2 1 0 0
1 15628 -16.3823 -57.3271 14.5849 0.784498 1.2 1 0 0
1 15629 -16.7153 -57.8309 15.9277 0.367665 1.2 1 0 0
1 15630 -18.3453 -59.4233 13.7479 0.658543 1.2 1 0 0
1 15631 -19.9541 -59.604 15.3679 0.240528 1.2 1 0 0
1 15632 -17.8331 -58.3011 14.6732 0.87394 1.2 1 0 0
1 15633 -17.9374 -60.9518 15.1516 1.27188 1.2 1 0 0
1 15634 -16.3089 -59.1605 17.3355 1.5 1.2 1 0 0
1 15635 -17.8349 -60.1083 17.4086 0.293863 1.2 1 0 0
1 15636 -15.8823 -59.4815 14.0123 1.5 1.2 1 0 0
1 15638 -14.035 -63.9334 16.5026 1.08737 1.2 1 0 0
1 15639 -15.2293 -64.9012 15.5975 0.696186 1.2 1 0 0
1 15640 -15.5969 -62.9309 14.6998 1.5 1.2 1 0 0
1 15641 -17.9713 -61.5562 18.4589 1.5 1.2 1 0 0
1 15642 -18.4178 -63.5119 16.266 1.35963 1.2 1 0 0
1 15643 -15.9914 -63.2706 17.3656 1.15129 1.2 1 0 0
1 15644 -17.2213 -62.2403 16.7386 0.449142 1.2 1 0 0
1 15645 -15.4932 -62.661 19.0526 0.682197 1.2 1 0 0
1 15647 -16.1138 -65.3126 13.9809 0.979131 1.2 1 0 0
1 15648 -13.9559 -64.9544 13.9302 1.20895 1.2 1 0 0
1 15652 -13.6535 -57.061 14.7578 1.5 1.2 1 0 0
1 15655 -16.0101 -55.3415 13.549 1.4314 1.2 1 0 0
1 16311 -11.5814 -38.1878 28.3012 0.720201 1.2 1 0 0
1 16312 -11.4311 -39.1268 27.728 0.351133 1.2 1 0 0
1 16313 -10.1156 -40.0835 28.6951 1.5 1.2 1 0 0
1 16314 -10.2183 -38.6149 29.8092 0.337904 1.2 1 0 0
1 16315 -9.66397 -38.8145 30.8983 0.900407 1.2 1 0 0
1 16316 -10.6245 -38.3937 26.7446 1.11684 1.2 1 0 0
1 16317 -9.60566 -39.7322 26.2376 0.54329 1.2 1 0 0
1 16318 -8.79603 -38.2735 26.4572 0.556727 1.2 1 0 0
1 16319 -9.47671 -38.3068 26.0448 0.230305 1.2 1 0 0
1 16320 -11.5421 -43.3331 29.5556 0.762931 1.2 1 0 0
1 16321 -13.8575 -43.561 28.2499 0.604365 1.2 1 0 0
1 16322 -13.4099 -42.3114 29.3474 1.1094 1.2 1 0 0
1 16323 -13.2905 -45.1447 28.0567 1.08892 1.2 1 0 0
1 16324 -13.2824 -44.3131 26.3075 0.605916 1.2 1 0 0
1 16325 -13.7264 -42.2977 25.733 0.910598 1.2 1 0 0
1 16326 -12.4228 -43.1475 25.2656 0.635971 1.2 1 0 0
1 16327 -13.329 -43.6121 25.0564 0.403403 1.2 1 0 0
1 16328 -12.0115 -40.8799 30.1394 1.01293 1.2 1 0 0
1 16329 -11.9182 -41.5425 28.7219 0.554511 1.2 1 0 0
1 16330 -14.5497 -38.2599 28.084 0.536454 1.2 1 0 0
1 16331 -14.6919 -38.8949 28.9977 0.499669 1.2 1 0 0
1 16332 -14.2971 -40.4851 30.0707 0.85059 1.2 1 0 0
1 16333 -13.1435 -39.7479 28.063 1.5 1.2 1 0 0
1 16334 -14.0876 -41.2947 28.5187 0.362173 1.2 1 0 0
1 16335 -10.0059 -41.4358 26.3508 1.19952 1.2 1 0 0
1 16336 -11.5504 -40.9659 27.4424 0.599142 1.2 1 0 0
1 16337 -11.7831 -41.4633 26.4512 0.332534 1.2 1 0 0
1 16338 -11.7327 -41.8199 25.5377 0.649369 1.2 1 0 0
1 16339 -12.296 -38.5203 25.9067 0.666933 1.2 1 0 0
1 16340 -14.8605 -38.1054 26.3404 1.2374 1.2 1 0 0
1 16341 -13.2231 -38.4862 26.5552 0.456952 1.2 1 0 0
1 16342 -11.8298 -40.2428 26.0563 0.948998 1.2 1 0 0
1 16343 -12.9762 -41.2062 26.5319 0.621093 1.2 1 0 0
1 16358 -16.727 -34.5194 29.6681 1.5 1.2 1 0 0
1 16360 -19.2227 -35.5376 29.4178 1.05252 1.2 1 0 0
1 16367 -16.9928 -36.3871 26.3403 0.427564 1.2 1 0 0
1 16368 -15.9929 -34.779 26.7181 1.5 1.2 1 0 0
1 16369 -18.7786 -36.5208 27.2805 0.56947 1.2 1 0 0
1 16371 -19.6348 -34.65 27.0577 1.5 1.2 1 0 0
1 16372 -17.9787 -35.7572 25.7629 0.875982 1.2 1 0 0
1 16378 -9.68236 -37.0114 29.0869 1.5 1.2 1 0 0
1 16382 -9.19481 -36.1983 26.8255 0.938236 1.2 1 0 0
1 16387 -14.303 -37.0643 29.7139 1.5 1.2 1 0 0
1 16389 -14.8858 -36.555 27.5935 0.756243 1.2 1 0 0
1 16392 -9.48992 -36.0143 31.2554 0.894462 1.2 1 0 0
1 16393 -10.9331 -34.272 30.4506 1.5 1.2 1 0 0
1 16394 -11.0488 -36.4998 30.8654 0.758616 1.2 1 0 0
1 16399 -12.1349 -36.3773 29.764 0.772999 1.2 1 0 0
1 16400 -12.7563 -35.672 31.0942 0.855739 1.2 1 0 0
1 16407 -14.49 -36.2119 25.7976 0.766939 1.2 1 0 0
1 16413 -12.6083 -36.6889 27.0254 1.5 1.2 1 0 0
1 16415 -14.7068 -44.5302 28.7219 0.592181 1.2 1 0 0
1 16416 -15.3182 -43.9852 26.7891 1.5 1.2 1 0 0
1 16417 -14.7977 -43.3669 29.1605 0.644177 1.2 1 0 0
1 16418 -18.963 -43.6738 26.7879 1.5 1.2 1 0 0
1 16419 -17.1098 -43.5532 27.1133 0.371178 1.2 1 0 0
1 16420 -17.9893 -45.2998 27.8974 0.688101 1.2 1 0 0
1 16421 -17.2136 -44.5336 27.2496 0.50321 1.2 1 0 0
1 16422 -16.6217 -45.08 27.9319 0.542036 1.2 1 0 0
1 16423 -17.1413 -43.6503 28.4633 0.973862 1.2 1 0 0
1 16424 -17.8998 -43.3175 29.3139 0.213407 1.2 1 0 0
1 16425 -17.0869 -37.5837 27.8485 1.5 1.2 1 0 0
1 16426 -16.0653 -38.988 29.7854 1.08627 1.2 1 0 0
1 16427 -17.2858 -38.6674 29.2352 0.255229 1.2 1 0 0
1 16428 -19.9123 -40.58 29.0637 0.583296 1.2 1 0 0
1 16429 -19.9153 -37.7629 28.5974 1.41822 1.2 1 0 0
1 16430 -18.194 -39.8933 28.8995 1.26847 1.2 1 0 0
1 16431 -17.6612 -38.1748 29.9756 0.710075 1.2 1 0 0
1 16432 -18.8207 -38.6026 29.8726 0.460465 1.2 1 0 0
1 16433 -18.3181 -39.1826 27.0228 0.680317 1.2 1 0 0
1 16434 -18.8366 -37.5185 25.9395 1.09035 1.2 1 0 0
1 16435 -19.9996 -38.3113 26.7125 0.499559 1.2 1 0 0
1 16436 -18.4842 -42.078 28.7219 0.942581 1.2 1 0 0
1 16437 -17.9294 -41.2733 27.5916 0.543558 1.2 1 0 0
1 16438 -17.3722 -42.3358 27.3602 0.650775 1.2 1 0 0
1 16439 -19.2825 -41.8309 26.4628 0.395805 1.2 1 0 0
1 16440 -18.8346 -42.1039 26.2513 0.164013 1.2 1 0 0
1 16441 -18.9504 -41.7813 27.3384 0.470966 1.2 1 0 0
1 16442 -17.6239 -41.2571 28.7374 0.216917 1.2 1 0 0
1 16443 -16.6123 -40.8536 30.2037 0.257118 1.2 1 0 0
1 16444 -15.926 -41.5111 28.7219 1.5 1.2 1 0 0
1 16445 -17.9374 -41.1707 25.8218 1.19696 1.2 1 0 0
1 16446 -16.3691 -41.9483 26.594 0.66076 1.2 1 0 0
1 16447 -16.4306 -40.9821 26.9131 0.357494 1.2 1 0 0
1 16448 -15.0441 -40.6285 26.1617 1.25876 1.2 1 0 0
1 16449 -14.8617 -40.3495 27.7503 0.347164 1.2 1 0 0
1 16450 -17.7172 -39.5253 25.1268 0.298131 1.2 1 0 0
1 16451 -17.7356 -38.3457 26.317 0.329508 1.2 1 0 0
1 16452 -17.3628 -37.9885 25.453 0.531231 1.2 1 0 0
1 16453 -18.7215 -39.3445 25.5059 0.789977 1.2 1 0 0
1 16454 -15.4749 -39.3169 27.9505 0.869178 1.2 1 0 0
1 16455 -15.8204 -39.4403 26.827 0.308789 1.2 1 0 0
1 16456 -17.153 -40.3706 27.3282 0.675898 1.2 1 0 0
1 16457 -16.0812 -38.862 27.0406 0.315107 1.2 1 0 0
1 16515 -37.4204 -36.0684 17.9323 1.04295 1.2 1 0 0
1 16516 -36.3028 -35.5293 19.5803 0.9451 1.2 1 0 0
1 16521 -35.2301 -36.6354 17.1233 1.35662 1.2 1 0 0
1 16530 -31.9905 -34.7671 21.5397 1.5 1.2 1 0 0
1 16534 -32.258 -37.1454 21.0429 0.779531 1.2 1 0 0
1 16535 -33.4963 -38.0071 21.8444 0.928757 1.2 1 0 0
1 16536 -31.8042 -37.2595 22.956 1.05179 1.2 1 0 0
1 16538 -31.1799 -36.4374 20.1546 0.755968 1.2 1 0 0
1 16539 -31.7286 -37.5941 19.7872 0.571144 1.2 1 0 0
1 16541 -34.5562 -36.5206 21.6944 0.504871 1.2 1 0 0
1 16542 -33.3714 -36.3863 22.2616 0.74722 1.2 1 0 0
1 16553 -33.4219 -36.743 17.819 0.583806 1.2 1 0 0
1 16556 -34.179 -36.9504 19.7608 1.5 1.2 1 0 0
1 16557 -32.2209 -36.1695 19.2283 0.663029 1.2 1 0 0
1 16599 -21.3577 -39.2864 25.1089 0.942092 1.2 1 0 0
1 16600 -22.3903 -38.2595 24.5083 0.582381 1.2 1 0 0
1 16601 -21.4318 -38.0973 24.5497 0.374031 1.2 1 0 0
1 16602 -24.343 -39.8475 27.6752 0.506136 1.2 1 0 0
1 16603 -25.4393 -41.2256 26.8631 0.474603 1.2 1 0 0
1 16604 -25.7433 -39.0863 26.7201 0.716877 1.2 1 0 0
1 16605 -24.2716 -38.3275 27.7764 0.555229 1.2 1 0 0
1 16606 -25.1127 -38.8905 27.634 0.366178 1.2 1 0 0
1 16607 -25.4715 -37.1638 26.6441 1.22621 1.2 1 0 0
1 16608 -24.0868 -40.7433 24.104 1.04391 1.2 1 0 0
1 16609 -24.2452 -39.0972 23.8465 0.626776 1.2 1 0 0
1 16610 -20.2095 -40.2753 27.024 1.5 1.2 1 0 0
1 16611 -20.2051 -41.9057 28.5443 0.729248 1.2 1 0 0
1 16612 -20.6098 -43.2109 28.0786 0.642949 1.2 1 0 0
1 16613 -23.9812 -41.3494 26.9539 0.991561 1.2 1 0 0
1 16614 -23.0262 -40.732 27.9487 0.499797 1.2 1 0 0
1 16615 -22.4216 -40.5595 26.9136 0.648295 1.2 1 0 0
1 16616 -21.9801 -42.3172 27.2483 1.1883 1.2 1 0 0
1 16617 -21.919 -40.77 28.2659 0.652588 1.2 1 0 0
1 16618 -21.4349 -41.3552 24.8208 1.0427 1.2 1 0 0
1 16619 -22.7299 -41.3121 26.0639 0.527889 1.2 1 0 0
1 16620 -21.3683 -36.9732 26.0634 1.5 1.2 1 0 0
1 16624 -23.3507 -36.9309 27.7425 1.0983 1.2 1 0 0
1 16625 -21.7395 -36.5255 28.7011 0.78855 1.2 1 0 0
1 16627 -23.8694 -36.7646 24.6757 1.13107 1.2 1 0 0
1 16630 -25.1808 -39.7421 23.6079 0.516784 1.2 1 0 0
1 16631 -25.5716 -41.3241 22.991 0.900487 1.2 1 0 0
1 16632 -28.5778 -39.6756 25.1604 0.724939 1.2 1 0 0
1 16633 -28.4218 -41.4172 24.9294 0.735356 1.2 1 0 0
1 16634 -27.7797 -40.8569 26.0448 0.220071 1.2 1 0 0
1 16635 -26.4355 -40.4003 25.0736 1.5 1.2 1 0 0
1 16636 -26.3187 -39.2269 23.0297 0.85972 1.2 1 0 0
1 16637 -27.3243 -40.3795 22.1835 0.868917 1.2 1 0 0
1 16638 -27.5577 -39.2042 22.5868 0.384169 1.2 1 0 0
1 16639 -27.3533 -38.5445 22.108 0.456116 1.2 1 0 0
1 16640 -27.777 -36.215 22.5643 0.676719 1.2 1 0 0
1 16642 -30.357 -38.2718 23.3677 0.761622 1.2 1 0 0
1 16643 -29.6373 -38.5273 22.4269 0.450134 1.2 1 0 0
1 16644 -31.1215 -36.1196 23.983 0.625683 1.2 1 0 0
1 16647 -29.9418 -37.0553 21.6653 1.22323 1.2 1 0 0
1 16648 -26.7065 -38.5757 24.8336 0.322818 1.2 1 0 0
1 16649 -25.5081 -38.1462 24.36 1.03545 1.2 1 0 0
1 16651 -28.1749 -36.3228 25.4214 0.740825 1.2 1 0 0
1 16652 -27.0096 -38.3417 25.9441 0.807603 1.2 1 0 0
1 16653 -27.8743 -38.9033 25.4191 0.349413 1.2 1 0 0
1 16654 -27.9689 -37.3812 26.0448 0.504736 1.2 1 0 0
1 16655 -28.1082 -37.9308 23.8622 1.5 1.2 1 0 0
1 16656 -29.9609 -38.4776 24.6166 0.564618 1.2 1 0 0
1 16657 -27.6816 -42.4061 20.991 0.643229 1.2 1 0 0
1 16658 -27.6903 -42.525 23.1309 1.5 1.2 1 0 0
1 16659 -27.1182 -41.5528 21.4876 0.493219 1.2 1 0 0
1 16660 -27.7595 -41.0962 21.0921 0.377733 1.2 1 0 0
1 16661 -29.7651 -40.2254 23.6277 1.28934 1.2 1 0 0
1 16662 -30.6234 -40.3602 22.4006 0.211087 1.2 1 0 0
1 16663 -30.3229 -40.9703 22.4351 0.221877 1.2 1 0 0
1 16664 -29.5842 -42.0069 22.8196 0.460139 1.2 1 0 0
1 16665 -29.7764 -42.529 23.8718 0.711805 1.2 1 0 0
1 16666 -29.8894 -41.4049 22.6702 0.231162 1.2 1 0 0
1 16667 -29.4136 -41.1418 21.243 1.28391 1.2 1 0 0
1 16668 -29.5034 -39.3384 20.6913 0.597123 1.2 1 0 0
1 16669 -28.4673 -40.791 22.6545 0.428605 1.2 1 0 0
1 16670 -28.6457 -39.2789 21.9827 0.862521 1.2 1 0 0
1 16683 -26.1191 -35.406 24.5516 1.5 1.2 1 0 0
1 16689 -27.0116 -35.9527 26.5072 0.718066 1.2 1 0 0
1 16707 -20.7583 -44.8267 26.5102 0.648454 1.2 1 0 0
1 16708 -19.5933 -44.2281 24.4435 0.990148 1.2 1 0 0
1 16709 -22.1853 -44.4146 26.8282 0.706928 1.2 1 0 0
1 16710 -22.8656 -46.4525 26.1959 0.152665 1.2 1 0 0
1 16711 -22.009 -43.5078 26.3433 0.307523 1.2 1 0 0
1 16712 -20.2194 -44.976 27.4572 0.407041 1.2 1 0 0
1 16713 -19.542 -46.051 26.983 0.85321 1.2 1 0 0
1 16714 -20.604 -46.9423 26.3495 0.655619 1.2 1 0 0
1 16715 -22.048 -45.6805 24.9848 1.5 1.2 1 0 0
1 16716 -21.5201 -43.7065 25.5372 0.616724 1.2 1 0 0
1 16717 -26.1212 -45.6842 21.4039 0.352512 1.2 1 0 0
1 16718 -26.8041 -46.7678 21.7331 0.679463 1.2 1 0 0
1 16719 -26.7999 -45.9584 21.0429 0.352769 1.2 1 0 0
1 16720 -24.7446 -45.7076 21.1273 0.258143 1.2 1 0 0
1 16721 -28.6645 -45.1027 23.0469 1.23573 1.2 1 0 0
1 16722 -28.0808 -43.9871 22.0988 0.331463 1.2 1 0 0
1 16723 -27.3683 -46.778 23.246 0.886104 1.2 1 0 0
1 16724 -28.4087 -46.4955 23.7737 0.271743 1.2 1 0 0
1 16725 -28.223 -44.0492 24.5092 0.619838 1.2 1 0 0
1 16726 -27.5554 -44.2666 23.8286 0.358011 1.2 1 0 0
1 16727 -20.3551 -43.8728 23.4459 0.31387 1.2 1 0 0
1 16728 -21.4284 -43.555 24.0056 0.904714 1.2 1 0 0
1 16729 -23.4824 -42.9943 25.1234 1.5 1.2 1 0 0
1 16730 -22.6974 -41.5363 23.8911 0.53558 1.2 1 0 0
1 16731 -22.5086 -42.9274 23.3677 0.486273 1.2 1 0 0
1 16732 -21.8132 -45.6155 22.58 0.787135 1.2 1 0 0
1 16733 -21.9953 -44.6101 22.3502 0.260098 1.2 1 0 0
1 16734 -22.9155 -46.203 23.1303 0.577509 1.2 1 0 0
1 16735 -24.1991 -44.4926 24.0288 0.477733 1.2 1 0 0
1 16736 -23.9325 -47.0549 24.7372 0.84553 1.2 1 0 0
1 16737 -25.0552 -45.1427 25.0545 1.00695 1.2 1 0 0
1 16738 -25.9686 -46.3913 24.6251 0.597876 1.2 1 0 0
1 16739 -24.8255 -44.059 26.1872 0.517212 1.2 1 0 0
1 16740 -26.165 -43.2735 25.1821 1.16351 1.2 1 0 0
1 16741 -25.1716 -41.9493 24.7068 0.529532 1.2 1 0 0
1 16742 -25.1257 -43.3832 23.0121 1.20361 1.2 1 0 0
1 16743 -24.9684 -46.2463 22.7867 1.5 1.2 1 0 0
1 16744 -23.8818 -45.2825 21.3171 0.565296 1.2 1 0 0
1 16745 -24.2084 -44.436 21.9619 0.543669 1.2 1 0 0
1 16746 -27.964 -44.3047 19.6062 0.723894 1.2 1 0 0
1 16747 -29.3514 -43.0558 19.2368 0.618906 1.2 1 0 0
1 16748 -27.2152 -45.7358 18.7563 0.801528 1.2 1 0 0
1 16749 -29.5576 -44.7298 18.5663 1.16982 1.2 1 0 0
1 16750 -30.5042 -48.0351 19.997 1.06917 1.2 1 0 0
1 16751 -29.654 -47.2118 18.9011 0.54391 1.2 1 0 0
1 16752 -28.5674 -46.2242 20.5535 1.5 1.2 1 0 0
1 16753 -30.2646 -44.3895 20.0433 0.502617 1.2 1 0 0
1 16754 -29.99 -46.3094 18.3827 0.406185 1.2 1 0 0
1 16755 -30.3667 -46.4733 19.4193 0.581319 1.2 1 0 0
1 16756 -31.8935 -46.1003 18.0503 1.5 1.2 1 0 0
1 16757 -32.4743 -48.1173 18.7172 0.686485 1.2 1 0 0
1 16758 -32.0405 -47.2262 19.9349 0.668154 1.2 1 0 0
1 16759 -33.228 -44.6556 19.6156 0.998374 1.2 1 0 0
1 16760 -32.6428 -46.7619 16.46 0.378353 1.2 1 0 0
1 16761 -33.732 -47.1676 17.9536 0.628044 1.2 1 0 0
1 16762 -33.166 -47.0298 17.2387 0.272543 1.2 1 0 0
1 16763 -29.0969 -43.5899 20.9834 1.19292 1.2 1 0 0
1 16764 -30.5365 -43.8724 22.6368 0.957804 1.2 1 0 0
1 16765 -29.8182 -45.0022 21.6957 0.543919 1.2 1 0 0
1 16766 -29.5711 -44.3635 22.1033 0.24846 1.2 1 0 0
1 16767 -31.2616 -45.648 20.8102 1.26704 1.2 1 0 0
1 16768 -30.9681 -46.4 22.1001 0.249636 1.2 1 0 0
1 16769 -30.4061 -46.9916 20.9263 0.329977 1.2 1 0 0
1 16770 -28.9684 -47.032 22.5867 0.724163 1.2 1 0 0
1 16771 -29.926 -47.6133 21.6352 0.718535 1.2 1 0 0
1 16772 -30.0683 -46.3319 22.1479 0.651546 1.2 1 0 0
1 16773 -31.9026 -44.2113 21.8838 0.628675 1.2 1 0 0
1 16774 -30.685 -44.1539 21.3076 0.404285 1.2 1 0 0
1 16775 -30.2255 -45.3297 16.7921 0.726879 1.2 1 0 0
1 16776 -30.332 -46.3598 16.6254 0.31075 1.2 1 0 0
1 16777 -32.8338 -45.3957 16.779 0.208799 1.2 1 0 0
1 16778 -32.4338 -44.4117 16.4091 0.915911 1.2 1 0 0
1 16779 -33.0136 -44.5644 17.8203 0.413311 1.2 1 0 0
1 16780 -30.8518 -44.1976 17.3415 0.588074 1.2 1 0 0
1 16781 -30.6324 -43.2058 18.3111 0.645658 1.2 1 0 0
1 16782 -32.0551 -43.6871 18.0193 0.884293 1.2 1 0 0
1 16783 -34.7735 -41.2713 16.1834 0.849299 1.2 1 0 0
1 16784 -35.8218 -41.29 16.8779 0.406392 1.2 1 0 0
1 16785 -36.4277 -42.1789 17.5465 0.858987 1.2 1 0 0
1 16786 -34.9905 -38.3974 16.2848 0.598065 1.2 1 0 0
1 16787 -36.4628 -38.9252 15.6981 1.0724 1.2 1 0 0
1 16791 -36.245 -38.0334 19.2765 0.882377 1.2 1 0 0
1 16792 -35.4632 -37.9033 18.2935 0.380287 1.2 1 0 0
1 16793 -37.3115 -38.12 17.5959 1.0389 1.2 1 0 0
1 16794 -36.5173 -41.215 18.4912 0.49326 1.2 1 0 0
1 16795 -37.5081 -40.7615 13.1971 0.835097 1.2 1 0 0
1 16800 -29.806 -41.9453 19.5065 0.611035 1.2 1 0 0
1 16801 -29.9127 -40.9356 19.6328 0.412047 1.2 1 0 0
1 16802 -33.7415 -38.2008 17.8226 0.71423 1.2 1 0 0
1 16803 -32.5414 -38.822 19.0512 1.07505 1.2 1 0 0
1 16804 -31.5764 -42.8779 20.2104 1.5 1.2 1 0 0
1 16805 -33.1177 -43.2731 18.9577 0.522427 1.2 1 0 0
1 16806 -36.099 -43.3134 18.0662 0.391039 1.2 1 0 0
1 16807 -35.4283 -41.7757 18.9825 0.826461 1.2 1 0 0
1 16808 -33.2046 -43.8467 20.9214 0.523632 1.2 1 0 0
1 16809 -34.0216 -43.0087 19.9593 0.845638 1.2 1 0 0
1 16810 -33.9048 -43.9777 20.6307 0.198935 1.2 1 0 0
1 16811 -32.6805 -41.5161 21.8756 0.774842 1.2 1 0 0
1 16812 -31.3617 -41.2411 21.3734 0.461119 1.2 1 0 0
1 16813 -31.0713 -41.9526 22.6713 1.03538 1.2 1 0 0
1 16814 -33.3391 -38.7792 20.5271 0.603117 1.2 1 0 0
1 16815 -34.121 -39.2789 21.4083 0.553817 1.2 1 0 0
1 16816 -35.1823 -38.9318 20.3418 0.787044 1.2 1 0 0
1 16817 -31.4818 -39.2837 21.3847 1.5 1.2 1 0 0
1 16818 -32.6867 -38.5355 22.879 0.487152 1.2 1 0 0
1 16819 -31.7506 -41.757 18.3418 0.686055 1.2 1 0 0
1 16820 -32.4352 -42.6414 17.1541 0.525094 1.2 1 0 0
1 16821 -35.3 -41.6125 17.4884 0.404311 1.2 1 0 0
1 16822 -34.3481 -43.2756 17.3527 1.5 1.2 1 0 0
1 16823 -33.1514 -41.031 17.8403 0.932817 1.2 1 0 0
1 16824 -33.9807 -40.5663 18.493 0.212089 1.2 1 0 0
1 16825 -33.495 -41.6646 16.6527 0.452745 1.2 1 0 0
1 16826 -33.1133 -43.2867 15.9143 0.395746 1.2 1 0 0
1 16827 -33.3014 -45.2709 14.45 0.907995 1.2 1 0 0
1 16829 -36.8643 -47.119 13.7329 0.990553 1.2 1 0 0
1 16838 -38.0213 -45.3935 13.3582 0.897911 1.2 1 0 0
1 16839 -38.1459 -43.0138 13.0529 1.5 1.2 1 0 0
1 16843 -34.9758 -44.4503 16.0211 0.361822 1.2 1 0 0
1 16844 -33.9434 -43.9445 15.2338 0.758514 1.2 1 0 0
1 16845 -36.3899 -45.7734 16.1642 0.499677 1.2 1 0 0
1 16846 -35.7444 -45.7915 15.7997 0.238792 1.2 1 0 0
1 16847 -36.0003 -44.7401 16.8018 0.775492 1.2 1 0 0
1 16848 -36.0714 -46.8167 15.371 0.83542 1.2 1 0 0
1 16849 -35.0378 -47.9674 15.9136 0.726303 1.2 1 0 0
1 16850 -35.6144 -47.0785 16.4431 0.359073 1.2 1 0 0
1 16851 -34.2563 -45.9913 16.4016 1.3788 1.2 1 0 0
1 16852 -36.0682 -44.6331 14.5246 1.5 1.2 1 0 0
1 16853 -36.605 -43.5477 17.0186 0.578961 1.2 1 0 0
1 16854 -34.9437 -42.7363 15.2113 0.787071 1.2 1 0 0
1 16855 -36.0283 -43.1805 16.0454 0.603435 1.2 1 0 0
1 21978 0.900454 -36.5361 28.7176 0.551842 1.2 1 0 0
1 21985 2.45333 -40.5483 28.635 0.746118 1.2 1 0 0
1 21986 1.8884 -42.6867 28.2432 1.5 1.2 1 0 0
1 21987 -1.48854 -38.0118 29.4223 0.644003 1.2 1 0 0
1 21988 -0.299193 -38.5595 29.0098 0.437047 1.2 1 0 0
1 21989 -2.71441 -39.6771 28.7219 1.5 1.2 1 0 0
1 21990 -1.85931 -41.2028 27.7985 0.477816 1.2 1 0 0
1 21991 2.8145 -38.6635 32.3303 0.582517 1.2 1 0 0
1 21992 1.63828 -38.6643 32.2224 0.523897 1.2 1 0 0
1 21993 -1.04687 -36.3821 31.9648 0.786548 1.2 1 0 0
1 21994 -1.7789 -38.0922 31.6679 0.739715 1.2 1 0 0
1 22001 1.47737 -40.5164 26.3115 0.284616 1.2 1 0 0
1 22002 1.28849 -40.3982 25.4383 0.58217 1.2 1 0 0
1 22003 1.68137 -41.7217 26.0422 0.809356 1.2 1 0 0
1 22004 -1.87469 -39.7217 25.9807 0.561036 1.2 1 0 0
1 22005 -2.23823 -40.2143 26.8596 0.492452 1.2 1 0 0
1 22006 0.023939 -39.2789 28.1825 0.368909 1.2 1 0 0
1 22007 -0.889076 -38.5612 27.9481 0.775041 1.2 1 0 0
1 22008 -3.19154 -41.2799 27.5574 0.437072 1.2 1 0 0
1 22009 -3.70039 -40.6487 27.4662 0.368902 1.2 1 0 0
1 22010 -8.21765 -47.2115 27.7179 0.337676 1.2 1 0 0
1 22011 -7.47012 -45.708 26.4188 0.248475 1.2 1 0 0
1 22012 -8.06362 -42.8627 25.8423 0.894602 1.2 1 0 0
1 22013 -8.69554 -41.8159 25.5336 0.361778 1.2 1 0 0
1 22016 -1.65393 -36.2324 25.8162 0.568409 1.2 1 0 0
1 22026 2.76492 -44.01 27.1789 0.411051 1.2 1 0 0
1 22027 1.01725 -43.7971 26.8885 0.449592 1.2 1 0 0
1 22028 2.00341 -49.9061 27.0276 0.378537 1.2 1 0 0
1 22029 0.062669 -46.9497 27.1278 0.328623 1.2 1 0 0
1 22030 2.4526 -47.128 28.1816 0.415423 1.2 1 0 0
1 22031 2.09379 -47.06 27.646 0.199786 1.2 1 0 0
1 22032 2.6663 -43.5797 25.2693 1.43093 1.2 1 0 0
1 22033 0.979525 -44.8167 25.9726 0.775867 1.2 1 0 0
1 22034 -3.78333 -50.7053 26.7768 -0.00379208 1.2 1 0 0
1 22035 -3.90407 -49.3074 25.378 0.194623 1.2 1 0 0
1 22036 -3.12977 -47.4029 21.7221 -0.000531653 1.2 1 0 0
1 22038 -5.15467 -49.3717 22.032 -0.000262588 1.2 1 0 0
1 22039 -4.78551 -47.7854 20.4331 -0.00368742 1.2 1 0 0
1 22040 -0.661886 -44.605 29.6389 0.64382 1.2 1 0 0
1 22041 -0.636992 -45.2553 27.5163 1.5 1.2 1 0 0
1 22042 -2.71664 -45.9578 27.7564 0.428101 1.2 1 0 0
1 22043 -2.92142 -46.0989 28.7645 0.597938 1.2 1 0 0
1 22044 -2.32618 -45.7736 26.7595 0.422179 1.2 1 0 0
1 22045 -1.41486 -43.4198 25.8392 0.324584 1.2 1 0 0
1 22046 -1.08369 -43.9426 26.2399 0.37086 1.2 1 0 0
1 22047 -1.97475 -43.4046 26.8941 0.856995 1.2 1 0 0
1 22048 0.249146 -50.3369 25.7706 0.310691 1.2 1 0 0
1 22049 -0.404793 -48.5063 26.432 1.43458 1.2 1 0 0
1 22050 -1.97162 -49.8753 26.742 0.465676 1.2 1 0 0
1 22051 -2.51123 -49.0901 27.3835 0.581429 1.2 1 0 0
1 22096 4.34299 -47.2922 28.6853 1.10626 1.2 1 0 0
1 22098 5.05438 -44.863 29.3066 1.5 1.2 1 0 0
1 22130 3.92269 -36.964 31.0578 1.5 1.2 1 0 0
1 22139 4.94673 -35.9137 26.7549 1.5 1.2 1 0 0
1 22242 0.61198 -52.2833 13.9741 0.78982 1.2 1 0 0
1 22244 4.32598 -52.7125 17.2884 1.26489 1.2 1 0 0
1 22270 1.20012 -50.8476 21.68 -0.00370026 1.2 1 0 0
1 22271 -1.55476 -49.2922 17.7452 -0.00783741 1.2 1 0 0
1 22272 -0.629653 -48.0509 15.6954 0.261975 1.2 1 0 0
1 22273 1.32524 -54.9148 17.1263 -0.0080793 1.2 1 0 0
1 22274 2.32198 -51.9559 16.5016 0.580006 1.2 1 0 0
1 22276 0.650958 -50.3747 17.2973 -0.00372008 1.2 1 0 0
1 22277 -1.61288 -52.063 17.9146 -0.0147078 1.2 1 0 0
1 22279 1.39278 -52.2375 15.4633 0.410247 1.2 1 0 0
1 22280 0.47551 -51.5794 15.479 0.441099 1.2 1 0 0
1 25323 -31.0632 -57.738 13.4773 0.858234 1.2 1 0 0
1 25325 -29.6555 -55.8105 14.0886 1.5 1.2 1 0 0
1 25326 -30.4116 -56.7353 15.6493 0.461656 1.2 1 0 0
1 25362 -30.573 -52.0155 13.9058 0.655699 1.2 1 0 0
1 25365 -31.0451 -53.1352 12.4655 1.21413 1.2 1 0 0
1 25368 -28.5655 -52.1995 13.1422 1.5 1.2 1 0 0
1 25373 -33.6771 -53.487 13.3857 1.03539 1.2 1 0 0
1 25378 -34.6356 -51.9817 13.8189 0.686683 1.2 1 0 0
1 25382 -33.3443 -52.6092 14.8934 0.644117 1.2 1 0 0
1 25383 -32.018 -54.6284 14.2362 1.14589 1.2 1 0 0
1 25384 -31.3679 -52.4432 15.803 1.44455 1.2 1 0 0
1 25385 -30.868 -55.7802 15.7038 0.519945 1.2 1 0 0
1 25386 -31.2968 -54.2903 15.4731 0.325289 1.2 1 0 0
1 25390 -32.1027 -56.3671 13.2938 0.833561 1.2 1 0 0
1 25440 -30.3215 -50.383 14.0363 1.00001 1.2 1 0 0
1 25442 -31.3001 -46.7535 15.183 1.47048 1.2 1 0 0
1 25450 -35.3105 -50.0073 12.8586 1.47568 1.2 1 0 0
1 25452 -34.3601 -47.369 13.876 1.5 1.2 1 0 0
1 25453 -32.0878 -49.689 16.1082 0.289654 1.2 1 0 0
1 25454 -33.1032 -48.515 16.6102 1.34044 1.2 1 0 0
1 25455 -35.4141 -49.0288 14.8342 0.687239 1.2 1 0 0
1 25456 -34.0899 -50.0181 15.117 0.978858 1.2 1 0 0
1 25457 -33.4848 -48.7469 14.8763 0.414474 1.2 1 0 0
1 25458 -32.5728 -50.6348 16.485 0.833016 1.2 1 0 0
1 25459 -32.9164 -51.7489 16.3532 0.339384 1.2 1 0 0
1 25460 -33.3992 -51.4574 15.523 0.664257 1.2 1 0 0
1 25461 -32.6339 -51.1754 13.4663 1.5 1.2 1 0 0
1 25462 -32.0803 -48.9822 14.4904 0.983032 1.2 1 0 0
1 25467 -31.9891 -47.7199 12.2086 1.41981 1.2 1 0 0
1 26073 -1.09409 -52.5083 14.4962 0.782057 1.2 1 0 0
1 26076 -1.87209 -53.5094 13.1383 0.956766 1.2 1 0 0
1 26159 -3.5379 -48.8703 14.4841 1.43262 1.2 1 0 0
1 26160 -4.5513 -47.5612 14.6352 0.18464 1.2 1 0 0
1 26167 -8.06507 -48.5911 15.4591 0.580773 1.2 1 0 0
1 26168 -6.91528 -48.4294 15.3993 0.512977 1.2 1 0 0
1 26169 -6.23838 -48.0678 13.3535 0.805246 1.2 1 0 0
1 26175 -5.47205 -51.3349 13.1296 0.942607 1.2 1 0 0
1 26200 -8.62604 -52.9431 14.3045 1.36721 1.2 1 0 0
1 26217 -15.1395 -49.4359 12.9387 1.30446 1.2 1 0 0
1 26218 -14.1149 -48.6464 14.1704 0.48158 1.2 1 0 0
1 26258 -17.188 -51.9122 19.1411 0.455725 1.2 1 0 0
1 26259 -19.8215 -54.7087 19.1463 0.533159 1.2 1 0 0
1 26260 -19.9197 -52.4714 17.3444 0.530872 1.2 1 0 0
1 26261 -17.0541 -57.3238 16.9522 0.509574 1.2 1 0 0
1 26262 -16.2767 -56.9996 17.8516 0.713497 1.2 1 0 0
1 26263 -15.7549 -52.9981 17.0284 1.15721 1.2 1 0 0
1 26264 -15.0276 -51.6989 15.557 0.318395 1.2 1 0 0
1 26265 -17.2634 -51.8808 17.7386 0.680364 1.2 1 0 0
1 26266 -17.9026 -52.3398 16.4555 0.811918 1.2 1 0 0
1 26267 -18.967 -59.8009 18.0135 0.566613 1.2 1 0 0
1 26268 -19.9761 -59.2113 18.1477 0.528927 1.2 1 0 0
1 26269 -19.9296 -61.4913 19.2478 0.588159 1.2 1 0 0
1 26270 -19.2802 -60.3559 18.5621 0.273028 1.2 1 0 0
1 26271 -23.1519 -57.5934 19.7264 0.839221 1.2 1 0 0
1 26272 -23.1064 -57.0774 18.3026 0.652317 1.2 1 0 0
1 26273 -22.7601 -57.5472 17.4618 0.343059 1.2 1 0 0
1 26274 -22.4512 -58.0117 17.1105 0.292719 1.2 1 0 0
1 26275 -21.2039 -58.864 16.0423 0.937648 1.2 1 0 0
1 26276 -21.8767 -59.4491 15.0742 0.378489 1.2 1 0 0
1 26277 -22.5151 -60.1994 15.9214 0.86352 1.2 1 0 0
1 26278 -23.105 -61.3346 17.3842 0.801649 1.2 1 0 0
1 26279 -18.9708 -55.6822 19.7061 0.869344 1.2 1 0 0
1 26280 -17.918 -55.0294 20.1924 0.460838 1.2 1 0 0
1 26281 -21.4304 -57.9857 20.5211 1.0848 1.2 1 0 0
1 26282 -23.0377 -56.4872 21.0216 0.779057 1.2 1 0 0
1 26283 -20.3875 -56.9945 22.1244 0.6186 1.2 1 0 0
1 26284 -20.2884 -57.3289 21.1918 0.374664 1.2 1 0 0
1 26285 -17.7785 -55.0601 22.4228 0.153845 1.2 1 0 0
1 26286 -17.3292 -55.1991 22.8318 0.468885 1.2 1 0 0
1 26287 -17.6366 -58.9033 18.9638 0.615519 1.2 1 0 0
1 26288 -17.0603 -59.8688 19.0724 0.513359 1.2 1 0 0
1 26289 -19.4043 -57.8362 19.0185 0.418504 1.2 1 0 0
1 26290 -19.3453 -59.4238 20.0232 1.46126 1.2 1 0 0
1 26291 -17.3276 -59.094 20.6936 0.689838 1.2 1 0 0
1 26292 -17.723 -60.6957 20.6906 0.684998 1.2 1 0 0
1 26293 -18.2067 -56.9877 18.2344 1.24114 1.2 1 0 0
1 26294 -16.9193 -57.6803 18.0135 0.236441 1.2 1 0 0
1 26295 -16.9735 -57.4136 19.2301 0.384558 1.2 1 0 0
1 26296 -19.417 -57.1738 16.6633 0.60125 1.2 1 0 0
1 26297 -19.4449 -57.2682 15.6177 0.437635 1.2 1 0 0
1 26298 -19.2937 -57.8101 17.4241 0.344568 1.2 1 0 0
1 26299 -18.278 -57.5666 16.7393 0.363761 1.2 1 0 0
1 26300 -17.938 -56.0514 15.6722 1.5 1.2 1 0 0
1 26301 -17.4824 -54.977 14.3314 0.275208 1.2 1 0 0
1 26302 -20.805 -54.2979 17.4121 1.5 1.2 1 0 0
1 26303 -21.4183 -52.295 16.6073 0.743441 1.2 1 0 0
1 26304 -22.8445 -56.9968 15.6966 1.49165 1.2 1 0 0
1 26305 -22.4928 -55.8088 17.6627 0.73635 1.2 1 0 0
1 26306 -22.0439 -55.3027 18.953 0.717806 1.2 1 0 0
1 26307 -22.1178 -54.061 18.8435 0.454656 1.2 1 0 0
1 26308 -22.84 -54.4457 18.0135 0.625715 1.2 1 0 0
1 26309 -22.4734 -54.3669 17.309 0.172344 1.2 1 0 0
1 26310 -19.5189 -56.0055 17.1995 0.648239 1.2 1 0 0
1 26311 -19.6485 -55.737 18.4088 0.595327 1.2 1 0 0
1 26312 -19.4354 -54.6644 15.1544 0.605758 1.2 1 0 0
1 26313 -20.0099 -53.3314 15.4261 0.793464 1.2 1 0 0
1 26314 -21.3612 -54.8028 14.2997 1.5 1.2 1 0 0
1 26315 -21.4715 -56.7441 14.0695 0.449947 1.2 1 0 0
1 26316 -18.5 -56.6608 13.6854 0.652199 1.2 1 0 0
1 26317 -22.0237 -57.5591 13.9312 0.498963 1.2 1 0 0
1 26321 -24.8163 -60.9801 13.4031 0.740288 1.2 1 0 0
1 26323 -24.0851 -58.639 15.7895 0.526625 1.2 1 0 0
1 26324 -24.1823 -59.7486 15.8025 0.587247 1.2 1 0 0
1 26325 -26.2253 -61.0041 15.6869 0.809959 1.2 1 0 0
1 26326 -27.9146 -60.0392 15.3197 0.68213 1.2 1 0 0
1 26327 -27.1798 -60.3717 16.0687 0.397083 1.2 1 0 0
1 26328 -24.9383 -60.7184 17.0113 0.63375 1.2 1 0 0
1 26329 -25.5669 -59.8355 17.4175 0.513871 1.2 1 0 0
1 26330 -25.049 -60.3071 17.8097 0.27115 1.2 1 0 0
1 26335 -29.3902 -50.7742 17.6902 0.404779 1.2 1 0 0
1 26336 -28.4069 -50.8546 17.4485 0.609346 1.2 1 0 0
1 26337 -29.5565 -51.8103 15.5652 0.488551 1.2 1 0 0
1 26338 -29.5878 -51.1406 16.8228 0.548842 1.2 1 0 0
1 26339 -31.2804 -49.3637 18.7187 0.931223 1.2 1 0 0
1 26340 -30.4846 -47.8829 18.2029 0.731474 1.2 1 0 0
1 26341 -28.6457 -50.6492 15.1682 1.03963 1.2 1 0 0
1 26342 -27.3598 -48.7002 15.6057 0.81469 1.2 1 0 0
1 26343 -28.322 -49.3825 16.3071 0.557715 1.2 1 0 0
1 26344 -30.3505 -54.5483 16.2487 0.923064 1.2 1 0 0
1 26345 -28.0339 -52.1182 18.3873 0.283748 1.2 1 0 0
1 26346 -24.9043 -55.1632 21.2064 0.531307 1.2 1 0 0
1 26347 -25.8516 -54.1827 20.6906 0.926271 1.2 1 0 0
1 26348 -24.7021 -53.436 19.3217 0.668648 1.2 1 0 0
1 26349 -28.6457 -52.5475 19.4657 1.02563 1.2 1 0 0
1 26350 -27.5887 -51.6509 20.2054 0.530767 1.2 1 0 0
1 26351 -28.6184 -51.5795 20.6906 0.535866 1.2 1 0 0
1 26352 -26.278 -52.0759 18.7137 1.5 1.2 1 0 0
1 26353 -27.0131 -54.8429 18.8287 1.36535 1.2 1 0 0
1 26354 -24.4974 -51.4666 15.6903 0.453655 1.2 1 0 0
1 26355 -25.2535 -49.6592 15.648 1.5 1.2 1 0 0
1 26356 -25.8088 -52.5991 14.8056 1.4909 1.2 1 0 0
1 26357 -27.8791 -52.095 15.1192 0.595308 1.2 1 0 0
1 26358 -28.0709 -51.6302 15.8594 0.288063 1.2 1 0 0
1 26359 -26.9168 -50.7638 13.9832 0.80521 1.2 1 0 0
1 26361 -23.0785 -54.2235 16.1617 1.09571 1.2 1 0 0
1 26362 -23.9806 -54.8605 17.39 0.556072 1.2 1 0 0
1 26363 -24.25 -56.7188 17.4081 0.732779 1.2 1 0 0
1 26364 -24.6605 -57.5482 16.5964 0.498226 1.2 1 0 0
1 26365 -25.4107 -55.3415 15.9308 1.5 1.2 1 0 0
1 26366 -24.8441 -57.1606 15.7786 0.411331 1.2 1 0 0
1 26367 -29.4899 -55.3929 15.8164 0.281509 1.2 1 0 0
1 26368 -29.4725 -57.5653 15.6879 0.62843 1.2 1 0 0
1 26369 -29.7924 -56.9312 16.3323 0.32733 1.2 1 0 0
1 26370 -28.3179 -57.7926 17.2426 0.232166 1.2 1 0 0
1 26371 -28.1754 -56.2116 16.629 1.4673 1.2 1 0 0
1 26372 -27.2739 -56.7017 14.1158 1.04297 1.2 1 0 0
1 26373 -27.7791 -57.6664 15.3364 0.518676 1.2 1 0 0
1 26374 -27.5763 -58.0507 17.2145 0.553549 1.2 1 0 0
1 26375 -26.9404 -57.4561 16.6927 0.223228 1.2 1 0 0
1 26376 -24.6937 -57.7822 19.3325 0.757928 1.2 1 0 0
1 26377 -27.6083 -56.63 18.447 0.482549 1.2 1 0 0
1 26378 -23.82 -55.4901 14.073 0.927525 1.2 1 0 0
1 26379 -23.9475 -53.74 14.1227 0.796539 1.2 1 0 0
1 26380 -27.6402 -54.3943 14.919 1.07617 1.2 1 0 0
1 26381 -26.4753 -55.2757 14.121 0.585456 1.2 1 0 0
1 26382 -17.6103 -48.7456 23.7391 0.445693 1.2 1 0 0
1 26383 -17.6503 -49.5366 23.2956 0.461762 1.2 1 0 0
1 26384 -17.853 -51.8408 24.5338 0.865713 1.2 1 0 0
1 26385 -19.1568 -49.8654 24.5278 1.5 1.2 1 0 0
1 26386 -16.9718 -51.9039 22.8483 0.496828 1.2 1 0 0
1 26387 -17.9373 -50.8628 22.1435 1.08842 1.2 1 0 0
1 26388 -18.8582 -46.3537 22.5408 0.486695 1.2 1 0 0
1 26389 -20.3472 -46.7943 22.2553 1.09213 1.2 1 0 0
1 26390 -22.3094 -48.1852 23.27 1.5 1.2 1 0 0
1 26391 -21.7862 -46.6829 22.1656 0.352208 1.2 1 0 0
1 26392 -19.1805 -46.6998 24.7491 1.5 1.2 1 0 0
1 26393 -20.6144 -48.3607 25.5181 0.81721 1.2 1 0 0
1 26394 -18.3069 -48.1199 26.4169 0.858268 1.2 1 0 0
1 26395 -18.7404 -47.0735 27.3082 0.408344 1.2 1 0 0
1 26396 -18.066 -47.2012 23.3976 0.322162 1.2 1 0 0
1 26397 -17.7458 -46.1944 23.0717 0.75379 1.2 1 0 0
1 26398 -16.9772 -46.1635 23.6611 0.163257 1.2 1 0 0
1 26399 -22.6996 -49.0526 20.2711 1.5 1.2 1 0 0
1 26400 -22.8036 -49.2543 21.9908 0.234676 1.2 1 0 0
1 26401 -24.7814 -48.5562 23.8274 0.864834 1.2 1 0 0
1 26402 -24.3251 -48.5902 22.2167 0.809508 1.2 1 0 0
1 26403 -24.31 -46.7385 21.0751 0.33805 1.2 1 0 0
1 26404 -22.9005 -46.648 21.2569 1.08604 1.2 1 0 0
1 26405 -24.4063 -47.841 20.9227 0.683624 1.2 1 0 0
1 26406 -27.5337 -51.0694 21.4682 0.860041 1.2 1 0 0
1 26407 -27.4314 -49.9539 20.6774 0.481716 1.2 1 0 0
1 26408 -28.7708 -50.1816 21.4376 0.558923 1.2 1 0 0
1 26409 -29.5726 -48.9502 21.1844 0.690763 1.2 1 0 0
1 26410 -23.5166 -50.4048 21.5433 0.506125 1.2 1 0 0
1 26411 -24.3408 -49.7308 21.4184 0.558882 1.2 1 0 0
1 26412 -25.9569 -51.6559 22.5441 0.501606 1.2 1 0 0
1 26413 -25.6042 -51.2555 23.1756 0.215333 1.2 1 0 0
1 26414 -24.8248 -51.3633 23.0707 0.526622 1.2 1 0 0
1 26415 -24.5314 -52.2049 21.2506 1.5 1.2 1 0 0
1 26416 -25.3207 -51.1165 19.9753 0.351574 1.2 1 0 0
1 26417 -24.3367 -50.9462 19.3604 0.720255 1.2 1 0 0
1 26418 -24.4142 -49.9873 17.9006 0.924258 1.2 1 0 0
1 26419 -24.1069 -47.9271 18.2762 1.18832 1.2 1 0 0
1 26420 -25.7118 -49.2948 19.9455 1.5 1.2 1 0 0
1 26421 -25.5759 -46.4844 20.0496 1.30897 1.2 1 0 0
1 26422 -24.6469 -47.8071 19.9654 0.304005 1.2 1 0 0
1 26423 -26.2447 -47.0493 17.8366 1.02318 1.2 1 0 0
1 26424 -25.4671 -48.25 17.1909 0.546327 1.2 1 0 0
1 26425 -19.2461 -51.7271 22.8306 0.534384 1.2 1 0 0
1 26426 -19.7944 -53.5473 23.9965 0.589733 1.2 1 0 0
1 26427 -19.0895 -51.9275 21.7605 0.372803 1.2 1 0 0
1 26428 -20.3067 -54.5873 23.172 0.763125 1.2 1 0 0
1 26429 -20.1792 -52.0376 24.0481 0.948252 1.2 1 0 0
1 26430 -23.2915 -50.6224 23.1496 1.13039 1.2 1 0 0
1 26431 -22.2601 -51.644 23.8671 0.488936 1.2 1 0 0
1 26432 -23.2879 -49.4826 24.3835 0.469735 1.2 1 0 0
1 26433 -22.6414 -49.7615 24.0814 0.295078 1.2 1 0 0
1 26434 -22.3147 -49.8236 22.0906 0.511696 1.2 1 0 0
1 26435 -22.9039 -51.1554 21.6313 0.466702 1.2 1 0 0
1 26436 -22.6258 -53.5557 20.0829 0.97693 1.2 1 0 0
1 26437 -22.2323 -51.6854 20.4849 0.959836 1.2 1 0 0
1 26438 -16.2843 -49.1258 18.0581 0.708229 1.2 1 0 0
1 26439 -16.1715 -48.9479 16.9655 0.345255 1.2 1 0 0
1 26440 -22.2502 -47.9621 18.4833 0.64176 1.2 1 0 0
1 26441 -21.2523 -48.6288 18.4455 0.501323 1.2 1 0 0
1 26442 -20.439 -49.1656 18.0843 0.504235 1.2 1 0 0
1 26443 -19.9853 -49.278 17.0039 0.667827 1.2 1 0 0
1 26444 -16.6024 -48.9842 14.1747 0.66321 1.2 1 0 0
1 26445 -14.6632 -49.4097 15.0594 0.8005 1.2 1 0 0
1 26446 -16.3447 -50.5747 16.1119 1.5 1.2 1 0 0
1 26447 -17.0225 -51.2767 14.1814 0.66315 1.2 1 0 0
1 26448 -16.2443 -52.0296 14.4578 0.454342 1.2 1 0 0
1 26451 -19.3965 -48.9626 14.877 0.813525 1.2 1 0 0
1 26452 -21.7515 -50.6631 15.3364 0.575506 1.2 1 0 0
1 26453 -20.3042 -49.3571 15.4889 0.332775 1.2 1 0 0
1 26457 -20.6786 -52.2238 13.5337 1.22435 1.2 1 0 0
1 26462 -22.891 -48.4288 12.7054 1.22633 1.2 1 0 0
1 26463 -24.4323 -49.4626 13.5041 0.79313 1.2 1 0 0
1 26471 -19.276 -55.3415 12.6593 1.18044 1.2 1 0 0
1 26494 -3.53197 -54.671 18.7284 -0.00254978 1.2 1 0 0
1 26495 -2.76343 -52.8425 18.0847 -0.00742307 1.2 1 0 0
1 26496 -1.86299 -51.9247 15.88 -0.00107707 1.2 1 0 0
1 26497 -2.29717 -50.1386 15.3021 0.16284 1.2 1 0 0
1 26498 -4.60068 -51.916 15.7645 0.125044 1.2 1 0 0
1 26499 -4.02008 -51.0425 15.88 0.0626149 1.2 1 0 0
1 26500 -3.21097 -54.2238 15.8992 -0.00165216 1.2 1 0 0
1 26501 -1.47468 -53.7384 15.0245 -0.00276292 1.2 1 0 0
1 26502 -6.11239 -48.3911 22.2022 0.580899 1.2 1 0 0
1 26503 -5.25918 -50.7829 21.4166 -0.00729607 1.2 1 0 0
1 26504 -6.12492 -49.6757 21.9963 0.139413 1.2 1 0 0
1 26505 -6.62152 -48.0989 20.9149 0.516231 1.2 1 0 0
1 26506 -8.20328 -48.3492 21.0454 0.799201 1.2 1 0 0
1 26507 -6.51506 -50.2772 22.4385 0.24579 1.2 1 0 0
1 26508 -6.49986 -49.5256 22.5797 0.34372 1.2 1 0 0
1 26509 -8.19685 -52.0534 20.345 0.718534 1.2 1 0 0
1 26510 -9.30878 -52.6644 20.1796 0.560024 1.2 1 0 0
1 26511 -7.94351 -51.2755 21.2498 0.493238 1.2 1 0 0
1 26512 -7.94902 -49.9895 22.8768 1.20661 1.2 1 0 0
1 26513 -7.07755 -54.8153 25.2986 -0.00605344 1.2 1 0 0
1 26514 -7.05675 -56.0374 24.5544 -0.0124695 1.2 1 0 0
1 26515 -5.722 -54.4025 25.3408 -0.0027221 1.2 1 0 0
1 26516 -9.07359 -55.275 24.4359 0.456956 1.2 1 0 0
1 26517 -8.95355 -53.3212 23.1462 1.04178 1.2 1 0 0
1 26518 -8.46699 -53.8908 24.285 0.302471 1.2 1 0 0
1 26519 -7.37825 -53.7967 24.0607 -0.0154869 1.2 1 0 0
1 26520 -6.63747 -54.679 23.2848 -0.00389006 1.2 1 0 0
1 26521 -7.16866 -51.5511 22.5276 0.25743 1.2 1 0 0
1 26522 -4.846 -51.9564 21.814 -0.00381957 1.2 1 0 0
1 26524 -5.95186 -53.6504 20.7259 -0.0100978 1.2 1 0 0
1 26525 -4.35847 -48.3871 16.3489 0.382699 1.2 1 0 0
1 26526 -4.22387 -49.2392 16.0936 0.206196 1.2 1 0 0
1 26527 -5.67702 -50.8902 16.8526 0.139312 1.2 1 0 0
1 26528 -6.27038 -49.434 16.6707 1.20441 1.2 1 0 0
1 26529 -4.51615 -48.0413 18.1144 -0.00334833 1.2 1 0 0
1 26530 -5.89304 -48.4853 18.5883 0.332735 1.2 1 0 0
1 26531 -6.31516 -49.4833 18.2672 0.316439 1.2 1 0 0
1 26532 -5.50875 -51.1772 15.504 0.946928 1.2 1 0 0
1 26533 -4.62287 -49.9501 15.9196 0.482517 1.2 1 0 0
1 26534 -9.25746 -51.2494 15.403 0.740313 1.2 1 0 0
1 26535 -10.5595 -52.5259 15.4251 0.66706 1.2 1 0 0
1 26536 -7.66112 -51.8033 16.6632 1.36533 1.2 1 0 0
1 26537 -6.46447 -51.9603 15.3406 0.283434 1.2 1 0 0
1 26538 -9.67847 -53.7535 15.5427 0.442933 1.2 1 0 0
1 26539 -8.52617 -54.4301 16.2925 1.08446 1.2 1 0 0
1 26540 -12.6821 -59.911 19.1404 0.526475 1.2 1 0 0
1 26541 -12.3822 -60.3763 18.1127 0.439482 1.2 1 0 0
1 26542 -12.2739 -58.9779 20.9841 0.139182 1.2 1 0 0
1 26543 -13.6269 -61.1099 20.4173 0.59302 1.2 1 0 0
1 26544 -13.5295 -60.4721 19.5122 0.393785 1.2 1 0 0
1 26545 -11.8567 -62.1552 18.6927 -0.00469033 1.2 1 0 0
1 26546 -12.0629 -61.5951 18.2179 0.17332 1.2 1 0 0
1 26547 -15.7447 -58.8609 21.8061 1.17697 1.2 1 0 0
1 26548 -16.9346 -60.0457 21.3781 0.546572 1.2 1 0 0
1 26549 -16.7511 -57.9544 22.2329 0.240205 1.2 1 0 0
1 26550 -17.0367 -57.6144 22.9216 0.579298 1.2 1 0 0
1 26551 -16.2394 -57.5092 22.3102 0.346488 1.2 1 0 0
1 26552 -14.8873 -57.3544 18.0135 0.51792 1.2 1 0 0
1 26553 -14.8588 -59.9287 18.5715 0.545498 1.2 1 0 0
1 26554 -11.9351 -58.6103 19.2624 0.309301 1.2 1 0 0
1 26555 -14.1197 -59.5174 19.5244 0.728683 1.2 1 0 0
1 26556 -11.0023 -52.6627 19.7308 0.870488 1.2 1 0 0
1 26557 -11.6034 -52.5773 18.2655 0.713434 1.2 1 0 0
1 26558 -9.906 -53.9301 21.1709 1.11232 1.2 1 0 0
1 26559 -11.6261 -53.1639 21.2341 0.771753 1.2 1 0 0
1 26560 -10.8217 -55.0571 18.0162 1.5 1.2 1 0 0
1 26561 -9.906 -56.6551 18.0135 0.341727 1.2 1 0 0
1 26562 -13.3726 -52.2408 19.7129 0.231589 1.2 1 0 0
1 26563 -12.4008 -51.4961 20.6168 1.15411 1.2 1 0 0
1 26564 -16.0813 -52.0834 20.7903 1.5 1.2 1 0 0
1 26565 -15.0684 -53.3263 19.0744 0.848444 1.2 1 0 0
1 26566 -13.9778 -52.3142 20.3411 0.643783 1.2 1 0 0
1 26567 -14.6189 -51.88 19.9427 0.202482 1.2 1 0 0
1 26568 -8.4614 -56.7769 24.4049 -0.00378448 1.2 1 0 0
1 26569 -9.66295 -56.9881 23.6604 0.388138 1.2 1 0 0
1 26570 -9.3466 -55.8686 23.1677 0.553568 1.2 1 0 0
1 26571 -13.4425 -55.8355 21.9791 0.715154 1.2 1 0 0
1 26572 -13.4072 -56.7631 23.3393 0.647712 1.2 1 0 0
1 26573 -14.1891 -57.7123 23.368 0.582424 1.2 1 0 0
1 26574 -16.9973 -55.0122 23.9464 0.678717 1.2 1 0 0
1 26575 -16.771 -56.9571 23.6145 0.302366 1.2 1 0 0
1 26576 -14.875 -54.3176 23.375 0.367814 1.2 1 0 0
1 26577 -14.1243 -54.5909 24.2937 0.848859 1.2 1 0 0
1 26578 -12.5606 -54.3475 23.5141 0.46274 1.2 1 0 0
1 26579 -12.5819 -54.7856 24.6406 0.744038 1.2 1 0 0
1 26580 -11.4036 -55.8689 23.0678 1.5 1.2 1 0 0
1 26581 -12.1791 -54.2626 22.8189 0.300943 1.2 1 0 0
1 26582 -12.4062 -54.6407 22.4763 0.192211 1.2 1 0 0
1 26583 -10.9127 -57.2526 22.0998 0.250028 1.2 1 0 0
1 26584 -11.3206 -57.8392 22.5969 0.308934 1.2 1 0 0
1 26585 -12.0225 -57.4165 23.8828 0.34796 1.2 1 0 0
1 26586 -11.0629 -57.7827 23.7332 0.544916 1.2 1 0 0
1 26587 -11.8184 -58.9023 22.996 0.232545 1.2 1 0 0
1 26588 -11.6418 -57.1629 21.4767 0.564642 1.2 1 0 0
1 26589 -11.9516 -56.702 20.694 0.392126 1.2 1 0 0
1 26590 -10.2652 -55.6374 16.0498 0.624436 1.2 1 0 0
1 26591 -10.9019 -54.7904 16.2323 0.305048 1.2 1 0 0
1 26592 -11.1859 -54.3913 14.495 1.5 1.2 1 0 0
1 26593 -11.9522 -55.0526 16.2594 0.534067 1.2 1 0 0
1 26594 -12.7013 -56.2157 16.8868 0.980039 1.2 1 0 0
1 26595 -13.4331 -57.1879 16.5252 0.283633 1.2 1 0 0
1 26596 -14.1677 -56.8463 16.7056 0.521685 1.2 1 0 0
1 26597 -12.8215 -55.3415 15.4773 0.541169 1.2 1 0 0
1 26598 -13.6276 -55.1609 16.2123 0.562778 1.2 1 0 0
1 26599 -12.4007 -51.8163 15.5871 0.617463 1.2 1 0 0
1 26600 -12.8948 -53.4235 16.6539 1.37384 1.2 1 0 0
1 26601 -13.8718 -51.1414 15.9969 1.02742 1.2 1 0 0
1 26602 -13.599 -51.9822 16.9207 0.251105 1.2 1 0 0
1 26603 -14.3089 -52.2581 16.9338 0.468226 1.2 1 0 0
1 26604 -11.3708 -52.9196 24.2853 1.5 1.2 1 0 0
1 26605 -9.60973 -53.8484 25.2307 0.656374 1.2 1 0 0
1 26606 -9.906 -51.9238 26.4564 0.533541 1.2 1 0 0
1 26607 -8.80437 -51.7301 26.9618 0.262246 1.2 1 0 0
1 26608 -7.03294 -47.4733 23.5019 1.22165 1.2 1 0 0
1 26609 -8.17384 -47.3091 24.5625 0.344329 1.2 1 0 0
1 26610 -10.4949 -46.6786 23.584 0.707167 1.2 1 0 0
1 26611 -9.56889 -46.4455 23.4201 0.251962 1.2 1 0 0
1 26612 -9.0575 -46.5634 26.3256 0.481805 1.2 1 0 0
1 26613 -9.02994 -46.0621 24.7425 1.17895 1.2 1 0 0
1 26614 -10.0842 -48.519 22.0666 1.34777 1.2 1 0 0
1 26615 -8.94593 -47.1469 23.1323 0.729263 1.2 1 0 0
1 26616 -14.0658 -49.3864 22.7095 0.346807 1.2 1 0 0
1 26617 -14.0537 -49.2067 23.3769 0.261522 1.2 1 0 0
1 26618 -13.8601 -51.8393 23.5274 0.757008 1.2 1 0 0
1 26619 -14.8805 -51.5577 23.3774 0.276263 1.2 1 0 0
1 26620 -13.9788 -51.2716 21.8586 0.864491 1.2 1 0 0
1 26621 -15.0541 -51.8513 22.5566 0.542495 1.2 1 0 0
1 26622 -9.78007 -47.1945 27.7177 1.20061 1.2 1 0 0
1 26623 -12.0337 -44.0912 26.0448 0.151212 1.2 1 0 0
1 26624 -13.8384 -45.5645 26.2599 0.704432 1.2 1 0 0
1 26625 -15.1782 -45.8486 26.0099 0.524659 1.2 1 0 0
1 26626 -14.6061 -46.1012 26.4615 0.246742 1.2 1 0 0
1 26627 -16.8594 -46.5363 26.8533 1.28574 1.2 1 0 0
1 26628 -15.4672 -47.3102 27.5512 0.356506 1.2 1 0 0
1 26629 -13.586 -47.0286 27.6896 0.674434 1.2 1 0 0
1 26630 -12.262 -47.3102 28.366 0.187666 1.2 1 0 0
1 26631 -12.4667 -48.7953 26.8151 0.929115 1.2 1 0 0
1 26632 -12.3805 -47.1657 25.8868 0.475456 1.2 1 0 0
1 26633 -11.4975 -46.7697 26.1733 0.266383 1.2 1 0 0
1 26634 -0.258662 -56.903 17.0657 -0.00899096 1.2 1 0 0
1 26635 -1.04543 -58.0598 16.4739 -0.0102886 1.2 1 0 0
1 26637 -1.30784 -58.933 14.867 -0.00134892 1.2 1 0 0
1 26638 -3.69943 -56.0177 15.3263 -0.00214312 1.2 1 0 0
1 26639 -4.32605 -57.0075 15.8859 -0.00095763 1.2 1 0 0
1 26640 -3.9257 -55.8398 17.3503 -0.00148582 1.2 1 0 0
1 26641 -5.3202 -56.265 17.7633 -0.00346465 1.2 1 0 0
1 26642 -4.41899 -54.8434 15.3058 0.24591 1.2 1 0 0
1 26643 -3.00343 -54.6483 14.16 0.686147 1.2 1 0 0
1 26644 -2.98068 -56.3392 14.8952 -0.00410799 1.2 1 0 0
1 26645 -2.77421 -60.4709 16.4002 -0.000820134 1.2 1 0 0
1 26646 -3.22196 -60.6553 17.4903 -0.0028214 1.2 1 0 0
1 26649 -5.93191 -59.7172 18.0516 -0.0194248 1.2 1 0 0
1 26650 -5.89015 -59.613 16.8999 -0.000664778 1.2 1 0 0
1 26651 -6.60531 -60.1514 16.0722 -0.00440226 1.2 1 0 0
1 26652 -4.79718 -61.9497 17.3273 -0.00244867 1.2 1 0 0
1 26653 -4.94161 -62.552 16.3496 -0.0219332 1.2 1 0 0
1 26654 -5.65229 -62.0851 16.7063 -0.0114198 1.2 1 0 0
1 26655 -5.41119 -62.4578 14.0956 0.682414 1.2 1 0 0
1 26657 -7.54864 -61.416 19.8008 -0.0117495 1.2 1 0 0
1 26658 -8.51109 -62.1631 18.774 -0.0101062 1.2 1 0 0
1 26659 -8.92748 -61.4773 18.4781 -0.0168421 1.2 1 0 0
1 26660 -10.8485 -59.5449 17.5231 0.0534806 1.2 1 0 0
1 26661 -9.75033 -59.3368 20.3402 -0.0141789 1.2 1 0 0
1 26662 -6.67413 -60.6275 16.9716 -0.0040662 1.2 1 0 0
1 26664 -8.22856 -60.1927 16.1829 -0.00225248 1.2 1 0 0
1 26665 -9.03046 -61.0694 17.3048 -0.00895918 1.2 1 0 0
1 26666 -8.74889 -61.5507 17.3683 -0.00121796 1.2 1 0 0
1 26667 -7.01969 -63.2626 17.063 -0.000137582 1.2 1 0 0
1 26668 -6.34436 -62.9707 17.7928 -0.00390244 1.2 1 0 0
1 26669 -2.63638 -57.0666 22.2105 -0.00474091 1.2 1 0 0
1 26670 -3.26106 -57.7666 21.9383 -0.00233159 1.2 1 0 0
1 26671 -2.80105 -58.3706 19.8936 -0.00595678 1.2 1 0 0
1 26672 -3.59177 -59.3395 20.6879 -0.00484107 1.2 1 0 0
1 26673 -9.14271 -59.1793 20.5794 -0.0124783 1.2 1 0 0
1 26674 -9.32975 -59.177 21.2827 -0.0184761 1.2 1 0 0
1 26675 -6.955 -56.8156 23.1555 -0.00260035 1.2 1 0 0
1 26676 -5.72333 -56.5602 21.5232 -0.0060092 1.2 1 0 0
1 26677 -4.32676 -57.0503 22.9851 -0.00818194 1.2 1 0 0
1 26678 -5.68556 -57.7222 22.0886 -0.00264395 1.2 1 0 0
1 26679 -4.63422 -56.4186 18.6666 -0.00901628 1.2 1 0 0
1 26680 -5.47321 -57.1272 20.2166 -0.00784782 1.2 1 0 0
1 26681 -9.21679 -59.2814 15.8495 0.489704 1.2 1 0 0
1 26682 -8.14555 -60.6971 14.652 1.45258 1.2 1 0 0
1 26683 -10.4728 -57.086 13.8586 1.23742 1.2 1 0 0
1 26684 -8.94838 -57.2801 14.581 0.452788 1.2 1 0 0
1 26685 -7.8278 -57.7905 14.5794 0.639991 1.2 1 0 0
1 26686 -9.11625 -58.5803 14.4288 0.845035 1.2 1 0 0
1 26687 -7.0864 -57.3133 16.5564 -0.00114516 1.2 1 0 0
1 26688 -6.38524 -57.559 16.648 -0.00537611 1.2 1 0 0
1 26700 -11.7473 -63.1796 15.2578 1.5 1.2 1 0 0
1 26701 -12.569 -60.7057 12.579 1.5 1.2 1 0 0
1 26703 -7.69541 -63.9948 16.0421 0.43627 1.2 1 0 0
1 26704 -10.2584 -64.6343 14.3879 0.707335 1.2 1 0 0
1 26729 -21.4013 -60.7524 12.3418 1.35001 1.2 1 0 0
1 26736 -19.4409 -60.3583 13.7388 0.749107 1.2 1 0 0
1 26751 -22.9654 -61.4785 13.6113 0.679755 1.2 1 0 0
1 26754 -19.8525 -62.1758 15.984 0.554175 1.2 1 0 0
1 26755 -20.5083 -62.838 15.735 0.4043 1.2 1 0 0
1 26756 -21.8431 -61.9543 15.1047 0.859833 1.2 1 0 0
1 26757 -20.8142 -60.3762 14.8588 1.02171 1.2 1 0 0
1 26758 -21.5158 -62.9651 16.4859 0.858482 1.2 1 0 0
1 26759 -20.2313 -63.3706 16.6691 0.500895 1.2 1 0 0
1 26776 -11.8767 -57.7428 14.4542 0.423035 1.2 1 0 0
1 26777 -11.1491 -59.2687 15.3753 1.5 1.2 1 0 0
1 26778 -13.2482 -58.8959 15.661 0.575076 1.2 1 0 0
1 26779 -13.6641 -60.7714 15.33 1.37434 1.2 1 0 0
1 26780 -14.8969 -61.8892 16.3248 0.544795 1.2 1 0 0
1 26781 -14.3151 -62.4926 15.9626 0.34309 1.2 1 0 0
1 26782 -11.4922 -61.9524 17.1371 0.545913 1.2 1 0 0
1 26783 -11.0804 -62.7595 16.832 0.259801 1.2 1 0 0
1 26784 -12.2635 -63.3924 17.5233 0.681701 1.2 1 0 0
1 26785 -13.8158 -61.6909 18.049 1.5 1.2 1 0 0
1 26786 -14.4489 -60.0147 16.9893 0.575835 1.2 1 0 0
1 26787 -13.3374 -60.2281 16.9821 0.372648 1.2 1 0 0
1 26788 -12.075 -60.6682 16.9485 0.799441 1.2 1 0 0
1 26789 -11.6573 -61.2161 15.7811 0.534045 1.2 1 0 0
1 26790 -17.7118 -60.5397 16.813 0.451787 1.2 1 0 0
1 26791 -18.73 -60.5906 16.7724 0.448193 1.2 1 0 0
1 26792 -16.2852 -60.3624 15.7415 0.481999 1.2 1 0 0
1 26793 -17.3962 -59.1435 15.6752 0.484701 1.2 1 0 0
1 26798 -16.783 -64.7389 15.5406 0.809304 1.2 1 0 0
1 26799 -17.7195 -63.1512 14.3478 0.662842 1.2 1 0 0
1 26800 -18.8677 -61.5815 16.6012 0.561991 1.2 1 0 0
1 26801 -17.9372 -61.8186 16.5763 0.395763 1.2 1 0 0
1 26802 -19.4989 -62.2275 16.8383 0.371824 1.2 1 0 0
1 26803 -19.689 -62.8046 17.7234 0.699484 1.2 1 0 0
1 26804 -16.9769 -62.2227 15.8777 0.445937 1.2 1 0 0
1 26805 -16.2011 -61.4151 16.5948 0.868879 1.2 1 0 0
1 26814 -17.3242 -56.7879 13.8295 0.532738 1.2 1 0 0
1 26817 -13.3202 -54.8207 13.3818 0.853149 1.2 1 0 0
