# SphereID Center[X Y Z] Radius Density Region Score Weight
LeafCount 32062
NodeCount 32062
1 8814 -11.813 -34.7998 -25.6788 1.44143 0.6 0 0 0
1 8815 -10.2137 -36.9983 -26.7226 1.41718 0.6 0 0 0
1 8816 -8.46979 -34.104 -26.2141 2 0.6 0 0 0
1 8821 -9.80352 -39.8302 -26.1346 1.50218 0.6 0 0 0
1 8822 -6.71445 -38.1895 -25.9589 2 0.6 0 0 0
1 9045 -1.18658 -38.8543 -28.1722 2 0.6 0 0 0
1 9046 -0.252265 -36.4109 -26.7041 0.986667 0.6 0 0 0
1 9047 -2.0834 -36.112 -29.3087 1.09866 0.6 0 0 0
1 9048 -5.57567 -35.292 -26.4233 1.13547 0.6 0 0 0
1 9053 -4.98372 -41.9632 -26.623 2 0.6 0 0 0
1 9054 -2.05064 -42.0558 -28.5962 1.3173 0.6 0 0 0
1 9055 -3.6689 -40.3845 -29.1275 1.03075 0.6 0 0 0
1 9056 -4.60047 -38.0019 -28.7543 1.45148 0.6 0 0 0
1 9060 -1.20456 -42.9309 -25.5072 2 0.6 0 0 0
1 9066 1.31975 -41.9374 -28.6862 1.9955 0.6 0 0 0
1 9075 0.651028 -35.8469 -29.3015 1.63177 0.6 0 0 0
1 9145 -3.65695 -28.5957 -24.4648 2 0.6 0 0 0
1 9148 -5.37606 -32.1015 -26.8081 1.71028 0.6 0 0 0
1 9149 -2.50285 -34.4477 -26.7288 2 0.6 0 0 0
1 9150 -1.99274 -30.8334 -26.8169 1.64825 0.6 0 0 0
1 9151 -0.943178 -33.84 -29.1141 0.910688 0.6 0 0 0
1 9153 0.431305 -27.804 -25.4199 2 0.6 0 0 0
1 9162 0.981866 -32.397 -27.7986 1.83135 0.6 0 0 0
1 11374 -13.9952 -38.4807 -27.141 0.804103 1.2 1 0 0
1 11508 -1.94143 -27.9143 -30.1954 1.5 1.2 1 0 0
1 11509 -9.1032 -30.0663 -27.7722 0.855321 1.2 1 0 0
1 11510 -9.71824 -28.0993 -28.8186 0.908247 1.2 1 0 0
1 11511 -5.43584 -20.4345 -28.1126 1.11444 1.2 1 0 0
1 11513 0.456011 -19.1685 -28.9129 1.5 1.2 1 0 0
1 15716 -15.6261 -46.1343 -29.1971 1.28746 1.2 1 0 0
1 15800 -14.8823 -44.1266 -27.3613 1.5 1.2 1 0 0
1 15801 -13.3044 -43.8725 -28.6631 0.557469 1.2 1 0 0
1 15802 -13.4787 -44.5557 -29.7901 0.762198 1.2 1 0 0
1 16117 -13.7728 -31.7835 -27.6304 1.5 1.2 1 0 0
1 16118 -14.5276 -28.7348 -26.0899 1.5 1.2 1 0 0
1 16125 -15.5642 -30.2701 -27.6169 0.822128 1.2 1 0 0
1 16126 -15.2512 -31.0235 -28.5148 0.371878 1.2 1 0 0
1 16132 -18.6053 -33.0398 -27.2348 0.921478 1.2 1 0 0
1 16136 -19.0991 -35.6023 -25.4366 1.5 1.2 1 0 0
1 16137 -19.5661 -36.0535 -27.6322 0.789536 1.2 1 0 0
1 16150 -17.1228 -29.9079 -26.7356 0.914737 1.2 1 0 0
1 16153 -12.8198 -34.2835 -28.3481 1.27003 1.2 1 0 0
1 16155 -16.3857 -33.9955 -27.0809 1.5 1.2 1 0 0
1 16156 -17.3064 -35.2554 -28.5622 0.641675 1.2 1 0 0
1 16161 -14.1507 -34.7831 -29.61 0.630848 1.2 1 0 0
1 16162 -14.7275 -33.5205 -28.9172 0.860419 1.2 1 0 0
1 16163 -16.0322 -33.253 -28.8393 0.441133 1.2 1 0 0
1 16167 -22.9702 -38.7793 -26.2218 1.12515 1.2 1 0 0
1 16171 -21.9428 -41.1182 -25.4589 1.5 1.2 1 0 0
1 16172 -20.8285 -39.2838 -27.2876 1.31969 1.2 1 0 0
1 16185 -23.2915 -43.1541 -26.4723 0.965322 1.2 1 0 0
1 16200 -19.3895 -42.8603 -28.034 0.821264 1.2 1 0 0
1 16202 -20.9932 -44.0481 -26.8485 1.5 1.2 1 0 0
1 16206 -19.6863 -44.1065 -28.6944 0.610093 1.2 1 0 0
1 16222 -21.8091 -37.2937 -26.9936 0.717573 1.2 1 0 0
1 16223 -21.0098 -35.9576 -26.9485 0.8107 1.2 1 0 0
1 16265 -13.7104 -38.8348 -29.0195 0.8032 1.2 1 0 0
1 16266 -12.28 -36.1053 -28.0342 0.655797 1.2 1 0 0
1 16267 -12.0658 -39.8097 -30.3711 1.43429 1.2 1 0 0
1 16268 -14.3355 -36.6012 -28.4714 1.5 1.2 1 0 0
1 16269 -12.6371 -37.2969 -27.66 0.501777 1.2 1 0 0
1 16270 -12.7013 -35.7854 -29.2161 0.461195 1.2 1 0 0
1 16271 -12.5468 -38.0316 -30.924 0.487074 1.2 1 0 0
1 16272 -11.1977 -38.9833 -28.5133 0.776554 1.2 1 0 0
1 16274 -16.6115 -43.8207 -27.9064 0.33187 1.2 1 0 0
1 16275 -16.4417 -44.0821 -28.5342 0.369071 1.2 1 0 0
1 16276 -17.2019 -42.3726 -28.8167 1.47762 1.2 1 0 0
1 16277 -19.4625 -40.9636 -28.6793 0.825452 1.2 1 0 0
1 16278 -18.9968 -41.9558 -29.2695 0.419489 1.2 1 0 0
1 16279 -16.2833 -42.3097 -25.3993 1.5 1.2 1 0 0
1 16282 -16.4053 -44.2931 -29.643 0.759725 1.2 1 0 0
1 16283 -17.9373 -45.1393 -27.9978 1.5 1.2 1 0 0
1 16284 -18.7465 -43.6317 -29.1685 0.544657 1.2 1 0 0
1 16285 -17.6656 -44.0856 -29.6393 0.469442 1.2 1 0 0
1 16287 -15.4781 -37.633 -26.5586 0.955423 1.2 1 0 0
1 16288 -15.9382 -36.0498 -27.3483 0.533249 1.2 1 0 0
1 16289 -20.0226 -37.4478 -27.4496 0.688935 1.2 1 0 0
1 16290 -19.0636 -39.0821 -28.6597 0.845565 1.2 1 0 0
1 16293 -18.224 -40.2872 -26.8309 1.5 1.2 1 0 0
1 16297 -15.7871 -38.3004 -29.5268 0.953205 1.2 1 0 0
1 16298 -18.3634 -38.21 -29.2204 0.391861 1.2 1 0 0
1 16299 -17.6019 -37.2316 -27.7915 1.5 1.2 1 0 0
1 16300 -11.3165 -40.8836 -27.7739 0.680107 1.2 1 0 0
1 16301 -13.2228 -40.8639 -29.1107 0.566463 1.2 1 0 0
1 16302 -11.8734 -42.4777 -29.1529 1.5 1.2 1 0 0
1 16303 -15.2955 -40.1702 -28.015 1.5 1.2 1 0 0
1 16304 -13.8494 -41.6724 -28.4805 0.634935 1.2 1 0 0
1 16305 -13.4109 -41.9737 -26.7273 1.18364 1.2 1 0 0
1 16308 -11.8849 -41.7777 -31.2223 0.684612 1.2 1 0 0
1 16309 -14.5995 -42.8357 -29.8197 1.29102 1.2 1 0 0
1 16310 -14.3491 -40.4873 -30.2431 0.941433 1.2 1 0 0
1 19734 -2.49539 -42.773 -33.3695 1.5 1.2 1 0 0
1 19735 -2.76419 -43.7888 -31.6878 0.482941 1.2 1 0 0
1 19736 -0.981358 -45.3042 -32.0592 0.603676 1.2 1 0 0
1 19737 -1.13336 -44.1311 -32.858 0.486213 1.2 1 0 0
1 19738 -5.94877 -44.7676 -31.9594 1.44366 1.2 1 0 0
1 19739 -3.92768 -43.5172 -31.2023 0.803042 1.2 1 0 0
1 19740 -5.17436 -43.4809 -30.6764 0.478171 1.2 1 0 0
1 19741 -3.17725 -45.6956 -31.3214 1.5 1.2 1 0 0
1 19742 -1.00583 -43.6187 -31.1246 1.32371 1.2 1 0 0
1 19743 -3.36787 -43.4886 -29.7963 0.705414 1.2 1 0 0
1 19744 -1.48363 -41.8376 -30.9652 0.516392 1.2 1 0 0
1 19747 -7.31069 -39.9006 -32.3167 1.04642 1.2 1 0 0
1 19748 -10.2815 -42.4267 -31.2326 1.04055 1.2 1 0 0
1 19749 -9.42377 -42.8365 -28.2701 1.12845 1.2 1 0 0
1 19750 -9.85534 -44.2594 -31.365 0.835042 1.2 1 0 0
1 19751 -9.16241 -40.1867 -30.5924 1.5 1.2 1 0 0
1 19752 -10.3026 -40.2504 -28.6177 0.778344 1.2 1 0 0
1 19753 -7.02184 -41.9332 -30.6871 0.449364 1.2 1 0 0
1 19754 -6.44587 -42.4986 -29.5337 0.956791 1.2 1 0 0
1 19755 -8.12286 -42.4823 -31.7759 1.18611 1.2 1 0 0
1 19756 -7.40724 -45.0868 -27.318 1.22289 1.2 1 0 0
1 19757 -5.07138 -44.6387 -29.136 1.45162 1.2 1 0 0
1 19759 -7.99738 -44.382 -29.8811 1.5 1.2 1 0 0
1 19760 -4.60605 -47.0811 -27.5454 1.5 1.2 1 0 0
1 19761 -3.0089 -41.9381 -31.0626 1.00646 1.2 1 0 0
1 19762 -5.10433 -38.5594 -32.2575 1.5 1.2 1 0 0
1 19763 -7.03343 -38.4594 -32.9239 0.541815 1.2 1 0 0
1 19764 -4.22771 -41.4474 -30.2889 0.473224 1.2 1 0 0
1 19765 -4.57757 -40.107 -30.7833 0.701318 1.2 1 0 0
1 19766 -4.20922 -40.7145 -33.829 0.978226 1.2 1 0 0
1 19767 -3.90592 -39.0788 -34.0336 0.697863 1.2 1 0 0
1 19768 -3.00102 -41.1313 -34.7323 0.58652 1.2 1 0 0
1 19769 -2.86478 -39.2564 -34.857 0.515441 1.2 1 0 0
1 19796 -0.199276 -37.3861 -34.9444 1.04689 1.2 1 0 0
1 19800 -1.53633 -40.7063 -34.3713 0.980737 1.2 1 0 0
1 20496 0.742995 -32.9273 -31.9174 1.5 1.2 1 0 0
1 20502 -2.39498 -33.5243 -31.6595 1.5 1.2 1 0 0
1 20503 -4.32195 -34.3652 -30.775 0.774569 1.2 1 0 0
1 20504 -4.77375 -36.0582 -33.2218 0.617949 1.2 1 0 0
1 20505 -4.21608 -35.6425 -32.8453 0.170288 1.2 1 0 0
1 20506 -2.32821 -35.6564 -30.9768 0.505244 1.2 1 0 0
1 20507 -4.27361 -36.186 -30.6627 0.433596 1.2 1 0 0
1 20508 -3.28441 -35.2017 -30.7564 0.557742 1.2 1 0 0
1 20509 -3.43005 -36.3954 -32.0315 1.18784 1.2 1 0 0
1 20510 -4.22846 -34.5848 -32.7673 0.890308 1.2 1 0 0
1 20511 -4.0617 -33.1133 -32.8516 0.589986 1.2 1 0 0
1 20512 -4.5518 -32.9459 -31.6624 0.707126 1.2 1 0 0
1 20513 -0.992639 -32.293 -30.4075 0.747226 1.2 1 0 0
1 20514 -3.99864 -32.3808 -30.1607 0.954091 1.2 1 0 0
1 20515 -0.924813 -29.7806 -29.2157 0.646726 1.2 1 0 0
1 20516 -3.21776 -31.0849 -30.1537 0.23279 1.2 1 0 0
1 20517 -1.83579 -32.8676 -30.0148 0.3404 1.2 1 0 0
1 20519 -2.43199 -31.8556 -33.106 0.708647 1.2 1 0 0
1 20520 0.294234 -35.7537 -33.0483 1.5 1.2 1 0 0
1 20521 -0.957416 -32.9705 -33.6547 0.9314 1.2 1 0 0
1 20522 -1.98575 -35.9787 -32.8873 0.541936 1.2 1 0 0
1 20523 -2.33957 -35.263 -32.4009 0.391031 1.2 1 0 0
1 20524 -1.81409 -34.7041 -33.7328 0.949729 1.2 1 0 0
1 20525 -3.08044 -35.7351 -33.7444 0.680961 1.2 1 0 0
1 20527 -1.16484 -35.3685 -31.4003 0.731954 1.2 1 0 0
1 20528 -1.51825 -35.093 -32.4593 0.414357 1.2 1 0 0
1 20531 -1.74703 -36.4534 -34.3157 0.859503 1.2 1 0 0
1 20536 -7.05586 -20.8295 -25.9224 1.5 1.2 1 0 0
1 20542 -6.31859 -21.8889 -27.4432 0.494732 1.2 1 0 0
1 20543 -5.80705 -21.8933 -29.1537 0.556536 1.2 1 0 0
1 20544 -6.56114 -23.2163 -28.3833 1.14555 1.2 1 0 0
1 20548 -10.8628 -25.8012 -26.3925 1.5 1.2 1 0 0
1 20551 -12.8107 -24.0384 -26.437 1.12747 1.2 1 0 0
1 20556 -12.5918 -25.4008 -27.4929 0.588212 1.2 1 0 0
1 20557 -11.551 -27.3441 -28.2402 0.668879 1.2 1 0 0
1 20559 -10.1179 -20.7405 -25.8922 1.5 1.2 1 0 0
1 20560 -8.54388 -20.2687 -27.3793 0.650402 1.2 1 0 0
1 20568 -9.14269 -23.2163 -28.3167 0.442156 1.2 1 0 0
1 20569 -8.54936 -21.9175 -27.59 0.977513 1.2 1 0 0
1 20571 -10.0788 -23.9096 -27.6519 0.899094 1.2 1 0 0
1 20573 -6.76342 -27.6229 -27.1085 0.700114 1.2 1 0 0
1 20575 -8.48159 -26.5638 -27.5751 1.26406 1.2 1 0 0
1 20576 -9.20652 -28.5061 -26.9864 0.882169 1.2 1 0 0
1 20577 -9.28334 -25.0262 -27.6078 0.470357 1.2 1 0 0
1 20581 -8.05727 -23.9943 -26.332 1.5 1.2 1 0 0
1 20582 -6.86963 -24.4833 -29.487 0.554186 1.2 1 0 0
1 20583 -8.07396 -24.6997 -28.6473 0.920492 1.2 1 0 0
1 20584 -7.8093 -26.5318 -29.4528 0.704997 1.2 1 0 0
1 20585 -5.90866 -25.8184 -28.2567 1.5 1.2 1 0 0
1 20589 0.060598 -21.9228 -30.338 1.5 1.2 1 0 0
1 20598 -3.35445 -25.5178 -27.5322 1.09386 1.2 1 0 0
1 20599 -3.09338 -25.8934 -29.0269 0.464412 1.2 1 0 0
1 20600 -1.87469 -26.0819 -28.6453 0.826363 1.2 1 0 0
1 20601 -6.57086 -27.0443 -30.0142 0.742651 1.2 1 0 0
1 20602 -4.05685 -25.2174 -29.745 0.914312 1.2 1 0 0
1 20603 -5.43693 -24.391 -29.8632 0.698609 1.2 1 0 0
1 20605 -5.39525 -28.0923 -27.8726 0.84255 1.2 1 0 0
1 20606 -3.65282 -27.4987 -28.2332 1.02848 1.2 1 0 0
1 20607 -3.67088 -28.0436 -31.4633 0.644339 1.2 1 0 0
1 20608 -4.66186 -27.2108 -30.1744 1.1778 1.2 1 0 0
1 20609 -3.75882 -28.3887 -29.6815 0.360637 1.2 1 0 0
1 20610 -0.431329 -25.2471 -28.1118 0.92429 1.2 1 0 0
1 20612 -2.10913 -23.7763 -29.0622 1.5 1.2 1 0 0
1 20613 -0.908968 -23.9962 -27.3395 0.611026 1.2 1 0 0
1 20614 -4.34395 -24.2735 -28.4081 0.704105 1.2 1 0 0
1 20615 -4.42636 -22.6198 -26.9391 1.5 1.2 1 0 0
1 20616 -4.17494 -21.4095 -28.8411 0.637285 1.2 1 0 0
1 20617 -4.5518 -22.9128 -29.3856 0.967229 1.2 1 0 0
1 20621 -3.98482 -23.671 -30.5944 0.195238 1.2 1 0 0
1 20622 -1.7527 -22.6084 -31.006 0.525531 1.2 1 0 0
1 20623 -3.3839 -24.2187 -30.704 0.625162 1.2 1 0 0
1 20624 -0.995218 -28.2388 -32.1003 0.639525 1.2 1 0 0
1 20625 -1.50076 -27.007 -32.045 0.606665 1.2 1 0 0
1 20627 -2.50687 -27.8644 -32.0738 0.462274 1.2 1 0 0
1 20629 -0.984783 -27.3002 -28.3038 0.677558 1.2 1 0 0
1 20630 -0.58197 -26.0109 -29.5865 0.737233 1.2 1 0 0
1 20631 -0.558847 -25.621 -31.3439 1.0631 1.2 1 0 0
1 20632 -1.35217 -23.8307 -31.2159 0.774208 1.2 1 0 0
1 20633 -2.534 -25.597 -30.8317 0.974966 1.2 1 0 0
1 20634 -6.38719 -29.9734 -29.8373 0.336976 1.2 1 0 0
1 20635 -7.40131 -28.797 -28.8564 1.5 1.2 1 0 0
1 20636 -5.65234 -29.8521 -28.3732 0.598928 1.2 1 0 0
1 20637 -8.72455 -31.2152 -29.5937 1.33013 1.2 1 0 0
1 20638 -6.4605 -32.77 -30.5574 1.5 1.2 1 0 0
1 20639 -7.91984 -32.888 -28.9907 0.536932 1.2 1 0 0
1 20640 -6.51418 -30.9945 -28.9771 0.869391 1.2 1 0 0
1 20641 -7.65217 -30.6815 -28.1409 0.521669 1.2 1 0 0
1 20642 -7.06428 -30.3952 -30.652 0.802701 1.2 1 0 0
1 20643 -5.94644 -30.8915 -31.4982 0.615285 1.2 1 0 0
1 20644 -13.051 -32.7123 -29.4299 0.64981 1.2 1 0 0
1 20645 -11.226 -32.0167 -28.8893 1.3505 1.2 1 0 0
1 20646 -11.6366 -33.2446 -27.5816 0.481203 1.2 1 0 0
1 20647 -12.5158 -30.6866 -28.7532 0.503098 1.2 1 0 0
1 20648 -13.3875 -30.3536 -28.8738 0.403596 1.2 1 0 0
1 20652 -12.5609 -35.3972 -30.2287 0.623001 1.2 1 0 0
1 20653 -10.9454 -34.9373 -28.6606 0.739604 1.2 1 0 0
1 20654 -11.708 -33.8434 -30.0135 0.777339 1.2 1 0 0
1 20655 -10.2424 -29.9022 -29.522 0.629785 1.2 1 0 0
1 20656 -9.26027 -29.2271 -29.6856 0.573233 1.2 1 0 0
1 20657 -11.0177 -28.0226 -28.8663 0.373649 1.2 1 0 0
1 20658 -11.3739 -29.4336 -27.6862 1.5 1.2 1 0 0
1 20659 -7.64271 -37.5786 -32.2833 0.700106 1.2 1 0 0
1 20660 -5.97996 -35.7602 -31.4667 1.5 1.2 1 0 0
1 20661 -7.98652 -36.0457 -31.9096 0.574607 1.2 1 0 0
1 20662 -11.2893 -37.0375 -29.7498 1.5 1.2 1 0 0
1 20663 -9.5502 -37.8688 -31.2659 0.944766 1.2 1 0 0
1 20664 -9.906 -35.7758 -30.1089 0.404756 1.2 1 0 0
1 20665 -9.5397 -35.6245 -31.2681 0.517771 1.2 1 0 0
1 20666 -9.38091 -33.9538 -29.928 1.5 1.2 1 0 0
1 20667 -8.44012 -36.3972 -30.2809 1.14196 1.2 1 0 0
1 20668 -7.86523 -34.5515 -31.4709 0.734049 1.2 1 0 0
1 20669 -8.17147 -33.3562 -31.3869 0.487063 1.2 1 0 0
1 20683 0.444093 -11.7955 -26.3559 1.5 1.2 1 0 0
1 20691 -0.184875 -13.3881 -28.152 0.920322 1.2 1 0 0
1 20703 0.589111 -7.6543 -25.6157 1.5 1.2 1 0 0
1 20717 -3.81503 -15.9784 -25.9306 1.5 1.2 1 0 0
1 20723 -2.86444 -14.632 -27.6782 0.881225 1.2 1 0 0
1 20734 -8.45124 -18.5991 -26.2352 1.14945 1.2 1 0 0
1 20735 -7.40283 -19.4034 -27.5276 0.647912 1.2 1 0 0
1 20745 -7.22908 -16.3244 -25.6168 1.5 1.2 1 0 0
1 20748 -3.23457 -19.3405 -27.2221 1.5 1.2 1 0 0
1 20752 -6.01839 -18.3292 -27.2259 1.12862 1.2 1 0 0
1 20792 -3.43161 -13.1642 -26.6417 0.988745 1.2 1 0 0
1 20813 -2.37667 -20.9285 -29.3544 1.29365 1.2 1 0 0
1 20814 -2.75868 -18.9755 -29.314 0.662193 1.2 1 0 0
1 20815 -0.986564 -20.0432 -30.3843 0.649799 1.2 1 0 0
1 20816 -1.47453 -19.1196 -29.8637 0.517305 1.2 1 0 0
1 20817 -0.610261 -21.4773 -27.6282 1.19125 1.2 1 0 0
1 20819 -0.344556 -18.0713 -26.7936 0.989944 1.2 1 0 0
1 20824 -0.895277 -15.0151 -26.3936 1.5 1.2 1 0 0
1 20825 -1.90482 -16.9893 -28.2288 1.37833 1.2 1 0 0
1 20829 -0.694605 -15.1065 -28.733 0.838691 1.2 1 0 0
1 27115 -9.85508 -45.3245 -27.9723 1.32201 1.2 1 0 0
1 27119 -13.0657 -45.3965 -27.1828 0.723688 1.2 1 0 0
1 27120 -12.2354 -44.4843 -28.4961 0.634231 1.2 1 0 0
1 27124 -11.1738 -46.4436 -25.6173 1.5 1.2 1 0 0
1 27130 -11.7721 -43.8802 -26.6846 1.33078 1.2 1 0 0
1 27133 -10.0665 -46.2222 -30.4696 1.33094 1.2 1 0 0
1 27136 -12.645 -46.53 -29.0568 1.5 1.2 1 0 0
1 27140 -10.3318 -44.164 -29.7446 0.848527 1.2 1 0 0
1 27141 -12.5399 -43.6476 -30.1528 0.175601 1.2 1 0 0
1 27142 -11.975 -44.4907 -30.7102 0.9822 1.2 1 0 0
1 27143 -11.1167 -43.6442 -31.5564 0.464669 1.2 1 0 0
1 27620 -14.4535 -27.312 -27.4509 0.470089 1.2 1 0 0
1 27621 -14.0642 -28.4467 -27.9494 0.435974 1.2 1 0 0
1 27623 -13.7459 -29.6082 -28.1039 0.726411 1.2 1 0 0
1 27627 -18.2638 -35.1896 -27.6589 0.650623 1.2 1 0 0
1 27629 -19.605 -34.4556 -27.3347 0.774505 1.2 1 0 0
1 27635 -14.3538 -34.9982 -26.8681 0.767299 1.2 1 0 0
1 27636 -14.3538 -33.7852 -27.4668 0.567921 1.2 1 0 0
1 27650 -21.0106 -41.6456 -27.796 0.970307 1.2 1 0 0
1 27652 -22.8641 -45.4144 -26.7427 0.819048 1.2 1 0 0
1 27678 -16.2716 -35.843 -29.0612 0.64872 1.2 1 0 0
1 27679 -17.4451 -39.9419 -29.2545 0.990823 1.2 1 0 0
1 27680 -12.714 -39.8746 -27.8175 1.04404 1.2 1 0 0
1 27685 -15.1895 -41.4665 -30.6491 0.370908 1.2 1 0 0
1 27686 -16.0015 -40.9314 -29.9883 0.729529 1.2 1 0 0
1 27687 -15.0454 -41.2865 -29.4756 0.355283 1.2 1 0 0
1 28967 -2.28105 -44.5679 -29.4443 0.866154 1.2 1 0 0
1 28970 -1.73246 -45.641 -34.001 1.5 1.2 1 0 0
1 28971 -4.14224 -45.2016 -33.5037 0.9367 1.2 1 0 0
1 28972 -3.33105 -44.3343 -34.395 0.546398 1.2 1 0 0
1 28973 -8.74113 -39.2856 -32.3477 0.510897 1.2 1 0 0
1 28974 -8.48291 -38.374 -32.0831 0.472924 1.2 1 0 0
1 28975 -7.18195 -38.3187 -30.6985 1.10863 1.2 1 0 0
1 28976 -6.76191 -40.685 -30.1744 0.924793 1.2 1 0 0
1 28977 -7.03304 -41.3295 -32.9223 0.530195 1.2 1 0 0
1 28978 -8.49697 -40.9239 -32.3995 0.522431 1.2 1 0 0
1 28979 -7.78643 -40.9923 -31.5698 0.355212 1.2 1 0 0
1 28980 -8.29497 -41.1287 -31.7311 0.179073 1.2 1 0 0
1 28981 -9.31876 -42.5935 -29.949 0.571191 1.2 1 0 0
1 28982 -8.01748 -41.7023 -29.164 0.843416 1.2 1 0 0
1 28983 -9.14155 -38.0799 -29.5962 0.772244 1.2 1 0 0
1 28984 -10.6544 -38.8681 -31.4001 0.550074 1.2 1 0 0
1 28985 -9.70723 -40.5311 -32.2631 0.289043 1.2 1 0 0
1 28986 -10.8605 -40.9382 -31.541 0.58524 1.2 1 0 0
1 28987 -8.00522 -44.2933 -32.0973 0.585736 1.2 1 0 0
1 28988 -8.78558 -43.87 -31.7023 0.352302 1.2 1 0 0
1 28991 -6.79999 -43.5214 -28.3037 0.659251 1.2 1 0 0
1 28992 -5.8915 -43.1515 -28.5545 0.343571 1.2 1 0 0
1 28993 -6.37512 -44.3915 -30.411 0.205824 1.2 1 0 0
1 29009 -7.46398 -47.3152 -30.6915 1.5 1.2 1 0 0
1 29013 -8.32868 -45.5308 -31.7691 0.734732 1.2 1 0 0
1 29016 -2.72545 -39.2895 -31.3698 0.658112 1.2 1 0 0
1 29017 -1.67652 -40.7319 -31.9712 0.979356 1.2 1 0 0
1 29018 -2.54047 -40.0726 -32.614 0.26377 1.2 1 0 0
1 29019 -3.52635 -40.4126 -32.0958 0.90071 1.2 1 0 0
1 29020 -3.80181 -41.5041 -32.7668 0.406648 1.2 1 0 0
1 29021 -2.77823 -41.3585 -32.2418 0.314057 1.2 1 0 0
1 29022 -2.75367 -41.0777 -31.8049 0.158197 1.2 1 0 0
1 29023 -6.1161 -40.0838 -31.458 0.436197 1.2 1 0 0
1 29024 -6.58551 -37.8138 -32.8203 0.250777 1.2 1 0 0
1 29025 -5.99447 -38.2849 -30.1173 0.213897 1.2 1 0 0
1 29026 -5.75552 -39.6503 -30.5698 0.571816 1.2 1 0 0
1 29027 -3.70102 -38.9251 -30.9248 0.469593 1.2 1 0 0
1 29028 -3.11781 -38.0094 -31.2476 0.622358 1.2 1 0 0
1 29029 -5.23029 -41.5527 -29.8886 0.453806 1.2 1 0 0
1 29030 -5.41495 -41.8665 -31.8082 1.5 1.2 1 0 0
1 29102 -1.84731 -46.8996 -28.0159 1.30446 1.2 1 0 0
1 29111 -0.012253 -46.0321 -30.0219 1.5 1.2 1 0 0
1 29163 0.56516 -40.3802 -32.9704 1.5 1.2 1 0 0
1 29166 -1.80125 -41.8421 -35.2948 0.505789 1.2 1 0 0
1 29167 -1.30389 -39.2682 -35.2051 0.696711 1.2 1 0 0
1 29168 -1.92019 -38.5393 -33.2264 1.5 1.2 1 0 0
1 29169 -0.973016 -37.1065 -31.769 0.74667 1.2 1 0 0
1 29175 0.751222 -43.8992 -33.4447 1.5 1.2 1 0 0
1 29176 -0.94075 -42.9478 -35.2536 0.89585 1.2 1 0 0
1 29177 -1.65745 -44.1575 -35.3052 0.476665 1.2 1 0 0
1 31881 -1.08227 -30.5324 -31.9532 1.5 1.2 1 0 0
1 31883 -3.01999 -31.0876 -30.8427 0.483876 1.2 1 0 0
1 31884 -2.96567 -30.3208 -31.4068 0.467992 1.2 1 0 0
1 31885 -4.56309 -29.9925 -30.1744 1.5 1.2 1 0 0
1 31886 -5.01079 -30.6439 -31.9693 0.461092 1.2 1 0 0
1 31887 -2.92178 -29.1753 -31.9157 0.786264 1.2 1 0 0
1 31888 -3.74531 -31.4715 -32.0737 0.99177 1.2 1 0 0
1 31889 -4.07522 -29.9551 -32.1119 0.496702 1.2 1 0 0
1 31890 -3.17686 -30.2371 -28.8517 0.427172 1.2 1 0 0
1 31891 -2.18778 -30.6261 -29.7507 0.964578 1.2 1 0 0
1 31894 -11.6669 -24.4027 -27.5865 0.507002 1.2 1 0 0
1 31896 -12.96 -27.0782 -27.2414 1.05485 1.2 1 0 0
1 31898 -11.5908 -23.2388 -27.2992 0.563455 1.2 1 0 0
1 31904 -1.84369 -22.2789 -30.1744 0.373643 1.2 1 0 0
1 31905 -1.52766 -22.2071 -29.608 0.260162 1.2 1 0 0
1 31906 -6.39055 -29.0837 -30.7483 0.620119 1.2 1 0 0
1 31907 -6.04317 -28.1714 -30.1901 0.503675 1.2 1 0 0
1 31913 -4.42287 -14.41 -27.2422 0.632957 1.2 1 0 0
1 31916 -5.86051 -15.9937 -27.2077 0.624245 1.2 1 0 0
1 31917 -4.29429 -17.3053 -27.9235 0.899416 1.2 1 0 0
1 31923 -1.6345 -12.7684 -27.1841 0.929591 1.2 1 0 0
1 40876 -11.813 -34.7998 -25.6788 1.44143 0.6 2 0 0
1 40877 -10.2137 -36.9983 -26.7226 1.41718 0.6 2 0 0
1 40878 -8.46979 -34.104 -26.2141 2 0.6 2 0 0
1 40883 -9.80352 -39.8302 -26.1346 1.50218 0.6 2 0 0
1 40884 -6.71445 -38.1895 -25.9589 2 0.6 2 0 0
1 41107 -1.18658 -38.8543 -28.1722 2 0.6 2 0 0
1 41108 -0.252265 -36.4109 -26.7041 0.986667 0.6 2 0 0
1 41109 -2.0834 -36.112 -29.3087 1.09866 0.6 2 0 0
1 41110 -5.57567 -35.292 -26.4233 1.13547 0.6 2 0 0
1 41115 -4.98372 -41.9632 -26.623 2 0.6 2 0 0
1 41116 -2.05064 -42.0558 -28.5962 1.3173 0.6 2 0 0
1 41117 -3.6689 -40.3845 -29.1275 1.03075 0.6 2 0 0
1 41118 -4.60047 -38.0019 -28.7543 1.45148 0.6 2 0 0
1 41122 -1.20456 -42.9309 -25.5072 2 0.6 2 0 0
1 41128 1.31975 -41.9374 -28.6862 1.9955 0.6 2 0 0
1 41137 0.651028 -35.8469 -29.3015 1.63177 0.6 2 0 0
1 41207 -3.65695 -28.5957 -24.4648 2 0.6 2 0 0
1 41210 -5.37606 -32.1015 -26.8081 1.71028 0.6 2 0 0
1 41211 -2.50285 -34.4477 -26.7288 2 0.6 2 0 0
1 41212 -1.99274 -30.8334 -26.8169 1.64825 0.6 2 0 0
1 41213 -0.943178 -33.84 -29.1141 0.910688 0.6 2 0 0
1 41215 0.431305 -27.804 -25.4199 2 0.6 2 0 0
1 41224 0.981866 -32.397 -27.7986 1.83135 0.6 2 0 0
1 43436 -13.9952 -38.4807 -27.141 0.804103 1.2 3 0 0
1 43570 -1.94143 -27.9143 -30.1954 1.5 1.2 3 0 0
1 43571 -9.1032 -30.0663 -27.7722 0.855321 1.2 3 0 0
1 43572 -9.71824 -28.0993 -28.8186 0.908247 1.2 3 0 0
1 43573 -5.43584 -20.4345 -28.1126 1.11444 1.2 3 0 0
1 43575 0.456011 -19.1685 -28.9129 1.5 1.2 3 0 0
1 47778 -15.6261 -46.1343 -29.1971 1.28746 1.2 3 0 0
1 47862 -14.8823 -44.1266 -27.3613 1.5 1.2 3 0 0
1 47863 -13.3044 -43.8725 -28.6631 0.557469 1.2 3 0 0
1 47864 -13.4787 -44.5557 -29.7901 0.762198 1.2 3 0 0
1 48179 -13.7728 -31.7835 -27.6304 1.5 1.2 3 0 0
1 48180 -14.5276 -28.7348 -26.0899 1.5 1.2 3 0 0
1 48187 -15.5642 -30.2701 -27.6169 0.822128 1.2 3 0 0
1 48188 -15.2512 -31.0235 -28.5148 0.371878 1.2 3 0 0
1 48194 -18.6053 -33.0398 -27.2348 0.921478 1.2 3 0 0
1 48198 -19.0991 -35.6023 -25.4366 1.5 1.2 3 0 0
1 48199 -19.5661 -36.0535 -27.6322 0.789536 1.2 3 0 0
1 48212 -17.1228 -29.9079 -26.7356 0.914737 1.2 3 0 0
1 48215 -12.8198 -34.2835 -28.3481 1.27003 1.2 3 0 0
1 48217 -16.3857 -33.9955 -27.0809 1.5 1.2 3 0 0
1 48218 -17.3064 -35.2554 -28.5622 0.641675 1.2 3 0 0
1 48223 -14.1507 -34.7831 -29.61 0.630848 1.2 3 0 0
1 48224 -14.7275 -33.5205 -28.9172 0.860419 1.2 3 0 0
1 48225 -16.0322 -33.253 -28.8393 0.441133 1.2 3 0 0
1 48229 -22.9702 -38.7793 -26.2218 1.12515 1.2 3 0 0
1 48233 -21.9428 -41.1182 -25.4589 1.5 1.2 3 0 0
1 48234 -20.8285 -39.2838 -27.2876 1.31969 1.2 3 0 0
1 48247 -23.2915 -43.1541 -26.4723 0.965322 1.2 3 0 0
1 48262 -19.3895 -42.8603 -28.034 0.821264 1.2 3 0 0
1 48264 -20.9932 -44.0481 -26.8485 1.5 1.2 3 0 0
1 48268 -19.6863 -44.1065 -28.6944 0.610093 1.2 3 0 0
1 48284 -21.8091 -37.2937 -26.9936 0.717573 1.2 3 0 0
1 48285 -21.0098 -35.9576 -26.9485 0.8107 1.2 3 0 0
1 48327 -13.7104 -38.8348 -29.0195 0.8032 1.2 3 0 0
1 48328 -12.28 -36.1053 -28.0342 0.655797 1.2 3 0 0
1 48329 -12.0658 -39.8097 -30.3711 1.43429 1.2 3 0 0
1 48330 -14.3355 -36.6012 -28.4714 1.5 1.2 3 0 0
1 48331 -12.6371 -37.2969 -27.66 0.501777 1.2 3 0 0
1 48332 -12.7013 -35.7854 -29.2161 0.461195 1.2 3 0 0
1 48333 -12.5468 -38.0316 -30.924 0.487074 1.2 3 0 0
1 48334 -11.1977 -38.9833 -28.5133 0.776554 1.2 3 0 0
1 48336 -16.6115 -43.8207 -27.9064 0.33187 1.2 3 0 0
1 48337 -16.4417 -44.0821 -28.5342 0.369071 1.2 3 0 0
1 48338 -17.2019 -42.3726 -28.8167 1.47762 1.2 3 0 0
1 48339 -19.4625 -40.9636 -28.6793 0.825452 1.2 3 0 0
1 48340 -18.9968 -41.9558 -29.2695 0.419489 1.2 3 0 0
1 48341 -16.2833 -42.3097 -25.3993 1.5 1.2 3 0 0
1 48344 -16.4053 -44.2931 -29.643 0.759725 1.2 3 0 0
1 48345 -17.9373 -45.1393 -27.9978 1.5 1.2 3 0 0
1 48346 -18.7465 -43.6317 -29.1685 0.544657 1.2 3 0 0
1 48347 -17.6656 -44.0856 -29.6393 0.469442 1.2 3 0 0
1 48349 -15.4781 -37.633 -26.5586 0.955423 1.2 3 0 0
1 48350 -15.9382 -36.0498 -27.3483 0.533249 1.2 3 0 0
1 48351 -20.0226 -37.4478 -27.4496 0.688935 1.2 3 0 0
1 48352 -19.0636 -39.0821 -28.6597 0.845565 1.2 3 0 0
1 48355 -18.224 -40.2872 -26.8309 1.5 1.2 3 0 0
1 48359 -15.7871 -38.3004 -29.5268 0.953205 1.2 3 0 0
1 48360 -18.3634 -38.21 -29.2204 0.391861 1.2 3 0 0
1 48361 -17.6019 -37.2316 -27.7915 1.5 1.2 3 0 0
1 48362 -11.3165 -40.8836 -27.7739 0.680107 1.2 3 0 0
1 48363 -13.2228 -40.8639 -29.1107 0.566463 1.2 3 0 0
1 48364 -11.8734 -42.4777 -29.1529 1.5 1.2 3 0 0
1 48365 -15.2955 -40.1702 -28.015 1.5 1.2 3 0 0
1 48366 -13.8494 -41.6724 -28.4805 0.634935 1.2 3 0 0
1 48367 -13.4109 -41.9737 -26.7273 1.18364 1.2 3 0 0
1 48370 -11.8849 -41.7777 -31.2223 0.684612 1.2 3 0 0
1 48371 -14.5995 -42.8357 -29.8197 1.29102 1.2 3 0 0
1 48372 -14.3491 -40.4873 -30.2431 0.941433 1.2 3 0 0
1 51796 -2.49539 -42.773 -33.3695 1.5 1.2 3 0 0
1 51797 -2.76419 -43.7888 -31.6878 0.482941 1.2 3 0 0
1 51798 -0.981358 -45.3042 -32.0592 0.603676 1.2 3 0 0
1 51799 -1.13336 -44.1311 -32.858 0.486213 1.2 3 0 0
1 51800 -5.94877 -44.7676 -31.9594 1.44366 1.2 3 0 0
1 51801 -3.92768 -43.5172 -31.2023 0.803042 1.2 3 0 0
1 51802 -5.17436 -43.4809 -30.6764 0.478171 1.2 3 0 0
1 51803 -3.17725 -45.6956 -31.3214 1.5 1.2 3 0 0
1 51804 -1.00583 -43.6187 -31.1246 1.32371 1.2 3 0 0
1 51805 -3.36787 -43.4886 -29.7963 0.705414 1.2 3 0 0
1 51806 -1.48363 -41.8376 -30.9652 0.516392 1.2 3 0 0
1 51809 -7.31069 -39.9006 -32.3167 1.04642 1.2 3 0 0
1 51810 -10.2815 -42.4267 -31.2326 1.04055 1.2 3 0 0
1 51811 -9.42377 -42.8365 -28.2701 1.12845 1.2 3 0 0
1 51812 -9.85534 -44.2594 -31.365 0.835042 1.2 3 0 0
1 51813 -9.16241 -40.1867 -30.5924 1.5 1.2 3 0 0
1 51814 -10.3026 -40.2504 -28.6177 0.778344 1.2 3 0 0
1 51815 -7.02184 -41.9332 -30.6871 0.449364 1.2 3 0 0
1 51816 -6.44587 -42.4986 -29.5337 0.956791 1.2 3 0 0
1 51817 -8.12286 -42.4823 -31.7759 1.18611 1.2 3 0 0
1 51818 -7.40724 -45.0868 -27.318 1.22289 1.2 3 0 0
1 51819 -5.07138 -44.6387 -29.136 1.45162 1.2 3 0 0
1 51821 -7.99738 -44.382 -29.8811 1.5 1.2 3 0 0
1 51822 -4.60605 -47.0811 -27.5454 1.5 1.2 3 0 0
1 51823 -3.0089 -41.9381 -31.0626 1.00646 1.2 3 0 0
1 51824 -5.10433 -38.5594 -32.2575 1.5 1.2 3 0 0
1 51825 -7.03343 -38.4594 -32.9239 0.541815 1.2 3 0 0
1 51826 -4.22771 -41.4474 -30.2889 0.473224 1.2 3 0 0
1 51827 -4.57757 -40.107 -30.7833 0.701318 1.2 3 0 0
1 51828 -4.20922 -40.7145 -33.829 0.978226 1.2 3 0 0
1 51829 -3.90592 -39.0788 -34.0336 0.697863 1.2 3 0 0
1 51830 -3.00102 -41.1313 -34.7323 0.58652 1.2 3 0 0
1 51831 -2.86478 -39.2564 -34.857 0.515441 1.2 3 0 0
1 51858 -0.199276 -37.3861 -34.9444 1.04689 1.2 3 0 0
1 51862 -1.53633 -40.7063 -34.3713 0.980737 1.2 3 0 0
1 52558 0.742995 -32.9273 -31.9174 1.5 1.2 3 0 0
1 52564 -2.39498 -33.5243 -31.6595 1.5 1.2 3 0 0
1 52565 -4.32195 -34.3652 -30.775 0.774569 1.2 3 0 0
1 52566 -4.77375 -36.0582 -33.2218 0.617949 1.2 3 0 0
1 52567 -4.21608 -35.6425 -32.8453 0.170288 1.2 3 0 0
1 52568 -2.32821 -35.6564 -30.9768 0.505244 1.2 3 0 0
1 52569 -4.27361 -36.186 -30.6627 0.433596 1.2 3 0 0
1 52570 -3.28441 -35.2017 -30.7564 0.557742 1.2 3 0 0
1 52571 -3.43005 -36.3954 -32.0315 1.18784 1.2 3 0 0
1 52572 -4.22846 -34.5848 -32.7673 0.890308 1.2 3 0 0
1 52573 -4.0617 -33.1133 -32.8516 0.589986 1.2 3 0 0
1 52574 -4.5518 -32.9459 -31.6624 0.707126 1.2 3 0 0
1 52575 -0.992639 -32.293 -30.4075 0.747226 1.2 3 0 0
1 52576 -3.99864 -32.3808 -30.1607 0.954091 1.2 3 0 0
1 52577 -0.924813 -29.7806 -29.2157 0.646726 1.2 3 0 0
1 52578 -3.21776 -31.0849 -30.1537 0.23279 1.2 3 0 0
1 52579 -1.83579 -32.8676 -30.0148 0.3404 1.2 3 0 0
1 52581 -2.43199 -31.8556 -33.106 0.708647 1.2 3 0 0
1 52582 0.294234 -35.7537 -33.0483 1.5 1.2 3 0 0
1 52583 -0.957416 -32.9705 -33.6547 0.9314 1.2 3 0 0
1 52584 -1.98575 -35.9787 -32.8873 0.541936 1.2 3 0 0
1 52585 -2.33957 -35.263 -32.4009 0.391031 1.2 3 0 0
1 52586 -1.81409 -34.7041 -33.7328 0.949729 1.2 3 0 0
1 52587 -3.08044 -35.7351 -33.7444 0.680961 1.2 3 0 0
1 52589 -1.16484 -35.3685 -31.4003 0.731954 1.2 3 0 0
1 52590 -1.51825 -35.093 -32.4593 0.414357 1.2 3 0 0
1 52593 -1.74703 -36.4534 -34.3157 0.859503 1.2 3 0 0
1 52598 -7.05586 -20.8295 -25.9224 1.5 1.2 3 0 0
1 52604 -6.31859 -21.8889 -27.4432 0.494732 1.2 3 0 0
1 52605 -5.80705 -21.8933 -29.1537 0.556536 1.2 3 0 0
1 52606 -6.56114 -23.2163 -28.3833 1.14555 1.2 3 0 0
1 52610 -10.8628 -25.8012 -26.3925 1.5 1.2 3 0 0
1 52613 -12.8107 -24.0384 -26.437 1.12747 1.2 3 0 0
1 52618 -12.5918 -25.4008 -27.4929 0.588212 1.2 3 0 0
1 52619 -11.551 -27.3441 -28.2402 0.668879 1.2 3 0 0
1 52621 -10.1179 -20.7405 -25.8922 1.5 1.2 3 0 0
1 52622 -8.54388 -20.2687 -27.3793 0.650402 1.2 3 0 0
1 52630 -9.14269 -23.2163 -28.3167 0.442156 1.2 3 0 0
1 52631 -8.54936 -21.9175 -27.59 0.977513 1.2 3 0 0
1 52633 -10.0788 -23.9096 -27.6519 0.899094 1.2 3 0 0
1 52635 -6.76342 -27.6229 -27.1085 0.700114 1.2 3 0 0
1 52637 -8.48159 -26.5638 -27.5751 1.26406 1.2 3 0 0
1 52638 -9.20652 -28.5061 -26.9864 0.882169 1.2 3 0 0
1 52639 -9.28334 -25.0262 -27.6078 0.470357 1.2 3 0 0
1 52643 -8.05727 -23.9943 -26.332 1.5 1.2 3 0 0
1 52644 -6.86963 -24.4833 -29.487 0.554186 1.2 3 0 0
1 52645 -8.07396 -24.6997 -28.6473 0.920492 1.2 3 0 0
1 52646 -7.8093 -26.5318 -29.4528 0.704997 1.2 3 0 0
1 52647 -5.90866 -25.8184 -28.2567 1.5 1.2 3 0 0
1 52651 0.060598 -21.9228 -30.338 1.5 1.2 3 0 0
1 52660 -3.35445 -25.5178 -27.5322 1.09386 1.2 3 0 0
1 52661 -3.09338 -25.8934 -29.0269 0.464412 1.2 3 0 0
1 52662 -1.87469 -26.0819 -28.6453 0.826363 1.2 3 0 0
1 52663 -6.57086 -27.0443 -30.0142 0.742651 1.2 3 0 0
1 52664 -4.05685 -25.2174 -29.745 0.914312 1.2 3 0 0
1 52665 -5.43693 -24.391 -29.8632 0.698609 1.2 3 0 0
1 52667 -5.39525 -28.0923 -27.8726 0.84255 1.2 3 0 0
1 52668 -3.65282 -27.4987 -28.2332 1.02848 1.2 3 0 0
1 52669 -3.67088 -28.0436 -31.4633 0.644339 1.2 3 0 0
1 52670 -4.66186 -27.2108 -30.1744 1.1778 1.2 3 0 0
1 52671 -3.75882 -28.3887 -29.6815 0.360637 1.2 3 0 0
1 52672 -0.431329 -25.2471 -28.1118 0.92429 1.2 3 0 0
1 52674 -2.10913 -23.7763 -29.0622 1.5 1.2 3 0 0
1 52675 -0.908968 -23.9962 -27.3395 0.611026 1.2 3 0 0
1 52676 -4.34395 -24.2735 -28.4081 0.704105 1.2 3 0 0
1 52677 -4.42636 -22.6198 -26.9391 1.5 1.2 3 0 0
1 52678 -4.17494 -21.4095 -28.8411 0.637285 1.2 3 0 0
1 52679 -4.5518 -22.9128 -29.3856 0.967229 1.2 3 0 0
1 52683 -3.98482 -23.671 -30.5944 0.195238 1.2 3 0 0
1 52684 -1.7527 -22.6084 -31.006 0.525531 1.2 3 0 0
1 52685 -3.3839 -24.2187 -30.704 0.625162 1.2 3 0 0
1 52686 -0.995218 -28.2388 -32.1003 0.639525 1.2 3 0 0
1 52687 -1.50076 -27.007 -32.045 0.606665 1.2 3 0 0
1 52689 -2.50687 -27.8644 -32.0738 0.462274 1.2 3 0 0
1 52691 -0.984783 -27.3002 -28.3038 0.677558 1.2 3 0 0
1 52692 -0.58197 -26.0109 -29.5865 0.737233 1.2 3 0 0
1 52693 -0.558847 -25.621 -31.3439 1.0631 1.2 3 0 0
1 52694 -1.35217 -23.8307 -31.2159 0.774208 1.2 3 0 0
1 52695 -2.534 -25.597 -30.8317 0.974966 1.2 3 0 0
1 52696 -6.38719 -29.9734 -29.8373 0.336976 1.2 3 0 0
1 52697 -7.40131 -28.797 -28.8564 1.5 1.2 3 0 0
1 52698 -5.65234 -29.8521 -28.3732 0.598928 1.2 3 0 0
1 52699 -8.72455 -31.2152 -29.5937 1.33013 1.2 3 0 0
1 52700 -6.4605 -32.77 -30.5574 1.5 1.2 3 0 0
1 52701 -7.91984 -32.888 -28.9907 0.536932 1.2 3 0 0
1 52702 -6.51418 -30.9945 -28.9771 0.869391 1.2 3 0 0
1 52703 -7.65217 -30.6815 -28.1409 0.521669 1.2 3 0 0
1 52704 -7.06428 -30.3952 -30.652 0.802701 1.2 3 0 0
1 52705 -5.94644 -30.8915 -31.4982 0.615285 1.2 3 0 0
1 52706 -13.051 -32.7123 -29.4299 0.64981 1.2 3 0 0
1 52707 -11.226 -32.0167 -28.8893 1.3505 1.2 3 0 0
1 52708 -11.6366 -33.2446 -27.5816 0.481203 1.2 3 0 0
1 52709 -12.5158 -30.6866 -28.7532 0.503098 1.2 3 0 0
1 52710 -13.3875 -30.3536 -28.8738 0.403596 1.2 3 0 0
1 52714 -12.5609 -35.3972 -30.2287 0.623001 1.2 3 0 0
1 52715 -10.9454 -34.9373 -28.6606 0.739604 1.2 3 0 0
1 52716 -11.708 -33.8434 -30.0135 0.777339 1.2 3 0 0
1 52717 -10.2424 -29.9022 -29.522 0.629785 1.2 3 0 0
1 52718 -9.26027 -29.2271 -29.6856 0.573233 1.2 3 0 0
1 52719 -11.0177 -28.0226 -28.8663 0.373649 1.2 3 0 0
1 52720 -11.3739 -29.4336 -27.6862 1.5 1.2 3 0 0
1 52721 -7.64271 -37.5786 -32.2833 0.700106 1.2 3 0 0
1 52722 -5.97996 -35.7602 -31.4667 1.5 1.2 3 0 0
1 52723 -7.98652 -36.0457 -31.9096 0.574607 1.2 3 0 0
1 52724 -11.2893 -37.0375 -29.7498 1.5 1.2 3 0 0
1 52725 -9.5502 -37.8688 -31.2659 0.944766 1.2 3 0 0
1 52726 -9.906 -35.7758 -30.1089 0.404756 1.2 3 0 0
1 52727 -9.5397 -35.6245 -31.2681 0.517771 1.2 3 0 0
1 52728 -9.38091 -33.9538 -29.928 1.5 1.2 3 0 0
1 52729 -8.44012 -36.3972 -30.2809 1.14196 1.2 3 0 0
1 52730 -7.86523 -34.5515 -31.4709 0.734049 1.2 3 0 0
1 52731 -8.17147 -33.3562 -31.3869 0.487063 1.2 3 0 0
1 52745 0.444093 -11.7955 -26.3559 1.5 1.2 3 0 0
1 52753 -0.184875 -13.3881 -28.152 0.920322 1.2 3 0 0
1 52765 0.589111 -7.6543 -25.6157 1.5 1.2 3 0 0
1 52779 -3.81503 -15.9784 -25.9306 1.5 1.2 3 0 0
1 52785 -2.86444 -14.632 -27.6782 0.881225 1.2 3 0 0
1 52796 -8.45124 -18.5991 -26.2352 1.14945 1.2 3 0 0
1 52797 -7.40283 -19.4034 -27.5276 0.647912 1.2 3 0 0
1 52807 -7.22908 -16.3244 -25.6168 1.5 1.2 3 0 0
1 52810 -3.23457 -19.3405 -27.2221 1.5 1.2 3 0 0
1 52814 -6.01839 -18.3292 -27.2259 1.12862 1.2 3 0 0
1 52854 -3.43161 -13.1642 -26.6417 0.988745 1.2 3 0 0
1 52875 -2.37667 -20.9285 -29.3544 1.29365 1.2 3 0 0
1 52876 -2.75868 -18.9755 -29.314 0.662193 1.2 3 0 0
1 52877 -0.986564 -20.0432 -30.3843 0.649799 1.2 3 0 0
1 52878 -1.47453 -19.1196 -29.8637 0.517305 1.2 3 0 0
1 52879 -0.610261 -21.4773 -27.6282 1.19125 1.2 3 0 0
1 52881 -0.344556 -18.0713 -26.7936 0.989944 1.2 3 0 0
1 52886 -0.895277 -15.0151 -26.3936 1.5 1.2 3 0 0
1 52887 -1.90482 -16.9893 -28.2288 1.37833 1.2 3 0 0
1 52891 -0.694605 -15.1065 -28.733 0.838691 1.2 3 0 0
1 59177 -9.85508 -45.3245 -27.9723 1.32201 1.2 3 0 0
1 59181 -13.0657 -45.3965 -27.1828 0.723688 1.2 3 0 0
1 59182 -12.2354 -44.4843 -28.4961 0.634231 1.2 3 0 0
1 59186 -11.1738 -46.4436 -25.6173 1.5 1.2 3 0 0
1 59192 -11.7721 -43.8802 -26.6846 1.33078 1.2 3 0 0
1 59195 -10.0665 -46.2222 -30.4696 1.33094 1.2 3 0 0
1 59198 -12.645 -46.53 -29.0568 1.5 1.2 3 0 0
1 59202 -10.3318 -44.164 -29.7446 0.848527 1.2 3 0 0
1 59203 -12.5399 -43.6476 -30.1528 0.175601 1.2 3 0 0
1 59204 -11.975 -44.4907 -30.7102 0.9822 1.2 3 0 0
1 59205 -11.1167 -43.6442 -31.5564 0.464669 1.2 3 0 0
1 59682 -14.4535 -27.312 -27.4509 0.470089 1.2 3 0 0
1 59683 -14.0642 -28.4467 -27.9494 0.435974 1.2 3 0 0
1 59685 -13.7459 -29.6082 -28.1039 0.726411 1.2 3 0 0
1 59689 -18.2638 -35.1896 -27.6589 0.650623 1.2 3 0 0
1 59691 -19.605 -34.4556 -27.3347 0.774505 1.2 3 0 0
1 59697 -14.3538 -34.9982 -26.8681 0.767299 1.2 3 0 0
1 59698 -14.3538 -33.7852 -27.4668 0.567921 1.2 3 0 0
1 59712 -21.0106 -41.6456 -27.796 0.970307 1.2 3 0 0
1 59714 -22.8641 -45.4144 -26.7427 0.819048 1.2 3 0 0
1 59740 -16.2716 -35.843 -29.0612 0.64872 1.2 3 0 0
1 59741 -17.4451 -39.9419 -29.2545 0.990823 1.2 3 0 0
1 59742 -12.714 -39.8746 -27.8175 1.04404 1.2 3 0 0
1 59747 -15.1895 -41.4665 -30.6491 0.370908 1.2 3 0 0
1 59748 -16.0015 -40.9314 -29.9883 0.729529 1.2 3 0 0
1 59749 -15.0454 -41.2865 -29.4756 0.355283 1.2 3 0 0
1 61029 -2.28105 -44.5679 -29.4443 0.866154 1.2 3 0 0
1 61032 -1.73246 -45.641 -34.001 1.5 1.2 3 0 0
1 61033 -4.14224 -45.2016 -33.5037 0.9367 1.2 3 0 0
1 61034 -3.33105 -44.3343 -34.395 0.546398 1.2 3 0 0
1 61035 -8.74113 -39.2856 -32.3477 0.510897 1.2 3 0 0
1 61036 -8.48291 -38.374 -32.0831 0.472924 1.2 3 0 0
1 61037 -7.18195 -38.3187 -30.6985 1.10863 1.2 3 0 0
1 61038 -6.76191 -40.685 -30.1744 0.924793 1.2 3 0 0
1 61039 -7.03304 -41.3295 -32.9223 0.530195 1.2 3 0 0
1 61040 -8.49697 -40.9239 -32.3995 0.522431 1.2 3 0 0
1 61041 -7.78643 -40.9923 -31.5698 0.355212 1.2 3 0 0
1 61042 -8.29497 -41.1287 -31.7311 0.179073 1.2 3 0 0
1 61043 -9.31876 -42.5935 -29.949 0.571191 1.2 3 0 0
1 61044 -8.01748 -41.7023 -29.164 0.843416 1.2 3 0 0
1 61045 -9.14155 -38.0799 -29.5962 0.772244 1.2 3 0 0
1 61046 -10.6544 -38.8681 -31.4001 0.550074 1.2 3 0 0
1 61047 -9.70723 -40.5311 -32.2631 0.289043 1.2 3 0 0
1 61048 -10.8605 -40.9382 -31.541 0.58524 1.2 3 0 0
1 61049 -8.00522 -44.2933 -32.0973 0.585736 1.2 3 0 0
1 61050 -8.78558 -43.87 -31.7023 0.352302 1.2 3 0 0
1 61053 -6.79999 -43.5214 -28.3037 0.659251 1.2 3 0 0
1 61054 -5.8915 -43.1515 -28.5545 0.343571 1.2 3 0 0
1 61055 -6.37512 -44.3915 -30.411 0.205824 1.2 3 0 0
1 61071 -7.46398 -47.3152 -30.6915 1.5 1.2 3 0 0
1 61075 -8.32868 -45.5308 -31.7691 0.734732 1.2 3 0 0
1 61078 -2.72545 -39.2895 -31.3698 0.658112 1.2 3 0 0
1 61079 -1.67652 -40.7319 -31.9712 0.979356 1.2 3 0 0
1 61080 -2.54047 -40.0726 -32.614 0.26377 1.2 3 0 0
1 61081 -3.52635 -40.4126 -32.0958 0.90071 1.2 3 0 0
1 61082 -3.80181 -41.5041 -32.7668 0.406648 1.2 3 0 0
1 61083 -2.77823 -41.3585 -32.2418 0.314057 1.2 3 0 0
1 61084 -2.75367 -41.0777 -31.8049 0.158197 1.2 3 0 0
1 61085 -6.1161 -40.0838 -31.458 0.436197 1.2 3 0 0
1 61086 -6.58551 -37.8138 -32.8203 0.250777 1.2 3 0 0
1 61087 -5.99447 -38.2849 -30.1173 0.213897 1.2 3 0 0
1 61088 -5.75552 -39.6503 -30.5698 0.571816 1.2 3 0 0
1 61089 -3.70102 -38.9251 -30.9248 0.469593 1.2 3 0 0
1 61090 -3.11781 -38.0094 -31.2476 0.622358 1.2 3 0 0
1 61091 -5.23029 -41.5527 -29.8886 0.453806 1.2 3 0 0
1 61092 -5.41495 -41.8665 -31.8082 1.5 1.2 3 0 0
1 61164 -1.84731 -46.8996 -28.0159 1.30446 1.2 3 0 0
1 61173 -0.012253 -46.0321 -30.0219 1.5 1.2 3 0 0
1 61225 0.56516 -40.3802 -32.9704 1.5 1.2 3 0 0
1 61228 -1.80125 -41.8421 -35.2948 0.505789 1.2 3 0 0
1 61229 -1.30389 -39.2682 -35.2051 0.696711 1.2 3 0 0
1 61230 -1.92019 -38.5393 -33.2264 1.5 1.2 3 0 0
1 61231 -0.973016 -37.1065 -31.769 0.74667 1.2 3 0 0
1 61237 0.751222 -43.8992 -33.4447 1.5 1.2 3 0 0
1 61238 -0.94075 -42.9478 -35.2536 0.89585 1.2 3 0 0
1 61239 -1.65745 -44.1575 -35.3052 0.476665 1.2 3 0 0
1 63943 -1.08227 -30.5324 -31.9532 1.5 1.2 3 0 0
1 63945 -3.01999 -31.0876 -30.8427 0.483876 1.2 3 0 0
1 63946 -2.96567 -30.3208 -31.4068 0.467992 1.2 3 0 0
1 63947 -4.56309 -29.9925 -30.1744 1.5 1.2 3 0 0
1 63948 -5.01079 -30.6439 -31.9693 0.461092 1.2 3 0 0
1 63949 -2.92178 -29.1753 -31.9157 0.786264 1.2 3 0 0
1 63950 -3.74531 -31.4715 -32.0737 0.99177 1.2 3 0 0
1 63951 -4.07522 -29.9551 -32.1119 0.496702 1.2 3 0 0
1 63952 -3.17686 -30.2371 -28.8517 0.427172 1.2 3 0 0
1 63953 -2.18778 -30.6261 -29.7507 0.964578 1.2 3 0 0
1 63956 -11.6669 -24.4027 -27.5865 0.507002 1.2 3 0 0
1 63958 -12.96 -27.0782 -27.2414 1.05485 1.2 3 0 0
1 63960 -11.5908 -23.2388 -27.2992 0.563455 1.2 3 0 0
1 63966 -1.84369 -22.2789 -30.1744 0.373643 1.2 3 0 0
1 63967 -1.52766 -22.2071 -29.608 0.260162 1.2 3 0 0
1 63968 -6.39055 -29.0837 -30.7483 0.620119 1.2 3 0 0
1 63969 -6.04317 -28.1714 -30.1901 0.503675 1.2 3 0 0
1 63975 -4.42287 -14.41 -27.2422 0.632957 1.2 3 0 0
1 63978 -5.86051 -15.9937 -27.2077 0.624245 1.2 3 0 0
1 63979 -4.29429 -17.3053 -27.9235 0.899416 1.2 3 0 0
1 63985 -1.6345 -12.7684 -27.1841 0.929591 1.2 3 0 0
