# SphereID Center[X Y Z] Radius Density Region Score Weight
LeafCount 32062
NodeCount 32062
1 13690 21.4467 -56.9534 4.176 0.940058 1.2 1 0 0
1 13691 22.5376 -57.1843 5.07856 0.494485 1.2 1 0 0
1 13703 23.9353 -59.7443 0.616147 0.472406 1.2 1 0 0
1 13707 21.1191 -55.8293 -0.07918 1.5 1.2 1 0 0
1 13826 28.708 -58.0186 15.4609 0.35607 1.2 1 0 0
1 13831 22.6618 -54.0324 12.8284 1.5 1.2 1 0 0
1 13839 28.9683 -57.2241 8.95221 0.568727 1.2 1 0 0
1 13841 24.7376 -55.5638 9.22873 1.5 1.2 1 0 0
1 13843 25.4633 -55.9258 12.7642 1.5 1.2 1 0 0
1 13844 25.4088 -56.59 10.8459 0.525362 1.2 1 0 0
1 13845 24.1611 -56.1929 11.1296 0.583631 1.2 1 0 0
1 13858 21.0239 -56.5988 14.1946 1.5 1.2 1 0 0
1 13865 23.0331 -55.3415 21.17 1.03334 1.2 1 0 0
1 13866 23.7263 -57.2673 22.96 1.5 1.2 1 0 0
1 13867 22.4681 -57.1739 21.2549 0.621151 1.2 1 0 0
1 13868 22.081 -57.6644 22.2016 0.353562 1.2 1 0 0
1 13869 21.3193 -54.8193 22.5556 1.23159 1.2 1 0 0
1 13870 20.4749 -58.5722 23.6281 0.818609 1.2 1 0 0
1 13876 24.1161 -57.5725 21.3747 0.160002 1.2 1 0 0
1 13878 24.6609 -54.5455 19.7075 1.27597 1.2 1 0 0
1 13880 29.0472 -60.6009 13.7936 0.676708 1.2 1 0 0
1 13881 28.458 -61.5315 12.9927 0.681388 1.2 1 0 0
1 13882 24.6923 -60.3121 13.1174 0.777601 1.2 1 0 0
1 13883 28.2565 -59.4535 18.2096 0.665816 1.2 1 0 0
1 13884 27.3144 -61.5977 11.3724 1.16934 1.2 1 0 0
1 13885 26.9466 -59.5511 11.2396 0.890859 1.2 1 0 0
1 13886 21.6762 -61.1561 12.6593 1.5 1.2 1 0 0
1 13887 21.7134 -63.5282 14.3288 1.40091 1.2 1 0 0
1 13888 20.0114 -59.2217 9.50792 1.4352 1.2 1 0 0
1 13889 20.757 -62.0483 19.2044 0.931108 1.2 1 0 0
1 13890 21.4424 -61.6479 16.6623 1.5 1.2 1 0 0
1 13891 22.4057 -62.8963 18.6176 1.01064 1.2 1 0 0
1 13892 21.7689 -57.8614 17.2468 1.5 1.2 1 0 0
1 13893 23.2704 -56.1369 10.399 0.462261 1.2 1 0 0
1 13894 25.6396 -57.101 6.49356 1.5 1.2 1 0 0
1 13895 22.84 -58.1743 6.65108 1.29722 1.2 1 0 0
1 13929 24.9816 -55.8977 4.63683 0.775707 1.2 1 0 0
1 13935 26.5778 -56.5037 2.57977 1.5 1.2 1 0 0
1 13936 31.4111 -54.2328 5.69782 1.43216 1.2 1 0 0
1 13938 31.2256 -56.3901 5.62079 0.695153 1.2 1 0 0
1 13942 26.6142 -55.712 4.82154 0.877726 1.2 1 0 0
1 13943 27.9878 -56.6607 7.69173 1.12469 1.2 1 0 0
1 13944 29.4301 -58.6108 7.62796 1.25372 1.2 1 0 0
1 13945 29.0569 -58.7481 4.62711 0.355315 1.2 1 0 0
1 13946 27.0186 -58.3525 4.57978 1.11689 1.2 1 0 0
1 13947 29.1462 -57.0419 5.35686 1.5 1.2 1 0 0
1 13949 26.4764 -58.3686 0.15487 1.5 1.2 1 0 0
1 13950 26.3625 -60.5143 -1.39614 0.820024 1.2 1 0 0
1 13951 28.1252 -57.5511 -0.744109 0.508338 1.2 1 0 0
1 13952 26.7121 -56.086 0.299405 0.795905 1.2 1 0 0
1 13953 27.7216 -57.651 -1.29534 0.180034 1.2 1 0 0
1 13954 29.086 -56.1844 0.469715 1.5 1.2 1 0 0
1 13955 27.1819 -54.3792 -0.903061 1.3441 1.2 1 0 0
1 20209 28.2958 -57.9596 -5.72272 0.741902 1.2 1 0 0
1 20210 28.1178 -57.2179 -10.2203 1.5 1.2 1 0 0
1 20211 26.3238 -60.6957 -10.3238 1.5 1.2 1 0 0
1 20212 24.4841 -57.0351 -7.81274 0.119053 1.2 1 0 0
1 20213 24.9035 -57.5681 -9.52565 1.33845 1.2 1 0 0
1 20214 24.2416 -60.7192 -9.24177 0.844439 1.2 1 0 0
1 20217 26.7561 -61.5845 -2.64749 0.382431 1.2 1 0 0
1 20219 22.3671 -61.0631 -1.17403 -0.0196748 1.2 1 0 0
1 20220 25.8678 -63.6855 -6.60208 0.430133 1.2 1 0 0
1 20221 27.8976 -60.6408 -9.29486 0.381134 1.2 1 0 0
1 20222 29.8139 -62.5134 -7.15489 0.649037 1.2 1 0 0
1 20223 27.7416 -62.9344 -7.20605 1.46622 1.2 1 0 0
1 20240 26.021 -55.6876 -10.3597 0.907306 1.2 1 0 0
1 20254 31.224 -55.3415 -10.6964 1.0305 1.2 1 0 0
1 20291 24.39 -63.2174 -9.38209 1.16242 1.2 1 0 0
1 22870 23.6497 -57.7457 4.90904 0.23169 1.2 1 0 0
1 22871 23.5494 -57.0931 5.33005 0.551406 1.2 1 0 0
1 22872 22.9436 -55.1313 5.31673 1.5 1.2 1 0 0
1 22886 20.313 -56.9299 6.33654 1.5 1.2 1 0 0
1 22887 19.5421 -54.4837 7.93483 1.5 1.2 1 0 0
1 22891 19.9861 -55.3415 3.06041 1.5 1.2 1 0 0
1 22914 23.7011 -57.1875 3.26635 1.5 1.2 1 0 0
1 22915 22.8843 -56.7291 -1.22333 0.624236 1.2 1 0 0
1 22916 22.5155 -56.6542 1.96281 0.338987 1.2 1 0 0
1 22917 22.6893 -55.3071 1.86688 1.02266 1.2 1 0 0
1 22918 22.5713 -58.5537 0.435067 0.981825 1.2 1 0 0
1 22919 22.6902 -56.805 -0.231578 0.343644 1.2 1 0 0
1 22931 21.3353 -57.3588 1.95086 0.972698 1.2 1 0 0
1 23107 29.7502 -58.0967 14.5323 1.04193 1.2 1 0 0
1 23108 29.8986 -57.3476 15.9146 0.480406 1.2 1 0 0
1 23109 29.6482 -58.7744 15.8955 0.476624 1.2 1 0 0
1 23110 27.8542 -56.4527 14.937 1.5 1.2 1 0 0
1 23111 26.5148 -57.6626 16.0361 0.613327 1.2 1 0 0
1 23112 27.7556 -56.7262 16.8066 0.392145 1.2 1 0 0
1 23114 30.1878 -56.6195 16.6574 0.599145 1.2 1 0 0
1 23115 29.2249 -56.7681 16.2224 0.405404 1.2 1 0 0
1 23116 28.6697 -58.0695 17.045 1.18939 1.2 1 0 0
1 23119 28.7469 -55.3415 17.5211 1.45115 1.2 1 0 0
1 23121 30.4075 -55.3832 15.2513 1.28599 1.2 1 0 0
1 23123 30.8976 -56.76 13.6793 0.80853 1.2 1 0 0
1 23124 30.9008 -57.0102 12.1976 0.688919 1.2 1 0 0
1 23125 30.8145 -57.433 12.956 0.182948 1.2 1 0 0
1 23128 29.5006 -56.5238 13.5502 0.517457 1.2 1 0 0
1 23129 28.5759 -57.6117 12.6019 1.19654 1.2 1 0 0
1 23130 30.175 -54.9507 12.4057 1.5 1.2 1 0 0
1 23175 23.4661 -56.0168 14.3391 1.00145 1.2 1 0 0
1 23176 25.1567 -56.219 15.346 0.751871 1.2 1 0 0
1 23177 23.7276 -55.0419 16.6278 1.5 1.2 1 0 0
1 23178 26.1995 -56.1817 17.2859 1.23512 1.2 1 0 0
1 23183 30.1137 -58.0272 10.4531 1.47834 1.2 1 0 0
1 23184 27.3019 -57.0814 10.1901 1.5 1.2 1 0 0
1 23187 29.1781 -56.0728 10.784 0.709626 1.2 1 0 0
1 23188 28.8649 -56.9596 11.1987 0.318236 1.2 1 0 0
1 23192 22.0485 -54.8951 9.04885 1.27348 1.2 1 0 0
1 23278 20.1893 -57.7579 19.2721 0.906547 1.2 1 0 0
1 23284 20.0937 -55.2017 17.1615 1.14754 1.2 1 0 0
1 23297 19.9192 -59.9901 20.1902 1.5 1.2 1 0 0
1 23305 19.6109 -58.5475 15.528 1.25025 1.2 1 0 0
1 23337 20.0792 -55.8867 11.0547 1.5 1.2 1 0 0
1 23370 20.3777 -57.2313 21.6127 1.5 1.2 1 0 0
1 23372 21.5789 -55.6966 19.1972 1.42003 1.2 1 0 0
1 23373 25.4241 -56.0107 23.9463 0.745666 1.2 1 0 0
1 23374 23.8859 -55.4146 24.7829 1.10403 1.2 1 0 0
1 23375 20.397 -56.4035 24.5891 1.5 1.2 1 0 0
1 23379 22.6216 -56.7932 24.9012 0.770338 1.2 1 0 0
1 23382 21.9669 -59.2047 22.5266 1.14081 1.2 1 0 0
1 23383 23.3049 -60.3774 21.8693 0.693208 1.2 1 0 0
1 23387 21.5298 -61.1599 21.1045 0.662782 1.2 1 0 0
1 23420 28.3321 -58.0186 18.8766 0.673831 1.2 1 0 0
1 23421 29.0601 -56.8599 18.9286 0.634051 1.2 1 0 0
1 23422 28.0595 -57.0392 18.2587 0.513627 1.2 1 0 0
1 23423 25.8614 -57.8844 18.6775 0.747789 1.2 1 0 0
1 23424 24.9384 -59.072 18.8015 0.756636 1.2 1 0 0
1 23425 27.1517 -56.5724 19.9944 1.5 1.2 1 0 0
1 23426 28.3762 -57.15 20.9782 0.173518 1.2 1 0 0
1 23427 27.2407 -59.1109 19.5002 0.991391 1.2 1 0 0
1 23428 26.7082 -57.8032 18.9792 0.154892 1.2 1 0 0
1 23429 23.2464 -56.6151 17.7707 0.502729 1.2 1 0 0
1 23430 24.9771 -57.04 18.0785 0.452854 1.2 1 0 0
1 23431 23.5102 -57.7032 17.9726 0.392033 1.2 1 0 0
1 23434 22.7562 -56.831 18.4376 0.35097 1.2 1 0 0
1 23435 23.9912 -57.25 19.7511 1.5 1.2 1 0 0
1 23436 25.7693 -55.3415 22.1168 1.23099 1.2 1 0 0
1 23437 26.0148 -57.1939 22.8178 0.764792 1.2 1 0 0
1 23438 26.8981 -57.65 21.8176 0.611709 1.2 1 0 0
1 23439 25.4685 -58.7503 21.4835 1.22298 1.2 1 0 0
1 23440 23.4693 -59.0832 21.2356 0.749257 1.2 1 0 0
1 23441 24.7416 -60.5438 21.2069 0.715299 1.2 1 0 0
1 23442 25.3739 -56.9804 21.537 0.550279 1.2 1 0 0
1 23446 26.9432 -60.0806 13.5916 1.5 1.2 1 0 0
1 23447 27.1734 -62.541 13.8503 0.868387 1.2 1 0 0
1 23448 29.1417 -59.8914 12.0758 1.17711 1.2 1 0 0
1 23449 28.0808 -58.9813 12.793 0.272081 1.2 1 0 0
1 23450 26.5801 -58.0186 13.7775 0.6019 1.2 1 0 0
1 23451 25.8301 -57.4863 14.8186 0.775865 1.2 1 0 0
1 23452 25.2226 -60.2608 15.1942 0.855946 1.2 1 0 0
1 23453 25.5133 -58.7027 15.3843 0.589628 1.2 1 0 0
1 23454 26.4074 -58.1188 12.2439 0.93968 1.2 1 0 0
1 23455 25.4901 -57.6835 12.7399 0.190268 1.2 1 0 0
1 23456 25.2826 -58.9003 12.9906 0.620281 1.2 1 0 0
1 23457 29.1772 -59.3783 16.302 0.390455 1.2 1 0 0
1 23458 28.4409 -60.2751 16.3624 0.763929 1.2 1 0 0
1 23459 27.1829 -61.6965 15.719 1.1823 1.2 1 0 0
1 23460 26.4301 -60.3992 15.3505 0.359773 1.2 1 0 0
1 23461 29.0494 -60.1721 15.0636 0.65848 1.2 1 0 0
1 23462 28.03 -59.0282 15.3789 0.836441 1.2 1 0 0
1 23463 29.3301 -60.1167 10.0906 0.782479 1.2 1 0 0
1 23464 28.3236 -59.1641 10.6197 0.643653 1.2 1 0 0
1 23465 25.4451 -61.5391 12.7183 0.610012 1.2 1 0 0
1 23466 26.1042 -62.9057 12.442 0.90908 1.2 1 0 0
1 23467 25.4894 -62.776 10.9329 0.675298 1.2 1 0 0
1 23468 26.4946 -62.9169 11.2194 0.373365 1.2 1 0 0
1 23469 23.3184 -59.559 12.1025 0.765279 1.2 1 0 0
1 23470 22.4773 -59.4582 12.9746 0.403696 1.2 1 0 0
1 23471 23.6139 -58.6988 14.3131 1.5 1.2 1 0 0
1 23472 21.3281 -59.6196 14.6544 0.954596 1.2 1 0 0
1 23473 22.9251 -62.41 13.5144 0.438017 1.2 1 0 0
1 23474 23.8998 -62.9785 11.9407 1.19149 1.2 1 0 0
1 23475 23.3456 -61.4324 11.8148 0.391169 1.2 1 0 0
1 23476 22.2329 -62.5978 10.9795 0.760413 1.2 1 0 0
1 23489 21.0045 -61.5925 14.6007 0.600164 1.2 1 0 0
1 23491 18.9614 -61.1389 14.8192 1.5 1.2 1 0 0
1 23493 21.3495 -63.2338 12.263 0.640229 1.2 1 0 0
1 23494 21.6597 -58.5977 11.9342 1.15925 1.2 1 0 0
1 23495 21.2501 -59.861 11.0023 0.462992 1.2 1 0 0
1 23498 20.8436 -59.2767 13.2701 0.547155 1.2 1 0 0
1 23500 22.645 -57.2961 13.2526 0.496806 1.2 1 0 0
1 23501 26.7818 -61.691 17.7438 0.795905 1.2 1 0 0
1 23502 26.5721 -62.7786 17.0252 0.494 1.2 1 0 0
1 23503 25.8232 -61.3239 16.6477 0.448227 1.2 1 0 0
1 23504 26.1442 -62.1455 18.7424 0.470368 1.2 1 0 0
1 23505 24.6532 -62.6023 17.5379 1.5 1.2 1 0 0
1 23506 25.7727 -60.6957 19.4186 1.17035 1.2 1 0 0
1 23507 26.4022 -59.5147 17.0922 1.5 1.2 1 0 0
1 23508 25.2541 -59.8649 18.3788 0.183317 1.2 1 0 0
1 23509 24.6161 -60.2137 18.2254 0.559878 1.2 1 0 0
1 23510 24.6438 -62.4277 14.4694 1.5 1.2 1 0 0
1 23511 26.0702 -63.3349 15.9632 0.741506 1.2 1 0 0
1 23512 25.733 -62.2344 16.0361 0.385985 1.2 1 0 0
1 23513 21.3501 -60.1391 18.3484 0.764467 1.2 1 0 0
1 23515 20.716 -59.6181 16.6363 0.637123 1.2 1 0 0
1 23520 23.2753 -62.2056 16.1616 0.480188 1.2 1 0 0
1 23521 22.798 -62.2571 15.2792 0.521358 1.2 1 0 0
1 23522 23.1924 -63.0344 15.5105 0.380509 1.2 1 0 0
1 23523 23.118 -60.6957 19.7074 1.5 1.2 1 0 0
1 23524 22.725 -62.4705 20.1954 0.382082 1.2 1 0 0
1 23525 24.1198 -64.2453 15.6248 0.716617 1.2 1 0 0
1 23526 22.6681 -63.8673 16.5474 1.038 1.2 1 0 0
1 23527 24.4293 -57.7266 16.6851 1.19006 1.2 1 0 0
1 23528 22.6875 -56.7855 15.6012 0.668927 1.2 1 0 0
1 23529 23.1556 -56.8291 16.4897 0.336217 1.2 1 0 0
1 23530 23.6026 -59.9893 16.7663 1.22026 1.2 1 0 0
1 23531 22.525 -59.602 18.0951 0.533858 1.2 1 0 0
1 23532 22.6871 -60.8586 14.7966 0.877603 1.2 1 0 0
1 23533 22.2192 -59.8374 15.7857 0.482241 1.2 1 0 0
1 23534 27.3208 -59.9532 8.89713 1.5 1.2 1 0 0
1 23535 28.5254 -60.0827 7.30507 0.496923 1.2 1 0 0
1 23536 25.2964 -60.6465 8.44411 0.687276 1.2 1 0 0
1 23537 24.1925 -61.4167 8.87399 0.725535 1.2 1 0 0
1 23538 23.5924 -60.0319 7.95156 0.990775 1.2 1 0 0
1 23539 24.4636 -60.1767 9.05185 0.420099 1.2 1 0 0
1 23540 25.5511 -57.0732 9.75426 0.293406 1.2 1 0 0
1 23541 25.7035 -57.4443 9.36248 0.247349 1.2 1 0 0
1 23542 26.009 -57.0972 8.54808 0.587469 1.2 1 0 0
1 23543 24.9611 -58.6243 8.94267 1.20852 1.2 1 0 0
1 23544 25.504 -59.6417 6.96982 1.07663 1.2 1 0 0
1 23545 25.6605 -59.7734 8.34833 0.257838 1.2 1 0 0
1 23548 21.2718 -57.4244 10.8752 0.437763 1.2 1 0 0
1 23549 22.5451 -56.4789 11.7892 1.14024 1.2 1 0 0
1 23550 21.6837 -59.3989 7.98998 0.830213 1.2 1 0 0
1 23551 22.4745 -57.6216 9.3687 1.5 1.2 1 0 0
1 23552 24.3881 -57.9974 11.2958 1.2417 1.2 1 0 0
1 23553 25.8349 -57.1921 11.4006 0.397558 1.2 1 0 0
1 23554 23.1924 -59.3386 10.7114 0.645845 1.2 1 0 0
1 23555 22.4939 -59.2631 10.0493 0.273554 1.2 1 0 0
1 23556 23.1966 -57.7875 12.565 0.511771 1.2 1 0 0
1 23557 23.6191 -56.9071 13.0519 0.571054 1.2 1 0 0
1 23558 24.8504 -60.6957 10.8779 1.5 1.2 1 0 0
1 23559 22.2256 -60.8207 9.85862 1.31848 1.2 1 0 0
1 23560 23.5516 -62.3526 10.1509 0.727234 1.2 1 0 0
1 23561 24.0514 -57.2241 7.94589 0.655687 1.2 1 0 0
1 23562 23.025 -56.1173 7.54789 0.89454 1.2 1 0 0
1 23563 24.3461 -58.4721 5.03621 0.778699 1.2 1 0 0
1 23564 24.0915 -57.5997 5.73527 0.294008 1.2 1 0 0
1 23667 30.2505 -55.3415 3.35939 1.34396 1.2 1 0 0
1 23691 25.4124 -57.651 1.60296 0.404896 1.2 1 0 0
1 23692 24.9817 -57.1624 1.95194 0.333966 1.2 1 0 0
1 23693 24.4909 -58.5532 1.47066 0.889077 1.2 1 0 0
1 23694 25.0208 -57.627 0.914305 0.267024 1.2 1 0 0
1 23695 24.3774 -56.1515 0.185478 1.5 1.2 1 0 0
1 23696 23.8886 -57.8191 0.721395 0.318477 1.2 1 0 0
1 23697 25.5744 -57.2506 4.33944 0.658986 1.2 1 0 0
1 23698 27.321 -57.3722 5.68316 0.383247 1.2 1 0 0
1 23699 31.2216 -57.4714 8.62429 0.730939 1.2 1 0 0
1 23700 30.7793 -56.902 8.04317 0.1946 1.2 1 0 0
1 23701 30.888 -57.1306 6.98954 0.889015 1.2 1 0 0
1 23703 29.7845 -57.7883 3.803 0.338241 1.2 1 0 0
1 23704 28.9868 -57.2652 2.76944 1.03213 1.2 1 0 0
1 23705 31.3088 -56.2135 -1.94862 0.892874 1.2 1 0 0
1 23707 30.7493 -56.5287 -0.662441 0.541292 1.2 1 0 0
1 23708 31.0643 -57.2916 -1.48199 0.307043 1.2 1 0 0
1 23709 30.0835 -57.7807 -1.5432 0.787835 1.2 1 0 0
1 23712 28.36 -58.8684 -1.38118 0.943827 1.2 1 0 0
1 23713 27.5734 -59.8088 -0.664587 0.409009 1.2 1 0 0
1 23714 24.9833 -60.0229 -0.336294 0.655161 1.2 1 0 0
1 23715 26.0228 -59.9541 -0.528774 0.266775 1.2 1 0 0
1 23716 26.0644 -56.6076 -0.553135 0.392936 1.2 1 0 0
1 23717 25.5724 -57.1058 -1.05064 0.46601 1.2 1 0 0
1 23776 30.2505 -55.3415 8.46494 1.5 1.2 1 0 0
1 23777 31.5521 -55.997 10.4558 0.967276 1.2 1 0 0
1 30325 22.4801 -58.3994 -4.40329 -0.00167919 1.2 1 0 0
1 30348 22.8735 -63.111 -4.03351 -0.00335927 1.2 1 0 0
1 30910 33.5456 -55.6913 -5.02767 0.66915 1.2 1 0 0
1 30911 33.1255 -57.3024 -5.40412 0.406747 1.2 1 0 0
1 30913 32.0336 -56.8517 -4.34159 1.1156 1.2 1 0 0
1 30915 31.1922 -56.4252 -3.18816 0.367259 1.2 1 0 0
1 30916 30.8562 -57.5078 -2.80908 0.719235 1.2 1 0 0
1 30917 31.6511 -57.6359 -5.50525 0.336866 1.2 1 0 0
1 30918 31.0617 -57.1233 -5.9779 0.572995 1.2 1 0 0
1 30919 31.8628 -58.6275 -6.33749 0.974831 1.2 1 0 0
1 30920 28.9583 -56.837 -4.72789 0.624199 1.2 1 0 0
1 30921 29.0858 -57.4082 -5.40754 0.271747 1.2 1 0 0
1 30923 28.0055 -56.9899 -6.07255 0.309287 1.2 1 0 0
1 30924 28.3219 -56.7321 -2.56726 1.5 1.2 1 0 0
1 30925 28.0206 -57.771 -4.40172 0.620569 1.2 1 0 0
1 30926 27.714 -60.0698 -6.4276 1.5 1.2 1 0 0
1 30927 28.6847 -59.0582 -5.43216 0.219423 1.2 1 0 0
1 30928 31.4924 -59.7195 -5.45516 0.450512 1.2 1 0 0
1 30929 30.5237 -60.466 -4.42479 0.379515 1.2 1 0 0
1 30930 30.1152 -58.6128 -4.58522 1.5 1.2 1 0 0
1 30931 29.3072 -60.94 -4.72721 0.959736 1.2 1 0 0
1 30932 28.1639 -60.6939 -4.20016 0.323059 1.2 1 0 0
1 30933 28.5651 -59.9496 -4.80761 0.280431 1.2 1 0 0
1 30934 30.6878 -59.6285 -3.31233 0.223396 1.2 1 0 0
1 30935 30.2509 -59.4751 -2.90519 0.393231 1.2 1 0 0
1 30936 29.2062 -60.0936 -3.15397 0.751076 1.2 1 0 0
1 30937 29.7762 -58.0186 -2.73274 0.448802 1.2 1 0 0
1 30938 30.5926 -60.4257 -6.6836 1.22801 1.2 1 0 0
1 30939 30.1598 -61.5965 -5.5682 0.405941 1.2 1 0 0
1 30940 31.5817 -57.6635 -7.13882 0.291424 1.2 1 0 0
1 30941 31.33 -58.4197 -8.74626 1.5 1.2 1 0 0
1 30942 30.9148 -56.737 -7.7862 0.481234 1.2 1 0 0
1 30943 27.8246 -57.8089 -7.61579 0.984655 1.2 1 0 0
1 30945 28.5549 -56.7052 -8.31872 0.513882 1.2 1 0 0
1 30946 29.5556 -58.5056 -6.99516 0.976374 1.2 1 0 0
1 30947 29.43 -56.0266 -6.63509 1.5 1.2 1 0 0
1 30948 29.4473 -57.4647 -8.25806 0.658289 1.2 1 0 0
1 30950 26.7434 -58.7151 -9.477 0.664096 1.2 1 0 0
1 30951 26.7567 -59.6426 -8.4536 0.661953 1.2 1 0 0
1 30952 26.285 -57.5352 -8.02947 0.569206 1.2 1 0 0
1 30955 25.288 -56.8711 -7.36742 0.741065 1.2 1 0 0
1 30956 25.7975 -56.7488 -8.23906 0.267192 1.2 1 0 0
1 30958 24.4667 -58.3965 -7.42171 -0.0190987 1.2 1 0 0
1 30960 25.7847 -61.2048 -7.83578 1.08365 1.2 1 0 0
1 30961 25.4803 -62.2205 -8.75746 0.291351 1.2 1 0 0
1 30962 24.2655 -59.3603 -8.6855 0.265257 1.2 1 0 0
1 30964 25.2615 -59.693 -8.83141 0.581373 1.2 1 0 0
1 30965 25.7751 -58.9087 -7.47533 0.87424 1.2 1 0 0
1 30972 27.0683 -59.5146 -3.3992 1.42651 1.2 1 0 0
1 30973 26.5173 -57.864 -2.09049 0.681183 1.2 1 0 0
1 30974 25.5705 -60.0384 -2.82778 -0.0134313 1.2 1 0 0
1 30975 25.5465 -59.7526 -3.78971 -0.00113062 1.2 1 0 0
1 30976 25.4462 -59.3239 -3.30124 0.0492548 1.2 1 0 0
1 30977 25.6027 -58.2806 -4.01388 0.43072 1.2 1 0 0
1 30978 26.0853 -58.9299 -5.7934 0.551152 1.2 1 0 0
1 30979 24.2841 -62.077 -1.29043 -0.0261302 1.2 1 0 0
1 30980 23.1996 -62.9934 -2.25739 -0.0250394 1.2 1 0 0
1 30981 23.0923 -59.6229 -5.24428 -0.0255411 1.2 1 0 0
1 30982 23.2762 -60.7251 -4.22746 -0.00507616 1.2 1 0 0
1 30983 25.4948 -57.1099 -3.52084 0.507657 1.2 1 0 0
1 30984 26.3796 -56.9222 -5.37679 1.4493 1.2 1 0 0
1 30985 25.1122 -57.5832 -4.15543 0.197798 1.2 1 0 0
1 30986 24.8963 -57.1331 -3.88641 0.173126 1.2 1 0 0
1 30987 23.4887 -58.0179 -3.51642 -0.0102744 1.2 1 0 0
1 30988 22.6332 -58.2488 -2.17349 -0.034877 1.2 1 0 0
1 30989 24.9998 -58.2887 -1.82363 0.695724 1.2 1 0 0
1 30990 25.6892 -57.2609 -2.8136 0.225856 1.2 1 0 0
1 30993 25.5135 -59.1038 -5.01718 0.0207726 1.2 1 0 0
1 30994 24.7559 -56.6081 -4.1863 0.235303 1.2 1 0 0
1 30995 25.9363 -60.6117 -5.97412 0.328703 1.2 1 0 0
1 30996 26.0946 -62.3061 -6.96955 0.312406 1.2 1 0 0
1 30997 26.5591 -63.3815 -4.51579 -0.00666807 1.2 1 0 0
1 30998 27.4041 -62.034 -4.75857 1.05755 1.2 1 0 0
1 30999 24.333 -60.8897 -6.94021 -0.0336884 1.2 1 0 0
1 31001 23.9731 -62.2605 -5.88653 -0.00366922 1.2 1 0 0
1 31002 22.8219 -61.4985 -5.49644 -0.00611334 1.2 1 0 0
1 31003 25.9825 -62.0471 -3.64281 -0.0273478 1.2 1 0 0
1 31005 23.8413 -64.3824 -5.13913 -0.036606 1.2 1 0 0
1 31007 31.6904 -60.4764 -10.5505 1.25961 1.2 1 0 0
1 31010 29.6233 -63.7063 -9.87037 0.791034 1.2 1 0 0
1 31012 30.3251 -63.2311 -8.97245 0.380746 1.2 1 0 0
1 31013 31.8313 -60.4622 -8.28755 0.645587 1.2 1 0 0
1 31014 29.5549 -61.5197 -9.09584 1.5 1.2 1 0 0
1 31015 31.1159 -62.283 -8.62659 0.299863 1.2 1 0 0
1 31020 29.2265 -59.734 -7.82143 0.540199 1.2 1 0 0
1 31021 28.2807 -59.3666 -9.00094 0.97594 1.2 1 0 0
1 31022 26.1016 -62.759 -9.44409 0.415609 1.2 1 0 0
1 31023 25.9564 -62.8751 -8.30876 0.632933 1.2 1 0 0
1 31024 28.0299 -62.3159 -8.75755 0.223866 1.2 1 0 0
1 31025 27.2864 -62.5855 -9.38131 0.783406 1.2 1 0 0
1 31026 29.2445 -61.7455 -6.17967 0.702307 1.2 1 0 0
1 31027 28.7883 -62.5091 -5.41192 0.472682 1.2 1 0 0
1 31028 28.4467 -63.367 -9.14412 0.632693 1.2 1 0 0
1 31029 28.1177 -64.4324 -8.63413 0.578937 1.2 1 0 0
1 31039 28.0999 -55.542 -4.81609 0.804912 1.2 1 0 0
1 31041 30.3295 -55.0032 -3.62179 1.35154 1.2 1 0 0
1 31082 26.9873 -55.688 -8.05149 1.33676 1.2 1 0 0
1 31111 23.9046 -55.972 -1.9612 0.685588 1.2 1 0 0
1 31112 25.7446 -55.9725 -2.25114 1.17707 1.2 1 0 0
1 31223 33.446 -56.5247 -9.96355 1.41337 1.2 1 0 0
1 31224 31.5751 -56.2506 -9.16584 0.638861 1.2 1 0 0
1 31225 32.6844 -56.2654 -6.94222 1.5 1.2 1 0 0
1 31226 33.3644 -57.8313 -8.34001 0.656421 1.2 1 0 0
1 31233 29.9984 -56.1614 -9.01329 0.945692 1.2 1 0 0
1 31630 28.1189 -63.8582 -11.6037 1.5 1.2 1 0 0
1 31634 26.4979 -64.4949 -9.4675 1.2437 1.2 1 0 0
1 31646 23.5335 -63.5393 -7.12403 -0.0277177 1.2 1 0 0
1 31651 25.0819 -64.8097 -8.21092 0.664091 1.2 1 0 0
1 31652 25.5141 -65.3714 -8.68355 0.187754 1.2 1 0 0
1 32042 22.4268 -57.9387 -7.78341 -0.00844616 1.2 1 0 0
1 32048 30.7047 -60.1296 -8.26283 0.382659 1.2 1 0 0
1 32049 31.0309 -60.349 -8.93595 0.390691 1.2 1 0 0
1 45752 21.4467 -56.9534 4.176 0.940058 1.2 3 0 0
1 45753 22.5376 -57.1843 5.07856 0.494485 1.2 3 0 0
1 45765 23.9353 -59.7443 0.616147 0.472406 1.2 3 0 0
1 45769 21.1191 -55.8293 -0.07918 1.5 1.2 3 0 0
1 45888 28.708 -58.0186 15.4609 0.35607 1.2 3 0 0
1 45893 22.6618 -54.0324 12.8284 1.5 1.2 3 0 0
1 45901 28.9683 -57.2241 8.95221 0.568727 1.2 3 0 0
1 45903 24.7376 -55.5638 9.22873 1.5 1.2 3 0 0
1 45905 25.4633 -55.9258 12.7642 1.5 1.2 3 0 0
1 45906 25.4088 -56.59 10.8459 0.525362 1.2 3 0 0
1 45907 24.1611 -56.1929 11.1296 0.583631 1.2 3 0 0
1 45920 21.0239 -56.5988 14.1946 1.5 1.2 3 0 0
1 45927 23.0331 -55.3415 21.17 1.03334 1.2 3 0 0
1 45928 23.7263 -57.2673 22.96 1.5 1.2 3 0 0
1 45929 22.4681 -57.1739 21.2549 0.621151 1.2 3 0 0
1 45930 22.081 -57.6644 22.2016 0.353562 1.2 3 0 0
1 45931 21.3193 -54.8193 22.5556 1.23159 1.2 3 0 0
1 45932 20.4749 -58.5722 23.6281 0.818609 1.2 3 0 0
1 45938 24.1161 -57.5725 21.3747 0.160002 1.2 3 0 0
1 45940 24.6609 -54.5455 19.7075 1.27597 1.2 3 0 0
1 45942 29.0472 -60.6009 13.7936 0.676708 1.2 3 0 0
1 45943 28.458 -61.5315 12.9927 0.681388 1.2 3 0 0
1 45944 24.6923 -60.3121 13.1174 0.777601 1.2 3 0 0
1 45945 28.2565 -59.4535 18.2096 0.665816 1.2 3 0 0
1 45946 27.3144 -61.5977 11.3724 1.16934 1.2 3 0 0
1 45947 26.9466 -59.5511 11.2396 0.890859 1.2 3 0 0
1 45948 21.6762 -61.1561 12.6593 1.5 1.2 3 0 0
1 45949 21.7134 -63.5282 14.3288 1.40091 1.2 3 0 0
1 45950 20.0114 -59.2217 9.50792 1.4352 1.2 3 0 0
1 45951 20.757 -62.0483 19.2044 0.931108 1.2 3 0 0
1 45952 21.4424 -61.6479 16.6623 1.5 1.2 3 0 0
1 45953 22.4057 -62.8963 18.6176 1.01064 1.2 3 0 0
1 45954 21.7689 -57.8614 17.2468 1.5 1.2 3 0 0
1 45955 23.2704 -56.1369 10.399 0.462261 1.2 3 0 0
1 45956 25.6396 -57.101 6.49356 1.5 1.2 3 0 0
1 45957 22.84 -58.1743 6.65108 1.29722 1.2 3 0 0
1 45991 24.9816 -55.8977 4.63683 0.775707 1.2 3 0 0
1 45997 26.5778 -56.5037 2.57977 1.5 1.2 3 0 0
1 45998 31.4111 -54.2328 5.69782 1.43216 1.2 3 0 0
1 46000 31.2256 -56.3901 5.62079 0.695153 1.2 3 0 0
1 46004 26.6142 -55.712 4.82154 0.877726 1.2 3 0 0
1 46005 27.9878 -56.6607 7.69173 1.12469 1.2 3 0 0
1 46006 29.4301 -58.6108 7.62796 1.25372 1.2 3 0 0
1 46007 29.0569 -58.7481 4.62711 0.355315 1.2 3 0 0
1 46008 27.0186 -58.3525 4.57978 1.11689 1.2 3 0 0
1 46009 29.1462 -57.0419 5.35686 1.5 1.2 3 0 0
1 46011 26.4764 -58.3686 0.15487 1.5 1.2 3 0 0
1 46012 26.3625 -60.5143 -1.39614 0.820024 1.2 3 0 0
1 46013 28.1252 -57.5511 -0.744109 0.508338 1.2 3 0 0
1 46014 26.7121 -56.086 0.299405 0.795905 1.2 3 0 0
1 46015 27.7216 -57.651 -1.29534 0.180034 1.2 3 0 0
1 46016 29.086 -56.1844 0.469715 1.5 1.2 3 0 0
1 46017 27.1819 -54.3792 -0.903061 1.3441 1.2 3 0 0
1 52271 28.2958 -57.9596 -5.72272 0.741902 1.2 3 0 0
1 52272 28.1178 -57.2179 -10.2203 1.5 1.2 3 0 0
1 52273 26.3238 -60.6957 -10.3238 1.5 1.2 3 0 0
1 52274 24.4841 -57.0351 -7.81274 0.119053 1.2 3 0 0
1 52275 24.9035 -57.5681 -9.52565 1.33845 1.2 3 0 0
1 52276 24.2416 -60.7192 -9.24177 0.844439 1.2 3 0 0
1 52279 26.7561 -61.5845 -2.64749 0.382431 1.2 3 0 0
1 52281 22.3671 -61.0631 -1.17403 -0.0196748 1.2 3 0 0
1 52282 25.8678 -63.6855 -6.60208 0.430133 1.2 3 0 0
1 52283 27.8976 -60.6408 -9.29486 0.381134 1.2 3 0 0
1 52284 29.8139 -62.5134 -7.15489 0.649037 1.2 3 0 0
1 52285 27.7416 -62.9344 -7.20605 1.46622 1.2 3 0 0
1 52302 26.021 -55.6876 -10.3597 0.907306 1.2 3 0 0
1 52316 31.224 -55.3415 -10.6964 1.0305 1.2 3 0 0
1 52353 24.39 -63.2174 -9.38209 1.16242 1.2 3 0 0
1 54932 23.6497 -57.7457 4.90904 0.23169 1.2 3 0 0
1 54933 23.5494 -57.0931 5.33005 0.551406 1.2 3 0 0
1 54934 22.9436 -55.1313 5.31673 1.5 1.2 3 0 0
1 54948 20.313 -56.9299 6.33654 1.5 1.2 3 0 0
1 54949 19.5421 -54.4837 7.93483 1.5 1.2 3 0 0
1 54953 19.9861 -55.3415 3.06041 1.5 1.2 3 0 0
1 54976 23.7011 -57.1875 3.26635 1.5 1.2 3 0 0
1 54977 22.8843 -56.7291 -1.22333 0.624236 1.2 3 0 0
1 54978 22.5155 -56.6542 1.96281 0.338987 1.2 3 0 0
1 54979 22.6893 -55.3071 1.86688 1.02266 1.2 3 0 0
1 54980 22.5713 -58.5537 0.435067 0.981825 1.2 3 0 0
1 54981 22.6902 -56.805 -0.231578 0.343644 1.2 3 0 0
1 54993 21.3353 -57.3588 1.95086 0.972698 1.2 3 0 0
1 55169 29.7502 -58.0967 14.5323 1.04193 1.2 3 0 0
1 55170 29.8986 -57.3476 15.9146 0.480406 1.2 3 0 0
1 55171 29.6482 -58.7744 15.8955 0.476624 1.2 3 0 0
1 55172 27.8542 -56.4527 14.937 1.5 1.2 3 0 0
1 55173 26.5148 -57.6626 16.0361 0.613327 1.2 3 0 0
1 55174 27.7556 -56.7262 16.8066 0.392145 1.2 3 0 0
1 55176 30.1878 -56.6195 16.6574 0.599145 1.2 3 0 0
1 55177 29.2249 -56.7681 16.2224 0.405404 1.2 3 0 0
1 55178 28.6697 -58.0695 17.045 1.18939 1.2 3 0 0
1 55181 28.7469 -55.3415 17.5211 1.45115 1.2 3 0 0
1 55183 30.4075 -55.3832 15.2513 1.28599 1.2 3 0 0
1 55185 30.8976 -56.76 13.6793 0.80853 1.2 3 0 0
1 55186 30.9008 -57.0102 12.1976 0.688919 1.2 3 0 0
1 55187 30.8145 -57.433 12.956 0.182948 1.2 3 0 0
1 55190 29.5006 -56.5238 13.5502 0.517457 1.2 3 0 0
1 55191 28.5759 -57.6117 12.6019 1.19654 1.2 3 0 0
1 55192 30.175 -54.9507 12.4057 1.5 1.2 3 0 0
1 55237 23.4661 -56.0168 14.3391 1.00145 1.2 3 0 0
1 55238 25.1567 -56.219 15.346 0.751871 1.2 3 0 0
1 55239 23.7276 -55.0419 16.6278 1.5 1.2 3 0 0
1 55240 26.1995 -56.1817 17.2859 1.23512 1.2 3 0 0
1 55245 30.1137 -58.0272 10.4531 1.47834 1.2 3 0 0
1 55246 27.3019 -57.0814 10.1901 1.5 1.2 3 0 0
1 55249 29.1781 -56.0728 10.784 0.709626 1.2 3 0 0
1 55250 28.8649 -56.9596 11.1987 0.318236 1.2 3 0 0
1 55254 22.0485 -54.8951 9.04885 1.27348 1.2 3 0 0
1 55340 20.1893 -57.7579 19.2721 0.906547 1.2 3 0 0
1 55346 20.0937 -55.2017 17.1615 1.14754 1.2 3 0 0
1 55359 19.9192 -59.9901 20.1902 1.5 1.2 3 0 0
1 55367 19.6109 -58.5475 15.528 1.25025 1.2 3 0 0
1 55399 20.0792 -55.8867 11.0547 1.5 1.2 3 0 0
1 55432 20.3777 -57.2313 21.6127 1.5 1.2 3 0 0
1 55434 21.5789 -55.6966 19.1972 1.42003 1.2 3 0 0
1 55435 25.4241 -56.0107 23.9463 0.745666 1.2 3 0 0
1 55436 23.8859 -55.4146 24.7829 1.10403 1.2 3 0 0
1 55437 20.397 -56.4035 24.5891 1.5 1.2 3 0 0
1 55441 22.6216 -56.7932 24.9012 0.770338 1.2 3 0 0
1 55444 21.9669 -59.2047 22.5266 1.14081 1.2 3 0 0
1 55445 23.3049 -60.3774 21.8693 0.693208 1.2 3 0 0
1 55449 21.5298 -61.1599 21.1045 0.662782 1.2 3 0 0
1 55482 28.3321 -58.0186 18.8766 0.673831 1.2 3 0 0
1 55483 29.0601 -56.8599 18.9286 0.634051 1.2 3 0 0
1 55484 28.0595 -57.0392 18.2587 0.513627 1.2 3 0 0
1 55485 25.8614 -57.8844 18.6775 0.747789 1.2 3 0 0
1 55486 24.9384 -59.072 18.8015 0.756636 1.2 3 0 0
1 55487 27.1517 -56.5724 19.9944 1.5 1.2 3 0 0
1 55488 28.3762 -57.15 20.9782 0.173518 1.2 3 0 0
1 55489 27.2407 -59.1109 19.5002 0.991391 1.2 3 0 0
1 55490 26.7082 -57.8032 18.9792 0.154892 1.2 3 0 0
1 55491 23.2464 -56.6151 17.7707 0.502729 1.2 3 0 0
1 55492 24.9771 -57.04 18.0785 0.452854 1.2 3 0 0
1 55493 23.5102 -57.7032 17.9726 0.392033 1.2 3 0 0
1 55496 22.7562 -56.831 18.4376 0.35097 1.2 3 0 0
1 55497 23.9912 -57.25 19.7511 1.5 1.2 3 0 0
1 55498 25.7693 -55.3415 22.1168 1.23099 1.2 3 0 0
1 55499 26.0148 -57.1939 22.8178 0.764792 1.2 3 0 0
1 55500 26.8981 -57.65 21.8176 0.611709 1.2 3 0 0
1 55501 25.4685 -58.7503 21.4835 1.22298 1.2 3 0 0
1 55502 23.4693 -59.0832 21.2356 0.749257 1.2 3 0 0
1 55503 24.7416 -60.5438 21.2069 0.715299 1.2 3 0 0
1 55504 25.3739 -56.9804 21.537 0.550279 1.2 3 0 0
1 55508 26.9432 -60.0806 13.5916 1.5 1.2 3 0 0
1 55509 27.1734 -62.541 13.8503 0.868387 1.2 3 0 0
1 55510 29.1417 -59.8914 12.0758 1.17711 1.2 3 0 0
1 55511 28.0808 -58.9813 12.793 0.272081 1.2 3 0 0
1 55512 26.5801 -58.0186 13.7775 0.6019 1.2 3 0 0
1 55513 25.8301 -57.4863 14.8186 0.775865 1.2 3 0 0
1 55514 25.2226 -60.2608 15.1942 0.855946 1.2 3 0 0
1 55515 25.5133 -58.7027 15.3843 0.589628 1.2 3 0 0
1 55516 26.4074 -58.1188 12.2439 0.93968 1.2 3 0 0
1 55517 25.4901 -57.6835 12.7399 0.190268 1.2 3 0 0
1 55518 25.2826 -58.9003 12.9906 0.620281 1.2 3 0 0
1 55519 29.1772 -59.3783 16.302 0.390455 1.2 3 0 0
1 55520 28.4409 -60.2751 16.3624 0.763929 1.2 3 0 0
1 55521 27.1829 -61.6965 15.719 1.1823 1.2 3 0 0
1 55522 26.4301 -60.3992 15.3505 0.359773 1.2 3 0 0
1 55523 29.0494 -60.1721 15.0636 0.65848 1.2 3 0 0
1 55524 28.03 -59.0282 15.3789 0.836441 1.2 3 0 0
1 55525 29.3301 -60.1167 10.0906 0.782479 1.2 3 0 0
1 55526 28.3236 -59.1641 10.6197 0.643653 1.2 3 0 0
1 55527 25.4451 -61.5391 12.7183 0.610012 1.2 3 0 0
1 55528 26.1042 -62.9057 12.442 0.90908 1.2 3 0 0
1 55529 25.4894 -62.776 10.9329 0.675298 1.2 3 0 0
1 55530 26.4946 -62.9169 11.2194 0.373365 1.2 3 0 0
1 55531 23.3184 -59.559 12.1025 0.765279 1.2 3 0 0
1 55532 22.4773 -59.4582 12.9746 0.403696 1.2 3 0 0
1 55533 23.6139 -58.6988 14.3131 1.5 1.2 3 0 0
1 55534 21.3281 -59.6196 14.6544 0.954596 1.2 3 0 0
1 55535 22.9251 -62.41 13.5144 0.438017 1.2 3 0 0
1 55536 23.8998 -62.9785 11.9407 1.19149 1.2 3 0 0
1 55537 23.3456 -61.4324 11.8148 0.391169 1.2 3 0 0
1 55538 22.2329 -62.5978 10.9795 0.760413 1.2 3 0 0
1 55551 21.0045 -61.5925 14.6007 0.600164 1.2 3 0 0
1 55553 18.9614 -61.1389 14.8192 1.5 1.2 3 0 0
1 55555 21.3495 -63.2338 12.263 0.640229 1.2 3 0 0
1 55556 21.6597 -58.5977 11.9342 1.15925 1.2 3 0 0
1 55557 21.2501 -59.861 11.0023 0.462992 1.2 3 0 0
1 55560 20.8436 -59.2767 13.2701 0.547155 1.2 3 0 0
1 55562 22.645 -57.2961 13.2526 0.496806 1.2 3 0 0
1 55563 26.7818 -61.691 17.7438 0.795905 1.2 3 0 0
1 55564 26.5721 -62.7786 17.0252 0.494 1.2 3 0 0
1 55565 25.8232 -61.3239 16.6477 0.448227 1.2 3 0 0
1 55566 26.1442 -62.1455 18.7424 0.470368 1.2 3 0 0
1 55567 24.6532 -62.6023 17.5379 1.5 1.2 3 0 0
1 55568 25.7727 -60.6957 19.4186 1.17035 1.2 3 0 0
1 55569 26.4022 -59.5147 17.0922 1.5 1.2 3 0 0
1 55570 25.2541 -59.8649 18.3788 0.183317 1.2 3 0 0
1 55571 24.6161 -60.2137 18.2254 0.559878 1.2 3 0 0
1 55572 24.6438 -62.4277 14.4694 1.5 1.2 3 0 0
1 55573 26.0702 -63.3349 15.9632 0.741506 1.2 3 0 0
1 55574 25.733 -62.2344 16.0361 0.385985 1.2 3 0 0
1 55575 21.3501 -60.1391 18.3484 0.764467 1.2 3 0 0
1 55577 20.716 -59.6181 16.6363 0.637123 1.2 3 0 0
1 55582 23.2753 -62.2056 16.1616 0.480188 1.2 3 0 0
1 55583 22.798 -62.2571 15.2792 0.521358 1.2 3 0 0
1 55584 23.1924 -63.0344 15.5105 0.380509 1.2 3 0 0
1 55585 23.118 -60.6957 19.7074 1.5 1.2 3 0 0
1 55586 22.725 -62.4705 20.1954 0.382082 1.2 3 0 0
1 55587 24.1198 -64.2453 15.6248 0.716617 1.2 3 0 0
1 55588 22.6681 -63.8673 16.5474 1.038 1.2 3 0 0
1 55589 24.4293 -57.7266 16.6851 1.19006 1.2 3 0 0
1 55590 22.6875 -56.7855 15.6012 0.668927 1.2 3 0 0
1 55591 23.1556 -56.8291 16.4897 0.336217 1.2 3 0 0
1 55592 23.6026 -59.9893 16.7663 1.22026 1.2 3 0 0
1 55593 22.525 -59.602 18.0951 0.533858 1.2 3 0 0
1 55594 22.6871 -60.8586 14.7966 0.877603 1.2 3 0 0
1 55595 22.2192 -59.8374 15.7857 0.482241 1.2 3 0 0
1 55596 27.3208 -59.9532 8.89713 1.5 1.2 3 0 0
1 55597 28.5254 -60.0827 7.30507 0.496923 1.2 3 0 0
1 55598 25.2964 -60.6465 8.44411 0.687276 1.2 3 0 0
1 55599 24.1925 -61.4167 8.87399 0.725535 1.2 3 0 0
1 55600 23.5924 -60.0319 7.95156 0.990775 1.2 3 0 0
1 55601 24.4636 -60.1767 9.05185 0.420099 1.2 3 0 0
1 55602 25.5511 -57.0732 9.75426 0.293406 1.2 3 0 0
1 55603 25.7035 -57.4443 9.36248 0.247349 1.2 3 0 0
1 55604 26.009 -57.0972 8.54808 0.587469 1.2 3 0 0
1 55605 24.9611 -58.6243 8.94267 1.20852 1.2 3 0 0
1 55606 25.504 -59.6417 6.96982 1.07663 1.2 3 0 0
1 55607 25.6605 -59.7734 8.34833 0.257838 1.2 3 0 0
1 55610 21.2718 -57.4244 10.8752 0.437763 1.2 3 0 0
1 55611 22.5451 -56.4789 11.7892 1.14024 1.2 3 0 0
1 55612 21.6837 -59.3989 7.98998 0.830213 1.2 3 0 0
1 55613 22.4745 -57.6216 9.3687 1.5 1.2 3 0 0
1 55614 24.3881 -57.9974 11.2958 1.2417 1.2 3 0 0
1 55615 25.8349 -57.1921 11.4006 0.397558 1.2 3 0 0
1 55616 23.1924 -59.3386 10.7114 0.645845 1.2 3 0 0
1 55617 22.4939 -59.2631 10.0493 0.273554 1.2 3 0 0
1 55618 23.1966 -57.7875 12.565 0.511771 1.2 3 0 0
1 55619 23.6191 -56.9071 13.0519 0.571054 1.2 3 0 0
1 55620 24.8504 -60.6957 10.8779 1.5 1.2 3 0 0
1 55621 22.2256 -60.8207 9.85862 1.31848 1.2 3 0 0
1 55622 23.5516 -62.3526 10.1509 0.727234 1.2 3 0 0
1 55623 24.0514 -57.2241 7.94589 0.655687 1.2 3 0 0
1 55624 23.025 -56.1173 7.54789 0.89454 1.2 3 0 0
1 55625 24.3461 -58.4721 5.03621 0.778699 1.2 3 0 0
1 55626 24.0915 -57.5997 5.73527 0.294008 1.2 3 0 0
1 55729 30.2505 -55.3415 3.35939 1.34396 1.2 3 0 0
1 55753 25.4124 -57.651 1.60296 0.404896 1.2 3 0 0
1 55754 24.9817 -57.1624 1.95194 0.333966 1.2 3 0 0
1 55755 24.4909 -58.5532 1.47066 0.889077 1.2 3 0 0
1 55756 25.0208 -57.627 0.914305 0.267024 1.2 3 0 0
1 55757 24.3774 -56.1515 0.185478 1.5 1.2 3 0 0
1 55758 23.8886 -57.8191 0.721395 0.318477 1.2 3 0 0
1 55759 25.5744 -57.2506 4.33944 0.658986 1.2 3 0 0
1 55760 27.321 -57.3722 5.68316 0.383247 1.2 3 0 0
1 55761 31.2216 -57.4714 8.62429 0.730939 1.2 3 0 0
1 55762 30.7793 -56.902 8.04317 0.1946 1.2 3 0 0
1 55763 30.888 -57.1306 6.98954 0.889015 1.2 3 0 0
1 55765 29.7845 -57.7883 3.803 0.338241 1.2 3 0 0
1 55766 28.9868 -57.2652 2.76944 1.03213 1.2 3 0 0
1 55767 31.3088 -56.2135 -1.94862 0.892874 1.2 3 0 0
1 55769 30.7493 -56.5287 -0.662441 0.541292 1.2 3 0 0
1 55770 31.0643 -57.2916 -1.48199 0.307043 1.2 3 0 0
1 55771 30.0835 -57.7807 -1.5432 0.787835 1.2 3 0 0
1 55774 28.36 -58.8684 -1.38118 0.943827 1.2 3 0 0
1 55775 27.5734 -59.8088 -0.664587 0.409009 1.2 3 0 0
1 55776 24.9833 -60.0229 -0.336294 0.655161 1.2 3 0 0
1 55777 26.0228 -59.9541 -0.528774 0.266775 1.2 3 0 0
1 55778 26.0644 -56.6076 -0.553135 0.392936 1.2 3 0 0
1 55779 25.5724 -57.1058 -1.05064 0.46601 1.2 3 0 0
1 55838 30.2505 -55.3415 8.46494 1.5 1.2 3 0 0
1 55839 31.5521 -55.997 10.4558 0.967276 1.2 3 0 0
1 62387 22.4801 -58.3994 -4.40329 -0.00167919 1.2 3 0 0
1 62410 22.8735 -63.111 -4.03351 -0.00335927 1.2 3 0 0
1 62972 33.5456 -55.6913 -5.02767 0.66915 1.2 3 0 0
1 62973 33.1255 -57.3024 -5.40412 0.406747 1.2 3 0 0
1 62975 32.0336 -56.8517 -4.34159 1.1156 1.2 3 0 0
1 62977 31.1922 -56.4252 -3.18816 0.367259 1.2 3 0 0
1 62978 30.8562 -57.5078 -2.80908 0.719235 1.2 3 0 0
1 62979 31.6511 -57.6359 -5.50525 0.336866 1.2 3 0 0
1 62980 31.0617 -57.1233 -5.9779 0.572995 1.2 3 0 0
1 62981 31.8628 -58.6275 -6.33749 0.974831 1.2 3 0 0
1 62982 28.9583 -56.837 -4.72789 0.624199 1.2 3 0 0
1 62983 29.0858 -57.4082 -5.40754 0.271747 1.2 3 0 0
1 62985 28.0055 -56.9899 -6.07255 0.309287 1.2 3 0 0
1 62986 28.3219 -56.7321 -2.56726 1.5 1.2 3 0 0
1 62987 28.0206 -57.771 -4.40172 0.620569 1.2 3 0 0
1 62988 27.714 -60.0698 -6.4276 1.5 1.2 3 0 0
1 62989 28.6847 -59.0582 -5.43216 0.219423 1.2 3 0 0
1 62990 31.4924 -59.7195 -5.45516 0.450512 1.2 3 0 0
1 62991 30.5237 -60.466 -4.42479 0.379515 1.2 3 0 0
1 62992 30.1152 -58.6128 -4.58522 1.5 1.2 3 0 0
1 62993 29.3072 -60.94 -4.72721 0.959736 1.2 3 0 0
1 62994 28.1639 -60.6939 -4.20016 0.323059 1.2 3 0 0
1 62995 28.5651 -59.9496 -4.80761 0.280431 1.2 3 0 0
1 62996 30.6878 -59.6285 -3.31233 0.223396 1.2 3 0 0
1 62997 30.2509 -59.4751 -2.90519 0.393231 1.2 3 0 0
1 62998 29.2062 -60.0936 -3.15397 0.751076 1.2 3 0 0
1 62999 29.7762 -58.0186 -2.73274 0.448802 1.2 3 0 0
1 63000 30.5926 -60.4257 -6.6836 1.22801 1.2 3 0 0
1 63001 30.1598 -61.5965 -5.5682 0.405941 1.2 3 0 0
1 63002 31.5817 -57.6635 -7.13882 0.291424 1.2 3 0 0
1 63003 31.33 -58.4197 -8.74626 1.5 1.2 3 0 0
1 63004 30.9148 -56.737 -7.7862 0.481234 1.2 3 0 0
1 63005 27.8246 -57.8089 -7.61579 0.984655 1.2 3 0 0
1 63007 28.5549 -56.7052 -8.31872 0.513882 1.2 3 0 0
1 63008 29.5556 -58.5056 -6.99516 0.976374 1.2 3 0 0
1 63009 29.43 -56.0266 -6.63509 1.5 1.2 3 0 0
1 63010 29.4473 -57.4647 -8.25806 0.658289 1.2 3 0 0
1 63012 26.7434 -58.7151 -9.477 0.664096 1.2 3 0 0
1 63013 26.7567 -59.6426 -8.4536 0.661953 1.2 3 0 0
1 63014 26.285 -57.5352 -8.02947 0.569206 1.2 3 0 0
1 63017 25.288 -56.8711 -7.36742 0.741065 1.2 3 0 0
1 63018 25.7975 -56.7488 -8.23906 0.267192 1.2 3 0 0
1 63020 24.4667 -58.3965 -7.42171 -0.0190987 1.2 3 0 0
1 63022 25.7847 -61.2048 -7.83578 1.08365 1.2 3 0 0
1 63023 25.4803 -62.2205 -8.75746 0.291351 1.2 3 0 0
1 63024 24.2655 -59.3603 -8.6855 0.265257 1.2 3 0 0
1 63026 25.2615 -59.693 -8.83141 0.581373 1.2 3 0 0
1 63027 25.7751 -58.9087 -7.47533 0.87424 1.2 3 0 0
1 63034 27.0683 -59.5146 -3.3992 1.42651 1.2 3 0 0
1 63035 26.5173 -57.864 -2.09049 0.681183 1.2 3 0 0
1 63036 25.5705 -60.0384 -2.82778 -0.0134313 1.2 3 0 0
1 63037 25.5465 -59.7526 -3.78971 -0.00113062 1.2 3 0 0
1 63038 25.4462 -59.3239 -3.30124 0.0492548 1.2 3 0 0
1 63039 25.6027 -58.2806 -4.01388 0.43072 1.2 3 0 0
1 63040 26.0853 -58.9299 -5.7934 0.551152 1.2 3 0 0
1 63041 24.2841 -62.077 -1.29043 -0.0261302 1.2 3 0 0
1 63042 23.1996 -62.9934 -2.25739 -0.0250394 1.2 3 0 0
1 63043 23.0923 -59.6229 -5.24428 -0.0255411 1.2 3 0 0
1 63044 23.2762 -60.7251 -4.22746 -0.00507616 1.2 3 0 0
1 63045 25.4948 -57.1099 -3.52084 0.507657 1.2 3 0 0
1 63046 26.3796 -56.9222 -5.37679 1.4493 1.2 3 0 0
1 63047 25.1122 -57.5832 -4.15543 0.197798 1.2 3 0 0
1 63048 24.8963 -57.1331 -3.88641 0.173126 1.2 3 0 0
1 63049 23.4887 -58.0179 -3.51642 -0.0102744 1.2 3 0 0
1 63050 22.6332 -58.2488 -2.17349 -0.034877 1.2 3 0 0
1 63051 24.9998 -58.2887 -1.82363 0.695724 1.2 3 0 0
1 63052 25.6892 -57.2609 -2.8136 0.225856 1.2 3 0 0
1 63055 25.5135 -59.1038 -5.01718 0.0207726 1.2 3 0 0
1 63056 24.7559 -56.6081 -4.1863 0.235303 1.2 3 0 0
1 63057 25.9363 -60.6117 -5.97412 0.328703 1.2 3 0 0
1 63058 26.0946 -62.3061 -6.96955 0.312406 1.2 3 0 0
1 63059 26.5591 -63.3815 -4.51579 -0.00666807 1.2 3 0 0
1 63060 27.4041 -62.034 -4.75857 1.05755 1.2 3 0 0
1 63061 24.333 -60.8897 -6.94021 -0.0336884 1.2 3 0 0
1 63063 23.9731 -62.2605 -5.88653 -0.00366922 1.2 3 0 0
1 63064 22.8219 -61.4985 -5.49644 -0.00611334 1.2 3 0 0
1 63065 25.9825 -62.0471 -3.64281 -0.0273478 1.2 3 0 0
1 63067 23.8413 -64.3824 -5.13913 -0.036606 1.2 3 0 0
1 63069 31.6904 -60.4764 -10.5505 1.25961 1.2 3 0 0
1 63072 29.6233 -63.7063 -9.87037 0.791034 1.2 3 0 0
1 63074 30.3251 -63.2311 -8.97245 0.380746 1.2 3 0 0
1 63075 31.8313 -60.4622 -8.28755 0.645587 1.2 3 0 0
1 63076 29.5549 -61.5197 -9.09584 1.5 1.2 3 0 0
1 63077 31.1159 -62.283 -8.62659 0.299863 1.2 3 0 0
1 63082 29.2265 -59.734 -7.82143 0.540199 1.2 3 0 0
1 63083 28.2807 -59.3666 -9.00094 0.97594 1.2 3 0 0
1 63084 26.1016 -62.759 -9.44409 0.415609 1.2 3 0 0
1 63085 25.9564 -62.8751 -8.30876 0.632933 1.2 3 0 0
1 63086 28.0299 -62.3159 -8.75755 0.223866 1.2 3 0 0
1 63087 27.2864 -62.5855 -9.38131 0.783406 1.2 3 0 0
1 63088 29.2445 -61.7455 -6.17967 0.702307 1.2 3 0 0
1 63089 28.7883 -62.5091 -5.41192 0.472682 1.2 3 0 0
1 63090 28.4467 -63.367 -9.14412 0.632693 1.2 3 0 0
1 63091 28.1177 -64.4324 -8.63413 0.578937 1.2 3 0 0
1 63101 28.0999 -55.542 -4.81609 0.804912 1.2 3 0 0
1 63103 30.3295 -55.0032 -3.62179 1.35154 1.2 3 0 0
1 63144 26.9873 -55.688 -8.05149 1.33676 1.2 3 0 0
1 63173 23.9046 -55.972 -1.9612 0.685588 1.2 3 0 0
1 63174 25.7446 -55.9725 -2.25114 1.17707 1.2 3 0 0
1 63285 33.446 -56.5247 -9.96355 1.41337 1.2 3 0 0
1 63286 31.5751 -56.2506 -9.16584 0.638861 1.2 3 0 0
1 63287 32.6844 -56.2654 -6.94222 1.5 1.2 3 0 0
1 63288 33.3644 -57.8313 -8.34001 0.656421 1.2 3 0 0
1 63295 29.9984 -56.1614 -9.01329 0.945692 1.2 3 0 0
1 63692 28.1189 -63.8582 -11.6037 1.5 1.2 3 0 0
1 63696 26.4979 -64.4949 -9.4675 1.2437 1.2 3 0 0
1 63708 23.5335 -63.5393 -7.12403 -0.0277177 1.2 3 0 0
1 63713 25.0819 -64.8097 -8.21092 0.664091 1.2 3 0 0
1 63714 25.5141 -65.3714 -8.68355 0.187754 1.2 3 0 0
1 64104 22.4268 -57.9387 -7.78341 -0.00844616 1.2 3 0 0
1 64110 30.7047 -60.1296 -8.26283 0.382659 1.2 3 0 0
1 64111 31.0309 -60.349 -8.93595 0.390691 1.2 3 0 0
