# SphereID Center[X Y Z] Radius Density Region Score Weight
LeafCount 32062
NodeCount 32062
1 9965 29.1317 -44.8053 -20.2642 1.25546 0.6 0 0 0
1 9968 24.0049 -43.428 -19.8315 2 0.6 0 0 0
1 9973 24.4607 -44.9588 -22.2292 0.872848 0.6 0 0 0
1 9974 26.8342 -44.0083 -22.1383 1.52475 0.6 0 0 0
1 10055 22.3144 -44.0141 -22.8831 1.48898 0.6 0 0 0
1 10165 22.8625 -44.3464 -15.7622 2 0.6 0 0 0
1 10166 22.1516 -46.1 -12.4863 1.08747 0.6 0 0 0
1 10168 24.8836 -44.8379 -11.4173 2 0.6 0 0 0
1 10175 29.7452 -43.3805 -10.7064 2 0.6 0 0 0
1 10176 32.4564 -44.3024 -11.623 0.98993 0.6 0 0 0
1 10178 29.8909 -46.2165 -12.1486 1.18499 0.6 0 0 0
1 10180 31.2692 -44.0714 -14.4748 2 0.6 0 0 0
1 10186 27.6333 -45.4669 -14.131 1.90967 0.6 0 0 0
1 10187 28.4734 -43.2848 -17.4387 2 0.6 0 0 0
1 10197 30.9908 -44.6175 -18.7349 1.12546 0.6 0 0 0
1 11300 26.676 -45.5047 -19.5724 1.38993 0.6 0 0 0
1 11330 29.9935 -46.3642 -15.5328 0.829035 0.6 0 0 0
1 11331 29.0471 -47.2308 -14.8811 0.472172 0.6 0 0 0
1 19613 27.816 -46.1093 -33.2029 1.2144 1.2 1 0 0
1 19614 26.3384 -47.3102 -33.2658 0.527516 1.2 1 0 0
1 19615 24.8966 -49.583 -36.2746 0.43584 1.2 1 0 0
1 19946 22.6574 -56.1808 -33.9359 1.5 1.2 1 0 0
1 19975 22.3643 -49.5375 -28.4352 0.883814 1.2 1 0 0
1 19976 21.9457 -47.3241 -27.6521 1.5 1.2 1 0 0
1 20035 35.9862 -48.2131 -19.6019 0.68658 1.2 1 0 0
1 20036 34.1968 -46.9256 -20.009 0.671389 1.2 1 0 0
1 20038 33.0274 -46.8109 -27.3004 0.40227 1.2 1 0 0
1 20041 36.2215 -44.9053 -17.3328 1.5 1.2 1 0 0
1 20042 36.3414 -45.5315 -19.2539 0.476796 1.2 1 0 0
1 20044 36.6754 -46.4503 -16.1396 0.480216 1.2 1 0 0
1 20046 31.4025 -46.481 -27.6545 0.760412 1.2 1 0 0
1 20048 30.9632 -45.6835 -28.9859 0.852494 1.2 1 0 0
1 20050 27.5175 -51.8382 -23.1712 1.5 1.2 1 0 0
1 20051 25.5119 -50.0945 -23.1026 0.952518 1.2 1 0 0
1 20052 26.502 -49.8533 -23.9952 0.402182 1.2 1 0 0
1 20053 26.0103 -54.4522 -21.0203 1.5 1.2 1 0 0
1 20054 25.6495 -52.1793 -21.3831 0.812493 1.2 1 0 0
1 20055 24.0641 -52.1036 -23.1664 1.5 1.2 1 0 0
1 20056 21.4919 -49.9938 -25.0048 1.5 1.2 1 0 0
1 20057 22.878 -48.42 -21.9854 1.5 1.2 1 0 0
1 20063 25.9738 -49.9952 -20.696 1.5 1.2 1 0 0
1 20064 21.2265 -48.4088 -16.9952 1.5 1.2 1 0 0
1 20067 21.6118 -51.3517 -19.4702 1.5 1.2 1 0 0
1 20068 23.1145 -51.6163 -17.0397 1.36978 1.2 1 0 0
1 20069 23.2691 -49.8255 -18.3814 0.86505 1.2 1 0 0
1 20070 23.64 -49.5763 -20.5105 0.5098 1.2 1 0 0
1 20072 26.902 -46.1885 -23.4644 0.630659 1.2 1 0 0
1 20073 25.606 -48.7151 -25.2299 1.5 1.2 1 0 0
1 20074 27.8435 -48.9633 -23.5555 1.26354 1.2 1 0 0
1 20075 23.4857 -46.4302 -22.8073 0.694605 1.2 1 0 0
1 20076 24.7304 -45.9756 -23.8986 0.733784 1.2 1 0 0
1 20077 27.9576 -46.94 -21.7437 0.874739 1.2 1 0 0
1 20078 24.0909 -46.8661 -21.4325 0.543091 1.2 1 0 0
1 20079 25.7877 -47.5454 -22.3383 1.4552 1.2 1 0 0
1 20080 25.0054 -45.2167 -27.1173 1.5 1.2 1 0 0
1 20081 25.2703 -47.0447 -26.3086 0.516397 1.2 1 0 0
1 20082 34.6625 -53.1059 -20.95 1.04992 1.2 1 0 0
1 20083 34.9885 -52.5773 -22.5804 0.570943 1.2 1 0 0
1 20084 32.2992 -51.9837 -19.7676 0.647134 1.2 1 0 0
1 20085 33.284 -51.4971 -20.1551 0.506375 1.2 1 0 0
1 20086 32.7109 -52.657 -21.1936 0.967431 1.2 1 0 0
1 20087 32.9973 -54.6558 -17.676 1.04175 1.2 1 0 0
1 20088 33.1498 -54.1345 -18.9629 0.355022 1.2 1 0 0
1 20089 34.3385 -50.6976 -21.8099 1.5 1.2 1 0 0
1 20090 31.7674 -51.3078 -22.4079 1.07385 1.2 1 0 0
1 20091 33.3257 -52.7897 -23.3662 1.28041 1.2 1 0 0
1 20092 29.3553 -49.121 -22.6313 0.515438 1.2 1 0 0
1 20093 27.0248 -51.1925 -18.9429 0.824268 1.2 1 0 0
1 20094 28.3855 -49.7727 -18.1842 0.471304 1.2 1 0 0
1 20095 27.4162 -52.1686 -20.578 1.1112 1.2 1 0 0
1 20096 27.7824 -49.4083 -16.5457 0.586676 1.2 1 0 0
1 20097 29.9879 -52.3324 -22.9119 1.00964 1.2 1 0 0
1 20098 28.9253 -51.7139 -21.8174 0.455032 1.2 1 0 0
1 20099 36.0619 -50.2495 -19.4603 1.17214 1.2 1 0 0
1 20100 31.4594 -50.4814 -17.5582 1.5 1.2 1 0 0
1 20101 31.7787 -47.9854 -18.7074 0.813285 1.2 1 0 0
1 20102 31.9689 -49.2019 -18.9114 0.430773 1.2 1 0 0
1 20103 31.2553 -47.8693 -16.7889 0.941471 1.2 1 0 0
1 20104 34.4063 -48.6325 -16.4189 0.734512 1.2 1 0 0
1 20105 34.1655 -50.5562 -17.9213 0.54869 1.2 1 0 0
1 20106 32.1784 -50.1851 -20.2467 1.21182 1.2 1 0 0
1 20107 33.9836 -48.7096 -18.7896 1.5 1.2 1 0 0
1 20108 33.5592 -49.3602 -20.5468 0.42126 1.2 1 0 0
1 20109 33.3698 -56.8048 -21.0765 0.487381 1.2 1 0 0
1 20110 32.5778 -57.511 -22.3408 0.795983 1.2 1 0 0
1 20111 29.3452 -55.1024 -21.5831 0.441702 1.2 1 0 0
1 20112 30.2875 -56.6932 -18.4769 0.785331 1.2 1 0 0
1 20113 33.5637 -57.3328 -19.1515 0.418688 1.2 1 0 0
1 20114 32.1756 -56.0919 -19.6154 1.5 1.2 1 0 0
1 20115 33.3224 -55.045 -24.2283 0.725589 1.2 1 0 0
1 20116 31.19 -54.4333 -24.0502 1.5 1.2 1 0 0
1 20117 31.606 -57.543 -24.1511 1.25197 1.2 1 0 0
1 20118 27.8616 -52.752 -26.4706 1.5 1.2 1 0 0
1 20119 30.6543 -49.7647 -26.4046 0.68238 1.2 1 0 0
1 20120 31.633 -52.0471 -27.0841 1.5 1.2 1 0 0
1 20121 29.3645 -53.6797 -29.6194 1.5 1.2 1 0 0
1 20122 26.9926 -53.8439 -28.6176 1.05659 1.2 1 0 0
1 20123 24.8926 -52.7821 -29.486 1.19742 1.2 1 0 0
1 20124 26.5556 -52.6284 -29.5805 0.466856 1.2 1 0 0
1 20125 26.7932 -54.4261 -24.1758 0.539617 1.2 1 0 0
1 20126 29.0825 -54.3607 -25.8863 0.595592 1.2 1 0 0
1 20127 27.9606 -55.3463 -26.8936 0.978559 1.2 1 0 0
1 20128 29.9911 -48.6531 -31.6429 1.09246 1.2 1 0 0
1 20129 27.1093 -48.4976 -28.6661 1.0345 1.2 1 0 0
1 20208 37.5292 -46.5965 -12.4489 0.909513 1.2 1 0 0
1 20215 25.6583 -58.9861 -12.2804 1.11506 1.2 1 0 0
1 20216 24.3576 -57.1209 -11.5257 0.659329 1.2 1 0 0
1 20236 25.8088 -51.1761 -12.782 1.5 1.2 1 0 0
1 20237 23.7521 -55.0802 -11.8903 1.5 1.2 1 0 0
1 20238 24.7682 -53.0427 -11.9783 0.778566 1.2 1 0 0
1 20241 25.6726 -48.8711 -12.6683 0.811778 1.2 1 0 0
1 20243 36.7458 -49.9544 -14.1153 0.90416 1.2 1 0 0
1 20244 37.1608 -49.0392 -15.5223 0.815256 1.2 1 0 0
1 20245 33.5112 -50.2478 -12.9651 1.22631 1.2 1 0 0
1 20246 34.8153 -52.3087 -11.7467 1.5 1.2 1 0 0
1 20247 32.971 -52.0612 -14.993 1.5 1.2 1 0 0
1 20248 34.5307 -54.214 -15.8932 1.30671 1.2 1 0 0
1 20249 26.8267 -54.6311 -15.7125 0.648443 1.2 1 0 0
1 20250 29.232 -52.588 -11.5436 0.815468 1.2 1 0 0
1 20251 28.9356 -54.5155 -12.7918 1.5 1.2 1 0 0
1 20252 27.5688 -48.7371 -15.3252 0.813267 1.2 1 0 0
1 20254 31.224 -55.3415 -10.6964 1.0305 1.2 1 0 0
1 20256 32.8299 -57.853 -12.879 0.590375 1.2 1 0 0
1 20257 33.4654 -57.8152 -14.284 0.797071 1.2 1 0 0
1 20258 29.6181 -57.1756 -13.0453 1.16204 1.2 1 0 0
1 20259 29.7243 -57.6465 -14.9772 0.641951 1.2 1 0 0
1 20260 32.8715 -55.3415 -12.6171 1.5 1.2 1 0 0
1 20261 30.9932 -56.6108 -16.7683 0.503465 1.2 1 0 0
1 20262 28.1294 -57.9733 -19.2511 1.5 1.2 1 0 0
1 20263 25.9423 -59.1085 -18.0915 0.909706 1.2 1 0 0
1 20264 26.1051 -59.1526 -16.6486 0.54307 1.2 1 0 0
1 20265 25.7797 -54.3056 -18.7 0.82189 1.2 1 0 0
1 20266 28.4043 -65.4434 -21.3352 0.592611 1.2 1 0 0
1 20267 23.5432 -68.3389 -19.7133 1.35545 1.2 1 0 0
1 20268 29.8847 -64.5402 -14.5126 -0.0187252 1.2 1 0 0
1 20269 26.7624 -65.5001 -15.2187 0.962968 1.2 1 0 0
1 20270 28.7387 -62.3975 -16.7691 0.565106 1.2 1 0 0
1 20271 31.7522 -59.9067 -18.3253 0.90862 1.2 1 0 0
1 20272 29.6446 -62.2724 -21.8875 1.26829 1.2 1 0 0
1 20273 22.3305 -56.8586 -16.6824 1.5 1.2 1 0 0
1 20283 24.8904 -55.559 -15.191 1.5 1.2 1 0 0
1 20294 22.434 -63.9185 -14.8153 1.5 1.2 1 0 0
1 20297 26.3357 -63.2054 -25.4609 0.48228 1.2 1 0 0
1 20298 24.7336 -64.0426 -27.743 1.29105 1.2 1 0 0
1 20299 25.8378 -62.8829 -24.3257 0.783007 1.2 1 0 0
1 20300 25.6572 -62.8335 -28.2561 0.308411 1.2 1 0 0
1 20301 26.138 -61.8029 -26.8477 1.5 1.2 1 0 0
1 20304 25.2303 -65.7138 -22.5934 0.431508 1.2 1 0 0
1 20307 22.1808 -65.614 -20.4898 1.5 1.2 1 0 0
1 20309 21.3575 -68.0855 -21.7264 1.38361 1.2 1 0 0
1 20310 22.8022 -64.1936 -24.8537 0.769659 1.2 1 0 0
1 20311 26.6373 -57.9046 -26.878 0.937512 1.2 1 0 0
1 20312 25.554 -57.4697 -28.0714 0.731892 1.2 1 0 0
1 20313 24.4146 -61.7405 -29.7488 1.5 1.2 1 0 0
1 20314 21.6551 -61.9849 -30.342 1.33306 1.2 1 0 0
1 28535 28.8523 -43.7744 -32.6754 1.3364 1.2 1 0 0
1 28538 26.5456 -44.6649 -31.7134 1.2185 1.2 1 0 0
1 28541 27.2026 -44.1622 -29.0044 1.11214 1.2 1 0 0
1 28579 24.4906 -44.6331 -32.2855 0.881671 1.2 1 0 0
1 28585 22.8285 -45.3922 -34.0775 1.01579 1.2 1 0 0
1 28593 22.8343 -44.8907 -37.0368 0.871607 1.2 1 0 0
1 28598 22.5589 -44.7052 -28.5956 1.33599 1.2 1 0 0
1 28600 23.8014 -46.4575 -28.7294 0.814173 1.2 1 0 0
1 28602 24.6044 -43.5365 -30.1744 1.5 1.2 1 0 0
1 28614 23.0436 -45.8439 -26.5575 0.633692 1.2 1 0 0
1 28618 22.6596 -46.066 -31.541 1.5 1.2 1 0 0
1 28627 28.278 -47.4847 -33.9032 0.396227 1.2 1 0 0
1 28628 30.1028 -45.1984 -32.616 0.557675 1.2 1 0 0
1 28629 29.2548 -47.3625 -32.7802 0.721738 1.2 1 0 0
1 28632 27.4478 -47.1247 -31.4312 0.676832 1.2 1 0 0
1 28633 28.3945 -47.3043 -32.0614 0.37953 1.2 1 0 0
1 28634 28.6356 -46.8604 -32.3313 0.19314 1.2 1 0 0
1 28635 25.3478 -48.4522 -35.1167 1.20194 1.2 1 0 0
1 28636 23.954 -47.3102 -34.6757 0.567792 1.2 1 0 0
1 28637 25.3057 -45.8209 -34.1945 1.5 1.2 1 0 0
1 28638 22.3657 -47.5701 -33.851 1.2222 1.2 1 0 0
1 28640 23.6577 -47.1655 -32.8714 0.44896 1.2 1 0 0
1 28641 23.6706 -46.3228 -33.2654 0.446496 1.2 1 0 0
1 28642 23.415 -48.6196 -34.3486 0.342501 1.2 1 0 0
1 28643 23.9567 -48.8106 -34.653 0.307584 1.2 1 0 0
1 28644 25.1197 -47.8382 -32.2936 1.10825 1.2 1 0 0
1 28645 26.243 -46.4593 -32.2869 0.639248 1.2 1 0 0
1 28646 25.2666 -48.0522 -31.0024 0.20495 1.2 1 0 0
1 28647 24.6461 -46.4253 -31.6193 0.520194 1.2 1 0 0
1 28648 25.7879 -46.7842 -29.986 1.5 1.2 1 0 0
1 28649 25.6814 -49.0589 -33.1061 0.432515 1.2 1 0 0
1 28650 26.0459 -49.4939 -33.929 0.506586 1.2 1 0 0
1 28651 27.5711 -48.8402 -32.7655 1.5 1.2 1 0 0
1 28652 26.8107 -49.3118 -34.5699 0.507709 1.2 1 0 0
1 28653 23.7798 -46.6021 -36.1699 1.09481 1.2 1 0 0
1 28654 24.9942 -45.2387 -36.3207 0.726358 1.2 1 0 0
1 28655 25.4393 -46.8558 -36.0105 0.591473 1.2 1 0 0
1 28656 24.2299 -49.7366 -36.9122 0.238773 1.2 1 0 0
1 28657 22.8653 -49.0424 -36.0856 1.5 1.2 1 0 0
1 28659 23.5171 -47.2521 -37.4155 0.334501 1.2 1 0 0
1 28719 21.2084 -46.3046 -35.9898 1.5 1.2 1 0 0
1 29533 26.3782 -51.1626 -33.9271 1.19491 1.2 1 0 0
1 29534 27.7204 -52.0471 -33.6801 0.429135 1.2 1 0 0
1 29535 22.942 -51.122 -35.1333 0.693884 1.2 1 0 0
1 29536 23.9917 -49.9873 -33.2486 1.5 1.2 1 0 0
1 29537 24.5346 -52.2233 -32.4737 0.888599 1.2 1 0 0
1 29538 25.3488 -51.2505 -32.6727 0.39552 1.2 1 0 0
1 29539 25.8855 -49.9873 -32.4207 0.566864 1.2 1 0 0
1 29540 25.9288 -52.6617 -34.6615 0.528097 1.2 1 0 0
1 29541 24.5518 -50.8294 -35.6685 0.992357 1.2 1 0 0
1 29542 25.5661 -51.8372 -35.1669 0.433556 1.2 1 0 0
1 29544 22.7361 -52.6635 -29.581 0.927733 1.2 1 0 0
1 29545 22.7791 -54.2928 -30.0396 0.765484 1.2 1 0 0
1 29554 22.2679 -52.8353 -32.0319 1.36475 1.2 1 0 0
1 29556 25.2907 -49.2092 -30.7073 0.989357 1.2 1 0 0
1 29557 25.3271 -50.5094 -30.296 0.362024 1.2 1 0 0
1 29558 23.9607 -51.1153 -30.8399 1.14347 1.2 1 0 0
1 29561 21.4062 -50.7511 -30.2654 1.5 1.2 1 0 0
1 29563 23.4598 -48.2856 -29.6956 1.20232 1.2 1 0 0
1 29564 22.7454 -48.5048 -31.7492 0.949189 1.2 1 0 0
1 29568 26.1594 -53.9037 -33.523 1.12483 1.2 1 0 0
1 29569 25.9837 -55.1861 -34.3642 0.357894 1.2 1 0 0
1 29570 25.5417 -54.8405 -32.8371 0.190318 1.2 1 0 0
1 29571 23.1931 -54.2652 -33.1251 0.600249 1.2 1 0 0
1 29574 24.5248 -54.5265 -31.5216 1.5 1.2 1 0 0
1 29575 24.2907 -54.8214 -33.5958 0.608153 1.2 1 0 0
1 29576 25.0306 -54.9205 -34.7335 0.694204 1.2 1 0 0
1 29577 23.9323 -53.0176 -34.6443 1.5 1.2 1 0 0
1 29578 23.364 -54.9529 -35.732 0.78764 1.2 1 0 0
1 29614 25.3821 -56.2145 -33.4061 1.17103 1.2 1 0 0
1 29615 25.0255 -57.9631 -33.5368 0.602424 1.2 1 0 0
1 29616 24.357 -57.3541 -34.3454 0.601822 1.2 1 0 0
1 29620 23.3456 -56.2195 -31.8733 0.592936 1.2 1 0 0
1 29621 24.2135 -56.229 -32.357 0.39944 1.2 1 0 0
1 29623 22.0149 -59.4168 -31.8617 1.5 1.2 1 0 0
1 29632 21.6543 -56.6854 -31.4172 1.21765 1.2 1 0 0
1 29639 23.4965 -58.4594 -33.6868 0.938309 1.2 1 0 0
1 29643 23.2754 -51.7779 -36.489 0.797149 1.2 1 0 0
1 29938 37.0287 -46.2434 -21.8606 0.697529 1.2 1 0 0
1 29939 35.5132 -46.3094 -23.0633 0.894699 1.2 1 0 0
1 29940 36.7473 -47.0887 -22.8189 0.547218 1.2 1 0 0
1 29941 35.9965 -46.5159 -21.9894 0.290506 1.2 1 0 0
1 29944 35.2933 -45.2665 -20.9168 1.5 1.2 1 0 0
1 29945 37.4404 -45.3502 -20.7729 0.639699 1.2 1 0 0
1 29948 36.6603 -44.4414 -22.7884 0.92281 1.2 1 0 0
1 29950 33.1157 -45.5714 -19.466 1.13436 1.2 1 0 0
1 29951 32.4538 -47.4596 -21.198 1.5 1.2 1 0 0
1 29952 32.4799 -44.8707 -21.5683 1.11209 1.2 1 0 0
1 29953 29.938 -46.5435 -21.104 0.809234 1.2 1 0 0
1 29954 29.3722 -47.7192 -21.83 0.683964 1.2 1 0 0
1 29955 30.7873 -47.0366 -20.5236 0.331502 1.2 1 0 0
1 29956 31.9981 -46.4837 -18.2089 0.731774 1.2 1 0 0
1 29957 31.1436 -46.6621 -19.4755 0.806474 1.2 1 0 0
1 29958 30.9991 -45.9607 -22.1431 0.746507 1.2 1 0 0
1 29959 31.1346 -45.8871 -20.6889 0.614733 1.2 1 0 0
1 29961 35.6048 -48.1088 -21.6375 1.38709 1.2 1 0 0
1 29962 33.4699 -46.851 -18.6162 0.436025 1.2 1 0 0
1 29963 33.8332 -48.7547 -22.0181 0.514517 1.2 1 0 0
1 29964 34.2362 -46.7646 -21.612 0.450345 1.2 1 0 0
1 29965 33.6668 -45.9594 -21.8829 0.511725 1.2 1 0 0
1 29966 34.0607 -47.2784 -22.4363 0.536737 1.2 1 0 0
1 29975 35.5042 -44.8916 -24.7393 1.3006 1.2 1 0 0
1 29984 31.4147 -47.5377 -25.0313 1.0766 1.2 1 0 0
1 29985 31.0879 -46.0791 -25.8998 0.612908 1.2 1 0 0
1 29986 31.7527 -46.8097 -26.416 0.493784 1.2 1 0 0
1 29987 31.1625 -46.1649 -24.1445 0.486311 1.2 1 0 0
1 29988 33.1197 -46.035 -23.8173 1.5 1.2 1 0 0
1 29989 30.4733 -48.3445 -22.6255 0.734718 1.2 1 0 0
1 29990 31.3545 -47.2677 -23.1596 0.750538 1.2 1 0 0
1 29991 31.7442 -49.1663 -25.4029 0.522897 1.2 1 0 0
1 29992 32.243 -48.5436 -27.2693 1.5 1.2 1 0 0
1 29993 35.6048 -49.4249 -23.5015 0.894734 1.2 1 0 0
1 29994 34.8797 -47.3102 -23.9541 0.587311 1.2 1 0 0
1 29995 35.9734 -46.855 -24.4878 0.698609 1.2 1 0 0
1 29996 33.6604 -49.9873 -24.8202 1.5 1.2 1 0 0
1 29997 32.9947 -48.0155 -24.5306 0.601198 1.2 1 0 0
1 29998 33.0404 -48.6713 -23.0435 0.784335 1.2 1 0 0
1 29999 34.414 -48.5369 -23.2443 0.61035 1.2 1 0 0
1 30000 34.5295 -47.4674 -25.8746 1.36651 1.2 1 0 0
1 30001 34.4093 -49.1853 -26.9281 0.651063 1.2 1 0 0
1 30002 33.3282 -49.574 -26.4403 0.204749 1.2 1 0 0
1 30003 34.9306 -45.259 -26.7665 0.797163 1.2 1 0 0
1 30004 34.1951 -46.0634 -26.6956 0.293994 1.2 1 0 0
1 30005 32.7595 -45.2064 -26.5556 1.38351 1.2 1 0 0
1 30006 34.1218 -45.7503 -25.4622 0.445945 1.2 1 0 0
1 30007 34.3177 -46.3867 -27.6844 0.751361 1.2 1 0 0
1 30008 32.8898 -46.594 -28.9188 1.13439 1.2 1 0 0
1 30009 33.5711 -47.2616 -27.6507 0.384927 1.2 1 0 0
1 30015 37.0354 -46.7918 -19.8101 1.06566 1.2 1 0 0
1 30016 37.8545 -45.9026 -18.4616 0.721539 1.2 1 0 0
1 30017 33.6488 -46.5439 -16.6996 1.5 1.2 1 0 0
1 30018 35.0512 -46.5068 -18.7257 0.923751 1.2 1 0 0
1 30019 37.8806 -46.2591 -16.522 0.789683 1.2 1 0 0
1 30020 37.9576 -44.539 -15.1207 1.11658 1.2 1 0 0
1 30021 36.7601 -45.6261 -15.4934 0.543164 1.2 1 0 0
1 30022 35.6048 -46.4802 -15.4953 0.769751 1.2 1 0 0
1 30023 34.6405 -44.6406 -15.489 0.943225 1.2 1 0 0
1 30024 35.1419 -45.6605 -16.0528 0.324279 1.2 1 0 0
1 30025 37.3678 -44.4103 -19.466 0.971701 1.2 1 0 0
1 30039 29.1038 -46.917 -25.7072 0.529246 1.2 1 0 0
1 30040 29.4769 -47.1502 -26.4266 0.314001 1.2 1 0 0
1 30042 27.2736 -44.0511 -26.3567 1.078 1.2 1 0 0
1 30043 29.2751 -46.6044 -23.7086 1.5 1.2 1 0 0
1 30045 28.446 -44.6496 -24.8388 0.882536 1.2 1 0 0
1 30047 29.3939 -45.463 -27.0928 1.5 1.2 1 0 0
1 30056 30.7651 -43.9769 -24.8337 1.5 1.2 1 0 0
1 30060 31.2851 -43.4967 -29.8183 1.5 1.2 1 0 0
1 30061 31.7658 -45.7702 -30.5717 0.921822 1.2 1 0 0
1 30065 25.9562 -51.0269 -24.293 0.58678 1.2 1 0 0
1 30066 25.5793 -51.8875 -24.2174 0.355752 1.2 1 0 0
1 30067 22.4044 -53.5647 -23.9662 0.851382 1.2 1 0 0
1 30068 23.9317 -53.9193 -25.0786 1.05556 1.2 1 0 0
1 30073 22.7775 -51.8735 -25.0045 0.755373 1.2 1 0 0
1 30074 23.691 -52.1472 -25.8333 0.155733 1.2 1 0 0
1 30075 24.0979 -50.2236 -22.0781 0.672541 1.2 1 0 0
1 30076 22.5292 -50.7329 -22.0745 0.821831 1.2 1 0 0
1 30077 23.4262 -50.4578 -25.2857 0.508904 1.2 1 0 0
1 30078 24.8963 -51.3502 -25.8166 1.28735 1.2 1 0 0
1 30080 23.7272 -49.7253 -23.9576 0.983 1.2 1 0 0
1 30081 23.4777 -49.2277 -25.6228 0.716402 1.2 1 0 0
1 30082 24.1838 -49.3449 -26.5608 0.463545 1.2 1 0 0
1 30083 23.0473 -50.2342 -26.8825 0.950004 1.2 1 0 0
1 30105 26.9018 -48.8765 -18.0856 1.26482 1.2 1 0 0
1 30106 27.2591 -47.8313 -20.1835 1.03634 1.2 1 0 0
1 30107 24.9196 -52.4555 -19.3849 1.29045 1.2 1 0 0
1 30108 25.9648 -51.2335 -19.3574 0.314609 1.2 1 0 0
1 30109 25.4861 -50.5685 -18.3196 0.94933 1.2 1 0 0
1 30110 25.4139 -49.2926 -18.8673 0.44099 1.2 1 0 0
1 30111 23.7617 -48.4653 -17.1534 1.03246 1.2 1 0 0
1 30112 24.6525 -49.3726 -18.2046 0.498445 1.2 1 0 0
1 30113 23.2273 -49.7842 -16.3183 0.59823 1.2 1 0 0
1 30115 24.2036 -48.1961 -19.4868 1.29867 1.2 1 0 0
1 30116 22.8693 -47.1294 -20.3089 0.595632 1.2 1 0 0
1 30117 23.7826 -46.9889 -20.5822 0.367961 1.2 1 0 0
1 30118 23.6464 -51.12 -19.0898 0.57816 1.2 1 0 0
1 30119 23.7325 -51.0463 -20.694 0.967386 1.2 1 0 0
1 30120 23.0538 -52.4956 -20.923 0.649209 1.2 1 0 0
1 30121 25.9785 -46.5587 -24.206 0.339536 1.2 1 0 0
1 30122 27.0631 -46.2713 -25.4444 1.33151 1.2 1 0 0
1 30123 25.0414 -46.3864 -25.2402 0.69919 1.2 1 0 0
1 30124 25.3522 -45.1495 -24.9876 0.600921 1.2 1 0 0
1 30126 23.0333 -47.1786 -24.8202 1.5 1.2 1 0 0
1 30127 27.5625 -48.7534 -21.619 0.69628 1.2 1 0 0
1 30128 24.5238 -48.7026 -23.2717 0.483613 1.2 1 0 0
1 30131 24.5219 -47.9095 -27.4762 1.09786 1.2 1 0 0
1 30132 23.1651 -48.7317 -26.7655 0.561565 1.2 1 0 0
1 30133 23.7356 -46.7578 -26.6632 0.516356 1.2 1 0 0
1 30134 35.6412 -51.9749 -20.0482 0.696568 1.2 1 0 0
1 30135 36.0356 -51.395 -20.991 0.478498 1.2 1 0 0
1 30136 34.1756 -54.0741 -22.0653 0.505174 1.2 1 0 0
1 30137 34.2242 -54.8765 -20.9317 0.542001 1.2 1 0 0
1 30138 34.0017 -52.4963 -18.5639 1.5 1.2 1 0 0
1 30139 34.2086 -54.7795 -19.466 0.924398 1.2 1 0 0
1 30140 34.7766 -54.565 -17.9074 0.748247 1.2 1 0 0
1 30141 32.1431 -53.6659 -19.6097 0.926189 1.2 1 0 0
1 30142 31.1377 -53.8759 -18.5612 0.541557 1.2 1 0 0
1 30143 31.5978 -52.6139 -18.3741 0.785761 1.2 1 0 0
1 30144 34.8992 -51.5351 -23.8106 0.724762 1.2 1 0 0
1 30145 31.8618 -51.7884 -24.6523 0.905714 1.2 1 0 0
1 30146 34.4323 -52.4048 -24.8202 0.586093 1.2 1 0 0
1 30147 30.6503 -49.9873 -20.9556 0.484311 1.2 1 0 0
1 30148 31.7175 -49.3836 -22.329 0.84587 1.2 1 0 0
1 30149 28.5059 -50.2757 -21.3114 1.12088 1.2 1 0 0
1 30150 29.355 -49.2635 -21.3154 0.199104 1.2 1 0 0
1 30151 28.8591 -48.7516 -21.6502 0.479854 1.2 1 0 0
1 30152 29.8514 -48.5363 -19.8622 1.5 1.2 1 0 0
1 30153 31.2436 -49.4837 -19.1107 0.344012 1.2 1 0 0
1 30154 28.0552 -49.9511 -19.4464 0.817621 1.2 1 0 0
1 30155 29.1368 -49.9089 -18.6919 0.440166 1.2 1 0 0
1 30156 29.2934 -48.659 -17.2142 1.20889 1.2 1 0 0
1 30157 29.1948 -50.6073 -17.6939 0.772164 1.2 1 0 0
1 30158 25.8604 -52.9631 -16.8073 1.5 1.2 1 0 0
1 30159 27.4632 -50.9227 -17.1223 1.06495 1.2 1 0 0
1 30160 28.374 -52.8869 -18.3411 1.41964 1.2 1 0 0
1 30161 30.0437 -52.317 -16.7309 0.951023 1.2 1 0 0
1 30162 28.6052 -51.9604 -16.6227 0.507772 1.2 1 0 0
1 30163 30.2505 -52.0836 -20.4285 1.5 1.2 1 0 0
1 30164 28.2403 -53.232 -21.651 0.59314 1.2 1 0 0
1 30165 29.2142 -50.8347 -22.7298 0.52008 1.2 1 0 0
1 30166 30.368 -49.9691 -24.1564 1.5 1.2 1 0 0
1 30167 37.2335 -49.0931 -19.1266 0.506141 1.2 1 0 0
1 30168 36.7836 -49.4093 -20.8188 0.546868 1.2 1 0 0
1 30169 35.9686 -52.418 -17.8079 0.608619 1.2 1 0 0
1 30170 36.1013 -51.9101 -18.8649 0.57155 1.2 1 0 0
1 30171 36.6333 -47.9067 -17.5346 1.5 1.2 1 0 0
1 30172 36.9487 -49.9495 -17.8993 0.598947 1.2 1 0 0
1 30173 35.2652 -49.9259 -18.1559 0.377085 1.2 1 0 0
1 30174 36.0238 -48.7072 -15.8899 0.424732 1.2 1 0 0
1 30175 35.6048 -50.5182 -16.3892 1.5 1.2 1 0 0
1 30176 33.4842 -50.9263 -16.8165 0.701367 1.2 1 0 0
1 30177 33.5274 -52.2732 -16.7678 0.370968 1.2 1 0 0
1 30178 34.2259 -50.6893 -19.6858 0.62706 1.2 1 0 0
1 30179 34.5501 -49.182 -20.5844 0.440445 1.2 1 0 0
1 30180 31.7234 -57.0077 -21.3951 0.552009 1.2 1 0 0
1 30181 31.4257 -57.9616 -22.4937 0.450516 1.2 1 0 0
1 30182 32.9277 -57.7637 -20.6833 0.621541 1.2 1 0 0
1 30183 31.5317 -57.3539 -22.1165 0.27075 1.2 1 0 0
1 30184 30.8619 -54.5356 -21.3837 1.18852 1.2 1 0 0
1 30185 29.8032 -56.9307 -22.1417 1.5 1.2 1 0 0
1 30186 28.7871 -54.3286 -20.3701 1.10155 1.2 1 0 0
1 30187 29.8701 -55.8433 -19.8478 0.830472 1.2 1 0 0
1 30188 30.2507 -55.2117 -22.6578 0.349726 1.2 1 0 0
1 30189 28.4228 -54.5725 -23.0893 1.38141 1.2 1 0 0
1 30190 33.5614 -56.6666 -17.8087 0.848349 1.2 1 0 0
1 30191 32.763 -58.1719 -18.7388 0.747333 1.2 1 0 0
1 30192 33.0352 -55.4649 -22.193 1.28856 1.2 1 0 0
1 30193 32.1784 -56.6053 -22.9917 0.345253 1.2 1 0 0
1 30194 31.6513 -56.4632 -22.4406 0.429537 1.2 1 0 0
1 30195 33.675 -50.4152 -27.4118 0.860852 1.2 1 0 0
1 30196 33.1956 -51.3138 -27.0313 0.226431 1.2 1 0 0
1 30197 33.2822 -51.5907 -28.2655 0.579324 1.2 1 0 0
1 30198 32.2625 -52.6098 -29.0985 0.682068 1.2 1 0 0
1 30199 33.8389 -51.7265 -26.3268 0.807901 1.2 1 0 0
1 30200 33.2373 -53.6436 -25.4707 0.992416 1.2 1 0 0
1 30201 33.5792 -52.3221 -27.4664 0.467577 1.2 1 0 0
1 30202 31.1685 -52.1888 -30.1878 0.908404 1.2 1 0 0
1 30203 32.0639 -50.4269 -29.2554 1.23789 1.2 1 0 0
1 30204 33.4227 -49.332 -28.7805 0.570627 1.2 1 0 0
1 30205 28.8791 -51.1384 -25.2261 0.612512 1.2 1 0 0
1 30206 28.0803 -51.6829 -24.9601 0.362968 1.2 1 0 0
1 30207 28.5551 -52.3382 -24.7024 0.415985 1.2 1 0 0
1 30208 26.6968 -51.8882 -25.0846 0.488917 1.2 1 0 0
1 30209 26.2442 -51.9098 -26.504 0.323784 1.2 1 0 0
1 30210 27.3669 -50.5769 -25.3288 1.00384 1.2 1 0 0
1 30211 28.5721 -49.8317 -24.9496 0.463001 1.2 1 0 0
1 30212 30.0021 -52.368 -24.9791 1.0573 1.2 1 0 0
1 30213 31.0889 -53.3149 -25.6781 0.469836 1.2 1 0 0
1 30214 29.594 -50.9119 -26.5828 0.88695 1.2 1 0 0
1 30215 29.8239 -49.9008 -25.8768 0.305675 1.2 1 0 0
1 30216 30.6426 -51.1719 -25.6686 0.436671 1.2 1 0 0
1 30217 30.8441 -51.444 -24.8169 0.181214 1.2 1 0 0
1 30218 29.2665 -51.7609 -28.0268 0.817674 1.2 1 0 0
1 30219 29.7719 -52.486 -26.7356 0.443648 1.2 1 0 0
1 30220 29.3764 -54.106 -31.6493 0.561083 1.2 1 0 0
1 30221 29.3552 -55.9413 -30.2803 0.850765 1.2 1 0 0
1 30222 26.1083 -54.5554 -32.0227 0.161089 1.2 1 0 0
1 30223 27.5834 -55.0224 -31.5571 1.45462 1.2 1 0 0
1 30224 28.3352 -52.6644 -31.1477 0.603826 1.2 1 0 0
1 30225 28.6724 -53.9721 -32.5389 0.348973 1.2 1 0 0
1 30226 27.9299 -52.938 -32.6764 0.928649 1.2 1 0 0
1 30227 25.9381 -56.4223 -27.0252 0.699947 1.2 1 0 0
1 30228 24.945 -55.3656 -28.6772 1.49524 1.2 1 0 0
1 30229 22.9185 -52.7955 -27.1464 1.5 1.2 1 0 0
1 30230 23.6495 -51.8233 -28.7721 0.51033 1.2 1 0 0
1 30231 25.7555 -52.3599 -27.5969 0.920298 1.2 1 0 0
1 30232 24.9724 -53.5926 -26.9316 0.677011 1.2 1 0 0
1 30233 23.4419 -56.1206 -30.3168 0.772703 1.2 1 0 0
1 30234 23.1729 -54.9429 -27.5001 0.670601 1.2 1 0 0
1 30235 23.1163 -54.2625 -28.6854 0.630508 1.2 1 0 0
1 30236 26.3 -53.6315 -30.4869 0.71955 1.2 1 0 0
1 30237 26.4198 -54.7729 -29.9552 0.541003 1.2 1 0 0
1 30238 25.5402 -54.155 -29.9453 0.350413 1.2 1 0 0
1 30239 28.3948 -58.0186 -30.4767 0.640293 1.2 1 0 0
1 30240 28.6021 -59.0263 -30.0398 0.453024 1.2 1 0 0
1 30241 25.7292 -56.2633 -30.6126 0.777807 1.2 1 0 0
1 30242 25.0835 -57.2369 -29.5269 0.564591 1.2 1 0 0
1 30243 24.5043 -57.8748 -31.56 1.44376 1.2 1 0 0
1 30244 27.5994 -56.7581 -28.9202 1.5 1.2 1 0 0
1 30245 25.9424 -58.0186 -29.4222 0.392817 1.2 1 0 0
1 30246 26.9414 -57.5139 -31.2538 1.03894 1.2 1 0 0
1 30247 26.3195 -59.0081 -31.597 0.604925 1.2 1 0 0
1 30248 26.0891 -57.7372 -32.8515 0.588688 1.2 1 0 0
1 30249 25.9987 -56.9982 -32.1987 0.39203 1.2 1 0 0
1 30250 29.4062 -57.9703 -25.2061 0.86799 1.2 1 0 0
1 30251 30.2223 -56.368 -26.7903 1.5 1.2 1 0 0
1 30252 28.6756 -57.6043 -27.5091 0.372892 1.2 1 0 0
1 30253 28.5246 -57.6534 -26.0858 0.412269 1.2 1 0 0
1 30254 29.2132 -57.7923 -26.3622 0.297295 1.2 1 0 0
1 30255 27.9579 -57.0125 -26.8716 0.595268 1.2 1 0 0
1 30256 32.1968 -56.0163 -25.5156 0.876384 1.2 1 0 0
1 30257 30.6191 -59.3877 -25.4188 0.998595 1.2 1 0 0
1 30258 31.3973 -58.0186 -26.0639 0.646125 1.2 1 0 0
1 30259 30.6001 -57.6978 -25.4664 0.383907 1.2 1 0 0
1 30260 29.6133 -57.948 -28.5404 0.869792 1.2 1 0 0
1 30261 29.0011 -59.2791 -29.0241 0.649116 1.2 1 0 0
1 30262 27.839 -54.4962 -25.1035 0.716245 1.2 1 0 0
1 30263 27.4473 -56.6792 -24.842 1.5 1.2 1 0 0
1 30264 25.2265 -55.3415 -23.6207 1.35788 1.2 1 0 0
1 30265 25.9565 -53.1733 -24.6779 1.04743 1.2 1 0 0
1 30266 27.1639 -54.34 -26.9743 0.306151 1.2 1 0 0
1 30267 26.0698 -54.7916 -26.1361 1.13255 1.2 1 0 0
1 30268 28.9924 -53.7122 -24.8202 0.631394 1.2 1 0 0
1 30269 30.2626 -54.4819 -25.8361 0.512928 1.2 1 0 0
1 30270 29.3141 -55.3415 -24.9592 0.773777 1.2 1 0 0
1 30271 29.6052 -56.6592 -24.3535 0.705375 1.2 1 0 0
1 30272 31.5555 -55.1041 -27.9157 0.644457 1.2 1 0 0
1 30273 31.4461 -54.231 -28.9832 0.738986 1.2 1 0 0
1 30274 31.625 -55.2301 -28.8349 0.286031 1.2 1 0 0
1 30275 28.57 -54.1412 -27.6787 0.472609 1.2 1 0 0
1 30276 28.3314 -54.912 -28.3148 0.553077 1.2 1 0 0
1 30277 29.4986 -55.0847 -28.1717 0.519669 1.2 1 0 0
1 30278 31.7146 -54.4276 -26.4587 0.962601 1.2 1 0 0
1 30279 31.0362 -54.4801 -27.4805 0.262703 1.2 1 0 0
1 30280 29.947 -53.9147 -27.2046 0.995088 1.2 1 0 0
1 30281 30.9714 -54.6429 -29.9313 0.398431 1.2 1 0 0
1 30282 29.3034 -57.4071 -29.925 0.576664 1.2 1 0 0
1 30283 30.5706 -55.5186 -28.9273 0.80537 1.2 1 0 0
1 30284 31.0735 -49.9873 -31.0647 0.720272 1.2 1 0 0
1 30285 30.7184 -49.1692 -30.4966 0.337193 1.2 1 0 0
1 30286 31.0363 -49.4229 -29.9286 0.336796 1.2 1 0 0
1 30287 29.327 -46.1135 -30.9442 1.5 1.2 1 0 0
1 30288 30.9827 -46.806 -29.9781 0.490826 1.2 1 0 0
1 30289 31.2146 -47.0487 -31.3342 0.634344 1.2 1 0 0
1 30290 31.0111 -48.9884 -28.8565 0.55779 1.2 1 0 0
1 30291 31.7006 -48.192 -30.1531 1.07982 1.2 1 0 0
1 30292 24.8963 -50.2716 -28.4908 1.5 1.2 1 0 0
1 30293 25.5645 -48.3902 -28.7802 0.517302 1.2 1 0 0
1 30294 25.9227 -48.8912 -29.4883 0.42012 1.2 1 0 0
1 30295 27.3322 -51.5455 -28.7289 1.11458 1.2 1 0 0
1 30296 26.857 -50.5115 -27.1192 0.856747 1.2 1 0 0
1 30297 25.2519 -51.2432 -29.9901 0.321644 1.2 1 0 0
1 30298 27.0052 -49.5787 -30.1485 0.79797 1.2 1 0 0
1 30299 30.0449 -47.4998 -28.7459 1.19626 1.2 1 0 0
1 30300 28.3049 -47.3024 -28.191 0.640688 1.2 1 0 0
1 30301 28.557 -48.223 -29.0366 0.483382 1.2 1 0 0
1 30302 27.1655 -46.1506 -28.0126 0.988709 1.2 1 0 0
1 30303 26.8747 -47.2121 -28.6288 0.272705 1.2 1 0 0
1 30304 27.9617 -46.8557 -26.943 0.502905 1.2 1 0 0
1 30305 28.5822 -48.7276 -26.5933 1.5 1.2 1 0 0
1 30306 28.3751 -46.1812 -29.0599 0.611542 1.2 1 0 0
1 30307 27.976 -47.3089 -29.6136 0.706623 1.2 1 0 0
1 30308 29.6719 -51.7524 -31.5313 1.04842 1.2 1 0 0
1 30309 31.0776 -51.1839 -31.2553 0.490904 1.2 1 0 0
1 30310 28.8379 -52.6642 -31.96 0.25957 1.2 1 0 0
1 30311 26.5505 -51.5506 -31.2373 1.5 1.2 1 0 0
1 30312 28.6386 -51.8391 -29.6508 0.47884 1.2 1 0 0
1 30313 29.3361 -49.9873 -29.5171 1.5 1.2 1 0 0
1 30314 28.0582 -51.3225 -30.0496 0.394599 1.2 1 0 0
1 30315 29.4937 -50.2067 -32.4173 0.705178 1.2 1 0 0
1 30316 28.4324 -50.3614 -31.4808 0.669358 1.2 1 0 0
1 30317 28.7959 -49.4296 -31.5379 0.331542 1.2 1 0 0
1 30318 28.2358 -51.1212 -32.9108 0.880337 1.2 1 0 0
1 30835 33.605 -49.5067 -10.2356 1.5 1.2 1 0 0
1 30837 30.8134 -48.4716 -10.1177 1.4525 1.2 1 0 0
1 30854 36.3002 -50.534 -11.1515 0.868436 1.2 1 0 0
1 30886 37.6169 -44.3396 -11.434 1.22484 1.2 1 0 0
1 30887 35.9824 -45.0693 -13.4885 1.5 1.2 1 0 0
1 30888 34.7008 -46.5758 -13.0173 0.533254 1.2 1 0 0
1 30889 35.051 -48.228 -14.1573 1.5 1.2 1 0 0
1 30890 31.7217 -47.302 -12.9566 0.57156 1.2 1 0 0
1 30891 32.9391 -47.3102 -13.6971 0.424446 1.2 1 0 0
1 30892 33.3333 -47.3205 -11.9825 1.31161 1.2 1 0 0
1 30893 33.4937 -45.6199 -12.6755 0.511482 1.2 1 0 0
1 30894 33.6722 -46.1127 -14.1118 1.01262 1.2 1 0 0
1 30895 34.5118 -46.6899 -15.0594 0.35908 1.2 1 0 0
1 30896 33.2631 -47.3102 -14.9016 0.47908 1.2 1 0 0
1 30898 34.2803 -45.0429 -11.7266 0.849414 1.2 1 0 0
1 30899 35.6048 -45.8156 -9.94658 1.5 1.2 1 0 0
1 30903 37.2513 -48.3796 -13.3378 0.828039 1.2 1 0 0
1 30904 36.6764 -48.8172 -14.1118 0.229527 1.2 1 0 0
1 30906 36.2105 -48.2743 -11.3668 1.40332 1.2 1 0 0
1 30907 35.803 -46.3472 -11.9019 0.535981 1.2 1 0 0
1 30908 37.3255 -47.0571 -14.7839 1.12447 1.2 1 0 0
1 30909 35.9183 -46.6503 -14.3855 0.314803 1.2 1 0 0
1 30966 23.0576 -57.5246 -11.467 0.555956 1.2 1 0 0
1 30971 24.6149 -56.6798 -12.4352 0.383726 1.2 1 0 0
1 31018 31.1618 -63.029 -13.5136 -0.0325663 1.2 1 0 0
1 31030 27.5479 -59.053 -12.5656 0.313528 1.2 1 0 0
1 31034 28.1293 -59.338 -13.701 0.450339 1.2 1 0 0
1 31035 30.11 -59.9886 -14.1557 -0.00269647 1.2 1 0 0
1 31138 27.7194 -51.0408 -10.9904 1.11252 1.2 1 0 0
1 31139 25.5051 -49.5593 -10.0859 1.5 1.2 1 0 0
1 31142 28.3243 -48.919 -10.6228 1.08254 1.2 1 0 0
1 31144 23.2495 -51.8401 -11.1541 1.27482 1.2 1 0 0
1 31146 22.9043 -53.5757 -13.0659 0.589155 1.2 1 0 0
1 31147 23.5601 -53.6954 -14.5009 0.891446 1.2 1 0 0
1 31148 23.8463 -52.6644 -13.228 0.724607 1.2 1 0 0
1 31149 23.9178 -54.5841 -13.6869 0.3657 1.2 1 0 0
1 31151 25.6108 -54.5865 -12.1578 0.441755 1.2 1 0 0
1 31152 26.7586 -53.5984 -11.1638 1.36903 1.2 1 0 0
1 31156 23.3859 -49.1094 -11.9855 1.36885 1.2 1 0 0
1 31157 22.7653 -50.9326 -14.1118 1.5 1.2 1 0 0
1 31158 23.0945 -48.6075 -15.1479 1.06678 1.2 1 0 0
1 31159 24.5294 -48.8118 -13.8781 0.853742 1.2 1 0 0
1 31160 36.5456 -51.8519 -15.3193 0.436742 1.2 1 0 0
1 31161 36.6663 -51.3559 -14.0982 0.482704 1.2 1 0 0
1 31162 35.4979 -52.4846 -14.3048 1.15296 1.2 1 0 0
1 31163 36.2513 -51.4523 -13.0968 0.605617 1.2 1 0 0
1 31165 31.9746 -51.4131 -13.0683 0.641057 1.2 1 0 0
1 31166 31.2681 -52.1954 -13.8262 0.528851 1.2 1 0 0
1 31167 31.8928 -48.9427 -12.1947 0.868091 1.2 1 0 0
1 31168 33.2257 -51.0916 -11.4147 0.51145 1.2 1 0 0
1 31169 32.0874 -50.4111 -11.5458 0.696363 1.2 1 0 0
1 31171 31.8263 -48.6339 -14.5416 1.5 1.2 1 0 0
1 31172 31.1118 -50.901 -14.1118 0.767978 1.2 1 0 0
1 31173 31.2087 -51.7404 -16.0082 0.512409 1.2 1 0 0
1 31174 34.9671 -54.2676 -13.3124 0.955205 1.2 1 0 0
1 31175 34.5312 -54.5173 -11.9999 0.450135 1.2 1 0 0
1 31176 34.9776 -55.341 -12.2868 0.526282 1.2 1 0 0
1 31177 33.1599 -52.6498 -12.986 0.595807 1.2 1 0 0
1 31178 33.6664 -51.8287 -13.1465 0.37253 1.2 1 0 0
1 31179 34.3735 -51.6646 -13.5239 0.441275 1.2 1 0 0
1 31180 33.0878 -54.2237 -14.4959 0.69681 1.2 1 0 0
1 31181 33.953 -54.7571 -14.0734 0.403864 1.2 1 0 0
1 31182 35.862 -52.7103 -16.1779 0.717206 1.2 1 0 0
1 31183 34.5353 -52.3668 -16.4603 0.625515 1.2 1 0 0
1 31184 34.7627 -51.9474 -15.526 0.369876 1.2 1 0 0
1 31185 34.881 -52.6644 -15.622 0.304911 1.2 1 0 0
1 31186 34.5276 -49.2777 -15.5511 0.321663 1.2 1 0 0
1 31187 33.5103 -49.8167 -15.6337 0.829699 1.2 1 0 0
1 31188 28.1951 -52.0473 -13.145 1.06617 1.2 1 0 0
1 31189 30.3751 -52.6644 -12.9532 0.805228 1.2 1 0 0
1 31190 29.6406 -52.1202 -15.5824 0.261106 1.2 1 0 0
1 31191 27.7372 -49.246 -13.0762 1.20691 1.2 1 0 0
1 31192 29.2223 -48.4453 -12.1823 0.674734 1.2 1 0 0
1 31193 29.6146 -48.5647 -13.6998 0.867493 1.2 1 0 0
1 31194 29.9879 -50.4809 -12.1872 1.5 1.2 1 0 0
1 31196 28.6577 -51.6717 -11.8518 0.308944 1.2 1 0 0
1 31197 29.6357 -48.2726 -15.3243 0.715648 1.2 1 0 0
1 31198 29.1464 -50.4288 -15.1491 1.5 1.2 1 0 0
1 31199 30.365 -49.6435 -13.8845 0.393825 1.2 1 0 0
1 31200 25.985 -53.3931 -14.1801 1.12696 1.2 1 0 0
1 31201 25.69 -54.6889 -13.9366 0.223336 1.2 1 0 0
1 31202 26.4145 -56.6431 -14.6334 0.451707 1.2 1 0 0
1 31203 26.7228 -54.9626 -14.3186 0.610625 1.2 1 0 0
1 31204 26.9135 -54.2292 -12.9703 0.550118 1.2 1 0 0
1 31205 26.4582 -56.3179 -12.6679 1.5 1.2 1 0 0
1 31206 25.3181 -54.6448 -13.2147 0.588731 1.2 1 0 0
1 31207 28.4647 -53.1818 -15.2494 1.33552 1.2 1 0 0
1 31208 28.2491 -54.2265 -16.8289 0.570459 1.2 1 0 0
1 31209 27.6284 -54.761 -16.3543 0.376212 1.2 1 0 0
1 31210 27.5762 -55.205 -12.0604 0.190469 1.2 1 0 0
1 31211 27.7148 -55.3415 -11.2654 0.621145 1.2 1 0 0
1 31215 24.6148 -51.4356 -16.1377 0.390138 1.2 1 0 0
1 31216 24.4944 -51.7935 -15.0553 0.64973 1.2 1 0 0
1 31217 26.1435 -49.4182 -13.8469 0.570266 1.2 1 0 0
1 31218 25.8623 -48.4876 -14.2777 0.493086 1.2 1 0 0
1 31219 25.5296 -49.7098 -15.8347 1.5 1.2 1 0 0
1 31220 26.8945 -51.5669 -15.107 0.916823 1.2 1 0 0
1 31223 33.446 -56.5247 -9.96355 1.41337 1.2 1 0 0
1 31227 34.502 -54.4629 -10.5635 0.97764 1.2 1 0 0
1 31230 29.4854 -53.8371 -9.57545 1.5 1.2 1 0 0
1 31237 31.9116 -52.54 -11.3141 1.44487 1.2 1 0 0
1 31259 34.2303 -56.924 -13.3946 0.655131 1.2 1 0 0
1 31260 33.3131 -56.6787 -13.9049 0.408249 1.2 1 0 0
1 31261 34.4369 -55.8496 -14.3803 0.817507 1.2 1 0 0
1 31262 32.2981 -59.4052 -15.2923 0.161315 1.2 1 0 0
1 31263 32.7375 -60.5364 -13.1831 -0.00192708 1.2 1 0 0
1 31264 31.4448 -57.6916 -14.3501 0.859668 1.2 1 0 0
1 31265 30.5368 -58.6928 -14.3126 0.349946 1.2 1 0 0
1 31266 30.6688 -59.7533 -14.5572 -0.000354666 1.2 1 0 0
1 31267 27.6697 -57.9761 -12.8243 0.559543 1.2 1 0 0
1 31268 28.2134 -56.1618 -15.1756 1.48564 1.2 1 0 0
1 31269 27.9266 -57.5665 -13.7976 0.476073 1.2 1 0 0
1 31271 34.145 -57.0556 -12.0339 0.713546 1.2 1 0 0
1 31274 29.5858 -55.7985 -11.0615 0.708422 1.2 1 0 0
1 31275 31.0464 -54.2906 -12.1665 0.653762 1.2 1 0 0
1 31280 32.6366 -56.2325 -15.7319 1.46603 1.2 1 0 0
1 31281 33.071 -57.9938 -16.9744 0.732728 1.2 1 0 0
1 31282 34.0461 -57.089 -16.5215 0.361559 1.2 1 0 0
1 31283 30.2505 -54.7502 -16.9417 1.5 1.2 1 0 0
1 31284 29.8706 -55.0556 -14.9959 0.498271 1.2 1 0 0
1 31285 30.0648 -56.7048 -16.0752 0.605537 1.2 1 0 0
1 31286 30.4919 -56.3189 -14.7496 0.837609 1.2 1 0 0
1 31287 31.101 -53.9893 -14.3865 1.24013 1.2 1 0 0
1 31288 31.8398 -54.5768 -15.8745 0.376997 1.2 1 0 0
1 31289 29.0187 -59.3449 -17.5668 0.787017 1.2 1 0 0
1 31290 29.8474 -58.0186 -18.13 0.520349 1.2 1 0 0
1 31291 27.3272 -55.5997 -17.8534 1.36573 1.2 1 0 0
1 31292 28.1852 -56.5727 -16.8702 0.257751 1.2 1 0 0
1 31293 29.1711 -57.096 -17.2494 0.921067 1.2 1 0 0
1 31294 27.6279 -57.4803 -16.7888 0.678578 1.2 1 0 0
1 31295 28.5907 -58.3855 -15.8973 0.882542 1.2 1 0 0
1 31296 23.1157 -59.3938 -19.5096 1.5 1.2 1 0 0
1 31297 23.7498 -60.3133 -18.1029 0.296234 1.2 1 0 0
1 31298 24.8963 -61.1355 -18.5542 1.16781 1.2 1 0 0
1 31299 25.3969 -60.5783 -16.9 0.420766 1.2 1 0 0
1 31300 25.9114 -59.5123 -20.4193 1.44156 1.2 1 0 0
1 31301 24.9165 -59.2773 -18.8898 0.39809 1.2 1 0 0
1 31302 24.4346 -57.1523 -16.8927 0.558242 1.2 1 0 0
1 31303 26.0143 -57.5862 -16.8965 0.941867 1.2 1 0 0
1 31304 26.3898 -56.8072 -15.6747 0.510022 1.2 1 0 0
1 31305 26.5112 -58.5909 -14.7207 1.5 1.2 1 0 0
1 31306 26.5491 -57.452 -18.201 0.46514 1.2 1 0 0
1 31307 26.0416 -56.4862 -17.3861 0.26242 1.2 1 0 0
1 31308 27.0846 -57.1668 -21.6495 1.23755 1.2 1 0 0
1 31309 28.4442 -57.9267 -21.1169 0.392803 1.2 1 0 0
1 31310 27.6177 -55.8375 -20.0469 0.834598 1.2 1 0 0
1 31311 28.7591 -57.3931 -20.7938 0.264422 1.2 1 0 0
1 31312 25.0169 -57.9683 -20.1744 0.358775 1.2 1 0 0
1 31313 24.8642 -56.6749 -18.8482 1.5 1.2 1 0 0
1 31314 24.0992 -57.7187 -20.5643 0.649338 1.2 1 0 0
1 31315 25.4423 -57.2146 -20.7998 0.605804 1.2 1 0 0
1 31316 26.4647 -57.1213 -19.9607 0.499654 1.2 1 0 0
1 31317 25.2912 -56.324 -21.5602 0.56751 1.2 1 0 0
1 31318 27.6019 -65.2465 -21.7117 0.302177 1.2 1 0 0
1 31319 26.5848 -65.8111 -20.3354 1.5 1.2 1 0 0
1 31320 28.8365 -65.2951 -19.9802 0.837289 1.2 1 0 0
1 31321 27.9067 -65.0627 -19.364 0.302181 1.2 1 0 0
1 31322 29.0438 -66.0499 -18.791 0.586475 1.2 1 0 0
1 31323 26.4273 -64.2867 -22.6016 0.854782 1.2 1 0 0
1 31324 26.6497 -66.209 -22.9093 1.1046 1.2 1 0 0
1 31325 25.6897 -63.7067 -19.0098 1.12767 1.2 1 0 0
1 31326 24.9598 -65.3038 -19.0836 0.612971 1.2 1 0 0
1 31327 23.5232 -65.8326 -18.9473 0.516194 1.2 1 0 0
1 31330 23.9744 -63.1841 -18.5116 0.636505 1.2 1 0 0
1 31331 23.123 -64.1727 -19.3818 0.547645 1.2 1 0 0
1 31332 24.5014 -64.8703 -21.5615 1.08208 1.2 1 0 0
1 31333 23.7446 -62.6148 -20.558 1.5 1.2 1 0 0
1 31334 28.1995 -66.5711 -16.8002 0.713811 1.2 1 0 0
1 31335 26.2497 -64.8426 -17.3426 0.848328 1.2 1 0 0
1 31336 24.7914 -66.8762 -17.5956 1.5 1.2 1 0 0
1 31337 25.5248 -68.505 -16.6652 0.514132 1.2 1 0 0
1 31338 26.6806 -67.3925 -15.1358 0.518196 1.2 1 0 0
1 31339 26.5004 -67.6323 -16.39 0.72392 1.2 1 0 0
1 31340 26.6493 -68.1231 -17.9914 0.74957 1.2 1 0 0
1 31341 26.5765 -68.7146 -18.8198 0.269777 1.2 1 0 0
1 31342 25.8527 -68.0083 -19.466 0.930331 1.2 1 0 0
1 31343 25.2091 -68.4854 -20.8149 0.638559 1.2 1 0 0
1 31344 26.1862 -67.7205 -21.3908 0.708517 1.2 1 0 0
1 31345 24.9399 -67.1571 -19.388 0.320152 1.2 1 0 0
1 31346 24.3319 -66.3036 -19.916 0.830678 1.2 1 0 0
1 31347 23.9033 -66.0499 -20.9988 0.34621 1.2 1 0 0
1 31348 23.9962 -69.0519 -21.3582 0.475756 1.2 1 0 0
1 31349 23.7865 -68.4839 -21.1977 0.150634 1.2 1 0 0
1 31350 25.7121 -68.3109 -22.0883 0.284155 1.2 1 0 0
1 31351 30.5038 -61.1909 -17.3412 0.686087 1.2 1 0 0
1 31352 32.1642 -60.1682 -16.6678 0.397307 1.2 1 0 0
1 31353 28.8471 -59.7755 -15.1014 0.675932 1.2 1 0 0
1 31354 28.1069 -60.5033 -14.1312 0.104653 1.2 1 0 0
1 31355 28.5618 -59.5958 -16.2369 0.360993 1.2 1 0 0
1 31356 29.0846 -60.8564 -16.001 0.490851 1.2 1 0 0
1 31357 31.5614 -61.9094 -15.1642 -0.00902314 1.2 1 0 0
1 31358 30.3843 -60.2096 -15.5441 0.0499817 1.2 1 0 0
1 31359 30.9277 -58.5928 -16.4827 1.5 1.2 1 0 0
1 31360 29.395 -59.9239 -16.3013 0.536788 1.2 1 0 0
1 31361 27.3164 -60.7619 -16.997 1.5 1.2 1 0 0
1 31362 27.4192 -62.9501 -16.3335 0.774005 1.2 1 0 0
1 31363 26.5624 -62.1818 -15.8977 0.39931 1.2 1 0 0
1 31364 26.6008 -62.8837 -14.8191 0.88187 1.2 1 0 0
1 31365 24.994 -63.0138 -16.5725 1.5 1.2 1 0 0
1 31366 26.1619 -61.0327 -15.1207 0.657878 1.2 1 0 0
1 31367 25.7017 -60.1369 -15.8315 0.568628 1.2 1 0 0
1 31368 27.5158 -60.703 -14.7943 0.700542 1.2 1 0 0
1 31369 26.8021 -60.2403 -15.3304 0.282407 1.2 1 0 0
1 31370 26.4901 -62.2094 -18.3947 0.675173 1.2 1 0 0
1 31371 26.8643 -63.0256 -17.5472 0.559601 1.2 1 0 0
1 31372 25.5406 -61.2996 -17.1731 0.363757 1.2 1 0 0
1 31373 28.6078 -62.1587 -13.2264 -0.00825841 1.2 1 0 0
1 31374 28.1831 -65.868 -13.6302 -0.00757977 1.2 1 0 0
1 31375 29.6841 -64.4884 -16.5994 -0.00319496 1.2 1 0 0
1 31376 28.4521 -65.004 -16.1632 0.341719 1.2 1 0 0
1 31378 28.6221 -65.616 -16.0179 0.00738448 1.2 1 0 0
1 31379 30.3253 -63.1051 -18.2701 0.456365 1.2 1 0 0
1 31380 29.5735 -63.1207 -16.948 0.209528 1.2 1 0 0
1 31381 30.8523 -63.2134 -16.4786 -0.0148632 1.2 1 0 0
1 31382 28.5065 -62.4492 -15.7779 0.332209 1.2 1 0 0
1 31383 28.7603 -62.0722 -17.9696 0.678916 1.2 1 0 0
1 31384 28.447 -64.253 -17.8857 1.44979 1.2 1 0 0
1 31385 31.3963 -59.0142 -21.0052 1.35837 1.2 1 0 0
1 31386 31.5817 -60.6957 -20.3763 0.438854 1.2 1 0 0
1 31387 29.4038 -57.9244 -20.6122 0.365191 1.2 1 0 0
1 31388 28.6001 -59.5109 -21.2116 0.995238 1.2 1 0 0
1 31389 31.0839 -58.1923 -18.8837 0.938128 1.2 1 0 0
1 31390 30.9342 -59.401 -19.3762 0.373363 1.2 1 0 0
1 31391 31.3881 -59.3703 -23.1675 0.833081 1.2 1 0 0
1 31392 30.0454 -60.3181 -21.6383 0.622976 1.2 1 0 0
1 31393 28.404 -63.3616 -19.7164 0.522157 1.2 1 0 0
1 31394 28.9609 -62.5206 -20.2791 0.494903 1.2 1 0 0
1 31395 25.2787 -61.2862 -21.5731 0.677816 1.2 1 0 0
1 31396 25.3823 -61.4415 -20.1768 0.550345 1.2 1 0 0
1 31397 25.8825 -62.1745 -19.3519 0.44765 1.2 1 0 0
1 31398 27.0611 -62.3942 -20.8868 1.5 1.2 1 0 0
1 31399 27.5734 -60.6036 -19.3139 0.833363 1.2 1 0 0
1 31400 28.1745 -63.238 -22.4045 0.562816 1.2 1 0 0
1 31401 28.7122 -63.9975 -21.1753 0.818007 1.2 1 0 0
1 31402 28.2092 -64.7416 -22.7317 0.975888 1.2 1 0 0
1 31403 30.8259 -62.6577 -19.1795 0.46567 1.2 1 0 0
1 31404 29.8304 -63.47 -19.6961 0.908541 1.2 1 0 0
1 31405 29.537 -62.6375 -18.6953 0.385361 1.2 1 0 0
1 31406 29.8894 -60.9533 -19.466 1.5 1.2 1 0 0
1 31407 28.6324 -60.2056 -18.2613 0.384439 1.2 1 0 0
1 31408 30.6599 -62.7311 -20.3891 0.400791 1.2 1 0 0
1 31409 30.9932 -61.7921 -20.8693 0.472677 1.2 1 0 0
1 31410 29.9342 -62.0377 -23.8989 0.645351 1.2 1 0 0
1 31411 30.9976 -60.5094 -24.1855 0.557872 1.2 1 0 0
1 31412 27.8361 -61.7277 -22.8122 0.673038 1.2 1 0 0
1 31413 27.2876 -60.2813 -21.9018 0.656521 1.2 1 0 0
1 31414 28.6177 -58.0186 -23.5205 0.619037 1.2 1 0 0
1 31415 29.0711 -60.0979 -23.5907 1.5 1.2 1 0 0
1 31416 23.7894 -54.4325 -18.2865 1.03395 1.2 1 0 0
1 31417 23.0906 -54.5753 -20.6648 1.44355 1.2 1 0 0
1 31419 22.6503 -56.9195 -19.0211 0.729929 1.2 1 0 0
1 31421 23.3189 -57.1204 -19.9297 0.41586 1.2 1 0 0
1 31422 22.6469 -57.0462 -21.2816 1.08557 1.2 1 0 0
1 31441 22.557 -54.0795 -16.4196 1.23069 1.2 1 0 0
1 31523 21.4807 -55.8364 -23.2466 1.5 1.2 1 0 0
1 31541 21.0471 -53.0042 -22.086 1.5 1.2 1 0 0
1 31565 24.4778 -57.6889 -15.356 0.642964 1.2 1 0 0
1 31566 25.2308 -57.1885 -14.1704 0.45265 1.2 1 0 0
1 31567 25.268 -57.3172 -14.9801 0.298686 1.2 1 0 0
1 31568 21.7781 -55.3415 -14.1118 1.47698 1.2 1 0 0
1 31570 23.6738 -54.3272 -15.4276 0.235875 1.2 1 0 0
1 31572 23.2009 -56.5965 -14.9017 0.499241 1.2 1 0 0
1 31573 23.8649 -57.035 -14.9787 0.300263 1.2 1 0 0
1 31574 23.39 -57.9375 -15.4017 0.473839 1.2 1 0 0
1 31577 22.6344 -59.4885 -14.849 0.710373 1.2 1 0 0
1 31582 21.8314 -61.0231 -12.6173 1.20572 1.2 1 0 0
1 31587 27.0071 -59.7224 -13.1413 0.412801 1.2 1 0 0
1 31588 26.0861 -59.9203 -13.4112 0.411901 1.2 1 0 0
1 31590 23.4439 -59.4151 -10.8707 1.114 1.2 1 0 0
1 31591 23.4044 -60.0912 -12.4037 0.534871 1.2 1 0 0
1 31592 24.1976 -59.5352 -12.2374 0.446059 1.2 1 0 0
1 31593 23.5698 -57.9005 -13.4265 1.5 1.2 1 0 0
1 31594 24.2715 -60.7777 -14.1118 1.5 1.2 1 0 0
1 31595 24.896 -61.0222 -16.1521 0.537842 1.2 1 0 0
1 31596 23.7841 -61.2664 -16.2559 0.570543 1.2 1 0 0
1 31597 23.4044 -62.0262 -16.6661 0.371047 1.2 1 0 0
1 31598 21.7162 -61.1635 -16.2792 1.5 1.2 1 0 0
1 31602 23.7228 -62.6537 -15.2154 0.34501 1.2 1 0 0
1 31603 23.3297 -62.2403 -15.8175 0.484439 1.2 1 0 0
1 31604 24.0321 -59.2917 -16.69 1.46655 1.2 1 0 0
1 31605 23.2814 -62.0687 -17.8493 0.819239 1.2 1 0 0
1 31606 22.9806 -60.6905 -17.879 0.58773 1.2 1 0 0
1 31630 28.0124 -63.7944 -13.1022 -0.00792856 1.2 1 0 0
1 31635 26.101 -65.4177 -12.9365 0.309362 1.2 1 0 0
1 31640 23.8191 -61.6275 -11.3505 1.11931 1.2 1 0 0
1 31656 24.2533 -62.8528 -14.5214 0.548858 1.2 1 0 0
1 31657 25.3189 -63.3604 -14.6528 0.477566 1.2 1 0 0
1 31658 25.3151 -62.3807 -14.6989 0.500802 1.2 1 0 0
1 31659 24.8166 -63.5714 -12.7956 1.38802 1.2 1 0 0
1 31660 22.7942 -64.871 -12.5839 0.95278 1.2 1 0 0
1 31661 23.0037 -62.5083 -13.1993 0.719173 1.2 1 0 0
1 31662 26.49 -61.4542 -13.5185 0.741672 1.2 1 0 0
1 31663 25.0911 -60.6485 -12.1285 0.648015 1.2 1 0 0
1 31664 25.4513 -65.4238 -13.3228 0.347417 1.2 1 0 0
1 31665 25.4684 -65.0766 -14.4427 0.176793 1.2 1 0 0
1 31666 25.4812 -64.7948 -13.9941 0.353147 1.2 1 0 0
1 31667 24.3865 -66.0499 -14.4042 1.2771 1.2 1 0 0
1 31668 25.5243 -67.3198 -15.2873 0.643054 1.2 1 0 0
1 31669 24.4308 -66.7852 -15.8191 0.314979 1.2 1 0 0
1 31670 25.2558 -65.218 -16.1245 0.764209 1.2 1 0 0
1 31671 22.6244 -68.656 -17.5484 1.01768 1.2 1 0 0
1 31673 22.9781 -67.5068 -15.7398 1.14687 1.2 1 0 0
1 31674 24.6992 -68.1361 -15.9126 0.604391 1.2 1 0 0
1 31675 23.1882 -65.579 -16.3 0.843171 1.2 1 0 0
1 31676 23.5395 -64.6848 -17.9092 1.031 1.2 1 0 0
1 31677 22.878 -63.2936 -16.8379 0.650862 1.2 1 0 0
1 31687 22.55 -66.6061 -18.3294 0.87189 1.2 1 0 0
1 31692 21.457 -63.3597 -18.4691 1.5 1.2 1 0 0
1 31698 29.8204 -60.9489 -26.8342 0.498942 1.2 1 0 0
1 31699 28.6525 -61.8663 -26.9999 0.918606 1.2 1 0 0
1 31700 28.5571 -60.1245 -25.2985 0.283723 1.2 1 0 0
1 31701 26.6597 -59.8486 -26.4813 0.522648 1.2 1 0 0
1 31702 28.3543 -61.6583 -25.8 0.309774 1.2 1 0 0
1 31703 29.7103 -61.3856 -25.496 0.886852 1.2 1 0 0
1 31704 29.0839 -62.8776 -26.2616 0.404266 1.2 1 0 0
1 31705 28.5777 -59.3792 -26.9195 1.5 1.2 1 0 0
1 31706 29.1323 -60.6919 -28.2571 0.454432 1.2 1 0 0
1 31707 26.5831 -64.5452 -26.2885 1.10997 1.2 1 0 0
1 31708 25.1639 -65.7714 -26.5675 0.784344 1.2 1 0 0
1 31709 25.8846 -65.188 -27.4857 0.332891 1.2 1 0 0
1 31710 27.2509 -65.2355 -24.5345 0.882968 1.2 1 0 0
1 31711 23.9363 -62.9459 -25.7064 1.09979 1.2 1 0 0
1 31712 23.7044 -62.0874 -26.8238 0.328341 1.2 1 0 0
1 31713 23.7616 -63.0238 -27.0697 0.269697 1.2 1 0 0
1 31714 24.2935 -62.3134 -27.456 0.508139 1.2 1 0 0
1 31715 28.1206 -62.9683 -24.5734 1.5 1.2 1 0 0
1 31716 28.4686 -64.7981 -24.4611 0.365555 1.2 1 0 0
1 31717 27.1162 -58.6098 -23.3291 0.970389 1.2 1 0 0
1 31718 25.8088 -59.4321 -24.4954 0.20971 1.2 1 0 0
1 31719 26.0564 -60.7879 -23.5495 1.46187 1.2 1 0 0
1 31720 27.6754 -60.7967 -25.3166 0.82223 1.2 1 0 0
1 31721 26.3274 -60.4327 -25.4375 0.475294 1.2 1 0 0
1 31722 27.7615 -63.308 -27.0769 0.725736 1.2 1 0 0
1 31723 27.6956 -61.7639 -27.7115 0.278267 1.2 1 0 0
1 31724 26.9543 -63.1671 -28.2491 0.619323 1.2 1 0 0
1 31725 26.6569 -62.0545 -29.1401 0.821455 1.2 1 0 0
1 31726 25.7895 -63.2059 -29.088 0.612585 1.2 1 0 0
1 31727 25.2623 -59.735 -22.1431 0.413838 1.2 1 0 0
1 31728 24.6536 -57.9682 -22.6393 1.5 1.2 1 0 0
1 31729 21.0995 -58.9406 -23.3281 1.5 1.2 1 0 0
1 31731 24.0374 -60.2721 -21.6526 0.92702 1.2 1 0 0
1 31732 22.9857 -58.8202 -21.5776 0.650007 1.2 1 0 0
1 31734 23.2544 -58.9898 -24.2788 0.840048 1.2 1 0 0
1 31743 24.8213 -62.9555 -22.8363 1.01297 1.2 1 0 0
1 31744 23.5855 -63.3174 -24.1092 0.574691 1.2 1 0 0
1 31752 23.1394 -61.2864 -23.6732 1.5 1.2 1 0 0
1 31756 23.8645 -60.9007 -25.6436 0.562739 1.2 1 0 0
1 31757 23.0825 -61.4626 -26.1536 0.525431 1.2 1 0 0
1 31764 22.0907 -62.6337 -27.5106 1.5 1.2 1 0 0
1 31765 24.0602 -69.05 -22.0763 0.244964 1.2 1 0 0
1 31766 24.1909 -67.3248 -22.3028 1.5 1.2 1 0 0
1 31767 25.7532 -68.0771 -22.7174 0.272307 1.2 1 0 0
1 31768 23.3701 -65.5078 -22.9774 0.600824 1.2 1 0 0
1 31769 23.427 -66.0494 -23.9068 0.370928 1.2 1 0 0
1 31770 23.7787 -67.1584 -24.753 0.985003 1.2 1 0 0
1 31771 24.8798 -64.959 -24.3547 1.5 1.2 1 0 0
1 31772 22.3711 -63.8564 -22.7222 1.34605 1.2 1 0 0
1 31783 21.5724 -66.2952 -24.003 1.5 1.2 1 0 0
1 31785 22.9787 -65.6526 -26.4774 1.406 1.2 1 0 0
1 31787 25.5732 -59.8849 -27.7764 0.699566 1.2 1 0 0
1 31788 26.8106 -59.6912 -29.5987 1.5 1.2 1 0 0
1 31789 23.8711 -60.8663 -27.3097 0.995823 1.2 1 0 0
1 31790 23.9141 -58.8239 -28.756 1.5 1.2 1 0 0
1 31791 23.6757 -56.8333 -29.2846 0.503251 1.2 1 0 0
1 31800 21.8455 -59.635 -26.4722 1.5 1.2 1 0 0
1 31801 21.7527 -55.9366 -28.8066 1.5 1.2 1 0 0
1 31803 25.3659 -57.2609 -24.553 0.661026 1.2 1 0 0
1 31804 24.8963 -59.1891 -25.8589 1.44733 1.2 1 0 0
1 31805 25.7447 -57.3816 -25.7558 0.546875 1.2 1 0 0
1 31806 25.3477 -57.4363 -26.8859 0.428145 1.2 1 0 0
1 31809 23.1089 -57.4057 -24.2103 0.748672 1.2 1 0 0
1 31810 23.9774 -56.3854 -26.0281 1.5 1.2 1 0 0
1 31811 23.5318 -60.2697 -26.182 0.323001 1.2 1 0 0
1 31812 24.2292 -57.9474 -27.0889 0.404901 1.2 1 0 0
1 31813 23.171 -57.4794 -27.4966 0.486424 1.2 1 0 0
1 31814 23.1889 -60.1147 -30.267 0.599567 1.2 1 0 0
1 31816 22.7438 -57.7715 -30.2836 0.693297 1.2 1 0 0
1 31817 23.8138 -60.682 -32.1075 0.712943 1.2 1 0 0
1 31818 25.2651 -60.1282 -31.5495 0.934173 1.2 1 0 0
1 31819 25.056 -59.2828 -32.8151 0.512576 1.2 1 0 0
1 32030 24.1242 -52.6547 -31.1629 0.437976 1.2 1 0 0
1 32031 23.1332 -51.1562 -29.3341 0.50325 1.2 1 0 0
1 32052 29.4605 -52.1319 -12.6471 0.293215 1.2 1 0 0
1 32053 30.5015 -52.2015 -15.0938 0.732072 1.2 1 0 0
1 32054 31.2035 -56.2112 -13.5227 0.584844 1.2 1 0 0
1 32055 30.8779 -56.8673 -13.8999 0.237322 1.2 1 0 0
1 32060 22.2196 -60.536 -28.7017 0.909436 1.2 1 0 0
1 32061 23.5109 -60.6139 -28.5728 0.341695 1.2 1 0 0
1 42027 29.1317 -44.8053 -20.2642 1.25546 0.6 2 0 0
1 42030 24.0049 -43.428 -19.8315 2 0.6 2 0 0
1 42035 24.4607 -44.9588 -22.2292 0.872848 0.6 2 0 0
1 42036 26.8342 -44.0083 -22.1383 1.52475 0.6 2 0 0
1 42117 22.3144 -44.0141 -22.8831 1.48898 0.6 2 0 0
1 42227 22.8625 -44.3464 -15.7622 2 0.6 2 0 0
1 42228 22.1516 -46.1 -12.4863 1.08747 0.6 2 0 0
1 42230 24.8836 -44.8379 -11.4173 2 0.6 2 0 0
1 42237 29.7452 -43.3805 -10.7064 2 0.6 2 0 0
1 42238 32.4564 -44.3024 -11.623 0.98993 0.6 2 0 0
1 42240 29.8909 -46.2165 -12.1486 1.18499 0.6 2 0 0
1 42242 31.2692 -44.0714 -14.4748 2 0.6 2 0 0
1 42248 27.6333 -45.4669 -14.131 1.90967 0.6 2 0 0
1 42249 28.4734 -43.2848 -17.4387 2 0.6 2 0 0
1 42259 30.9908 -44.6175 -18.7349 1.12546 0.6 2 0 0
1 43362 26.676 -45.5047 -19.5724 1.38993 0.6 2 0 0
1 43392 29.9935 -46.3642 -15.5328 0.829035 0.6 2 0 0
1 43393 29.0471 -47.2308 -14.8811 0.472172 0.6 2 0 0
1 51675 27.816 -46.1093 -33.2029 1.2144 1.2 3 0 0
1 51676 26.3384 -47.3102 -33.2658 0.527516 1.2 3 0 0
1 51677 24.8966 -49.583 -36.2746 0.43584 1.2 3 0 0
1 52008 22.6574 -56.1808 -33.9359 1.5 1.2 3 0 0
1 52037 22.3643 -49.5375 -28.4352 0.883814 1.2 3 0 0
1 52038 21.9457 -47.3241 -27.6521 1.5 1.2 3 0 0
1 52097 35.9862 -48.2131 -19.6019 0.68658 1.2 3 0 0
1 52098 34.1968 -46.9256 -20.009 0.671389 1.2 3 0 0
1 52100 33.0274 -46.8109 -27.3004 0.40227 1.2 3 0 0
1 52103 36.2215 -44.9053 -17.3328 1.5 1.2 3 0 0
1 52104 36.3414 -45.5315 -19.2539 0.476796 1.2 3 0 0
1 52106 36.6754 -46.4503 -16.1396 0.480216 1.2 3 0 0
1 52108 31.4025 -46.481 -27.6545 0.760412 1.2 3 0 0
1 52110 30.9632 -45.6835 -28.9859 0.852494 1.2 3 0 0
1 52112 27.5175 -51.8382 -23.1712 1.5 1.2 3 0 0
1 52113 25.5119 -50.0945 -23.1026 0.952518 1.2 3 0 0
1 52114 26.502 -49.8533 -23.9952 0.402182 1.2 3 0 0
1 52115 26.0103 -54.4522 -21.0203 1.5 1.2 3 0 0
1 52116 25.6495 -52.1793 -21.3831 0.812493 1.2 3 0 0
1 52117 24.0641 -52.1036 -23.1664 1.5 1.2 3 0 0
1 52118 21.4919 -49.9938 -25.0048 1.5 1.2 3 0 0
1 52119 22.878 -48.42 -21.9854 1.5 1.2 3 0 0
1 52125 25.9738 -49.9952 -20.696 1.5 1.2 3 0 0
1 52126 21.2265 -48.4088 -16.9952 1.5 1.2 3 0 0
1 52129 21.6118 -51.3517 -19.4702 1.5 1.2 3 0 0
1 52130 23.1145 -51.6163 -17.0397 1.36978 1.2 3 0 0
1 52131 23.2691 -49.8255 -18.3814 0.86505 1.2 3 0 0
1 52132 23.64 -49.5763 -20.5105 0.5098 1.2 3 0 0
1 52134 26.902 -46.1885 -23.4644 0.630659 1.2 3 0 0
1 52135 25.606 -48.7151 -25.2299 1.5 1.2 3 0 0
1 52136 27.8435 -48.9633 -23.5555 1.26354 1.2 3 0 0
1 52137 23.4857 -46.4302 -22.8073 0.694605 1.2 3 0 0
1 52138 24.7304 -45.9756 -23.8986 0.733784 1.2 3 0 0
1 52139 27.9576 -46.94 -21.7437 0.874739 1.2 3 0 0
1 52140 24.0909 -46.8661 -21.4325 0.543091 1.2 3 0 0
1 52141 25.7877 -47.5454 -22.3383 1.4552 1.2 3 0 0
1 52142 25.0054 -45.2167 -27.1173 1.5 1.2 3 0 0
1 52143 25.2703 -47.0447 -26.3086 0.516397 1.2 3 0 0
1 52144 34.6625 -53.1059 -20.95 1.04992 1.2 3 0 0
1 52145 34.9885 -52.5773 -22.5804 0.570943 1.2 3 0 0
1 52146 32.2992 -51.9837 -19.7676 0.647134 1.2 3 0 0
1 52147 33.284 -51.4971 -20.1551 0.506375 1.2 3 0 0
1 52148 32.7109 -52.657 -21.1936 0.967431 1.2 3 0 0
1 52149 32.9973 -54.6558 -17.676 1.04175 1.2 3 0 0
1 52150 33.1498 -54.1345 -18.9629 0.355022 1.2 3 0 0
1 52151 34.3385 -50.6976 -21.8099 1.5 1.2 3 0 0
1 52152 31.7674 -51.3078 -22.4079 1.07385 1.2 3 0 0
1 52153 33.3257 -52.7897 -23.3662 1.28041 1.2 3 0 0
1 52154 29.3553 -49.121 -22.6313 0.515438 1.2 3 0 0
1 52155 27.0248 -51.1925 -18.9429 0.824268 1.2 3 0 0
1 52156 28.3855 -49.7727 -18.1842 0.471304 1.2 3 0 0
1 52157 27.4162 -52.1686 -20.578 1.1112 1.2 3 0 0
1 52158 27.7824 -49.4083 -16.5457 0.586676 1.2 3 0 0
1 52159 29.9879 -52.3324 -22.9119 1.00964 1.2 3 0 0
1 52160 28.9253 -51.7139 -21.8174 0.455032 1.2 3 0 0
1 52161 36.0619 -50.2495 -19.4603 1.17214 1.2 3 0 0
1 52162 31.4594 -50.4814 -17.5582 1.5 1.2 3 0 0
1 52163 31.7787 -47.9854 -18.7074 0.813285 1.2 3 0 0
1 52164 31.9689 -49.2019 -18.9114 0.430773 1.2 3 0 0
1 52165 31.2553 -47.8693 -16.7889 0.941471 1.2 3 0 0
1 52166 34.4063 -48.6325 -16.4189 0.734512 1.2 3 0 0
1 52167 34.1655 -50.5562 -17.9213 0.54869 1.2 3 0 0
1 52168 32.1784 -50.1851 -20.2467 1.21182 1.2 3 0 0
1 52169 33.9836 -48.7096 -18.7896 1.5 1.2 3 0 0
1 52170 33.5592 -49.3602 -20.5468 0.42126 1.2 3 0 0
1 52171 33.3698 -56.8048 -21.0765 0.487381 1.2 3 0 0
1 52172 32.5778 -57.511 -22.3408 0.795983 1.2 3 0 0
1 52173 29.3452 -55.1024 -21.5831 0.441702 1.2 3 0 0
1 52174 30.2875 -56.6932 -18.4769 0.785331 1.2 3 0 0
1 52175 33.5637 -57.3328 -19.1515 0.418688 1.2 3 0 0
1 52176 32.1756 -56.0919 -19.6154 1.5 1.2 3 0 0
1 52177 33.3224 -55.045 -24.2283 0.725589 1.2 3 0 0
1 52178 31.19 -54.4333 -24.0502 1.5 1.2 3 0 0
1 52179 31.606 -57.543 -24.1511 1.25197 1.2 3 0 0
1 52180 27.8616 -52.752 -26.4706 1.5 1.2 3 0 0
1 52181 30.6543 -49.7647 -26.4046 0.68238 1.2 3 0 0
1 52182 31.633 -52.0471 -27.0841 1.5 1.2 3 0 0
1 52183 29.3645 -53.6797 -29.6194 1.5 1.2 3 0 0
1 52184 26.9926 -53.8439 -28.6176 1.05659 1.2 3 0 0
1 52185 24.8926 -52.7821 -29.486 1.19742 1.2 3 0 0
1 52186 26.5556 -52.6284 -29.5805 0.466856 1.2 3 0 0
1 52187 26.7932 -54.4261 -24.1758 0.539617 1.2 3 0 0
1 52188 29.0825 -54.3607 -25.8863 0.595592 1.2 3 0 0
1 52189 27.9606 -55.3463 -26.8936 0.978559 1.2 3 0 0
1 52190 29.9911 -48.6531 -31.6429 1.09246 1.2 3 0 0
1 52191 27.1093 -48.4976 -28.6661 1.0345 1.2 3 0 0
1 52270 37.5292 -46.5965 -12.4489 0.909513 1.2 3 0 0
1 52277 25.6583 -58.9861 -12.2804 1.11506 1.2 3 0 0
1 52278 24.3576 -57.1209 -11.5257 0.659329 1.2 3 0 0
1 52298 25.8088 -51.1761 -12.782 1.5 1.2 3 0 0
1 52299 23.7521 -55.0802 -11.8903 1.5 1.2 3 0 0
1 52300 24.7682 -53.0427 -11.9783 0.778566 1.2 3 0 0
1 52303 25.6726 -48.8711 -12.6683 0.811778 1.2 3 0 0
1 52305 36.7458 -49.9544 -14.1153 0.90416 1.2 3 0 0
1 52306 37.1608 -49.0392 -15.5223 0.815256 1.2 3 0 0
1 52307 33.5112 -50.2478 -12.9651 1.22631 1.2 3 0 0
1 52308 34.8153 -52.3087 -11.7467 1.5 1.2 3 0 0
1 52309 32.971 -52.0612 -14.993 1.5 1.2 3 0 0
1 52310 34.5307 -54.214 -15.8932 1.30671 1.2 3 0 0
1 52311 26.8267 -54.6311 -15.7125 0.648443 1.2 3 0 0
1 52312 29.232 -52.588 -11.5436 0.815468 1.2 3 0 0
1 52313 28.9356 -54.5155 -12.7918 1.5 1.2 3 0 0
1 52314 27.5688 -48.7371 -15.3252 0.813267 1.2 3 0 0
1 52316 31.224 -55.3415 -10.6964 1.0305 1.2 3 0 0
1 52318 32.8299 -57.853 -12.879 0.590375 1.2 3 0 0
1 52319 33.4654 -57.8152 -14.284 0.797071 1.2 3 0 0
1 52320 29.6181 -57.1756 -13.0453 1.16204 1.2 3 0 0
1 52321 29.7243 -57.6465 -14.9772 0.641951 1.2 3 0 0
1 52322 32.8715 -55.3415 -12.6171 1.5 1.2 3 0 0
1 52323 30.9932 -56.6108 -16.7683 0.503465 1.2 3 0 0
1 52324 28.1294 -57.9733 -19.2511 1.5 1.2 3 0 0
1 52325 25.9423 -59.1085 -18.0915 0.909706 1.2 3 0 0
1 52326 26.1051 -59.1526 -16.6486 0.54307 1.2 3 0 0
1 52327 25.7797 -54.3056 -18.7 0.82189 1.2 3 0 0
1 52328 28.4043 -65.4434 -21.3352 0.592611 1.2 3 0 0
1 52329 23.5432 -68.3389 -19.7133 1.35545 1.2 3 0 0
1 52330 29.8847 -64.5402 -14.5126 -0.0187252 1.2 3 0 0
1 52331 26.7624 -65.5001 -15.2187 0.962968 1.2 3 0 0
1 52332 28.7387 -62.3975 -16.7691 0.565106 1.2 3 0 0
1 52333 31.7522 -59.9067 -18.3253 0.90862 1.2 3 0 0
1 52334 29.6446 -62.2724 -21.8875 1.26829 1.2 3 0 0
1 52335 22.3305 -56.8586 -16.6824 1.5 1.2 3 0 0
1 52345 24.8904 -55.559 -15.191 1.5 1.2 3 0 0
1 52356 22.434 -63.9185 -14.8153 1.5 1.2 3 0 0
1 52359 26.3357 -63.2054 -25.4609 0.48228 1.2 3 0 0
1 52360 24.7336 -64.0426 -27.743 1.29105 1.2 3 0 0
1 52361 25.8378 -62.8829 -24.3257 0.783007 1.2 3 0 0
1 52362 25.6572 -62.8335 -28.2561 0.308411 1.2 3 0 0
1 52363 26.138 -61.8029 -26.8477 1.5 1.2 3 0 0
1 52366 25.2303 -65.7138 -22.5934 0.431508 1.2 3 0 0
1 52369 22.1808 -65.614 -20.4898 1.5 1.2 3 0 0
1 52371 21.3575 -68.0855 -21.7264 1.38361 1.2 3 0 0
1 52372 22.8022 -64.1936 -24.8537 0.769659 1.2 3 0 0
1 52373 26.6373 -57.9046 -26.878 0.937512 1.2 3 0 0
1 52374 25.554 -57.4697 -28.0714 0.731892 1.2 3 0 0
1 52375 24.4146 -61.7405 -29.7488 1.5 1.2 3 0 0
1 52376 21.6551 -61.9849 -30.342 1.33306 1.2 3 0 0
1 60597 28.8523 -43.7744 -32.6754 1.3364 1.2 3 0 0
1 60600 26.5456 -44.6649 -31.7134 1.2185 1.2 3 0 0
1 60603 27.2026 -44.1622 -29.0044 1.11214 1.2 3 0 0
1 60641 24.4906 -44.6331 -32.2855 0.881671 1.2 3 0 0
1 60647 22.8285 -45.3922 -34.0775 1.01579 1.2 3 0 0
1 60655 22.8343 -44.8907 -37.0368 0.871607 1.2 3 0 0
1 60660 22.5589 -44.7052 -28.5956 1.33599 1.2 3 0 0
1 60662 23.8014 -46.4575 -28.7294 0.814173 1.2 3 0 0
1 60664 24.6044 -43.5365 -30.1744 1.5 1.2 3 0 0
1 60676 23.0436 -45.8439 -26.5575 0.633692 1.2 3 0 0
1 60680 22.6596 -46.066 -31.541 1.5 1.2 3 0 0
1 60689 28.278 -47.4847 -33.9032 0.396227 1.2 3 0 0
1 60690 30.1028 -45.1984 -32.616 0.557675 1.2 3 0 0
1 60691 29.2548 -47.3625 -32.7802 0.721738 1.2 3 0 0
1 60694 27.4478 -47.1247 -31.4312 0.676832 1.2 3 0 0
1 60695 28.3945 -47.3043 -32.0614 0.37953 1.2 3 0 0
1 60696 28.6356 -46.8604 -32.3313 0.19314 1.2 3 0 0
1 60697 25.3478 -48.4522 -35.1167 1.20194 1.2 3 0 0
1 60698 23.954 -47.3102 -34.6757 0.567792 1.2 3 0 0
1 60699 25.3057 -45.8209 -34.1945 1.5 1.2 3 0 0
1 60700 22.3657 -47.5701 -33.851 1.2222 1.2 3 0 0
1 60702 23.6577 -47.1655 -32.8714 0.44896 1.2 3 0 0
1 60703 23.6706 -46.3228 -33.2654 0.446496 1.2 3 0 0
1 60704 23.415 -48.6196 -34.3486 0.342501 1.2 3 0 0
1 60705 23.9567 -48.8106 -34.653 0.307584 1.2 3 0 0
1 60706 25.1197 -47.8382 -32.2936 1.10825 1.2 3 0 0
1 60707 26.243 -46.4593 -32.2869 0.639248 1.2 3 0 0
1 60708 25.2666 -48.0522 -31.0024 0.20495 1.2 3 0 0
1 60709 24.6461 -46.4253 -31.6193 0.520194 1.2 3 0 0
1 60710 25.7879 -46.7842 -29.986 1.5 1.2 3 0 0
1 60711 25.6814 -49.0589 -33.1061 0.432515 1.2 3 0 0
1 60712 26.0459 -49.4939 -33.929 0.506586 1.2 3 0 0
1 60713 27.5711 -48.8402 -32.7655 1.5 1.2 3 0 0
1 60714 26.8107 -49.3118 -34.5699 0.507709 1.2 3 0 0
1 60715 23.7798 -46.6021 -36.1699 1.09481 1.2 3 0 0
1 60716 24.9942 -45.2387 -36.3207 0.726358 1.2 3 0 0
1 60717 25.4393 -46.8558 -36.0105 0.591473 1.2 3 0 0
1 60718 24.2299 -49.7366 -36.9122 0.238773 1.2 3 0 0
1 60719 22.8653 -49.0424 -36.0856 1.5 1.2 3 0 0
1 60721 23.5171 -47.2521 -37.4155 0.334501 1.2 3 0 0
1 60781 21.2084 -46.3046 -35.9898 1.5 1.2 3 0 0
1 61595 26.3782 -51.1626 -33.9271 1.19491 1.2 3 0 0
1 61596 27.7204 -52.0471 -33.6801 0.429135 1.2 3 0 0
1 61597 22.942 -51.122 -35.1333 0.693884 1.2 3 0 0
1 61598 23.9917 -49.9873 -33.2486 1.5 1.2 3 0 0
1 61599 24.5346 -52.2233 -32.4737 0.888599 1.2 3 0 0
1 61600 25.3488 -51.2505 -32.6727 0.39552 1.2 3 0 0
1 61601 25.8855 -49.9873 -32.4207 0.566864 1.2 3 0 0
1 61602 25.9288 -52.6617 -34.6615 0.528097 1.2 3 0 0
1 61603 24.5518 -50.8294 -35.6685 0.992357 1.2 3 0 0
1 61604 25.5661 -51.8372 -35.1669 0.433556 1.2 3 0 0
1 61606 22.7361 -52.6635 -29.581 0.927733 1.2 3 0 0
1 61607 22.7791 -54.2928 -30.0396 0.765484 1.2 3 0 0
1 61616 22.2679 -52.8353 -32.0319 1.36475 1.2 3 0 0
1 61618 25.2907 -49.2092 -30.7073 0.989357 1.2 3 0 0
1 61619 25.3271 -50.5094 -30.296 0.362024 1.2 3 0 0
1 61620 23.9607 -51.1153 -30.8399 1.14347 1.2 3 0 0
1 61623 21.4062 -50.7511 -30.2654 1.5 1.2 3 0 0
1 61625 23.4598 -48.2856 -29.6956 1.20232 1.2 3 0 0
1 61626 22.7454 -48.5048 -31.7492 0.949189 1.2 3 0 0
1 61630 26.1594 -53.9037 -33.523 1.12483 1.2 3 0 0
1 61631 25.9837 -55.1861 -34.3642 0.357894 1.2 3 0 0
1 61632 25.5417 -54.8405 -32.8371 0.190318 1.2 3 0 0
1 61633 23.1931 -54.2652 -33.1251 0.600249 1.2 3 0 0
1 61636 24.5248 -54.5265 -31.5216 1.5 1.2 3 0 0
1 61637 24.2907 -54.8214 -33.5958 0.608153 1.2 3 0 0
1 61638 25.0306 -54.9205 -34.7335 0.694204 1.2 3 0 0
1 61639 23.9323 -53.0176 -34.6443 1.5 1.2 3 0 0
1 61640 23.364 -54.9529 -35.732 0.78764 1.2 3 0 0
1 61676 25.3821 -56.2145 -33.4061 1.17103 1.2 3 0 0
1 61677 25.0255 -57.9631 -33.5368 0.602424 1.2 3 0 0
1 61678 24.357 -57.3541 -34.3454 0.601822 1.2 3 0 0
1 61682 23.3456 -56.2195 -31.8733 0.592936 1.2 3 0 0
1 61683 24.2135 -56.229 -32.357 0.39944 1.2 3 0 0
1 61685 22.0149 -59.4168 -31.8617 1.5 1.2 3 0 0
1 61694 21.6543 -56.6854 -31.4172 1.21765 1.2 3 0 0
1 61701 23.4965 -58.4594 -33.6868 0.938309 1.2 3 0 0
1 61705 23.2754 -51.7779 -36.489 0.797149 1.2 3 0 0
1 62000 37.0287 -46.2434 -21.8606 0.697529 1.2 3 0 0
1 62001 35.5132 -46.3094 -23.0633 0.894699 1.2 3 0 0
1 62002 36.7473 -47.0887 -22.8189 0.547218 1.2 3 0 0
1 62003 35.9965 -46.5159 -21.9894 0.290506 1.2 3 0 0
1 62006 35.2933 -45.2665 -20.9168 1.5 1.2 3 0 0
1 62007 37.4404 -45.3502 -20.7729 0.639699 1.2 3 0 0
1 62010 36.6603 -44.4414 -22.7884 0.92281 1.2 3 0 0
1 62012 33.1157 -45.5714 -19.466 1.13436 1.2 3 0 0
1 62013 32.4538 -47.4596 -21.198 1.5 1.2 3 0 0
1 62014 32.4799 -44.8707 -21.5683 1.11209 1.2 3 0 0
1 62015 29.938 -46.5435 -21.104 0.809234 1.2 3 0 0
1 62016 29.3722 -47.7192 -21.83 0.683964 1.2 3 0 0
1 62017 30.7873 -47.0366 -20.5236 0.331502 1.2 3 0 0
1 62018 31.9981 -46.4837 -18.2089 0.731774 1.2 3 0 0
1 62019 31.1436 -46.6621 -19.4755 0.806474 1.2 3 0 0
1 62020 30.9991 -45.9607 -22.1431 0.746507 1.2 3 0 0
1 62021 31.1346 -45.8871 -20.6889 0.614733 1.2 3 0 0
1 62023 35.6048 -48.1088 -21.6375 1.38709 1.2 3 0 0
1 62024 33.4699 -46.851 -18.6162 0.436025 1.2 3 0 0
1 62025 33.8332 -48.7547 -22.0181 0.514517 1.2 3 0 0
1 62026 34.2362 -46.7646 -21.612 0.450345 1.2 3 0 0
1 62027 33.6668 -45.9594 -21.8829 0.511725 1.2 3 0 0
1 62028 34.0607 -47.2784 -22.4363 0.536737 1.2 3 0 0
1 62037 35.5042 -44.8916 -24.7393 1.3006 1.2 3 0 0
1 62046 31.4147 -47.5377 -25.0313 1.0766 1.2 3 0 0
1 62047 31.0879 -46.0791 -25.8998 0.612908 1.2 3 0 0
1 62048 31.7527 -46.8097 -26.416 0.493784 1.2 3 0 0
1 62049 31.1625 -46.1649 -24.1445 0.486311 1.2 3 0 0
1 62050 33.1197 -46.035 -23.8173 1.5 1.2 3 0 0
1 62051 30.4733 -48.3445 -22.6255 0.734718 1.2 3 0 0
1 62052 31.3545 -47.2677 -23.1596 0.750538 1.2 3 0 0
1 62053 31.7442 -49.1663 -25.4029 0.522897 1.2 3 0 0
1 62054 32.243 -48.5436 -27.2693 1.5 1.2 3 0 0
1 62055 35.6048 -49.4249 -23.5015 0.894734 1.2 3 0 0
1 62056 34.8797 -47.3102 -23.9541 0.587311 1.2 3 0 0
1 62057 35.9734 -46.855 -24.4878 0.698609 1.2 3 0 0
1 62058 33.6604 -49.9873 -24.8202 1.5 1.2 3 0 0
1 62059 32.9947 -48.0155 -24.5306 0.601198 1.2 3 0 0
1 62060 33.0404 -48.6713 -23.0435 0.784335 1.2 3 0 0
1 62061 34.414 -48.5369 -23.2443 0.61035 1.2 3 0 0
1 62062 34.5295 -47.4674 -25.8746 1.36651 1.2 3 0 0
1 62063 34.4093 -49.1853 -26.9281 0.651063 1.2 3 0 0
1 62064 33.3282 -49.574 -26.4403 0.204749 1.2 3 0 0
1 62065 34.9306 -45.259 -26.7665 0.797163 1.2 3 0 0
1 62066 34.1951 -46.0634 -26.6956 0.293994 1.2 3 0 0
1 62067 32.7595 -45.2064 -26.5556 1.38351 1.2 3 0 0
1 62068 34.1218 -45.7503 -25.4622 0.445945 1.2 3 0 0
1 62069 34.3177 -46.3867 -27.6844 0.751361 1.2 3 0 0
1 62070 32.8898 -46.594 -28.9188 1.13439 1.2 3 0 0
1 62071 33.5711 -47.2616 -27.6507 0.384927 1.2 3 0 0
1 62077 37.0354 -46.7918 -19.8101 1.06566 1.2 3 0 0
1 62078 37.8545 -45.9026 -18.4616 0.721539 1.2 3 0 0
1 62079 33.6488 -46.5439 -16.6996 1.5 1.2 3 0 0
1 62080 35.0512 -46.5068 -18.7257 0.923751 1.2 3 0 0
1 62081 37.8806 -46.2591 -16.522 0.789683 1.2 3 0 0
1 62082 37.9576 -44.539 -15.1207 1.11658 1.2 3 0 0
1 62083 36.7601 -45.6261 -15.4934 0.543164 1.2 3 0 0
1 62084 35.6048 -46.4802 -15.4953 0.769751 1.2 3 0 0
1 62085 34.6405 -44.6406 -15.489 0.943225 1.2 3 0 0
1 62086 35.1419 -45.6605 -16.0528 0.324279 1.2 3 0 0
1 62087 37.3678 -44.4103 -19.466 0.971701 1.2 3 0 0
1 62101 29.1038 -46.917 -25.7072 0.529246 1.2 3 0 0
1 62102 29.4769 -47.1502 -26.4266 0.314001 1.2 3 0 0
1 62104 27.2736 -44.0511 -26.3567 1.078 1.2 3 0 0
1 62105 29.2751 -46.6044 -23.7086 1.5 1.2 3 0 0
1 62107 28.446 -44.6496 -24.8388 0.882536 1.2 3 0 0
1 62109 29.3939 -45.463 -27.0928 1.5 1.2 3 0 0
1 62118 30.7651 -43.9769 -24.8337 1.5 1.2 3 0 0
1 62122 31.2851 -43.4967 -29.8183 1.5 1.2 3 0 0
1 62123 31.7658 -45.7702 -30.5717 0.921822 1.2 3 0 0
1 62127 25.9562 -51.0269 -24.293 0.58678 1.2 3 0 0
1 62128 25.5793 -51.8875 -24.2174 0.355752 1.2 3 0 0
1 62129 22.4044 -53.5647 -23.9662 0.851382 1.2 3 0 0
1 62130 23.9317 -53.9193 -25.0786 1.05556 1.2 3 0 0
1 62135 22.7775 -51.8735 -25.0045 0.755373 1.2 3 0 0
1 62136 23.691 -52.1472 -25.8333 0.155733 1.2 3 0 0
1 62137 24.0979 -50.2236 -22.0781 0.672541 1.2 3 0 0
1 62138 22.5292 -50.7329 -22.0745 0.821831 1.2 3 0 0
1 62139 23.4262 -50.4578 -25.2857 0.508904 1.2 3 0 0
1 62140 24.8963 -51.3502 -25.8166 1.28735 1.2 3 0 0
1 62142 23.7272 -49.7253 -23.9576 0.983 1.2 3 0 0
1 62143 23.4777 -49.2277 -25.6228 0.716402 1.2 3 0 0
1 62144 24.1838 -49.3449 -26.5608 0.463545 1.2 3 0 0
1 62145 23.0473 -50.2342 -26.8825 0.950004 1.2 3 0 0
1 62167 26.9018 -48.8765 -18.0856 1.26482 1.2 3 0 0
1 62168 27.2591 -47.8313 -20.1835 1.03634 1.2 3 0 0
1 62169 24.9196 -52.4555 -19.3849 1.29045 1.2 3 0 0
1 62170 25.9648 -51.2335 -19.3574 0.314609 1.2 3 0 0
1 62171 25.4861 -50.5685 -18.3196 0.94933 1.2 3 0 0
1 62172 25.4139 -49.2926 -18.8673 0.44099 1.2 3 0 0
1 62173 23.7617 -48.4653 -17.1534 1.03246 1.2 3 0 0
1 62174 24.6525 -49.3726 -18.2046 0.498445 1.2 3 0 0
1 62175 23.2273 -49.7842 -16.3183 0.59823 1.2 3 0 0
1 62177 24.2036 -48.1961 -19.4868 1.29867 1.2 3 0 0
1 62178 22.8693 -47.1294 -20.3089 0.595632 1.2 3 0 0
1 62179 23.7826 -46.9889 -20.5822 0.367961 1.2 3 0 0
1 62180 23.6464 -51.12 -19.0898 0.57816 1.2 3 0 0
1 62181 23.7325 -51.0463 -20.694 0.967386 1.2 3 0 0
1 62182 23.0538 -52.4956 -20.923 0.649209 1.2 3 0 0
1 62183 25.9785 -46.5587 -24.206 0.339536 1.2 3 0 0
1 62184 27.0631 -46.2713 -25.4444 1.33151 1.2 3 0 0
1 62185 25.0414 -46.3864 -25.2402 0.69919 1.2 3 0 0
1 62186 25.3522 -45.1495 -24.9876 0.600921 1.2 3 0 0
1 62188 23.0333 -47.1786 -24.8202 1.5 1.2 3 0 0
1 62189 27.5625 -48.7534 -21.619 0.69628 1.2 3 0 0
1 62190 24.5238 -48.7026 -23.2717 0.483613 1.2 3 0 0
1 62193 24.5219 -47.9095 -27.4762 1.09786 1.2 3 0 0
1 62194 23.1651 -48.7317 -26.7655 0.561565 1.2 3 0 0
1 62195 23.7356 -46.7578 -26.6632 0.516356 1.2 3 0 0
1 62196 35.6412 -51.9749 -20.0482 0.696568 1.2 3 0 0
1 62197 36.0356 -51.395 -20.991 0.478498 1.2 3 0 0
1 62198 34.1756 -54.0741 -22.0653 0.505174 1.2 3 0 0
1 62199 34.2242 -54.8765 -20.9317 0.542001 1.2 3 0 0
1 62200 34.0017 -52.4963 -18.5639 1.5 1.2 3 0 0
1 62201 34.2086 -54.7795 -19.466 0.924398 1.2 3 0 0
1 62202 34.7766 -54.565 -17.9074 0.748247 1.2 3 0 0
1 62203 32.1431 -53.6659 -19.6097 0.926189 1.2 3 0 0
1 62204 31.1377 -53.8759 -18.5612 0.541557 1.2 3 0 0
1 62205 31.5978 -52.6139 -18.3741 0.785761 1.2 3 0 0
1 62206 34.8992 -51.5351 -23.8106 0.724762 1.2 3 0 0
1 62207 31.8618 -51.7884 -24.6523 0.905714 1.2 3 0 0
1 62208 34.4323 -52.4048 -24.8202 0.586093 1.2 3 0 0
1 62209 30.6503 -49.9873 -20.9556 0.484311 1.2 3 0 0
1 62210 31.7175 -49.3836 -22.329 0.84587 1.2 3 0 0
1 62211 28.5059 -50.2757 -21.3114 1.12088 1.2 3 0 0
1 62212 29.355 -49.2635 -21.3154 0.199104 1.2 3 0 0
1 62213 28.8591 -48.7516 -21.6502 0.479854 1.2 3 0 0
1 62214 29.8514 -48.5363 -19.8622 1.5 1.2 3 0 0
1 62215 31.2436 -49.4837 -19.1107 0.344012 1.2 3 0 0
1 62216 28.0552 -49.9511 -19.4464 0.817621 1.2 3 0 0
1 62217 29.1368 -49.9089 -18.6919 0.440166 1.2 3 0 0
1 62218 29.2934 -48.659 -17.2142 1.20889 1.2 3 0 0
1 62219 29.1948 -50.6073 -17.6939 0.772164 1.2 3 0 0
1 62220 25.8604 -52.9631 -16.8073 1.5 1.2 3 0 0
1 62221 27.4632 -50.9227 -17.1223 1.06495 1.2 3 0 0
1 62222 28.374 -52.8869 -18.3411 1.41964 1.2 3 0 0
1 62223 30.0437 -52.317 -16.7309 0.951023 1.2 3 0 0
1 62224 28.6052 -51.9604 -16.6227 0.507772 1.2 3 0 0
1 62225 30.2505 -52.0836 -20.4285 1.5 1.2 3 0 0
1 62226 28.2403 -53.232 -21.651 0.59314 1.2 3 0 0
1 62227 29.2142 -50.8347 -22.7298 0.52008 1.2 3 0 0
1 62228 30.368 -49.9691 -24.1564 1.5 1.2 3 0 0
1 62229 37.2335 -49.0931 -19.1266 0.506141 1.2 3 0 0
1 62230 36.7836 -49.4093 -20.8188 0.546868 1.2 3 0 0
1 62231 35.9686 -52.418 -17.8079 0.608619 1.2 3 0 0
1 62232 36.1013 -51.9101 -18.8649 0.57155 1.2 3 0 0
1 62233 36.6333 -47.9067 -17.5346 1.5 1.2 3 0 0
1 62234 36.9487 -49.9495 -17.8993 0.598947 1.2 3 0 0
1 62235 35.2652 -49.9259 -18.1559 0.377085 1.2 3 0 0
1 62236 36.0238 -48.7072 -15.8899 0.424732 1.2 3 0 0
1 62237 35.6048 -50.5182 -16.3892 1.5 1.2 3 0 0
1 62238 33.4842 -50.9263 -16.8165 0.701367 1.2 3 0 0
1 62239 33.5274 -52.2732 -16.7678 0.370968 1.2 3 0 0
1 62240 34.2259 -50.6893 -19.6858 0.62706 1.2 3 0 0
1 62241 34.5501 -49.182 -20.5844 0.440445 1.2 3 0 0
1 62242 31.7234 -57.0077 -21.3951 0.552009 1.2 3 0 0
1 62243 31.4257 -57.9616 -22.4937 0.450516 1.2 3 0 0
1 62244 32.9277 -57.7637 -20.6833 0.621541 1.2 3 0 0
1 62245 31.5317 -57.3539 -22.1165 0.27075 1.2 3 0 0
1 62246 30.8619 -54.5356 -21.3837 1.18852 1.2 3 0 0
1 62247 29.8032 -56.9307 -22.1417 1.5 1.2 3 0 0
1 62248 28.7871 -54.3286 -20.3701 1.10155 1.2 3 0 0
1 62249 29.8701 -55.8433 -19.8478 0.830472 1.2 3 0 0
1 62250 30.2507 -55.2117 -22.6578 0.349726 1.2 3 0 0
1 62251 28.4228 -54.5725 -23.0893 1.38141 1.2 3 0 0
1 62252 33.5614 -56.6666 -17.8087 0.848349 1.2 3 0 0
1 62253 32.763 -58.1719 -18.7388 0.747333 1.2 3 0 0
1 62254 33.0352 -55.4649 -22.193 1.28856 1.2 3 0 0
1 62255 32.1784 -56.6053 -22.9917 0.345253 1.2 3 0 0
1 62256 31.6513 -56.4632 -22.4406 0.429537 1.2 3 0 0
1 62257 33.675 -50.4152 -27.4118 0.860852 1.2 3 0 0
1 62258 33.1956 -51.3138 -27.0313 0.226431 1.2 3 0 0
1 62259 33.2822 -51.5907 -28.2655 0.579324 1.2 3 0 0
1 62260 32.2625 -52.6098 -29.0985 0.682068 1.2 3 0 0
1 62261 33.8389 -51.7265 -26.3268 0.807901 1.2 3 0 0
1 62262 33.2373 -53.6436 -25.4707 0.992416 1.2 3 0 0
1 62263 33.5792 -52.3221 -27.4664 0.467577 1.2 3 0 0
1 62264 31.1685 -52.1888 -30.1878 0.908404 1.2 3 0 0
1 62265 32.0639 -50.4269 -29.2554 1.23789 1.2 3 0 0
1 62266 33.4227 -49.332 -28.7805 0.570627 1.2 3 0 0
1 62267 28.8791 -51.1384 -25.2261 0.612512 1.2 3 0 0
1 62268 28.0803 -51.6829 -24.9601 0.362968 1.2 3 0 0
1 62269 28.5551 -52.3382 -24.7024 0.415985 1.2 3 0 0
1 62270 26.6968 -51.8882 -25.0846 0.488917 1.2 3 0 0
1 62271 26.2442 -51.9098 -26.504 0.323784 1.2 3 0 0
1 62272 27.3669 -50.5769 -25.3288 1.00384 1.2 3 0 0
1 62273 28.5721 -49.8317 -24.9496 0.463001 1.2 3 0 0
1 62274 30.0021 -52.368 -24.9791 1.0573 1.2 3 0 0
1 62275 31.0889 -53.3149 -25.6781 0.469836 1.2 3 0 0
1 62276 29.594 -50.9119 -26.5828 0.88695 1.2 3 0 0
1 62277 29.8239 -49.9008 -25.8768 0.305675 1.2 3 0 0
1 62278 30.6426 -51.1719 -25.6686 0.436671 1.2 3 0 0
1 62279 30.8441 -51.444 -24.8169 0.181214 1.2 3 0 0
1 62280 29.2665 -51.7609 -28.0268 0.817674 1.2 3 0 0
1 62281 29.7719 -52.486 -26.7356 0.443648 1.2 3 0 0
1 62282 29.3764 -54.106 -31.6493 0.561083 1.2 3 0 0
1 62283 29.3552 -55.9413 -30.2803 0.850765 1.2 3 0 0
1 62284 26.1083 -54.5554 -32.0227 0.161089 1.2 3 0 0
1 62285 27.5834 -55.0224 -31.5571 1.45462 1.2 3 0 0
1 62286 28.3352 -52.6644 -31.1477 0.603826 1.2 3 0 0
1 62287 28.6724 -53.9721 -32.5389 0.348973 1.2 3 0 0
1 62288 27.9299 -52.938 -32.6764 0.928649 1.2 3 0 0
1 62289 25.9381 -56.4223 -27.0252 0.699947 1.2 3 0 0
1 62290 24.945 -55.3656 -28.6772 1.49524 1.2 3 0 0
1 62291 22.9185 -52.7955 -27.1464 1.5 1.2 3 0 0
1 62292 23.6495 -51.8233 -28.7721 0.51033 1.2 3 0 0
1 62293 25.7555 -52.3599 -27.5969 0.920298 1.2 3 0 0
1 62294 24.9724 -53.5926 -26.9316 0.677011 1.2 3 0 0
1 62295 23.4419 -56.1206 -30.3168 0.772703 1.2 3 0 0
1 62296 23.1729 -54.9429 -27.5001 0.670601 1.2 3 0 0
1 62297 23.1163 -54.2625 -28.6854 0.630508 1.2 3 0 0
1 62298 26.3 -53.6315 -30.4869 0.71955 1.2 3 0 0
1 62299 26.4198 -54.7729 -29.9552 0.541003 1.2 3 0 0
1 62300 25.5402 -54.155 -29.9453 0.350413 1.2 3 0 0
1 62301 28.3948 -58.0186 -30.4767 0.640293 1.2 3 0 0
1 62302 28.6021 -59.0263 -30.0398 0.453024 1.2 3 0 0
1 62303 25.7292 -56.2633 -30.6126 0.777807 1.2 3 0 0
1 62304 25.0835 -57.2369 -29.5269 0.564591 1.2 3 0 0
1 62305 24.5043 -57.8748 -31.56 1.44376 1.2 3 0 0
1 62306 27.5994 -56.7581 -28.9202 1.5 1.2 3 0 0
1 62307 25.9424 -58.0186 -29.4222 0.392817 1.2 3 0 0
1 62308 26.9414 -57.5139 -31.2538 1.03894 1.2 3 0 0
1 62309 26.3195 -59.0081 -31.597 0.604925 1.2 3 0 0
1 62310 26.0891 -57.7372 -32.8515 0.588688 1.2 3 0 0
1 62311 25.9987 -56.9982 -32.1987 0.39203 1.2 3 0 0
1 62312 29.4062 -57.9703 -25.2061 0.86799 1.2 3 0 0
1 62313 30.2223 -56.368 -26.7903 1.5 1.2 3 0 0
1 62314 28.6756 -57.6043 -27.5091 0.372892 1.2 3 0 0
1 62315 28.5246 -57.6534 -26.0858 0.412269 1.2 3 0 0
1 62316 29.2132 -57.7923 -26.3622 0.297295 1.2 3 0 0
1 62317 27.9579 -57.0125 -26.8716 0.595268 1.2 3 0 0
1 62318 32.1968 -56.0163 -25.5156 0.876384 1.2 3 0 0
1 62319 30.6191 -59.3877 -25.4188 0.998595 1.2 3 0 0
1 62320 31.3973 -58.0186 -26.0639 0.646125 1.2 3 0 0
1 62321 30.6001 -57.6978 -25.4664 0.383907 1.2 3 0 0
1 62322 29.6133 -57.948 -28.5404 0.869792 1.2 3 0 0
1 62323 29.0011 -59.2791 -29.0241 0.649116 1.2 3 0 0
1 62324 27.839 -54.4962 -25.1035 0.716245 1.2 3 0 0
1 62325 27.4473 -56.6792 -24.842 1.5 1.2 3 0 0
1 62326 25.2265 -55.3415 -23.6207 1.35788 1.2 3 0 0
1 62327 25.9565 -53.1733 -24.6779 1.04743 1.2 3 0 0
1 62328 27.1639 -54.34 -26.9743 0.306151 1.2 3 0 0
1 62329 26.0698 -54.7916 -26.1361 1.13255 1.2 3 0 0
1 62330 28.9924 -53.7122 -24.8202 0.631394 1.2 3 0 0
1 62331 30.2626 -54.4819 -25.8361 0.512928 1.2 3 0 0
1 62332 29.3141 -55.3415 -24.9592 0.773777 1.2 3 0 0
1 62333 29.6052 -56.6592 -24.3535 0.705375 1.2 3 0 0
1 62334 31.5555 -55.1041 -27.9157 0.644457 1.2 3 0 0
1 62335 31.4461 -54.231 -28.9832 0.738986 1.2 3 0 0
1 62336 31.625 -55.2301 -28.8349 0.286031 1.2 3 0 0
1 62337 28.57 -54.1412 -27.6787 0.472609 1.2 3 0 0
1 62338 28.3314 -54.912 -28.3148 0.553077 1.2 3 0 0
1 62339 29.4986 -55.0847 -28.1717 0.519669 1.2 3 0 0
1 62340 31.7146 -54.4276 -26.4587 0.962601 1.2 3 0 0
1 62341 31.0362 -54.4801 -27.4805 0.262703 1.2 3 0 0
1 62342 29.947 -53.9147 -27.2046 0.995088 1.2 3 0 0
1 62343 30.9714 -54.6429 -29.9313 0.398431 1.2 3 0 0
1 62344 29.3034 -57.4071 -29.925 0.576664 1.2 3 0 0
1 62345 30.5706 -55.5186 -28.9273 0.80537 1.2 3 0 0
1 62346 31.0735 -49.9873 -31.0647 0.720272 1.2 3 0 0
1 62347 30.7184 -49.1692 -30.4966 0.337193 1.2 3 0 0
1 62348 31.0363 -49.4229 -29.9286 0.336796 1.2 3 0 0
1 62349 29.327 -46.1135 -30.9442 1.5 1.2 3 0 0
1 62350 30.9827 -46.806 -29.9781 0.490826 1.2 3 0 0
1 62351 31.2146 -47.0487 -31.3342 0.634344 1.2 3 0 0
1 62352 31.0111 -48.9884 -28.8565 0.55779 1.2 3 0 0
1 62353 31.7006 -48.192 -30.1531 1.07982 1.2 3 0 0
1 62354 24.8963 -50.2716 -28.4908 1.5 1.2 3 0 0
1 62355 25.5645 -48.3902 -28.7802 0.517302 1.2 3 0 0
1 62356 25.9227 -48.8912 -29.4883 0.42012 1.2 3 0 0
1 62357 27.3322 -51.5455 -28.7289 1.11458 1.2 3 0 0
1 62358 26.857 -50.5115 -27.1192 0.856747 1.2 3 0 0
1 62359 25.2519 -51.2432 -29.9901 0.321644 1.2 3 0 0
1 62360 27.0052 -49.5787 -30.1485 0.79797 1.2 3 0 0
1 62361 30.0449 -47.4998 -28.7459 1.19626 1.2 3 0 0
1 62362 28.3049 -47.3024 -28.191 0.640688 1.2 3 0 0
1 62363 28.557 -48.223 -29.0366 0.483382 1.2 3 0 0
1 62364 27.1655 -46.1506 -28.0126 0.988709 1.2 3 0 0
1 62365 26.8747 -47.2121 -28.6288 0.272705 1.2 3 0 0
1 62366 27.9617 -46.8557 -26.943 0.502905 1.2 3 0 0
1 62367 28.5822 -48.7276 -26.5933 1.5 1.2 3 0 0
1 62368 28.3751 -46.1812 -29.0599 0.611542 1.2 3 0 0
1 62369 27.976 -47.3089 -29.6136 0.706623 1.2 3 0 0
1 62370 29.6719 -51.7524 -31.5313 1.04842 1.2 3 0 0
1 62371 31.0776 -51.1839 -31.2553 0.490904 1.2 3 0 0
1 62372 28.8379 -52.6642 -31.96 0.25957 1.2 3 0 0
1 62373 26.5505 -51.5506 -31.2373 1.5 1.2 3 0 0
1 62374 28.6386 -51.8391 -29.6508 0.47884 1.2 3 0 0
1 62375 29.3361 -49.9873 -29.5171 1.5 1.2 3 0 0
1 62376 28.0582 -51.3225 -30.0496 0.394599 1.2 3 0 0
1 62377 29.4937 -50.2067 -32.4173 0.705178 1.2 3 0 0
1 62378 28.4324 -50.3614 -31.4808 0.669358 1.2 3 0 0
1 62379 28.7959 -49.4296 -31.5379 0.331542 1.2 3 0 0
1 62380 28.2358 -51.1212 -32.9108 0.880337 1.2 3 0 0
1 62897 33.605 -49.5067 -10.2356 1.5 1.2 3 0 0
1 62899 30.8134 -48.4716 -10.1177 1.4525 1.2 3 0 0
1 62916 36.3002 -50.534 -11.1515 0.868436 1.2 3 0 0
1 62948 37.6169 -44.3396 -11.434 1.22484 1.2 3 0 0
1 62949 35.9824 -45.0693 -13.4885 1.5 1.2 3 0 0
1 62950 34.7008 -46.5758 -13.0173 0.533254 1.2 3 0 0
1 62951 35.051 -48.228 -14.1573 1.5 1.2 3 0 0
1 62952 31.7217 -47.302 -12.9566 0.57156 1.2 3 0 0
1 62953 32.9391 -47.3102 -13.6971 0.424446 1.2 3 0 0
1 62954 33.3333 -47.3205 -11.9825 1.31161 1.2 3 0 0
1 62955 33.4937 -45.6199 -12.6755 0.511482 1.2 3 0 0
1 62956 33.6722 -46.1127 -14.1118 1.01262 1.2 3 0 0
1 62957 34.5118 -46.6899 -15.0594 0.35908 1.2 3 0 0
1 62958 33.2631 -47.3102 -14.9016 0.47908 1.2 3 0 0
1 62960 34.2803 -45.0429 -11.7266 0.849414 1.2 3 0 0
1 62961 35.6048 -45.8156 -9.94658 1.5 1.2 3 0 0
1 62965 37.2513 -48.3796 -13.3378 0.828039 1.2 3 0 0
1 62966 36.6764 -48.8172 -14.1118 0.229527 1.2 3 0 0
1 62968 36.2105 -48.2743 -11.3668 1.40332 1.2 3 0 0
1 62969 35.803 -46.3472 -11.9019 0.535981 1.2 3 0 0
1 62970 37.3255 -47.0571 -14.7839 1.12447 1.2 3 0 0
1 62971 35.9183 -46.6503 -14.3855 0.314803 1.2 3 0 0
1 63028 23.0576 -57.5246 -11.467 0.555956 1.2 3 0 0
1 63033 24.6149 -56.6798 -12.4352 0.383726 1.2 3 0 0
1 63080 31.1618 -63.029 -13.5136 -0.0325663 1.2 3 0 0
1 63092 27.5479 -59.053 -12.5656 0.313528 1.2 3 0 0
1 63096 28.1293 -59.338 -13.701 0.450339 1.2 3 0 0
1 63097 30.11 -59.9886 -14.1557 -0.00269647 1.2 3 0 0
1 63200 27.7194 -51.0408 -10.9904 1.11252 1.2 3 0 0
1 63201 25.5051 -49.5593 -10.0859 1.5 1.2 3 0 0
1 63204 28.3243 -48.919 -10.6228 1.08254 1.2 3 0 0
1 63206 23.2495 -51.8401 -11.1541 1.27482 1.2 3 0 0
1 63208 22.9043 -53.5757 -13.0659 0.589155 1.2 3 0 0
1 63209 23.5601 -53.6954 -14.5009 0.891446 1.2 3 0 0
1 63210 23.8463 -52.6644 -13.228 0.724607 1.2 3 0 0
1 63211 23.9178 -54.5841 -13.6869 0.3657 1.2 3 0 0
1 63213 25.6108 -54.5865 -12.1578 0.441755 1.2 3 0 0
1 63214 26.7586 -53.5984 -11.1638 1.36903 1.2 3 0 0
1 63218 23.3859 -49.1094 -11.9855 1.36885 1.2 3 0 0
1 63219 22.7653 -50.9326 -14.1118 1.5 1.2 3 0 0
1 63220 23.0945 -48.6075 -15.1479 1.06678 1.2 3 0 0
1 63221 24.5294 -48.8118 -13.8781 0.853742 1.2 3 0 0
1 63222 36.5456 -51.8519 -15.3193 0.436742 1.2 3 0 0
1 63223 36.6663 -51.3559 -14.0982 0.482704 1.2 3 0 0
1 63224 35.4979 -52.4846 -14.3048 1.15296 1.2 3 0 0
1 63225 36.2513 -51.4523 -13.0968 0.605617 1.2 3 0 0
1 63227 31.9746 -51.4131 -13.0683 0.641057 1.2 3 0 0
1 63228 31.2681 -52.1954 -13.8262 0.528851 1.2 3 0 0
1 63229 31.8928 -48.9427 -12.1947 0.868091 1.2 3 0 0
1 63230 33.2257 -51.0916 -11.4147 0.51145 1.2 3 0 0
1 63231 32.0874 -50.4111 -11.5458 0.696363 1.2 3 0 0
1 63233 31.8263 -48.6339 -14.5416 1.5 1.2 3 0 0
1 63234 31.1118 -50.901 -14.1118 0.767978 1.2 3 0 0
1 63235 31.2087 -51.7404 -16.0082 0.512409 1.2 3 0 0
1 63236 34.9671 -54.2676 -13.3124 0.955205 1.2 3 0 0
1 63237 34.5312 -54.5173 -11.9999 0.450135 1.2 3 0 0
1 63238 34.9776 -55.341 -12.2868 0.526282 1.2 3 0 0
1 63239 33.1599 -52.6498 -12.986 0.595807 1.2 3 0 0
1 63240 33.6664 -51.8287 -13.1465 0.37253 1.2 3 0 0
1 63241 34.3735 -51.6646 -13.5239 0.441275 1.2 3 0 0
1 63242 33.0878 -54.2237 -14.4959 0.69681 1.2 3 0 0
1 63243 33.953 -54.7571 -14.0734 0.403864 1.2 3 0 0
1 63244 35.862 -52.7103 -16.1779 0.717206 1.2 3 0 0
1 63245 34.5353 -52.3668 -16.4603 0.625515 1.2 3 0 0
1 63246 34.7627 -51.9474 -15.526 0.369876 1.2 3 0 0
1 63247 34.881 -52.6644 -15.622 0.304911 1.2 3 0 0
1 63248 34.5276 -49.2777 -15.5511 0.321663 1.2 3 0 0
1 63249 33.5103 -49.8167 -15.6337 0.829699 1.2 3 0 0
1 63250 28.1951 -52.0473 -13.145 1.06617 1.2 3 0 0
1 63251 30.3751 -52.6644 -12.9532 0.805228 1.2 3 0 0
1 63252 29.6406 -52.1202 -15.5824 0.261106 1.2 3 0 0
1 63253 27.7372 -49.246 -13.0762 1.20691 1.2 3 0 0
1 63254 29.2223 -48.4453 -12.1823 0.674734 1.2 3 0 0
1 63255 29.6146 -48.5647 -13.6998 0.867493 1.2 3 0 0
1 63256 29.9879 -50.4809 -12.1872 1.5 1.2 3 0 0
1 63258 28.6577 -51.6717 -11.8518 0.308944 1.2 3 0 0
1 63259 29.6357 -48.2726 -15.3243 0.715648 1.2 3 0 0
1 63260 29.1464 -50.4288 -15.1491 1.5 1.2 3 0 0
1 63261 30.365 -49.6435 -13.8845 0.393825 1.2 3 0 0
1 63262 25.985 -53.3931 -14.1801 1.12696 1.2 3 0 0
1 63263 25.69 -54.6889 -13.9366 0.223336 1.2 3 0 0
1 63264 26.4145 -56.6431 -14.6334 0.451707 1.2 3 0 0
1 63265 26.7228 -54.9626 -14.3186 0.610625 1.2 3 0 0
1 63266 26.9135 -54.2292 -12.9703 0.550118 1.2 3 0 0
1 63267 26.4582 -56.3179 -12.6679 1.5 1.2 3 0 0
1 63268 25.3181 -54.6448 -13.2147 0.588731 1.2 3 0 0
1 63269 28.4647 -53.1818 -15.2494 1.33552 1.2 3 0 0
1 63270 28.2491 -54.2265 -16.8289 0.570459 1.2 3 0 0
1 63271 27.6284 -54.761 -16.3543 0.376212 1.2 3 0 0
1 63272 27.5762 -55.205 -12.0604 0.190469 1.2 3 0 0
1 63273 27.7148 -55.3415 -11.2654 0.621145 1.2 3 0 0
1 63277 24.6148 -51.4356 -16.1377 0.390138 1.2 3 0 0
1 63278 24.4944 -51.7935 -15.0553 0.64973 1.2 3 0 0
1 63279 26.1435 -49.4182 -13.8469 0.570266 1.2 3 0 0
1 63280 25.8623 -48.4876 -14.2777 0.493086 1.2 3 0 0
1 63281 25.5296 -49.7098 -15.8347 1.5 1.2 3 0 0
1 63282 26.8945 -51.5669 -15.107 0.916823 1.2 3 0 0
1 63285 33.446 -56.5247 -9.96355 1.41337 1.2 3 0 0
1 63289 34.502 -54.4629 -10.5635 0.97764 1.2 3 0 0
1 63292 29.4854 -53.8371 -9.57545 1.5 1.2 3 0 0
1 63299 31.9116 -52.54 -11.3141 1.44487 1.2 3 0 0
1 63321 34.2303 -56.924 -13.3946 0.655131 1.2 3 0 0
1 63322 33.3131 -56.6787 -13.9049 0.408249 1.2 3 0 0
1 63323 34.4369 -55.8496 -14.3803 0.817507 1.2 3 0 0
1 63324 32.2981 -59.4052 -15.2923 0.161315 1.2 3 0 0
1 63325 32.7375 -60.5364 -13.1831 -0.00192708 1.2 3 0 0
1 63326 31.4448 -57.6916 -14.3501 0.859668 1.2 3 0 0
1 63327 30.5368 -58.6928 -14.3126 0.349946 1.2 3 0 0
1 63328 30.6688 -59.7533 -14.5572 -0.000354666 1.2 3 0 0
1 63329 27.6697 -57.9761 -12.8243 0.559543 1.2 3 0 0
1 63330 28.2134 -56.1618 -15.1756 1.48564 1.2 3 0 0
1 63331 27.9266 -57.5665 -13.7976 0.476073 1.2 3 0 0
1 63333 34.145 -57.0556 -12.0339 0.713546 1.2 3 0 0
1 63336 29.5858 -55.7985 -11.0615 0.708422 1.2 3 0 0
1 63337 31.0464 -54.2906 -12.1665 0.653762 1.2 3 0 0
1 63342 32.6366 -56.2325 -15.7319 1.46603 1.2 3 0 0
1 63343 33.071 -57.9938 -16.9744 0.732728 1.2 3 0 0
1 63344 34.0461 -57.089 -16.5215 0.361559 1.2 3 0 0
1 63345 30.2505 -54.7502 -16.9417 1.5 1.2 3 0 0
1 63346 29.8706 -55.0556 -14.9959 0.498271 1.2 3 0 0
1 63347 30.0648 -56.7048 -16.0752 0.605537 1.2 3 0 0
1 63348 30.4919 -56.3189 -14.7496 0.837609 1.2 3 0 0
1 63349 31.101 -53.9893 -14.3865 1.24013 1.2 3 0 0
1 63350 31.8398 -54.5768 -15.8745 0.376997 1.2 3 0 0
1 63351 29.0187 -59.3449 -17.5668 0.787017 1.2 3 0 0
1 63352 29.8474 -58.0186 -18.13 0.520349 1.2 3 0 0
1 63353 27.3272 -55.5997 -17.8534 1.36573 1.2 3 0 0
1 63354 28.1852 -56.5727 -16.8702 0.257751 1.2 3 0 0
1 63355 29.1711 -57.096 -17.2494 0.921067 1.2 3 0 0
1 63356 27.6279 -57.4803 -16.7888 0.678578 1.2 3 0 0
1 63357 28.5907 -58.3855 -15.8973 0.882542 1.2 3 0 0
1 63358 23.1157 -59.3938 -19.5096 1.5 1.2 3 0 0
1 63359 23.7498 -60.3133 -18.1029 0.296234 1.2 3 0 0
1 63360 24.8963 -61.1355 -18.5542 1.16781 1.2 3 0 0
1 63361 25.3969 -60.5783 -16.9 0.420766 1.2 3 0 0
1 63362 25.9114 -59.5123 -20.4193 1.44156 1.2 3 0 0
1 63363 24.9165 -59.2773 -18.8898 0.39809 1.2 3 0 0
1 63364 24.4346 -57.1523 -16.8927 0.558242 1.2 3 0 0
1 63365 26.0143 -57.5862 -16.8965 0.941867 1.2 3 0 0
1 63366 26.3898 -56.8072 -15.6747 0.510022 1.2 3 0 0
1 63367 26.5112 -58.5909 -14.7207 1.5 1.2 3 0 0
1 63368 26.5491 -57.452 -18.201 0.46514 1.2 3 0 0
1 63369 26.0416 -56.4862 -17.3861 0.26242 1.2 3 0 0
1 63370 27.0846 -57.1668 -21.6495 1.23755 1.2 3 0 0
1 63371 28.4442 -57.9267 -21.1169 0.392803 1.2 3 0 0
1 63372 27.6177 -55.8375 -20.0469 0.834598 1.2 3 0 0
1 63373 28.7591 -57.3931 -20.7938 0.264422 1.2 3 0 0
1 63374 25.0169 -57.9683 -20.1744 0.358775 1.2 3 0 0
1 63375 24.8642 -56.6749 -18.8482 1.5 1.2 3 0 0
1 63376 24.0992 -57.7187 -20.5643 0.649338 1.2 3 0 0
1 63377 25.4423 -57.2146 -20.7998 0.605804 1.2 3 0 0
1 63378 26.4647 -57.1213 -19.9607 0.499654 1.2 3 0 0
1 63379 25.2912 -56.324 -21.5602 0.56751 1.2 3 0 0
1 63380 27.6019 -65.2465 -21.7117 0.302177 1.2 3 0 0
1 63381 26.5848 -65.8111 -20.3354 1.5 1.2 3 0 0
1 63382 28.8365 -65.2951 -19.9802 0.837289 1.2 3 0 0
1 63383 27.9067 -65.0627 -19.364 0.302181 1.2 3 0 0
1 63384 29.0438 -66.0499 -18.791 0.586475 1.2 3 0 0
1 63385 26.4273 -64.2867 -22.6016 0.854782 1.2 3 0 0
1 63386 26.6497 -66.209 -22.9093 1.1046 1.2 3 0 0
1 63387 25.6897 -63.7067 -19.0098 1.12767 1.2 3 0 0
1 63388 24.9598 -65.3038 -19.0836 0.612971 1.2 3 0 0
1 63389 23.5232 -65.8326 -18.9473 0.516194 1.2 3 0 0
1 63392 23.9744 -63.1841 -18.5116 0.636505 1.2 3 0 0
1 63393 23.123 -64.1727 -19.3818 0.547645 1.2 3 0 0
1 63394 24.5014 -64.8703 -21.5615 1.08208 1.2 3 0 0
1 63395 23.7446 -62.6148 -20.558 1.5 1.2 3 0 0
1 63396 28.1995 -66.5711 -16.8002 0.713811 1.2 3 0 0
1 63397 26.2497 -64.8426 -17.3426 0.848328 1.2 3 0 0
1 63398 24.7914 -66.8762 -17.5956 1.5 1.2 3 0 0
1 63399 25.5248 -68.505 -16.6652 0.514132 1.2 3 0 0
1 63400 26.6806 -67.3925 -15.1358 0.518196 1.2 3 0 0
1 63401 26.5004 -67.6323 -16.39 0.72392 1.2 3 0 0
1 63402 26.6493 -68.1231 -17.9914 0.74957 1.2 3 0 0
1 63403 26.5765 -68.7146 -18.8198 0.269777 1.2 3 0 0
1 63404 25.8527 -68.0083 -19.466 0.930331 1.2 3 0 0
1 63405 25.2091 -68.4854 -20.8149 0.638559 1.2 3 0 0
1 63406 26.1862 -67.7205 -21.3908 0.708517 1.2 3 0 0
1 63407 24.9399 -67.1571 -19.388 0.320152 1.2 3 0 0
1 63408 24.3319 -66.3036 -19.916 0.830678 1.2 3 0 0
1 63409 23.9033 -66.0499 -20.9988 0.34621 1.2 3 0 0
1 63410 23.9962 -69.0519 -21.3582 0.475756 1.2 3 0 0
1 63411 23.7865 -68.4839 -21.1977 0.150634 1.2 3 0 0
1 63412 25.7121 -68.3109 -22.0883 0.284155 1.2 3 0 0
1 63413 30.5038 -61.1909 -17.3412 0.686087 1.2 3 0 0
1 63414 32.1642 -60.1682 -16.6678 0.397307 1.2 3 0 0
1 63415 28.8471 -59.7755 -15.1014 0.675932 1.2 3 0 0
1 63416 28.1069 -60.5033 -14.1312 0.104653 1.2 3 0 0
1 63417 28.5618 -59.5958 -16.2369 0.360993 1.2 3 0 0
1 63418 29.0846 -60.8564 -16.001 0.490851 1.2 3 0 0
1 63419 31.5614 -61.9094 -15.1642 -0.00902314 1.2 3 0 0
1 63420 30.3843 -60.2096 -15.5441 0.0499817 1.2 3 0 0
1 63421 30.9277 -58.5928 -16.4827 1.5 1.2 3 0 0
1 63422 29.395 -59.9239 -16.3013 0.536788 1.2 3 0 0
1 63423 27.3164 -60.7619 -16.997 1.5 1.2 3 0 0
1 63424 27.4192 -62.9501 -16.3335 0.774005 1.2 3 0 0
1 63425 26.5624 -62.1818 -15.8977 0.39931 1.2 3 0 0
1 63426 26.6008 -62.8837 -14.8191 0.88187 1.2 3 0 0
1 63427 24.994 -63.0138 -16.5725 1.5 1.2 3 0 0
1 63428 26.1619 -61.0327 -15.1207 0.657878 1.2 3 0 0
1 63429 25.7017 -60.1369 -15.8315 0.568628 1.2 3 0 0
1 63430 27.5158 -60.703 -14.7943 0.700542 1.2 3 0 0
1 63431 26.8021 -60.2403 -15.3304 0.282407 1.2 3 0 0
1 63432 26.4901 -62.2094 -18.3947 0.675173 1.2 3 0 0
1 63433 26.8643 -63.0256 -17.5472 0.559601 1.2 3 0 0
1 63434 25.5406 -61.2996 -17.1731 0.363757 1.2 3 0 0
1 63435 28.6078 -62.1587 -13.2264 -0.00825841 1.2 3 0 0
1 63436 28.1831 -65.868 -13.6302 -0.00757977 1.2 3 0 0
1 63437 29.6841 -64.4884 -16.5994 -0.00319496 1.2 3 0 0
1 63438 28.4521 -65.004 -16.1632 0.341719 1.2 3 0 0
1 63440 28.6221 -65.616 -16.0179 0.00738448 1.2 3 0 0
1 63441 30.3253 -63.1051 -18.2701 0.456365 1.2 3 0 0
1 63442 29.5735 -63.1207 -16.948 0.209528 1.2 3 0 0
1 63443 30.8523 -63.2134 -16.4786 -0.0148632 1.2 3 0 0
1 63444 28.5065 -62.4492 -15.7779 0.332209 1.2 3 0 0
1 63445 28.7603 -62.0722 -17.9696 0.678916 1.2 3 0 0
1 63446 28.447 -64.253 -17.8857 1.44979 1.2 3 0 0
1 63447 31.3963 -59.0142 -21.0052 1.35837 1.2 3 0 0
1 63448 31.5817 -60.6957 -20.3763 0.438854 1.2 3 0 0
1 63449 29.4038 -57.9244 -20.6122 0.365191 1.2 3 0 0
1 63450 28.6001 -59.5109 -21.2116 0.995238 1.2 3 0 0
1 63451 31.0839 -58.1923 -18.8837 0.938128 1.2 3 0 0
1 63452 30.9342 -59.401 -19.3762 0.373363 1.2 3 0 0
1 63453 31.3881 -59.3703 -23.1675 0.833081 1.2 3 0 0
1 63454 30.0454 -60.3181 -21.6383 0.622976 1.2 3 0 0
1 63455 28.404 -63.3616 -19.7164 0.522157 1.2 3 0 0
1 63456 28.9609 -62.5206 -20.2791 0.494903 1.2 3 0 0
1 63457 25.2787 -61.2862 -21.5731 0.677816 1.2 3 0 0
1 63458 25.3823 -61.4415 -20.1768 0.550345 1.2 3 0 0
1 63459 25.8825 -62.1745 -19.3519 0.44765 1.2 3 0 0
1 63460 27.0611 -62.3942 -20.8868 1.5 1.2 3 0 0
1 63461 27.5734 -60.6036 -19.3139 0.833363 1.2 3 0 0
1 63462 28.1745 -63.238 -22.4045 0.562816 1.2 3 0 0
1 63463 28.7122 -63.9975 -21.1753 0.818007 1.2 3 0 0
1 63464 28.2092 -64.7416 -22.7317 0.975888 1.2 3 0 0
1 63465 30.8259 -62.6577 -19.1795 0.46567 1.2 3 0 0
1 63466 29.8304 -63.47 -19.6961 0.908541 1.2 3 0 0
1 63467 29.537 -62.6375 -18.6953 0.385361 1.2 3 0 0
1 63468 29.8894 -60.9533 -19.466 1.5 1.2 3 0 0
1 63469 28.6324 -60.2056 -18.2613 0.384439 1.2 3 0 0
1 63470 30.6599 -62.7311 -20.3891 0.400791 1.2 3 0 0
1 63471 30.9932 -61.7921 -20.8693 0.472677 1.2 3 0 0
1 63472 29.9342 -62.0377 -23.8989 0.645351 1.2 3 0 0
1 63473 30.9976 -60.5094 -24.1855 0.557872 1.2 3 0 0
1 63474 27.8361 -61.7277 -22.8122 0.673038 1.2 3 0 0
1 63475 27.2876 -60.2813 -21.9018 0.656521 1.2 3 0 0
1 63476 28.6177 -58.0186 -23.5205 0.619037 1.2 3 0 0
1 63477 29.0711 -60.0979 -23.5907 1.5 1.2 3 0 0
1 63478 23.7894 -54.4325 -18.2865 1.03395 1.2 3 0 0
1 63479 23.0906 -54.5753 -20.6648 1.44355 1.2 3 0 0
1 63481 22.6503 -56.9195 -19.0211 0.729929 1.2 3 0 0
1 63483 23.3189 -57.1204 -19.9297 0.41586 1.2 3 0 0
1 63484 22.6469 -57.0462 -21.2816 1.08557 1.2 3 0 0
1 63503 22.557 -54.0795 -16.4196 1.23069 1.2 3 0 0
1 63585 21.4807 -55.8364 -23.2466 1.5 1.2 3 0 0
1 63603 21.0471 -53.0042 -22.086 1.5 1.2 3 0 0
1 63627 24.4778 -57.6889 -15.356 0.642964 1.2 3 0 0
1 63628 25.2308 -57.1885 -14.1704 0.45265 1.2 3 0 0
1 63629 25.268 -57.3172 -14.9801 0.298686 1.2 3 0 0
1 63630 21.7781 -55.3415 -14.1118 1.47698 1.2 3 0 0
1 63632 23.6738 -54.3272 -15.4276 0.235875 1.2 3 0 0
1 63634 23.2009 -56.5965 -14.9017 0.499241 1.2 3 0 0
1 63635 23.8649 -57.035 -14.9787 0.300263 1.2 3 0 0
1 63636 23.39 -57.9375 -15.4017 0.473839 1.2 3 0 0
1 63639 22.6344 -59.4885 -14.849 0.710373 1.2 3 0 0
1 63644 21.8314 -61.0231 -12.6173 1.20572 1.2 3 0 0
1 63649 27.0071 -59.7224 -13.1413 0.412801 1.2 3 0 0
1 63650 26.0861 -59.9203 -13.4112 0.411901 1.2 3 0 0
1 63652 23.4439 -59.4151 -10.8707 1.114 1.2 3 0 0
1 63653 23.4044 -60.0912 -12.4037 0.534871 1.2 3 0 0
1 63654 24.1976 -59.5352 -12.2374 0.446059 1.2 3 0 0
1 63655 23.5698 -57.9005 -13.4265 1.5 1.2 3 0 0
1 63656 24.2715 -60.7777 -14.1118 1.5 1.2 3 0 0
1 63657 24.896 -61.0222 -16.1521 0.537842 1.2 3 0 0
1 63658 23.7841 -61.2664 -16.2559 0.570543 1.2 3 0 0
1 63659 23.4044 -62.0262 -16.6661 0.371047 1.2 3 0 0
1 63660 21.7162 -61.1635 -16.2792 1.5 1.2 3 0 0
1 63664 23.7228 -62.6537 -15.2154 0.34501 1.2 3 0 0
1 63665 23.3297 -62.2403 -15.8175 0.484439 1.2 3 0 0
1 63666 24.0321 -59.2917 -16.69 1.46655 1.2 3 0 0
1 63667 23.2814 -62.0687 -17.8493 0.819239 1.2 3 0 0
1 63668 22.9806 -60.6905 -17.879 0.58773 1.2 3 0 0
1 63692 28.0124 -63.7944 -13.1022 -0.00792856 1.2 3 0 0
1 63697 26.101 -65.4177 -12.9365 0.309362 1.2 3 0 0
1 63702 23.8191 -61.6275 -11.3505 1.11931 1.2 3 0 0
1 63718 24.2533 -62.8528 -14.5214 0.548858 1.2 3 0 0
1 63719 25.3189 -63.3604 -14.6528 0.477566 1.2 3 0 0
1 63720 25.3151 -62.3807 -14.6989 0.500802 1.2 3 0 0
1 63721 24.8166 -63.5714 -12.7956 1.38802 1.2 3 0 0
1 63722 22.7942 -64.871 -12.5839 0.95278 1.2 3 0 0
1 63723 23.0037 -62.5083 -13.1993 0.719173 1.2 3 0 0
1 63724 26.49 -61.4542 -13.5185 0.741672 1.2 3 0 0
1 63725 25.0911 -60.6485 -12.1285 0.648015 1.2 3 0 0
1 63726 25.4513 -65.4238 -13.3228 0.347417 1.2 3 0 0
1 63727 25.4684 -65.0766 -14.4427 0.176793 1.2 3 0 0
1 63728 25.4812 -64.7948 -13.9941 0.353147 1.2 3 0 0
1 63729 24.3865 -66.0499 -14.4042 1.2771 1.2 3 0 0
1 63730 25.5243 -67.3198 -15.2873 0.643054 1.2 3 0 0
1 63731 24.4308 -66.7852 -15.8191 0.314979 1.2 3 0 0
1 63732 25.2558 -65.218 -16.1245 0.764209 1.2 3 0 0
1 63733 22.6244 -68.656 -17.5484 1.01768 1.2 3 0 0
1 63735 22.9781 -67.5068 -15.7398 1.14687 1.2 3 0 0
1 63736 24.6992 -68.1361 -15.9126 0.604391 1.2 3 0 0
1 63737 23.1882 -65.579 -16.3 0.843171 1.2 3 0 0
1 63738 23.5395 -64.6848 -17.9092 1.031 1.2 3 0 0
1 63739 22.878 -63.2936 -16.8379 0.650862 1.2 3 0 0
1 63749 22.55 -66.6061 -18.3294 0.87189 1.2 3 0 0
1 63754 21.457 -63.3597 -18.4691 1.5 1.2 3 0 0
1 63760 29.8204 -60.9489 -26.8342 0.498942 1.2 3 0 0
1 63761 28.6525 -61.8663 -26.9999 0.918606 1.2 3 0 0
1 63762 28.5571 -60.1245 -25.2985 0.283723 1.2 3 0 0
1 63763 26.6597 -59.8486 -26.4813 0.522648 1.2 3 0 0
1 63764 28.3543 -61.6583 -25.8 0.309774 1.2 3 0 0
1 63765 29.7103 -61.3856 -25.496 0.886852 1.2 3 0 0
1 63766 29.0839 -62.8776 -26.2616 0.404266 1.2 3 0 0
1 63767 28.5777 -59.3792 -26.9195 1.5 1.2 3 0 0
1 63768 29.1323 -60.6919 -28.2571 0.454432 1.2 3 0 0
1 63769 26.5831 -64.5452 -26.2885 1.10997 1.2 3 0 0
1 63770 25.1639 -65.7714 -26.5675 0.784344 1.2 3 0 0
1 63771 25.8846 -65.188 -27.4857 0.332891 1.2 3 0 0
1 63772 27.2509 -65.2355 -24.5345 0.882968 1.2 3 0 0
1 63773 23.9363 -62.9459 -25.7064 1.09979 1.2 3 0 0
1 63774 23.7044 -62.0874 -26.8238 0.328341 1.2 3 0 0
1 63775 23.7616 -63.0238 -27.0697 0.269697 1.2 3 0 0
1 63776 24.2935 -62.3134 -27.456 0.508139 1.2 3 0 0
1 63777 28.1206 -62.9683 -24.5734 1.5 1.2 3 0 0
1 63778 28.4686 -64.7981 -24.4611 0.365555 1.2 3 0 0
1 63779 27.1162 -58.6098 -23.3291 0.970389 1.2 3 0 0
1 63780 25.8088 -59.4321 -24.4954 0.20971 1.2 3 0 0
1 63781 26.0564 -60.7879 -23.5495 1.46187 1.2 3 0 0
1 63782 27.6754 -60.7967 -25.3166 0.82223 1.2 3 0 0
1 63783 26.3274 -60.4327 -25.4375 0.475294 1.2 3 0 0
1 63784 27.7615 -63.308 -27.0769 0.725736 1.2 3 0 0
1 63785 27.6956 -61.7639 -27.7115 0.278267 1.2 3 0 0
1 63786 26.9543 -63.1671 -28.2491 0.619323 1.2 3 0 0
1 63787 26.6569 -62.0545 -29.1401 0.821455 1.2 3 0 0
1 63788 25.7895 -63.2059 -29.088 0.612585 1.2 3 0 0
1 63789 25.2623 -59.735 -22.1431 0.413838 1.2 3 0 0
1 63790 24.6536 -57.9682 -22.6393 1.5 1.2 3 0 0
1 63791 21.0995 -58.9406 -23.3281 1.5 1.2 3 0 0
1 63793 24.0374 -60.2721 -21.6526 0.92702 1.2 3 0 0
1 63794 22.9857 -58.8202 -21.5776 0.650007 1.2 3 0 0
1 63796 23.2544 -58.9898 -24.2788 0.840048 1.2 3 0 0
1 63805 24.8213 -62.9555 -22.8363 1.01297 1.2 3 0 0
1 63806 23.5855 -63.3174 -24.1092 0.574691 1.2 3 0 0
1 63814 23.1394 -61.2864 -23.6732 1.5 1.2 3 0 0
1 63818 23.8645 -60.9007 -25.6436 0.562739 1.2 3 0 0
1 63819 23.0825 -61.4626 -26.1536 0.525431 1.2 3 0 0
1 63826 22.0907 -62.6337 -27.5106 1.5 1.2 3 0 0
1 63827 24.0602 -69.05 -22.0763 0.244964 1.2 3 0 0
1 63828 24.1909 -67.3248 -22.3028 1.5 1.2 3 0 0
1 63829 25.7532 -68.0771 -22.7174 0.272307 1.2 3 0 0
1 63830 23.3701 -65.5078 -22.9774 0.600824 1.2 3 0 0
1 63831 23.427 -66.0494 -23.9068 0.370928 1.2 3 0 0
1 63832 23.7787 -67.1584 -24.753 0.985003 1.2 3 0 0
1 63833 24.8798 -64.959 -24.3547 1.5 1.2 3 0 0
1 63834 22.3711 -63.8564 -22.7222 1.34605 1.2 3 0 0
1 63845 21.5724 -66.2952 -24.003 1.5 1.2 3 0 0
1 63847 22.9787 -65.6526 -26.4774 1.406 1.2 3 0 0
1 63849 25.5732 -59.8849 -27.7764 0.699566 1.2 3 0 0
1 63850 26.8106 -59.6912 -29.5987 1.5 1.2 3 0 0
1 63851 23.8711 -60.8663 -27.3097 0.995823 1.2 3 0 0
1 63852 23.9141 -58.8239 -28.756 1.5 1.2 3 0 0
1 63853 23.6757 -56.8333 -29.2846 0.503251 1.2 3 0 0
1 63862 21.8455 -59.635 -26.4722 1.5 1.2 3 0 0
1 63863 21.7527 -55.9366 -28.8066 1.5 1.2 3 0 0
1 63865 25.3659 -57.2609 -24.553 0.661026 1.2 3 0 0
1 63866 24.8963 -59.1891 -25.8589 1.44733 1.2 3 0 0
1 63867 25.7447 -57.3816 -25.7558 0.546875 1.2 3 0 0
1 63868 25.3477 -57.4363 -26.8859 0.428145 1.2 3 0 0
1 63871 23.1089 -57.4057 -24.2103 0.748672 1.2 3 0 0
1 63872 23.9774 -56.3854 -26.0281 1.5 1.2 3 0 0
1 63873 23.5318 -60.2697 -26.182 0.323001 1.2 3 0 0
1 63874 24.2292 -57.9474 -27.0889 0.404901 1.2 3 0 0
1 63875 23.171 -57.4794 -27.4966 0.486424 1.2 3 0 0
1 63876 23.1889 -60.1147 -30.267 0.599567 1.2 3 0 0
1 63878 22.7438 -57.7715 -30.2836 0.693297 1.2 3 0 0
1 63879 23.8138 -60.682 -32.1075 0.712943 1.2 3 0 0
1 63880 25.2651 -60.1282 -31.5495 0.934173 1.2 3 0 0
1 63881 25.056 -59.2828 -32.8151 0.512576 1.2 3 0 0
1 64092 24.1242 -52.6547 -31.1629 0.437976 1.2 3 0 0
1 64093 23.1332 -51.1562 -29.3341 0.50325 1.2 3 0 0
1 64114 29.4605 -52.1319 -12.6471 0.293215 1.2 3 0 0
1 64115 30.5015 -52.2015 -15.0938 0.732072 1.2 3 0 0
1 64116 31.2035 -56.2112 -13.5227 0.584844 1.2 3 0 0
1 64117 30.8779 -56.8673 -13.8999 0.237322 1.2 3 0 0
1 64122 22.2196 -60.536 -28.7017 0.909436 1.2 3 0 0
1 64123 23.5109 -60.6139 -28.5728 0.341695 1.2 3 0 0
