# SphereID Center[X Y Z] Radius Density Region Score Weight
LeafCount 32062
NodeCount 32062
1 19550 27.9138 -38.9205 -32.3413 1.5 1.2 1 0 0
1 19562 30.4861 -37.1127 -31.2631 1.42252 1.2 1 0 0
1 19563 29.761 -39.2789 -33.0948 0.526966 1.2 1 0 0
1 19582 30.0824 -40.6813 -31.9258 1.32423 1.2 1 0 0
1 19587 28.8355 -33.9617 -32.875 0.833893 1.2 1 0 0
1 19613 27.816 -46.1093 -33.2029 1.2144 1.2 1 0 0
1 28507 28.7416 -36.5175 -33.0194 1.1194 1.2 1 0 0
1 28535 28.8523 -43.7744 -32.6754 1.3364 1.2 1 0 0
1 28545 28.9078 -41.7556 -33.3216 0.784 1.2 1 0 0
1 28629 29.2548 -47.3625 -32.7802 0.721738 1.2 1 0 0
1 28651 27.5711 -48.8402 -32.7655 1.5 1.2 1 0 0
1 30223 27.5834 -55.0224 -31.5571 1.45462 1.2 1 0 0
1 51612 27.9138 -38.9205 -32.3413 1.5 1.2 3 0 0
1 51624 30.4861 -37.1127 -31.2631 1.42252 1.2 3 0 0
1 51625 29.761 -39.2789 -33.0948 0.526966 1.2 3 0 0
1 51644 30.0824 -40.6813 -31.9258 1.32423 1.2 3 0 0
1 51649 28.8355 -33.9617 -32.875 0.833893 1.2 3 0 0
1 51675 27.816 -46.1093 -33.2029 1.2144 1.2 3 0 0
1 60569 28.7416 -36.5175 -33.0194 1.1194 1.2 3 0 0
1 60597 28.8523 -43.7744 -32.6754 1.3364 1.2 3 0 0
1 60607 28.9078 -41.7556 -33.3216 0.784 1.2 3 0 0
1 60691 29.2548 -47.3625 -32.7802 0.721738 1.2 3 0 0
1 60713 27.5711 -48.8402 -32.7655 1.5 1.2 3 0 0
1 62285 27.5834 -55.0224 -31.5571 1.45462 1.2 3 0 0
