# SphereID Center[X Y Z] Radius Density Region Score Weight
LeafCount 32062
NodeCount 32062
1 9976 23.42 -43.0218 -25.2595 1.25123 0.6 0 0 0
1 9991 27.8664 -37.7889 -25.0583 1.76327 0.6 0 0 0
1 9999 25.8511 -41.1972 -24.0237 2 0.6 0 0 0
1 10000 25.3489 -39.7398 -26.5228 0.936229 0.6 0 0 0
1 10002 23.3384 -37.5871 -26.2376 2 0.6 0 0 0
1 10058 21.2107 -40.7859 -23.6292 2 0.6 0 0 0
1 10085 20.1118 -40.0822 -27.527 2 0.6 0 0 0
1 19425 35.9563 -38.3716 -25.6886 0.609614 1.2 1 0 0
1 19426 34.5297 -37.2847 -24.5754 1.5 1.2 1 0 0
1 19427 35.0689 -38.1608 -26.2769 0.460682 1.2 1 0 0
1 19438 34.1977 -37.3454 -27.3939 1.17377 1.2 1 0 0
1 19453 34.1722 -41.8746 -26.246 0.409431 1.2 1 0 0
1 19454 34.7466 -40.0872 -25.8982 1.5 1.2 1 0 0
1 19455 34.4869 -42.1913 -27.6742 0.866326 1.2 1 0 0
1 19457 32.1787 -39.9851 -24.8285 0.846833 1.2 1 0 0
1 19458 30.2945 -40.4959 -26.1543 1.01297 1.2 1 0 0
1 19460 32.0045 -38.7807 -26.8659 1.5 1.2 1 0 0
1 19462 34.0008 -38.8457 -27.0831 0.370924 1.2 1 0 0
1 19463 33.9837 -39.6664 -28.2356 0.994488 1.2 1 0 0
1 19464 33.9535 -41.1539 -28.4622 0.509739 1.2 1 0 0
1 19465 33.8961 -40.9241 -27.4973 0.455255 1.2 1 0 0
1 19549 29.7378 -38.9501 -31.2561 0.549076 1.2 1 0 0
1 19550 27.9138 -38.9205 -32.3413 1.5 1.2 1 0 0
1 19551 28.4746 -39.0822 -30.3748 0.338108 1.2 1 0 0
1 19554 28.5416 -37.8759 -30.2954 0.870867 1.2 1 0 0
1 19557 27.0052 -39.3531 -29.257 1.5 1.2 1 0 0
1 19558 26.245 -37.3117 -30.9772 1.1896 1.2 1 0 0
1 19562 30.4861 -37.1127 -31.2631 1.42252 1.2 1 0 0
1 19563 29.761 -39.2789 -33.0948 0.526966 1.2 1 0 0
1 19573 32.8211 -37.8687 -29.313 1.1567 1.2 1 0 0
1 19574 32.0259 -38.9619 -30.7677 0.82541 1.2 1 0 0
1 19575 31.096 -39.0208 -31.866 0.614888 1.2 1 0 0
1 19576 32.5275 -40.9238 -29.5766 1.31465 1.2 1 0 0
1 19577 28.6405 -40.0689 -30.5288 0.674186 1.2 1 0 0
1 19578 30.2505 -39.2789 -29.2997 1.5 1.2 1 0 0
1 19579 29.3658 -41.1458 -29.006 0.586728 1.2 1 0 0
1 19580 28.6372 -40.4433 -29.2936 0.462986 1.2 1 0 0
1 19581 29.3661 -37.4499 -27.635 1.12641 1.2 1 0 0
1 19582 30.0824 -40.6813 -31.9258 1.32423 1.2 1 0 0
1 19583 30.2902 -41.4989 -30.1244 0.664879 1.2 1 0 0
1 19584 30.6922 -41.4955 -28.6455 0.821242 1.2 1 0 0
1 19585 31.7895 -41.8588 -31.2184 0.712932 1.2 1 0 0
1 19595 26.7923 -37.3048 -33.8545 0.981562 1.2 1 0 0
1 19599 27.2071 -40.7533 -35.0896 0.482667 1.2 1 0 0
1 19600 25.8073 -40.6222 -34.6556 0.399645 1.2 1 0 0
1 19601 26.6529 -41.9772 -33.6273 1.5 1.2 1 0 0
1 19602 25.6658 -41.4218 -35.7528 0.902903 1.2 1 0 0
1 19605 23.1065 -42.9427 -33.2455 1.5 1.2 1 0 0
1 19606 23.852 -42.9631 -36.1373 1.48642 1.2 1 0 0
1 19608 21.8889 -42.0934 -30.4332 1.5 1.2 1 0 0
1 19613 27.816 -46.1093 -33.2029 1.2144 1.2 1 0 0
1 19614 26.3384 -47.3102 -33.2658 0.527516 1.2 1 0 0
1 19615 24.8966 -49.583 -36.2746 0.43584 1.2 1 0 0
1 19679 21.7719 -39.747 -34.6266 1.14556 1.2 1 0 0
1 19695 24.2917 -36.8315 -32.7695 1.5 1.2 1 0 0
1 19696 22.5509 -38.6153 -31.9582 0.946226 1.2 1 0 0
1 19697 23.8154 -37.5974 -30.1994 1.21427 1.2 1 0 0
1 19946 22.6574 -56.1808 -33.9359 1.5 1.2 1 0 0
1 19975 22.3643 -49.5375 -28.4352 0.883814 1.2 1 0 0
1 19976 21.9457 -47.3241 -27.6521 1.5 1.2 1 0 0
1 20037 34.9824 -43.6374 -27.2581 0.624848 1.2 1 0 0
1 20038 33.0274 -46.8109 -27.3004 0.40227 1.2 1 0 0
1 20046 31.4025 -46.481 -27.6545 0.760412 1.2 1 0 0
1 20048 30.9632 -45.6835 -28.9859 0.852494 1.2 1 0 0
1 20049 30.7338 -44.2796 -31.8906 0.76363 1.2 1 0 0
1 20056 21.4919 -49.9938 -25.0048 1.5 1.2 1 0 0
1 20073 25.606 -48.7151 -25.2299 1.5 1.2 1 0 0
1 20080 25.0054 -45.2167 -27.1173 1.5 1.2 1 0 0
1 20081 25.2703 -47.0447 -26.3086 0.516397 1.2 1 0 0
1 20116 31.19 -54.4333 -24.0502 1.5 1.2 1 0 0
1 20117 31.606 -57.543 -24.1511 1.25197 1.2 1 0 0
1 20118 27.8616 -52.752 -26.4706 1.5 1.2 1 0 0
1 20119 30.6543 -49.7647 -26.4046 0.68238 1.2 1 0 0
1 20120 31.633 -52.0471 -27.0841 1.5 1.2 1 0 0
1 20121 29.3645 -53.6797 -29.6194 1.5 1.2 1 0 0
1 20122 26.9926 -53.8439 -28.6176 1.05659 1.2 1 0 0
1 20123 24.8926 -52.7821 -29.486 1.19742 1.2 1 0 0
1 20124 26.5556 -52.6284 -29.5805 0.466856 1.2 1 0 0
1 20126 29.0825 -54.3607 -25.8863 0.595592 1.2 1 0 0
1 20127 27.9606 -55.3463 -26.8936 0.978559 1.2 1 0 0
1 20128 29.9911 -48.6531 -31.6429 1.09246 1.2 1 0 0
1 20129 27.1093 -48.4976 -28.6661 1.0345 1.2 1 0 0
1 20298 24.7336 -64.0426 -27.743 1.29105 1.2 1 0 0
1 20300 25.6572 -62.8335 -28.2561 0.308411 1.2 1 0 0
1 20301 26.138 -61.8029 -26.8477 1.5 1.2 1 0 0
1 20311 26.6373 -57.9046 -26.878 0.937512 1.2 1 0 0
1 20312 25.554 -57.4697 -28.0714 0.731892 1.2 1 0 0
1 20313 24.4146 -61.7405 -29.7488 1.5 1.2 1 0 0
1 20314 21.6551 -61.9849 -30.342 1.33306 1.2 1 0 0
1 28421 35.7574 -42.1809 -25.679 0.825274 1.2 1 0 0
1 28422 35.4144 -41.7156 -26.8366 0.468674 1.2 1 0 0
1 28509 30.3112 -38.4956 -32.6364 0.534282 1.2 1 0 0
1 28525 30.2794 -38.6042 -27.583 0.344767 1.2 1 0 0
1 28526 28.6862 -39.7917 -27.4016 0.974633 1.2 1 0 0
1 28527 27.7605 -37.9784 -27.8081 0.563113 1.2 1 0 0
1 28528 28.3362 -38.4926 -27.2872 0.368144 1.2 1 0 0
1 28529 30.0584 -39.284 -27.087 0.521966 1.2 1 0 0
1 28530 30.0247 -38.6116 -26.2187 0.506916 1.2 1 0 0
1 28535 28.8523 -43.7744 -32.6754 1.3364 1.2 1 0 0
1 28536 30.7513 -42.7103 -31.9317 0.806269 1.2 1 0 0
1 28537 25.5042 -43.4212 -32.5826 0.616932 1.2 1 0 0
1 28538 26.5456 -44.6649 -31.7134 1.2185 1.2 1 0 0
1 28539 26.3165 -42.875 -31.4218 0.609453 1.2 1 0 0
1 28540 28.1253 -42.181 -30.435 1.5 1.2 1 0 0
1 28541 27.2026 -44.1622 -29.0044 1.11214 1.2 1 0 0
1 28542 28.1791 -44.2705 -30.8206 0.62544 1.2 1 0 0
1 28543 28.2173 -43.8816 -30.0595 0.230109 1.2 1 0 0
1 28544 28.1151 -40.9794 -32.4633 0.57233 1.2 1 0 0
1 28545 28.9078 -41.7556 -33.3216 0.784 1.2 1 0 0
1 28546 28.7666 -41.7551 -32.1578 0.386967 1.2 1 0 0
1 28547 26.1988 -39.1115 -31.1967 0.570664 1.2 1 0 0
1 28548 25.7269 -38.3219 -32.0801 0.392569 1.2 1 0 0
1 28550 24.342 -40.1556 -30.9378 1.5 1.2 1 0 0
1 28551 23.9347 -41.7409 -31.9727 0.436532 1.2 1 0 0
1 28552 23.3489 -41.6422 -31.4728 0.339898 1.2 1 0 0
1 28554 24.8041 -39.0782 -29.0469 0.634712 1.2 1 0 0
1 28555 25.3257 -38.5238 -30.1171 0.557916 1.2 1 0 0
1 28556 24.5065 -40.9543 -33.2278 0.904413 1.2 1 0 0
1 28557 25.4849 -39.326 -32.9471 0.955964 1.2 1 0 0
1 28558 24.0418 -38.5983 -32.0369 0.428924 1.2 1 0 0
1 28559 27.8915 -40.4817 -30.2242 0.228279 1.2 1 0 0
1 28560 27.483 -40.4187 -31.1037 0.490453 1.2 1 0 0
1 28561 28.387 -40.5574 -31.4639 0.410927 1.2 1 0 0
1 28562 24.8963 -42.3525 -32.1104 0.70009 1.2 1 0 0
1 28563 25.6365 -41.9204 -31.0612 0.61266 1.2 1 0 0
1 28564 26.7112 -41.1083 -29.8446 0.370582 1.2 1 0 0
1 28565 25.6842 -41.3788 -30.1165 0.44765 1.2 1 0 0
1 28566 26.0695 -41.8667 -28.5077 1.27715 1.2 1 0 0
1 28567 26.402 -40.8889 -30.8486 0.688392 1.2 1 0 0
1 28568 26.4237 -40.4433 -32.1047 0.643611 1.2 1 0 0
1 28569 26.4114 -40.0667 -35.5286 0.656289 1.2 1 0 0
1 28570 26.2977 -38.6189 -35.5286 0.658416 1.2 1 0 0
1 28571 23.0046 -40.9091 -35.8293 0.583259 1.2 1 0 0
1 28573 22.756 -41.3891 -34.7127 0.657312 1.2 1 0 0
1 28574 24.0319 -41.5424 -34.5726 0.63472 1.2 1 0 0
1 28575 24.3567 -39.4872 -35.1269 1.5 1.2 1 0 0
1 28576 23.854 -40.7738 -36.887 0.731864 1.2 1 0 0
1 28579 24.4906 -44.6331 -32.2855 0.881671 1.2 1 0 0
1 28580 25.1424 -43.6083 -33.8716 0.731509 1.2 1 0 0
1 28581 23.92 -44.3201 -34.5704 0.576972 1.2 1 0 0
1 28585 22.8285 -45.3922 -34.0775 1.01579 1.2 1 0 0
1 28587 22.8207 -40.2647 -32.8568 0.951314 1.2 1 0 0
1 28591 26.1308 -43.7446 -35.3176 1.00063 1.2 1 0 0
1 28592 25.3155 -44.1387 -36.5237 0.430112 1.2 1 0 0
1 28593 22.8343 -44.8907 -37.0368 0.871607 1.2 1 0 0
1 28595 23.9858 -43.2563 -27.8697 0.811721 1.2 1 0 0
1 28596 25.4974 -43.5978 -28.3233 0.555336 1.2 1 0 0
1 28597 25.2573 -42.9517 -27.463 0.434066 1.2 1 0 0
1 28598 22.5589 -44.7052 -28.5956 1.33599 1.2 1 0 0
1 28600 23.8014 -46.4575 -28.7294 0.814173 1.2 1 0 0
1 28602 24.6044 -43.5365 -30.1744 1.5 1.2 1 0 0
1 28603 23.8185 -41.5904 -29.0947 0.860176 1.2 1 0 0
1 28612 22.8289 -44.5682 -26.5843 0.660203 1.2 1 0 0
1 28614 23.0436 -45.8439 -26.5575 0.633692 1.2 1 0 0
1 28618 22.6596 -46.066 -31.541 1.5 1.2 1 0 0
1 28627 28.278 -47.4847 -33.9032 0.396227 1.2 1 0 0
1 28628 30.1028 -45.1984 -32.616 0.557675 1.2 1 0 0
1 28629 29.2548 -47.3625 -32.7802 0.721738 1.2 1 0 0
1 28630 27.5836 -44.1137 -34.3425 0.780115 1.2 1 0 0
1 28631 26.5034 -44.1691 -33.4769 0.605289 1.2 1 0 0
1 28632 27.4478 -47.1247 -31.4312 0.676832 1.2 1 0 0
1 28633 28.3945 -47.3043 -32.0614 0.37953 1.2 1 0 0
1 28634 28.6356 -46.8604 -32.3313 0.19314 1.2 1 0 0
1 28635 25.3478 -48.4522 -35.1167 1.20194 1.2 1 0 0
1 28636 23.954 -47.3102 -34.6757 0.567792 1.2 1 0 0
1 28637 25.3057 -45.8209 -34.1945 1.5 1.2 1 0 0
1 28638 22.3657 -47.5701 -33.851 1.2222 1.2 1 0 0
1 28640 23.6577 -47.1655 -32.8714 0.44896 1.2 1 0 0
1 28641 23.6706 -46.3228 -33.2654 0.446496 1.2 1 0 0
1 28642 23.415 -48.6196 -34.3486 0.342501 1.2 1 0 0
1 28643 23.9567 -48.8106 -34.653 0.307584 1.2 1 0 0
1 28644 25.1197 -47.8382 -32.2936 1.10825 1.2 1 0 0
1 28645 26.243 -46.4593 -32.2869 0.639248 1.2 1 0 0
1 28646 25.2666 -48.0522 -31.0024 0.20495 1.2 1 0 0
1 28647 24.6461 -46.4253 -31.6193 0.520194 1.2 1 0 0
1 28648 25.7879 -46.7842 -29.986 1.5 1.2 1 0 0
1 28649 25.6814 -49.0589 -33.1061 0.432515 1.2 1 0 0
1 28650 26.0459 -49.4939 -33.929 0.506586 1.2 1 0 0
1 28651 27.5711 -48.8402 -32.7655 1.5 1.2 1 0 0
1 28652 26.8107 -49.3118 -34.5699 0.507709 1.2 1 0 0
1 28653 23.7798 -46.6021 -36.1699 1.09481 1.2 1 0 0
1 28654 24.9942 -45.2387 -36.3207 0.726358 1.2 1 0 0
1 28655 25.4393 -46.8558 -36.0105 0.591473 1.2 1 0 0
1 28656 24.2299 -49.7366 -36.9122 0.238773 1.2 1 0 0
1 28657 22.8653 -49.0424 -36.0856 1.5 1.2 1 0 0
1 28659 23.5171 -47.2521 -37.4155 0.334501 1.2 1 0 0
1 28719 21.2084 -46.3046 -35.9898 1.5 1.2 1 0 0
1 28735 21.1362 -41.6922 -36.3149 1.5 1.2 1 0 0
1 28812 25.2154 -36.9554 -35.2586 1.15789 1.2 1 0 0
1 28813 25.4829 -38.4401 -36.2698 0.410643 1.2 1 0 0
1 28814 21.9678 -36.0495 -35.7155 1.5 1.2 1 0 0
1 28822 22.5752 -37.889 -34.2885 0.905967 1.2 1 0 0
1 28825 24.0107 -39.5858 -37.0593 0.46557 1.2 1 0 0
1 28826 22.4629 -39.6361 -37.0676 1.04623 1.2 1 0 0
1 28827 22.7735 -38.1175 -35.8927 0.726402 1.2 1 0 0
1 28828 23.6666 -38.4359 -36.8782 0.641252 1.2 1 0 0
1 29533 26.3782 -51.1626 -33.9271 1.19491 1.2 1 0 0
1 29534 27.7204 -52.0471 -33.6801 0.429135 1.2 1 0 0
1 29535 22.942 -51.122 -35.1333 0.693884 1.2 1 0 0
1 29536 23.9917 -49.9873 -33.2486 1.5 1.2 1 0 0
1 29537 24.5346 -52.2233 -32.4737 0.888599 1.2 1 0 0
1 29538 25.3488 -51.2505 -32.6727 0.39552 1.2 1 0 0
1 29539 25.8855 -49.9873 -32.4207 0.566864 1.2 1 0 0
1 29540 25.9288 -52.6617 -34.6615 0.528097 1.2 1 0 0
1 29541 24.5518 -50.8294 -35.6685 0.992357 1.2 1 0 0
1 29542 25.5661 -51.8372 -35.1669 0.433556 1.2 1 0 0
1 29544 22.7361 -52.6635 -29.581 0.927733 1.2 1 0 0
1 29545 22.7791 -54.2928 -30.0396 0.765484 1.2 1 0 0
1 29554 22.2679 -52.8353 -32.0319 1.36475 1.2 1 0 0
1 29556 25.2907 -49.2092 -30.7073 0.989357 1.2 1 0 0
1 29557 25.3271 -50.5094 -30.296 0.362024 1.2 1 0 0
1 29558 23.9607 -51.1153 -30.8399 1.14347 1.2 1 0 0
1 29561 21.4062 -50.7511 -30.2654 1.5 1.2 1 0 0
1 29563 23.4598 -48.2856 -29.6956 1.20232 1.2 1 0 0
1 29564 22.7454 -48.5048 -31.7492 0.949189 1.2 1 0 0
1 29568 26.1594 -53.9037 -33.523 1.12483 1.2 1 0 0
1 29569 25.9837 -55.1861 -34.3642 0.357894 1.2 1 0 0
1 29570 25.5417 -54.8405 -32.8371 0.190318 1.2 1 0 0
1 29571 23.1931 -54.2652 -33.1251 0.600249 1.2 1 0 0
1 29574 24.5248 -54.5265 -31.5216 1.5 1.2 1 0 0
1 29575 24.2907 -54.8214 -33.5958 0.608153 1.2 1 0 0
1 29576 25.0306 -54.9205 -34.7335 0.694204 1.2 1 0 0
1 29577 23.9323 -53.0176 -34.6443 1.5 1.2 1 0 0
1 29578 23.364 -54.9529 -35.732 0.78764 1.2 1 0 0
1 29614 25.3821 -56.2145 -33.4061 1.17103 1.2 1 0 0
1 29615 25.0255 -57.9631 -33.5368 0.602424 1.2 1 0 0
1 29616 24.357 -57.3541 -34.3454 0.601822 1.2 1 0 0
1 29620 23.3456 -56.2195 -31.8733 0.592936 1.2 1 0 0
1 29621 24.2135 -56.229 -32.357 0.39944 1.2 1 0 0
1 29623 22.0149 -59.4168 -31.8617 1.5 1.2 1 0 0
1 29632 21.6543 -56.6854 -31.4172 1.21765 1.2 1 0 0
1 29639 23.4965 -58.4594 -33.6868 0.938309 1.2 1 0 0
1 29643 23.2754 -51.7779 -36.489 0.797149 1.2 1 0 0
1 29973 34.7621 -42.1495 -23.5777 1.5 1.2 1 0 0
1 29975 35.5042 -44.8916 -24.7393 1.3006 1.2 1 0 0
1 29976 35.9496 -43.5176 -25.8187 0.499883 1.2 1 0 0
1 29981 34.1019 -43.2897 -25.8642 1.05657 1.2 1 0 0
1 29982 34.3374 -44.6584 -25.9858 0.337511 1.2 1 0 0
1 29984 31.4147 -47.5377 -25.0313 1.0766 1.2 1 0 0
1 29985 31.0879 -46.0791 -25.8998 0.612908 1.2 1 0 0
1 29986 31.7527 -46.8097 -26.416 0.493784 1.2 1 0 0
1 29988 33.1197 -46.035 -23.8173 1.5 1.2 1 0 0
1 29992 32.243 -48.5436 -27.2693 1.5 1.2 1 0 0
1 29996 33.6604 -49.9873 -24.8202 1.5 1.2 1 0 0
1 30000 34.5295 -47.4674 -25.8746 1.36651 1.2 1 0 0
1 30001 34.4093 -49.1853 -26.9281 0.651063 1.2 1 0 0
1 30002 33.3282 -49.574 -26.4403 0.204749 1.2 1 0 0
1 30003 34.9306 -45.259 -26.7665 0.797163 1.2 1 0 0
1 30004 34.1951 -46.0634 -26.6956 0.293994 1.2 1 0 0
1 30005 32.7595 -45.2064 -26.5556 1.38351 1.2 1 0 0
1 30007 34.3177 -46.3867 -27.6844 0.751361 1.2 1 0 0
1 30008 32.8898 -46.594 -28.9188 1.13439 1.2 1 0 0
1 30009 33.5711 -47.2616 -27.6507 0.384927 1.2 1 0 0
1 30032 33.2552 -42.7204 -29.6404 0.617927 1.2 1 0 0
1 30033 33.3112 -43.5331 -27.1157 0.443653 1.2 1 0 0
1 30034 33.426 -43.9386 -28.5412 1.03173 1.2 1 0 0
1 30035 32.2675 -41.8453 -26.9298 1.5 1.2 1 0 0
1 30036 31.7504 -43.6658 -26.5132 0.437861 1.2 1 0 0
1 30037 32.1014 -43.7486 -28.0366 0.398411 1.2 1 0 0
1 30038 30.863 -43.6701 -27.4973 0.852971 1.2 1 0 0
1 30039 29.1038 -46.917 -25.7072 0.529246 1.2 1 0 0
1 30040 29.4769 -47.1502 -26.4266 0.314001 1.2 1 0 0
1 30041 28.8376 -43.6749 -25.8445 0.533536 1.2 1 0 0
1 30042 27.2736 -44.0511 -26.3567 1.078 1.2 1 0 0
1 30043 29.2751 -46.6044 -23.7086 1.5 1.2 1 0 0
1 30045 28.446 -44.6496 -24.8388 0.882536 1.2 1 0 0
1 30047 29.3939 -45.463 -27.0928 1.5 1.2 1 0 0
1 30048 28.072 -44.0308 -27.6894 0.469751 1.2 1 0 0
1 30049 27.4495 -45.4239 -26.8842 0.383168 1.2 1 0 0
1 30050 31.2089 -41.6019 -24.8202 0.872853 1.2 1 0 0
1 30051 30.4302 -42.1922 -25.9081 0.588021 1.2 1 0 0
1 30052 30.6127 -42.9965 -26.4638 0.405771 1.2 1 0 0
1 30053 28.9185 -40.7294 -26.2359 0.376046 1.2 1 0 0
1 30054 28.8852 -42.2666 -27.3107 1.5 1.2 1 0 0
1 30056 30.7651 -43.9769 -24.8337 1.5 1.2 1 0 0
1 30059 31.8521 -44.4407 -31.3585 0.390766 1.2 1 0 0
1 30060 31.2851 -43.4967 -29.8183 1.5 1.2 1 0 0
1 30061 31.7658 -45.7702 -30.5717 0.921822 1.2 1 0 0
1 30062 29.2204 -44.4802 -29.304 0.817134 1.2 1 0 0
1 30063 29.397 -43.9398 -30.7237 0.640269 1.2 1 0 0
1 30064 29.585 -43.1642 -30.2039 0.274732 1.2 1 0 0
1 30068 23.9317 -53.9193 -25.0786 1.05556 1.2 1 0 0
1 30073 22.7775 -51.8735 -25.0045 0.755373 1.2 1 0 0
1 30078 24.8963 -51.3502 -25.8166 1.28735 1.2 1 0 0
1 30081 23.4777 -49.2277 -25.6228 0.716402 1.2 1 0 0
1 30082 24.1838 -49.3449 -26.5608 0.463545 1.2 1 0 0
1 30083 23.0473 -50.2342 -26.8825 0.950004 1.2 1 0 0
1 30122 27.0631 -46.2713 -25.4444 1.33151 1.2 1 0 0
1 30123 25.0414 -46.3864 -25.2402 0.69919 1.2 1 0 0
1 30126 23.0333 -47.1786 -24.8202 1.5 1.2 1 0 0
1 30129 25.8438 -43.3785 -26.7373 0.547303 1.2 1 0 0
1 30131 24.5219 -47.9095 -27.4762 1.09786 1.2 1 0 0
1 30132 23.1651 -48.7317 -26.7655 0.561565 1.2 1 0 0
1 30133 23.7356 -46.7578 -26.6632 0.516356 1.2 1 0 0
1 30166 30.368 -49.9691 -24.1564 1.5 1.2 1 0 0
1 30195 33.675 -50.4152 -27.4118 0.860852 1.2 1 0 0
1 30196 33.1956 -51.3138 -27.0313 0.226431 1.2 1 0 0
1 30197 33.2822 -51.5907 -28.2655 0.579324 1.2 1 0 0
1 30198 32.2625 -52.6098 -29.0985 0.682068 1.2 1 0 0
1 30199 33.8389 -51.7265 -26.3268 0.807901 1.2 1 0 0
1 30200 33.2373 -53.6436 -25.4707 0.992416 1.2 1 0 0
1 30201 33.5792 -52.3221 -27.4664 0.467577 1.2 1 0 0
1 30202 31.1685 -52.1888 -30.1878 0.908404 1.2 1 0 0
1 30203 32.0639 -50.4269 -29.2554 1.23789 1.2 1 0 0
1 30204 33.4227 -49.332 -28.7805 0.570627 1.2 1 0 0
1 30209 26.2442 -51.9098 -26.504 0.323784 1.2 1 0 0
1 30210 27.3669 -50.5769 -25.3288 1.00384 1.2 1 0 0
1 30212 30.0021 -52.368 -24.9791 1.0573 1.2 1 0 0
1 30213 31.0889 -53.3149 -25.6781 0.469836 1.2 1 0 0
1 30214 29.594 -50.9119 -26.5828 0.88695 1.2 1 0 0
1 30216 30.6426 -51.1719 -25.6686 0.436671 1.2 1 0 0
1 30218 29.2665 -51.7609 -28.0268 0.817674 1.2 1 0 0
1 30219 29.7719 -52.486 -26.7356 0.443648 1.2 1 0 0
1 30220 29.3764 -54.106 -31.6493 0.561083 1.2 1 0 0
1 30221 29.3552 -55.9413 -30.2803 0.850765 1.2 1 0 0
1 30222 26.1083 -54.5554 -32.0227 0.161089 1.2 1 0 0
1 30223 27.5834 -55.0224 -31.5571 1.45462 1.2 1 0 0
1 30224 28.3352 -52.6644 -31.1477 0.603826 1.2 1 0 0
1 30225 28.6724 -53.9721 -32.5389 0.348973 1.2 1 0 0
1 30226 27.9299 -52.938 -32.6764 0.928649 1.2 1 0 0
1 30227 25.9381 -56.4223 -27.0252 0.699947 1.2 1 0 0
1 30228 24.945 -55.3656 -28.6772 1.49524 1.2 1 0 0
1 30229 22.9185 -52.7955 -27.1464 1.5 1.2 1 0 0
1 30230 23.6495 -51.8233 -28.7721 0.51033 1.2 1 0 0
1 30231 25.7555 -52.3599 -27.5969 0.920298 1.2 1 0 0
1 30232 24.9724 -53.5926 -26.9316 0.677011 1.2 1 0 0
1 30233 23.4419 -56.1206 -30.3168 0.772703 1.2 1 0 0
1 30234 23.1729 -54.9429 -27.5001 0.670601 1.2 1 0 0
1 30235 23.1163 -54.2625 -28.6854 0.630508 1.2 1 0 0
1 30236 26.3 -53.6315 -30.4869 0.71955 1.2 1 0 0
1 30237 26.4198 -54.7729 -29.9552 0.541003 1.2 1 0 0
1 30238 25.5402 -54.155 -29.9453 0.350413 1.2 1 0 0
1 30239 28.3948 -58.0186 -30.4767 0.640293 1.2 1 0 0
1 30240 28.6021 -59.0263 -30.0398 0.453024 1.2 1 0 0
1 30241 25.7292 -56.2633 -30.6126 0.777807 1.2 1 0 0
1 30242 25.0835 -57.2369 -29.5269 0.564591 1.2 1 0 0
1 30243 24.5043 -57.8748 -31.56 1.44376 1.2 1 0 0
1 30244 27.5994 -56.7581 -28.9202 1.5 1.2 1 0 0
1 30245 25.9424 -58.0186 -29.4222 0.392817 1.2 1 0 0
1 30246 26.9414 -57.5139 -31.2538 1.03894 1.2 1 0 0
1 30247 26.3195 -59.0081 -31.597 0.604925 1.2 1 0 0
1 30248 26.0891 -57.7372 -32.8515 0.588688 1.2 1 0 0
1 30249 25.9987 -56.9982 -32.1987 0.39203 1.2 1 0 0
1 30250 29.4062 -57.9703 -25.2061 0.86799 1.2 1 0 0
1 30251 30.2223 -56.368 -26.7903 1.5 1.2 1 0 0
1 30252 28.6756 -57.6043 -27.5091 0.372892 1.2 1 0 0
1 30253 28.5246 -57.6534 -26.0858 0.412269 1.2 1 0 0
1 30254 29.2132 -57.7923 -26.3622 0.297295 1.2 1 0 0
1 30255 27.9579 -57.0125 -26.8716 0.595268 1.2 1 0 0
1 30256 32.1968 -56.0163 -25.5156 0.876384 1.2 1 0 0
1 30257 30.6191 -59.3877 -25.4188 0.998595 1.2 1 0 0
1 30258 31.3973 -58.0186 -26.0639 0.646125 1.2 1 0 0
1 30260 29.6133 -57.948 -28.5404 0.869792 1.2 1 0 0
1 30261 29.0011 -59.2791 -29.0241 0.649116 1.2 1 0 0
1 30262 27.839 -54.4962 -25.1035 0.716245 1.2 1 0 0
1 30263 27.4473 -56.6792 -24.842 1.5 1.2 1 0 0
1 30265 25.9565 -53.1733 -24.6779 1.04743 1.2 1 0 0
1 30266 27.1639 -54.34 -26.9743 0.306151 1.2 1 0 0
1 30267 26.0698 -54.7916 -26.1361 1.13255 1.2 1 0 0
1 30269 30.2626 -54.4819 -25.8361 0.512928 1.2 1 0 0
1 30270 29.3141 -55.3415 -24.9592 0.773777 1.2 1 0 0
1 30272 31.5555 -55.1041 -27.9157 0.644457 1.2 1 0 0
1 30273 31.4461 -54.231 -28.9832 0.738986 1.2 1 0 0
1 30274 31.625 -55.2301 -28.8349 0.286031 1.2 1 0 0
1 30275 28.57 -54.1412 -27.6787 0.472609 1.2 1 0 0
1 30276 28.3314 -54.912 -28.3148 0.553077 1.2 1 0 0
1 30277 29.4986 -55.0847 -28.1717 0.519669 1.2 1 0 0
1 30278 31.7146 -54.4276 -26.4587 0.962601 1.2 1 0 0
1 30279 31.0362 -54.4801 -27.4805 0.262703 1.2 1 0 0
1 30280 29.947 -53.9147 -27.2046 0.995088 1.2 1 0 0
1 30281 30.9714 -54.6429 -29.9313 0.398431 1.2 1 0 0
1 30282 29.3034 -57.4071 -29.925 0.576664 1.2 1 0 0
1 30283 30.5706 -55.5186 -28.9273 0.80537 1.2 1 0 0
1 30284 31.0735 -49.9873 -31.0647 0.720272 1.2 1 0 0
1 30285 30.7184 -49.1692 -30.4966 0.337193 1.2 1 0 0
1 30286 31.0363 -49.4229 -29.9286 0.336796 1.2 1 0 0
1 30287 29.327 -46.1135 -30.9442 1.5 1.2 1 0 0
1 30288 30.9827 -46.806 -29.9781 0.490826 1.2 1 0 0
1 30289 31.2146 -47.0487 -31.3342 0.634344 1.2 1 0 0
1 30290 31.0111 -48.9884 -28.8565 0.55779 1.2 1 0 0
1 30291 31.7006 -48.192 -30.1531 1.07982 1.2 1 0 0
1 30292 24.8963 -50.2716 -28.4908 1.5 1.2 1 0 0
1 30293 25.5645 -48.3902 -28.7802 0.517302 1.2 1 0 0
1 30294 25.9227 -48.8912 -29.4883 0.42012 1.2 1 0 0
1 30295 27.3322 -51.5455 -28.7289 1.11458 1.2 1 0 0
1 30296 26.857 -50.5115 -27.1192 0.856747 1.2 1 0 0
1 30297 25.2519 -51.2432 -29.9901 0.321644 1.2 1 0 0
1 30298 27.0052 -49.5787 -30.1485 0.79797 1.2 1 0 0
1 30299 30.0449 -47.4998 -28.7459 1.19626 1.2 1 0 0
1 30300 28.3049 -47.3024 -28.191 0.640688 1.2 1 0 0
1 30301 28.557 -48.223 -29.0366 0.483382 1.2 1 0 0
1 30302 27.1655 -46.1506 -28.0126 0.988709 1.2 1 0 0
1 30303 26.8747 -47.2121 -28.6288 0.272705 1.2 1 0 0
1 30304 27.9617 -46.8557 -26.943 0.502905 1.2 1 0 0
1 30305 28.5822 -48.7276 -26.5933 1.5 1.2 1 0 0
1 30306 28.3751 -46.1812 -29.0599 0.611542 1.2 1 0 0
1 30307 27.976 -47.3089 -29.6136 0.706623 1.2 1 0 0
1 30308 29.6719 -51.7524 -31.5313 1.04842 1.2 1 0 0
1 30309 31.0776 -51.1839 -31.2553 0.490904 1.2 1 0 0
1 30310 28.8379 -52.6642 -31.96 0.25957 1.2 1 0 0
1 30311 26.5505 -51.5506 -31.2373 1.5 1.2 1 0 0
1 30312 28.6386 -51.8391 -29.6508 0.47884 1.2 1 0 0
1 30313 29.3361 -49.9873 -29.5171 1.5 1.2 1 0 0
1 30314 28.0582 -51.3225 -30.0496 0.394599 1.2 1 0 0
1 30315 29.4937 -50.2067 -32.4173 0.705178 1.2 1 0 0
1 30316 28.4324 -50.3614 -31.4808 0.669358 1.2 1 0 0
1 30317 28.7959 -49.4296 -31.5379 0.331542 1.2 1 0 0
1 30318 28.2358 -51.1212 -32.9108 0.880337 1.2 1 0 0
1 31415 29.0711 -60.0979 -23.5907 1.5 1.2 1 0 0
1 31698 29.8204 -60.9489 -26.8342 0.498942 1.2 1 0 0
1 31699 28.6525 -61.8663 -26.9999 0.918606 1.2 1 0 0
1 31701 26.6597 -59.8486 -26.4813 0.522648 1.2 1 0 0
1 31703 29.7103 -61.3856 -25.496 0.886852 1.2 1 0 0
1 31704 29.0839 -62.8776 -26.2616 0.404266 1.2 1 0 0
1 31705 28.5777 -59.3792 -26.9195 1.5 1.2 1 0 0
1 31706 29.1323 -60.6919 -28.2571 0.454432 1.2 1 0 0
1 31707 26.5831 -64.5452 -26.2885 1.10997 1.2 1 0 0
1 31708 25.1639 -65.7714 -26.5675 0.784344 1.2 1 0 0
1 31709 25.8846 -65.188 -27.4857 0.332891 1.2 1 0 0
1 31711 23.9363 -62.9459 -25.7064 1.09979 1.2 1 0 0
1 31712 23.7044 -62.0874 -26.8238 0.328341 1.2 1 0 0
1 31713 23.7616 -63.0238 -27.0697 0.269697 1.2 1 0 0
1 31714 24.2935 -62.3134 -27.456 0.508139 1.2 1 0 0
1 31715 28.1206 -62.9683 -24.5734 1.5 1.2 1 0 0
1 31720 27.6754 -60.7967 -25.3166 0.82223 1.2 1 0 0
1 31722 27.7615 -63.308 -27.0769 0.725736 1.2 1 0 0
1 31723 27.6956 -61.7639 -27.7115 0.278267 1.2 1 0 0
1 31724 26.9543 -63.1671 -28.2491 0.619323 1.2 1 0 0
1 31725 26.6569 -62.0545 -29.1401 0.821455 1.2 1 0 0
1 31726 25.7895 -63.2059 -29.088 0.612585 1.2 1 0 0
1 31752 23.1394 -61.2864 -23.6732 1.5 1.2 1 0 0
1 31756 23.8645 -60.9007 -25.6436 0.562739 1.2 1 0 0
1 31757 23.0825 -61.4626 -26.1536 0.525431 1.2 1 0 0
1 31764 22.0907 -62.6337 -27.5106 1.5 1.2 1 0 0
1 31770 23.7787 -67.1584 -24.753 0.985003 1.2 1 0 0
1 31771 24.8798 -64.959 -24.3547 1.5 1.2 1 0 0
1 31783 21.5724 -66.2952 -24.003 1.5 1.2 1 0 0
1 31785 22.9787 -65.6526 -26.4774 1.406 1.2 1 0 0
1 31787 25.5732 -59.8849 -27.7764 0.699566 1.2 1 0 0
1 31788 26.8106 -59.6912 -29.5987 1.5 1.2 1 0 0
1 31789 23.8711 -60.8663 -27.3097 0.995823 1.2 1 0 0
1 31790 23.9141 -58.8239 -28.756 1.5 1.2 1 0 0
1 31791 23.6757 -56.8333 -29.2846 0.503251 1.2 1 0 0
1 31800 21.8455 -59.635 -26.4722 1.5 1.2 1 0 0
1 31801 21.7527 -55.9366 -28.8066 1.5 1.2 1 0 0
1 31804 24.8963 -59.1891 -25.8589 1.44733 1.2 1 0 0
1 31805 25.7447 -57.3816 -25.7558 0.546875 1.2 1 0 0
1 31806 25.3477 -57.4363 -26.8859 0.428145 1.2 1 0 0
1 31810 23.9774 -56.3854 -26.0281 1.5 1.2 1 0 0
1 31811 23.5318 -60.2697 -26.182 0.323001 1.2 1 0 0
1 31812 24.2292 -57.9474 -27.0889 0.404901 1.2 1 0 0
1 31813 23.171 -57.4794 -27.4966 0.486424 1.2 1 0 0
1 31814 23.1889 -60.1147 -30.267 0.599567 1.2 1 0 0
1 31816 22.7438 -57.7715 -30.2836 0.693297 1.2 1 0 0
1 31817 23.8138 -60.682 -32.1075 0.712943 1.2 1 0 0
1 31818 25.2651 -60.1282 -31.5495 0.934173 1.2 1 0 0
1 31819 25.056 -59.2828 -32.8151 0.512576 1.2 1 0 0
1 32030 24.1242 -52.6547 -31.1629 0.437976 1.2 1 0 0
1 32031 23.1332 -51.1562 -29.3341 0.50325 1.2 1 0 0
1 32060 22.2196 -60.536 -28.7017 0.909436 1.2 1 0 0
1 32061 23.5109 -60.6139 -28.5728 0.341695 1.2 1 0 0
1 42038 23.42 -43.0218 -25.2595 1.25123 0.6 2 0 0
1 42053 27.8664 -37.7889 -25.0583 1.76327 0.6 2 0 0
1 42061 25.8511 -41.1972 -24.0237 2 0.6 2 0 0
1 42062 25.3489 -39.7398 -26.5228 0.936229 0.6 2 0 0
1 42064 23.3384 -37.5871 -26.2376 2 0.6 2 0 0
1 42120 21.2107 -40.7859 -23.6292 2 0.6 2 0 0
1 42147 20.1118 -40.0822 -27.527 2 0.6 2 0 0
1 51487 35.9563 -38.3716 -25.6886 0.609614 1.2 3 0 0
1 51488 34.5297 -37.2847 -24.5754 1.5 1.2 3 0 0
1 51489 35.0689 -38.1608 -26.2769 0.460682 1.2 3 0 0
1 51500 34.1977 -37.3454 -27.3939 1.17377 1.2 3 0 0
1 51515 34.1722 -41.8746 -26.246 0.409431 1.2 3 0 0
1 51516 34.7466 -40.0872 -25.8982 1.5 1.2 3 0 0
1 51517 34.4869 -42.1913 -27.6742 0.866326 1.2 3 0 0
1 51519 32.1787 -39.9851 -24.8285 0.846833 1.2 3 0 0
1 51520 30.2945 -40.4959 -26.1543 1.01297 1.2 3 0 0
1 51522 32.0045 -38.7807 -26.8659 1.5 1.2 3 0 0
1 51524 34.0008 -38.8457 -27.0831 0.370924 1.2 3 0 0
1 51525 33.9837 -39.6664 -28.2356 0.994488 1.2 3 0 0
1 51526 33.9535 -41.1539 -28.4622 0.509739 1.2 3 0 0
1 51527 33.8961 -40.9241 -27.4973 0.455255 1.2 3 0 0
1 51611 29.7378 -38.9501 -31.2561 0.549076 1.2 3 0 0
1 51612 27.9138 -38.9205 -32.3413 1.5 1.2 3 0 0
1 51613 28.4746 -39.0822 -30.3748 0.338108 1.2 3 0 0
1 51616 28.5416 -37.8759 -30.2954 0.870867 1.2 3 0 0
1 51619 27.0052 -39.3531 -29.257 1.5 1.2 3 0 0
1 51620 26.245 -37.3117 -30.9772 1.1896 1.2 3 0 0
1 51624 30.4861 -37.1127 -31.2631 1.42252 1.2 3 0 0
1 51625 29.761 -39.2789 -33.0948 0.526966 1.2 3 0 0
1 51635 32.8211 -37.8687 -29.313 1.1567 1.2 3 0 0
1 51636 32.0259 -38.9619 -30.7677 0.82541 1.2 3 0 0
1 51637 31.096 -39.0208 -31.866 0.614888 1.2 3 0 0
1 51638 32.5275 -40.9238 -29.5766 1.31465 1.2 3 0 0
1 51639 28.6405 -40.0689 -30.5288 0.674186 1.2 3 0 0
1 51640 30.2505 -39.2789 -29.2997 1.5 1.2 3 0 0
1 51641 29.3658 -41.1458 -29.006 0.586728 1.2 3 0 0
1 51642 28.6372 -40.4433 -29.2936 0.462986 1.2 3 0 0
1 51643 29.3661 -37.4499 -27.635 1.12641 1.2 3 0 0
1 51644 30.0824 -40.6813 -31.9258 1.32423 1.2 3 0 0
1 51645 30.2902 -41.4989 -30.1244 0.664879 1.2 3 0 0
1 51646 30.6922 -41.4955 -28.6455 0.821242 1.2 3 0 0
1 51647 31.7895 -41.8588 -31.2184 0.712932 1.2 3 0 0
1 51657 26.7923 -37.3048 -33.8545 0.981562 1.2 3 0 0
1 51661 27.2071 -40.7533 -35.0896 0.482667 1.2 3 0 0
1 51662 25.8073 -40.6222 -34.6556 0.399645 1.2 3 0 0
1 51663 26.6529 -41.9772 -33.6273 1.5 1.2 3 0 0
1 51664 25.6658 -41.4218 -35.7528 0.902903 1.2 3 0 0
1 51667 23.1065 -42.9427 -33.2455 1.5 1.2 3 0 0
1 51668 23.852 -42.9631 -36.1373 1.48642 1.2 3 0 0
1 51670 21.8889 -42.0934 -30.4332 1.5 1.2 3 0 0
1 51675 27.816 -46.1093 -33.2029 1.2144 1.2 3 0 0
1 51676 26.3384 -47.3102 -33.2658 0.527516 1.2 3 0 0
1 51677 24.8966 -49.583 -36.2746 0.43584 1.2 3 0 0
1 51741 21.7719 -39.747 -34.6266 1.14556 1.2 3 0 0
1 51757 24.2917 -36.8315 -32.7695 1.5 1.2 3 0 0
1 51758 22.5509 -38.6153 -31.9582 0.946226 1.2 3 0 0
1 51759 23.8154 -37.5974 -30.1994 1.21427 1.2 3 0 0
1 52008 22.6574 -56.1808 -33.9359 1.5 1.2 3 0 0
1 52037 22.3643 -49.5375 -28.4352 0.883814 1.2 3 0 0
1 52038 21.9457 -47.3241 -27.6521 1.5 1.2 3 0 0
1 52099 34.9824 -43.6374 -27.2581 0.624848 1.2 3 0 0
1 52100 33.0274 -46.8109 -27.3004 0.40227 1.2 3 0 0
1 52108 31.4025 -46.481 -27.6545 0.760412 1.2 3 0 0
1 52110 30.9632 -45.6835 -28.9859 0.852494 1.2 3 0 0
1 52111 30.7338 -44.2796 -31.8906 0.76363 1.2 3 0 0
1 52118 21.4919 -49.9938 -25.0048 1.5 1.2 3 0 0
1 52135 25.606 -48.7151 -25.2299 1.5 1.2 3 0 0
1 52142 25.0054 -45.2167 -27.1173 1.5 1.2 3 0 0
1 52143 25.2703 -47.0447 -26.3086 0.516397 1.2 3 0 0
1 52178 31.19 -54.4333 -24.0502 1.5 1.2 3 0 0
1 52179 31.606 -57.543 -24.1511 1.25197 1.2 3 0 0
1 52180 27.8616 -52.752 -26.4706 1.5 1.2 3 0 0
1 52181 30.6543 -49.7647 -26.4046 0.68238 1.2 3 0 0
1 52182 31.633 -52.0471 -27.0841 1.5 1.2 3 0 0
1 52183 29.3645 -53.6797 -29.6194 1.5 1.2 3 0 0
1 52184 26.9926 -53.8439 -28.6176 1.05659 1.2 3 0 0
1 52185 24.8926 -52.7821 -29.486 1.19742 1.2 3 0 0
1 52186 26.5556 -52.6284 -29.5805 0.466856 1.2 3 0 0
1 52188 29.0825 -54.3607 -25.8863 0.595592 1.2 3 0 0
1 52189 27.9606 -55.3463 -26.8936 0.978559 1.2 3 0 0
1 52190 29.9911 -48.6531 -31.6429 1.09246 1.2 3 0 0
1 52191 27.1093 -48.4976 -28.6661 1.0345 1.2 3 0 0
1 52360 24.7336 -64.0426 -27.743 1.29105 1.2 3 0 0
1 52362 25.6572 -62.8335 -28.2561 0.308411 1.2 3 0 0
1 52363 26.138 -61.8029 -26.8477 1.5 1.2 3 0 0
1 52373 26.6373 -57.9046 -26.878 0.937512 1.2 3 0 0
1 52374 25.554 -57.4697 -28.0714 0.731892 1.2 3 0 0
1 52375 24.4146 -61.7405 -29.7488 1.5 1.2 3 0 0
1 52376 21.6551 -61.9849 -30.342 1.33306 1.2 3 0 0
1 60483 35.7574 -42.1809 -25.679 0.825274 1.2 3 0 0
1 60484 35.4144 -41.7156 -26.8366 0.468674 1.2 3 0 0
1 60571 30.3112 -38.4956 -32.6364 0.534282 1.2 3 0 0
1 60587 30.2794 -38.6042 -27.583 0.344767 1.2 3 0 0
1 60588 28.6862 -39.7917 -27.4016 0.974633 1.2 3 0 0
1 60589 27.7605 -37.9784 -27.8081 0.563113 1.2 3 0 0
1 60590 28.3362 -38.4926 -27.2872 0.368144 1.2 3 0 0
1 60591 30.0584 -39.284 -27.087 0.521966 1.2 3 0 0
1 60592 30.0247 -38.6116 -26.2187 0.506916 1.2 3 0 0
1 60597 28.8523 -43.7744 -32.6754 1.3364 1.2 3 0 0
1 60598 30.7513 -42.7103 -31.9317 0.806269 1.2 3 0 0
1 60599 25.5042 -43.4212 -32.5826 0.616932 1.2 3 0 0
1 60600 26.5456 -44.6649 -31.7134 1.2185 1.2 3 0 0
1 60601 26.3165 -42.875 -31.4218 0.609453 1.2 3 0 0
1 60602 28.1253 -42.181 -30.435 1.5 1.2 3 0 0
1 60603 27.2026 -44.1622 -29.0044 1.11214 1.2 3 0 0
1 60604 28.1791 -44.2705 -30.8206 0.62544 1.2 3 0 0
1 60605 28.2173 -43.8816 -30.0595 0.230109 1.2 3 0 0
1 60606 28.1151 -40.9794 -32.4633 0.57233 1.2 3 0 0
1 60607 28.9078 -41.7556 -33.3216 0.784 1.2 3 0 0
1 60608 28.7666 -41.7551 -32.1578 0.386967 1.2 3 0 0
1 60609 26.1988 -39.1115 -31.1967 0.570664 1.2 3 0 0
1 60610 25.7269 -38.3219 -32.0801 0.392569 1.2 3 0 0
1 60612 24.342 -40.1556 -30.9378 1.5 1.2 3 0 0
1 60613 23.9347 -41.7409 -31.9727 0.436532 1.2 3 0 0
1 60614 23.3489 -41.6422 -31.4728 0.339898 1.2 3 0 0
1 60616 24.8041 -39.0782 -29.0469 0.634712 1.2 3 0 0
1 60617 25.3257 -38.5238 -30.1171 0.557916 1.2 3 0 0
1 60618 24.5065 -40.9543 -33.2278 0.904413 1.2 3 0 0
1 60619 25.4849 -39.326 -32.9471 0.955964 1.2 3 0 0
1 60620 24.0418 -38.5983 -32.0369 0.428924 1.2 3 0 0
1 60621 27.8915 -40.4817 -30.2242 0.228279 1.2 3 0 0
1 60622 27.483 -40.4187 -31.1037 0.490453 1.2 3 0 0
1 60623 28.387 -40.5574 -31.4639 0.410927 1.2 3 0 0
1 60624 24.8963 -42.3525 -32.1104 0.70009 1.2 3 0 0
1 60625 25.6365 -41.9204 -31.0612 0.61266 1.2 3 0 0
1 60626 26.7112 -41.1083 -29.8446 0.370582 1.2 3 0 0
1 60627 25.6842 -41.3788 -30.1165 0.44765 1.2 3 0 0
1 60628 26.0695 -41.8667 -28.5077 1.27715 1.2 3 0 0
1 60629 26.402 -40.8889 -30.8486 0.688392 1.2 3 0 0
1 60630 26.4237 -40.4433 -32.1047 0.643611 1.2 3 0 0
1 60631 26.4114 -40.0667 -35.5286 0.656289 1.2 3 0 0
1 60632 26.2977 -38.6189 -35.5286 0.658416 1.2 3 0 0
1 60633 23.0046 -40.9091 -35.8293 0.583259 1.2 3 0 0
1 60635 22.756 -41.3891 -34.7127 0.657312 1.2 3 0 0
1 60636 24.0319 -41.5424 -34.5726 0.63472 1.2 3 0 0
1 60637 24.3567 -39.4872 -35.1269 1.5 1.2 3 0 0
1 60638 23.854 -40.7738 -36.887 0.731864 1.2 3 0 0
1 60641 24.4906 -44.6331 -32.2855 0.881671 1.2 3 0 0
1 60642 25.1424 -43.6083 -33.8716 0.731509 1.2 3 0 0
1 60643 23.92 -44.3201 -34.5704 0.576972 1.2 3 0 0
1 60647 22.8285 -45.3922 -34.0775 1.01579 1.2 3 0 0
1 60649 22.8207 -40.2647 -32.8568 0.951314 1.2 3 0 0
1 60653 26.1308 -43.7446 -35.3176 1.00063 1.2 3 0 0
1 60654 25.3155 -44.1387 -36.5237 0.430112 1.2 3 0 0
1 60655 22.8343 -44.8907 -37.0368 0.871607 1.2 3 0 0
1 60657 23.9858 -43.2563 -27.8697 0.811721 1.2 3 0 0
1 60658 25.4974 -43.5978 -28.3233 0.555336 1.2 3 0 0
1 60659 25.2573 -42.9517 -27.463 0.434066 1.2 3 0 0
1 60660 22.5589 -44.7052 -28.5956 1.33599 1.2 3 0 0
1 60662 23.8014 -46.4575 -28.7294 0.814173 1.2 3 0 0
1 60664 24.6044 -43.5365 -30.1744 1.5 1.2 3 0 0
1 60665 23.8185 -41.5904 -29.0947 0.860176 1.2 3 0 0
1 60674 22.8289 -44.5682 -26.5843 0.660203 1.2 3 0 0
1 60676 23.0436 -45.8439 -26.5575 0.633692 1.2 3 0 0
1 60680 22.6596 -46.066 -31.541 1.5 1.2 3 0 0
1 60689 28.278 -47.4847 -33.9032 0.396227 1.2 3 0 0
1 60690 30.1028 -45.1984 -32.616 0.557675 1.2 3 0 0
1 60691 29.2548 -47.3625 -32.7802 0.721738 1.2 3 0 0
1 60692 27.5836 -44.1137 -34.3425 0.780115 1.2 3 0 0
1 60693 26.5034 -44.1691 -33.4769 0.605289 1.2 3 0 0
1 60694 27.4478 -47.1247 -31.4312 0.676832 1.2 3 0 0
1 60695 28.3945 -47.3043 -32.0614 0.37953 1.2 3 0 0
1 60696 28.6356 -46.8604 -32.3313 0.19314 1.2 3 0 0
1 60697 25.3478 -48.4522 -35.1167 1.20194 1.2 3 0 0
1 60698 23.954 -47.3102 -34.6757 0.567792 1.2 3 0 0
1 60699 25.3057 -45.8209 -34.1945 1.5 1.2 3 0 0
1 60700 22.3657 -47.5701 -33.851 1.2222 1.2 3 0 0
1 60702 23.6577 -47.1655 -32.8714 0.44896 1.2 3 0 0
1 60703 23.6706 -46.3228 -33.2654 0.446496 1.2 3 0 0
1 60704 23.415 -48.6196 -34.3486 0.342501 1.2 3 0 0
1 60705 23.9567 -48.8106 -34.653 0.307584 1.2 3 0 0
1 60706 25.1197 -47.8382 -32.2936 1.10825 1.2 3 0 0
1 60707 26.243 -46.4593 -32.2869 0.639248 1.2 3 0 0
1 60708 25.2666 -48.0522 -31.0024 0.20495 1.2 3 0 0
1 60709 24.6461 -46.4253 -31.6193 0.520194 1.2 3 0 0
1 60710 25.7879 -46.7842 -29.986 1.5 1.2 3 0 0
1 60711 25.6814 -49.0589 -33.1061 0.432515 1.2 3 0 0
1 60712 26.0459 -49.4939 -33.929 0.506586 1.2 3 0 0
1 60713 27.5711 -48.8402 -32.7655 1.5 1.2 3 0 0
1 60714 26.8107 -49.3118 -34.5699 0.507709 1.2 3 0 0
1 60715 23.7798 -46.6021 -36.1699 1.09481 1.2 3 0 0
1 60716 24.9942 -45.2387 -36.3207 0.726358 1.2 3 0 0
1 60717 25.4393 -46.8558 -36.0105 0.591473 1.2 3 0 0
1 60718 24.2299 -49.7366 -36.9122 0.238773 1.2 3 0 0
1 60719 22.8653 -49.0424 -36.0856 1.5 1.2 3 0 0
1 60721 23.5171 -47.2521 -37.4155 0.334501 1.2 3 0 0
1 60781 21.2084 -46.3046 -35.9898 1.5 1.2 3 0 0
1 60797 21.1362 -41.6922 -36.3149 1.5 1.2 3 0 0
1 60874 25.2154 -36.9554 -35.2586 1.15789 1.2 3 0 0
1 60875 25.4829 -38.4401 -36.2698 0.410643 1.2 3 0 0
1 60876 21.9678 -36.0495 -35.7155 1.5 1.2 3 0 0
1 60884 22.5752 -37.889 -34.2885 0.905967 1.2 3 0 0
1 60887 24.0107 -39.5858 -37.0593 0.46557 1.2 3 0 0
1 60888 22.4629 -39.6361 -37.0676 1.04623 1.2 3 0 0
1 60889 22.7735 -38.1175 -35.8927 0.726402 1.2 3 0 0
1 60890 23.6666 -38.4359 -36.8782 0.641252 1.2 3 0 0
1 61595 26.3782 -51.1626 -33.9271 1.19491 1.2 3 0 0
1 61596 27.7204 -52.0471 -33.6801 0.429135 1.2 3 0 0
1 61597 22.942 -51.122 -35.1333 0.693884 1.2 3 0 0
1 61598 23.9917 -49.9873 -33.2486 1.5 1.2 3 0 0
1 61599 24.5346 -52.2233 -32.4737 0.888599 1.2 3 0 0
1 61600 25.3488 -51.2505 -32.6727 0.39552 1.2 3 0 0
1 61601 25.8855 -49.9873 -32.4207 0.566864 1.2 3 0 0
1 61602 25.9288 -52.6617 -34.6615 0.528097 1.2 3 0 0
1 61603 24.5518 -50.8294 -35.6685 0.992357 1.2 3 0 0
1 61604 25.5661 -51.8372 -35.1669 0.433556 1.2 3 0 0
1 61606 22.7361 -52.6635 -29.581 0.927733 1.2 3 0 0
1 61607 22.7791 -54.2928 -30.0396 0.765484 1.2 3 0 0
1 61616 22.2679 -52.8353 -32.0319 1.36475 1.2 3 0 0
1 61618 25.2907 -49.2092 -30.7073 0.989357 1.2 3 0 0
1 61619 25.3271 -50.5094 -30.296 0.362024 1.2 3 0 0
1 61620 23.9607 -51.1153 -30.8399 1.14347 1.2 3 0 0
1 61623 21.4062 -50.7511 -30.2654 1.5 1.2 3 0 0
1 61625 23.4598 -48.2856 -29.6956 1.20232 1.2 3 0 0
1 61626 22.7454 -48.5048 -31.7492 0.949189 1.2 3 0 0
1 61630 26.1594 -53.9037 -33.523 1.12483 1.2 3 0 0
1 61631 25.9837 -55.1861 -34.3642 0.357894 1.2 3 0 0
1 61632 25.5417 -54.8405 -32.8371 0.190318 1.2 3 0 0
1 61633 23.1931 -54.2652 -33.1251 0.600249 1.2 3 0 0
1 61636 24.5248 -54.5265 -31.5216 1.5 1.2 3 0 0
1 61637 24.2907 -54.8214 -33.5958 0.608153 1.2 3 0 0
1 61638 25.0306 -54.9205 -34.7335 0.694204 1.2 3 0 0
1 61639 23.9323 -53.0176 -34.6443 1.5 1.2 3 0 0
1 61640 23.364 -54.9529 -35.732 0.78764 1.2 3 0 0
1 61676 25.3821 -56.2145 -33.4061 1.17103 1.2 3 0 0
1 61677 25.0255 -57.9631 -33.5368 0.602424 1.2 3 0 0
1 61678 24.357 -57.3541 -34.3454 0.601822 1.2 3 0 0
1 61682 23.3456 -56.2195 -31.8733 0.592936 1.2 3 0 0
1 61683 24.2135 -56.229 -32.357 0.39944 1.2 3 0 0
1 61685 22.0149 -59.4168 -31.8617 1.5 1.2 3 0 0
1 61694 21.6543 -56.6854 -31.4172 1.21765 1.2 3 0 0
1 61701 23.4965 -58.4594 -33.6868 0.938309 1.2 3 0 0
1 61705 23.2754 -51.7779 -36.489 0.797149 1.2 3 0 0
1 62035 34.7621 -42.1495 -23.5777 1.5 1.2 3 0 0
1 62037 35.5042 -44.8916 -24.7393 1.3006 1.2 3 0 0
1 62038 35.9496 -43.5176 -25.8187 0.499883 1.2 3 0 0
1 62043 34.1019 -43.2897 -25.8642 1.05657 1.2 3 0 0
1 62044 34.3374 -44.6584 -25.9858 0.337511 1.2 3 0 0
1 62046 31.4147 -47.5377 -25.0313 1.0766 1.2 3 0 0
1 62047 31.0879 -46.0791 -25.8998 0.612908 1.2 3 0 0
1 62048 31.7527 -46.8097 -26.416 0.493784 1.2 3 0 0
1 62050 33.1197 -46.035 -23.8173 1.5 1.2 3 0 0
1 62054 32.243 -48.5436 -27.2693 1.5 1.2 3 0 0
1 62058 33.6604 -49.9873 -24.8202 1.5 1.2 3 0 0
1 62062 34.5295 -47.4674 -25.8746 1.36651 1.2 3 0 0
1 62063 34.4093 -49.1853 -26.9281 0.651063 1.2 3 0 0
1 62064 33.3282 -49.574 -26.4403 0.204749 1.2 3 0 0
1 62065 34.9306 -45.259 -26.7665 0.797163 1.2 3 0 0
1 62066 34.1951 -46.0634 -26.6956 0.293994 1.2 3 0 0
1 62067 32.7595 -45.2064 -26.5556 1.38351 1.2 3 0 0
1 62069 34.3177 -46.3867 -27.6844 0.751361 1.2 3 0 0
1 62070 32.8898 -46.594 -28.9188 1.13439 1.2 3 0 0
1 62071 33.5711 -47.2616 -27.6507 0.384927 1.2 3 0 0
1 62094 33.2552 -42.7204 -29.6404 0.617927 1.2 3 0 0
1 62095 33.3112 -43.5331 -27.1157 0.443653 1.2 3 0 0
1 62096 33.426 -43.9386 -28.5412 1.03173 1.2 3 0 0
1 62097 32.2675 -41.8453 -26.9298 1.5 1.2 3 0 0
1 62098 31.7504 -43.6658 -26.5132 0.437861 1.2 3 0 0
1 62099 32.1014 -43.7486 -28.0366 0.398411 1.2 3 0 0
1 62100 30.863 -43.6701 -27.4973 0.852971 1.2 3 0 0
1 62101 29.1038 -46.917 -25.7072 0.529246 1.2 3 0 0
1 62102 29.4769 -47.1502 -26.4266 0.314001 1.2 3 0 0
1 62103 28.8376 -43.6749 -25.8445 0.533536 1.2 3 0 0
1 62104 27.2736 -44.0511 -26.3567 1.078 1.2 3 0 0
1 62105 29.2751 -46.6044 -23.7086 1.5 1.2 3 0 0
1 62107 28.446 -44.6496 -24.8388 0.882536 1.2 3 0 0
1 62109 29.3939 -45.463 -27.0928 1.5 1.2 3 0 0
1 62110 28.072 -44.0308 -27.6894 0.469751 1.2 3 0 0
1 62111 27.4495 -45.4239 -26.8842 0.383168 1.2 3 0 0
1 62112 31.2089 -41.6019 -24.8202 0.872853 1.2 3 0 0
1 62113 30.4302 -42.1922 -25.9081 0.588021 1.2 3 0 0
1 62114 30.6127 -42.9965 -26.4638 0.405771 1.2 3 0 0
1 62115 28.9185 -40.7294 -26.2359 0.376046 1.2 3 0 0
1 62116 28.8852 -42.2666 -27.3107 1.5 1.2 3 0 0
1 62118 30.7651 -43.9769 -24.8337 1.5 1.2 3 0 0
1 62121 31.8521 -44.4407 -31.3585 0.390766 1.2 3 0 0
1 62122 31.2851 -43.4967 -29.8183 1.5 1.2 3 0 0
1 62123 31.7658 -45.7702 -30.5717 0.921822 1.2 3 0 0
1 62124 29.2204 -44.4802 -29.304 0.817134 1.2 3 0 0
1 62125 29.397 -43.9398 -30.7237 0.640269 1.2 3 0 0
1 62126 29.585 -43.1642 -30.2039 0.274732 1.2 3 0 0
1 62130 23.9317 -53.9193 -25.0786 1.05556 1.2 3 0 0
1 62135 22.7775 -51.8735 -25.0045 0.755373 1.2 3 0 0
1 62140 24.8963 -51.3502 -25.8166 1.28735 1.2 3 0 0
1 62143 23.4777 -49.2277 -25.6228 0.716402 1.2 3 0 0
1 62144 24.1838 -49.3449 -26.5608 0.463545 1.2 3 0 0
1 62145 23.0473 -50.2342 -26.8825 0.950004 1.2 3 0 0
1 62184 27.0631 -46.2713 -25.4444 1.33151 1.2 3 0 0
1 62185 25.0414 -46.3864 -25.2402 0.69919 1.2 3 0 0
1 62188 23.0333 -47.1786 -24.8202 1.5 1.2 3 0 0
1 62191 25.8438 -43.3785 -26.7373 0.547303 1.2 3 0 0
1 62193 24.5219 -47.9095 -27.4762 1.09786 1.2 3 0 0
1 62194 23.1651 -48.7317 -26.7655 0.561565 1.2 3 0 0
1 62195 23.7356 -46.7578 -26.6632 0.516356 1.2 3 0 0
1 62228 30.368 -49.9691 -24.1564 1.5 1.2 3 0 0
1 62257 33.675 -50.4152 -27.4118 0.860852 1.2 3 0 0
1 62258 33.1956 -51.3138 -27.0313 0.226431 1.2 3 0 0
1 62259 33.2822 -51.5907 -28.2655 0.579324 1.2 3 0 0
1 62260 32.2625 -52.6098 -29.0985 0.682068 1.2 3 0 0
1 62261 33.8389 -51.7265 -26.3268 0.807901 1.2 3 0 0
1 62262 33.2373 -53.6436 -25.4707 0.992416 1.2 3 0 0
1 62263 33.5792 -52.3221 -27.4664 0.467577 1.2 3 0 0
1 62264 31.1685 -52.1888 -30.1878 0.908404 1.2 3 0 0
1 62265 32.0639 -50.4269 -29.2554 1.23789 1.2 3 0 0
1 62266 33.4227 -49.332 -28.7805 0.570627 1.2 3 0 0
1 62271 26.2442 -51.9098 -26.504 0.323784 1.2 3 0 0
1 62272 27.3669 -50.5769 -25.3288 1.00384 1.2 3 0 0
1 62274 30.0021 -52.368 -24.9791 1.0573 1.2 3 0 0
1 62275 31.0889 -53.3149 -25.6781 0.469836 1.2 3 0 0
1 62276 29.594 -50.9119 -26.5828 0.88695 1.2 3 0 0
1 62278 30.6426 -51.1719 -25.6686 0.436671 1.2 3 0 0
1 62280 29.2665 -51.7609 -28.0268 0.817674 1.2 3 0 0
1 62281 29.7719 -52.486 -26.7356 0.443648 1.2 3 0 0
1 62282 29.3764 -54.106 -31.6493 0.561083 1.2 3 0 0
1 62283 29.3552 -55.9413 -30.2803 0.850765 1.2 3 0 0
1 62284 26.1083 -54.5554 -32.0227 0.161089 1.2 3 0 0
1 62285 27.5834 -55.0224 -31.5571 1.45462 1.2 3 0 0
1 62286 28.3352 -52.6644 -31.1477 0.603826 1.2 3 0 0
1 62287 28.6724 -53.9721 -32.5389 0.348973 1.2 3 0 0
1 62288 27.9299 -52.938 -32.6764 0.928649 1.2 3 0 0
1 62289 25.9381 -56.4223 -27.0252 0.699947 1.2 3 0 0
1 62290 24.945 -55.3656 -28.6772 1.49524 1.2 3 0 0
1 62291 22.9185 -52.7955 -27.1464 1.5 1.2 3 0 0
1 62292 23.6495 -51.8233 -28.7721 0.51033 1.2 3 0 0
1 62293 25.7555 -52.3599 -27.5969 0.920298 1.2 3 0 0
1 62294 24.9724 -53.5926 -26.9316 0.677011 1.2 3 0 0
1 62295 23.4419 -56.1206 -30.3168 0.772703 1.2 3 0 0
1 62296 23.1729 -54.9429 -27.5001 0.670601 1.2 3 0 0
1 62297 23.1163 -54.2625 -28.6854 0.630508 1.2 3 0 0
1 62298 26.3 -53.6315 -30.4869 0.71955 1.2 3 0 0
1 62299 26.4198 -54.7729 -29.9552 0.541003 1.2 3 0 0
1 62300 25.5402 -54.155 -29.9453 0.350413 1.2 3 0 0
1 62301 28.3948 -58.0186 -30.4767 0.640293 1.2 3 0 0
1 62302 28.6021 -59.0263 -30.0398 0.453024 1.2 3 0 0
1 62303 25.7292 -56.2633 -30.6126 0.777807 1.2 3 0 0
1 62304 25.0835 -57.2369 -29.5269 0.564591 1.2 3 0 0
1 62305 24.5043 -57.8748 -31.56 1.44376 1.2 3 0 0
1 62306 27.5994 -56.7581 -28.9202 1.5 1.2 3 0 0
1 62307 25.9424 -58.0186 -29.4222 0.392817 1.2 3 0 0
1 62308 26.9414 -57.5139 -31.2538 1.03894 1.2 3 0 0
1 62309 26.3195 -59.0081 -31.597 0.604925 1.2 3 0 0
1 62310 26.0891 -57.7372 -32.8515 0.588688 1.2 3 0 0
1 62311 25.9987 -56.9982 -32.1987 0.39203 1.2 3 0 0
1 62312 29.4062 -57.9703 -25.2061 0.86799 1.2 3 0 0
1 62313 30.2223 -56.368 -26.7903 1.5 1.2 3 0 0
1 62314 28.6756 -57.6043 -27.5091 0.372892 1.2 3 0 0
1 62315 28.5246 -57.6534 -26.0858 0.412269 1.2 3 0 0
1 62316 29.2132 -57.7923 -26.3622 0.297295 1.2 3 0 0
1 62317 27.9579 -57.0125 -26.8716 0.595268 1.2 3 0 0
1 62318 32.1968 -56.0163 -25.5156 0.876384 1.2 3 0 0
1 62319 30.6191 -59.3877 -25.4188 0.998595 1.2 3 0 0
1 62320 31.3973 -58.0186 -26.0639 0.646125 1.2 3 0 0
1 62322 29.6133 -57.948 -28.5404 0.869792 1.2 3 0 0
1 62323 29.0011 -59.2791 -29.0241 0.649116 1.2 3 0 0
1 62324 27.839 -54.4962 -25.1035 0.716245 1.2 3 0 0
1 62325 27.4473 -56.6792 -24.842 1.5 1.2 3 0 0
1 62327 25.9565 -53.1733 -24.6779 1.04743 1.2 3 0 0
1 62328 27.1639 -54.34 -26.9743 0.306151 1.2 3 0 0
1 62329 26.0698 -54.7916 -26.1361 1.13255 1.2 3 0 0
1 62331 30.2626 -54.4819 -25.8361 0.512928 1.2 3 0 0
1 62332 29.3141 -55.3415 -24.9592 0.773777 1.2 3 0 0
1 62334 31.5555 -55.1041 -27.9157 0.644457 1.2 3 0 0
1 62335 31.4461 -54.231 -28.9832 0.738986 1.2 3 0 0
1 62336 31.625 -55.2301 -28.8349 0.286031 1.2 3 0 0
1 62337 28.57 -54.1412 -27.6787 0.472609 1.2 3 0 0
1 62338 28.3314 -54.912 -28.3148 0.553077 1.2 3 0 0
1 62339 29.4986 -55.0847 -28.1717 0.519669 1.2 3 0 0
1 62340 31.7146 -54.4276 -26.4587 0.962601 1.2 3 0 0
1 62341 31.0362 -54.4801 -27.4805 0.262703 1.2 3 0 0
1 62342 29.947 -53.9147 -27.2046 0.995088 1.2 3 0 0
1 62343 30.9714 -54.6429 -29.9313 0.398431 1.2 3 0 0
1 62344 29.3034 -57.4071 -29.925 0.576664 1.2 3 0 0
1 62345 30.5706 -55.5186 -28.9273 0.80537 1.2 3 0 0
1 62346 31.0735 -49.9873 -31.0647 0.720272 1.2 3 0 0
1 62347 30.7184 -49.1692 -30.4966 0.337193 1.2 3 0 0
1 62348 31.0363 -49.4229 -29.9286 0.336796 1.2 3 0 0
1 62349 29.327 -46.1135 -30.9442 1.5 1.2 3 0 0
1 62350 30.9827 -46.806 -29.9781 0.490826 1.2 3 0 0
1 62351 31.2146 -47.0487 -31.3342 0.634344 1.2 3 0 0
1 62352 31.0111 -48.9884 -28.8565 0.55779 1.2 3 0 0
1 62353 31.7006 -48.192 -30.1531 1.07982 1.2 3 0 0
1 62354 24.8963 -50.2716 -28.4908 1.5 1.2 3 0 0
1 62355 25.5645 -48.3902 -28.7802 0.517302 1.2 3 0 0
1 62356 25.9227 -48.8912 -29.4883 0.42012 1.2 3 0 0
1 62357 27.3322 -51.5455 -28.7289 1.11458 1.2 3 0 0
1 62358 26.857 -50.5115 -27.1192 0.856747 1.2 3 0 0
1 62359 25.2519 -51.2432 -29.9901 0.321644 1.2 3 0 0
1 62360 27.0052 -49.5787 -30.1485 0.79797 1.2 3 0 0
1 62361 30.0449 -47.4998 -28.7459 1.19626 1.2 3 0 0
1 62362 28.3049 -47.3024 -28.191 0.640688 1.2 3 0 0
1 62363 28.557 -48.223 -29.0366 0.483382 1.2 3 0 0
1 62364 27.1655 -46.1506 -28.0126 0.988709 1.2 3 0 0
1 62365 26.8747 -47.2121 -28.6288 0.272705 1.2 3 0 0
1 62366 27.9617 -46.8557 -26.943 0.502905 1.2 3 0 0
1 62367 28.5822 -48.7276 -26.5933 1.5 1.2 3 0 0
1 62368 28.3751 -46.1812 -29.0599 0.611542 1.2 3 0 0
1 62369 27.976 -47.3089 -29.6136 0.706623 1.2 3 0 0
1 62370 29.6719 -51.7524 -31.5313 1.04842 1.2 3 0 0
1 62371 31.0776 -51.1839 -31.2553 0.490904 1.2 3 0 0
1 62372 28.8379 -52.6642 -31.96 0.25957 1.2 3 0 0
1 62373 26.5505 -51.5506 -31.2373 1.5 1.2 3 0 0
1 62374 28.6386 -51.8391 -29.6508 0.47884 1.2 3 0 0
1 62375 29.3361 -49.9873 -29.5171 1.5 1.2 3 0 0
1 62376 28.0582 -51.3225 -30.0496 0.394599 1.2 3 0 0
1 62377 29.4937 -50.2067 -32.4173 0.705178 1.2 3 0 0
1 62378 28.4324 -50.3614 -31.4808 0.669358 1.2 3 0 0
1 62379 28.7959 -49.4296 -31.5379 0.331542 1.2 3 0 0
1 62380 28.2358 -51.1212 -32.9108 0.880337 1.2 3 0 0
1 63477 29.0711 -60.0979 -23.5907 1.5 1.2 3 0 0
1 63760 29.8204 -60.9489 -26.8342 0.498942 1.2 3 0 0
1 63761 28.6525 -61.8663 -26.9999 0.918606 1.2 3 0 0
1 63763 26.6597 -59.8486 -26.4813 0.522648 1.2 3 0 0
1 63765 29.7103 -61.3856 -25.496 0.886852 1.2 3 0 0
1 63766 29.0839 -62.8776 -26.2616 0.404266 1.2 3 0 0
1 63767 28.5777 -59.3792 -26.9195 1.5 1.2 3 0 0
1 63768 29.1323 -60.6919 -28.2571 0.454432 1.2 3 0 0
1 63769 26.5831 -64.5452 -26.2885 1.10997 1.2 3 0 0
1 63770 25.1639 -65.7714 -26.5675 0.784344 1.2 3 0 0
1 63771 25.8846 -65.188 -27.4857 0.332891 1.2 3 0 0
1 63773 23.9363 -62.9459 -25.7064 1.09979 1.2 3 0 0
1 63774 23.7044 -62.0874 -26.8238 0.328341 1.2 3 0 0
1 63775 23.7616 -63.0238 -27.0697 0.269697 1.2 3 0 0
1 63776 24.2935 -62.3134 -27.456 0.508139 1.2 3 0 0
1 63777 28.1206 -62.9683 -24.5734 1.5 1.2 3 0 0
1 63782 27.6754 -60.7967 -25.3166 0.82223 1.2 3 0 0
1 63784 27.7615 -63.308 -27.0769 0.725736 1.2 3 0 0
1 63785 27.6956 -61.7639 -27.7115 0.278267 1.2 3 0 0
1 63786 26.9543 -63.1671 -28.2491 0.619323 1.2 3 0 0
1 63787 26.6569 -62.0545 -29.1401 0.821455 1.2 3 0 0
1 63788 25.7895 -63.2059 -29.088 0.612585 1.2 3 0 0
1 63814 23.1394 -61.2864 -23.6732 1.5 1.2 3 0 0
1 63818 23.8645 -60.9007 -25.6436 0.562739 1.2 3 0 0
1 63819 23.0825 -61.4626 -26.1536 0.525431 1.2 3 0 0
1 63826 22.0907 -62.6337 -27.5106 1.5 1.2 3 0 0
1 63832 23.7787 -67.1584 -24.753 0.985003 1.2 3 0 0
1 63833 24.8798 -64.959 -24.3547 1.5 1.2 3 0 0
1 63845 21.5724 -66.2952 -24.003 1.5 1.2 3 0 0
1 63847 22.9787 -65.6526 -26.4774 1.406 1.2 3 0 0
1 63849 25.5732 -59.8849 -27.7764 0.699566 1.2 3 0 0
1 63850 26.8106 -59.6912 -29.5987 1.5 1.2 3 0 0
1 63851 23.8711 -60.8663 -27.3097 0.995823 1.2 3 0 0
1 63852 23.9141 -58.8239 -28.756 1.5 1.2 3 0 0
1 63853 23.6757 -56.8333 -29.2846 0.503251 1.2 3 0 0
1 63862 21.8455 -59.635 -26.4722 1.5 1.2 3 0 0
1 63863 21.7527 -55.9366 -28.8066 1.5 1.2 3 0 0
1 63866 24.8963 -59.1891 -25.8589 1.44733 1.2 3 0 0
1 63867 25.7447 -57.3816 -25.7558 0.546875 1.2 3 0 0
1 63868 25.3477 -57.4363 -26.8859 0.428145 1.2 3 0 0
1 63872 23.9774 -56.3854 -26.0281 1.5 1.2 3 0 0
1 63873 23.5318 -60.2697 -26.182 0.323001 1.2 3 0 0
1 63874 24.2292 -57.9474 -27.0889 0.404901 1.2 3 0 0
1 63875 23.171 -57.4794 -27.4966 0.486424 1.2 3 0 0
1 63876 23.1889 -60.1147 -30.267 0.599567 1.2 3 0 0
1 63878 22.7438 -57.7715 -30.2836 0.693297 1.2 3 0 0
1 63879 23.8138 -60.682 -32.1075 0.712943 1.2 3 0 0
1 63880 25.2651 -60.1282 -31.5495 0.934173 1.2 3 0 0
1 63881 25.056 -59.2828 -32.8151 0.512576 1.2 3 0 0
1 64092 24.1242 -52.6547 -31.1629 0.437976 1.2 3 0 0
1 64093 23.1332 -51.1562 -29.3341 0.50325 1.2 3 0 0
1 64122 22.2196 -60.536 -28.7017 0.909436 1.2 3 0 0
1 64123 23.5109 -60.6139 -28.5728 0.341695 1.2 3 0 0
