# SphereID Center[X Y Z] Radius Density Region Score Weight
LeafCount 32062
NodeCount 32062
1 20267 23.5432 -68.3389 -19.7133 1.35545 1.2 1 0 0
1 20309 21.3575 -68.0855 -21.7264 1.38361 1.2 1 0 0
1 31336 24.7914 -66.8762 -17.5956 1.5 1.2 1 0 0
1 31340 26.6493 -68.1231 -17.9914 0.74957 1.2 1 0 0
1 31342 25.8527 -68.0083 -19.466 0.930331 1.2 1 0 0
1 31343 25.2091 -68.4854 -20.8149 0.638559 1.2 1 0 0
1 31348 23.9962 -69.0519 -21.3582 0.475756 1.2 1 0 0
1 31671 22.6244 -68.656 -17.5484 1.01768 1.2 1 0 0
1 31673 22.9781 -67.5068 -15.7398 1.14687 1.2 1 0 0
1 31695 20.8009 -67.8777 -18.9027 1.36531 1.2 1 0 0
1 31766 24.1909 -67.3248 -22.3028 1.5 1.2 1 0 0
1 31782 21.9287 -68.3743 -23.6239 0.618932 1.2 1 0 0
1 52329 23.5432 -68.3389 -19.7133 1.35545 1.2 3 0 0
1 52371 21.3575 -68.0855 -21.7264 1.38361 1.2 3 0 0
1 63398 24.7914 -66.8762 -17.5956 1.5 1.2 3 0 0
1 63402 26.6493 -68.1231 -17.9914 0.74957 1.2 3 0 0
1 63404 25.8527 -68.0083 -19.466 0.930331 1.2 3 0 0
1 63405 25.2091 -68.4854 -20.8149 0.638559 1.2 3 0 0
1 63410 23.9962 -69.0519 -21.3582 0.475756 1.2 3 0 0
1 63733 22.6244 -68.656 -17.5484 1.01768 1.2 3 0 0
1 63735 22.9781 -67.5068 -15.7398 1.14687 1.2 3 0 0
1 63757 20.8009 -67.8777 -18.9027 1.36531 1.2 3 0 0
1 63828 24.1909 -67.3248 -22.3028 1.5 1.2 3 0 0
1 63844 21.9287 -68.3743 -23.6239 0.618932 1.2 3 0 0
