# SphereID Center[X Y Z] Radius Density Region Score Weight
LeafCount 32062
NodeCount 32062
1 14322 -12.9567 -62.0033 -17.6462 1.17511 1.2 1 0 0
1 14617 -10.2994 -61.6133 -17.5261 1.5 1.2 1 0 0
1 15991 -14.5893 -65.0551 -19.4122 0.642621 1.2 1 0 0
1 15995 -15.1355 -63.0799 -18.7642 1.5 1.2 1 0 0
1 15996 -16.0804 -62.9721 -22.1415 0.628204 1.2 1 0 0
1 16000 -21.7795 -65.2018 -17.9732 1.27234 1.2 1 0 0
1 16004 -20.517 -63.3177 -20.5029 1.10246 1.2 1 0 0
1 20279 16.8989 -63.667 -21.3507 1.17102 1.2 1 0 0
1 20281 17.7174 -62.3101 -23.6653 1.05782 1.2 1 0 0
1 20293 18.189 -66.0871 -16.5887 1.22023 1.2 1 0 0
1 20307 22.1808 -65.614 -20.4898 1.5 1.2 1 0 0
1 20309 21.3575 -68.0855 -21.7264 1.38361 1.2 1 0 0
1 20314 21.6551 -61.9849 -30.342 1.33306 1.2 1 0 0
1 24252 -14.8717 -65.4808 -18.015 0.845042 1.2 1 0 0
1 24253 -13.1984 -64.4189 -17.1716 1.29853 1.2 1 0 0
1 24256 -11.4861 -63.0535 -19.466 1.19168 1.2 1 0 0
1 24257 -13.1286 -64.2711 -19.3577 0.854925 1.2 1 0 0
1 24643 -11.9599 -63.1859 -21.1338 0.546621 1.2 1 0 0
1 27324 -13.7157 -62.9343 -21.1856 1.12992 1.2 1 0 0
1 27328 -17.5155 -63.3672 -20.6204 1.5 1.2 1 0 0
1 27330 -19.2828 -63.034 -21.7838 0.632925 1.2 1 0 0
1 27331 -17.3263 -62.4646 -17.5693 1.06636 1.2 1 0 0
1 27332 -16.5797 -65.1903 -18.8065 1.05766 1.2 1 0 0
1 27339 -19.6803 -63.3916 -18.0211 1.5 1.2 1 0 0
1 27341 -20.1392 -66.4864 -17.2214 0.940449 1.2 1 0 0
1 27348 -19.2591 -65.5059 -18.9832 0.857726 1.2 1 0 0
1 27349 -18.1862 -65.5279 -17.186 1.23542 1.2 1 0 0
1 27355 -25.0324 -63.1298 -18.4347 0.768718 1.2 1 0 0
1 27356 -24.2335 -64.5313 -17.6377 1.02969 1.2 1 0 0
1 27357 -21.979 -63.8162 -20.2501 0.462684 1.2 1 0 0
1 27358 -21.401 -64.167 -19.408 0.53672 1.2 1 0 0
1 27359 -22.4968 -64.6111 -19.4356 0.45891 1.2 1 0 0
1 27360 -22.8076 -62.7574 -18.8132 1.5 1.2 1 0 0
1 31451 15.1998 -64.9133 -19.452 0.486647 1.2 1 0 0
1 31452 16.4204 -64.4437 -17.9564 1.5 1.2 1 0 0
1 31453 15.4681 -65.8199 -18.6306 0.294291 1.2 1 0 0
1 31454 16.923 -66.0056 -19.188 0.550257 1.2 1 0 0
1 31456 14.2106 -64.4177 -18.6781 0.750063 1.2 1 0 0
1 31461 14.0917 -63.4923 -20.1455 0.824493 1.2 1 0 0
1 31463 15.5781 -63.5413 -19.8187 0.698174 1.2 1 0 0
1 31482 15.5259 -61.4938 -20.625 1.5 1.2 1 0 0
1 31483 14.9666 -63.3728 -21.3136 0.577849 1.2 1 0 0
1 31486 11.8695 -62.9166 -19.9688 0.657077 1.2 1 0 0
1 31499 18.3853 -63.599 -20.7837 0.419174 1.2 1 0 0
1 31500 18.7079 -65.2836 -19.9099 1.5 1.2 1 0 0
1 31501 19.7932 -62.9629 -20.0534 0.830178 1.2 1 0 0
1 31502 17.0517 -62.9398 -19.5516 0.775511 1.2 1 0 0
1 31504 17.3128 -64.9332 -21.8227 0.242267 1.2 1 0 0
1 31505 18.1808 -65.0924 -22.0102 0.625082 1.2 1 0 0
1 31508 18.6401 -61.8107 -18.3747 1.5 1.2 1 0 0
1 31678 20.9067 -66.0499 -16.6986 1.5 1.2 1 0 0
1 31682 19.2642 -64.3133 -17.4976 0.943865 1.2 1 0 0
1 31689 20.4804 -65.7627 -19.8297 0.330034 1.2 1 0 0
1 31690 20.2937 -66.5427 -20.166 0.538889 1.2 1 0 0
1 31691 20.7429 -65.4623 -18.8171 0.704628 1.2 1 0 0
1 31692 21.457 -63.3597 -18.4691 1.5 1.2 1 0 0
1 31693 20.4315 -64.6164 -19.4631 0.401483 1.2 1 0 0
1 31695 20.8009 -67.8777 -18.9027 1.36531 1.2 1 0 0
1 31696 19.9041 -68.3427 -20.4635 0.493882 1.2 1 0 0
1 31697 19.9397 -68.7149 -19.891 0.189934 1.2 1 0 0
1 31740 19.8104 -63.4817 -27.232 0.849436 1.2 1 0 0
1 31742 19.5389 -62.2711 -28.771 1.12408 1.2 1 0 0
1 31746 19.5421 -63.4839 -22.3107 1.5 1.2 1 0 0
1 31758 20.315 -61.5576 -24.3578 1.41524 1.2 1 0 0
1 31760 20.8366 -64.0024 -25.4327 1.28632 1.2 1 0 0
1 31764 22.0907 -62.6337 -27.5106 1.5 1.2 1 0 0
1 31772 22.3711 -63.8564 -22.7222 1.34605 1.2 1 0 0
1 31773 20.9315 -65.111 -22.1286 0.62113 1.2 1 0 0
1 31774 19.4381 -67.2094 -20.9038 0.77292 1.2 1 0 0
1 31775 20.0163 -67.6774 -23.0719 0.559505 1.2 1 0 0
1 31776 20.3487 -64.9132 -21.0735 0.545367 1.2 1 0 0
1 31777 21.3571 -63.4301 -20.8153 0.849446 1.2 1 0 0
1 31778 19.5421 -66.0499 -22.3919 1.06732 1.2 1 0 0
1 31779 20.2945 -65.0302 -23.2355 0.452544 1.2 1 0 0
1 31781 20.0299 -65.752 -25.3533 0.620222 1.2 1 0 0
1 31783 21.5724 -66.2952 -24.003 1.5 1.2 1 0 0
1 31786 20.9475 -65.4581 -26.7425 0.651554 1.2 1 0 0
1 46384 -12.9567 -62.0033 -17.6462 1.17511 1.2 3 0 0
1 46679 -10.2994 -61.6133 -17.5261 1.5 1.2 3 0 0
1 48053 -14.5893 -65.0551 -19.4122 0.642621 1.2 3 0 0
1 48057 -15.1355 -63.0799 -18.7642 1.5 1.2 3 0 0
1 48058 -16.0804 -62.9721 -22.1415 0.628204 1.2 3 0 0
1 48062 -21.7795 -65.2018 -17.9732 1.27234 1.2 3 0 0
1 48066 -20.517 -63.3177 -20.5029 1.10246 1.2 3 0 0
1 52341 16.8989 -63.667 -21.3507 1.17102 1.2 3 0 0
1 52343 17.7174 -62.3101 -23.6653 1.05782 1.2 3 0 0
1 52355 18.189 -66.0871 -16.5887 1.22023 1.2 3 0 0
1 52369 22.1808 -65.614 -20.4898 1.5 1.2 3 0 0
1 52371 21.3575 -68.0855 -21.7264 1.38361 1.2 3 0 0
1 52376 21.6551 -61.9849 -30.342 1.33306 1.2 3 0 0
1 56314 -14.8717 -65.4808 -18.015 0.845042 1.2 3 0 0
1 56315 -13.1984 -64.4189 -17.1716 1.29853 1.2 3 0 0
1 56318 -11.4861 -63.0535 -19.466 1.19168 1.2 3 0 0
1 56319 -13.1286 -64.2711 -19.3577 0.854925 1.2 3 0 0
1 56705 -11.9599 -63.1859 -21.1338 0.546621 1.2 3 0 0
1 59386 -13.7157 -62.9343 -21.1856 1.12992 1.2 3 0 0
1 59390 -17.5155 -63.3672 -20.6204 1.5 1.2 3 0 0
1 59392 -19.2828 -63.034 -21.7838 0.632925 1.2 3 0 0
1 59393 -17.3263 -62.4646 -17.5693 1.06636 1.2 3 0 0
1 59394 -16.5797 -65.1903 -18.8065 1.05766 1.2 3 0 0
1 59401 -19.6803 -63.3916 -18.0211 1.5 1.2 3 0 0
1 59403 -20.1392 -66.4864 -17.2214 0.940449 1.2 3 0 0
1 59410 -19.2591 -65.5059 -18.9832 0.857726 1.2 3 0 0
1 59411 -18.1862 -65.5279 -17.186 1.23542 1.2 3 0 0
1 59417 -25.0324 -63.1298 -18.4347 0.768718 1.2 3 0 0
1 59418 -24.2335 -64.5313 -17.6377 1.02969 1.2 3 0 0
1 59419 -21.979 -63.8162 -20.2501 0.462684 1.2 3 0 0
1 59420 -21.401 -64.167 -19.408 0.53672 1.2 3 0 0
1 59421 -22.4968 -64.6111 -19.4356 0.45891 1.2 3 0 0
1 59422 -22.8076 -62.7574 -18.8132 1.5 1.2 3 0 0
1 63513 15.1998 -64.9133 -19.452 0.486647 1.2 3 0 0
1 63514 16.4204 -64.4437 -17.9564 1.5 1.2 3 0 0
1 63515 15.4681 -65.8199 -18.6306 0.294291 1.2 3 0 0
1 63516 16.923 -66.0056 -19.188 0.550257 1.2 3 0 0
1 63518 14.2106 -64.4177 -18.6781 0.750063 1.2 3 0 0
1 63523 14.0917 -63.4923 -20.1455 0.824493 1.2 3 0 0
1 63525 15.5781 -63.5413 -19.8187 0.698174 1.2 3 0 0
1 63544 15.5259 -61.4938 -20.625 1.5 1.2 3 0 0
1 63545 14.9666 -63.3728 -21.3136 0.577849 1.2 3 0 0
1 63548 11.8695 -62.9166 -19.9688 0.657077 1.2 3 0 0
1 63561 18.3853 -63.599 -20.7837 0.419174 1.2 3 0 0
1 63562 18.7079 -65.2836 -19.9099 1.5 1.2 3 0 0
1 63563 19.7932 -62.9629 -20.0534 0.830178 1.2 3 0 0
1 63564 17.0517 -62.9398 -19.5516 0.775511 1.2 3 0 0
1 63566 17.3128 -64.9332 -21.8227 0.242267 1.2 3 0 0
1 63567 18.1808 -65.0924 -22.0102 0.625082 1.2 3 0 0
1 63570 18.6401 -61.8107 -18.3747 1.5 1.2 3 0 0
1 63740 20.9067 -66.0499 -16.6986 1.5 1.2 3 0 0
1 63744 19.2642 -64.3133 -17.4976 0.943865 1.2 3 0 0
1 63751 20.4804 -65.7627 -19.8297 0.330034 1.2 3 0 0
1 63752 20.2937 -66.5427 -20.166 0.538889 1.2 3 0 0
1 63753 20.7429 -65.4623 -18.8171 0.704628 1.2 3 0 0
1 63754 21.457 -63.3597 -18.4691 1.5 1.2 3 0 0
1 63755 20.4315 -64.6164 -19.4631 0.401483 1.2 3 0 0
1 63757 20.8009 -67.8777 -18.9027 1.36531 1.2 3 0 0
1 63758 19.9041 -68.3427 -20.4635 0.493882 1.2 3 0 0
1 63759 19.9397 -68.7149 -19.891 0.189934 1.2 3 0 0
1 63802 19.8104 -63.4817 -27.232 0.849436 1.2 3 0 0
1 63804 19.5389 -62.2711 -28.771 1.12408 1.2 3 0 0
1 63808 19.5421 -63.4839 -22.3107 1.5 1.2 3 0 0
1 63820 20.315 -61.5576 -24.3578 1.41524 1.2 3 0 0
1 63822 20.8366 -64.0024 -25.4327 1.28632 1.2 3 0 0
1 63826 22.0907 -62.6337 -27.5106 1.5 1.2 3 0 0
1 63834 22.3711 -63.8564 -22.7222 1.34605 1.2 3 0 0
1 63835 20.9315 -65.111 -22.1286 0.62113 1.2 3 0 0
1 63836 19.4381 -67.2094 -20.9038 0.77292 1.2 3 0 0
1 63837 20.0163 -67.6774 -23.0719 0.559505 1.2 3 0 0
1 63838 20.3487 -64.9132 -21.0735 0.545367 1.2 3 0 0
1 63839 21.3571 -63.4301 -20.8153 0.849446 1.2 3 0 0
1 63840 19.5421 -66.0499 -22.3919 1.06732 1.2 3 0 0
1 63841 20.2945 -65.0302 -23.2355 0.452544 1.2 3 0 0
1 63843 20.0299 -65.752 -25.3533 0.620222 1.2 3 0 0
1 63845 21.5724 -66.2952 -24.003 1.5 1.2 3 0 0
1 63848 20.9475 -65.4581 -26.7425 0.651554 1.2 3 0 0
