# SphereID Center[X Y Z] Radius Density Region Score Weight
LeafCount 32062
NodeCount 32062
1 19716 5.30081 -45.1208 -34.2466 1.5 1.2 1 0 0
1 19721 1.98037 -50.9526 -35.4424 0.571448 1.2 1 0 0
1 19723 4.75632 -52.3717 -35.6315 1.11281 1.2 1 0 0
1 19728 2.18734 -49.4569 -35.6476 0.952458 1.2 1 0 0
1 19729 -0.339242 -46.8107 -35.3535 0.71861 1.2 1 0 0
1 19730 1.81253 -47.1281 -34.9127 1.5 1.2 1 0 0
1 19731 4.47592 -46.5306 -35.8069 0.615914 1.2 1 0 0
1 19732 3.55291 -47.0112 -36.9914 0.714027 1.2 1 0 0
1 19787 0.630986 -48.661 -32.0023 1.5 1.2 1 0 0
1 19791 5.37651 -41.2354 -37.7347 0.707023 1.2 1 0 0
1 19792 5.09177 -41.3075 -35.5239 1.5 1.2 1 0 0
1 19793 4.02087 -42.755 -37.1376 0.917863 1.2 1 0 0
1 19796 -0.199276 -37.3861 -34.9444 1.04689 1.2 1 0 0
1 19797 0.967862 -36.5189 -35.6512 0.535706 1.2 1 0 0
1 19799 -0.450111 -41.956 -34.0517 0.664098 1.2 1 0 0
1 19800 -0.950993 -40.7509 -34.3882 0.386239 1.2 1 0 0
1 19804 1.57691 -40.2017 -36.662 0.541871 1.2 1 0 0
1 19805 0.469375 -39.6318 -35.5286 1.14214 1.2 1 0 0
1 19806 2.14945 -40.5762 -34.3166 0.588254 1.2 1 0 0
1 19807 1.3424 -40.6041 -34.7996 0.352693 1.2 1 0 0
1 19809 2.90934 -41.8128 -33.1298 1.24839 1.2 1 0 0
1 19812 2.39907 -43.4341 -37.1308 0.466158 1.2 1 0 0
1 19813 5.48771 -36.2459 -35.7109 1.5 1.2 1 0 0
1 19814 3.66505 -36.1362 -36.3585 0.434055 1.2 1 0 0
1 19815 4.79105 -38.0235 -34.675 0.646169 1.2 1 0 0
1 19816 3.13421 -39.9799 -36.6301 0.996083 1.2 1 0 0
1 19817 1.83293 -38.9678 -36.4834 0.627697 1.2 1 0 0
1 19818 6.05484 -39.2875 -33.6511 1.41375 1.2 1 0 0
1 19821 5.01212 -38.7541 -36.6424 1.21754 1.2 1 0 0
1 20495 1.02635 -33.4466 -34.4159 1.06758 1.2 1 0 0
1 20499 1.12619 -31.2169 -33.8207 1.05358 1.2 1 0 0
1 20500 2.30107 -28.3449 -33.5467 0.801111 1.2 1 0 0
1 20501 2.09084 -29.8712 -34.1896 0.614872 1.2 1 0 0
1 20520 0.294234 -35.7537 -33.0483 1.5 1.2 1 0 0
1 20521 -0.856759 -32.9651 -33.6529 0.830417 1.2 1 0 0
1 20529 -0.452592 -35.7419 -34.9433 0.536864 1.2 1 0 0
1 20530 0.899453 -35.0576 -35.0583 0.667453 1.2 1 0 0
1 20531 -1.27229 -36.4521 -34.3134 0.378606 1.2 1 0 0
1 20901 3.40708 -33.8223 -33.5094 1.5 1.2 1 0 0
1 20903 4.64401 -35.4999 -33.91 0.622418 1.2 1 0 0
1 20904 5.48997 -32.6356 -35.1962 1.42955 1.2 1 0 0
1 20906 4.03189 -30.8604 -35.3187 0.497218 1.2 1 0 0
1 20910 4.05549 -34.3384 -35.7102 0.851632 1.2 1 0 0
1 20911 2.54024 -35.9493 -35.1736 1.20352 1.2 1 0 0
1 20912 4.03832 -35.2887 -34.7898 0.46604 1.2 1 0 0
1 20915 6.68221 -30.9202 -33.1423 1.5 1.2 1 0 0
1 20917 4.5864 -28.5705 -33.4002 1.5 1.2 1 0 0
1 20921 5.39096 -30.3022 -35.0653 0.897316 1.2 1 0 0
1 20953 4.53867 -24.8493 -33.3874 0.793953 1.2 1 0 0
1 28872 6.71513 -47.3303 -33.1922 1.30143 1.2 1 0 0
1 28891 5.27546 -49.424 -34.0166 0.650399 1.2 1 0 0
1 28892 6.86818 -49.9873 -32.3057 1.5 1.2 1 0 0
1 28896 3.47951 -50.7592 -34.0202 1.5 1.2 1 0 0
1 28898 2.05575 -48.9911 -33.6921 0.734797 1.2 1 0 0
1 28899 2.7044 -49.1745 -34.5052 0.313021 1.2 1 0 0
1 28909 4.35302 -54.1307 -35.5177 0.444131 1.2 1 0 0
1 28910 3.48076 -53.5183 -35.1158 0.677174 1.2 1 0 0
1 28912 4.99375 -54.176 -33.6767 1.5 1.2 1 0 0
1 28913 5.56901 -51.2693 -36.8258 0.700499 1.2 1 0 0
1 28916 3.91976 -50.7512 -36.2231 0.74652 1.2 1 0 0
1 28927 4.27944 -48.3756 -32.5582 1.40345 1.2 1 0 0
1 28934 2.76148 -45.3224 -33.4085 0.963284 1.2 1 0 0
1 28954 1.09746 -46.6687 -36.498 0.298822 1.2 1 0 0
1 28955 2.281 -46.816 -36.8207 0.489304 1.2 1 0 0
1 28956 4.01845 -47.0401 -34.2958 0.792234 1.2 1 0 0
1 28957 3.48623 -46.0402 -34.785 0.441651 1.2 1 0 0
1 28959 3.47951 -48.7295 -34.4799 0.581114 1.2 1 0 0
1 28962 4.85596 -48.6018 -36.0683 1.5 1.2 1 0 0
1 28963 4.83434 -47.1698 -37.5614 0.560468 1.2 1 0 0
1 28964 6.24917 -45.7237 -37.0389 1.5 1.2 1 0 0
1 29049 2.11771 -53.2672 -33.5743 1.38848 1.2 1 0 0
1 29055 2.97829 -55.3416 -33.3547 0.850377 1.2 1 0 0
1 29056 3.19306 -54.6601 -34.5852 0.569176 1.2 1 0 0
1 29129 0.04093 -46.9852 -33.9043 0.539041 1.2 1 0 0
1 29130 -0.220002 -48.3863 -34.4969 0.909092 1.2 1 0 0
1 29135 0.713303 -50.4552 -34.1329 1.28514 1.2 1 0 0
1 29136 0.3623 -52.0452 -34.4316 0.370272 1.2 1 0 0
1 29137 1.71551 -51.9376 -34.9367 0.557227 1.2 1 0 0
1 29149 5.15502 -43.7181 -36.1836 0.84945 1.2 1 0 0
1 29150 4.84372 -44.1367 -37.6272 0.685497 1.2 1 0 0
1 29151 5.4266 -42.5989 -32.8018 1.40908 1.2 1 0 0
1 29161 6.46975 -42.7887 -37.5516 1.2012 1.2 1 0 0
1 29163 0.56516 -40.3802 -32.9704 1.5 1.2 1 0 0
1 29165 -0.389475 -41.3755 -35.5911 0.802543 1.2 1 0 0
1 29166 -1.52913 -41.8522 -35.3565 0.220471 1.2 1 0 0
1 29167 -1.1352 -39.284 -35.2484 0.521301 1.2 1 0 0
1 29173 3.85834 -43.1744 -34.5627 0.935292 1.2 1 0 0
1 29175 0.751222 -43.8992 -33.4447 1.5 1.2 1 0 0
1 29176 -0.827959 -42.9595 -35.2868 0.777451 1.2 1 0 0
1 29177 -1.39679 -44.1662 -35.339 0.212063 1.2 1 0 0
1 29178 0.38354 -45.0407 -35.6443 0.989414 1.2 1 0 0
1 29179 -0.68697 -44.2663 -34.9762 0.475246 1.2 1 0 0
1 29187 3.23305 -44.9705 -36.3455 1.45023 1.2 1 0 0
1 29188 4.06495 -43.5368 -35.7373 0.311221 1.2 1 0 0
1 29189 4.36666 -44.0158 -35.3619 0.326919 1.2 1 0 0
1 29190 1.66433 -44.3169 -35.3114 0.518919 1.2 1 0 0
1 29191 1.43403 -45.8623 -36.4983 0.563495 1.2 1 0 0
1 29192 1.38194 -44.0429 -36.4877 0.625148 1.2 1 0 0
1 29193 2.00114 -42.0786 -35.7601 1.5 1.2 1 0 0
1 29194 2.54637 -44.061 -34.5977 0.63626 1.2 1 0 0
1 29196 3.56632 -37.3179 -36.2242 0.759321 1.2 1 0 0
1 29197 4.25345 -37.8809 -35.5286 0.368976 1.2 1 0 0
1 29198 2.72082 -38.5728 -34.5391 1.5 1.2 1 0 0
1 29199 3.48392 -38.7212 -36.2376 0.363696 1.2 1 0 0
1 29200 2.78028 -38.2957 -36.6507 0.545826 1.2 1 0 0
1 29201 3.51086 -41.3538 -37.3188 0.584219 1.2 1 0 0
1 29202 2.59178 -41.0861 -37.2446 0.375909 1.2 1 0 0
1 29203 4.42001 -40.4075 -37.4551 0.58854 1.2 1 0 0
1 29205 3.47729 -36.5815 -32.8567 1.21143 1.2 1 0 0
1 31949 2.50772 -32.1083 -34.8375 0.790254 1.2 1 0 0
1 31950 3.439 -30.7621 -33.9182 1.02374 1.2 1 0 0
1 31953 2.39388 -33.4017 -35.3483 0.588005 1.2 1 0 0
1 31954 3.49521 -32.9479 -35.5286 0.616694 1.2 1 0 0
1 31994 6.4319 -24.0436 -33.1183 1.28111 1.2 1 0 0
1 31997 5.45147 -26.6369 -34.0918 0.720957 1.2 1 0 0
1 51778 5.30081 -45.1208 -34.2466 1.5 1.2 3 0 0
1 51783 1.98037 -50.9526 -35.4424 0.571448 1.2 3 0 0
1 51785 4.75632 -52.3717 -35.6315 1.11281 1.2 3 0 0
1 51790 2.18734 -49.4569 -35.6476 0.952458 1.2 3 0 0
1 51791 -0.339242 -46.8107 -35.3535 0.71861 1.2 3 0 0
1 51792 1.81253 -47.1281 -34.9127 1.5 1.2 3 0 0
1 51793 4.47592 -46.5306 -35.8069 0.615914 1.2 3 0 0
1 51794 3.55291 -47.0112 -36.9914 0.714027 1.2 3 0 0
1 51849 0.630986 -48.661 -32.0023 1.5 1.2 3 0 0
1 51853 5.37651 -41.2354 -37.7347 0.707023 1.2 3 0 0
1 51854 5.09177 -41.3075 -35.5239 1.5 1.2 3 0 0
1 51855 4.02087 -42.755 -37.1376 0.917863 1.2 3 0 0
1 51858 -0.199276 -37.3861 -34.9444 1.04689 1.2 3 0 0
1 51859 0.967862 -36.5189 -35.6512 0.535706 1.2 3 0 0
1 51861 -0.450111 -41.956 -34.0517 0.664098 1.2 3 0 0
1 51862 -0.950993 -40.7509 -34.3882 0.386239 1.2 3 0 0
1 51866 1.57691 -40.2017 -36.662 0.541871 1.2 3 0 0
1 51867 0.469375 -39.6318 -35.5286 1.14214 1.2 3 0 0
1 51868 2.14945 -40.5762 -34.3166 0.588254 1.2 3 0 0
1 51869 1.3424 -40.6041 -34.7996 0.352693 1.2 3 0 0
1 51871 2.90934 -41.8128 -33.1298 1.24839 1.2 3 0 0
1 51874 2.39907 -43.4341 -37.1308 0.466158 1.2 3 0 0
1 51875 5.48771 -36.2459 -35.7109 1.5 1.2 3 0 0
1 51876 3.66505 -36.1362 -36.3585 0.434055 1.2 3 0 0
1 51877 4.79105 -38.0235 -34.675 0.646169 1.2 3 0 0
1 51878 3.13421 -39.9799 -36.6301 0.996083 1.2 3 0 0
1 51879 1.83293 -38.9678 -36.4834 0.627697 1.2 3 0 0
1 51880 6.05484 -39.2875 -33.6511 1.41375 1.2 3 0 0
1 51883 5.01212 -38.7541 -36.6424 1.21754 1.2 3 0 0
1 52557 1.02635 -33.4466 -34.4159 1.06758 1.2 3 0 0
1 52561 1.12619 -31.2169 -33.8207 1.05358 1.2 3 0 0
1 52562 2.30107 -28.3449 -33.5467 0.801111 1.2 3 0 0
1 52563 2.09084 -29.8712 -34.1896 0.614872 1.2 3 0 0
1 52582 0.294234 -35.7537 -33.0483 1.5 1.2 3 0 0
1 52583 -0.856759 -32.9651 -33.6529 0.830417 1.2 3 0 0
1 52591 -0.452592 -35.7419 -34.9433 0.536864 1.2 3 0 0
1 52592 0.899453 -35.0576 -35.0583 0.667453 1.2 3 0 0
1 52593 -1.27229 -36.4521 -34.3134 0.378606 1.2 3 0 0
1 52963 3.40708 -33.8223 -33.5094 1.5 1.2 3 0 0
1 52965 4.64401 -35.4999 -33.91 0.622418 1.2 3 0 0
1 52966 5.48997 -32.6356 -35.1962 1.42955 1.2 3 0 0
1 52968 4.03189 -30.8604 -35.3187 0.497218 1.2 3 0 0
1 52972 4.05549 -34.3384 -35.7102 0.851632 1.2 3 0 0
1 52973 2.54024 -35.9493 -35.1736 1.20352 1.2 3 0 0
1 52974 4.03832 -35.2887 -34.7898 0.46604 1.2 3 0 0
1 52977 6.68221 -30.9202 -33.1423 1.5 1.2 3 0 0
1 52979 4.5864 -28.5705 -33.4002 1.5 1.2 3 0 0
1 52983 5.39096 -30.3022 -35.0653 0.897316 1.2 3 0 0
1 53015 4.53867 -24.8493 -33.3874 0.793953 1.2 3 0 0
1 60934 6.71513 -47.3303 -33.1922 1.30143 1.2 3 0 0
1 60953 5.27546 -49.424 -34.0166 0.650399 1.2 3 0 0
1 60954 6.86818 -49.9873 -32.3057 1.5 1.2 3 0 0
1 60958 3.47951 -50.7592 -34.0202 1.5 1.2 3 0 0
1 60960 2.05575 -48.9911 -33.6921 0.734797 1.2 3 0 0
1 60961 2.7044 -49.1745 -34.5052 0.313021 1.2 3 0 0
1 60971 4.35302 -54.1307 -35.5177 0.444131 1.2 3 0 0
1 60972 3.48076 -53.5183 -35.1158 0.677174 1.2 3 0 0
1 60974 4.99375 -54.176 -33.6767 1.5 1.2 3 0 0
1 60975 5.56901 -51.2693 -36.8258 0.700499 1.2 3 0 0
1 60978 3.91976 -50.7512 -36.2231 0.74652 1.2 3 0 0
1 60989 4.27944 -48.3756 -32.5582 1.40345 1.2 3 0 0
1 60996 2.76148 -45.3224 -33.4085 0.963284 1.2 3 0 0
1 61016 1.09746 -46.6687 -36.498 0.298822 1.2 3 0 0
1 61017 2.281 -46.816 -36.8207 0.489304 1.2 3 0 0
1 61018 4.01845 -47.0401 -34.2958 0.792234 1.2 3 0 0
1 61019 3.48623 -46.0402 -34.785 0.441651 1.2 3 0 0
1 61021 3.47951 -48.7295 -34.4799 0.581114 1.2 3 0 0
1 61024 4.85596 -48.6018 -36.0683 1.5 1.2 3 0 0
1 61025 4.83434 -47.1698 -37.5614 0.560468 1.2 3 0 0
1 61026 6.24917 -45.7237 -37.0389 1.5 1.2 3 0 0
1 61111 2.11771 -53.2672 -33.5743 1.38848 1.2 3 0 0
1 61117 2.97829 -55.3416 -33.3547 0.850377 1.2 3 0 0
1 61118 3.19306 -54.6601 -34.5852 0.569176 1.2 3 0 0
1 61191 0.04093 -46.9852 -33.9043 0.539041 1.2 3 0 0
1 61192 -0.220002 -48.3863 -34.4969 0.909092 1.2 3 0 0
1 61197 0.713303 -50.4552 -34.1329 1.28514 1.2 3 0 0
1 61198 0.3623 -52.0452 -34.4316 0.370272 1.2 3 0 0
1 61199 1.71551 -51.9376 -34.9367 0.557227 1.2 3 0 0
1 61211 5.15502 -43.7181 -36.1836 0.84945 1.2 3 0 0
1 61212 4.84372 -44.1367 -37.6272 0.685497 1.2 3 0 0
1 61213 5.4266 -42.5989 -32.8018 1.40908 1.2 3 0 0
1 61223 6.46975 -42.7887 -37.5516 1.2012 1.2 3 0 0
1 61225 0.56516 -40.3802 -32.9704 1.5 1.2 3 0 0
1 61227 -0.389475 -41.3755 -35.5911 0.802543 1.2 3 0 0
1 61228 -1.52913 -41.8522 -35.3565 0.220471 1.2 3 0 0
1 61229 -1.1352 -39.284 -35.2484 0.521301 1.2 3 0 0
1 61235 3.85834 -43.1744 -34.5627 0.935292 1.2 3 0 0
1 61237 0.751222 -43.8992 -33.4447 1.5 1.2 3 0 0
1 61238 -0.827959 -42.9595 -35.2868 0.777451 1.2 3 0 0
1 61239 -1.39679 -44.1662 -35.339 0.212063 1.2 3 0 0
1 61240 0.38354 -45.0407 -35.6443 0.989414 1.2 3 0 0
1 61241 -0.68697 -44.2663 -34.9762 0.475246 1.2 3 0 0
1 61249 3.23305 -44.9705 -36.3455 1.45023 1.2 3 0 0
1 61250 4.06495 -43.5368 -35.7373 0.311221 1.2 3 0 0
1 61251 4.36666 -44.0158 -35.3619 0.326919 1.2 3 0 0
1 61252 1.66433 -44.3169 -35.3114 0.518919 1.2 3 0 0
1 61253 1.43403 -45.8623 -36.4983 0.563495 1.2 3 0 0
1 61254 1.38194 -44.0429 -36.4877 0.625148 1.2 3 0 0
1 61255 2.00114 -42.0786 -35.7601 1.5 1.2 3 0 0
1 61256 2.54637 -44.061 -34.5977 0.63626 1.2 3 0 0
1 61258 3.56632 -37.3179 -36.2242 0.759321 1.2 3 0 0
1 61259 4.25345 -37.8809 -35.5286 0.368976 1.2 3 0 0
1 61260 2.72082 -38.5728 -34.5391 1.5 1.2 3 0 0
1 61261 3.48392 -38.7212 -36.2376 0.363696 1.2 3 0 0
1 61262 2.78028 -38.2957 -36.6507 0.545826 1.2 3 0 0
1 61263 3.51086 -41.3538 -37.3188 0.584219 1.2 3 0 0
1 61264 2.59178 -41.0861 -37.2446 0.375909 1.2 3 0 0
1 61265 4.42001 -40.4075 -37.4551 0.58854 1.2 3 0 0
1 61267 3.47729 -36.5815 -32.8567 1.21143 1.2 3 0 0
1 64011 2.50772 -32.1083 -34.8375 0.790254 1.2 3 0 0
1 64012 3.439 -30.7621 -33.9182 1.02374 1.2 3 0 0
1 64015 2.39388 -33.4017 -35.3483 0.588005 1.2 3 0 0
1 64016 3.49521 -32.9479 -35.5286 0.616694 1.2 3 0 0
1 64056 6.4319 -24.0436 -33.1183 1.28111 1.2 3 0 0
1 64059 5.45147 -26.6369 -34.0918 0.720957 1.2 3 0 0
