# SphereID Center[X Y Z] Radius Density Region Score Weight
LeafCount 32062
NodeCount 32062
1 296 -7.75495 -9.23936 -18.5274 1.90781 0.6 0 0 0
1 297 -9.35044 -5.31886 -18.9708 0.392931 0.6 0 0 0
1 302 -9.99204 -7.4449 -15.8463 2 0.6 0 0 0
1 305 -12.589 -14.9533 -17.8763 1.83762 0.6 0 0 0
1 344 -17.4558 -27.4203 -18.6915 2 0.6 0 0 0
1 3527 -23.5043 -39.2838 -16.5883 2 0.6 0 0 0
1 3533 -22.1148 -35.2331 -16.5461 2 0.6 0 0 0
1 3535 -23.0807 -37.2318 -19.442 1.52849 0.6 0 0 0
1 3572 -27.2415 -35.3871 -15.748 2 0.6 0 0 0
1 4818 -10.2611 -6.64356 -18.9479 1.21474 0.6 0 0 0
1 4819 -12.2039 -6.18626 -17.8279 1.07397 0.6 0 0 0
1 4820 -8.50384 -4.00506 -15.8861 1.74817 0.6 0 0 0
1 4822 -6.99272 -5.44692 -19.3676 2 0.6 0 0 0
1 4824 -8.83764 -4.57741 -22.2182 1.50505 0.6 0 0 0
1 4825 -17.9273 -0.364285 -18.0124 1.05484 0.6 0 0 0
1 4827 -16.6952 -5.5577 -17.9466 0.843435 0.6 0 0 0
1 4828 -14.9786 -0.398831 -17.1641 2 0.6 0 0 0
1 4829 -17.0745 2.36449 -16.9594 1.42509 0.6 0 0 0
1 4832 -15.6029 -5.07447 -15.3662 2 0.6 0 0 0
1 4833 -18.3885 -3.35548 -17.5618 1.94151 0.6 0 0 0
1 4834 -17.0183 -4.87942 -19.8223 1.10636 0.6 0 0 0
1 4835 -16.3948 -2.01241 -19.2154 0.969382 0.6 0 0 0
1 4840 -13.8182 3.44092 -17.0409 1.99671 0.6 0 0 0
1 4849 -9.56834 -1.06611 -18.5888 0.855991 0.6 0 0 0
1 4850 -10.9872 1.43989 -19.2638 2 0.6 0 0 0
1 4851 -11.7392 -1.11532 -17.1349 1.30611 0.6 0 0 0
1 4852 -10.597 -1.02274 -19.8088 0.552223 0.6 0 0 0
1 4853 -10.8992 -3.50122 -19.2638 2 0.6 0 0 0
1 4854 -13.3132 -4.3783 -21.1754 1.16914 0.6 0 0 0
1 4855 -12.1208 -4.27869 -16.0195 1.55278 0.6 0 0 0
1 4856 -14.3346 -4.87208 -18.6898 1.56313 0.6 0 0 0
1 4858 -11.5676 -1.76511 -21.6308 0.845359 0.6 0 0 0
1 4859 -13.2478 -1.03814 -20.1939 1.47144 0.6 0 0 0
1 4894 -13.7879 -8.62786 -16.2076 1.96803 0.6 0 0 0
1 4914 -9.90796 -12.3086 -16.8983 2 0.6 0 0 0
1 4915 -11.1014 -9.51888 -18.1207 1.27131 0.6 0 0 0
1 4916 -10.0603 -14.3738 -19.1343 1.03401 0.6 0 0 0
1 4917 -14.6639 -12.7953 -15.4524 2 0.6 0 0 0
1 4918 -14.3011 -12.9443 -18.1839 0.754578 0.6 0 0 0
1 4920 -15.1605 -10.7629 -17.4413 0.853883 0.6 0 0 0
1 5158 -19.3251 0.443467 -15.2344 2 0.6 0 0 0
1 5164 -21.4409 -4.56048 -17.5575 1.27162 0.6 0 0 0
1 5227 -26.4265 -27.737 -16.5304 1.25081 0.6 0 0 0
1 5235 -28.9431 -31.8389 -15.6407 1.78057 0.6 0 0 0
1 5260 -23.6205 -22.9656 -16.8952 1.38753 0.6 0 0 0
1 5266 -16.2712 -14.6224 -17.6682 1.14216 0.6 0 0 0
1 5272 -15.1307 -17.6524 -16.5471 2 0.6 0 0 0
1 5273 -12.752 -20.0506 -18.9169 2 0.6 0 0 0
1 5275 -13.7646 -17.2567 -19.1664 0.980537 0.6 0 0 0
1 5276 -18.3833 -14.3011 -15.3569 2 0.6 0 0 0
1 5301 -17.3174 -21.4799 -16.9533 2 0.6 0 0 0
1 5302 -14.7088 -21.7882 -17.9376 0.794179 0.6 0 0 0
1 5303 -18.8683 -17.454 -17.2331 1.62644 0.6 0 0 0
1 5305 -21.2843 -20.08 -16.6163 1.99476 0.6 0 0 0
1 5309 -17.7441 -17.8658 -18.9857 0.493384 0.6 0 0 0
1 5310 -16.7895 -19.121 -18.9772 1.08364 0.6 0 0 0
1 5311 -16.4315 -25.0412 -16.1343 1.63984 0.6 0 0 0
1 5314 -20.664 -24.1242 -17.851 1.8672 0.6 0 0 0
1 5320 -15.9864 -23.6237 -17.9398 0.697032 0.6 0 0 0
1 5321 -17.6597 -23.9833 -19.3972 1.51463 0.6 0 0 0
1 5322 -19.1577 -21.8815 -19.177 0.914299 0.6 0 0 0
1 5323 -14.233 -23.7132 -19.7595 1.83159 0.6 0 0 0
1 5328 -24.9404 -33.1957 -18.0018 1.76365 0.6 0 0 0
1 5330 -22.4054 -30.4793 -17.2605 2 0.6 0 0 0
1 5331 -20.9379 -34.7751 -20.0413 1.6731 0.6 0 0 0
1 5332 -23.3109 -34.8734 -19.2594 0.827315 0.6 0 0 0
1 5333 -18.9318 -31.7852 -19.3146 2 0.6 0 0 0
1 5347 -16.921 -27.6096 -21.3655 0.731367 0.6 0 0 0
1 5348 -17.674 -29.7439 -19.2632 0.39831 0.6 0 0 0
1 5349 -17.8354 -29.8148 -18.3851 0.438959 0.6 0 0 0
1 5350 -23.294 -26.4342 -16.1117 2 0.6 0 0 0
1 5351 -20.9929 -27.4599 -18.6356 1.53777 0.6 0 0 0
1 5352 -22.5513 -25.814 -18.6617 0.727378 0.6 0 0 0
1 6072 -7.93996 20.9027 -17.1095 1.1127 0.6 0 0 0
1 6073 -7.33476 24.0597 -16.4325 1.85542 0.6 0 0 0
1 6074 -5.06228 20.2713 -17.8968 1.93683 0.6 0 0 0
1 6314 -7.96257 17.8002 -16.0875 2 0.6 0 0 0
1 6528 -5.74127 14.0977 -17.0063 2 0.6 0 0 0
1 6529 -6.73717 16.4347 -18.6206 1.00989 0.6 0 0 0
1 6571 -5.87863 3.70184 -19.2638 2 0.6 0 0 0
1 6596 -7.76138 1.17092 -19.7556 1.19253 0.6 0 0 0
1 6597 -8.05115 2.45315 -21.616 1.08543 0.6 0 0 0
1 6598 -8.81353 -1.12269 -21.2051 1.71163 0.6 0 0 0
1 6600 -7.56391 -0.452948 -16.6358 2 0.6 0 0 0
1 6601 -5.13411 -1.57562 -20.1698 2 0.6 0 0 0
1 6604 -6.56403 -0.271894 -22.5739 1.0021 0.6 0 0 0
1 6658 -4.38328 7.56635 -17.3177 2 0.6 0 0 0
1 6663 -8.51416 3.18539 -16.5404 1.75796 0.6 0 0 0
1 6664 -9.62052 3.5122 -18.5417 0.552028 0.6 0 0 0
1 6666 -13.6214 8.63794 -15.2064 2 0.6 0 0 0
1 6670 -11.0513 5.51345 -15.0353 2 0.6 0 0 0
1 6671 -12.271 6.39666 -18.2383 1.53901 0.6 0 0 0
1 6685 -6.22317 10.1119 -19.9238 1.05184 0.6 0 0 0
1 6688 -9.76277 11.7918 -16.3422 2 0.6 0 0 0
1 6689 -9.27627 14.9864 -17.295 1.3061 0.6 0 0 0
1 6690 -8.76238 11.534 -19.062 0.860891 0.6 0 0 0
1 6691 -7.03745 11.0459 -18.0411 1.20209 0.6 0 0 0
1 6692 -9.0378 7.83571 -18.234 2 0.6 0 0 0
1 6693 -9.11728 4.84128 -20.0949 1.52644 0.6 0 0 0
1 6694 -7.52945 8.29618 -20.3879 0.649438 0.6 0 0 0
1 6695 -5.9115 7.09964 -20.28 1.36579 0.6 0 0 0
1 8494 -7.83742 -18.0159 -16.2171 1.57452 0.6 0 0 0
1 8497 -8.81732 -20.8425 -18.2102 2 0.6 0 0 0
1 8499 -10.5168 -23.4535 -18.3186 1.11729 0.6 0 0 0
1 8503 -8.31548 -24.9605 -17.1164 1.80887 0.6 0 0 0
1 8504 -10.624 -24.7539 -22.7797 0.543258 0.6 0 0 0
1 8505 -10.624 -22.2773 -20.7548 1.43443 0.6 0 0 0
1 8506 -12.2339 -23.6542 -21.5479 0.827669 0.6 0 0 0
1 8507 -7.11662 -22.2155 -21.2594 1.71917 0.6 0 0 0
1 8512 -5.50438 -27.3636 -18.5004 2 0.6 0 0 0
1 8514 -7.60421 -25.5122 -19.7824 0.998882 0.6 0 0 0
1 8522 -6.37675 -25.637 -22.5157 2 0.6 0 0 0
1 8529 -7.57686 -15.7063 -19.2638 1.78728 0.6 0 0 0
1 8556 -6.37412 -14.9936 -16.3642 1.4307 0.6 0 0 0
1 8633 -5.53182 -30.1454 -20.645 1.449 0.6 0 0 0
1 8636 -4.44643 -32.7839 -17.7797 1.91249 0.6 0 0 0
1 8637 -10.6575 -31.7308 -17.0457 1.32232 0.6 0 0 0
1 8638 -10.2833 -32.248 -20.3045 0.414892 0.6 0 0 0
1 8639 -8.71183 -30.2554 -19.3142 2 0.6 0 0 0
1 8640 -8.46332 -27.1631 -18.7998 0.96728 0.6 0 0 0
1 8641 -7.14632 -34.3661 -15.7786 1.72009 0.6 0 0 0
1 8642 -6.93993 -30.6841 -16.1823 1.61387 0.6 0 0 0
1 8643 -7.30218 -33.8506 -19.858 1.46347 0.6 0 0 0
1 8645 -13.081 -30.01 -19.2638 2 0.6 0 0 0
1 8647 -11.6609 -33.3264 -19.2638 1.58841 0.6 0 0 0
1 8648 -15.731 -35.0008 -19.2638 2 0.6 0 0 0
1 8649 -18.0477 -34.1157 -19.0517 0.488896 0.6 0 0 0
1 8650 -16.1501 -30.5961 -17.2301 1.67383 0.6 0 0 0
1 8654 -16.8334 -32.5904 -21.6884 1.269 0.6 0 0 0
1 8655 -16.4281 -29.8306 -21.2862 1.53639 0.6 0 0 0
1 8656 -14.4003 -34.2127 -23.2301 2 0.6 0 0 0
1 8657 -14.4991 -31.6536 -21.4773 1.10032 0.6 0 0 0
1 8662 -14.1208 -28.1739 -16.153 1.6066 0.6 0 0 0
1 8666 -12.6844 -24.5769 -16.3629 2 0.6 0 0 0
1 8667 -10.619 -27.57 -17.4652 1.48533 0.6 0 0 0
1 8669 -8.0841 -27.5913 -20.8002 1.11086 0.6 0 0 0
1 8670 -7.8804 -29.2788 -24.3501 2 0.6 0 0 0
1 8671 -9.39646 -26.5857 -23.318 1.23098 0.6 0 0 0
1 8672 -13.7383 -29.295 -22.2689 0.887451 0.6 0 0 0
1 8673 -14.5466 -27.1536 -21.0848 1.68842 0.6 0 0 0
1 8674 -12.9753 -27.2698 -22.8505 0.674545 0.6 0 0 0
1 8675 -10.6214 -25.7609 -20.4443 2 0.6 0 0 0
1 8676 -13.1264 -26.877 -18.5796 1.20448 0.6 0 0 0
1 8677 -12.5642 -25.7883 -22.3606 0.729065 0.6 0 0 0
1 8678 -10.624 -32.5503 -22.676 2 0.6 0 0 0
1 8679 -13.4197 -31.0499 -23.5312 1.2861 0.6 0 0 0
1 8680 -11.1641 -28.8644 -22.4744 1.73067 0.6 0 0 0
1 8681 -9.92143 -30.3365 -23.5179 0.444837 0.6 0 0 0
1 8684 -17.1578 -39.3513 -15.9245 2 0.6 0 0 0
1 8712 -18.7474 -35.4244 -18.1749 1.23478 0.6 0 0 0
1 8713 -18.3733 -34.484 -20.3729 0.911916 0.6 0 0 0
1 8719 -18.426 -35.145 -22.2853 1.0465 0.6 0 0 0
1 8720 -19.9001 -36.166 -21.8133 0.80716 0.6 0 0 0
1 8770 -13.1469 -37.2835 -15.8195 2 0.6 0 0 0
1 8772 -6.52614 -35.7386 -17.9673 0.936651 0.6 0 0 0
1 8776 -9.52561 -36.0324 -18.1369 2 0.6 0 0 0
1 8782 -5.55751 -38.1857 -16.5745 1.40756 0.6 0 0 0
1 8785 -11.7585 -37.6913 -23.7527 2 0.6 0 0 0
1 8789 -15.6965 -37.6612 -22.75 1.70329 0.6 0 0 0
1 8790 -16.9805 -35.377 -23.5312 0.806821 0.6 0 0 0
1 8791 -11.7937 -35.0934 -22.5124 0.803994 0.6 0 0 0
1 8793 -12.4578 -36.277 -20.4263 1.68157 0.6 0 0 0
1 8794 -12.7697 -35.8702 -22.4827 0.437789 0.6 0 0 0
1 8814 -11.813 -34.7998 -25.6788 1.44143 0.6 0 0 0
1 8816 -9.26628 -34.1725 -24.6507 0.199601 0.6 0 0 0
1 8818 -10.1394 -34.962 -20.9392 1.0048 0.6 0 0 0
1 8819 -8.67363 -36.4681 -21.6964 0.84892 0.6 0 0 0
1 10768 -20.4089 -36.2496 -18.2691 0.622808 0.6 0 0 0
1 10769 -25.7415 -36.1216 -18.5966 1.30208 0.6 0 0 0
1 11169 -9.81199 -19.5949 -20.273 0.607868 0.6 0 0 0
1 11170 -10.1564 -17.7398 -19.2638 1.49242 0.6 0 0 0
1 11181 -13.1563 -34.9209 -18.5838 0.664145 0.6 0 0 0
1 11182 -12.2006 -34.8344 -17.2415 0.985911 0.6 0 0 0
1 11188 -19.6278 -38.2054 -19.8506 2 0.6 0 0 0
1 11202 -8.73077 -35.4281 -20.432 0.502842 0.6 0 0 0
1 11463 -9.49687 -12.5079 -21.4048 1.22665 1.2 1 0 0
1 11464 -11.078 -11.5356 -20.4681 0.851578 1.2 1 0 0
1 11465 -11.618 -9.24644 -20.1036 0.728249 1.2 1 0 0
1 11466 -23.0326 -13.27 -18.2106 0.691355 1.2 1 0 0
1 11467 -10.693 -14.9298 -22.7399 1.5 1.2 1 0 0
1 11468 -10.9802 -14.4581 -24.6002 0.43802 1.2 1 0 0
1 11469 -12.778 -15.8339 -23.9576 0.969156 1.2 1 0 0
1 11470 -13.2344 -12.5244 -21.5244 1.5 1.2 1 0 0
1 11471 -10.682 -16.1921 -24.8201 0.766092 1.2 1 0 0
1 11472 -32.8011 -27.1048 -17.8669 0.909291 1.2 1 0 0
1 11475 -34.0367 -31.4488 -16.2043 1.5 1.2 1 0 0
1 11478 -29.1002 -26.611 -17.4551 1.10634 1.2 1 0 0
1 11479 -29.2336 -32.1651 -18.6954 0.791185 1.2 1 0 0
1 11480 -28.7626 -29.1742 -19.3331 1.5 1.2 1 0 0
1 11481 -27.6239 -31.7565 -20.9803 1.5 1.2 1 0 0
1 11482 -27.2996 -30.696 -19.1122 0.622509 1.2 1 0 0
1 11488 -26.2747 -16.1483 -17.4159 0.958933 1.2 1 0 0
1 11489 -28.6457 -16.812 -18.7963 0.808099 1.2 1 0 0
1 11491 -14.6568 -20.5164 -25.0388 0.884355 1.2 1 0 0
1 11492 -15.4862 -21.5747 -23.0608 1.5 1.2 1 0 0
1 11493 -15.9952 -19.1996 -23.9612 1.08123 1.2 1 0 0
1 11494 -21.1483 -26.4175 -22.7328 1.5 1.2 1 0 0
1 11495 -22.3842 -24.972 -22.5253 0.396967 1.2 1 0 0
1 11496 -19.9746 -19.0429 -21.6981 0.306511 1.2 1 0 0
1 11497 -18.9428 -17.7738 -20.2427 1.00891 1.2 1 0 0
1 11498 -24.574 -20.2213 -19.8515 1.5 1.2 1 0 0
1 11499 -23.5691 -19.1357 -21.6602 0.80084 1.2 1 0 0
1 11500 -21.7694 -23.2164 -22.1234 1.5 1.2 1 0 0
1 11501 -18.3901 -23.3986 -23.2491 1.5 1.2 1 0 0
1 11502 -17.7983 -22.3412 -24.9791 0.612116 1.2 1 0 0
1 11509 -9.28199 -30.0946 -27.4693 0.498797 1.2 1 0 0
1 11510 -10.016 -28.1839 -28.4669 0.43739 1.2 1 0 0
1 15952 -31.7149 -37.3564 -18.6533 1.5 1.2 1 0 0
1 15962 -32.5725 -35.6202 -19.8409 0.693732 1.2 1 0 0
1 15963 -33.6941 -36.0348 -18.7379 0.841506 1.2 1 0 0
1 15980 -30.1529 -34.1226 -20.4987 0.694337 1.2 1 0 0
1 15981 -31.2294 -35.1259 -20.7681 0.795927 1.2 1 0 0
1 15982 -30.7784 -35.8154 -21.666 0.422683 1.2 1 0 0
1 15983 -27.9359 -35.8607 -19.3783 0.299941 1.2 1 0 0
1 15984 -29.1116 -36.0623 -20.7271 1.5 1.2 1 0 0
1 15985 -30.0863 -35.7122 -18.6578 0.813992 1.2 1 0 0
1 16115 -12.584 -31.3926 -26.246 0.366184 1.2 1 0 0
1 16116 -14.1011 -30.4086 -26.5519 0.278034 1.2 1 0 0
1 16117 -13.7728 -31.7835 -27.6304 1.5 1.2 1 0 0
1 16118 -14.5276 -28.7348 -26.0899 1.5 1.2 1 0 0
1 16119 -15.2177 -26.6827 -26.7387 0.748846 1.2 1 0 0
1 16120 -15.6389 -31.2088 -25.7295 1.22505 1.2 1 0 0
1 16121 -15.2602 -29.8989 -24.4755 0.620897 1.2 1 0 0
1 16122 -13.9801 -30.5455 -25.3197 0.537617 1.2 1 0 0
1 16123 -14.3307 -31.2034 -25.0713 0.239161 1.2 1 0 0
1 16124 -16.4358 -30.8139 -26.8861 0.232197 1.2 1 0 0
1 16125 -15.5642 -30.2701 -27.6169 0.822128 1.2 1 0 0
1 16126 -15.2512 -31.0235 -28.5148 0.371878 1.2 1 0 0
1 16128 -16.6849 -34.9225 -25.25 0.547536 1.2 1 0 0
1 16129 -17.374 -35.2003 -24.7059 0.373338 1.2 1 0 0
1 16130 -19.7013 -33.6621 -26.1274 0.645716 1.2 1 0 0
1 16131 -20.5862 -32.2934 -25.9867 0.98991 1.2 1 0 0
1 16132 -18.6053 -33.0398 -27.2348 0.921478 1.2 1 0 0
1 16133 -16.7258 -32.4311 -24.5526 0.548176 1.2 1 0 0
1 16134 -19.4251 -32.5156 -23.3887 0.923055 1.2 1 0 0
1 16135 -17.546 -32.6631 -24.0411 0.440074 1.2 1 0 0
1 16136 -19.0991 -35.6023 -25.4366 1.5 1.2 1 0 0
1 16137 -19.5661 -36.0535 -27.6322 0.789536 1.2 1 0 0
1 16138 -16.7568 -29.7563 -25.0751 0.721208 1.2 1 0 0
1 16139 -16.846 -30.6056 -23.9537 0.686651 1.2 1 0 0
1 16140 -17.9496 -27.7035 -24.2816 1.5 1.2 1 0 0
1 16141 -15.4455 -27.7225 -23.9433 1.01064 1.2 1 0 0
1 16142 -19.2959 -28.0728 -25.7269 0.509364 1.2 1 0 0
1 16143 -19.9408 -28.4195 -25.0003 0.504903 1.2 1 0 0
1 16144 -20.8714 -29.4181 -23.5319 1.5 1.2 1 0 0
1 16145 -20.0894 -30.693 -22.1339 0.547207 1.2 1 0 0
1 16146 -17.7784 -28.5637 -22.5536 0.437324 1.2 1 0 0
1 16147 -18.2687 -29.8848 -23.2213 0.910754 1.2 1 0 0
1 16148 -18.348 -31.4362 -25.3121 1.5 1.2 1 0 0
1 16149 -18.7415 -29.8317 -26.4839 0.525423 1.2 1 0 0
1 16150 -17.1228 -29.9079 -26.7356 0.914737 1.2 1 0 0
1 16151 -12.2134 -35.3503 -27.4973 0.223178 1.2 1 0 0
1 16152 -13.5245 -34.1169 -26.7785 0.446135 1.2 1 0 0
1 16153 -12.8198 -34.2835 -28.3481 1.27003 1.2 1 0 0
1 16154 -16.4117 -36.129 -25.9925 0.895297 1.2 1 0 0
1 16155 -16.3857 -33.9955 -27.0809 1.5 1.2 1 0 0
1 16156 -17.3064 -35.2554 -28.5622 0.641675 1.2 1 0 0
1 16157 -15.2541 -35.4243 -27.3813 0.347227 1.2 1 0 0
1 16158 -13.976 -33.49 -26.3685 0.426464 1.2 1 0 0
1 16159 -14.8329 -32.8921 -26.051 0.665553 1.2 1 0 0
1 16160 -16.0544 -32.9418 -25.3092 0.584967 1.2 1 0 0
1 16161 -14.1507 -34.7831 -29.61 0.630848 1.2 1 0 0
1 16162 -14.7275 -33.5205 -28.9172 0.860419 1.2 1 0 0
1 16163 -16.0322 -33.253 -28.8393 0.441133 1.2 1 0 0
1 16209 -20.0664 -36.5918 -23.604 0.775234 1.2 1 0 0
1 16210 -20.6144 -35.8869 -24.4817 0.30752 1.2 1 0 0
1 16211 -19.3219 -35.5715 -23.5251 0.409218 1.2 1 0 0
1 16212 -22.1311 -36.8685 -24.5382 1.5 1.2 1 0 0
1 16213 -23.8206 -34.8485 -24.5432 1.00193 1.2 1 0 0
1 16215 -22.7432 -35.4935 -25.9983 0.359487 1.2 1 0 0
1 16216 -21.5334 -36.4505 -22.5569 0.611318 1.2 1 0 0
1 16217 -20.6302 -34.7482 -23.466 1.13766 1.2 1 0 0
1 16218 -21.8373 -35.1949 -22.1431 0.499975 1.2 1 0 0
1 16219 -22.3962 -34.695 -23.6604 0.639827 1.2 1 0 0
1 16221 -21.5285 -34.3258 -25.726 1.22062 1.2 1 0 0
1 16223 -21.0098 -35.9576 -26.9485 0.8107 1.2 1 0 0
1 16224 -25.3086 -34.1482 -22.5416 1.5 1.2 1 0 0
1 16225 -25.6961 -32.9285 -20.5065 0.805265 1.2 1 0 0
1 16226 -26.8202 -33.5471 -21.3533 0.497797 1.2 1 0 0
1 16227 -25.8723 -32.2411 -21.9688 0.566859 1.2 1 0 0
1 16228 -28.6666 -34.1078 -22.0684 0.90979 1.2 1 0 0
1 16229 -29.7467 -32.8109 -21.4018 0.898143 1.2 1 0 0
1 16230 -29.2318 -33.9012 -20.9585 0.352777 1.2 1 0 0
1 16231 -30.1604 -34.3886 -21.7703 0.598378 1.2 1 0 0
1 16232 -26.7925 -35.0318 -20.6337 1.02869 1.2 1 0 0
1 16233 -28.6421 -33.7751 -19.6782 1.05963 1.2 1 0 0
1 16234 -27.8496 -35.0833 -19.5644 0.469851 1.2 1 0 0
1 16235 -27.5135 -35.6444 -22.9192 1.19128 1.2 1 0 0
1 16236 -27.4041 -33.2351 -22.8989 0.813607 1.2 1 0 0
1 16237 -26.9572 -31.0301 -23.4028 0.331006 1.2 1 0 0
1 16238 -23.3104 -35.8806 -22.1962 1.12572 1.2 1 0 0
1 16240 -24.3353 -35.2076 -21.0604 0.54559 1.2 1 0 0
1 16241 -24.6434 -35.818 -20.6848 0.234579 1.2 1 0 0
1 16242 -25.511 -36.8097 -21.5578 1.34471 1.2 1 0 0
1 16243 -26.446 -35.4869 -21.8467 0.300749 1.2 1 0 0
1 16248 -25.2569 -37.0148 -24.17 1.1641 1.2 1 0 0
1 16249 -24.3714 -35.762 -23.4081 0.479373 1.2 1 0 0
1 16250 -25.791 -35.0942 -24.4121 0.650931 1.2 1 0 0
1 16251 -22.3024 -30.5905 -22.7412 0.511494 1.2 1 0 0
1 16252 -20.9945 -29.9761 -21.5342 0.565732 1.2 1 0 0
1 16253 -21.5072 -31.198 -21.86 0.798473 1.2 1 0 0
1 16254 -22.3203 -30.4629 -21.1267 0.519855 1.2 1 0 0
1 16255 -25.9217 -31.9045 -23.4389 0.942072 1.2 1 0 0
1 16256 -24.2559 -32.6808 -24.2117 0.95982 1.2 1 0 0
1 16257 -25.5804 -33.3305 -24.3795 0.52497 1.2 1 0 0
1 16258 -24.1107 -31.0916 -22.0165 1.5 1.2 1 0 0
1 16259 -24.2297 -33.0345 -20.9481 0.719488 1.2 1 0 0
1 16260 -23.1639 -33.1832 -21.9666 0.755202 1.2 1 0 0
1 16261 -21.8869 -33.9212 -22.1783 0.734808 1.2 1 0 0
1 16262 -21.8299 -32.3835 -23.8025 1.5 1.2 1 0 0
1 16263 -21.9509 -30.5718 -25.0641 0.700916 1.2 1 0 0
1 16264 -23.0276 -33.1745 -25.2763 0.546234 1.2 1 0 0
1 16266 -12.28 -36.1053 -28.0342 0.655797 1.2 1 0 0
1 16268 -14.3355 -36.6012 -28.4714 1.5 1.2 1 0 0
1 16270 -12.7013 -35.7854 -29.2161 0.461195 1.2 1 0 0
1 16288 -15.9382 -36.0498 -27.3483 0.533249 1.2 1 0 0
1 16299 -17.6019 -37.2316 -27.7915 1.5 1.2 1 0 0
1 18270 -7.27131 -8.97758 -21.3315 0.563354 1.2 1 0 0
1 18271 -8.87933 -9.43381 -20.706 0.515098 1.2 1 0 0
1 18273 -7.73228 -11.8426 -21.2996 0.662123 1.2 1 0 0
1 18274 -8.47342 -10.2158 -22.5183 1.5 1.2 1 0 0
1 18275 -9.34275 -12.4165 -23.771 1.10368 1.2 1 0 0
1 18276 -8.86462 -11.0393 -24.3074 0.449684 1.2 1 0 0
1 18277 -7.5845 -11.8074 -23.7301 0.688996 1.2 1 0 0
1 18278 -13.0182 -7.16306 -22.4042 0.7552 1.2 1 0 0
1 18279 -12.0146 -6.94034 -22.9898 0.427868 1.2 1 0 0
1 18280 -13.8011 -8.86125 -21.1022 1.5 1.2 1 0 0
1 18281 -15.2064 -7.0625 -21.4407 0.658034 1.2 1 0 0
1 18282 -12.2934 -7.95351 -19.9102 0.620117 1.2 1 0 0
1 18283 -13.2439 -6.85288 -20.4252 0.679747 1.2 1 0 0
1 18284 -14.7789 -7.19132 -19.6109 0.922956 1.2 1 0 0
1 18285 -12.0754 -9.21455 -21.7553 0.375736 1.2 1 0 0
1 18286 -12.4923 -8.78517 -22.8488 0.683838 1.2 1 0 0
1 18287 -14.5195 -9.77219 -22.669 0.449551 1.2 1 0 0
1 18288 -12.5831 -10.6821 -20.0941 0.911488 1.2 1 0 0
1 18289 -12.1504 -12.2252 -19.9315 0.449796 1.2 1 0 0
1 18290 -12.4249 -11.6269 -19.466 0.229936 1.2 1 0 0
1 18291 -11.2034 -12.5073 -21.9883 0.576923 1.2 1 0 0
1 18292 -11.3228 -10.6115 -22.4734 1.366 1.2 1 0 0
1 18293 -13.4564 -10.5658 -22.6105 0.750581 1.2 1 0 0
1 18294 -6.93176 -7.67062 -22.8679 1.48212 1.2 1 0 0
1 18295 -7.8404 -7.28178 -21.3446 0.333706 1.2 1 0 0
1 18296 -10.8831 -7.76916 -21.6011 1.5 1.2 1 0 0
1 18297 -10.6441 -8.90152 -23.3903 0.630854 1.2 1 0 0
1 18298 -10.2077 -6.97759 -23.3733 0.555063 1.2 1 0 0
1 18299 -8.9103 -6.94055 -22.2169 0.72501 1.2 1 0 0
1 18300 -8.46797 -8.26259 -21.2748 0.802383 1.2 1 0 0
1 18301 -9.26612 -8.10503 -23.3647 0.908346 1.2 1 0 0
1 18302 -8.12479 -8.88566 -24.0983 0.588246 1.2 1 0 0
1 18303 -8.65038 -6.90814 -23.8307 0.507009 1.2 1 0 0
1 18304 -17.0705 -7.31365 -19.4696 1.33897 1.2 1 0 0
1 18305 -17.6956 -6.58307 -20.7553 0.26649 1.2 1 0 0
1 18306 -16.4086 -6.84519 -21.2064 0.510729 1.2 1 0 0
1 18307 -19.9966 -6.78018 -19.6415 0.527189 1.2 1 0 0
1 18308 -20.0089 -6.27799 -19.0719 0.231782 1.2 1 0 0
1 18309 -18.3981 -6.31055 -18.7608 0.40275 1.2 1 0 0
1 18310 -17.5293 -8.77457 -18.543 0.421991 1.2 1 0 0
1 18311 -17.8746 -8.51537 -20.2183 0.243643 1.2 1 0 0
1 18312 -19.2571 -8.37652 -19.9712 1.12027 1.2 1 0 0
1 18313 -18.705 -9.58631 -21.1292 0.471671 1.2 1 0 0
1 18314 -21.0831 -12.2767 -17.6776 1.31818 1.2 1 0 0
1 18315 -23.5152 -11.1584 -18.6681 1.5 1.2 1 0 0
1 18317 -22.9439 -14.7836 -17.3296 1.05875 1.2 1 0 0
1 18320 -24.2989 -14.09 -19.9198 1.21943 1.2 1 0 0
1 18321 -22.9114 -12.674 -20.2755 0.767653 1.2 1 0 0
1 18322 -23.1341 -14.8584 -20.0662 0.183605 1.2 1 0 0
1 18327 -24.2229 -9.0229 -18.4342 0.733561 1.2 1 0 0
1 18328 -22.9529 -9.05909 -18.9444 0.611638 1.2 1 0 0
1 18333 -21.6127 -6.74641 -18.7162 0.58398 1.2 1 0 0
1 18334 -23.0462 -7.52544 -17.8768 1.25084 1.2 1 0 0
1 18335 -19.5661 -7.16265 -17.9707 1.24003 1.2 1 0 0
1 18336 -19.3568 -8.67769 -18.4929 0.369088 1.2 1 0 0
1 18338 -18.5064 -9.5047 -17.8919 0.960674 1.2 1 0 0
1 18339 -20.9497 -7.68462 -19.466 0.745698 1.2 1 0 0
1 18340 -21.0035 -9.49144 -18.1334 1.5 1.2 1 0 0
1 18341 -22.3447 -9.75321 -19.7196 0.593612 1.2 1 0 0
1 18342 -19.3387 -11.0472 -17.6203 0.812968 1.2 1 0 0
1 18344 -20.34 -11.1864 -18.9205 0.483068 1.2 1 0 0
1 18345 -19.79 -10.5562 -20.2493 1.07783 1.2 1 0 0
1 18346 -14.5522 -11.0093 -19.7245 1.11517 1.2 1 0 0
1 18347 -15.7038 -9.49151 -20.9646 0.445651 1.2 1 0 0
1 18348 -17.2436 -10.1122 -19.9146 1.5 1.2 1 0 0
1 18349 -16.2448 -8.26951 -21.3923 0.934975 1.2 1 0 0
1 18350 -17.8395 -9.25478 -21.5105 0.400418 1.2 1 0 0
1 18351 -16.2084 -8.59774 -20.1466 0.349084 1.2 1 0 0
1 18352 -15.2602 -9.00139 -19.087 0.881747 1.2 1 0 0
1 18353 -15.4314 -10.8084 -21.7766 1.12522 1.2 1 0 0
1 18354 -16.6738 -9.68719 -21.8736 0.546765 1.2 1 0 0
1 18355 -16.8955 -11.5143 -22.0554 0.500744 1.2 1 0 0
1 18356 -17.2303 -15.961 -19.443 0.350594 1.2 1 0 0
1 18357 -17.9373 -16.5692 -19.466 0.380808 1.2 1 0 0
1 18358 -19.3523 -16.5434 -19.2517 0.607738 1.2 1 0 0
1 18359 -20.1252 -13.737 -20.3209 0.32348 1.2 1 0 0
1 18360 -20.6468 -13.3981 -21.7102 0.216973 1.2 1 0 0
1 18361 -21.6289 -14.3688 -19.4851 1.5 1.2 1 0 0
1 18362 -19.2567 -15.1016 -19.0799 0.847111 1.2 1 0 0
1 18363 -17.3758 -14.2925 -19.4661 0.619089 1.2 1 0 0
1 18364 -19.0199 -13.9899 -20.7745 0.346187 1.2 1 0 0
1 18365 -19.3344 -14.4696 -20.4464 0.312406 1.2 1 0 0
1 18366 -19.854 -14.5019 -20.0252 0.357234 1.2 1 0 0
1 18367 -18.5407 -13.3917 -21.6622 0.821245 1.2 1 0 0
1 18369 -15.2602 -12.4698 -19.2232 0.570023 1.2 1 0 0
1 18370 -18.8831 -12.8024 -19.3676 1.5 1.2 1 0 0
1 18371 -17.553 -11.714 -19.3727 0.218654 1.2 1 0 0
1 18372 -16.8939 -13.4263 -18.9275 0.508729 1.2 1 0 0
1 18373 -16.7123 -12.1427 -18.9946 0.78849 1.2 1 0 0
1 18374 -17.3978 -11.9762 -20.212 0.393716 1.2 1 0 0
1 18375 -18.0168 -11.8149 -21.338 0.850148 1.2 1 0 0
1 18376 -14.2002 -14.167 -21.0839 0.453696 1.2 1 0 0
1 18377 -16.1477 -13.1939 -20.9473 1.5 1.2 1 0 0
1 18378 -15.0913 -12.5079 -22.7482 0.557803 1.2 1 0 0
1 18379 -15.9382 -15.3402 -21.8289 0.751632 1.2 1 0 0
1 18380 -16.352 -17.4744 -20.8321 1.00083 1.2 1 0 0
1 18381 -17.0177 -16.7774 -23.0575 0.994459 1.2 1 0 0
1 18382 -14.8532 -15.1535 -20.416 0.904922 1.2 1 0 0
1 18383 -14.2261 -13.7377 -19.9542 0.710974 1.2 1 0 0
1 18384 -15.2293 -14.1784 -19.5428 0.445588 1.2 1 0 0
1 18385 -16.3364 -15.0371 -19.7631 0.6935 1.2 1 0 0
1 18386 -17.4669 -13.499 -22.38 0.471245 1.2 1 0 0
1 18387 -17.5216 -14.0143 -21.7962 0.305945 1.2 1 0 0
1 18388 -16.9137 -14.5469 -22.6452 0.700549 1.2 1 0 0
1 18389 -8.92937 -14.0982 -22.7994 0.448811 1.2 1 0 0
1 18390 -8.3171 -15.953 -22.5823 1.02654 1.2 1 0 0
1 18391 -8.86391 -14.8375 -23.324 0.41909 1.2 1 0 0
1 18392 -8.69697 -14.4216 -21.5582 0.853219 1.2 1 0 0
1 18393 -9.74004 -13.9592 -21.6186 0.26034 1.2 1 0 0
1 18394 -10.0429 -15.159 -20.8801 0.483362 1.2 1 0 0
1 18395 -14.5753 -14.4655 -22.5929 1.02978 1.2 1 0 0
1 18396 -15.2176 -15.4864 -23.6487 0.522883 1.2 1 0 0
1 18397 -14.5326 -16.9923 -22.4787 1.5 1.2 1 0 0
1 18398 -13.8124 -18.5685 -21.2201 0.636514 1.2 1 0 0
1 18399 -14.8337 -16.6416 -20.4531 0.577683 1.2 1 0 0
1 18400 -13.5707 -17.2154 -24.5122 0.685431 1.2 1 0 0
1 18401 -15.9134 -17.4431 -23.996 0.600347 1.2 1 0 0
1 18402 -14.7448 -18.0325 -24.4444 0.67196 1.2 1 0 0
1 18403 -11.3008 -13.0214 -20.6603 0.658989 1.2 1 0 0
1 18404 -11.2471 -14.3766 -20.6845 0.697579 1.2 1 0 0
1 18405 -12.9381 -15.2472 -21.2245 1.17599 1.2 1 0 0
1 18406 -12.44 -13.8959 -20.2011 0.564708 1.2 1 0 0
1 18407 -12.3051 -14.0896 -22.1379 0.415028 1.2 1 0 0
1 18408 -12.8067 -13.9592 -23.369 0.875685 1.2 1 0 0
1 18409 -10.0668 -18.3359 -23.858 1.5 1.2 1 0 0
1 18410 -9.59368 -16.426 -24.148 0.488917 1.2 1 0 0
1 18411 -9.906 -17.0798 -21.8724 0.855062 1.2 1 0 0
1 18412 -10.3267 -19.0094 -21.8912 0.595034 1.2 1 0 0
1 18413 -11.9511 -17.6588 -21.8837 1.23173 1.2 1 0 0
1 18414 -8.86689 -18.4452 -22.095 0.635391 1.2 1 0 0
1 18415 -11.9365 -17.2457 -24.8203 0.86865 1.2 1 0 0
1 18416 -11.5145 -18.9241 -25.5604 0.810857 1.2 1 0 0
1 18434 -31.31 -22.5525 -18.0975 1.0712 1.2 1 0 0
1 18435 -29.1748 -23.2429 -17.0156 1.41806 1.2 1 0 0
1 18438 -27.6202 -24.7729 -17.5235 0.808755 1.2 1 0 0
1 18439 -26.2414 -23.8162 -18.5785 1.17174 1.2 1 0 0
1 18441 -31.2515 -25.174 -19.045 0.646983 1.2 1 0 0
1 18442 -31.3503 -25.2599 -16.8761 1.5 1.2 1 0 0
1 18445 -27.3998 -23.8395 -21.0557 1.05078 1.2 1 0 0
1 18446 -30.4815 -22.5779 -19.466 0.463427 1.2 1 0 0
1 18447 -29.8813 -24.0628 -19.3463 1.14268 1.2 1 0 0
1 18448 -28.124 -23.7895 -18.7974 0.718519 1.2 1 0 0
1 18449 -27.5748 -21.506 -18.7298 1.5 1.2 1 0 0
1 18450 -25.6625 -20.4963 -17.7276 0.883078 1.2 1 0 0
1 18452 -29.9756 -21.3574 -18.9997 0.918315 1.2 1 0 0
1 18453 -28.5374 -19.884 -19.3686 0.480385 1.2 1 0 0
1 18454 -29.6237 -19.1753 -17.9989 1.40601 1.2 1 0 0
1 18457 -27.3499 -18.3351 -20.2591 0.489864 1.2 1 0 0
1 18458 -27.9386 -17.5978 -19.7532 0.55261 1.2 1 0 0
1 18459 -27.5716 -19.7342 -20.1824 0.789845 1.2 1 0 0
1 18461 -31.5838 -29.178 -17.7087 1.5 1.2 1 0 0
1 18476 -31.5888 -33.9298 -18.8364 1.5 1.2 1 0 0
1 18477 -32.6203 -31.7848 -19.0978 0.894401 1.2 1 0 0
1 18478 -31.5589 -31.7662 -17.3958 1.09948 1.2 1 0 0
1 18481 -34.1338 -35.2034 -16.5935 1.5 1.2 1 0 0
1 18484 -33.6681 -34.566 -18.92 0.638777 1.2 1 0 0
1 18485 -33.9572 -33.1539 -18.0721 1.03023 1.2 1 0 0
1 18533 -26.4805 -27.9597 -19.21 0.95347 1.2 1 0 0
1 18534 -25.4853 -26.4535 -19.9038 0.847995 1.2 1 0 0
1 18535 -25.9686 -25.6611 -18.4421 0.593951 1.2 1 0 0
1 18536 -25.0615 -28.6035 -19.5349 0.622991 1.2 1 0 0
1 18537 -27.6333 -27.5642 -18.1036 0.692502 1.2 1 0 0
1 18538 -27.7146 -27.67 -19.1067 0.31835 1.2 1 0 0
1 18539 -27.7333 -25.8757 -19.5488 1.5 1.2 1 0 0
1 18540 -27.3818 -25.1843 -21.1812 0.299966 1.2 1 0 0
1 18541 -27.9424 -32.4051 -19.1084 0.506513 1.2 1 0 0
1 18542 -29.002 -30.724 -20.2853 0.334634 1.2 1 0 0
1 18543 -30.4064 -31.1965 -19.9553 1.17937 1.2 1 0 0
1 18544 -31.2747 -32.6894 -20.5802 0.657236 1.2 1 0 0
1 18545 -30.3109 -29.5981 -20.6091 0.549593 1.2 1 0 0
1 18546 -29.3182 -30.2529 -21.2096 0.730553 1.2 1 0 0
1 18547 -29.548 -31.4231 -21.5472 0.508826 1.2 1 0 0
1 18548 -30 -30.9077 -21.2985 0.218955 1.2 1 0 0
1 18549 -28.1523 -27.5531 -19.424 0.233482 1.2 1 0 0
1 18550 -28.3556 -27.5413 -20.2015 0.393654 1.2 1 0 0
1 18551 -30.6247 -28.5994 -20.116 0.600185 1.2 1 0 0
1 18552 -30.6546 -27.0019 -19.148 1.20362 1.2 1 0 0
1 18553 -28.4032 -26.4033 -21.4075 0.531591 1.2 1 0 0
1 18554 -28.959 -28.7458 -21.3312 0.540862 1.2 1 0 0
1 18555 -27.3738 -27.979 -21.4093 1.22076 1.2 1 0 0
1 18556 -25.9756 -29.8588 -20.255 1.08866 1.2 1 0 0
1 18557 -27.4538 -29.6369 -20.8629 0.525063 1.2 1 0 0
1 18558 -26.9189 -30.117 -21.2007 0.269112 1.2 1 0 0
1 18559 -27.5645 -31.0908 -22.86 0.48584 1.2 1 0 0
1 18560 -28.1235 -29.7876 -21.8946 0.713669 1.2 1 0 0
1 18561 -26.4251 -30.0064 -22.4731 1.09385 1.2 1 0 0
1 18562 -24.4076 -9.46712 -16.2392 1.5 1.2 1 0 0
1 18572 -25.3411 -9.83076 -18.1647 0.670558 1.2 1 0 0
1 18703 -25.2381 -12.4236 -19.3865 0.755049 1.2 1 0 0
1 18704 -26.0796 -11.5907 -18.3649 0.801762 1.2 1 0 0
1 18705 -27.5074 -12.5467 -17.4007 1.03592 1.2 1 0 0
1 18706 -25.1191 -13.4295 -17.3469 1.5 1.2 1 0 0
1 18717 -28.4129 -16.9989 -16.4491 1.5 1.2 1 0 0
1 18720 -29.7034 -17.3006 -18.3058 0.433425 1.2 1 0 0
1 18731 -28.9464 -14.2205 -16.5812 1.2754 1.2 1 0 0
1 18734 -27.2078 -14.3509 -18.5727 1.09112 1.2 1 0 0
1 18735 -27.0148 -16.3588 -19.466 1.00758 1.2 1 0 0
1 18736 -25.758 -15.1551 -19.2297 0.69224 1.2 1 0 0
1 18737 -11.0306 -20.5392 -22.8159 1.10536 1.2 1 0 0
1 18738 -11.0853 -19.964 -24.2708 0.45961 1.2 1 0 0
1 18739 -13.7793 -22.9559 -22.6463 0.734582 1.2 1 0 0
1 18740 -12.4599 -22.1173 -24.5459 1.5 1.2 1 0 0
1 18741 -12.3324 -23.1347 -22.8069 0.518385 1.2 1 0 0
1 18742 -12.0041 -21.4664 -22.1431 0.388207 1.2 1 0 0
1 18743 -13.1873 -21.4951 -22.4236 0.828144 1.2 1 0 0
1 18744 -10.8767 -22.3044 -23.0326 0.679762 1.2 1 0 0
1 18745 -13.2569 -22.1028 -26.4356 0.550907 1.2 1 0 0
1 18746 -12.324 -20.3603 -25.9148 0.72746 1.2 1 0 0
1 18747 -11.6867 -20.1102 -24.9251 0.441015 1.2 1 0 0
1 18748 -16.6161 -20.33 -23.5218 0.24306 1.2 1 0 0
1 18749 -17.6021 -19.2985 -24.1414 0.507179 1.2 1 0 0
1 18750 -16.9275 -20.4203 -22.9939 0.347772 1.2 1 0 0
1 18751 -13.0353 -19.2293 -23.8422 1.5 1.2 1 0 0
1 18752 -12.2823 -19.6281 -21.8258 0.688697 1.2 1 0 0
1 18753 -15.457 -19.2929 -21.9088 1.03962 1.2 1 0 0
1 18754 -16.4783 -18.9874 -20.719 0.521062 1.2 1 0 0
1 18755 -14.1156 -22.1753 -21.9186 0.382606 1.2 1 0 0
1 18756 -13.7338 -19.9032 -21.7682 0.789797 1.2 1 0 0
1 18757 -14.3768 -19.9132 -22.813 0.32383 1.2 1 0 0
1 18758 -14.1468 -20.5392 -23.5078 0.250084 1.2 1 0 0
1 18759 -14.5134 -25.4273 -24.9925 1.5 1.2 1 0 0
1 18760 -13.2799 -25.7896 -23.4851 0.481154 1.2 1 0 0
1 18761 -13.1306 -24.2351 -23.4142 0.891889 1.2 1 0 0
1 18762 -14.2634 -22.9772 -25.7039 0.809301 1.2 1 0 0
1 18763 -16.2012 -23.2703 -25.1036 1.23935 1.2 1 0 0
1 18764 -14.3825 -23.1649 -24.1609 0.723022 1.2 1 0 0
1 18765 -15.153 -23.8999 -24.1498 0.310534 1.2 1 0 0
1 18766 -14.9463 -24.1572 -22.9243 0.958638 1.2 1 0 0
1 18767 -16.2188 -25.8934 -26.2991 0.597083 1.2 1 0 0
1 18768 -16.0375 -24.7982 -24.3985 0.250575 1.2 1 0 0
1 18769 -16.0631 -24.7444 -26.1746 0.565252 1.2 1 0 0
1 18770 -19.3071 -28.1262 -22.2496 0.859072 1.2 1 0 0
1 18771 -20.2216 -27.5125 -21.3339 0.503686 1.2 1 0 0
1 18772 -20.2898 -27.7796 -22.2408 0.18306 1.2 1 0 0
1 18773 -23.4957 -29.1224 -23.6172 1.10998 1.2 1 0 0
1 18774 -22.754 -27.2513 -21.7351 0.566077 1.2 1 0 0
1 18775 -22.219 -28.1356 -22.6918 0.524787 1.2 1 0 0
1 18776 -23.1195 -27.3562 -22.951 0.693885 1.2 1 0 0
1 18777 -21.3515 -27.5452 -20.9463 0.601929 1.2 1 0 0
1 18778 -22.1834 -28.9173 -21.3021 1.04166 1.2 1 0 0
1 18779 -20.1639 -27.3945 -24.4247 0.687727 1.2 1 0 0
1 18780 -22.3 -27.7645 -24.1621 0.774357 1.2 1 0 0
1 18781 -23.5967 -26.0124 -20.2555 1.11563 1.2 1 0 0
1 18782 -22.4527 -25.0953 -19.8305 0.348117 1.2 1 0 0
1 18783 -22.9114 -24.8113 -21.2192 0.557612 1.2 1 0 0
1 18784 -22.6125 -24.0161 -20.0936 0.774144 1.2 1 0 0
1 18785 -26.2425 -25.8953 -21.8127 1.18221 1.2 1 0 0
1 18786 -24.8307 -25.6436 -21.0959 0.421037 1.2 1 0 0
1 18787 -24.5499 -26.2716 -21.2735 0.289504 1.2 1 0 0
1 18788 -24.7838 -23.743 -20.82 1.5 1.2 1 0 0
1 18789 -24.2459 -25.3067 -21.219 0.19917 1.2 1 0 0
1 18790 -23.8611 -25.633 -22.5468 1.22127 1.2 1 0 0
1 18791 -24.0133 -23.4408 -22.9112 0.748957 1.2 1 0 0
1 18792 -25.3488 -24.8894 -22.9134 0.477572 1.2 1 0 0
1 18793 -25.1851 -24.9049 -22.1431 0.303814 1.2 1 0 0
1 18794 -22.6404 -27.4821 -20.5159 0.657059 1.2 1 0 0
1 18795 -23.0407 -28.5178 -20.1741 0.430378 1.2 1 0 0
1 18796 -23.5402 -27.4867 -19.9996 0.38033 1.2 1 0 0
1 18797 -23.8127 -28.2484 -19.8 0.446614 1.2 1 0 0
1 18798 -23.3532 -29.3567 -22.0218 0.393058 1.2 1 0 0
1 18799 -24.6572 -28.0421 -21.5445 1.5 1.2 1 0 0
1 18800 -25.3151 -29.7791 -21.5291 0.346847 1.2 1 0 0
1 18801 -24.7823 -29.1833 -20.1835 0.280503 1.2 1 0 0
1 18802 -23.9801 -29.7207 -20.3205 0.684702 1.2 1 0 0
1 18803 -24.3252 -27.1915 -23.4746 0.630856 1.2 1 0 0
1 18804 -25.9198 -28.5705 -23.0516 0.534623 1.2 1 0 0
1 18805 -22.5115 -25.7989 -21.46 0.464645 1.2 1 0 0
1 18806 -21.6176 -25.1344 -20.751 0.855666 1.2 1 0 0
1 18807 -22.4096 -24.7781 -23.6824 0.776031 1.2 1 0 0
1 18808 -21.5255 -25.4769 -24.4282 0.475167 1.2 1 0 0
1 18809 -20.2452 -18.5232 -22.7579 0.904493 1.2 1 0 0
1 18810 -19.0623 -19.1581 -20.6251 0.390494 1.2 1 0 0
1 18811 -20.1766 -17.456 -23.1768 0.244006 1.2 1 0 0
1 18812 -18.6067 -17.245 -22.9899 0.654835 1.2 1 0 0
1 18813 -19.9524 -16.7449 -22.2054 0.980563 1.2 1 0 0
1 18814 -22.8562 -22.1628 -20.0077 1.09704 1.2 1 0 0
1 18815 -24.6793 -22.5345 -18.8145 0.84385 1.2 1 0 0
1 18816 -24.281 -21.9601 -20.5971 0.365861 1.2 1 0 0
1 18817 -25.6116 -19.0162 -19.3516 0.166961 1.2 1 0 0
1 18818 -25.9452 -18.5067 -20.5005 0.789414 1.2 1 0 0
1 18819 -25.2864 -22.5595 -22.4143 0.530146 1.2 1 0 0
1 18820 -26.4392 -21.8092 -20.9336 0.997652 1.2 1 0 0
1 18821 -25.4208 -21.6151 -22.0286 0.497821 1.2 1 0 0
1 18822 -21.4075 -17.2714 -20.2652 1.5 1.2 1 0 0
1 18823 -21.5545 -17.4733 -18.418 0.364017 1.2 1 0 0
1 18824 -22.1676 -16.3206 -18.2561 0.849055 1.2 1 0 0
1 18825 -22.7608 -16.2454 -19.4036 0.40036 1.2 1 0 0
1 18826 -25.9179 -17.0409 -20.4541 0.618444 1.2 1 0 0
1 18827 -24.4739 -16.9037 -18.9101 1.5 1.2 1 0 0
1 18828 -24.432 -18.1601 -20.793 0.763899 1.2 1 0 0
1 18829 -24.3583 -18.4721 -19.7183 0.267505 1.2 1 0 0
1 18830 -24.4786 -18.9566 -17.862 0.800285 1.2 1 0 0
1 18831 -22.5405 -17.8596 -18.4776 0.696649 1.2 1 0 0
1 18832 -22.4215 -19.3398 -19.2575 0.897206 1.2 1 0 0
1 18833 -22.9264 -17.8189 -21.7947 0.670618 1.2 1 0 0
1 18834 -23.2272 -15.7415 -20.7294 0.909367 1.2 1 0 0
1 18835 -23.7777 -17.0498 -21.2433 0.600193 1.2 1 0 0
1 18836 -21.4795 -20.0598 -21.3769 1.5 1.2 1 0 0
1 18837 -22.9812 -20.3917 -22.7132 0.529381 1.2 1 0 0
1 18838 -23.8822 -20.1285 -22.3201 0.351958 1.2 1 0 0
1 18839 -24.6699 -19.8574 -21.7402 0.425846 1.2 1 0 0
1 18840 -23.9889 -20.2013 -21.5996 0.333311 1.2 1 0 0
1 18841 -23.8111 -21.5933 -21.9528 1.1138 1.2 1 0 0
1 18842 -22.9374 -21.9993 -23.2785 0.525017 1.2 1 0 0
1 18843 -16.5462 -27.0786 -22.9807 0.513057 1.2 1 0 0
1 18844 -16.6634 -25.4245 -23.2975 1.16229 1.2 1 0 0
1 18845 -19.7232 -24.943 -22.9053 0.496829 1.2 1 0 0
1 18846 -20.296 -24.6345 -24.2333 0.975557 1.2 1 0 0
1 18847 -18.6265 -25.9982 -22.3902 1.07506 1.2 1 0 0
1 18848 -17.5601 -24.8112 -21.916 0.589534 1.2 1 0 0
1 18849 -19.0493 -26.2619 -21.2359 0.179033 1.2 1 0 0
1 18850 -18.9367 -25.3883 -21.2239 0.275222 1.2 1 0 0
1 18851 -17.4073 -25.2845 -25.3718 1.02862 1.2 1 0 0
1 18852 -17.1186 -24.3705 -24.2923 0.356832 1.2 1 0 0
1 18853 -18.8791 -25.641 -24.2082 0.762606 1.2 1 0 0
1 18854 -17.978 -19.1376 -22.1737 1.5 1.2 1 0 0
1 18855 -17.375 -21.5881 -21.6277 0.864807 1.2 1 0 0
1 18856 -20.5466 -21.6942 -21.9435 0.458393 1.2 1 0 0
1 18857 -19.8247 -21.2588 -23.2259 1.07632 1.2 1 0 0
1 18858 -19.2836 -20.3526 -20.6885 0.819865 1.2 1 0 0
1 18859 -19.1377 -22.0569 -21.2838 0.991271 1.2 1 0 0
1 18860 -19.2297 -19.7857 -23.7081 0.583569 1.2 1 0 0
1 18861 -19.8456 -19.8443 -22.5087 0.498038 1.2 1 0 0
1 18862 -18.4595 -24.0487 -21.3618 0.497398 1.2 1 0 0
1 18863 -18.3214 -23.1731 -21.2874 0.39151 1.2 1 0 0
1 18864 -19.8314 -24.5786 -21.5133 0.946177 1.2 1 0 0
1 18865 -20.973 -21.9538 -20.3488 0.713829 1.2 1 0 0
1 18866 -20.2524 -23.0901 -20.6758 0.574507 1.2 1 0 0
1 18867 -20.1897 -22.7621 -23.0863 0.404944 1.2 1 0 0
1 18868 -20.7726 -24.7019 -22.3348 0.300888 1.2 1 0 0
1 18869 -17.6659 -20.8318 -24.0806 1.00805 1.2 1 0 0
1 18870 -17.0583 -22.1858 -24.0978 0.470154 1.2 1 0 0
1 18871 -20.6687 -23.0029 -24.1051 0.703018 1.2 1 0 0
1 18872 -19.3909 -22.2073 -24.5351 0.51862 1.2 1 0 0
1 20536 -7.05586 -20.8295 -25.9224 1.5 1.2 1 0 0
1 20538 -7.03611 -21.7889 -24.0117 0.638157 1.2 1 0 0
1 20545 -12.1963 -27.9073 -25.4966 1.01635 1.2 1 0 0
1 20546 -11.4863 -27.6489 -26.8016 0.49158 1.2 1 0 0
1 20547 -12.5616 -26.4556 -25.5454 0.481459 1.2 1 0 0
1 20548 -10.8628 -25.8012 -26.3925 1.5 1.2 1 0 0
1 20549 -11.1774 -23.9857 -25.9836 0.387462 1.2 1 0 0
1 20550 -12.446 -25.2106 -25.5232 0.395359 1.2 1 0 0
1 20551 -12.8107 -24.0384 -26.437 1.12747 1.2 1 0 0
1 20552 -12.1711 -25.7098 -24.3431 0.915158 1.2 1 0 0
1 20553 -11.7213 -24.2118 -24.913 0.749544 1.2 1 0 0
1 20554 -10.7059 -25.1426 -24.3337 0.655521 1.2 1 0 0
1 20555 -11.5367 -26.9091 -24.6117 0.450108 1.2 1 0 0
1 20556 -12.5918 -25.4008 -27.4929 0.588212 1.2 1 0 0
1 20557 -11.551 -27.3441 -28.2402 0.668879 1.2 1 0 0
1 20558 -8.63113 -22.0533 -26.1085 0.495189 1.2 1 0 0
1 20559 -10.1179 -20.7405 -25.8922 1.5 1.2 1 0 0
1 20560 -8.54388 -20.2687 -27.3793 0.650402 1.2 1 0 0
1 20561 -10.8771 -22.8857 -26.2183 0.774357 1.2 1 0 0
1 20562 -12.0254 -22.1115 -26.6921 0.689394 1.2 1 0 0
1 20563 -11.5598 -19.6962 -26.3781 0.31465 1.2 1 0 0
1 20564 -9.96318 -23.312 -24.4401 1.26988 1.2 1 0 0
1 20565 -8.2315 -22.4005 -24.8202 0.703661 1.2 1 0 0
1 20566 -8.67478 -22.2509 -23.5745 0.589276 1.2 1 0 0
1 20567 -9.86466 -21.5301 -23.9622 0.577538 1.2 1 0 0
1 20568 -9.14269 -23.2163 -28.3167 0.442156 1.2 1 0 0
1 20569 -8.54936 -21.9175 -27.59 0.977513 1.2 1 0 0
1 20570 -9.68033 -22.7083 -26.8554 0.58588 1.2 1 0 0
1 20571 -10.0788 -23.9096 -27.6519 0.899094 1.2 1 0 0
1 20572 -6.85658 -25.8934 -26.2276 0.732011 1.2 1 0 0
1 20575 -8.61995 -26.5901 -27.209 0.867661 1.2 1 0 0
1 20576 -9.20652 -28.5061 -26.9864 0.882169 1.2 1 0 0
1 20577 -9.28334 -25.0262 -27.6078 0.470357 1.2 1 0 0
1 20578 -9.54012 -24.7874 -26.9617 0.261097 1.2 1 0 0
1 20579 -7.98923 -25.8934 -26.218 0.327641 1.2 1 0 0
1 20580 -8.66015 -24.4515 -24.5219 0.461049 1.2 1 0 0
1 20581 -8.05727 -23.9943 -26.332 1.5 1.2 1 0 0
1 20583 -8.27724 -24.7858 -28.0423 0.271904 1.2 1 0 0
1 20637 -9.37848 -31.4436 -28.475 -0.00919844 1.2 1 0 0
1 20644 -13.051 -32.7123 -29.4299 0.64981 1.2 1 0 0
1 20645 -11.5385 -32.05 -28.7005 0.978459 1.2 1 0 0
1 20646 -11.6366 -33.2446 -27.5816 0.481203 1.2 1 0 0
1 20647 -12.5158 -30.6866 -28.7532 0.503098 1.2 1 0 0
1 20648 -13.3875 -30.3536 -28.8738 0.403596 1.2 1 0 0
1 20649 -11.8419 -32.355 -27.1908 0.487635 1.2 1 0 0
1 20650 -11.6577 -31.2476 -26.8499 0.517563 1.2 1 0 0
1 20651 -12.3576 -30.8133 -26.966 0.314298 1.2 1 0 0
1 20652 -12.5609 -35.3972 -30.2287 0.623001 1.2 1 0 0
1 20653 -11.1735 -34.9961 -28.5573 0.479624 1.2 1 0 0
1 20654 -11.7803 -33.8547 -29.9968 0.702233 1.2 1 0 0
1 20655 -10.5787 -29.9525 -29.2636 0.198468 1.2 1 0 0
1 20656 -9.63899 -29.3279 -29.2444 -0.0229003 1.2 1 0 0
1 20657 -11.0177 -28.0226 -28.8663 0.373649 1.2 1 0 0
1 20658 -11.3739 -29.4336 -27.6862 1.5 1.2 1 0 0
1 20662 -11.7493 -37.1331 -29.5559 0.988215 1.2 1 0 0
1 20725 -8.25754 -19.2681 -24.6342 0.596517 1.2 1 0 0
1 20726 -8.48008 -20.5392 -23.4685 1.13675 1.2 1 0 0
1 20727 -9.06122 -19.8183 -24.6563 0.369304 1.2 1 0 0
1 20728 -9.48285 -18.8503 -25.3739 0.204033 1.2 1 0 0
1 20729 -9.52145 -16.9654 -25.6474 0.819005 1.2 1 0 0
1 20730 -7.31405 -18.0655 -23.2406 1.32032 1.2 1 0 0
1 20731 -8.35132 -16.7337 -23.8714 0.480894 1.2 1 0 0
1 20732 -7.87653 -18.4062 -21.8795 0.191325 1.2 1 0 0
1 20733 -9.22372 -19.5527 -27.1282 0.368335 1.2 1 0 0
1 20734 -8.45124 -18.5991 -26.2352 1.14945 1.2 1 0 0
1 20735 -7.40283 -19.4034 -27.5276 0.647912 1.2 1 0 0
1 20740 -9.27171 -15.1517 -24.8202 0.98642 1.2 1 0 0
1 20741 -7.18677 -13.9682 -23.6622 1.5 1.2 1 0 0
1 20745 -7.22908 -16.3244 -25.6168 1.5 1.2 1 0 0
1 20752 -6.01839 -18.3292 -27.2259 1.12862 1.2 1 0 0
1 20775 -7.19023 -10.546 -24.3684 0.76654 1.2 1 0 0
1 20776 -6.29538 -11.7484 -22.2364 1.05041 1.2 1 0 0
1 27616 -12.8327 -30.2678 -26.1408 0.783023 1.2 1 0 0
1 27617 -13.8055 -30.86 -26.0798 0.303321 1.2 1 0 0
1 27618 -13.2504 -27.5741 -26.0636 0.225983 1.2 1 0 0
1 27619 -13.6141 -27.5203 -24.379 0.784724 1.2 1 0 0
1 27620 -14.4535 -27.312 -27.4509 0.470089 1.2 1 0 0
1 27621 -14.0642 -28.4467 -27.9494 0.435974 1.2 1 0 0
1 27622 -14.4355 -30.0359 -27.3989 0.347948 1.2 1 0 0
1 27623 -13.7459 -29.6082 -28.1039 0.726411 1.2 1 0 0
1 27624 -17.707 -33.003 -26.1514 0.389535 1.2 1 0 0
1 27625 -17.5571 -33.7308 -24.9394 0.9553 1.2 1 0 0
1 27626 -17.6424 -35.5042 -26.7732 0.476081 1.2 1 0 0
1 27627 -18.2638 -35.1896 -27.6589 0.650623 1.2 1 0 0
1 27628 -20.6084 -34.942 -27.3811 0.341619 1.2 1 0 0
1 27629 -19.605 -34.4556 -27.3347 0.774505 1.2 1 0 0
1 27630 -19.9371 -29.7894 -25.6338 0.810945 1.2 1 0 0
1 27631 -19.6908 -30.6689 -26.4914 0.441843 1.2 1 0 0
1 27632 -16.8541 -28.1548 -26.3414 0.876262 1.2 1 0 0
1 27633 -18.3482 -28.7483 -26.1596 0.671001 1.2 1 0 0
1 27634 -17.6238 -28.5674 -25.7236 0.193469 1.2 1 0 0
1 27635 -14.3538 -34.9982 -26.8681 0.767299 1.2 1 0 0
1 27636 -14.3538 -33.7852 -27.4668 0.567921 1.2 1 0 0
1 27670 -27.7427 -33.7697 -20.9847 0.516744 1.2 1 0 0
1 27671 -27.9462 -35.051 -21.6302 0.287857 1.2 1 0 0
1 27678 -16.2716 -35.843 -29.0612 0.64872 1.2 1 0 0
1 28035 -17.842 -8.22084 -21.0627 0.650063 1.2 1 0 0
1 28036 -18.424 -7.17141 -20.7313 0.516623 1.2 1 0 0
1 28037 -21.5803 -11.4911 -20.1115 0.936818 1.2 1 0 0
1 28038 -21.998 -12.1512 -19.0711 0.353536 1.2 1 0 0
1 28041 -18.0423 -15.5809 -21.0642 1.5 1.2 1 0 0
1 28042 -17.4905 -17.3315 -21.6845 0.428605 1.2 1 0 0
1 28043 -20.1133 -14.3677 -21.3928 0.917518 1.2 1 0 0
1 28044 -20.6542 -12.7876 -20.8792 0.812901 1.2 1 0 0
1 28045 -14.5663 -13.68 -21.5701 0.259907 1.2 1 0 0
1 28046 -14.8172 -13.1698 -22.213 0.336509 1.2 1 0 0
1 28052 -26.8455 -18.5885 -18.3872 1.45577 1.2 1 0 0
1 31892 -12.9023 -25.7535 -26.2165 0.547117 1.2 1 0 0
1 31893 -13.4283 -25.2366 -26.2664 0.183955 1.2 1 0 0
1 31894 -11.6669 -24.4027 -27.5865 0.507002 1.2 1 0 0
1 31895 -12.0064 -24.9313 -27.2854 0.189654 1.2 1 0 0
1 31896 -12.96 -27.0782 -27.2414 1.05485 1.2 1 0 0
1 31897 -13.754 -25.4456 -27.0217 0.664737 1.2 1 0 0
1 31898 -11.5908 -23.2388 -27.2992 0.563455 1.2 1 0 0
1 31899 -11.0396 -22.3116 -27.3447 0.4992 1.2 1 0 0
1 31900 -8.80387 -25.9456 -25.557 0.709189 1.2 1 0 0
1 31901 -9.52278 -25.1134 -24.8202 0.614552 1.2 1 0 0
1 32358 -7.75495 -9.23936 -18.5274 1.90781 0.6 2 0 0
1 32359 -9.35044 -5.31886 -18.9708 0.392931 0.6 2 0 0
1 32364 -9.99204 -7.4449 -15.8463 2 0.6 2 0 0
1 32367 -12.589 -14.9533 -17.8763 1.83762 0.6 2 0 0
1 32406 -17.4558 -27.4203 -18.6915 2 0.6 2 0 0
1 35589 -23.5043 -39.2838 -16.5883 2 0.6 2 0 0
1 35595 -22.1148 -35.2331 -16.5461 2 0.6 2 0 0
1 35597 -23.0807 -37.2318 -19.442 1.52849 0.6 2 0 0
1 35634 -27.2415 -35.3871 -15.748 2 0.6 2 0 0
1 36880 -10.2611 -6.64356 -18.9479 1.21474 0.6 2 0 0
1 36881 -12.2039 -6.18626 -17.8279 1.07397 0.6 2 0 0
1 36882 -8.50384 -4.00506 -15.8861 1.74817 0.6 2 0 0
1 36884 -6.99272 -5.44692 -19.3676 2 0.6 2 0 0
1 36886 -8.83764 -4.57741 -22.2182 1.50505 0.6 2 0 0
1 36887 -17.9273 -0.364285 -18.0124 1.05484 0.6 2 0 0
1 36889 -16.6952 -5.5577 -17.9466 0.843435 0.6 2 0 0
1 36890 -14.9786 -0.398831 -17.1641 2 0.6 2 0 0
1 36891 -17.0745 2.36449 -16.9594 1.42509 0.6 2 0 0
1 36894 -15.6029 -5.07447 -15.3662 2 0.6 2 0 0
1 36895 -18.3885 -3.35548 -17.5618 1.94151 0.6 2 0 0
1 36896 -17.0183 -4.87942 -19.8223 1.10636 0.6 2 0 0
1 36897 -16.3948 -2.01241 -19.2154 0.969382 0.6 2 0 0
1 36902 -13.8182 3.44092 -17.0409 1.99671 0.6 2 0 0
1 36911 -9.56834 -1.06611 -18.5888 0.855991 0.6 2 0 0
1 36912 -10.9872 1.43989 -19.2638 2 0.6 2 0 0
1 36913 -11.7392 -1.11532 -17.1349 1.30611 0.6 2 0 0
1 36914 -10.597 -1.02274 -19.8088 0.552223 0.6 2 0 0
1 36915 -10.8992 -3.50122 -19.2638 2 0.6 2 0 0
1 36916 -13.3132 -4.3783 -21.1754 1.16914 0.6 2 0 0
1 36917 -12.1208 -4.27869 -16.0195 1.55278 0.6 2 0 0
1 36918 -14.3346 -4.87208 -18.6898 1.56313 0.6 2 0 0
1 36920 -11.5676 -1.76511 -21.6308 0.845359 0.6 2 0 0
1 36921 -13.2478 -1.03814 -20.1939 1.47144 0.6 2 0 0
1 36956 -13.7879 -8.62786 -16.2076 1.96803 0.6 2 0 0
1 36976 -9.90796 -12.3086 -16.8983 2 0.6 2 0 0
1 36977 -11.1014 -9.51888 -18.1207 1.27131 0.6 2 0 0
1 36978 -10.0603 -14.3738 -19.1343 1.03401 0.6 2 0 0
1 36979 -14.6639 -12.7953 -15.4524 2 0.6 2 0 0
1 36980 -14.3011 -12.9443 -18.1839 0.754578 0.6 2 0 0
1 36982 -15.1605 -10.7629 -17.4413 0.853883 0.6 2 0 0
1 37220 -19.3251 0.443467 -15.2344 2 0.6 2 0 0
1 37226 -21.4409 -4.56048 -17.5575 1.27162 0.6 2 0 0
1 37289 -26.4265 -27.737 -16.5304 1.25081 0.6 2 0 0
1 37297 -28.9431 -31.8389 -15.6407 1.78057 0.6 2 0 0
1 37322 -23.6205 -22.9656 -16.8952 1.38753 0.6 2 0 0
1 37328 -16.2712 -14.6224 -17.6682 1.14216 0.6 2 0 0
1 37334 -15.1307 -17.6524 -16.5471 2 0.6 2 0 0
1 37335 -12.752 -20.0506 -18.9169 2 0.6 2 0 0
1 37337 -13.7646 -17.2567 -19.1664 0.980537 0.6 2 0 0
1 37338 -18.3833 -14.3011 -15.3569 2 0.6 2 0 0
1 37363 -17.3174 -21.4799 -16.9533 2 0.6 2 0 0
1 37364 -14.7088 -21.7882 -17.9376 0.794179 0.6 2 0 0
1 37365 -18.8683 -17.454 -17.2331 1.62644 0.6 2 0 0
1 37367 -21.2843 -20.08 -16.6163 1.99476 0.6 2 0 0
1 37371 -17.7441 -17.8658 -18.9857 0.493384 0.6 2 0 0
1 37372 -16.7895 -19.121 -18.9772 1.08364 0.6 2 0 0
1 37373 -16.4315 -25.0412 -16.1343 1.63984 0.6 2 0 0
1 37376 -20.664 -24.1242 -17.851 1.8672 0.6 2 0 0
1 37382 -15.9864 -23.6237 -17.9398 0.697032 0.6 2 0 0
1 37383 -17.6597 -23.9833 -19.3972 1.51463 0.6 2 0 0
1 37384 -19.1577 -21.8815 -19.177 0.914299 0.6 2 0 0
1 37385 -14.233 -23.7132 -19.7595 1.83159 0.6 2 0 0
1 37390 -24.9404 -33.1957 -18.0018 1.76365 0.6 2 0 0
1 37392 -22.4054 -30.4793 -17.2605 2 0.6 2 0 0
1 37393 -20.9379 -34.7751 -20.0413 1.6731 0.6 2 0 0
1 37394 -23.3109 -34.8734 -19.2594 0.827315 0.6 2 0 0
1 37395 -18.9318 -31.7852 -19.3146 2 0.6 2 0 0
1 37409 -16.921 -27.6096 -21.3655 0.731367 0.6 2 0 0
1 37410 -17.674 -29.7439 -19.2632 0.39831 0.6 2 0 0
1 37411 -17.8354 -29.8148 -18.3851 0.438959 0.6 2 0 0
1 37412 -23.294 -26.4342 -16.1117 2 0.6 2 0 0
1 37413 -20.9929 -27.4599 -18.6356 1.53777 0.6 2 0 0
1 37414 -22.5513 -25.814 -18.6617 0.727378 0.6 2 0 0
1 38134 -7.93996 20.9027 -17.1095 1.1127 0.6 2 0 0
1 38135 -7.33476 24.0597 -16.4325 1.85542 0.6 2 0 0
1 38136 -5.06228 20.2713 -17.8968 1.93683 0.6 2 0 0
1 38376 -7.96257 17.8002 -16.0875 2 0.6 2 0 0
1 38590 -5.74127 14.0977 -17.0063 2 0.6 2 0 0
1 38591 -6.73717 16.4347 -18.6206 1.00989 0.6 2 0 0
1 38633 -5.87863 3.70184 -19.2638 2 0.6 2 0 0
1 38658 -7.76138 1.17092 -19.7556 1.19253 0.6 2 0 0
1 38659 -8.05115 2.45315 -21.616 1.08543 0.6 2 0 0
1 38660 -8.81353 -1.12269 -21.2051 1.71163 0.6 2 0 0
1 38662 -7.56391 -0.452948 -16.6358 2 0.6 2 0 0
1 38663 -5.13411 -1.57562 -20.1698 2 0.6 2 0 0
1 38666 -6.56403 -0.271894 -22.5739 1.0021 0.6 2 0 0
1 38720 -4.38328 7.56635 -17.3177 2 0.6 2 0 0
1 38725 -8.51416 3.18539 -16.5404 1.75796 0.6 2 0 0
1 38726 -9.62052 3.5122 -18.5417 0.552028 0.6 2 0 0
1 38728 -13.6214 8.63794 -15.2064 2 0.6 2 0 0
1 38732 -11.0513 5.51345 -15.0353 2 0.6 2 0 0
1 38733 -12.271 6.39666 -18.2383 1.53901 0.6 2 0 0
1 38747 -6.22317 10.1119 -19.9238 1.05184 0.6 2 0 0
1 38750 -9.76277 11.7918 -16.3422 2 0.6 2 0 0
1 38751 -9.27627 14.9864 -17.295 1.3061 0.6 2 0 0
1 38752 -8.76238 11.534 -19.062 0.860891 0.6 2 0 0
1 38753 -7.03745 11.0459 -18.0411 1.20209 0.6 2 0 0
1 38754 -9.0378 7.83571 -18.234 2 0.6 2 0 0
1 38755 -9.11728 4.84128 -20.0949 1.52644 0.6 2 0 0
1 38756 -7.52945 8.29618 -20.3879 0.649438 0.6 2 0 0
1 38757 -5.9115 7.09964 -20.28 1.36579 0.6 2 0 0
1 40556 -7.83742 -18.0159 -16.2171 1.57452 0.6 2 0 0
1 40559 -8.81732 -20.8425 -18.2102 2 0.6 2 0 0
1 40561 -10.5168 -23.4535 -18.3186 1.11729 0.6 2 0 0
1 40565 -8.31548 -24.9605 -17.1164 1.80887 0.6 2 0 0
1 40566 -10.624 -24.7539 -22.7797 0.543258 0.6 2 0 0
1 40567 -10.624 -22.2773 -20.7548 1.43443 0.6 2 0 0
1 40568 -12.2339 -23.6542 -21.5479 0.827669 0.6 2 0 0
1 40569 -7.11662 -22.2155 -21.2594 1.71917 0.6 2 0 0
1 40574 -5.50438 -27.3636 -18.5004 2 0.6 2 0 0
1 40576 -7.60421 -25.5122 -19.7824 0.998882 0.6 2 0 0
1 40584 -6.37675 -25.637 -22.5157 2 0.6 2 0 0
1 40591 -7.57686 -15.7063 -19.2638 1.78728 0.6 2 0 0
1 40618 -6.37412 -14.9936 -16.3642 1.4307 0.6 2 0 0
1 40695 -5.53182 -30.1454 -20.645 1.449 0.6 2 0 0
1 40698 -4.44643 -32.7839 -17.7797 1.91249 0.6 2 0 0
1 40699 -10.6575 -31.7308 -17.0457 1.32232 0.6 2 0 0
1 40700 -10.2833 -32.248 -20.3045 0.414892 0.6 2 0 0
1 40701 -8.71183 -30.2554 -19.3142 2 0.6 2 0 0
1 40702 -8.46332 -27.1631 -18.7998 0.96728 0.6 2 0 0
1 40703 -7.14632 -34.3661 -15.7786 1.72009 0.6 2 0 0
1 40704 -6.93993 -30.6841 -16.1823 1.61387 0.6 2 0 0
1 40705 -7.30218 -33.8506 -19.858 1.46347 0.6 2 0 0
1 40707 -13.081 -30.01 -19.2638 2 0.6 2 0 0
1 40709 -11.6609 -33.3264 -19.2638 1.58841 0.6 2 0 0
1 40710 -15.731 -35.0008 -19.2638 2 0.6 2 0 0
1 40711 -18.0477 -34.1157 -19.0517 0.488896 0.6 2 0 0
1 40712 -16.1501 -30.5961 -17.2301 1.67383 0.6 2 0 0
1 40716 -16.8334 -32.5904 -21.6884 1.269 0.6 2 0 0
1 40717 -16.4281 -29.8306 -21.2862 1.53639 0.6 2 0 0
1 40718 -14.4003 -34.2127 -23.2301 2 0.6 2 0 0
1 40719 -14.4991 -31.6536 -21.4773 1.10032 0.6 2 0 0
1 40724 -14.1208 -28.1739 -16.153 1.6066 0.6 2 0 0
1 40728 -12.6844 -24.5769 -16.3629 2 0.6 2 0 0
1 40729 -10.619 -27.57 -17.4652 1.48533 0.6 2 0 0
1 40731 -8.0841 -27.5913 -20.8002 1.11086 0.6 2 0 0
1 40732 -7.8804 -29.2788 -24.3501 2 0.6 2 0 0
1 40733 -9.39646 -26.5857 -23.318 1.23098 0.6 2 0 0
1 40734 -13.7383 -29.295 -22.2689 0.887451 0.6 2 0 0
1 40735 -14.5466 -27.1536 -21.0848 1.68842 0.6 2 0 0
1 40736 -12.9753 -27.2698 -22.8505 0.674545 0.6 2 0 0
1 40737 -10.6214 -25.7609 -20.4443 2 0.6 2 0 0
1 40738 -13.1264 -26.877 -18.5796 1.20448 0.6 2 0 0
1 40739 -12.5642 -25.7883 -22.3606 0.729065 0.6 2 0 0
1 40740 -10.624 -32.5503 -22.676 2 0.6 2 0 0
1 40741 -13.4197 -31.0499 -23.5312 1.2861 0.6 2 0 0
1 40742 -11.1641 -28.8644 -22.4744 1.73067 0.6 2 0 0
1 40743 -9.92143 -30.3365 -23.5179 0.444837 0.6 2 0 0
1 40746 -17.1578 -39.3513 -15.9245 2 0.6 2 0 0
1 40774 -18.7474 -35.4244 -18.1749 1.23478 0.6 2 0 0
1 40775 -18.3733 -34.484 -20.3729 0.911916 0.6 2 0 0
1 40781 -18.426 -35.145 -22.2853 1.0465 0.6 2 0 0
1 40782 -19.9001 -36.166 -21.8133 0.80716 0.6 2 0 0
1 40832 -13.1469 -37.2835 -15.8195 2 0.6 2 0 0
1 40834 -6.52614 -35.7386 -17.9673 0.936651 0.6 2 0 0
1 40838 -9.52561 -36.0324 -18.1369 2 0.6 2 0 0
1 40844 -5.55751 -38.1857 -16.5745 1.40756 0.6 2 0 0
1 40847 -11.7585 -37.6913 -23.7527 2 0.6 2 0 0
1 40851 -15.6965 -37.6612 -22.75 1.70329 0.6 2 0 0
1 40852 -16.9805 -35.377 -23.5312 0.806821 0.6 2 0 0
1 40853 -11.7937 -35.0934 -22.5124 0.803994 0.6 2 0 0
1 40855 -12.4578 -36.277 -20.4263 1.68157 0.6 2 0 0
1 40856 -12.7697 -35.8702 -22.4827 0.437789 0.6 2 0 0
1 40876 -11.813 -34.7998 -25.6788 1.44143 0.6 2 0 0
1 40878 -9.26628 -34.1725 -24.6507 0.199601 0.6 2 0 0
1 40880 -10.1394 -34.962 -20.9392 1.0048 0.6 2 0 0
1 40881 -8.67363 -36.4681 -21.6964 0.84892 0.6 2 0 0
1 42830 -20.4089 -36.2496 -18.2691 0.622808 0.6 2 0 0
1 42831 -25.7415 -36.1216 -18.5966 1.30208 0.6 2 0 0
1 43231 -9.81199 -19.5949 -20.273 0.607868 0.6 2 0 0
1 43232 -10.1564 -17.7398 -19.2638 1.49242 0.6 2 0 0
1 43243 -13.1563 -34.9209 -18.5838 0.664145 0.6 2 0 0
1 43244 -12.2006 -34.8344 -17.2415 0.985911 0.6 2 0 0
1 43250 -19.6278 -38.2054 -19.8506 2 0.6 2 0 0
1 43264 -8.73077 -35.4281 -20.432 0.502842 0.6 2 0 0
1 43525 -9.49687 -12.5079 -21.4048 1.22665 1.2 3 0 0
1 43526 -11.078 -11.5356 -20.4681 0.851578 1.2 3 0 0
1 43527 -11.618 -9.24644 -20.1036 0.728249 1.2 3 0 0
1 43528 -23.0326 -13.27 -18.2106 0.691355 1.2 3 0 0
1 43529 -10.693 -14.9298 -22.7399 1.5 1.2 3 0 0
1 43530 -10.9802 -14.4581 -24.6002 0.43802 1.2 3 0 0
1 43531 -12.778 -15.8339 -23.9576 0.969156 1.2 3 0 0
1 43532 -13.2344 -12.5244 -21.5244 1.5 1.2 3 0 0
1 43533 -10.682 -16.1921 -24.8201 0.766092 1.2 3 0 0
1 43534 -32.8011 -27.1048 -17.8669 0.909291 1.2 3 0 0
1 43537 -34.0367 -31.4488 -16.2043 1.5 1.2 3 0 0
1 43540 -29.1002 -26.611 -17.4551 1.10634 1.2 3 0 0
1 43541 -29.2336 -32.1651 -18.6954 0.791185 1.2 3 0 0
1 43542 -28.7626 -29.1742 -19.3331 1.5 1.2 3 0 0
1 43543 -27.6239 -31.7565 -20.9803 1.5 1.2 3 0 0
1 43544 -27.2996 -30.696 -19.1122 0.622509 1.2 3 0 0
1 43550 -26.2747 -16.1483 -17.4159 0.958933 1.2 3 0 0
1 43551 -28.6457 -16.812 -18.7963 0.808099 1.2 3 0 0
1 43553 -14.6568 -20.5164 -25.0388 0.884355 1.2 3 0 0
1 43554 -15.4862 -21.5747 -23.0608 1.5 1.2 3 0 0
1 43555 -15.9952 -19.1996 -23.9612 1.08123 1.2 3 0 0
1 43556 -21.1483 -26.4175 -22.7328 1.5 1.2 3 0 0
1 43557 -22.3842 -24.972 -22.5253 0.396967 1.2 3 0 0
1 43558 -19.9746 -19.0429 -21.6981 0.306511 1.2 3 0 0
1 43559 -18.9428 -17.7738 -20.2427 1.00891 1.2 3 0 0
1 43560 -24.574 -20.2213 -19.8515 1.5 1.2 3 0 0
1 43561 -23.5691 -19.1357 -21.6602 0.80084 1.2 3 0 0
1 43562 -21.7694 -23.2164 -22.1234 1.5 1.2 3 0 0
1 43563 -18.3901 -23.3986 -23.2491 1.5 1.2 3 0 0
1 43564 -17.7983 -22.3412 -24.9791 0.612116 1.2 3 0 0
1 43571 -9.28199 -30.0946 -27.4693 0.498797 1.2 3 0 0
1 43572 -10.016 -28.1839 -28.4669 0.43739 1.2 3 0 0
1 48014 -31.7149 -37.3564 -18.6533 1.5 1.2 3 0 0
1 48024 -32.5725 -35.6202 -19.8409 0.693732 1.2 3 0 0
1 48025 -33.6941 -36.0348 -18.7379 0.841506 1.2 3 0 0
1 48042 -30.1529 -34.1226 -20.4987 0.694337 1.2 3 0 0
1 48043 -31.2294 -35.1259 -20.7681 0.795927 1.2 3 0 0
1 48044 -30.7784 -35.8154 -21.666 0.422683 1.2 3 0 0
1 48045 -27.9359 -35.8607 -19.3783 0.299941 1.2 3 0 0
1 48046 -29.1116 -36.0623 -20.7271 1.5 1.2 3 0 0
1 48047 -30.0863 -35.7122 -18.6578 0.813992 1.2 3 0 0
1 48177 -12.584 -31.3926 -26.246 0.366184 1.2 3 0 0
1 48178 -14.1011 -30.4086 -26.5519 0.278034 1.2 3 0 0
1 48179 -13.7728 -31.7835 -27.6304 1.5 1.2 3 0 0
1 48180 -14.5276 -28.7348 -26.0899 1.5 1.2 3 0 0
1 48181 -15.2177 -26.6827 -26.7387 0.748846 1.2 3 0 0
1 48182 -15.6389 -31.2088 -25.7295 1.22505 1.2 3 0 0
1 48183 -15.2602 -29.8989 -24.4755 0.620897 1.2 3 0 0
1 48184 -13.9801 -30.5455 -25.3197 0.537617 1.2 3 0 0
1 48185 -14.3307 -31.2034 -25.0713 0.239161 1.2 3 0 0
1 48186 -16.4358 -30.8139 -26.8861 0.232197 1.2 3 0 0
1 48187 -15.5642 -30.2701 -27.6169 0.822128 1.2 3 0 0
1 48188 -15.2512 -31.0235 -28.5148 0.371878 1.2 3 0 0
1 48190 -16.6849 -34.9225 -25.25 0.547536 1.2 3 0 0
1 48191 -17.374 -35.2003 -24.7059 0.373338 1.2 3 0 0
1 48192 -19.7013 -33.6621 -26.1274 0.645716 1.2 3 0 0
1 48193 -20.5862 -32.2934 -25.9867 0.98991 1.2 3 0 0
1 48194 -18.6053 -33.0398 -27.2348 0.921478 1.2 3 0 0
1 48195 -16.7258 -32.4311 -24.5526 0.548176 1.2 3 0 0
1 48196 -19.4251 -32.5156 -23.3887 0.923055 1.2 3 0 0
1 48197 -17.546 -32.6631 -24.0411 0.440074 1.2 3 0 0
1 48198 -19.0991 -35.6023 -25.4366 1.5 1.2 3 0 0
1 48199 -19.5661 -36.0535 -27.6322 0.789536 1.2 3 0 0
1 48200 -16.7568 -29.7563 -25.0751 0.721208 1.2 3 0 0
1 48201 -16.846 -30.6056 -23.9537 0.686651 1.2 3 0 0
1 48202 -17.9496 -27.7035 -24.2816 1.5 1.2 3 0 0
1 48203 -15.4455 -27.7225 -23.9433 1.01064 1.2 3 0 0
1 48204 -19.2959 -28.0728 -25.7269 0.509364 1.2 3 0 0
1 48205 -19.9408 -28.4195 -25.0003 0.504903 1.2 3 0 0
1 48206 -20.8714 -29.4181 -23.5319 1.5 1.2 3 0 0
1 48207 -20.0894 -30.693 -22.1339 0.547207 1.2 3 0 0
1 48208 -17.7784 -28.5637 -22.5536 0.437324 1.2 3 0 0
1 48209 -18.2687 -29.8848 -23.2213 0.910754 1.2 3 0 0
1 48210 -18.348 -31.4362 -25.3121 1.5 1.2 3 0 0
1 48211 -18.7415 -29.8317 -26.4839 0.525423 1.2 3 0 0
1 48212 -17.1228 -29.9079 -26.7356 0.914737 1.2 3 0 0
1 48213 -12.2134 -35.3503 -27.4973 0.223178 1.2 3 0 0
1 48214 -13.5245 -34.1169 -26.7785 0.446135 1.2 3 0 0
1 48215 -12.8198 -34.2835 -28.3481 1.27003 1.2 3 0 0
1 48216 -16.4117 -36.129 -25.9925 0.895297 1.2 3 0 0
1 48217 -16.3857 -33.9955 -27.0809 1.5 1.2 3 0 0
1 48218 -17.3064 -35.2554 -28.5622 0.641675 1.2 3 0 0
1 48219 -15.2541 -35.4243 -27.3813 0.347227 1.2 3 0 0
1 48220 -13.976 -33.49 -26.3685 0.426464 1.2 3 0 0
1 48221 -14.8329 -32.8921 -26.051 0.665553 1.2 3 0 0
1 48222 -16.0544 -32.9418 -25.3092 0.584967 1.2 3 0 0
1 48223 -14.1507 -34.7831 -29.61 0.630848 1.2 3 0 0
1 48224 -14.7275 -33.5205 -28.9172 0.860419 1.2 3 0 0
1 48225 -16.0322 -33.253 -28.8393 0.441133 1.2 3 0 0
1 48271 -20.0664 -36.5918 -23.604 0.775234 1.2 3 0 0
1 48272 -20.6144 -35.8869 -24.4817 0.30752 1.2 3 0 0
1 48273 -19.3219 -35.5715 -23.5251 0.409218 1.2 3 0 0
1 48274 -22.1311 -36.8685 -24.5382 1.5 1.2 3 0 0
1 48275 -23.8206 -34.8485 -24.5432 1.00193 1.2 3 0 0
1 48277 -22.7432 -35.4935 -25.9983 0.359487 1.2 3 0 0
1 48278 -21.5334 -36.4505 -22.5569 0.611318 1.2 3 0 0
1 48279 -20.6302 -34.7482 -23.466 1.13766 1.2 3 0 0
1 48280 -21.8373 -35.1949 -22.1431 0.499975 1.2 3 0 0
1 48281 -22.3962 -34.695 -23.6604 0.639827 1.2 3 0 0
1 48283 -21.5285 -34.3258 -25.726 1.22062 1.2 3 0 0
1 48285 -21.0098 -35.9576 -26.9485 0.8107 1.2 3 0 0
1 48286 -25.3086 -34.1482 -22.5416 1.5 1.2 3 0 0
1 48287 -25.6961 -32.9285 -20.5065 0.805265 1.2 3 0 0
1 48288 -26.8202 -33.5471 -21.3533 0.497797 1.2 3 0 0
1 48289 -25.8723 -32.2411 -21.9688 0.566859 1.2 3 0 0
1 48290 -28.6666 -34.1078 -22.0684 0.90979 1.2 3 0 0
1 48291 -29.7467 -32.8109 -21.4018 0.898143 1.2 3 0 0
1 48292 -29.2318 -33.9012 -20.9585 0.352777 1.2 3 0 0
1 48293 -30.1604 -34.3886 -21.7703 0.598378 1.2 3 0 0
1 48294 -26.7925 -35.0318 -20.6337 1.02869 1.2 3 0 0
1 48295 -28.6421 -33.7751 -19.6782 1.05963 1.2 3 0 0
1 48296 -27.8496 -35.0833 -19.5644 0.469851 1.2 3 0 0
1 48297 -27.5135 -35.6444 -22.9192 1.19128 1.2 3 0 0
1 48298 -27.4041 -33.2351 -22.8989 0.813607 1.2 3 0 0
1 48299 -26.9572 -31.0301 -23.4028 0.331006 1.2 3 0 0
1 48300 -23.3104 -35.8806 -22.1962 1.12572 1.2 3 0 0
1 48302 -24.3353 -35.2076 -21.0604 0.54559 1.2 3 0 0
1 48303 -24.6434 -35.818 -20.6848 0.234579 1.2 3 0 0
1 48304 -25.511 -36.8097 -21.5578 1.34471 1.2 3 0 0
1 48305 -26.446 -35.4869 -21.8467 0.300749 1.2 3 0 0
1 48310 -25.2569 -37.0148 -24.17 1.1641 1.2 3 0 0
1 48311 -24.3714 -35.762 -23.4081 0.479373 1.2 3 0 0
1 48312 -25.791 -35.0942 -24.4121 0.650931 1.2 3 0 0
1 48313 -22.3024 -30.5905 -22.7412 0.511494 1.2 3 0 0
1 48314 -20.9945 -29.9761 -21.5342 0.565732 1.2 3 0 0
1 48315 -21.5072 -31.198 -21.86 0.798473 1.2 3 0 0
1 48316 -22.3203 -30.4629 -21.1267 0.519855 1.2 3 0 0
1 48317 -25.9217 -31.9045 -23.4389 0.942072 1.2 3 0 0
1 48318 -24.2559 -32.6808 -24.2117 0.95982 1.2 3 0 0
1 48319 -25.5804 -33.3305 -24.3795 0.52497 1.2 3 0 0
1 48320 -24.1107 -31.0916 -22.0165 1.5 1.2 3 0 0
1 48321 -24.2297 -33.0345 -20.9481 0.719488 1.2 3 0 0
1 48322 -23.1639 -33.1832 -21.9666 0.755202 1.2 3 0 0
1 48323 -21.8869 -33.9212 -22.1783 0.734808 1.2 3 0 0
1 48324 -21.8299 -32.3835 -23.8025 1.5 1.2 3 0 0
1 48325 -21.9509 -30.5718 -25.0641 0.700916 1.2 3 0 0
1 48326 -23.0276 -33.1745 -25.2763 0.546234 1.2 3 0 0
1 48328 -12.28 -36.1053 -28.0342 0.655797 1.2 3 0 0
1 48330 -14.3355 -36.6012 -28.4714 1.5 1.2 3 0 0
1 48332 -12.7013 -35.7854 -29.2161 0.461195 1.2 3 0 0
1 48350 -15.9382 -36.0498 -27.3483 0.533249 1.2 3 0 0
1 48361 -17.6019 -37.2316 -27.7915 1.5 1.2 3 0 0
1 50332 -7.27131 -8.97758 -21.3315 0.563354 1.2 3 0 0
1 50333 -8.87933 -9.43381 -20.706 0.515098 1.2 3 0 0
1 50335 -7.73228 -11.8426 -21.2996 0.662123 1.2 3 0 0
1 50336 -8.47342 -10.2158 -22.5183 1.5 1.2 3 0 0
1 50337 -9.34275 -12.4165 -23.771 1.10368 1.2 3 0 0
1 50338 -8.86462 -11.0393 -24.3074 0.449684 1.2 3 0 0
1 50339 -7.5845 -11.8074 -23.7301 0.688996 1.2 3 0 0
1 50340 -13.0182 -7.16306 -22.4042 0.7552 1.2 3 0 0
1 50341 -12.0146 -6.94034 -22.9898 0.427868 1.2 3 0 0
1 50342 -13.8011 -8.86125 -21.1022 1.5 1.2 3 0 0
1 50343 -15.2064 -7.0625 -21.4407 0.658034 1.2 3 0 0
1 50344 -12.2934 -7.95351 -19.9102 0.620117 1.2 3 0 0
1 50345 -13.2439 -6.85288 -20.4252 0.679747 1.2 3 0 0
1 50346 -14.7789 -7.19132 -19.6109 0.922956 1.2 3 0 0
1 50347 -12.0754 -9.21455 -21.7553 0.375736 1.2 3 0 0
1 50348 -12.4923 -8.78517 -22.8488 0.683838 1.2 3 0 0
1 50349 -14.5195 -9.77219 -22.669 0.449551 1.2 3 0 0
1 50350 -12.5831 -10.6821 -20.0941 0.911488 1.2 3 0 0
1 50351 -12.1504 -12.2252 -19.9315 0.449796 1.2 3 0 0
1 50352 -12.4249 -11.6269 -19.466 0.229936 1.2 3 0 0
1 50353 -11.2034 -12.5073 -21.9883 0.576923 1.2 3 0 0
1 50354 -11.3228 -10.6115 -22.4734 1.366 1.2 3 0 0
1 50355 -13.4564 -10.5658 -22.6105 0.750581 1.2 3 0 0
1 50356 -6.93176 -7.67062 -22.8679 1.48212 1.2 3 0 0
1 50357 -7.8404 -7.28178 -21.3446 0.333706 1.2 3 0 0
1 50358 -10.8831 -7.76916 -21.6011 1.5 1.2 3 0 0
1 50359 -10.6441 -8.90152 -23.3903 0.630854 1.2 3 0 0
1 50360 -10.2077 -6.97759 -23.3733 0.555063 1.2 3 0 0
1 50361 -8.9103 -6.94055 -22.2169 0.72501 1.2 3 0 0
1 50362 -8.46797 -8.26259 -21.2748 0.802383 1.2 3 0 0
1 50363 -9.26612 -8.10503 -23.3647 0.908346 1.2 3 0 0
1 50364 -8.12479 -8.88566 -24.0983 0.588246 1.2 3 0 0
1 50365 -8.65038 -6.90814 -23.8307 0.507009 1.2 3 0 0
1 50366 -17.0705 -7.31365 -19.4696 1.33897 1.2 3 0 0
1 50367 -17.6956 -6.58307 -20.7553 0.26649 1.2 3 0 0
1 50368 -16.4086 -6.84519 -21.2064 0.510729 1.2 3 0 0
1 50369 -19.9966 -6.78018 -19.6415 0.527189 1.2 3 0 0
1 50370 -20.0089 -6.27799 -19.0719 0.231782 1.2 3 0 0
1 50371 -18.3981 -6.31055 -18.7608 0.40275 1.2 3 0 0
1 50372 -17.5293 -8.77457 -18.543 0.421991 1.2 3 0 0
1 50373 -17.8746 -8.51537 -20.2183 0.243643 1.2 3 0 0
1 50374 -19.2571 -8.37652 -19.9712 1.12027 1.2 3 0 0
1 50375 -18.705 -9.58631 -21.1292 0.471671 1.2 3 0 0
1 50376 -21.0831 -12.2767 -17.6776 1.31818 1.2 3 0 0
1 50377 -23.5152 -11.1584 -18.6681 1.5 1.2 3 0 0
1 50379 -22.9439 -14.7836 -17.3296 1.05875 1.2 3 0 0
1 50382 -24.2989 -14.09 -19.9198 1.21943 1.2 3 0 0
1 50383 -22.9114 -12.674 -20.2755 0.767653 1.2 3 0 0
1 50384 -23.1341 -14.8584 -20.0662 0.183605 1.2 3 0 0
1 50389 -24.2229 -9.0229 -18.4342 0.733561 1.2 3 0 0
1 50390 -22.9529 -9.05909 -18.9444 0.611638 1.2 3 0 0
1 50395 -21.6127 -6.74641 -18.7162 0.58398 1.2 3 0 0
1 50396 -23.0462 -7.52544 -17.8768 1.25084 1.2 3 0 0
1 50397 -19.5661 -7.16265 -17.9707 1.24003 1.2 3 0 0
1 50398 -19.3568 -8.67769 -18.4929 0.369088 1.2 3 0 0
1 50400 -18.5064 -9.5047 -17.8919 0.960674 1.2 3 0 0
1 50401 -20.9497 -7.68462 -19.466 0.745698 1.2 3 0 0
1 50402 -21.0035 -9.49144 -18.1334 1.5 1.2 3 0 0
1 50403 -22.3447 -9.75321 -19.7196 0.593612 1.2 3 0 0
1 50404 -19.3387 -11.0472 -17.6203 0.812968 1.2 3 0 0
1 50406 -20.34 -11.1864 -18.9205 0.483068 1.2 3 0 0
1 50407 -19.79 -10.5562 -20.2493 1.07783 1.2 3 0 0
1 50408 -14.5522 -11.0093 -19.7245 1.11517 1.2 3 0 0
1 50409 -15.7038 -9.49151 -20.9646 0.445651 1.2 3 0 0
1 50410 -17.2436 -10.1122 -19.9146 1.5 1.2 3 0 0
1 50411 -16.2448 -8.26951 -21.3923 0.934975 1.2 3 0 0
1 50412 -17.8395 -9.25478 -21.5105 0.400418 1.2 3 0 0
1 50413 -16.2084 -8.59774 -20.1466 0.349084 1.2 3 0 0
1 50414 -15.2602 -9.00139 -19.087 0.881747 1.2 3 0 0
1 50415 -15.4314 -10.8084 -21.7766 1.12522 1.2 3 0 0
1 50416 -16.6738 -9.68719 -21.8736 0.546765 1.2 3 0 0
1 50417 -16.8955 -11.5143 -22.0554 0.500744 1.2 3 0 0
1 50418 -17.2303 -15.961 -19.443 0.350594 1.2 3 0 0
1 50419 -17.9373 -16.5692 -19.466 0.380808 1.2 3 0 0
1 50420 -19.3523 -16.5434 -19.2517 0.607738 1.2 3 0 0
1 50421 -20.1252 -13.737 -20.3209 0.32348 1.2 3 0 0
1 50422 -20.6468 -13.3981 -21.7102 0.216973 1.2 3 0 0
1 50423 -21.6289 -14.3688 -19.4851 1.5 1.2 3 0 0
1 50424 -19.2567 -15.1016 -19.0799 0.847111 1.2 3 0 0
1 50425 -17.3758 -14.2925 -19.4661 0.619089 1.2 3 0 0
1 50426 -19.0199 -13.9899 -20.7745 0.346187 1.2 3 0 0
1 50427 -19.3344 -14.4696 -20.4464 0.312406 1.2 3 0 0
1 50428 -19.854 -14.5019 -20.0252 0.357234 1.2 3 0 0
1 50429 -18.5407 -13.3917 -21.6622 0.821245 1.2 3 0 0
1 50431 -15.2602 -12.4698 -19.2232 0.570023 1.2 3 0 0
1 50432 -18.8831 -12.8024 -19.3676 1.5 1.2 3 0 0
1 50433 -17.553 -11.714 -19.3727 0.218654 1.2 3 0 0
1 50434 -16.8939 -13.4263 -18.9275 0.508729 1.2 3 0 0
1 50435 -16.7123 -12.1427 -18.9946 0.78849 1.2 3 0 0
1 50436 -17.3978 -11.9762 -20.212 0.393716 1.2 3 0 0
1 50437 -18.0168 -11.8149 -21.338 0.850148 1.2 3 0 0
1 50438 -14.2002 -14.167 -21.0839 0.453696 1.2 3 0 0
1 50439 -16.1477 -13.1939 -20.9473 1.5 1.2 3 0 0
1 50440 -15.0913 -12.5079 -22.7482 0.557803 1.2 3 0 0
1 50441 -15.9382 -15.3402 -21.8289 0.751632 1.2 3 0 0
1 50442 -16.352 -17.4744 -20.8321 1.00083 1.2 3 0 0
1 50443 -17.0177 -16.7774 -23.0575 0.994459 1.2 3 0 0
1 50444 -14.8532 -15.1535 -20.416 0.904922 1.2 3 0 0
1 50445 -14.2261 -13.7377 -19.9542 0.710974 1.2 3 0 0
1 50446 -15.2293 -14.1784 -19.5428 0.445588 1.2 3 0 0
1 50447 -16.3364 -15.0371 -19.7631 0.6935 1.2 3 0 0
1 50448 -17.4669 -13.499 -22.38 0.471245 1.2 3 0 0
1 50449 -17.5216 -14.0143 -21.7962 0.305945 1.2 3 0 0
1 50450 -16.9137 -14.5469 -22.6452 0.700549 1.2 3 0 0
1 50451 -8.92937 -14.0982 -22.7994 0.448811 1.2 3 0 0
1 50452 -8.3171 -15.953 -22.5823 1.02654 1.2 3 0 0
1 50453 -8.86391 -14.8375 -23.324 0.41909 1.2 3 0 0
1 50454 -8.69697 -14.4216 -21.5582 0.853219 1.2 3 0 0
1 50455 -9.74004 -13.9592 -21.6186 0.26034 1.2 3 0 0
1 50456 -10.0429 -15.159 -20.8801 0.483362 1.2 3 0 0
1 50457 -14.5753 -14.4655 -22.5929 1.02978 1.2 3 0 0
1 50458 -15.2176 -15.4864 -23.6487 0.522883 1.2 3 0 0
1 50459 -14.5326 -16.9923 -22.4787 1.5 1.2 3 0 0
1 50460 -13.8124 -18.5685 -21.2201 0.636514 1.2 3 0 0
1 50461 -14.8337 -16.6416 -20.4531 0.577683 1.2 3 0 0
1 50462 -13.5707 -17.2154 -24.5122 0.685431 1.2 3 0 0
1 50463 -15.9134 -17.4431 -23.996 0.600347 1.2 3 0 0
1 50464 -14.7448 -18.0325 -24.4444 0.67196 1.2 3 0 0
1 50465 -11.3008 -13.0214 -20.6603 0.658989 1.2 3 0 0
1 50466 -11.2471 -14.3766 -20.6845 0.697579 1.2 3 0 0
1 50467 -12.9381 -15.2472 -21.2245 1.17599 1.2 3 0 0
1 50468 -12.44 -13.8959 -20.2011 0.564708 1.2 3 0 0
1 50469 -12.3051 -14.0896 -22.1379 0.415028 1.2 3 0 0
1 50470 -12.8067 -13.9592 -23.369 0.875685 1.2 3 0 0
1 50471 -10.0668 -18.3359 -23.858 1.5 1.2 3 0 0
1 50472 -9.59368 -16.426 -24.148 0.488917 1.2 3 0 0
1 50473 -9.906 -17.0798 -21.8724 0.855062 1.2 3 0 0
1 50474 -10.3267 -19.0094 -21.8912 0.595034 1.2 3 0 0
1 50475 -11.9511 -17.6588 -21.8837 1.23173 1.2 3 0 0
1 50476 -8.86689 -18.4452 -22.095 0.635391 1.2 3 0 0
1 50477 -11.9365 -17.2457 -24.8203 0.86865 1.2 3 0 0
1 50478 -11.5145 -18.9241 -25.5604 0.810857 1.2 3 0 0
1 50496 -31.31 -22.5525 -18.0975 1.0712 1.2 3 0 0
1 50497 -29.1748 -23.2429 -17.0156 1.41806 1.2 3 0 0
1 50500 -27.6202 -24.7729 -17.5235 0.808755 1.2 3 0 0
1 50501 -26.2414 -23.8162 -18.5785 1.17174 1.2 3 0 0
1 50503 -31.2515 -25.174 -19.045 0.646983 1.2 3 0 0
1 50504 -31.3503 -25.2599 -16.8761 1.5 1.2 3 0 0
1 50507 -27.3998 -23.8395 -21.0557 1.05078 1.2 3 0 0
1 50508 -30.4815 -22.5779 -19.466 0.463427 1.2 3 0 0
1 50509 -29.8813 -24.0628 -19.3463 1.14268 1.2 3 0 0
1 50510 -28.124 -23.7895 -18.7974 0.718519 1.2 3 0 0
1 50511 -27.5748 -21.506 -18.7298 1.5 1.2 3 0 0
1 50512 -25.6625 -20.4963 -17.7276 0.883078 1.2 3 0 0
1 50514 -29.9756 -21.3574 -18.9997 0.918315 1.2 3 0 0
1 50515 -28.5374 -19.884 -19.3686 0.480385 1.2 3 0 0
1 50516 -29.6237 -19.1753 -17.9989 1.40601 1.2 3 0 0
1 50519 -27.3499 -18.3351 -20.2591 0.489864 1.2 3 0 0
1 50520 -27.9386 -17.5978 -19.7532 0.55261 1.2 3 0 0
1 50521 -27.5716 -19.7342 -20.1824 0.789845 1.2 3 0 0
1 50523 -31.5838 -29.178 -17.7087 1.5 1.2 3 0 0
1 50538 -31.5888 -33.9298 -18.8364 1.5 1.2 3 0 0
1 50539 -32.6203 -31.7848 -19.0978 0.894401 1.2 3 0 0
1 50540 -31.5589 -31.7662 -17.3958 1.09948 1.2 3 0 0
1 50543 -34.1338 -35.2034 -16.5935 1.5 1.2 3 0 0
1 50546 -33.6681 -34.566 -18.92 0.638777 1.2 3 0 0
1 50547 -33.9572 -33.1539 -18.0721 1.03023 1.2 3 0 0
1 50595 -26.4805 -27.9597 -19.21 0.95347 1.2 3 0 0
1 50596 -25.4853 -26.4535 -19.9038 0.847995 1.2 3 0 0
1 50597 -25.9686 -25.6611 -18.4421 0.593951 1.2 3 0 0
1 50598 -25.0615 -28.6035 -19.5349 0.622991 1.2 3 0 0
1 50599 -27.6333 -27.5642 -18.1036 0.692502 1.2 3 0 0
1 50600 -27.7146 -27.67 -19.1067 0.31835 1.2 3 0 0
1 50601 -27.7333 -25.8757 -19.5488 1.5 1.2 3 0 0
1 50602 -27.3818 -25.1843 -21.1812 0.299966 1.2 3 0 0
1 50603 -27.9424 -32.4051 -19.1084 0.506513 1.2 3 0 0
1 50604 -29.002 -30.724 -20.2853 0.334634 1.2 3 0 0
1 50605 -30.4064 -31.1965 -19.9553 1.17937 1.2 3 0 0
1 50606 -31.2747 -32.6894 -20.5802 0.657236 1.2 3 0 0
1 50607 -30.3109 -29.5981 -20.6091 0.549593 1.2 3 0 0
1 50608 -29.3182 -30.2529 -21.2096 0.730553 1.2 3 0 0
1 50609 -29.548 -31.4231 -21.5472 0.508826 1.2 3 0 0
1 50610 -30 -30.9077 -21.2985 0.218955 1.2 3 0 0
1 50611 -28.1523 -27.5531 -19.424 0.233482 1.2 3 0 0
1 50612 -28.3556 -27.5413 -20.2015 0.393654 1.2 3 0 0
1 50613 -30.6247 -28.5994 -20.116 0.600185 1.2 3 0 0
1 50614 -30.6546 -27.0019 -19.148 1.20362 1.2 3 0 0
1 50615 -28.4032 -26.4033 -21.4075 0.531591 1.2 3 0 0
1 50616 -28.959 -28.7458 -21.3312 0.540862 1.2 3 0 0
1 50617 -27.3738 -27.979 -21.4093 1.22076 1.2 3 0 0
1 50618 -25.9756 -29.8588 -20.255 1.08866 1.2 3 0 0
1 50619 -27.4538 -29.6369 -20.8629 0.525063 1.2 3 0 0
1 50620 -26.9189 -30.117 -21.2007 0.269112 1.2 3 0 0
1 50621 -27.5645 -31.0908 -22.86 0.48584 1.2 3 0 0
1 50622 -28.1235 -29.7876 -21.8946 0.713669 1.2 3 0 0
1 50623 -26.4251 -30.0064 -22.4731 1.09385 1.2 3 0 0
1 50624 -24.4076 -9.46712 -16.2392 1.5 1.2 3 0 0
1 50634 -25.3411 -9.83076 -18.1647 0.670558 1.2 3 0 0
1 50765 -25.2381 -12.4236 -19.3865 0.755049 1.2 3 0 0
1 50766 -26.0796 -11.5907 -18.3649 0.801762 1.2 3 0 0
1 50767 -27.5074 -12.5467 -17.4007 1.03592 1.2 3 0 0
1 50768 -25.1191 -13.4295 -17.3469 1.5 1.2 3 0 0
1 50779 -28.4129 -16.9989 -16.4491 1.5 1.2 3 0 0
1 50782 -29.7034 -17.3006 -18.3058 0.433425 1.2 3 0 0
1 50793 -28.9464 -14.2205 -16.5812 1.2754 1.2 3 0 0
1 50796 -27.2078 -14.3509 -18.5727 1.09112 1.2 3 0 0
1 50797 -27.0148 -16.3588 -19.466 1.00758 1.2 3 0 0
1 50798 -25.758 -15.1551 -19.2297 0.69224 1.2 3 0 0
1 50799 -11.0306 -20.5392 -22.8159 1.10536 1.2 3 0 0
1 50800 -11.0853 -19.964 -24.2708 0.45961 1.2 3 0 0
1 50801 -13.7793 -22.9559 -22.6463 0.734582 1.2 3 0 0
1 50802 -12.4599 -22.1173 -24.5459 1.5 1.2 3 0 0
1 50803 -12.3324 -23.1347 -22.8069 0.518385 1.2 3 0 0
1 50804 -12.0041 -21.4664 -22.1431 0.388207 1.2 3 0 0
1 50805 -13.1873 -21.4951 -22.4236 0.828144 1.2 3 0 0
1 50806 -10.8767 -22.3044 -23.0326 0.679762 1.2 3 0 0
1 50807 -13.2569 -22.1028 -26.4356 0.550907 1.2 3 0 0
1 50808 -12.324 -20.3603 -25.9148 0.72746 1.2 3 0 0
1 50809 -11.6867 -20.1102 -24.9251 0.441015 1.2 3 0 0
1 50810 -16.6161 -20.33 -23.5218 0.24306 1.2 3 0 0
1 50811 -17.6021 -19.2985 -24.1414 0.507179 1.2 3 0 0
1 50812 -16.9275 -20.4203 -22.9939 0.347772 1.2 3 0 0
1 50813 -13.0353 -19.2293 -23.8422 1.5 1.2 3 0 0
1 50814 -12.2823 -19.6281 -21.8258 0.688697 1.2 3 0 0
1 50815 -15.457 -19.2929 -21.9088 1.03962 1.2 3 0 0
1 50816 -16.4783 -18.9874 -20.719 0.521062 1.2 3 0 0
1 50817 -14.1156 -22.1753 -21.9186 0.382606 1.2 3 0 0
1 50818 -13.7338 -19.9032 -21.7682 0.789797 1.2 3 0 0
1 50819 -14.3768 -19.9132 -22.813 0.32383 1.2 3 0 0
1 50820 -14.1468 -20.5392 -23.5078 0.250084 1.2 3 0 0
1 50821 -14.5134 -25.4273 -24.9925 1.5 1.2 3 0 0
1 50822 -13.2799 -25.7896 -23.4851 0.481154 1.2 3 0 0
1 50823 -13.1306 -24.2351 -23.4142 0.891889 1.2 3 0 0
1 50824 -14.2634 -22.9772 -25.7039 0.809301 1.2 3 0 0
1 50825 -16.2012 -23.2703 -25.1036 1.23935 1.2 3 0 0
1 50826 -14.3825 -23.1649 -24.1609 0.723022 1.2 3 0 0
1 50827 -15.153 -23.8999 -24.1498 0.310534 1.2 3 0 0
1 50828 -14.9463 -24.1572 -22.9243 0.958638 1.2 3 0 0
1 50829 -16.2188 -25.8934 -26.2991 0.597083 1.2 3 0 0
1 50830 -16.0375 -24.7982 -24.3985 0.250575 1.2 3 0 0
1 50831 -16.0631 -24.7444 -26.1746 0.565252 1.2 3 0 0
1 50832 -19.3071 -28.1262 -22.2496 0.859072 1.2 3 0 0
1 50833 -20.2216 -27.5125 -21.3339 0.503686 1.2 3 0 0
1 50834 -20.2898 -27.7796 -22.2408 0.18306 1.2 3 0 0
1 50835 -23.4957 -29.1224 -23.6172 1.10998 1.2 3 0 0
1 50836 -22.754 -27.2513 -21.7351 0.566077 1.2 3 0 0
1 50837 -22.219 -28.1356 -22.6918 0.524787 1.2 3 0 0
1 50838 -23.1195 -27.3562 -22.951 0.693885 1.2 3 0 0
1 50839 -21.3515 -27.5452 -20.9463 0.601929 1.2 3 0 0
1 50840 -22.1834 -28.9173 -21.3021 1.04166 1.2 3 0 0
1 50841 -20.1639 -27.3945 -24.4247 0.687727 1.2 3 0 0
1 50842 -22.3 -27.7645 -24.1621 0.774357 1.2 3 0 0
1 50843 -23.5967 -26.0124 -20.2555 1.11563 1.2 3 0 0
1 50844 -22.4527 -25.0953 -19.8305 0.348117 1.2 3 0 0
1 50845 -22.9114 -24.8113 -21.2192 0.557612 1.2 3 0 0
1 50846 -22.6125 -24.0161 -20.0936 0.774144 1.2 3 0 0
1 50847 -26.2425 -25.8953 -21.8127 1.18221 1.2 3 0 0
1 50848 -24.8307 -25.6436 -21.0959 0.421037 1.2 3 0 0
1 50849 -24.5499 -26.2716 -21.2735 0.289504 1.2 3 0 0
1 50850 -24.7838 -23.743 -20.82 1.5 1.2 3 0 0
1 50851 -24.2459 -25.3067 -21.219 0.19917 1.2 3 0 0
1 50852 -23.8611 -25.633 -22.5468 1.22127 1.2 3 0 0
1 50853 -24.0133 -23.4408 -22.9112 0.748957 1.2 3 0 0
1 50854 -25.3488 -24.8894 -22.9134 0.477572 1.2 3 0 0
1 50855 -25.1851 -24.9049 -22.1431 0.303814 1.2 3 0 0
1 50856 -22.6404 -27.4821 -20.5159 0.657059 1.2 3 0 0
1 50857 -23.0407 -28.5178 -20.1741 0.430378 1.2 3 0 0
1 50858 -23.5402 -27.4867 -19.9996 0.38033 1.2 3 0 0
1 50859 -23.8127 -28.2484 -19.8 0.446614 1.2 3 0 0
1 50860 -23.3532 -29.3567 -22.0218 0.393058 1.2 3 0 0
1 50861 -24.6572 -28.0421 -21.5445 1.5 1.2 3 0 0
1 50862 -25.3151 -29.7791 -21.5291 0.346847 1.2 3 0 0
1 50863 -24.7823 -29.1833 -20.1835 0.280503 1.2 3 0 0
1 50864 -23.9801 -29.7207 -20.3205 0.684702 1.2 3 0 0
1 50865 -24.3252 -27.1915 -23.4746 0.630856 1.2 3 0 0
1 50866 -25.9198 -28.5705 -23.0516 0.534623 1.2 3 0 0
1 50867 -22.5115 -25.7989 -21.46 0.464645 1.2 3 0 0
1 50868 -21.6176 -25.1344 -20.751 0.855666 1.2 3 0 0
1 50869 -22.4096 -24.7781 -23.6824 0.776031 1.2 3 0 0
1 50870 -21.5255 -25.4769 -24.4282 0.475167 1.2 3 0 0
1 50871 -20.2452 -18.5232 -22.7579 0.904493 1.2 3 0 0
1 50872 -19.0623 -19.1581 -20.6251 0.390494 1.2 3 0 0
1 50873 -20.1766 -17.456 -23.1768 0.244006 1.2 3 0 0
1 50874 -18.6067 -17.245 -22.9899 0.654835 1.2 3 0 0
1 50875 -19.9524 -16.7449 -22.2054 0.980563 1.2 3 0 0
1 50876 -22.8562 -22.1628 -20.0077 1.09704 1.2 3 0 0
1 50877 -24.6793 -22.5345 -18.8145 0.84385 1.2 3 0 0
1 50878 -24.281 -21.9601 -20.5971 0.365861 1.2 3 0 0
1 50879 -25.6116 -19.0162 -19.3516 0.166961 1.2 3 0 0
1 50880 -25.9452 -18.5067 -20.5005 0.789414 1.2 3 0 0
1 50881 -25.2864 -22.5595 -22.4143 0.530146 1.2 3 0 0
1 50882 -26.4392 -21.8092 -20.9336 0.997652 1.2 3 0 0
1 50883 -25.4208 -21.6151 -22.0286 0.497821 1.2 3 0 0
1 50884 -21.4075 -17.2714 -20.2652 1.5 1.2 3 0 0
1 50885 -21.5545 -17.4733 -18.418 0.364017 1.2 3 0 0
1 50886 -22.1676 -16.3206 -18.2561 0.849055 1.2 3 0 0
1 50887 -22.7608 -16.2454 -19.4036 0.40036 1.2 3 0 0
1 50888 -25.9179 -17.0409 -20.4541 0.618444 1.2 3 0 0
1 50889 -24.4739 -16.9037 -18.9101 1.5 1.2 3 0 0
1 50890 -24.432 -18.1601 -20.793 0.763899 1.2 3 0 0
1 50891 -24.3583 -18.4721 -19.7183 0.267505 1.2 3 0 0
1 50892 -24.4786 -18.9566 -17.862 0.800285 1.2 3 0 0
1 50893 -22.5405 -17.8596 -18.4776 0.696649 1.2 3 0 0
1 50894 -22.4215 -19.3398 -19.2575 0.897206 1.2 3 0 0
1 50895 -22.9264 -17.8189 -21.7947 0.670618 1.2 3 0 0
1 50896 -23.2272 -15.7415 -20.7294 0.909367 1.2 3 0 0
1 50897 -23.7777 -17.0498 -21.2433 0.600193 1.2 3 0 0
1 50898 -21.4795 -20.0598 -21.3769 1.5 1.2 3 0 0
1 50899 -22.9812 -20.3917 -22.7132 0.529381 1.2 3 0 0
1 50900 -23.8822 -20.1285 -22.3201 0.351958 1.2 3 0 0
1 50901 -24.6699 -19.8574 -21.7402 0.425846 1.2 3 0 0
1 50902 -23.9889 -20.2013 -21.5996 0.333311 1.2 3 0 0
1 50903 -23.8111 -21.5933 -21.9528 1.1138 1.2 3 0 0
1 50904 -22.9374 -21.9993 -23.2785 0.525017 1.2 3 0 0
1 50905 -16.5462 -27.0786 -22.9807 0.513057 1.2 3 0 0
1 50906 -16.6634 -25.4245 -23.2975 1.16229 1.2 3 0 0
1 50907 -19.7232 -24.943 -22.9053 0.496829 1.2 3 0 0
1 50908 -20.296 -24.6345 -24.2333 0.975557 1.2 3 0 0
1 50909 -18.6265 -25.9982 -22.3902 1.07506 1.2 3 0 0
1 50910 -17.5601 -24.8112 -21.916 0.589534 1.2 3 0 0
1 50911 -19.0493 -26.2619 -21.2359 0.179033 1.2 3 0 0
1 50912 -18.9367 -25.3883 -21.2239 0.275222 1.2 3 0 0
1 50913 -17.4073 -25.2845 -25.3718 1.02862 1.2 3 0 0
1 50914 -17.1186 -24.3705 -24.2923 0.356832 1.2 3 0 0
1 50915 -18.8791 -25.641 -24.2082 0.762606 1.2 3 0 0
1 50916 -17.978 -19.1376 -22.1737 1.5 1.2 3 0 0
1 50917 -17.375 -21.5881 -21.6277 0.864807 1.2 3 0 0
1 50918 -20.5466 -21.6942 -21.9435 0.458393 1.2 3 0 0
1 50919 -19.8247 -21.2588 -23.2259 1.07632 1.2 3 0 0
1 50920 -19.2836 -20.3526 -20.6885 0.819865 1.2 3 0 0
1 50921 -19.1377 -22.0569 -21.2838 0.991271 1.2 3 0 0
1 50922 -19.2297 -19.7857 -23.7081 0.583569 1.2 3 0 0
1 50923 -19.8456 -19.8443 -22.5087 0.498038 1.2 3 0 0
1 50924 -18.4595 -24.0487 -21.3618 0.497398 1.2 3 0 0
1 50925 -18.3214 -23.1731 -21.2874 0.39151 1.2 3 0 0
1 50926 -19.8314 -24.5786 -21.5133 0.946177 1.2 3 0 0
1 50927 -20.973 -21.9538 -20.3488 0.713829 1.2 3 0 0
1 50928 -20.2524 -23.0901 -20.6758 0.574507 1.2 3 0 0
1 50929 -20.1897 -22.7621 -23.0863 0.404944 1.2 3 0 0
1 50930 -20.7726 -24.7019 -22.3348 0.300888 1.2 3 0 0
1 50931 -17.6659 -20.8318 -24.0806 1.00805 1.2 3 0 0
1 50932 -17.0583 -22.1858 -24.0978 0.470154 1.2 3 0 0
1 50933 -20.6687 -23.0029 -24.1051 0.703018 1.2 3 0 0
1 50934 -19.3909 -22.2073 -24.5351 0.51862 1.2 3 0 0
1 52598 -7.05586 -20.8295 -25.9224 1.5 1.2 3 0 0
1 52600 -7.03611 -21.7889 -24.0117 0.638157 1.2 3 0 0
1 52607 -12.1963 -27.9073 -25.4966 1.01635 1.2 3 0 0
1 52608 -11.4863 -27.6489 -26.8016 0.49158 1.2 3 0 0
1 52609 -12.5616 -26.4556 -25.5454 0.481459 1.2 3 0 0
1 52610 -10.8628 -25.8012 -26.3925 1.5 1.2 3 0 0
1 52611 -11.1774 -23.9857 -25.9836 0.387462 1.2 3 0 0
1 52612 -12.446 -25.2106 -25.5232 0.395359 1.2 3 0 0
1 52613 -12.8107 -24.0384 -26.437 1.12747 1.2 3 0 0
1 52614 -12.1711 -25.7098 -24.3431 0.915158 1.2 3 0 0
1 52615 -11.7213 -24.2118 -24.913 0.749544 1.2 3 0 0
1 52616 -10.7059 -25.1426 -24.3337 0.655521 1.2 3 0 0
1 52617 -11.5367 -26.9091 -24.6117 0.450108 1.2 3 0 0
1 52618 -12.5918 -25.4008 -27.4929 0.588212 1.2 3 0 0
1 52619 -11.551 -27.3441 -28.2402 0.668879 1.2 3 0 0
1 52620 -8.63113 -22.0533 -26.1085 0.495189 1.2 3 0 0
1 52621 -10.1179 -20.7405 -25.8922 1.5 1.2 3 0 0
1 52622 -8.54388 -20.2687 -27.3793 0.650402 1.2 3 0 0
1 52623 -10.8771 -22.8857 -26.2183 0.774357 1.2 3 0 0
1 52624 -12.0254 -22.1115 -26.6921 0.689394 1.2 3 0 0
1 52625 -11.5598 -19.6962 -26.3781 0.31465 1.2 3 0 0
1 52626 -9.96318 -23.312 -24.4401 1.26988 1.2 3 0 0
1 52627 -8.2315 -22.4005 -24.8202 0.703661 1.2 3 0 0
1 52628 -8.67478 -22.2509 -23.5745 0.589276 1.2 3 0 0
1 52629 -9.86466 -21.5301 -23.9622 0.577538 1.2 3 0 0
1 52630 -9.14269 -23.2163 -28.3167 0.442156 1.2 3 0 0
1 52631 -8.54936 -21.9175 -27.59 0.977513 1.2 3 0 0
1 52632 -9.68033 -22.7083 -26.8554 0.58588 1.2 3 0 0
1 52633 -10.0788 -23.9096 -27.6519 0.899094 1.2 3 0 0
1 52634 -6.85658 -25.8934 -26.2276 0.732011 1.2 3 0 0
1 52637 -8.61995 -26.5901 -27.209 0.867661 1.2 3 0 0
1 52638 -9.20652 -28.5061 -26.9864 0.882169 1.2 3 0 0
1 52639 -9.28334 -25.0262 -27.6078 0.470357 1.2 3 0 0
1 52640 -9.54012 -24.7874 -26.9617 0.261097 1.2 3 0 0
1 52641 -7.98923 -25.8934 -26.218 0.327641 1.2 3 0 0
1 52642 -8.66015 -24.4515 -24.5219 0.461049 1.2 3 0 0
1 52643 -8.05727 -23.9943 -26.332 1.5 1.2 3 0 0
1 52645 -8.27724 -24.7858 -28.0423 0.271904 1.2 3 0 0
1 52699 -9.37848 -31.4436 -28.475 -0.00919844 1.2 3 0 0
1 52706 -13.051 -32.7123 -29.4299 0.64981 1.2 3 0 0
1 52707 -11.5385 -32.05 -28.7005 0.978459 1.2 3 0 0
1 52708 -11.6366 -33.2446 -27.5816 0.481203 1.2 3 0 0
1 52709 -12.5158 -30.6866 -28.7532 0.503098 1.2 3 0 0
1 52710 -13.3875 -30.3536 -28.8738 0.403596 1.2 3 0 0
1 52711 -11.8419 -32.355 -27.1908 0.487635 1.2 3 0 0
1 52712 -11.6577 -31.2476 -26.8499 0.517563 1.2 3 0 0
1 52713 -12.3576 -30.8133 -26.966 0.314298 1.2 3 0 0
1 52714 -12.5609 -35.3972 -30.2287 0.623001 1.2 3 0 0
1 52715 -11.1735 -34.9961 -28.5573 0.479624 1.2 3 0 0
1 52716 -11.7803 -33.8547 -29.9968 0.702233 1.2 3 0 0
1 52717 -10.5787 -29.9525 -29.2636 0.198468 1.2 3 0 0
1 52718 -9.63899 -29.3279 -29.2444 -0.0229003 1.2 3 0 0
1 52719 -11.0177 -28.0226 -28.8663 0.373649 1.2 3 0 0
1 52720 -11.3739 -29.4336 -27.6862 1.5 1.2 3 0 0
1 52724 -11.7493 -37.1331 -29.5559 0.988215 1.2 3 0 0
1 52787 -8.25754 -19.2681 -24.6342 0.596517 1.2 3 0 0
1 52788 -8.48008 -20.5392 -23.4685 1.13675 1.2 3 0 0
1 52789 -9.06122 -19.8183 -24.6563 0.369304 1.2 3 0 0
1 52790 -9.48285 -18.8503 -25.3739 0.204033 1.2 3 0 0
1 52791 -9.52145 -16.9654 -25.6474 0.819005 1.2 3 0 0
1 52792 -7.31405 -18.0655 -23.2406 1.32032 1.2 3 0 0
1 52793 -8.35132 -16.7337 -23.8714 0.480894 1.2 3 0 0
1 52794 -7.87653 -18.4062 -21.8795 0.191325 1.2 3 0 0
1 52795 -9.22372 -19.5527 -27.1282 0.368335 1.2 3 0 0
1 52796 -8.45124 -18.5991 -26.2352 1.14945 1.2 3 0 0
1 52797 -7.40283 -19.4034 -27.5276 0.647912 1.2 3 0 0
1 52802 -9.27171 -15.1517 -24.8202 0.98642 1.2 3 0 0
1 52803 -7.18677 -13.9682 -23.6622 1.5 1.2 3 0 0
1 52807 -7.22908 -16.3244 -25.6168 1.5 1.2 3 0 0
1 52814 -6.01839 -18.3292 -27.2259 1.12862 1.2 3 0 0
1 52837 -7.19023 -10.546 -24.3684 0.76654 1.2 3 0 0
1 52838 -6.29538 -11.7484 -22.2364 1.05041 1.2 3 0 0
1 59678 -12.8327 -30.2678 -26.1408 0.783023 1.2 3 0 0
1 59679 -13.8055 -30.86 -26.0798 0.303321 1.2 3 0 0
1 59680 -13.2504 -27.5741 -26.0636 0.225983 1.2 3 0 0
1 59681 -13.6141 -27.5203 -24.379 0.784724 1.2 3 0 0
1 59682 -14.4535 -27.312 -27.4509 0.470089 1.2 3 0 0
1 59683 -14.0642 -28.4467 -27.9494 0.435974 1.2 3 0 0
1 59684 -14.4355 -30.0359 -27.3989 0.347948 1.2 3 0 0
1 59685 -13.7459 -29.6082 -28.1039 0.726411 1.2 3 0 0
1 59686 -17.707 -33.003 -26.1514 0.389535 1.2 3 0 0
1 59687 -17.5571 -33.7308 -24.9394 0.9553 1.2 3 0 0
1 59688 -17.6424 -35.5042 -26.7732 0.476081 1.2 3 0 0
1 59689 -18.2638 -35.1896 -27.6589 0.650623 1.2 3 0 0
1 59690 -20.6084 -34.942 -27.3811 0.341619 1.2 3 0 0
1 59691 -19.605 -34.4556 -27.3347 0.774505 1.2 3 0 0
1 59692 -19.9371 -29.7894 -25.6338 0.810945 1.2 3 0 0
1 59693 -19.6908 -30.6689 -26.4914 0.441843 1.2 3 0 0
1 59694 -16.8541 -28.1548 -26.3414 0.876262 1.2 3 0 0
1 59695 -18.3482 -28.7483 -26.1596 0.671001 1.2 3 0 0
1 59696 -17.6238 -28.5674 -25.7236 0.193469 1.2 3 0 0
1 59697 -14.3538 -34.9982 -26.8681 0.767299 1.2 3 0 0
1 59698 -14.3538 -33.7852 -27.4668 0.567921 1.2 3 0 0
1 59732 -27.7427 -33.7697 -20.9847 0.516744 1.2 3 0 0
1 59733 -27.9462 -35.051 -21.6302 0.287857 1.2 3 0 0
1 59740 -16.2716 -35.843 -29.0612 0.64872 1.2 3 0 0
1 60097 -17.842 -8.22084 -21.0627 0.650063 1.2 3 0 0
1 60098 -18.424 -7.17141 -20.7313 0.516623 1.2 3 0 0
1 60099 -21.5803 -11.4911 -20.1115 0.936818 1.2 3 0 0
1 60100 -21.998 -12.1512 -19.0711 0.353536 1.2 3 0 0
1 60103 -18.0423 -15.5809 -21.0642 1.5 1.2 3 0 0
1 60104 -17.4905 -17.3315 -21.6845 0.428605 1.2 3 0 0
1 60105 -20.1133 -14.3677 -21.3928 0.917518 1.2 3 0 0
1 60106 -20.6542 -12.7876 -20.8792 0.812901 1.2 3 0 0
1 60107 -14.5663 -13.68 -21.5701 0.259907 1.2 3 0 0
1 60108 -14.8172 -13.1698 -22.213 0.336509 1.2 3 0 0
1 60114 -26.8455 -18.5885 -18.3872 1.45577 1.2 3 0 0
1 63954 -12.9023 -25.7535 -26.2165 0.547117 1.2 3 0 0
1 63955 -13.4283 -25.2366 -26.2664 0.183955 1.2 3 0 0
1 63956 -11.6669 -24.4027 -27.5865 0.507002 1.2 3 0 0
1 63957 -12.0064 -24.9313 -27.2854 0.189654 1.2 3 0 0
1 63958 -12.96 -27.0782 -27.2414 1.05485 1.2 3 0 0
1 63959 -13.754 -25.4456 -27.0217 0.664737 1.2 3 0 0
1 63960 -11.5908 -23.2388 -27.2992 0.563455 1.2 3 0 0
1 63961 -11.0396 -22.3116 -27.3447 0.4992 1.2 3 0 0
1 63962 -8.80387 -25.9456 -25.557 0.709189 1.2 3 0 0
1 63963 -9.52278 -25.1134 -24.8202 0.614552 1.2 3 0 0
