# SphereID Center[X Y Z] Radius Density Region Score Weight
LeafCount 32062
NodeCount 32062
1 14658 -21.1015 -70.7629 -3.51382 1.32812 1.2 1 0 0
1 14715 -23.0284 -71.5687 0.208478 1.3086 1.2 1 0 0
1 24710 -20.9098 -71.8357 -1.15385 1.18779 1.2 1 0 0
1 24711 -22.7155 -72.3675 -1.39393 0.508205 1.2 1 0 0
1 24716 -18.3392 -71.474 2.20249 0.985236 1.2 1 0 0
1 24730 -18.8815 -71.7802 -0.070142 1.11179 1.2 1 0 0
1 24731 -19.6194 -72.3364 1.31885 0.556514 1.2 1 0 0
1 24732 -20.5026 -70.4701 1.50372 1.5 1.2 1 0 0
1 24733 -17.5107 -70.5459 -1.92121 1.5 1.2 1 0 0
1 24820 -23.2915 -71.4042 -2.57606 1.12176 1.2 1 0 0
1 24967 -21.9983 -72.0235 1.95086 0.702291 1.2 1 0 0
1 46720 -21.1015 -70.7629 -3.51382 1.32812 1.2 3 0 0
1 46777 -23.0284 -71.5687 0.208478 1.3086 1.2 3 0 0
1 56772 -20.9098 -71.8357 -1.15385 1.18779 1.2 3 0 0
1 56773 -22.7155 -72.3675 -1.39393 0.508205 1.2 3 0 0
1 56778 -18.3392 -71.474 2.20249 0.985236 1.2 3 0 0
1 56792 -18.8815 -71.7802 -0.070142 1.11179 1.2 3 0 0
1 56793 -19.6194 -72.3364 1.31885 0.556514 1.2 3 0 0
1 56794 -20.5026 -70.4701 1.50372 1.5 1.2 3 0 0
1 56795 -17.5107 -70.5459 -1.92121 1.5 1.2 3 0 0
1 56882 -23.2915 -71.4042 -2.57606 1.12176 1.2 3 0 0
1 57029 -21.9983 -72.0235 1.95086 0.702291 1.2 3 0 0
