# SphereID Center[X Y Z] Radius Density Region Score Weight
LeafCount 32062
NodeCount 32062
1 11372 -14.3239 -63.8453 -3.91019 1.5 1.2 1 0 0
1 14158 -12.5674 -62.3422 -5.02636 0.551614 1.2 1 0 0
1 14159 -12.0491 -62.9433 -3.27383 0.464102 1.2 1 0 0
1 14161 -14.9507 -62.1035 -1.99298 1.05897 1.2 1 0 0
1 14163 -14.4204 -62.0781 -3.31284 0.363538 1.2 1 0 0
1 14164 -14.0664 -65.8849 -4.78067 0.513149 1.2 1 0 0
1 14165 -13.186 -64.434 -5.02608 0.162386 1.2 1 0 0
1 14166 -12.5632 -65.2182 -4.11888 0.0235241 1.2 1 0 0
1 14167 -12.0885 -63.9411 -3.47945 0.42098 1.2 1 0 0
1 14170 -14.0049 -60.6957 -5.9425 1.5 1.2 1 0 0
1 14172 -16.9276 -60.4806 -3.91209 1.01371 1.2 1 0 0
1 14174 -16.1383 -62.531 -3.25249 0.718514 1.2 1 0 0
1 14175 -14.7404 -61.3674 -4.00372 0.672595 1.2 1 0 0
1 14176 -15.2602 -62.2121 -4.7378 0.477786 1.2 1 0 0
1 14177 -15.5083 -62.8598 -4.67627 0.217854 1.2 1 0 0
1 14178 -13.953 -62.066 -4.56159 0.430598 1.2 1 0 0
1 14179 -15.1226 -62.4449 -5.7811 0.581345 1.2 1 0 0
1 14180 -13.9408 -62.6455 -5.46772 0.503043 1.2 1 0 0
1 14181 -11.9985 -66.0499 -1.55761 0.565414 1.2 1 0 0
1 14182 -11.2516 -65.4564 -0.579648 0.422652 1.2 1 0 0
1 14183 -11.6041 -65.376 -2.74227 0.444243 1.2 1 0 0
1 14184 -14.2634 -64.9624 -1.62066 1.02848 1.2 1 0 0
1 14185 -13.0933 -66.1284 -2.9881 1.09724 1.2 1 0 0
1 14186 -14.2896 -62.7808 0.386934 1.5 1.2 1 0 0
1 14187 -13.4849 -64.1187 -0.495382 0.2916 1.2 1 0 0
1 14188 -11.9793 -63.8817 -1.43718 1.5 1.2 1 0 0
1 14189 -13.9725 -67.7209 -4.05902 0.69175 1.2 1 0 0
1 14190 -13.4021 -68.2597 -2.90113 0.628526 1.2 1 0 0
1 14191 -15.0039 -68.0494 -3.30331 0.492784 1.2 1 0 0
1 14192 -12.9512 -68.1485 -0.204242 0.736967 1.2 1 0 0
1 14193 -12.1004 -62.5368 -8.34272 -0.0017479 1.2 1 0 0
1 14194 -12.7189 -62.3529 -7.23271 0.308406 1.2 1 0 0
1 14195 -14.3427 -61.9857 -7.67254 0.679125 1.2 1 0 0
1 14196 -13.8476 -62.8057 -8.18139 0.393709 1.2 1 0 0
1 14197 -16.2773 -62.2775 -8.15559 0.183423 1.2 1 0 0
1 14198 -17.1692 -62.4804 -8.34539 0.423096 1.2 1 0 0
1 14199 -16.3911 -62.8831 -7.39834 0.790852 1.2 1 0 0
1 14200 -14.8843 -66.1635 -6.17586 0.413536 1.2 1 0 0
1 14201 -16.0746 -64.7684 -5.42255 0.844741 1.2 1 0 0
1 14202 -15.0297 -65.8579 -7.4012 0.320242 1.2 1 0 0
1 14203 -16.879 -66.0499 -7.51071 1.5 1.2 1 0 0
1 14204 -15.3818 -64.6687 -8.54198 0.5085 1.2 1 0 0
1 14205 -14.6268 -63.8198 -6.77012 1.11676 1.2 1 0 0
1 14231 -13.1927 -61.1297 -9.19294 0.848859 1.2 1 0 0
1 14255 -10.9379 -61.9297 -3.1079 0.590549 1.2 1 0 0
1 14260 -14.8991 -59.6412 -2.68759 1.5 1.2 1 0 0
1 14270 -9.95494 -59.4781 1.30723 1.5 1.2 1 0 0
1 14272 -9.54566 -61.24 -0.024539 0.726507 1.2 1 0 0
1 14277 -11.1734 -62.3747 1.18804 1.4981 1.2 1 0 0
1 14278 -11.2864 -60.6957 -1.30161 1.5 1.2 1 0 0
1 14313 -15.3241 -62.7749 -9.45092 1.5 1.2 1 0 0
1 14642 -15.4412 -65.4066 0.407898 1.35892 1.2 1 0 0
1 14643 -20.5645 -64.2288 -0.306747 1.10304 1.2 1 0 0
1 14644 -17.2612 -61.5836 2.69724 0.69494 1.2 1 0 0
1 14645 -17.007 -62.2321 0.396671 0.59997 1.2 1 0 0
1 14646 -19.0716 -62.7633 -0.213697 0.984373 1.2 1 0 0
1 14647 -17.9357 -65.5038 2.09054 0.474686 1.2 1 0 0
1 14648 -18.7682 -66.1078 -0.17064 1.5 1.2 1 0 0
1 14649 -16.8999 -69.6226 1.26263 1.5 1.2 1 0 0
1 14650 -16.5838 -68.404 -0.582074 0.733188 1.2 1 0 0
1 14651 -21.4326 -70.4582 -0.290047 0.511197 1.2 1 0 0
1 14652 -22.6639 -69.2135 -1.27971 1.5 1.2 1 0 0
1 14654 -18.3101 -60.5281 0.597804 1.5 1.2 1 0 0
1 14655 -15.3106 -69.4904 -2.85188 1.02888 1.2 1 0 0
1 14656 -20.5848 -68.0308 -2.01163 0.378363 1.2 1 0 0
1 14657 -18.941 -64.2442 -3.76822 0.699917 1.2 1 0 0
1 14658 -21.1015 -70.7629 -3.51382 1.32812 1.2 1 0 0
1 14659 -18.7833 -67.6063 -1.57971 0.422081 1.2 1 0 0
1 14660 -24.7993 -68.1381 -0.710926 0.360995 1.2 1 0 0
1 14661 -27.0381 -70.3225 1.39787 0.703747 1.2 1 0 0
1 14662 -25.3973 -67.2548 -0.365064 0.511252 1.2 1 0 0
1 14663 -26.6586 -66.272 -0.784804 1.14189 1.2 1 0 0
1 14664 -25.3592 -65.8558 1.4775 1.5 1.2 1 0 0
1 14665 -27.4796 -69.9377 -2.15998 0.845931 1.2 1 0 0
1 14666 -30.888 -66.9546 -0.726237 0.400244 1.2 1 0 0
1 14667 -30.9113 -66.2595 0.508571 0.938721 1.2 1 0 0
1 14668 -33.816 -63.2723 -1.49546 0.715198 1.2 1 0 0
1 14669 -31.451 -63.9424 -0.183881 1.5 1.2 1 0 0
1 14670 -32.9079 -62.8282 -0.888671 0.463795 1.2 1 0 0
1 14671 -30.2368 -66.8247 3.016 0.866825 1.2 1 0 0
1 14672 -32.4819 -64.1974 -2.40333 0.960437 1.2 1 0 0
1 14673 -25.434 -62.5985 -0.242631 0.326169 1.2 1 0 0
1 14674 -24.1164 -61.719 0.307648 0.539779 1.2 1 0 0
1 14675 -25.6824 -61.8399 -1.0344 0.529548 1.2 1 0 0
1 14676 -25.2652 -63.1148 0.399649 0.514965 1.2 1 0 0
1 14677 -26.9041 -62.444 -2.53827 1.5 1.2 1 0 0
1 14678 -25.9686 -64.9558 -2.75717 0.915558 1.2 1 0 0
1 14679 -26.6875 -66.1973 -4.4134 1.06217 1.2 1 0 0
1 14680 -25.6257 -68.5233 -3.99757 1.5 1.2 1 0 0
1 14681 -27.6341 -69.454 -4.29929 0.733473 1.2 1 0 0
1 14682 -27.3096 -63.0785 -4.26855 0.383691 1.2 1 0 0
1 14683 -27.8787 -64.3832 -6.88459 0.588435 1.2 1 0 0
1 14684 -19.6554 -62.6114 5.41031 1.5 1.2 1 0 0
1 14685 -19.2857 -64.9197 5.86815 0.882143 1.2 1 0 0
1 14686 -21.8163 -62.5673 6.04538 0.752748 1.2 1 0 0
1 14687 -22.5154 -63.2631 5.91561 0.236727 1.2 1 0 0
1 14688 -22.3329 -65.1564 7.11024 0.304671 1.2 1 0 0
1 14689 -23.2728 -65.2719 6.82304 0.63885 1.2 1 0 0
1 14690 -21.3336 -63.404 7.05394 0.605584 1.2 1 0 0
1 14691 -23.5768 -63.2058 7.30396 1.5 1.2 1 0 0
1 14692 -21.3726 -63.0803 5.24141 0.288072 1.2 1 0 0
1 14693 -22.4873 -65.4971 3.96994 0.552488 1.2 1 0 0
1 14694 -21.7803 -64.6755 5.58199 1.39011 1.2 1 0 0
1 14695 -23.3812 -66.1215 5.51052 0.762191 1.2 1 0 0
1 14696 -23.5298 -67.4149 5.8879 0.59332 1.2 1 0 0
1 14697 -24.5513 -68.5338 7.1463 0.870581 1.2 1 0 0
1 14698 -24.2005 -67.9039 6.2446 0.283956 1.2 1 0 0
1 14699 -28.0284 -67.4266 5.81392 1.07273 1.2 1 0 0
1 14700 -24.1898 -68.3674 8.51296 0.454685 1.2 1 0 0
1 14701 -25.921 -67.3608 3.95294 0.312096 1.2 1 0 0
1 14704 -23.7297 -62.3352 4.2941 1.48996 1.2 1 0 0
1 14705 -26.7249 -62.9726 3.95953 1.5 1.2 1 0 0
1 14707 -21.4151 -61.6591 3.1113 0.956449 1.2 1 0 0
1 14708 -21.9704 -64.0534 2.59335 1.5 1.2 1 0 0
1 14709 -22.9037 -62.3159 2.62339 0.373903 1.2 1 0 0
1 14710 -23.1569 -68.5632 0.733267 0.520234 1.2 1 0 0
1 14711 -23.9028 -69.1969 5.13207 1.32412 1.2 1 0 0
1 14712 -21.9319 -69.1 5.68037 0.474023 1.2 1 0 0
1 14713 -21.6568 -70.4821 3.88334 1.10269 1.2 1 0 0
1 14714 -23.6734 -69.6982 2.36227 1.5 1.2 1 0 0
1 14715 -23.0284 -71.5687 0.208478 1.3086 1.2 1 0 0
1 14716 -20.0141 -67.7199 -7.84904 1.5 1.2 1 0 0
1 14717 -18.2924 -66.8251 -10.3741 1.13704 1.2 1 0 0
1 14718 -17.5267 -64.4971 -6.22565 0.617153 1.2 1 0 0
1 14719 -18.1655 -68.3722 -5.85129 1.25015 1.2 1 0 0
1 14720 -18.6065 -63.0859 -7.49832 1.23851 1.2 1 0 0
1 14721 -20.0978 -62.6427 -7.19806 0.345974 1.2 1 0 0
1 14722 -23.2915 -67.1684 -8.75755 1.5 1.2 1 0 0
1 14723 -26.201 -65.6904 -9.53248 0.529436 1.2 1 0 0
1 14724 -26.8385 -66.0499 -7.60494 1.5 1.2 1 0 0
1 14725 -25.1054 -68.2062 -6.79102 1.35914 1.2 1 0 0
1 14726 -25.9686 -69.883 -5.84149 0.744996 1.2 1 0 0
1 14728 -25.4681 -65.2866 -11.4767 1.5 1.2 1 0 0
1 14730 -21.3231 -63.2389 -5.94905 1.5 1.2 1 0 0
1 14731 -21.9289 -66.0499 -6.48477 1.3763 1.2 1 0 0
1 14732 -23.248 -64.1874 -7.23455 0.932389 1.2 1 0 0
1 14737 -22.1439 -68.886 -10.1354 0.952874 1.2 1 0 0
1 14904 -23.6459 -59.7492 6.31535 1.5 1.2 1 0 0
1 14905 -27.4236 -64.2397 10.4576 1.5 1.2 1 0 0
1 14907 -27.3325 -60.6995 5.61569 1.36992 1.2 1 0 0
1 14910 -30.0247 -59.7138 5.74507 1.5 1.2 1 0 0
1 14916 -29.2182 -65.7401 7.67419 0.939193 1.2 1 0 0
1 14917 -28.9254 -63.3433 9.56704 0.46261 1.2 1 0 0
1 14918 -30.5796 -62.5592 10.5942 0.50103 1.2 1 0 0
1 14919 -28.8437 -62.5254 5.32141 1.00924 1.2 1 0 0
1 14981 -32.0308 -62.5263 1.20793 0.545965 1.2 1 0 0
1 14982 -31.4612 -60.9817 1.12305 1.09639 1.2 1 0 0
1 14984 -35.1377 -60.0492 -1.43427 1.5 1.2 1 0 0
1 14985 -33.9655 -62.2564 2.77888 0.885783 1.2 1 0 0
1 14986 -33.5797 -59.4954 1.3375 1.5 1.2 1 0 0
1 14987 -35.5644 -60.815 1.14263 0.887446 1.2 1 0 0
1 14988 -33.9999 -62.1665 0.441491 1.29557 1.2 1 0 0
1 15015 -32.6478 -61.7416 -2.59068 1.5 1.2 1 0 0
1 15016 -31.3228 -62.7179 -7.48629 0.973258 1.2 1 0 0
1 15017 -30.9315 -63.0194 -6.08044 0.516834 1.2 1 0 0
1 15018 -30.8326 -63.0503 -9.06609 0.645307 1.2 1 0 0
1 15019 -25.271 -59.7639 -1.46863 1.4655 1.2 1 0 0
1 15029 -30.7374 -60.8485 -9.0294 1.5 1.2 1 0 0
1 15056 -24.2548 -61.9777 -7.88619 1.5 1.2 1 0 0
1 15057 -25.2575 -60.7428 -10.3416 1.22593 1.2 1 0 0
1 15060 -21.7562 -61.2411 -7.45387 1.03839 1.2 1 0 0
1 15081 -27.7688 -61.795 -10.6817 1.5 1.2 1 0 0
1 15083 -28.0198 -59.6366 -8.33951 1.5 1.2 1 0 0
1 15084 -27.6588 -63.2989 -9.38517 0.480096 1.2 1 0 0
1 15098 -4.93602 -60.3886 9.56604 1.19751 1.2 1 0 0
1 15246 -20.7423 -60.9026 17.3288 1.5 1.2 1 0 0
1 15254 -24.1175 -61.791 15.4326 1.44388 1.2 1 0 0
1 15274 -27.0527 -60.9421 13.5298 1.5 1.2 1 0 0
1 15275 -25.6804 -63.0595 13.9434 1.05538 1.2 1 0 0
1 15419 -13.0443 -62.5709 19.6797 0.497993 1.2 1 0 0
1 15422 -15.7075 -60.794 20.0676 1.37986 1.2 1 0 0
1 15506 -4.8636 -60.6957 16.0096 1.5 1.2 1 0 0
1 15507 -9.29435 -61.4991 20.37 0.89823 1.2 1 0 0
1 15509 -9.50821 -62.9738 17.3621 1.41138 1.2 1 0 0
1 15510 -9.33643 -60.9199 16.606 0.761644 1.2 1 0 0
1 15511 -5.97755 -62.7593 17.5086 0.491298 1.2 1 0 0
1 15512 -7.85529 -63.0053 16.7933 0.336954 1.2 1 0 0
1 15513 -6.61235 -62.7757 15.9783 1.16555 1.2 1 0 0
1 15517 -7.57147 -59.8753 20.8739 1.5 1.2 1 0 0
1 15523 -4.92766 -60.2393 19.0515 1.18121 1.2 1 0 0
1 15535 -5.27979 -60.7331 12.2193 1.5 1.2 1 0 0
1 15536 -6.1273 -62.9175 11.6571 0.900611 1.2 1 0 0
1 15542 -7.76255 -60.6957 11.9363 0.99912 1.2 1 0 0
1 15543 -6.91049 -62.0606 9.74505 1.33631 1.2 1 0 0
1 15545 -6.98817 -61.9521 12.1884 0.497769 1.2 1 0 0
1 15546 -9.00955 -64.449 10.3861 0.56614 1.2 1 0 0
1 15547 -10.9256 -63.369 10.9332 0.324377 1.2 1 0 0
1 15548 -10.7377 -64.0453 9.62316 1.15969 1.2 1 0 0
1 15549 -13.4188 -61.1515 9.85625 1.01123 1.2 1 0 0
1 15550 -13.3112 -63.6692 10.1795 1.5 1.2 1 0 0
1 15551 -13.7628 -64.759 8.4805 0.568367 1.2 1 0 0
1 15552 -11.4571 -64.4397 12.5313 1.5 1.2 1 0 0
1 15553 -12.822 -62.7056 11.9185 0.547497 1.2 1 0 0
1 15554 -12.5831 -65.6799 13.4612 0.413004 1.2 1 0 0
1 15555 -13.6498 -65.6305 11.5324 0.906573 1.2 1 0 0
1 15556 -12.9913 -65.7066 10.2233 0.560713 1.2 1 0 0
1 15557 -7.32882 -63.2143 13.5728 1.37607 1.2 1 0 0
1 15558 -9.05798 -64.4197 12.9625 0.818323 1.2 1 0 0
1 15559 -9.90688 -63.2027 13.4015 0.665735 1.2 1 0 0
1 15560 -9.03207 -62.7816 13.1922 0.321356 1.2 1 0 0
1 15561 -9.86721 -60.0566 12.6306 1.2689 1.2 1 0 0
1 15562 -10.6804 -61.8969 13.3233 0.853544 1.2 1 0 0
1 15563 -8.32997 -62.5587 15.7466 0.581141 1.2 1 0 0
1 15564 -9.68511 -62.333 14.5136 0.758113 1.2 1 0 0
1 15565 -8.90072 -63.9624 15.222 1.02194 1.2 1 0 0
1 15566 -9.29335 -62.6674 11.3933 1.5 1.2 1 0 0
1 15567 -9.08953 -61.9013 13.3013 0.566148 1.2 1 0 0
1 15568 -6.56607 -61.2474 7.8775 0.728187 1.2 1 0 0
1 15569 -8.58277 -63.5252 9.3222 0.851653 1.2 1 0 0
1 15570 -7.67824 -62.9714 8.46192 0.414532 1.2 1 0 0
1 15574 -11.028 -60.6958 10.0625 1.43133 1.2 1 0 0
1 15576 -8.82169 -61.3862 7.73701 1.5 1.2 1 0 0
1 15577 -9.70381 -61.9933 5.9826 0.549659 1.2 1 0 0
1 15578 -15.4836 -64.1655 9.56147 0.658182 1.2 1 0 0
1 15579 -17.7684 -62.9853 9.79681 1.5 1.2 1 0 0
1 15580 -16.2738 -61.2912 10.5316 0.875661 1.2 1 0 0
1 15581 -15.8381 -63.285 10.8886 0.590559 1.2 1 0 0
1 15582 -18.3752 -65.021 13.9725 1.30092 1.2 1 0 0
1 15583 -19.3121 -65.5755 11.3919 1.5 1.2 1 0 0
1 15584 -18.3918 -66.9349 12.1518 0.308999 1.2 1 0 0
1 15585 -19.8987 -65.9686 13.3579 0.588945 1.2 1 0 0
1 15586 -19.3334 -63.1927 11.6984 0.896244 1.2 1 0 0
1 15587 -16.9841 -63.3014 12.6028 1.0414 1.2 1 0 0
1 15588 -17.228 -65.1318 12.6594 0.326537 1.2 1 0 0
1 15589 -17.5109 -64.5551 12.6593 0.315835 1.2 1 0 0
1 15590 -16.0258 -65.3265 11.2981 1.5 1.2 1 0 0
1 15591 -17.8515 -65.1013 9.93569 0.615891 1.2 1 0 0
1 15592 -17.0406 -64.6245 9.98218 0.303067 1.2 1 0 0
1 15597 -22.7897 -63.6509 13.5767 1.5 1.2 1 0 0
1 15598 -23.8604 -63.6854 15.2189 0.460688 1.2 1 0 0
1 15599 -20.6144 -64.876 14.1374 0.93083 1.2 1 0 0
1 15600 -21.9294 -65.3592 14.0532 0.471111 1.2 1 0 0
1 15601 -21.3039 -62.707 12.4967 0.56269 1.2 1 0 0
1 15602 -19.8635 -62.5566 13.9655 1.5 1.2 1 0 0
1 15603 -16.6398 -65.7911 8.56579 1.33874 1.2 1 0 0
1 15604 -17.8225 -65.2837 7.44492 0.367869 1.2 1 0 0
1 15605 -18.2601 -64.7408 8.81227 0.571199 1.2 1 0 0
1 15606 -18.1075 -63.7658 7.25945 1.17359 1.2 1 0 0
1 15607 -19.4524 -67.7037 10.0018 0.503724 1.2 1 0 0
1 15608 -20.8154 -66.8541 11.8605 0.526445 1.2 1 0 0
1 15609 -20.6496 -67.7347 8.21668 0.401986 1.2 1 0 0
1 15610 -19.6456 -64.4077 9.38118 0.848958 1.2 1 0 0
1 15611 -20.5593 -64.6562 10.2441 0.428152 1.2 1 0 0
1 15612 -20.0551 -62.883 8.10644 1.12484 1.2 1 0 0
1 15613 -17.5362 -67.4359 7.67741 0.71944 1.2 1 0 0
1 15614 -18.1713 -67.0583 9.79861 0.928473 1.2 1 0 0
1 15615 -17.748 -68.077 6.38538 0.738371 1.2 1 0 0
1 15618 -13.6515 -62.6665 15.0012 0.486307 1.2 1 0 0
1 15619 -13.481 -62.4505 16.1978 0.524591 1.2 1 0 0
1 15620 -13.3919 -63.5954 14.4889 0.362407 1.2 1 0 0
1 15621 -12.4704 -62.2969 16.8048 0.422329 1.2 1 0 0
1 15623 -14.784 -62.1239 11.8671 1.22124 1.2 1 0 0
1 15624 -14.33 -61.5908 13.5966 0.644615 1.2 1 0 0
1 15625 -13.3346 -62.969 13.3185 0.959428 1.2 1 0 0
1 15633 -17.9374 -60.9518 15.1516 1.27188 1.2 1 0 0
1 15636 -15.8823 -59.4815 14.0123 1.5 1.2 1 0 0
1 15638 -14.035 -63.9334 16.5026 1.08737 1.2 1 0 0
1 15639 -15.2293 -64.9012 15.5975 0.696186 1.2 1 0 0
1 15640 -15.5969 -62.9309 14.6998 1.5 1.2 1 0 0
1 15641 -17.9713 -61.5562 18.4589 1.5 1.2 1 0 0
1 15642 -18.4178 -63.5119 16.266 1.35963 1.2 1 0 0
1 15643 -15.9914 -63.2706 17.3656 1.15129 1.2 1 0 0
1 15644 -17.2213 -62.2403 16.7386 0.449142 1.2 1 0 0
1 15645 -15.4932 -62.661 19.0526 0.682197 1.2 1 0 0
1 15646 -14.8204 -65.0882 12.6593 0.333684 1.2 1 0 0
1 15647 -16.1138 -65.3126 13.9809 0.979131 1.2 1 0 0
1 15648 -13.9559 -64.9544 13.9302 1.20895 1.2 1 0 0
1 15657 -14.1117 -63.3728 5.22687 0.595508 1.2 1 0 0
1 15658 -15.0733 -62.6332 5.10686 0.564321 1.2 1 0 0
1 15659 -15.5863 -63.2877 3.43082 1.30247 1.2 1 0 0
1 15660 -15.5051 -64.0018 6.66004 1.5 1.2 1 0 0
1 15661 -14.4468 -67.2449 3.7943 0.836039 1.2 1 0 0
1 15662 -13.8936 -65.1383 4.26758 1.31036 1.2 1 0 0
1 15673 -15.5053 -59.7221 8.91412 1.5 1.2 1 0 0
1 15676 -10.7684 -62.3453 3.30581 0.622876 1.2 1 0 0
1 15679 -12.5819 -62.2054 2.11206 0.194974 1.2 1 0 0
1 24113 -13.4469 -62.5984 -2.11033 0.520198 1.2 1 0 0
1 24114 -12.9263 -61.4683 -3.37111 1.25121 1.2 1 0 0
1 24115 -11.2776 -64.5761 0.688836 0.761687 1.2 1 0 0
1 24116 -12.7128 -66.0859 0.227966 1.35805 1.2 1 0 0
1 24117 -17.0112 -63.9345 -8.41692 0.78852 1.2 1 0 0
1 24118 -17.4119 -62.9089 -9.19776 0.561314 1.2 1 0 0
1 24152 -17.9373 -60.9158 -9.17373 1.5 1.2 1 0 0
1 24165 -15.7912 -60.6767 -7.81852 1.0494 1.2 1 0 0
1 24195 -13.6776 -60.142 -0.096862 1.23251 1.2 1 0 0
1 24201 -10.2419 -62.5572 -0.801425 0.692285 1.2 1 0 0
1 24202 -10.3071 -62.8153 -2.03773 0.567508 1.2 1 0 0
1 24203 -11.6352 -62.3196 -0.609538 0.299345 1.2 1 0 0
1 24204 -12.5831 -62.1264 -0.46977 0.518448 1.2 1 0 0
1 24231 -16.1715 -65.159 -9.79179 1.04904 1.2 1 0 0
1 24683 -17.2486 -65.5844 1.22827 0.630809 1.2 1 0 0
1 24684 -17.2157 -64.8619 0.179245 0.511307 1.2 1 0 0
1 24685 -16.2598 -64.5017 2.08869 0.401817 1.2 1 0 0
1 24686 -16.3657 -66.0499 3.18801 1.5 1.2 1 0 0
1 24687 -16.8714 -63.7145 -1.4614 1.5 1.2 1 0 0
1 24688 -16.2899 -63.0915 0.622015 0.537898 1.2 1 0 0
1 24689 -16.1092 -62.6388 -0.144341 0.363529 1.2 1 0 0
1 24690 -20.244 -63.3421 1.41536 0.70777 1.2 1 0 0
1 24691 -20.419 -62.5529 2.39134 0.559497 1.2 1 0 0
1 24692 -19.3422 -65.6161 3.47129 1.4913 1.2 1 0 0
1 24693 -19.7399 -64.2422 2.06721 0.509901 1.2 1 0 0
1 24694 -20.346 -65.2227 1.45449 0.795561 1.2 1 0 0
1 24695 -22.698 -64.7058 0.14789 1.12545 1.2 1 0 0
1 24696 -22.6358 -63.2105 0.871154 0.529568 1.2 1 0 0
1 24697 -16.222 -62.4102 2.0546 0.443954 1.2 1 0 0
1 24698 -15.772 -60.8109 1.65635 1.26449 1.2 1 0 0
1 24699 -17.8822 -63.5053 1.8374 1.5 1.2 1 0 0
1 24700 -19.5178 -62.1948 1.3539 0.631586 1.2 1 0 0
1 24701 -19.2164 -61.4015 3.01568 1.21863 1.2 1 0 0
1 24702 -14.3945 -68.004 1.54966 1.49658 1.2 1 0 0
1 24703 -15.0465 -70.2474 -0.694967 1.25917 1.2 1 0 0
1 24704 -14.7485 -70.5163 1.31245 0.784063 1.2 1 0 0
1 24705 -15.5806 -67.1758 0.276747 0.418105 1.2 1 0 0
1 24706 -16.8426 -67.284 0.672755 0.908942 1.2 1 0 0
1 24707 -21.3604 -68.7032 0.121904 0.462309 1.2 1 0 0
1 24708 -22.1446 -69.0699 0.759671 0.60935 1.2 1 0 0
1 24709 -21.7471 -66.9977 1.01203 1.5 1.2 1 0 0
1 24710 -20.9098 -71.8357 -1.15385 1.18779 1.2 1 0 0
1 24711 -22.7155 -72.3675 -1.39393 0.508205 1.2 1 0 0
1 24712 -22.3497 -71.1144 -1.3347 0.42755 1.2 1 0 0
1 24713 -21.9727 -70.8529 -2.02484 0.399341 1.2 1 0 0
1 24714 -17.449 -70.4909 3.0502 0.561743 1.2 1 0 0
1 24715 -15.7294 -70.4614 2.86859 0.653812 1.2 1 0 0
1 24716 -18.3392 -71.474 2.20249 0.985236 1.2 1 0 0
1 24717 -16.6961 -71.3284 2.53675 0.638844 1.2 1 0 0
1 24718 -19.1029 -68.026 1.62039 1.14561 1.2 1 0 0
1 24719 -20.0581 -66.7783 2.04008 0.480798 1.2 1 0 0
1 24720 -17.9373 -70.9047 3.87916 0.479199 1.2 1 0 0
1 24721 -19.0065 -70.3354 2.70094 0.420891 1.2 1 0 0
1 24722 -17.181 -69.9936 4.6334 0.273759 1.2 1 0 0
1 24723 -17.2015 -67.3631 4.42115 0.485844 1.2 1 0 0
1 24724 -17.408 -67.7765 2.2994 0.677411 1.2 1 0 0
1 24725 -17.9373 -68.4068 -0.22142 0.667536 1.2 1 0 0
1 24726 -19.8137 -68.6244 -0.647787 1.26659 1.2 1 0 0
1 24727 -18.4408 -70.0379 -0.104692 0.601486 1.2 1 0 0
1 24728 -20.538 -68.5629 0.998915 0.473168 1.2 1 0 0
1 24729 -19.0203 -69.415 0.704702 0.487177 1.2 1 0 0
1 24730 -18.8815 -71.7802 -0.070142 1.11179 1.2 1 0 0
1 24731 -19.6194 -72.3364 1.31885 0.556514 1.2 1 0 0
1 24732 -20.5026 -70.4701 1.50372 1.5 1.2 1 0 0
1 24733 -17.5107 -70.5459 -1.92121 1.5 1.2 1 0 0
1 24734 -19.7728 -70.4569 -1.93246 0.759863 1.2 1 0 0
1 24735 -19.8844 -70.4727 -0.493598 0.589486 1.2 1 0 0
1 24736 -17.3914 -61.9055 -0.549872 0.472541 1.2 1 0 0
1 24737 -18.1995 -61.9401 -1.41673 0.713025 1.2 1 0 0
1 24738 -16.0757 -61.4024 -0.444449 0.904414 1.2 1 0 0
1 24740 -17.232 -60.4191 -1.76411 1.09865 1.2 1 0 0
1 24742 -19.625 -60.7271 -1.35015 0.837713 1.2 1 0 0
1 24743 -19.8803 -61.8168 -0.928364 0.355847 1.2 1 0 0
1 24744 -21.303 -61.7769 0.26667 1.5 1.2 1 0 0
1 24750 -22.5335 -62.3867 -0.708254 0.184188 1.2 1 0 0
1 24751 -21.972 -61.623 -2.03379 0.85308 1.2 1 0 0
1 24764 -17.1199 -62.6632 -5.23766 1.5 1.2 1 0 0
1 24765 -19.9549 -62.7204 -2.54765 1.5 1.2 1 0 0
1 24766 -22.3216 -63.031 -3.50467 0.911163 1.2 1 0 0
1 24767 -17.7031 -61.9651 -2.96307 0.911223 1.2 1 0 0
1 24769 -18.2107 -62.6962 -2.10114 0.300069 1.2 1 0 0
1 24771 -18.9741 -60.9797 -4.03801 0.992685 1.2 1 0 0
1 24772 -20.2968 -61.8617 -4.57994 0.686975 1.2 1 0 0
1 24773 -19.3108 -62.9692 -4.68927 0.750187 1.2 1 0 0
1 24774 -17.4212 -68.2448 -3.40334 0.354846 1.2 1 0 0
1 24775 -16.0049 -67.0246 -4.69571 1.5 1.2 1 0 0
1 24776 -14.7218 -67.4915 -1.41111 1.5 1.2 1 0 0
1 24777 -15.7377 -65.6535 -2.70976 0.928044 1.2 1 0 0
1 24778 -17.3167 -67.1825 -2.22482 1.23522 1.2 1 0 0
1 24779 -16.9594 -69.3711 -4.12551 1.05794 1.2 1 0 0
1 24780 -16.2474 -70.5108 -3.40203 0.446789 1.2 1 0 0
1 24781 -16.4784 -68.7155 -5.58978 0.46675 1.2 1 0 0
1 24782 -22.7145 -67.3498 -1.19155 0.366434 1.2 1 0 0
1 24783 -22.1323 -67.7455 -3.05749 0.864231 1.2 1 0 0
1 24784 -21.7665 -65.232 -1.2718 0.647516 1.2 1 0 0
1 24785 -21.3761 -66.9824 -1.49367 1.03307 1.2 1 0 0
1 24786 -20.445 -67.0876 -0.377201 0.406139 1.2 1 0 0
1 24787 -22.3328 -67.5465 -0.621464 0.320054 1.2 1 0 0
1 24788 -21.5168 -65.3094 -3.40334 1.5 1.2 1 0 0
1 24789 -20.0378 -66.5325 -2.42381 0.530266 1.2 1 0 0
1 24790 -20.2954 -67.0259 -3.72615 0.216322 1.2 1 0 0
1 24791 -16.3007 -64.1758 -3.38838 0.560675 1.2 1 0 0
1 24792 -17.5153 -65.2022 -3.40334 1.02963 1.2 1 0 0
1 24793 -19.2688 -65.0892 -2.36109 0.967015 1.2 1 0 0
1 24794 -19.637 -65.125 -3.66553 0.384621 1.2 1 0 0
1 24795 -19.9437 -64.3903 -3.35537 0.322547 1.2 1 0 0
1 24796 -19.8003 -66.461 -3.49478 0.56904 1.2 1 0 0
1 24797 -17.3863 -65.8043 -4.63255 0.344272 1.2 1 0 0
1 24798 -17.1694 -65.5861 -5.62891 0.451317 1.2 1 0 0
1 24799 -18.8067 -70.6506 -3.93752 0.800018 1.2 1 0 0
1 24800 -19.3457 -70.2988 -2.95043 0.355353 1.2 1 0 0
1 24801 -19.4126 -68.4971 -3.40334 1.5 1.2 1 0 0
1 24802 -19.1676 -67.559 -4.94937 0.32392 1.2 1 0 0
1 24803 -23.2361 -67.3269 -0.34041 0.538302 1.2 1 0 0
1 24804 -23.1591 -67.6126 -1.00087 0.184044 1.2 1 0 0
1 24805 -24.3656 -67.8204 0.46317 0.924022 1.2 1 0 0
1 24806 -23.6338 -66.3752 0.227022 0.636184 1.2 1 0 0
1 24807 -24.5089 -66.0944 -0.097743 0.295175 1.2 1 0 0
1 24808 -24.1428 -66.2597 -1.8474 1.5 1.2 1 0 0
1 24809 -24.7674 -68.476 -1.82824 0.786224 1.2 1 0 0
1 24810 -29.7187 -68.5094 0.467171 0.353381 1.2 1 0 0
1 24811 -29.2368 -67.9898 1.60532 0.980041 1.2 1 0 0
1 24812 -28.3287 -69.3506 0.997282 0.707911 1.2 1 0 0
1 24813 -27.9265 -68.4399 1.30331 0.333633 1.2 1 0 0
1 24814 -27.6025 -67.4983 0.788599 0.785912 1.2 1 0 0
1 24815 -26.8428 -68.0937 1.00636 0.201317 1.2 1 0 0
1 24816 -26.351 -69.0764 -0.292437 1.5 1.2 1 0 0
1 24817 -27.5808 -67.7564 -1.40295 0.614132 1.2 1 0 0
1 24818 -24.6254 -69.6562 -1.15219 0.513201 1.2 1 0 0
1 24819 -24.1185 -70.4971 -1.56307 0.460357 1.2 1 0 0
1 24820 -23.2915 -71.4042 -2.57606 1.12176 1.2 1 0 0
1 24821 -24.3005 -69.9309 0.131909 0.761559 1.2 1 0 0
1 24822 -25.4283 -70.8993 1.10265 0.971644 1.2 1 0 0
1 24823 -25.0008 -71.4024 -0.548294 0.806402 1.2 1 0 0
1 24824 -25.5671 -70.6592 -2.30744 1.17638 1.2 1 0 0
1 24825 -24.5413 -70.9724 -3.85234 0.704372 1.2 1 0 0
1 24826 -29.2372 -67.336 -0.573702 1.28533 1.2 1 0 0
1 24827 -29.6187 -65.2601 -0.676757 0.787753 1.2 1 0 0
1 24828 -28.1353 -65.3493 -0.539996 0.606538 1.2 1 0 0
1 24829 -30.7967 -66.0499 -1.90504 1.08848 1.2 1 0 0
1 24830 -30.1611 -67.5628 -2.14101 0.548072 1.2 1 0 0
1 24831 -30.3483 -62.3324 -0.557822 0.486944 1.2 1 0 0
1 24832 -31.1511 -62.5078 -1.52678 0.486617 1.2 1 0 0
1 24833 -30.661 -62.6976 -1.06577 0.212454 1.2 1 0 0
1 24834 -28.8046 -65.4859 1.46289 1.5 1.2 1 0 0
1 24835 -28.7914 -63.2432 2.58029 0.992812 1.2 1 0 0
1 24836 -31.2799 -65.3029 2.18469 1.02607 1.2 1 0 0
1 24837 -32.166 -65.3979 0.945185 0.475941 1.2 1 0 0
1 24838 -29.7838 -62.7098 1.05103 0.906669 1.2 1 0 0
1 24839 -31.1913 -62.8787 1.31382 0.348806 1.2 1 0 0
1 24840 -30.1656 -64.5729 -2.1548 0.535662 1.2 1 0 0
1 24841 -30.2118 -65.4771 -3.23109 0.462478 1.2 1 0 0
1 24842 -29.6067 -62.9491 -2.00197 1.18842 1.2 1 0 0
1 24843 -30.7596 -62.3236 -3.11182 0.527325 1.2 1 0 0
1 24844 -30.9191 -63.9608 -4.29686 1.5 1.2 1 0 0
1 24845 -31.093 -65.9602 -3.62632 0.615443 1.2 1 0 0
1 24848 -25.208 -65.3806 -0.433026 0.47453 1.2 1 0 0
1 24849 -23.9944 -65.4521 0.080238 0.365612 1.2 1 0 0
1 24850 -27.2057 -64.4906 -1.1588 0.56331 1.2 1 0 0
1 24851 -27.1599 -64.9179 0.241455 0.623893 1.2 1 0 0
1 24852 -25.9375 -64.1503 -0.397348 0.954557 1.2 1 0 0
1 24853 -25.9398 -62.7977 -0.839885 0.468602 1.2 1 0 0
1 24854 -26.3228 -63.6092 1.62234 0.891705 1.2 1 0 0
1 24855 -26.3598 -63.1437 0.447865 0.37221 1.2 1 0 0
1 24856 -26.0846 -61.339 0.908606 1.5 1.2 1 0 0
1 24858 -27.9725 -62.1255 1.61508 0.661425 1.2 1 0 0
1 24859 -27.4644 -64.2047 2.46152 0.575784 1.2 1 0 0
1 24861 -27.9486 -63.1929 -0.059555 1.2921 1.2 1 0 0
1 24862 -28.4511 -61.9135 -1.4756 0.448656 1.2 1 0 0
1 24863 -24.5362 -64.2866 -3.0103 0.685635 1.2 1 0 0
1 24864 -23.9991 -62.956 -1.31435 1.5 1.2 1 0 0
1 24865 -23.2915 -64.4292 -2.74767 0.58669 1.2 1 0 0
1 24868 -24.3385 -62.3901 -3.93388 1.19766 1.2 1 0 0
1 24870 -25.0572 -66.4039 -3.83685 0.679352 1.2 1 0 0
1 24871 -25.8888 -66.3834 -2.86512 0.517219 1.2 1 0 0
1 24872 -25.6267 -65.3389 -3.9367 0.370876 1.2 1 0 0
1 24873 -28.3445 -65.3745 -2.63596 1.5 1.2 1 0 0
1 24874 -27.2592 -65.0371 -4.04423 0.281575 1.2 1 0 0
1 24875 -27.9962 -67.7164 -5.66973 1.30399 1.2 1 0 0
1 24876 -28.3234 -65.9832 -6.17577 0.530931 1.2 1 0 0
1 24877 -29.5678 -64.875 -5.25654 0.38634 1.2 1 0 0
1 24878 -30.782 -65.4143 -5.69234 0.519458 1.2 1 0 0
1 24879 -28.1836 -66.0395 -4.44875 0.437585 1.2 1 0 0
1 24880 -29.7385 -66.2749 -4.6728 1.12491 1.2 1 0 0
1 24881 -29.5011 -67.8443 -4.53554 0.449973 1.2 1 0 0
1 24882 -29.5407 -65.1081 -6.77287 1.08276 1.2 1 0 0
1 24883 -29.4157 -66.6496 -6.25145 0.526181 1.2 1 0 0
1 24884 -28.6457 -68.1282 -3.04094 1.29534 1.2 1 0 0
1 24885 -28.0033 -68.5645 -4.38597 0.233449 1.2 1 0 0
1 24886 -27.7907 -67.7808 -4.19726 0.184118 1.2 1 0 0
1 24887 -27.2898 -67.5749 -3.92823 0.416611 1.2 1 0 0
1 24888 -26.7668 -67.2661 -2.45604 0.793237 1.2 1 0 0
1 24889 -26.2904 -62.7641 -5.67731 1.38332 1.2 1 0 0
1 24890 -26.3503 -65.0925 -5.73 0.661126 1.2 1 0 0
1 24891 -28.5383 -62.9715 -4.13102 0.842168 1.2 1 0 0
1 24892 -28.0535 -64.6255 -5.16347 1.15122 1.2 1 0 0
1 24893 -19.4392 -66.6158 5.573 0.838076 1.2 1 0 0
1 24894 -18.8087 -65.8125 5.55984 0.176041 1.2 1 0 0
1 24895 -19.9254 -63.3728 3.30851 0.75172 1.2 1 0 0
1 24896 -20.1326 -64.4095 4.78051 0.456705 1.2 1 0 0
1 24897 -21.5723 -64.7041 8.32737 1.18362 1.2 1 0 0
1 24898 -22.9396 -65.4224 8.86255 0.450986 1.2 1 0 0
1 24899 -21.129 -60.9861 7.09004 1.25888 1.2 1 0 0
1 24900 -21.9657 -62.1872 8.34397 0.668596 1.2 1 0 0
1 24901 -22.4278 -61.795 7.52114 0.330891 1.2 1 0 0
1 24902 -29.362 -65.3582 4.90225 1.5 1.2 1 0 0
1 24903 -27.029 -64.8213 5.63752 1.00431 1.2 1 0 0
1 24904 -27.0139 -65.6169 3.60068 1.18248 1.2 1 0 0
1 24905 -27.7053 -65.6913 6.86247 0.643352 1.2 1 0 0
1 24906 -28.2251 -66.952 7.47958 0.63969 1.2 1 0 0
1 24907 -29.1703 -67.6071 4.1322 0.863869 1.2 1 0 0
1 24908 -28.2527 -68.5787 4.62797 0.480395 1.2 1 0 0
1 24909 -27.5132 -68.162 4.76935 0.304723 1.2 1 0 0
1 24910 -27.942 -67.5683 4.45732 0.271607 1.2 1 0 0
1 24911 -21.8814 -68.0605 9.01889 0.175301 1.2 1 0 0
1 24912 -22.7919 -67.0972 7.82598 1.49857 1.2 1 0 0
1 24913 -22.9445 -67.6416 9.90986 0.601697 1.2 1 0 0
1 24914 -22.5189 -68.2404 9.49581 0.237087 1.2 1 0 0
1 24915 -26.577 -66.2409 8.50562 1.42092 1.2 1 0 0
1 24916 -25.7546 -68.0155 7.88424 0.631313 1.2 1 0 0
1 24917 -24.6728 -67.3161 9.25482 0.872278 1.2 1 0 0
1 24918 -24.3807 -65.2492 8.53268 0.980224 1.2 1 0 0
1 24919 -25.0352 -65.599 3.78972 0.687211 1.2 1 0 0
1 24920 -24.952 -64.3747 5.17794 1.04673 1.2 1 0 0
1 24921 -25.5251 -66.8321 5.64035 1.5 1.2 1 0 0
1 24922 -25.4623 -68.727 4.48604 0.428152 1.2 1 0 0
1 24923 -25.9287 -69.6505 4.68272 0.61368 1.2 1 0 0
1 24924 -24.9362 -67.9757 3.58056 0.819476 1.2 1 0 0
1 24925 -25.4348 -67.5275 2.49876 0.453226 1.2 1 0 0
1 24926 -27.1942 -68.2255 2.99189 1.5 1.2 1 0 0
1 24931 -25.5486 -61.1649 4.66183 0.698209 1.2 1 0 0
1 24932 -25.306 -62.0428 5.39051 0.452258 1.2 1 0 0
1 24933 -24.6908 -62.895 5.81135 0.388243 1.2 1 0 0
1 24934 -24.9457 -61.7843 2.64441 0.623335 1.2 1 0 0
1 24935 -24.3481 -64.3269 3.06077 0.918193 1.2 1 0 0
1 24936 -25.7677 -64.2974 2.7509 0.532746 1.2 1 0 0
1 24937 -21.5586 -62.7693 4.32656 0.69581 1.2 1 0 0
1 24938 -22.0943 -62.2946 5.01819 0.299041 1.2 1 0 0
1 24939 -22.7088 -61.5899 6.34857 0.565748 1.2 1 0 0
1 24940 -21.6598 -61.0703 4.94252 0.938715 1.2 1 0 0
1 24941 -23.4515 -60.7469 1.68583 1.27305 1.2 1 0 0
1 24942 -24.1104 -63.034 1.53447 1.09615 1.2 1 0 0
1 24943 -22.8136 -62.9345 1.55914 0.204782 1.2 1 0 0
1 24944 -22.5165 -62.2654 1.81859 0.515243 1.2 1 0 0
1 24945 -18.5061 -67.6024 5.52498 0.502682 1.2 1 0 0
1 24946 -19.572 -67.7262 4.97746 0.416325 1.2 1 0 0
1 24947 -18.3684 -67.0269 4.62435 0.57463 1.2 1 0 0
1 24948 -21.4237 -67.4801 4.53941 1.5 1.2 1 0 0
1 24949 -20.5195 -67.7271 2.63413 0.621755 1.2 1 0 0
1 24950 -19.6178 -68.1345 6.2683 0.811482 1.2 1 0 0
1 24951 -21.3217 -67.8226 6.63609 0.525049 1.2 1 0 0
1 24952 -18.5339 -69.023 4.02202 1.5 1.2 1 0 0
1 24953 -20.1366 -69.7555 5.02725 0.388533 1.2 1 0 0
1 24954 -19.6035 -71.1122 3.61451 0.882264 1.2 1 0 0
1 24955 -23.2352 -65.6222 1.81184 0.660764 1.2 1 0 0
1 24956 -23.5859 -66.5888 3.288 1.13818 1.2 1 0 0
1 24957 -22.3317 -65.328 1.37453 0.2979 1.2 1 0 0
1 24958 -25.3927 -68.386 1.61276 0.718019 1.2 1 0 0
1 24959 -24.2794 -67.6473 2.02254 0.647292 1.2 1 0 0
1 24960 -23.1685 -68.1988 3.69202 0.566721 1.2 1 0 0
1 24961 -21.5793 -68.7193 2.58604 0.818531 1.2 1 0 0
1 24962 -22.6908 -67.9018 2.63226 0.562067 1.2 1 0 0
1 24963 -22.692 -68.3791 6.27203 0.486028 1.2 1 0 0
1 24964 -23.0703 -70.7379 4.83077 0.434281 1.2 1 0 0
1 24965 -22.5085 -71.3748 2.80355 0.466159 1.2 1 0 0
1 24966 -22.0807 -70.5943 2.4773 0.331181 1.2 1 0 0
1 24967 -21.9983 -72.0235 1.95086 0.702291 1.2 1 0 0
1 24968 -22.3168 -70.9587 1.87135 0.411897 1.2 1 0 0
1 24969 -24.8151 -70.7787 3.62119 0.513869 1.2 1 0 0
1 24970 -25.9686 -70.2496 2.85264 0.830123 1.2 1 0 0
1 24971 -19.4281 -68.1747 -9.8736 0.656183 1.2 1 0 0
1 24973 -21.0961 -66.0499 -9.23766 0.926469 1.2 1 0 0
1 24974 -19.6646 -66.2754 -9.54582 0.555065 1.2 1 0 0
1 24975 -20.2681 -64.8059 -7.73516 1.04639 1.2 1 0 0
1 24976 -20.4229 -64.8553 -6.3205 0.377576 1.2 1 0 0
1 24977 -18.9976 -65.8744 -7.48879 0.625965 1.2 1 0 0
1 24978 -19.0903 -65.7804 -5.34582 1.5 1.2 1 0 0
1 24979 -17.7469 -64.813 -8.6262 0.37637 1.2 1 0 0
1 24980 -19.0246 -64.3326 -9.92131 1.5 1.2 1 0 0
1 24981 -17.3496 -67.0038 -5.99865 0.348701 1.2 1 0 0
1 24982 -18.0936 -66.8831 -6.4282 0.327924 1.2 1 0 0
1 24983 -17.4077 -67.9737 -7.3839 0.484428 1.2 1 0 0
1 24984 -18.1985 -68.4399 -7.54925 0.446739 1.2 1 0 0
1 24985 -19.4094 -68.082 -5.05939 0.206233 1.2 1 0 0
1 24986 -20.6047 -66.833 -5.75143 0.328016 1.2 1 0 0
1 24987 -20.0893 -67.7582 -5.61875 0.731891 1.2 1 0 0
1 24988 -18.9225 -70.5492 -5.07993 0.347279 1.2 1 0 0
1 24989 -19.8196 -69.8013 -5.63243 0.944779 1.2 1 0 0
1 24990 -19.3568 -62.6398 -6.00417 0.491907 1.2 1 0 0
1 24991 -19.8377 -62.2184 -5.44753 0.355889 1.2 1 0 0
1 24992 -19.468 -60.6957 -6.46944 1.5 1.2 1 0 0
1 24993 -20.3166 -62.7901 -8.88974 0.696136 1.2 1 0 0
1 24994 -19.7257 -62.016 -8.21983 0.469728 1.2 1 0 0
1 24996 -24.1634 -65.2414 -8.2847 0.6558 1.2 1 0 0
1 24997 -24.9686 -65.9365 -9.44775 0.688314 1.2 1 0 0
1 24998 -25.1394 -65.6838 -8.38568 0.405359 1.2 1 0 0
1 24999 -26.0813 -67.5538 -9.73316 1.21371 1.2 1 0 0
1 25001 -25.8105 -63.3305 -7.50549 0.585994 1.2 1 0 0
1 25002 -27.2665 -63.5476 -8.02798 0.954376 1.2 1 0 0
1 25003 -28.9041 -64.6823 -8.39647 0.709383 1.2 1 0 0
1 25004 -27.8393 -64.6855 -8.37231 0.355738 1.2 1 0 0
1 25005 -28.5553 -66.0499 -8.78983 0.453073 1.2 1 0 0
1 25006 -27.7155 -66.7545 -9.41825 0.564005 1.2 1 0 0
1 25007 -27.7935 -65.0289 -9.9736 1.25048 1.2 1 0 0
1 25008 -27.4219 -67.7247 -8.61663 0.524601 1.2 1 0 0
1 25009 -27.152 -68.3013 -7.48206 0.776364 1.2 1 0 0
1 25010 -24.8652 -68.658 -8.75318 0.666845 1.2 1 0 0
1 25011 -26.2063 -68.1574 -8.21463 0.425141 1.2 1 0 0
1 25013 -25.4634 -64.1669 -9.03202 1.18894 1.2 1 0 0
1 25014 -23.6991 -62.2822 -5.75099 0.727235 1.2 1 0 0
1 25015 -24.5456 -63.1413 -6.04077 0.435985 1.2 1 0 0
1 25016 -24.7493 -61.9066 -5.88158 0.391978 1.2 1 0 0
1 25017 -21.7192 -62.4868 -4.39468 0.271621 1.2 1 0 0
1 25018 -22.1817 -60.7764 -4.34783 1.5 1.2 1 0 0
1 25019 -23.049 -62.9692 -4.92521 0.524787 1.2 1 0 0
1 25020 -22.3163 -62.589 -4.61487 0.283794 1.2 1 0 0
1 25021 -22.4584 -62.1825 -8.38913 0.376736 1.2 1 0 0
1 25022 -23.1586 -62.9449 -6.57731 0.461919 1.2 1 0 0
1 25023 -22.058 -68.7711 -5.30593 1.5 1.2 1 0 0
1 25024 -20.7867 -67.1656 -4.4836 0.697211 1.2 1 0 0
1 25025 -22.6226 -70.6782 -6.05846 0.615008 1.2 1 0 0
1 25026 -24.1877 -70.2565 -5.59209 1.07142 1.2 1 0 0
1 25027 -22.8219 -71.0596 -4.68034 0.75658 1.2 1 0 0
1 25028 -21.3862 -70.7721 -5.43515 0.614215 1.2 1 0 0
1 25029 -23.0949 -68.727 -7.22237 0.679423 1.2 1 0 0
1 25030 -22.015 -68.0418 -7.27482 0.60008 1.2 1 0 0
1 25031 -21.5487 -64.9279 -5.21788 0.354212 1.2 1 0 0
1 25032 -22.6811 -64.5337 -6.08044 0.363921 1.2 1 0 0
1 25033 -21.9698 -65.3268 -8.11167 0.404543 1.2 1 0 0
1 25034 -23.0336 -65.3307 -8.05414 0.484521 1.2 1 0 0
1 25035 -24.1942 -67.8783 -4.60022 0.177516 1.2 1 0 0
1 25036 -23.9932 -68.1261 -5.24547 0.540735 1.2 1 0 0
1 25037 -25.5059 -66.5733 -5.63261 0.676789 1.2 1 0 0
1 25038 -24.2701 -64.8205 -5.1175 1.5 1.2 1 0 0
1 25039 -23.158 -65.7522 -4.02623 0.306595 1.2 1 0 0
1 25040 -23.4885 -67.0265 -4.15251 1.01585 1.2 1 0 0
1 25041 -23.7626 -66.9198 -5.87196 0.715071 1.2 1 0 0
1 25042 -24.5281 -66.0751 -7.08609 0.848614 1.2 1 0 0
1 25048 -20.7535 -67.2181 -11.36 1.5 1.2 1 0 0
1 25056 -21.3688 -67.7807 -9.42359 0.573284 1.2 1 0 0
1 25062 -22.1628 -63.8699 -9.38817 1.5 1.2 1 0 0
1 25254 -25.5167 -61.9388 9.98218 0.314505 1.2 1 0 0
1 25255 -28.8906 -61.4819 10.6021 1.5 1.2 1 0 0
1 25256 -27.6455 -62.5524 10.0332 0.236421 1.2 1 0 0
1 25259 -26.7156 -62.0737 10.0769 0.810354 1.2 1 0 0
1 25260 -27.2745 -61.8441 8.43589 0.601565 1.2 1 0 0
1 25262 -27.7143 -62.4673 9.27532 0.528458 1.2 1 0 0
1 25263 -25.5441 -65.1466 11.7904 0.96929 1.2 1 0 0
1 25264 -24.9965 -65.757 11.0066 0.165141 1.2 1 0 0
1 25265 -28.6457 -63.1688 11.4326 0.39494 1.2 1 0 0
1 25266 -27.9121 -62.91 12.4697 0.894777 1.2 1 0 0
1 25267 -26.9831 -61.9444 11.5512 0.674518 1.2 1 0 0
1 25268 -26.6922 -62.7352 11.0813 0.28538 1.2 1 0 0
1 25269 -23.9745 -63.6531 9.57703 0.850561 1.2 1 0 0
1 25270 -22.976 -62.5462 9.18306 0.57566 1.2 1 0 0
1 25271 -25.5273 -60.6957 8.64809 1.5 1.2 1 0 0
1 25272 -25.238 -62.2675 7.58217 0.421014 1.2 1 0 0
1 25273 -24.719 -62.4312 9.47029 0.579846 1.2 1 0 0
1 25274 -25.8324 -63.3465 8.60246 1.10174 1.2 1 0 0
1 25275 -25.996 -62.8893 6.46161 1.063 1.2 1 0 0
1 25276 -25.3699 -61.1831 6.23064 0.742858 1.2 1 0 0
1 25277 -24.5484 -61.4739 7.08596 0.478206 1.2 1 0 0
1 25278 -28.6457 -60.8878 7.79028 1.1736 1.2 1 0 0
1 25296 -28.6928 -60.6969 3.06841 1.5 1.2 1 0 0
1 25312 -31.1515 -61.286 10.5938 0.7694 1.2 1 0 0
1 25334 -28.0142 -65.3368 7.95246 0.360674 1.2 1 0 0
1 25335 -28.2169 -63.5181 7.57577 1.5 1.2 1 0 0
1 25336 -27.7224 -64.8745 8.73003 0.348464 1.2 1 0 0
1 25337 -30.4976 -64.5496 8.05354 0.540614 1.2 1 0 0
1 25338 -30.5809 -65.1436 6.9504 0.715037 1.2 1 0 0
1 25339 -28.563 -65.6368 9.18431 0.706602 1.2 1 0 0
1 25340 -29.6521 -64.7399 9.01255 0.711562 1.2 1 0 0
1 25341 -29.5494 -61.5841 6.44155 0.551543 1.2 1 0 0
1 25342 -30.0393 -61.9591 7.70772 0.570808 1.2 1 0 0
1 25343 -31.9222 -62.7421 8.14768 0.550731 1.2 1 0 0
1 25344 -32.9063 -61.8872 6.79254 0.703168 1.2 1 0 0
1 25345 -31.6173 -60.7054 8.43025 1.5 1.2 1 0 0
1 25346 -30.8478 -62.2323 7.87474 0.292756 1.2 1 0 0
1 25347 -32.9258 -63.1124 5.68525 0.42811 1.2 1 0 0
1 25348 -31.0977 -63.0445 6.2944 1.5 1.2 1 0 0
1 25349 -29.5485 -63.7899 10.4069 0.643365 1.2 1 0 0
1 25350 -29.4898 -63.1032 11.5155 0.455057 1.2 1 0 0
1 25351 -30.4224 -63.0337 9.00981 1.16041 1.2 1 0 0
1 25353 -31.5291 -64.7371 4.25683 0.844906 1.2 1 0 0
1 25354 -30.521 -64.0162 4.24203 0.38014 1.2 1 0 0
1 25355 -27.4089 -62.6095 5.8221 0.512776 1.2 1 0 0
1 25356 -31.2467 -65.0682 5.80199 0.586893 1.2 1 0 0
1 25357 -30.0343 -62.8172 4.89678 0.270791 1.2 1 0 0
1 25358 -30.0402 -61.4943 4.5493 0.631599 1.2 1 0 0
1 25359 -29.8644 -63.4039 4.43768 0.491809 1.2 1 0 0
1 25644 -31.1704 -62.6334 3.14615 1.5 1.2 1 0 0
1 25645 -31.7195 -59.8482 3.46712 1.34241 1.2 1 0 0
1 25654 -33.1955 -61.7484 4.77628 1.23278 1.2 1 0 0
1 25655 -32.7623 -61.9075 1.90739 0.640305 1.2 1 0 0
1 25656 -32.9885 -63.6184 1.95086 0.888397 1.2 1 0 0
1 25657 -33.3912 -62.5499 1.83169 0.259694 1.2 1 0 0
1 25659 -35.4186 -61.9356 1.39605 0.270617 1.2 1 0 0
1 25788 -27.8293 -60.7119 -5.55943 0.932892 1.2 1 0 0
1 25789 -27.9017 -62.0603 -4.93422 0.525537 1.2 1 0 0
1 25790 -30.847 -62.1769 -5.3811 0.540393 1.2 1 0 0
1 25792 -31.2418 -61.6557 -4.25462 0.679609 1.2 1 0 0
1 25793 -29.3119 -60.8208 -3.61781 1.5 1.2 1 0 0
1 25794 -29.6751 -62.4012 -4.74803 0.475988 1.2 1 0 0
1 25796 -29.0169 -62.5848 -6.60208 1.5 1.2 1 0 0
1 25801 -33.7651 -63.0816 -3.40334 0.424705 1.2 1 0 0
1 25802 -34.7524 -60.922 -3.97315 1.12823 1.2 1 0 0
1 25803 -33.1876 -62.9433 -4.54335 0.843761 1.2 1 0 0
1 25806 -32.4592 -61.0713 -5.96548 1.5 1.2 1 0 0
1 25808 -31.3296 -61.4926 -0.709936 0.810126 1.2 1 0 0
1 25810 -34.734 -62.2259 -1.76861 0.703354 1.2 1 0 0
1 25811 -33.8401 -62.0882 -1.20335 0.358873 1.2 1 0 0
1 25815 -32.1772 -63.2907 -6.02928 0.738173 1.2 1 0 0
1 25816 -33.2217 -62.8412 -5.83684 0.414999 1.2 1 0 0
1 25825 -29.2174 -60.7045 -0.153418 1.5 1.2 1 0 0
1 25827 -25.6381 -60.1431 -4.66813 1.5 1.2 1 0 0
1 25966 -20.0487 -61.3928 -9.11849 0.66352 1.2 1 0 0
1 25968 -20.1432 -61.8295 -11.2354 1.5 1.2 1 0 0
1 25969 -21.4099 -59.7393 -9.47276 1.5 1.2 1 0 0
1 25973 -22.3791 -61.6942 -9.46375 0.682036 1.2 1 0 0
1 26028 -29.267 -63.3696 -9.45014 0.998086 1.2 1 0 0
1 26029 -28.6287 -61.7551 -8.61614 0.712595 1.2 1 0 0
1 26030 -26.7051 -61.7145 -7.93919 0.964831 1.2 1 0 0
1 26031 -27.2402 -62.5844 -7.119 0.345017 1.2 1 0 0
1 26269 -19.9296 -61.4913 19.2478 0.588159 1.2 1 0 0
1 26278 -23.105 -61.3346 17.3842 0.801649 1.2 1 0 0
1 26321 -24.8163 -60.9801 13.4031 0.740288 1.2 1 0 0
1 26322 -27.1978 -62.9472 13.7105 0.483839 1.2 1 0 0
1 26325 -26.2253 -61.0041 15.6869 0.809959 1.2 1 0 0
1 26542 -11.6596 -60.0009 21.1925 1.3762 1.2 1 0 0
1 26543 -13.4013 -61.2747 20.5066 0.887952 1.2 1 0 0
1 26545 -11.5718 -62.6096 19.2463 0.770449 1.2 1 0 0
1 26546 -11.9051 -61.6921 18.4114 0.443133 1.2 1 0 0
1 26648 -3.39491 -61.1673 14.0089 1.01135 1.2 1 0 0
1 26652 -5.23401 -61.9147 17.8095 0.654822 1.2 1 0 0
1 26653 -5.04111 -62.5191 16.7837 0.473274 1.2 1 0 0
1 26654 -5.81319 -62.0243 17.0073 0.338445 1.2 1 0 0
1 26655 -5.1387 -62.4641 14.2538 1.00711 1.2 1 0 0
1 26656 -4.16528 -62.3887 15.4337 0.419798 1.2 1 0 0
1 26657 -7.83464 -61.8838 20.1295 0.627604 1.2 1 0 0
1 26658 -8.71052 -62.6159 19.2932 0.707616 1.2 1 0 0
1 26659 -8.9806 -61.7199 18.7673 0.36451 1.2 1 0 0
1 26660 -10.4216 -60.4433 18.5353 1.5 1.2 1 0 0
1 26662 -7.26761 -61.2969 18.1646 1.5 1.2 1 0 0
1 26667 -7.22889 -63.2477 17.5575 0.543406 1.2 1 0 0
1 26668 -6.5459 -63.002 18.085 0.353232 1.2 1 0 0
1 26682 -8.14108 -60.6957 14.6991 1.5 1.2 1 0 0
1 26689 -5.35881 -63.1358 12.8811 0.536923 1.2 1 0 0
1 26690 -5.9225 -62.3956 12.8582 0.393444 1.2 1 0 0
1 26691 -5.168 -62.212 10.6644 0.637895 1.2 1 0 0
1 26692 -5.89713 -63.1192 10.4928 0.302637 1.2 1 0 0
1 26693 -11.012 -65.2257 10.9624 0.310323 1.2 1 0 0
1 26694 -11.8202 -65.3199 10.3596 0.666808 1.2 1 0 0
1 26695 -14.562 -65.6165 9.3617 0.89311 1.2 1 0 0
1 26696 -14.6547 -64.8426 10.2615 0.285666 1.2 1 0 0
1 26697 -11.611 -62.5148 11.2419 0.813447 1.2 1 0 0
1 26698 -12.8282 -61.8881 11.0215 0.472611 1.2 1 0 0
1 26699 -11.9013 -62.5606 13.1717 0.53429 1.2 1 0 0
1 26700 -11.7473 -63.1796 15.2578 1.5 1.2 1 0 0
1 26701 -12.569 -60.7057 12.579 1.5 1.2 1 0 0
1 26703 -7.69541 -63.9948 16.0421 0.43627 1.2 1 0 0
1 26704 -10.2584 -64.6343 14.3879 0.707335 1.2 1 0 0
1 26705 -9.6388 -62.1369 9.448 0.539282 1.2 1 0 0
1 26706 -9.63222 -63.0269 9.61341 0.343405 1.2 1 0 0
1 26717 -11.6725 -62.524 8.47228 0.963817 1.2 1 0 0
1 26718 -10.8992 -62.6865 6.7272 0.918445 1.2 1 0 0
1 26722 -19.7873 -61.2575 10.4439 0.71822 1.2 1 0 0
1 26723 -19.5715 -62.2218 9.6464 0.463909 1.2 1 0 0
1 26724 -18.2479 -60.4146 11.8329 1.5 1.2 1 0 0
1 26726 -19.0812 -61.157 8.88841 0.924335 1.2 1 0 0
1 26729 -21.4013 -60.7524 12.3418 1.35001 1.2 1 0 0
1 26731 -23.3375 -61.116 10.1265 1.17539 1.2 1 0 0
1 26744 -20.798 -59.5257 9.4072 1.5 1.2 1 0 0
1 26748 -22.7669 -62.1981 11.8694 0.660131 1.2 1 0 0
1 26749 -23.5766 -60.9945 12.2372 0.83636 1.2 1 0 0
1 26750 -21.8357 -61.8526 13.6546 0.417107 1.2 1 0 0
1 26751 -22.9654 -61.4785 13.6113 0.679755 1.2 1 0 0
1 26752 -21.3226 -62.8581 10.4049 1.5 1.2 1 0 0
1 26753 -22.2631 -63.0713 11.9383 0.311535 1.2 1 0 0
1 26754 -19.8525 -62.1758 15.984 0.554175 1.2 1 0 0
1 26755 -20.5083 -62.838 15.735 0.4043 1.2 1 0 0
1 26756 -21.8431 -61.9543 15.1047 0.859833 1.2 1 0 0
1 26757 -20.8142 -60.3762 14.8588 1.02171 1.2 1 0 0
1 26758 -21.5158 -62.9651 16.4859 0.858482 1.2 1 0 0
1 26759 -20.2313 -63.3706 16.6691 0.500895 1.2 1 0 0
1 26760 -21.5819 -65.6835 12.6007 1.05655 1.2 1 0 0
1 26761 -21.763 -64.2573 11.8476 0.557493 1.2 1 0 0
1 26762 -24.9577 -62.7347 11.514 1.5 1.2 1 0 0
1 26763 -24.6821 -64.808 13.1957 0.713754 1.2 1 0 0
1 26764 -23.2608 -65.6269 12.9224 0.625541 1.2 1 0 0
1 26765 -22.6601 -65.068 12.7233 0.159284 1.2 1 0 0
1 26766 -23.3533 -65.6281 10.7581 1.5 1.2 1 0 0
1 26767 -22.9995 -63.5165 11.4863 0.601187 1.2 1 0 0
1 26768 -23.329 -62.8395 10.4009 0.475137 1.2 1 0 0
1 26769 -22.1574 -65.9715 9.27182 0.438335 1.2 1 0 0
1 26770 -21.1222 -67.006 9.98958 1.16374 1.2 1 0 0
1 26771 -22.2432 -67.9718 10.2313 0.237492 1.2 1 0 0
1 26772 -20.5506 -65.4625 9.51781 0.536714 1.2 1 0 0
1 26773 -21.3347 -65.0846 10.7529 0.590456 1.2 1 0 0
1 26774 -19.3919 -66.2033 7.87957 1.5 1.2 1 0 0
1 26775 -19.1326 -68.0192 8.22825 0.352972 1.2 1 0 0
1 26779 -13.6641 -60.7714 15.33 1.37434 1.2 1 0 0
1 26780 -14.8969 -61.8892 16.3248 0.544795 1.2 1 0 0
1 26781 -14.3151 -62.4926 15.9626 0.34309 1.2 1 0 0
1 26782 -11.4149 -61.9739 17.2645 0.697393 1.2 1 0 0
1 26783 -11.0804 -62.7595 16.832 0.259801 1.2 1 0 0
1 26784 -12.1363 -63.4464 17.7405 0.940699 1.2 1 0 0
1 26785 -13.8158 -61.6909 18.049 1.5 1.2 1 0 0
1 26794 -16.3523 -61.2671 12.6593 0.733594 1.2 1 0 0
1 26795 -17.4999 -61.8035 13.4283 0.699543 1.2 1 0 0
1 26798 -16.783 -64.7389 15.5406 0.809304 1.2 1 0 0
1 26799 -17.7195 -63.1512 14.3478 0.662842 1.2 1 0 0
1 26800 -18.8677 -61.5815 16.6012 0.561991 1.2 1 0 0
1 26801 -17.9372 -61.8186 16.5763 0.395763 1.2 1 0 0
1 26802 -19.4989 -62.2275 16.8383 0.371824 1.2 1 0 0
1 26803 -19.689 -62.8046 17.7234 0.699484 1.2 1 0 0
1 26804 -16.9769 -62.2227 15.8777 0.445937 1.2 1 0 0
1 26805 -16.2011 -61.4151 16.5948 0.868879 1.2 1 0 0
1 26820 -15.051 -65.2566 5.42553 0.314955 1.2 1 0 0
1 26821 -14.025 -65.4126 6.22415 0.584901 1.2 1 0 0
1 26822 -15.2602 -67.6196 4.82867 0.513928 1.2 1 0 0
1 26823 -17.356 -66.0346 5.91729 1.33267 1.2 1 0 0
1 26824 -16.5922 -67.9301 5.37858 0.718641 1.2 1 0 0
1 26825 -15.2703 -66.3938 5.41145 0.843338 1.2 1 0 0
1 26826 -15.114 -66.0335 7.24116 0.648989 1.2 1 0 0
1 26827 -15.7949 -64.9119 4.82216 0.571251 1.2 1 0 0
1 26828 -16.6472 -65.0441 4.73905 0.295159 1.2 1 0 0
1 26829 -17.5841 -63.9536 4.62797 1.08916 1.2 1 0 0
1 26830 -16.3984 -62.8637 5.07468 0.579414 1.2 1 0 0
1 26831 -12.7794 -63.6639 6.94206 1.21153 1.2 1 0 0
1 26832 -14.0635 -65.2779 7.47655 0.591241 1.2 1 0 0
1 26833 -17.3477 -62.4658 7.56976 0.291014 1.2 1 0 0
1 26834 -17.0869 -61.9976 6.31557 1.07288 1.2 1 0 0
1 26835 -16.7254 -63.0368 8.01646 0.553983 1.2 1 0 0
1 26836 -16.6043 -62.7338 8.64471 0.15397 1.2 1 0 0
1 26837 -15.3229 -62.4866 8.84545 1.16554 1.2 1 0 0
1 26838 -14.1335 -62.6961 7.58911 0.574139 1.2 1 0 0
1 26839 -12.3249 -64.4306 2.14082 0.998901 1.2 1 0 0
1 26840 -13.906 -65.5058 2.07697 0.910905 1.2 1 0 0
1 26841 -14.7011 -64.1586 1.95087 0.62455 1.2 1 0 0
1 26842 -14.7077 -69.8542 2.49192 0.569108 1.2 1 0 0
1 26843 -15.9676 -68.595 3.67746 1.12211 1.2 1 0 0
1 26876 -18.2811 -59.7626 6.761 1.5 1.2 1 0 0
1 26877 -18.1547 -61.8859 7.74687 0.716319 1.2 1 0 0
1 26878 -14.8989 -61.5081 10.1952 0.548498 1.2 1 0 0
1 26884 -15.5815 -61.1348 7.08357 0.791077 1.2 1 0 0
1 26891 -10.6819 -60.963 4.69871 1.32646 1.2 1 0 0
1 26892 -12.8294 -62.5887 3.7525 1.5 1.2 1 0 0
1 26894 -11.3166 -62.8758 5.13987 0.572608 1.2 1 0 0
1 26895 -12.0647 -62.0517 5.80701 0.696555 1.2 1 0 0
1 26896 -11.9508 -62.6745 6.41581 0.178393 1.2 1 0 0
1 26897 -11.6394 -62.174 4.9482 0.223279 1.2 1 0 0
1 26900 -15.8656 -60.6957 4.45925 1.5 1.2 1 0 0
1 26907 -13.9268 -61.6966 6.09597 1.21613 1.2 1 0 0
1 26909 -12.5776 -62.1386 7.40746 0.395902 1.2 1 0 0
1 26910 -11.8597 -60.382 7.2692 1.5 1.2 1 0 0
1 26917 -13.8197 -60.6955 2.55649 0.885592 1.2 1 0 0
1 26919 -14.5061 -61.9983 2.35773 0.600354 1.2 1 0 0
1 32022 -20.258 -68.6878 -6.23723 0.395828 1.2 1 0 0
1 32023 -19.5287 -67.9241 -6.28411 0.151144 1.2 1 0 0
1 43434 -14.3239 -63.8453 -3.91019 1.5 1.2 3 0 0
1 46220 -12.5674 -62.3422 -5.02636 0.551614 1.2 3 0 0
1 46221 -12.0491 -62.9433 -3.27383 0.464102 1.2 3 0 0
1 46223 -14.9507 -62.1035 -1.99298 1.05897 1.2 3 0 0
1 46225 -14.4204 -62.0781 -3.31284 0.363538 1.2 3 0 0
1 46226 -14.0664 -65.8849 -4.78067 0.513149 1.2 3 0 0
1 46227 -13.186 -64.434 -5.02608 0.162386 1.2 3 0 0
1 46228 -12.5632 -65.2182 -4.11888 0.0235241 1.2 3 0 0
1 46229 -12.0885 -63.9411 -3.47945 0.42098 1.2 3 0 0
1 46232 -14.0049 -60.6957 -5.9425 1.5 1.2 3 0 0
1 46234 -16.9276 -60.4806 -3.91209 1.01371 1.2 3 0 0
1 46236 -16.1383 -62.531 -3.25249 0.718514 1.2 3 0 0
1 46237 -14.7404 -61.3674 -4.00372 0.672595 1.2 3 0 0
1 46238 -15.2602 -62.2121 -4.7378 0.477786 1.2 3 0 0
1 46239 -15.5083 -62.8598 -4.67627 0.217854 1.2 3 0 0
1 46240 -13.953 -62.066 -4.56159 0.430598 1.2 3 0 0
1 46241 -15.1226 -62.4449 -5.7811 0.581345 1.2 3 0 0
1 46242 -13.9408 -62.6455 -5.46772 0.503043 1.2 3 0 0
1 46243 -11.9985 -66.0499 -1.55761 0.565414 1.2 3 0 0
1 46244 -11.2516 -65.4564 -0.579648 0.422652 1.2 3 0 0
1 46245 -11.6041 -65.376 -2.74227 0.444243 1.2 3 0 0
1 46246 -14.2634 -64.9624 -1.62066 1.02848 1.2 3 0 0
1 46247 -13.0933 -66.1284 -2.9881 1.09724 1.2 3 0 0
1 46248 -14.2896 -62.7808 0.386934 1.5 1.2 3 0 0
1 46249 -13.4849 -64.1187 -0.495382 0.2916 1.2 3 0 0
1 46250 -11.9793 -63.8817 -1.43718 1.5 1.2 3 0 0
1 46251 -13.9725 -67.7209 -4.05902 0.69175 1.2 3 0 0
1 46252 -13.4021 -68.2597 -2.90113 0.628526 1.2 3 0 0
1 46253 -15.0039 -68.0494 -3.30331 0.492784 1.2 3 0 0
1 46254 -12.9512 -68.1485 -0.204242 0.736967 1.2 3 0 0
1 46255 -12.1004 -62.5368 -8.34272 -0.0017479 1.2 3 0 0
1 46256 -12.7189 -62.3529 -7.23271 0.308406 1.2 3 0 0
1 46257 -14.3427 -61.9857 -7.67254 0.679125 1.2 3 0 0
1 46258 -13.8476 -62.8057 -8.18139 0.393709 1.2 3 0 0
1 46259 -16.2773 -62.2775 -8.15559 0.183423 1.2 3 0 0
1 46260 -17.1692 -62.4804 -8.34539 0.423096 1.2 3 0 0
1 46261 -16.3911 -62.8831 -7.39834 0.790852 1.2 3 0 0
1 46262 -14.8843 -66.1635 -6.17586 0.413536 1.2 3 0 0
1 46263 -16.0746 -64.7684 -5.42255 0.844741 1.2 3 0 0
1 46264 -15.0297 -65.8579 -7.4012 0.320242 1.2 3 0 0
1 46265 -16.879 -66.0499 -7.51071 1.5 1.2 3 0 0
1 46266 -15.3818 -64.6687 -8.54198 0.5085 1.2 3 0 0
1 46267 -14.6268 -63.8198 -6.77012 1.11676 1.2 3 0 0
1 46293 -13.1927 -61.1297 -9.19294 0.848859 1.2 3 0 0
1 46317 -10.9379 -61.9297 -3.1079 0.590549 1.2 3 0 0
1 46322 -14.8991 -59.6412 -2.68759 1.5 1.2 3 0 0
1 46332 -9.95494 -59.4781 1.30723 1.5 1.2 3 0 0
1 46334 -9.54566 -61.24 -0.024539 0.726507 1.2 3 0 0
1 46339 -11.1734 -62.3747 1.18804 1.4981 1.2 3 0 0
1 46340 -11.2864 -60.6957 -1.30161 1.5 1.2 3 0 0
1 46375 -15.3241 -62.7749 -9.45092 1.5 1.2 3 0 0
1 46704 -15.4412 -65.4066 0.407898 1.35892 1.2 3 0 0
1 46705 -20.5645 -64.2288 -0.306747 1.10304 1.2 3 0 0
1 46706 -17.2612 -61.5836 2.69724 0.69494 1.2 3 0 0
1 46707 -17.007 -62.2321 0.396671 0.59997 1.2 3 0 0
1 46708 -19.0716 -62.7633 -0.213697 0.984373 1.2 3 0 0
1 46709 -17.9357 -65.5038 2.09054 0.474686 1.2 3 0 0
1 46710 -18.7682 -66.1078 -0.17064 1.5 1.2 3 0 0
1 46711 -16.8999 -69.6226 1.26263 1.5 1.2 3 0 0
1 46712 -16.5838 -68.404 -0.582074 0.733188 1.2 3 0 0
1 46713 -21.4326 -70.4582 -0.290047 0.511197 1.2 3 0 0
1 46714 -22.6639 -69.2135 -1.27971 1.5 1.2 3 0 0
1 46716 -18.3101 -60.5281 0.597804 1.5 1.2 3 0 0
1 46717 -15.3106 -69.4904 -2.85188 1.02888 1.2 3 0 0
1 46718 -20.5848 -68.0308 -2.01163 0.378363 1.2 3 0 0
1 46719 -18.941 -64.2442 -3.76822 0.699917 1.2 3 0 0
1 46720 -21.1015 -70.7629 -3.51382 1.32812 1.2 3 0 0
1 46721 -18.7833 -67.6063 -1.57971 0.422081 1.2 3 0 0
1 46722 -24.7993 -68.1381 -0.710926 0.360995 1.2 3 0 0
1 46723 -27.0381 -70.3225 1.39787 0.703747 1.2 3 0 0
1 46724 -25.3973 -67.2548 -0.365064 0.511252 1.2 3 0 0
1 46725 -26.6586 -66.272 -0.784804 1.14189 1.2 3 0 0
1 46726 -25.3592 -65.8558 1.4775 1.5 1.2 3 0 0
1 46727 -27.4796 -69.9377 -2.15998 0.845931 1.2 3 0 0
1 46728 -30.888 -66.9546 -0.726237 0.400244 1.2 3 0 0
1 46729 -30.9113 -66.2595 0.508571 0.938721 1.2 3 0 0
1 46730 -33.816 -63.2723 -1.49546 0.715198 1.2 3 0 0
1 46731 -31.451 -63.9424 -0.183881 1.5 1.2 3 0 0
1 46732 -32.9079 -62.8282 -0.888671 0.463795 1.2 3 0 0
1 46733 -30.2368 -66.8247 3.016 0.866825 1.2 3 0 0
1 46734 -32.4819 -64.1974 -2.40333 0.960437 1.2 3 0 0
1 46735 -25.434 -62.5985 -0.242631 0.326169 1.2 3 0 0
1 46736 -24.1164 -61.719 0.307648 0.539779 1.2 3 0 0
1 46737 -25.6824 -61.8399 -1.0344 0.529548 1.2 3 0 0
1 46738 -25.2652 -63.1148 0.399649 0.514965 1.2 3 0 0
1 46739 -26.9041 -62.444 -2.53827 1.5 1.2 3 0 0
1 46740 -25.9686 -64.9558 -2.75717 0.915558 1.2 3 0 0
1 46741 -26.6875 -66.1973 -4.4134 1.06217 1.2 3 0 0
1 46742 -25.6257 -68.5233 -3.99757 1.5 1.2 3 0 0
1 46743 -27.6341 -69.454 -4.29929 0.733473 1.2 3 0 0
1 46744 -27.3096 -63.0785 -4.26855 0.383691 1.2 3 0 0
1 46745 -27.8787 -64.3832 -6.88459 0.588435 1.2 3 0 0
1 46746 -19.6554 -62.6114 5.41031 1.5 1.2 3 0 0
1 46747 -19.2857 -64.9197 5.86815 0.882143 1.2 3 0 0
1 46748 -21.8163 -62.5673 6.04538 0.752748 1.2 3 0 0
1 46749 -22.5154 -63.2631 5.91561 0.236727 1.2 3 0 0
1 46750 -22.3329 -65.1564 7.11024 0.304671 1.2 3 0 0
1 46751 -23.2728 -65.2719 6.82304 0.63885 1.2 3 0 0
1 46752 -21.3336 -63.404 7.05394 0.605584 1.2 3 0 0
1 46753 -23.5768 -63.2058 7.30396 1.5 1.2 3 0 0
1 46754 -21.3726 -63.0803 5.24141 0.288072 1.2 3 0 0
1 46755 -22.4873 -65.4971 3.96994 0.552488 1.2 3 0 0
1 46756 -21.7803 -64.6755 5.58199 1.39011 1.2 3 0 0
1 46757 -23.3812 -66.1215 5.51052 0.762191 1.2 3 0 0
1 46758 -23.5298 -67.4149 5.8879 0.59332 1.2 3 0 0
1 46759 -24.5513 -68.5338 7.1463 0.870581 1.2 3 0 0
1 46760 -24.2005 -67.9039 6.2446 0.283956 1.2 3 0 0
1 46761 -28.0284 -67.4266 5.81392 1.07273 1.2 3 0 0
1 46762 -24.1898 -68.3674 8.51296 0.454685 1.2 3 0 0
1 46763 -25.921 -67.3608 3.95294 0.312096 1.2 3 0 0
1 46766 -23.7297 -62.3352 4.2941 1.48996 1.2 3 0 0
1 46767 -26.7249 -62.9726 3.95953 1.5 1.2 3 0 0
1 46769 -21.4151 -61.6591 3.1113 0.956449 1.2 3 0 0
1 46770 -21.9704 -64.0534 2.59335 1.5 1.2 3 0 0
1 46771 -22.9037 -62.3159 2.62339 0.373903 1.2 3 0 0
1 46772 -23.1569 -68.5632 0.733267 0.520234 1.2 3 0 0
1 46773 -23.9028 -69.1969 5.13207 1.32412 1.2 3 0 0
1 46774 -21.9319 -69.1 5.68037 0.474023 1.2 3 0 0
1 46775 -21.6568 -70.4821 3.88334 1.10269 1.2 3 0 0
1 46776 -23.6734 -69.6982 2.36227 1.5 1.2 3 0 0
1 46777 -23.0284 -71.5687 0.208478 1.3086 1.2 3 0 0
1 46778 -20.0141 -67.7199 -7.84904 1.5 1.2 3 0 0
1 46779 -18.2924 -66.8251 -10.3741 1.13704 1.2 3 0 0
1 46780 -17.5267 -64.4971 -6.22565 0.617153 1.2 3 0 0
1 46781 -18.1655 -68.3722 -5.85129 1.25015 1.2 3 0 0
1 46782 -18.6065 -63.0859 -7.49832 1.23851 1.2 3 0 0
1 46783 -20.0978 -62.6427 -7.19806 0.345974 1.2 3 0 0
1 46784 -23.2915 -67.1684 -8.75755 1.5 1.2 3 0 0
1 46785 -26.201 -65.6904 -9.53248 0.529436 1.2 3 0 0
1 46786 -26.8385 -66.0499 -7.60494 1.5 1.2 3 0 0
1 46787 -25.1054 -68.2062 -6.79102 1.35914 1.2 3 0 0
1 46788 -25.9686 -69.883 -5.84149 0.744996 1.2 3 0 0
1 46790 -25.4681 -65.2866 -11.4767 1.5 1.2 3 0 0
1 46792 -21.3231 -63.2389 -5.94905 1.5 1.2 3 0 0
1 46793 -21.9289 -66.0499 -6.48477 1.3763 1.2 3 0 0
1 46794 -23.248 -64.1874 -7.23455 0.932389 1.2 3 0 0
1 46799 -22.1439 -68.886 -10.1354 0.952874 1.2 3 0 0
1 46966 -23.6459 -59.7492 6.31535 1.5 1.2 3 0 0
1 46967 -27.4236 -64.2397 10.4576 1.5 1.2 3 0 0
1 46969 -27.3325 -60.6995 5.61569 1.36992 1.2 3 0 0
1 46972 -30.0247 -59.7138 5.74507 1.5 1.2 3 0 0
1 46978 -29.2182 -65.7401 7.67419 0.939193 1.2 3 0 0
1 46979 -28.9254 -63.3433 9.56704 0.46261 1.2 3 0 0
1 46980 -30.5796 -62.5592 10.5942 0.50103 1.2 3 0 0
1 46981 -28.8437 -62.5254 5.32141 1.00924 1.2 3 0 0
1 47043 -32.0308 -62.5263 1.20793 0.545965 1.2 3 0 0
1 47044 -31.4612 -60.9817 1.12305 1.09639 1.2 3 0 0
1 47046 -35.1377 -60.0492 -1.43427 1.5 1.2 3 0 0
1 47047 -33.9655 -62.2564 2.77888 0.885783 1.2 3 0 0
1 47048 -33.5797 -59.4954 1.3375 1.5 1.2 3 0 0
1 47049 -35.5644 -60.815 1.14263 0.887446 1.2 3 0 0
1 47050 -33.9999 -62.1665 0.441491 1.29557 1.2 3 0 0
1 47077 -32.6478 -61.7416 -2.59068 1.5 1.2 3 0 0
1 47078 -31.3228 -62.7179 -7.48629 0.973258 1.2 3 0 0
1 47079 -30.9315 -63.0194 -6.08044 0.516834 1.2 3 0 0
1 47080 -30.8326 -63.0503 -9.06609 0.645307 1.2 3 0 0
1 47081 -25.271 -59.7639 -1.46863 1.4655 1.2 3 0 0
1 47091 -30.7374 -60.8485 -9.0294 1.5 1.2 3 0 0
1 47118 -24.2548 -61.9777 -7.88619 1.5 1.2 3 0 0
1 47119 -25.2575 -60.7428 -10.3416 1.22593 1.2 3 0 0
1 47122 -21.7562 -61.2411 -7.45387 1.03839 1.2 3 0 0
1 47143 -27.7688 -61.795 -10.6817 1.5 1.2 3 0 0
1 47145 -28.0198 -59.6366 -8.33951 1.5 1.2 3 0 0
1 47146 -27.6588 -63.2989 -9.38517 0.480096 1.2 3 0 0
1 47160 -4.93602 -60.3886 9.56604 1.19751 1.2 3 0 0
1 47308 -20.7423 -60.9026 17.3288 1.5 1.2 3 0 0
1 47316 -24.1175 -61.791 15.4326 1.44388 1.2 3 0 0
1 47336 -27.0527 -60.9421 13.5298 1.5 1.2 3 0 0
1 47337 -25.6804 -63.0595 13.9434 1.05538 1.2 3 0 0
1 47481 -13.0443 -62.5709 19.6797 0.497993 1.2 3 0 0
1 47484 -15.7075 -60.794 20.0676 1.37986 1.2 3 0 0
1 47568 -4.8636 -60.6957 16.0096 1.5 1.2 3 0 0
1 47569 -9.29435 -61.4991 20.37 0.89823 1.2 3 0 0
1 47571 -9.50821 -62.9738 17.3621 1.41138 1.2 3 0 0
1 47572 -9.33643 -60.9199 16.606 0.761644 1.2 3 0 0
1 47573 -5.97755 -62.7593 17.5086 0.491298 1.2 3 0 0
1 47574 -7.85529 -63.0053 16.7933 0.336954 1.2 3 0 0
1 47575 -6.61235 -62.7757 15.9783 1.16555 1.2 3 0 0
1 47579 -7.57147 -59.8753 20.8739 1.5 1.2 3 0 0
1 47585 -4.92766 -60.2393 19.0515 1.18121 1.2 3 0 0
1 47597 -5.27979 -60.7331 12.2193 1.5 1.2 3 0 0
1 47598 -6.1273 -62.9175 11.6571 0.900611 1.2 3 0 0
1 47604 -7.76255 -60.6957 11.9363 0.99912 1.2 3 0 0
1 47605 -6.91049 -62.0606 9.74505 1.33631 1.2 3 0 0
1 47607 -6.98817 -61.9521 12.1884 0.497769 1.2 3 0 0
1 47608 -9.00955 -64.449 10.3861 0.56614 1.2 3 0 0
1 47609 -10.9256 -63.369 10.9332 0.324377 1.2 3 0 0
1 47610 -10.7377 -64.0453 9.62316 1.15969 1.2 3 0 0
1 47611 -13.4188 -61.1515 9.85625 1.01123 1.2 3 0 0
1 47612 -13.3112 -63.6692 10.1795 1.5 1.2 3 0 0
1 47613 -13.7628 -64.759 8.4805 0.568367 1.2 3 0 0
1 47614 -11.4571 -64.4397 12.5313 1.5 1.2 3 0 0
1 47615 -12.822 -62.7056 11.9185 0.547497 1.2 3 0 0
1 47616 -12.5831 -65.6799 13.4612 0.413004 1.2 3 0 0
1 47617 -13.6498 -65.6305 11.5324 0.906573 1.2 3 0 0
1 47618 -12.9913 -65.7066 10.2233 0.560713 1.2 3 0 0
1 47619 -7.32882 -63.2143 13.5728 1.37607 1.2 3 0 0
1 47620 -9.05798 -64.4197 12.9625 0.818323 1.2 3 0 0
1 47621 -9.90688 -63.2027 13.4015 0.665735 1.2 3 0 0
1 47622 -9.03207 -62.7816 13.1922 0.321356 1.2 3 0 0
1 47623 -9.86721 -60.0566 12.6306 1.2689 1.2 3 0 0
1 47624 -10.6804 -61.8969 13.3233 0.853544 1.2 3 0 0
1 47625 -8.32997 -62.5587 15.7466 0.581141 1.2 3 0 0
1 47626 -9.68511 -62.333 14.5136 0.758113 1.2 3 0 0
1 47627 -8.90072 -63.9624 15.222 1.02194 1.2 3 0 0
1 47628 -9.29335 -62.6674 11.3933 1.5 1.2 3 0 0
1 47629 -9.08953 -61.9013 13.3013 0.566148 1.2 3 0 0
1 47630 -6.56607 -61.2474 7.8775 0.728187 1.2 3 0 0
1 47631 -8.58277 -63.5252 9.3222 0.851653 1.2 3 0 0
1 47632 -7.67824 -62.9714 8.46192 0.414532 1.2 3 0 0
1 47636 -11.028 -60.6958 10.0625 1.43133 1.2 3 0 0
1 47638 -8.82169 -61.3862 7.73701 1.5 1.2 3 0 0
1 47639 -9.70381 -61.9933 5.9826 0.549659 1.2 3 0 0
1 47640 -15.4836 -64.1655 9.56147 0.658182 1.2 3 0 0
1 47641 -17.7684 -62.9853 9.79681 1.5 1.2 3 0 0
1 47642 -16.2738 -61.2912 10.5316 0.875661 1.2 3 0 0
1 47643 -15.8381 -63.285 10.8886 0.590559 1.2 3 0 0
1 47644 -18.3752 -65.021 13.9725 1.30092 1.2 3 0 0
1 47645 -19.3121 -65.5755 11.3919 1.5 1.2 3 0 0
1 47646 -18.3918 -66.9349 12.1518 0.308999 1.2 3 0 0
1 47647 -19.8987 -65.9686 13.3579 0.588945 1.2 3 0 0
1 47648 -19.3334 -63.1927 11.6984 0.896244 1.2 3 0 0
1 47649 -16.9841 -63.3014 12.6028 1.0414 1.2 3 0 0
1 47650 -17.228 -65.1318 12.6594 0.326537 1.2 3 0 0
1 47651 -17.5109 -64.5551 12.6593 0.315835 1.2 3 0 0
1 47652 -16.0258 -65.3265 11.2981 1.5 1.2 3 0 0
1 47653 -17.8515 -65.1013 9.93569 0.615891 1.2 3 0 0
1 47654 -17.0406 -64.6245 9.98218 0.303067 1.2 3 0 0
1 47659 -22.7897 -63.6509 13.5767 1.5 1.2 3 0 0
1 47660 -23.8604 -63.6854 15.2189 0.460688 1.2 3 0 0
1 47661 -20.6144 -64.876 14.1374 0.93083 1.2 3 0 0
1 47662 -21.9294 -65.3592 14.0532 0.471111 1.2 3 0 0
1 47663 -21.3039 -62.707 12.4967 0.56269 1.2 3 0 0
1 47664 -19.8635 -62.5566 13.9655 1.5 1.2 3 0 0
1 47665 -16.6398 -65.7911 8.56579 1.33874 1.2 3 0 0
1 47666 -17.8225 -65.2837 7.44492 0.367869 1.2 3 0 0
1 47667 -18.2601 -64.7408 8.81227 0.571199 1.2 3 0 0
1 47668 -18.1075 -63.7658 7.25945 1.17359 1.2 3 0 0
1 47669 -19.4524 -67.7037 10.0018 0.503724 1.2 3 0 0
1 47670 -20.8154 -66.8541 11.8605 0.526445 1.2 3 0 0
1 47671 -20.6496 -67.7347 8.21668 0.401986 1.2 3 0 0
1 47672 -19.6456 -64.4077 9.38118 0.848958 1.2 3 0 0
1 47673 -20.5593 -64.6562 10.2441 0.428152 1.2 3 0 0
1 47674 -20.0551 -62.883 8.10644 1.12484 1.2 3 0 0
1 47675 -17.5362 -67.4359 7.67741 0.71944 1.2 3 0 0
1 47676 -18.1713 -67.0583 9.79861 0.928473 1.2 3 0 0
1 47677 -17.748 -68.077 6.38538 0.738371 1.2 3 0 0
1 47680 -13.6515 -62.6665 15.0012 0.486307 1.2 3 0 0
1 47681 -13.481 -62.4505 16.1978 0.524591 1.2 3 0 0
1 47682 -13.3919 -63.5954 14.4889 0.362407 1.2 3 0 0
1 47683 -12.4704 -62.2969 16.8048 0.422329 1.2 3 0 0
1 47685 -14.784 -62.1239 11.8671 1.22124 1.2 3 0 0
1 47686 -14.33 -61.5908 13.5966 0.644615 1.2 3 0 0
1 47687 -13.3346 -62.969 13.3185 0.959428 1.2 3 0 0
1 47695 -17.9374 -60.9518 15.1516 1.27188 1.2 3 0 0
1 47698 -15.8823 -59.4815 14.0123 1.5 1.2 3 0 0
1 47700 -14.035 -63.9334 16.5026 1.08737 1.2 3 0 0
1 47701 -15.2293 -64.9012 15.5975 0.696186 1.2 3 0 0
1 47702 -15.5969 -62.9309 14.6998 1.5 1.2 3 0 0
1 47703 -17.9713 -61.5562 18.4589 1.5 1.2 3 0 0
1 47704 -18.4178 -63.5119 16.266 1.35963 1.2 3 0 0
1 47705 -15.9914 -63.2706 17.3656 1.15129 1.2 3 0 0
1 47706 -17.2213 -62.2403 16.7386 0.449142 1.2 3 0 0
1 47707 -15.4932 -62.661 19.0526 0.682197 1.2 3 0 0
1 47708 -14.8204 -65.0882 12.6593 0.333684 1.2 3 0 0
1 47709 -16.1138 -65.3126 13.9809 0.979131 1.2 3 0 0
1 47710 -13.9559 -64.9544 13.9302 1.20895 1.2 3 0 0
1 47719 -14.1117 -63.3728 5.22687 0.595508 1.2 3 0 0
1 47720 -15.0733 -62.6332 5.10686 0.564321 1.2 3 0 0
1 47721 -15.5863 -63.2877 3.43082 1.30247 1.2 3 0 0
1 47722 -15.5051 -64.0018 6.66004 1.5 1.2 3 0 0
1 47723 -14.4468 -67.2449 3.7943 0.836039 1.2 3 0 0
1 47724 -13.8936 -65.1383 4.26758 1.31036 1.2 3 0 0
1 47735 -15.5053 -59.7221 8.91412 1.5 1.2 3 0 0
1 47738 -10.7684 -62.3453 3.30581 0.622876 1.2 3 0 0
1 47741 -12.5819 -62.2054 2.11206 0.194974 1.2 3 0 0
1 56175 -13.4469 -62.5984 -2.11033 0.520198 1.2 3 0 0
1 56176 -12.9263 -61.4683 -3.37111 1.25121 1.2 3 0 0
1 56177 -11.2776 -64.5761 0.688836 0.761687 1.2 3 0 0
1 56178 -12.7128 -66.0859 0.227966 1.35805 1.2 3 0 0
1 56179 -17.0112 -63.9345 -8.41692 0.78852 1.2 3 0 0
1 56180 -17.4119 -62.9089 -9.19776 0.561314 1.2 3 0 0
1 56214 -17.9373 -60.9158 -9.17373 1.5 1.2 3 0 0
1 56227 -15.7912 -60.6767 -7.81852 1.0494 1.2 3 0 0
1 56257 -13.6776 -60.142 -0.096862 1.23251 1.2 3 0 0
1 56263 -10.2419 -62.5572 -0.801425 0.692285 1.2 3 0 0
1 56264 -10.3071 -62.8153 -2.03773 0.567508 1.2 3 0 0
1 56265 -11.6352 -62.3196 -0.609538 0.299345 1.2 3 0 0
1 56266 -12.5831 -62.1264 -0.46977 0.518448 1.2 3 0 0
1 56293 -16.1715 -65.159 -9.79179 1.04904 1.2 3 0 0
1 56745 -17.2486 -65.5844 1.22827 0.630809 1.2 3 0 0
1 56746 -17.2157 -64.8619 0.179245 0.511307 1.2 3 0 0
1 56747 -16.2598 -64.5017 2.08869 0.401817 1.2 3 0 0
1 56748 -16.3657 -66.0499 3.18801 1.5 1.2 3 0 0
1 56749 -16.8714 -63.7145 -1.4614 1.5 1.2 3 0 0
1 56750 -16.2899 -63.0915 0.622015 0.537898 1.2 3 0 0
1 56751 -16.1092 -62.6388 -0.144341 0.363529 1.2 3 0 0
1 56752 -20.244 -63.3421 1.41536 0.70777 1.2 3 0 0
1 56753 -20.419 -62.5529 2.39134 0.559497 1.2 3 0 0
1 56754 -19.3422 -65.6161 3.47129 1.4913 1.2 3 0 0
1 56755 -19.7399 -64.2422 2.06721 0.509901 1.2 3 0 0
1 56756 -20.346 -65.2227 1.45449 0.795561 1.2 3 0 0
1 56757 -22.698 -64.7058 0.14789 1.12545 1.2 3 0 0
1 56758 -22.6358 -63.2105 0.871154 0.529568 1.2 3 0 0
1 56759 -16.222 -62.4102 2.0546 0.443954 1.2 3 0 0
1 56760 -15.772 -60.8109 1.65635 1.26449 1.2 3 0 0
1 56761 -17.8822 -63.5053 1.8374 1.5 1.2 3 0 0
1 56762 -19.5178 -62.1948 1.3539 0.631586 1.2 3 0 0
1 56763 -19.2164 -61.4015 3.01568 1.21863 1.2 3 0 0
1 56764 -14.3945 -68.004 1.54966 1.49658 1.2 3 0 0
1 56765 -15.0465 -70.2474 -0.694967 1.25917 1.2 3 0 0
1 56766 -14.7485 -70.5163 1.31245 0.784063 1.2 3 0 0
1 56767 -15.5806 -67.1758 0.276747 0.418105 1.2 3 0 0
1 56768 -16.8426 -67.284 0.672755 0.908942 1.2 3 0 0
1 56769 -21.3604 -68.7032 0.121904 0.462309 1.2 3 0 0
1 56770 -22.1446 -69.0699 0.759671 0.60935 1.2 3 0 0
1 56771 -21.7471 -66.9977 1.01203 1.5 1.2 3 0 0
1 56772 -20.9098 -71.8357 -1.15385 1.18779 1.2 3 0 0
1 56773 -22.7155 -72.3675 -1.39393 0.508205 1.2 3 0 0
1 56774 -22.3497 -71.1144 -1.3347 0.42755 1.2 3 0 0
1 56775 -21.9727 -70.8529 -2.02484 0.399341 1.2 3 0 0
1 56776 -17.449 -70.4909 3.0502 0.561743 1.2 3 0 0
1 56777 -15.7294 -70.4614 2.86859 0.653812 1.2 3 0 0
1 56778 -18.3392 -71.474 2.20249 0.985236 1.2 3 0 0
1 56779 -16.6961 -71.3284 2.53675 0.638844 1.2 3 0 0
1 56780 -19.1029 -68.026 1.62039 1.14561 1.2 3 0 0
1 56781 -20.0581 -66.7783 2.04008 0.480798 1.2 3 0 0
1 56782 -17.9373 -70.9047 3.87916 0.479199 1.2 3 0 0
1 56783 -19.0065 -70.3354 2.70094 0.420891 1.2 3 0 0
1 56784 -17.181 -69.9936 4.6334 0.273759 1.2 3 0 0
1 56785 -17.2015 -67.3631 4.42115 0.485844 1.2 3 0 0
1 56786 -17.408 -67.7765 2.2994 0.677411 1.2 3 0 0
1 56787 -17.9373 -68.4068 -0.22142 0.667536 1.2 3 0 0
1 56788 -19.8137 -68.6244 -0.647787 1.26659 1.2 3 0 0
1 56789 -18.4408 -70.0379 -0.104692 0.601486 1.2 3 0 0
1 56790 -20.538 -68.5629 0.998915 0.473168 1.2 3 0 0
1 56791 -19.0203 -69.415 0.704702 0.487177 1.2 3 0 0
1 56792 -18.8815 -71.7802 -0.070142 1.11179 1.2 3 0 0
1 56793 -19.6194 -72.3364 1.31885 0.556514 1.2 3 0 0
1 56794 -20.5026 -70.4701 1.50372 1.5 1.2 3 0 0
1 56795 -17.5107 -70.5459 -1.92121 1.5 1.2 3 0 0
1 56796 -19.7728 -70.4569 -1.93246 0.759863 1.2 3 0 0
1 56797 -19.8844 -70.4727 -0.493598 0.589486 1.2 3 0 0
1 56798 -17.3914 -61.9055 -0.549872 0.472541 1.2 3 0 0
1 56799 -18.1995 -61.9401 -1.41673 0.713025 1.2 3 0 0
1 56800 -16.0757 -61.4024 -0.444449 0.904414 1.2 3 0 0
1 56802 -17.232 -60.4191 -1.76411 1.09865 1.2 3 0 0
1 56804 -19.625 -60.7271 -1.35015 0.837713 1.2 3 0 0
1 56805 -19.8803 -61.8168 -0.928364 0.355847 1.2 3 0 0
1 56806 -21.303 -61.7769 0.26667 1.5 1.2 3 0 0
1 56812 -22.5335 -62.3867 -0.708254 0.184188 1.2 3 0 0
1 56813 -21.972 -61.623 -2.03379 0.85308 1.2 3 0 0
1 56826 -17.1199 -62.6632 -5.23766 1.5 1.2 3 0 0
1 56827 -19.9549 -62.7204 -2.54765 1.5 1.2 3 0 0
1 56828 -22.3216 -63.031 -3.50467 0.911163 1.2 3 0 0
1 56829 -17.7031 -61.9651 -2.96307 0.911223 1.2 3 0 0
1 56831 -18.2107 -62.6962 -2.10114 0.300069 1.2 3 0 0
1 56833 -18.9741 -60.9797 -4.03801 0.992685 1.2 3 0 0
1 56834 -20.2968 -61.8617 -4.57994 0.686975 1.2 3 0 0
1 56835 -19.3108 -62.9692 -4.68927 0.750187 1.2 3 0 0
1 56836 -17.4212 -68.2448 -3.40334 0.354846 1.2 3 0 0
1 56837 -16.0049 -67.0246 -4.69571 1.5 1.2 3 0 0
1 56838 -14.7218 -67.4915 -1.41111 1.5 1.2 3 0 0
1 56839 -15.7377 -65.6535 -2.70976 0.928044 1.2 3 0 0
1 56840 -17.3167 -67.1825 -2.22482 1.23522 1.2 3 0 0
1 56841 -16.9594 -69.3711 -4.12551 1.05794 1.2 3 0 0
1 56842 -16.2474 -70.5108 -3.40203 0.446789 1.2 3 0 0
1 56843 -16.4784 -68.7155 -5.58978 0.46675 1.2 3 0 0
1 56844 -22.7145 -67.3498 -1.19155 0.366434 1.2 3 0 0
1 56845 -22.1323 -67.7455 -3.05749 0.864231 1.2 3 0 0
1 56846 -21.7665 -65.232 -1.2718 0.647516 1.2 3 0 0
1 56847 -21.3761 -66.9824 -1.49367 1.03307 1.2 3 0 0
1 56848 -20.445 -67.0876 -0.377201 0.406139 1.2 3 0 0
1 56849 -22.3328 -67.5465 -0.621464 0.320054 1.2 3 0 0
1 56850 -21.5168 -65.3094 -3.40334 1.5 1.2 3 0 0
1 56851 -20.0378 -66.5325 -2.42381 0.530266 1.2 3 0 0
1 56852 -20.2954 -67.0259 -3.72615 0.216322 1.2 3 0 0
1 56853 -16.3007 -64.1758 -3.38838 0.560675 1.2 3 0 0
1 56854 -17.5153 -65.2022 -3.40334 1.02963 1.2 3 0 0
1 56855 -19.2688 -65.0892 -2.36109 0.967015 1.2 3 0 0
1 56856 -19.637 -65.125 -3.66553 0.384621 1.2 3 0 0
1 56857 -19.9437 -64.3903 -3.35537 0.322547 1.2 3 0 0
1 56858 -19.8003 -66.461 -3.49478 0.56904 1.2 3 0 0
1 56859 -17.3863 -65.8043 -4.63255 0.344272 1.2 3 0 0
1 56860 -17.1694 -65.5861 -5.62891 0.451317 1.2 3 0 0
1 56861 -18.8067 -70.6506 -3.93752 0.800018 1.2 3 0 0
1 56862 -19.3457 -70.2988 -2.95043 0.355353 1.2 3 0 0
1 56863 -19.4126 -68.4971 -3.40334 1.5 1.2 3 0 0
1 56864 -19.1676 -67.559 -4.94937 0.32392 1.2 3 0 0
1 56865 -23.2361 -67.3269 -0.34041 0.538302 1.2 3 0 0
1 56866 -23.1591 -67.6126 -1.00087 0.184044 1.2 3 0 0
1 56867 -24.3656 -67.8204 0.46317 0.924022 1.2 3 0 0
1 56868 -23.6338 -66.3752 0.227022 0.636184 1.2 3 0 0
1 56869 -24.5089 -66.0944 -0.097743 0.295175 1.2 3 0 0
1 56870 -24.1428 -66.2597 -1.8474 1.5 1.2 3 0 0
1 56871 -24.7674 -68.476 -1.82824 0.786224 1.2 3 0 0
1 56872 -29.7187 -68.5094 0.467171 0.353381 1.2 3 0 0
1 56873 -29.2368 -67.9898 1.60532 0.980041 1.2 3 0 0
1 56874 -28.3287 -69.3506 0.997282 0.707911 1.2 3 0 0
1 56875 -27.9265 -68.4399 1.30331 0.333633 1.2 3 0 0
1 56876 -27.6025 -67.4983 0.788599 0.785912 1.2 3 0 0
1 56877 -26.8428 -68.0937 1.00636 0.201317 1.2 3 0 0
1 56878 -26.351 -69.0764 -0.292437 1.5 1.2 3 0 0
1 56879 -27.5808 -67.7564 -1.40295 0.614132 1.2 3 0 0
1 56880 -24.6254 -69.6562 -1.15219 0.513201 1.2 3 0 0
1 56881 -24.1185 -70.4971 -1.56307 0.460357 1.2 3 0 0
1 56882 -23.2915 -71.4042 -2.57606 1.12176 1.2 3 0 0
1 56883 -24.3005 -69.9309 0.131909 0.761559 1.2 3 0 0
1 56884 -25.4283 -70.8993 1.10265 0.971644 1.2 3 0 0
1 56885 -25.0008 -71.4024 -0.548294 0.806402 1.2 3 0 0
1 56886 -25.5671 -70.6592 -2.30744 1.17638 1.2 3 0 0
1 56887 -24.5413 -70.9724 -3.85234 0.704372 1.2 3 0 0
1 56888 -29.2372 -67.336 -0.573702 1.28533 1.2 3 0 0
1 56889 -29.6187 -65.2601 -0.676757 0.787753 1.2 3 0 0
1 56890 -28.1353 -65.3493 -0.539996 0.606538 1.2 3 0 0
1 56891 -30.7967 -66.0499 -1.90504 1.08848 1.2 3 0 0
1 56892 -30.1611 -67.5628 -2.14101 0.548072 1.2 3 0 0
1 56893 -30.3483 -62.3324 -0.557822 0.486944 1.2 3 0 0
1 56894 -31.1511 -62.5078 -1.52678 0.486617 1.2 3 0 0
1 56895 -30.661 -62.6976 -1.06577 0.212454 1.2 3 0 0
1 56896 -28.8046 -65.4859 1.46289 1.5 1.2 3 0 0
1 56897 -28.7914 -63.2432 2.58029 0.992812 1.2 3 0 0
1 56898 -31.2799 -65.3029 2.18469 1.02607 1.2 3 0 0
1 56899 -32.166 -65.3979 0.945185 0.475941 1.2 3 0 0
1 56900 -29.7838 -62.7098 1.05103 0.906669 1.2 3 0 0
1 56901 -31.1913 -62.8787 1.31382 0.348806 1.2 3 0 0
1 56902 -30.1656 -64.5729 -2.1548 0.535662 1.2 3 0 0
1 56903 -30.2118 -65.4771 -3.23109 0.462478 1.2 3 0 0
1 56904 -29.6067 -62.9491 -2.00197 1.18842 1.2 3 0 0
1 56905 -30.7596 -62.3236 -3.11182 0.527325 1.2 3 0 0
1 56906 -30.9191 -63.9608 -4.29686 1.5 1.2 3 0 0
1 56907 -31.093 -65.9602 -3.62632 0.615443 1.2 3 0 0
1 56910 -25.208 -65.3806 -0.433026 0.47453 1.2 3 0 0
1 56911 -23.9944 -65.4521 0.080238 0.365612 1.2 3 0 0
1 56912 -27.2057 -64.4906 -1.1588 0.56331 1.2 3 0 0
1 56913 -27.1599 -64.9179 0.241455 0.623893 1.2 3 0 0
1 56914 -25.9375 -64.1503 -0.397348 0.954557 1.2 3 0 0
1 56915 -25.9398 -62.7977 -0.839885 0.468602 1.2 3 0 0
1 56916 -26.3228 -63.6092 1.62234 0.891705 1.2 3 0 0
1 56917 -26.3598 -63.1437 0.447865 0.37221 1.2 3 0 0
1 56918 -26.0846 -61.339 0.908606 1.5 1.2 3 0 0
1 56920 -27.9725 -62.1255 1.61508 0.661425 1.2 3 0 0
1 56921 -27.4644 -64.2047 2.46152 0.575784 1.2 3 0 0
1 56923 -27.9486 -63.1929 -0.059555 1.2921 1.2 3 0 0
1 56924 -28.4511 -61.9135 -1.4756 0.448656 1.2 3 0 0
1 56925 -24.5362 -64.2866 -3.0103 0.685635 1.2 3 0 0
1 56926 -23.9991 -62.956 -1.31435 1.5 1.2 3 0 0
1 56927 -23.2915 -64.4292 -2.74767 0.58669 1.2 3 0 0
1 56930 -24.3385 -62.3901 -3.93388 1.19766 1.2 3 0 0
1 56932 -25.0572 -66.4039 -3.83685 0.679352 1.2 3 0 0
1 56933 -25.8888 -66.3834 -2.86512 0.517219 1.2 3 0 0
1 56934 -25.6267 -65.3389 -3.9367 0.370876 1.2 3 0 0
1 56935 -28.3445 -65.3745 -2.63596 1.5 1.2 3 0 0
1 56936 -27.2592 -65.0371 -4.04423 0.281575 1.2 3 0 0
1 56937 -27.9962 -67.7164 -5.66973 1.30399 1.2 3 0 0
1 56938 -28.3234 -65.9832 -6.17577 0.530931 1.2 3 0 0
1 56939 -29.5678 -64.875 -5.25654 0.38634 1.2 3 0 0
1 56940 -30.782 -65.4143 -5.69234 0.519458 1.2 3 0 0
1 56941 -28.1836 -66.0395 -4.44875 0.437585 1.2 3 0 0
1 56942 -29.7385 -66.2749 -4.6728 1.12491 1.2 3 0 0
1 56943 -29.5011 -67.8443 -4.53554 0.449973 1.2 3 0 0
1 56944 -29.5407 -65.1081 -6.77287 1.08276 1.2 3 0 0
1 56945 -29.4157 -66.6496 -6.25145 0.526181 1.2 3 0 0
1 56946 -28.6457 -68.1282 -3.04094 1.29534 1.2 3 0 0
1 56947 -28.0033 -68.5645 -4.38597 0.233449 1.2 3 0 0
1 56948 -27.7907 -67.7808 -4.19726 0.184118 1.2 3 0 0
1 56949 -27.2898 -67.5749 -3.92823 0.416611 1.2 3 0 0
1 56950 -26.7668 -67.2661 -2.45604 0.793237 1.2 3 0 0
1 56951 -26.2904 -62.7641 -5.67731 1.38332 1.2 3 0 0
1 56952 -26.3503 -65.0925 -5.73 0.661126 1.2 3 0 0
1 56953 -28.5383 -62.9715 -4.13102 0.842168 1.2 3 0 0
1 56954 -28.0535 -64.6255 -5.16347 1.15122 1.2 3 0 0
1 56955 -19.4392 -66.6158 5.573 0.838076 1.2 3 0 0
1 56956 -18.8087 -65.8125 5.55984 0.176041 1.2 3 0 0
1 56957 -19.9254 -63.3728 3.30851 0.75172 1.2 3 0 0
1 56958 -20.1326 -64.4095 4.78051 0.456705 1.2 3 0 0
1 56959 -21.5723 -64.7041 8.32737 1.18362 1.2 3 0 0
1 56960 -22.9396 -65.4224 8.86255 0.450986 1.2 3 0 0
1 56961 -21.129 -60.9861 7.09004 1.25888 1.2 3 0 0
1 56962 -21.9657 -62.1872 8.34397 0.668596 1.2 3 0 0
1 56963 -22.4278 -61.795 7.52114 0.330891 1.2 3 0 0
1 56964 -29.362 -65.3582 4.90225 1.5 1.2 3 0 0
1 56965 -27.029 -64.8213 5.63752 1.00431 1.2 3 0 0
1 56966 -27.0139 -65.6169 3.60068 1.18248 1.2 3 0 0
1 56967 -27.7053 -65.6913 6.86247 0.643352 1.2 3 0 0
1 56968 -28.2251 -66.952 7.47958 0.63969 1.2 3 0 0
1 56969 -29.1703 -67.6071 4.1322 0.863869 1.2 3 0 0
1 56970 -28.2527 -68.5787 4.62797 0.480395 1.2 3 0 0
1 56971 -27.5132 -68.162 4.76935 0.304723 1.2 3 0 0
1 56972 -27.942 -67.5683 4.45732 0.271607 1.2 3 0 0
1 56973 -21.8814 -68.0605 9.01889 0.175301 1.2 3 0 0
1 56974 -22.7919 -67.0972 7.82598 1.49857 1.2 3 0 0
1 56975 -22.9445 -67.6416 9.90986 0.601697 1.2 3 0 0
1 56976 -22.5189 -68.2404 9.49581 0.237087 1.2 3 0 0
1 56977 -26.577 -66.2409 8.50562 1.42092 1.2 3 0 0
1 56978 -25.7546 -68.0155 7.88424 0.631313 1.2 3 0 0
1 56979 -24.6728 -67.3161 9.25482 0.872278 1.2 3 0 0
1 56980 -24.3807 -65.2492 8.53268 0.980224 1.2 3 0 0
1 56981 -25.0352 -65.599 3.78972 0.687211 1.2 3 0 0
1 56982 -24.952 -64.3747 5.17794 1.04673 1.2 3 0 0
1 56983 -25.5251 -66.8321 5.64035 1.5 1.2 3 0 0
1 56984 -25.4623 -68.727 4.48604 0.428152 1.2 3 0 0
1 56985 -25.9287 -69.6505 4.68272 0.61368 1.2 3 0 0
1 56986 -24.9362 -67.9757 3.58056 0.819476 1.2 3 0 0
1 56987 -25.4348 -67.5275 2.49876 0.453226 1.2 3 0 0
1 56988 -27.1942 -68.2255 2.99189 1.5 1.2 3 0 0
1 56993 -25.5486 -61.1649 4.66183 0.698209 1.2 3 0 0
1 56994 -25.306 -62.0428 5.39051 0.452258 1.2 3 0 0
1 56995 -24.6908 -62.895 5.81135 0.388243 1.2 3 0 0
1 56996 -24.9457 -61.7843 2.64441 0.623335 1.2 3 0 0
1 56997 -24.3481 -64.3269 3.06077 0.918193 1.2 3 0 0
1 56998 -25.7677 -64.2974 2.7509 0.532746 1.2 3 0 0
1 56999 -21.5586 -62.7693 4.32656 0.69581 1.2 3 0 0
1 57000 -22.0943 -62.2946 5.01819 0.299041 1.2 3 0 0
1 57001 -22.7088 -61.5899 6.34857 0.565748 1.2 3 0 0
1 57002 -21.6598 -61.0703 4.94252 0.938715 1.2 3 0 0
1 57003 -23.4515 -60.7469 1.68583 1.27305 1.2 3 0 0
1 57004 -24.1104 -63.034 1.53447 1.09615 1.2 3 0 0
1 57005 -22.8136 -62.9345 1.55914 0.204782 1.2 3 0 0
1 57006 -22.5165 -62.2654 1.81859 0.515243 1.2 3 0 0
1 57007 -18.5061 -67.6024 5.52498 0.502682 1.2 3 0 0
1 57008 -19.572 -67.7262 4.97746 0.416325 1.2 3 0 0
1 57009 -18.3684 -67.0269 4.62435 0.57463 1.2 3 0 0
1 57010 -21.4237 -67.4801 4.53941 1.5 1.2 3 0 0
1 57011 -20.5195 -67.7271 2.63413 0.621755 1.2 3 0 0
1 57012 -19.6178 -68.1345 6.2683 0.811482 1.2 3 0 0
1 57013 -21.3217 -67.8226 6.63609 0.525049 1.2 3 0 0
1 57014 -18.5339 -69.023 4.02202 1.5 1.2 3 0 0
1 57015 -20.1366 -69.7555 5.02725 0.388533 1.2 3 0 0
1 57016 -19.6035 -71.1122 3.61451 0.882264 1.2 3 0 0
1 57017 -23.2352 -65.6222 1.81184 0.660764 1.2 3 0 0
1 57018 -23.5859 -66.5888 3.288 1.13818 1.2 3 0 0
1 57019 -22.3317 -65.328 1.37453 0.2979 1.2 3 0 0
1 57020 -25.3927 -68.386 1.61276 0.718019 1.2 3 0 0
1 57021 -24.2794 -67.6473 2.02254 0.647292 1.2 3 0 0
1 57022 -23.1685 -68.1988 3.69202 0.566721 1.2 3 0 0
1 57023 -21.5793 -68.7193 2.58604 0.818531 1.2 3 0 0
1 57024 -22.6908 -67.9018 2.63226 0.562067 1.2 3 0 0
1 57025 -22.692 -68.3791 6.27203 0.486028 1.2 3 0 0
1 57026 -23.0703 -70.7379 4.83077 0.434281 1.2 3 0 0
1 57027 -22.5085 -71.3748 2.80355 0.466159 1.2 3 0 0
1 57028 -22.0807 -70.5943 2.4773 0.331181 1.2 3 0 0
1 57029 -21.9983 -72.0235 1.95086 0.702291 1.2 3 0 0
1 57030 -22.3168 -70.9587 1.87135 0.411897 1.2 3 0 0
1 57031 -24.8151 -70.7787 3.62119 0.513869 1.2 3 0 0
1 57032 -25.9686 -70.2496 2.85264 0.830123 1.2 3 0 0
1 57033 -19.4281 -68.1747 -9.8736 0.656183 1.2 3 0 0
1 57035 -21.0961 -66.0499 -9.23766 0.926469 1.2 3 0 0
1 57036 -19.6646 -66.2754 -9.54582 0.555065 1.2 3 0 0
1 57037 -20.2681 -64.8059 -7.73516 1.04639 1.2 3 0 0
1 57038 -20.4229 -64.8553 -6.3205 0.377576 1.2 3 0 0
1 57039 -18.9976 -65.8744 -7.48879 0.625965 1.2 3 0 0
1 57040 -19.0903 -65.7804 -5.34582 1.5 1.2 3 0 0
1 57041 -17.7469 -64.813 -8.6262 0.37637 1.2 3 0 0
1 57042 -19.0246 -64.3326 -9.92131 1.5 1.2 3 0 0
1 57043 -17.3496 -67.0038 -5.99865 0.348701 1.2 3 0 0
1 57044 -18.0936 -66.8831 -6.4282 0.327924 1.2 3 0 0
1 57045 -17.4077 -67.9737 -7.3839 0.484428 1.2 3 0 0
1 57046 -18.1985 -68.4399 -7.54925 0.446739 1.2 3 0 0
1 57047 -19.4094 -68.082 -5.05939 0.206233 1.2 3 0 0
1 57048 -20.6047 -66.833 -5.75143 0.328016 1.2 3 0 0
1 57049 -20.0893 -67.7582 -5.61875 0.731891 1.2 3 0 0
1 57050 -18.9225 -70.5492 -5.07993 0.347279 1.2 3 0 0
1 57051 -19.8196 -69.8013 -5.63243 0.944779 1.2 3 0 0
1 57052 -19.3568 -62.6398 -6.00417 0.491907 1.2 3 0 0
1 57053 -19.8377 -62.2184 -5.44753 0.355889 1.2 3 0 0
1 57054 -19.468 -60.6957 -6.46944 1.5 1.2 3 0 0
1 57055 -20.3166 -62.7901 -8.88974 0.696136 1.2 3 0 0
1 57056 -19.7257 -62.016 -8.21983 0.469728 1.2 3 0 0
1 57058 -24.1634 -65.2414 -8.2847 0.6558 1.2 3 0 0
1 57059 -24.9686 -65.9365 -9.44775 0.688314 1.2 3 0 0
1 57060 -25.1394 -65.6838 -8.38568 0.405359 1.2 3 0 0
1 57061 -26.0813 -67.5538 -9.73316 1.21371 1.2 3 0 0
1 57063 -25.8105 -63.3305 -7.50549 0.585994 1.2 3 0 0
1 57064 -27.2665 -63.5476 -8.02798 0.954376 1.2 3 0 0
1 57065 -28.9041 -64.6823 -8.39647 0.709383 1.2 3 0 0
1 57066 -27.8393 -64.6855 -8.37231 0.355738 1.2 3 0 0
1 57067 -28.5553 -66.0499 -8.78983 0.453073 1.2 3 0 0
1 57068 -27.7155 -66.7545 -9.41825 0.564005 1.2 3 0 0
1 57069 -27.7935 -65.0289 -9.9736 1.25048 1.2 3 0 0
1 57070 -27.4219 -67.7247 -8.61663 0.524601 1.2 3 0 0
1 57071 -27.152 -68.3013 -7.48206 0.776364 1.2 3 0 0
1 57072 -24.8652 -68.658 -8.75318 0.666845 1.2 3 0 0
1 57073 -26.2063 -68.1574 -8.21463 0.425141 1.2 3 0 0
1 57075 -25.4634 -64.1669 -9.03202 1.18894 1.2 3 0 0
1 57076 -23.6991 -62.2822 -5.75099 0.727235 1.2 3 0 0
1 57077 -24.5456 -63.1413 -6.04077 0.435985 1.2 3 0 0
1 57078 -24.7493 -61.9066 -5.88158 0.391978 1.2 3 0 0
1 57079 -21.7192 -62.4868 -4.39468 0.271621 1.2 3 0 0
1 57080 -22.1817 -60.7764 -4.34783 1.5 1.2 3 0 0
1 57081 -23.049 -62.9692 -4.92521 0.524787 1.2 3 0 0
1 57082 -22.3163 -62.589 -4.61487 0.283794 1.2 3 0 0
1 57083 -22.4584 -62.1825 -8.38913 0.376736 1.2 3 0 0
1 57084 -23.1586 -62.9449 -6.57731 0.461919 1.2 3 0 0
1 57085 -22.058 -68.7711 -5.30593 1.5 1.2 3 0 0
1 57086 -20.7867 -67.1656 -4.4836 0.697211 1.2 3 0 0
1 57087 -22.6226 -70.6782 -6.05846 0.615008 1.2 3 0 0
1 57088 -24.1877 -70.2565 -5.59209 1.07142 1.2 3 0 0
1 57089 -22.8219 -71.0596 -4.68034 0.75658 1.2 3 0 0
1 57090 -21.3862 -70.7721 -5.43515 0.614215 1.2 3 0 0
1 57091 -23.0949 -68.727 -7.22237 0.679423 1.2 3 0 0
1 57092 -22.015 -68.0418 -7.27482 0.60008 1.2 3 0 0
1 57093 -21.5487 -64.9279 -5.21788 0.354212 1.2 3 0 0
1 57094 -22.6811 -64.5337 -6.08044 0.363921 1.2 3 0 0
1 57095 -21.9698 -65.3268 -8.11167 0.404543 1.2 3 0 0
1 57096 -23.0336 -65.3307 -8.05414 0.484521 1.2 3 0 0
1 57097 -24.1942 -67.8783 -4.60022 0.177516 1.2 3 0 0
1 57098 -23.9932 -68.1261 -5.24547 0.540735 1.2 3 0 0
1 57099 -25.5059 -66.5733 -5.63261 0.676789 1.2 3 0 0
1 57100 -24.2701 -64.8205 -5.1175 1.5 1.2 3 0 0
1 57101 -23.158 -65.7522 -4.02623 0.306595 1.2 3 0 0
1 57102 -23.4885 -67.0265 -4.15251 1.01585 1.2 3 0 0
1 57103 -23.7626 -66.9198 -5.87196 0.715071 1.2 3 0 0
1 57104 -24.5281 -66.0751 -7.08609 0.848614 1.2 3 0 0
1 57110 -20.7535 -67.2181 -11.36 1.5 1.2 3 0 0
1 57118 -21.3688 -67.7807 -9.42359 0.573284 1.2 3 0 0
1 57124 -22.1628 -63.8699 -9.38817 1.5 1.2 3 0 0
1 57316 -25.5167 -61.9388 9.98218 0.314505 1.2 3 0 0
1 57317 -28.8906 -61.4819 10.6021 1.5 1.2 3 0 0
1 57318 -27.6455 -62.5524 10.0332 0.236421 1.2 3 0 0
1 57321 -26.7156 -62.0737 10.0769 0.810354 1.2 3 0 0
1 57322 -27.2745 -61.8441 8.43589 0.601565 1.2 3 0 0
1 57324 -27.7143 -62.4673 9.27532 0.528458 1.2 3 0 0
1 57325 -25.5441 -65.1466 11.7904 0.96929 1.2 3 0 0
1 57326 -24.9965 -65.757 11.0066 0.165141 1.2 3 0 0
1 57327 -28.6457 -63.1688 11.4326 0.39494 1.2 3 0 0
1 57328 -27.9121 -62.91 12.4697 0.894777 1.2 3 0 0
1 57329 -26.9831 -61.9444 11.5512 0.674518 1.2 3 0 0
1 57330 -26.6922 -62.7352 11.0813 0.28538 1.2 3 0 0
1 57331 -23.9745 -63.6531 9.57703 0.850561 1.2 3 0 0
1 57332 -22.976 -62.5462 9.18306 0.57566 1.2 3 0 0
1 57333 -25.5273 -60.6957 8.64809 1.5 1.2 3 0 0
1 57334 -25.238 -62.2675 7.58217 0.421014 1.2 3 0 0
1 57335 -24.719 -62.4312 9.47029 0.579846 1.2 3 0 0
1 57336 -25.8324 -63.3465 8.60246 1.10174 1.2 3 0 0
1 57337 -25.996 -62.8893 6.46161 1.063 1.2 3 0 0
1 57338 -25.3699 -61.1831 6.23064 0.742858 1.2 3 0 0
1 57339 -24.5484 -61.4739 7.08596 0.478206 1.2 3 0 0
1 57340 -28.6457 -60.8878 7.79028 1.1736 1.2 3 0 0
1 57358 -28.6928 -60.6969 3.06841 1.5 1.2 3 0 0
1 57374 -31.1515 -61.286 10.5938 0.7694 1.2 3 0 0
1 57396 -28.0142 -65.3368 7.95246 0.360674 1.2 3 0 0
1 57397 -28.2169 -63.5181 7.57577 1.5 1.2 3 0 0
1 57398 -27.7224 -64.8745 8.73003 0.348464 1.2 3 0 0
1 57399 -30.4976 -64.5496 8.05354 0.540614 1.2 3 0 0
1 57400 -30.5809 -65.1436 6.9504 0.715037 1.2 3 0 0
1 57401 -28.563 -65.6368 9.18431 0.706602 1.2 3 0 0
1 57402 -29.6521 -64.7399 9.01255 0.711562 1.2 3 0 0
1 57403 -29.5494 -61.5841 6.44155 0.551543 1.2 3 0 0
1 57404 -30.0393 -61.9591 7.70772 0.570808 1.2 3 0 0
1 57405 -31.9222 -62.7421 8.14768 0.550731 1.2 3 0 0
1 57406 -32.9063 -61.8872 6.79254 0.703168 1.2 3 0 0
1 57407 -31.6173 -60.7054 8.43025 1.5 1.2 3 0 0
1 57408 -30.8478 -62.2323 7.87474 0.292756 1.2 3 0 0
1 57409 -32.9258 -63.1124 5.68525 0.42811 1.2 3 0 0
1 57410 -31.0977 -63.0445 6.2944 1.5 1.2 3 0 0
1 57411 -29.5485 -63.7899 10.4069 0.643365 1.2 3 0 0
1 57412 -29.4898 -63.1032 11.5155 0.455057 1.2 3 0 0
1 57413 -30.4224 -63.0337 9.00981 1.16041 1.2 3 0 0
1 57415 -31.5291 -64.7371 4.25683 0.844906 1.2 3 0 0
1 57416 -30.521 -64.0162 4.24203 0.38014 1.2 3 0 0
1 57417 -27.4089 -62.6095 5.8221 0.512776 1.2 3 0 0
1 57418 -31.2467 -65.0682 5.80199 0.586893 1.2 3 0 0
1 57419 -30.0343 -62.8172 4.89678 0.270791 1.2 3 0 0
1 57420 -30.0402 -61.4943 4.5493 0.631599 1.2 3 0 0
1 57421 -29.8644 -63.4039 4.43768 0.491809 1.2 3 0 0
1 57706 -31.1704 -62.6334 3.14615 1.5 1.2 3 0 0
1 57707 -31.7195 -59.8482 3.46712 1.34241 1.2 3 0 0
1 57716 -33.1955 -61.7484 4.77628 1.23278 1.2 3 0 0
1 57717 -32.7623 -61.9075 1.90739 0.640305 1.2 3 0 0
1 57718 -32.9885 -63.6184 1.95086 0.888397 1.2 3 0 0
1 57719 -33.3912 -62.5499 1.83169 0.259694 1.2 3 0 0
1 57721 -35.4186 -61.9356 1.39605 0.270617 1.2 3 0 0
1 57850 -27.8293 -60.7119 -5.55943 0.932892 1.2 3 0 0
1 57851 -27.9017 -62.0603 -4.93422 0.525537 1.2 3 0 0
1 57852 -30.847 -62.1769 -5.3811 0.540393 1.2 3 0 0
1 57854 -31.2418 -61.6557 -4.25462 0.679609 1.2 3 0 0
1 57855 -29.3119 -60.8208 -3.61781 1.5 1.2 3 0 0
1 57856 -29.6751 -62.4012 -4.74803 0.475988 1.2 3 0 0
1 57858 -29.0169 -62.5848 -6.60208 1.5 1.2 3 0 0
1 57863 -33.7651 -63.0816 -3.40334 0.424705 1.2 3 0 0
1 57864 -34.7524 -60.922 -3.97315 1.12823 1.2 3 0 0
1 57865 -33.1876 -62.9433 -4.54335 0.843761 1.2 3 0 0
1 57868 -32.4592 -61.0713 -5.96548 1.5 1.2 3 0 0
1 57870 -31.3296 -61.4926 -0.709936 0.810126 1.2 3 0 0
1 57872 -34.734 -62.2259 -1.76861 0.703354 1.2 3 0 0
1 57873 -33.8401 -62.0882 -1.20335 0.358873 1.2 3 0 0
1 57877 -32.1772 -63.2907 -6.02928 0.738173 1.2 3 0 0
1 57878 -33.2217 -62.8412 -5.83684 0.414999 1.2 3 0 0
1 57887 -29.2174 -60.7045 -0.153418 1.5 1.2 3 0 0
1 57889 -25.6381 -60.1431 -4.66813 1.5 1.2 3 0 0
1 58028 -20.0487 -61.3928 -9.11849 0.66352 1.2 3 0 0
1 58030 -20.1432 -61.8295 -11.2354 1.5 1.2 3 0 0
1 58031 -21.4099 -59.7393 -9.47276 1.5 1.2 3 0 0
1 58035 -22.3791 -61.6942 -9.46375 0.682036 1.2 3 0 0
1 58090 -29.267 -63.3696 -9.45014 0.998086 1.2 3 0 0
1 58091 -28.6287 -61.7551 -8.61614 0.712595 1.2 3 0 0
1 58092 -26.7051 -61.7145 -7.93919 0.964831 1.2 3 0 0
1 58093 -27.2402 -62.5844 -7.119 0.345017 1.2 3 0 0
1 58331 -19.9296 -61.4913 19.2478 0.588159 1.2 3 0 0
1 58340 -23.105 -61.3346 17.3842 0.801649 1.2 3 0 0
1 58383 -24.8163 -60.9801 13.4031 0.740288 1.2 3 0 0
1 58384 -27.1978 -62.9472 13.7105 0.483839 1.2 3 0 0
1 58387 -26.2253 -61.0041 15.6869 0.809959 1.2 3 0 0
1 58604 -11.6596 -60.0009 21.1925 1.3762 1.2 3 0 0
1 58605 -13.4013 -61.2747 20.5066 0.887952 1.2 3 0 0
1 58607 -11.5718 -62.6096 19.2463 0.770449 1.2 3 0 0
1 58608 -11.9051 -61.6921 18.4114 0.443133 1.2 3 0 0
1 58710 -3.39491 -61.1673 14.0089 1.01135 1.2 3 0 0
1 58714 -5.23401 -61.9147 17.8095 0.654822 1.2 3 0 0
1 58715 -5.04111 -62.5191 16.7837 0.473274 1.2 3 0 0
1 58716 -5.81319 -62.0243 17.0073 0.338445 1.2 3 0 0
1 58717 -5.1387 -62.4641 14.2538 1.00711 1.2 3 0 0
1 58718 -4.16528 -62.3887 15.4337 0.419798 1.2 3 0 0
1 58719 -7.83464 -61.8838 20.1295 0.627604 1.2 3 0 0
1 58720 -8.71052 -62.6159 19.2932 0.707616 1.2 3 0 0
1 58721 -8.9806 -61.7199 18.7673 0.36451 1.2 3 0 0
1 58722 -10.4216 -60.4433 18.5353 1.5 1.2 3 0 0
1 58724 -7.26761 -61.2969 18.1646 1.5 1.2 3 0 0
1 58729 -7.22889 -63.2477 17.5575 0.543406 1.2 3 0 0
1 58730 -6.5459 -63.002 18.085 0.353232 1.2 3 0 0
1 58744 -8.14108 -60.6957 14.6991 1.5 1.2 3 0 0
1 58751 -5.35881 -63.1358 12.8811 0.536923 1.2 3 0 0
1 58752 -5.9225 -62.3956 12.8582 0.393444 1.2 3 0 0
1 58753 -5.168 -62.212 10.6644 0.637895 1.2 3 0 0
1 58754 -5.89713 -63.1192 10.4928 0.302637 1.2 3 0 0
1 58755 -11.012 -65.2257 10.9624 0.310323 1.2 3 0 0
1 58756 -11.8202 -65.3199 10.3596 0.666808 1.2 3 0 0
1 58757 -14.562 -65.6165 9.3617 0.89311 1.2 3 0 0
1 58758 -14.6547 -64.8426 10.2615 0.285666 1.2 3 0 0
1 58759 -11.611 -62.5148 11.2419 0.813447 1.2 3 0 0
1 58760 -12.8282 -61.8881 11.0215 0.472611 1.2 3 0 0
1 58761 -11.9013 -62.5606 13.1717 0.53429 1.2 3 0 0
1 58762 -11.7473 -63.1796 15.2578 1.5 1.2 3 0 0
1 58763 -12.569 -60.7057 12.579 1.5 1.2 3 0 0
1 58765 -7.69541 -63.9948 16.0421 0.43627 1.2 3 0 0
1 58766 -10.2584 -64.6343 14.3879 0.707335 1.2 3 0 0
1 58767 -9.6388 -62.1369 9.448 0.539282 1.2 3 0 0
1 58768 -9.63222 -63.0269 9.61341 0.343405 1.2 3 0 0
1 58779 -11.6725 -62.524 8.47228 0.963817 1.2 3 0 0
1 58780 -10.8992 -62.6865 6.7272 0.918445 1.2 3 0 0
1 58784 -19.7873 -61.2575 10.4439 0.71822 1.2 3 0 0
1 58785 -19.5715 -62.2218 9.6464 0.463909 1.2 3 0 0
1 58786 -18.2479 -60.4146 11.8329 1.5 1.2 3 0 0
1 58788 -19.0812 -61.157 8.88841 0.924335 1.2 3 0 0
1 58791 -21.4013 -60.7524 12.3418 1.35001 1.2 3 0 0
1 58793 -23.3375 -61.116 10.1265 1.17539 1.2 3 0 0
1 58806 -20.798 -59.5257 9.4072 1.5 1.2 3 0 0
1 58810 -22.7669 -62.1981 11.8694 0.660131 1.2 3 0 0
1 58811 -23.5766 -60.9945 12.2372 0.83636 1.2 3 0 0
1 58812 -21.8357 -61.8526 13.6546 0.417107 1.2 3 0 0
1 58813 -22.9654 -61.4785 13.6113 0.679755 1.2 3 0 0
1 58814 -21.3226 -62.8581 10.4049 1.5 1.2 3 0 0
1 58815 -22.2631 -63.0713 11.9383 0.311535 1.2 3 0 0
1 58816 -19.8525 -62.1758 15.984 0.554175 1.2 3 0 0
1 58817 -20.5083 -62.838 15.735 0.4043 1.2 3 0 0
1 58818 -21.8431 -61.9543 15.1047 0.859833 1.2 3 0 0
1 58819 -20.8142 -60.3762 14.8588 1.02171 1.2 3 0 0
1 58820 -21.5158 -62.9651 16.4859 0.858482 1.2 3 0 0
1 58821 -20.2313 -63.3706 16.6691 0.500895 1.2 3 0 0
1 58822 -21.5819 -65.6835 12.6007 1.05655 1.2 3 0 0
1 58823 -21.763 -64.2573 11.8476 0.557493 1.2 3 0 0
1 58824 -24.9577 -62.7347 11.514 1.5 1.2 3 0 0
1 58825 -24.6821 -64.808 13.1957 0.713754 1.2 3 0 0
1 58826 -23.2608 -65.6269 12.9224 0.625541 1.2 3 0 0
1 58827 -22.6601 -65.068 12.7233 0.159284 1.2 3 0 0
1 58828 -23.3533 -65.6281 10.7581 1.5 1.2 3 0 0
1 58829 -22.9995 -63.5165 11.4863 0.601187 1.2 3 0 0
1 58830 -23.329 -62.8395 10.4009 0.475137 1.2 3 0 0
1 58831 -22.1574 -65.9715 9.27182 0.438335 1.2 3 0 0
1 58832 -21.1222 -67.006 9.98958 1.16374 1.2 3 0 0
1 58833 -22.2432 -67.9718 10.2313 0.237492 1.2 3 0 0
1 58834 -20.5506 -65.4625 9.51781 0.536714 1.2 3 0 0
1 58835 -21.3347 -65.0846 10.7529 0.590456 1.2 3 0 0
1 58836 -19.3919 -66.2033 7.87957 1.5 1.2 3 0 0
1 58837 -19.1326 -68.0192 8.22825 0.352972 1.2 3 0 0
1 58841 -13.6641 -60.7714 15.33 1.37434 1.2 3 0 0
1 58842 -14.8969 -61.8892 16.3248 0.544795 1.2 3 0 0
1 58843 -14.3151 -62.4926 15.9626 0.34309 1.2 3 0 0
1 58844 -11.4149 -61.9739 17.2645 0.697393 1.2 3 0 0
1 58845 -11.0804 -62.7595 16.832 0.259801 1.2 3 0 0
1 58846 -12.1363 -63.4464 17.7405 0.940699 1.2 3 0 0
1 58847 -13.8158 -61.6909 18.049 1.5 1.2 3 0 0
1 58856 -16.3523 -61.2671 12.6593 0.733594 1.2 3 0 0
1 58857 -17.4999 -61.8035 13.4283 0.699543 1.2 3 0 0
1 58860 -16.783 -64.7389 15.5406 0.809304 1.2 3 0 0
1 58861 -17.7195 -63.1512 14.3478 0.662842 1.2 3 0 0
1 58862 -18.8677 -61.5815 16.6012 0.561991 1.2 3 0 0
1 58863 -17.9372 -61.8186 16.5763 0.395763 1.2 3 0 0
1 58864 -19.4989 -62.2275 16.8383 0.371824 1.2 3 0 0
1 58865 -19.689 -62.8046 17.7234 0.699484 1.2 3 0 0
1 58866 -16.9769 -62.2227 15.8777 0.445937 1.2 3 0 0
1 58867 -16.2011 -61.4151 16.5948 0.868879 1.2 3 0 0
1 58882 -15.051 -65.2566 5.42553 0.314955 1.2 3 0 0
1 58883 -14.025 -65.4126 6.22415 0.584901 1.2 3 0 0
1 58884 -15.2602 -67.6196 4.82867 0.513928 1.2 3 0 0
1 58885 -17.356 -66.0346 5.91729 1.33267 1.2 3 0 0
1 58886 -16.5922 -67.9301 5.37858 0.718641 1.2 3 0 0
1 58887 -15.2703 -66.3938 5.41145 0.843338 1.2 3 0 0
1 58888 -15.114 -66.0335 7.24116 0.648989 1.2 3 0 0
1 58889 -15.7949 -64.9119 4.82216 0.571251 1.2 3 0 0
1 58890 -16.6472 -65.0441 4.73905 0.295159 1.2 3 0 0
1 58891 -17.5841 -63.9536 4.62797 1.08916 1.2 3 0 0
1 58892 -16.3984 -62.8637 5.07468 0.579414 1.2 3 0 0
1 58893 -12.7794 -63.6639 6.94206 1.21153 1.2 3 0 0
1 58894 -14.0635 -65.2779 7.47655 0.591241 1.2 3 0 0
1 58895 -17.3477 -62.4658 7.56976 0.291014 1.2 3 0 0
1 58896 -17.0869 -61.9976 6.31557 1.07288 1.2 3 0 0
1 58897 -16.7254 -63.0368 8.01646 0.553983 1.2 3 0 0
1 58898 -16.6043 -62.7338 8.64471 0.15397 1.2 3 0 0
1 58899 -15.3229 -62.4866 8.84545 1.16554 1.2 3 0 0
1 58900 -14.1335 -62.6961 7.58911 0.574139 1.2 3 0 0
1 58901 -12.3249 -64.4306 2.14082 0.998901 1.2 3 0 0
1 58902 -13.906 -65.5058 2.07697 0.910905 1.2 3 0 0
1 58903 -14.7011 -64.1586 1.95087 0.62455 1.2 3 0 0
1 58904 -14.7077 -69.8542 2.49192 0.569108 1.2 3 0 0
1 58905 -15.9676 -68.595 3.67746 1.12211 1.2 3 0 0
1 58938 -18.2811 -59.7626 6.761 1.5 1.2 3 0 0
1 58939 -18.1547 -61.8859 7.74687 0.716319 1.2 3 0 0
1 58940 -14.8989 -61.5081 10.1952 0.548498 1.2 3 0 0
1 58946 -15.5815 -61.1348 7.08357 0.791077 1.2 3 0 0
1 58953 -10.6819 -60.963 4.69871 1.32646 1.2 3 0 0
1 58954 -12.8294 -62.5887 3.7525 1.5 1.2 3 0 0
1 58956 -11.3166 -62.8758 5.13987 0.572608 1.2 3 0 0
1 58957 -12.0647 -62.0517 5.80701 0.696555 1.2 3 0 0
1 58958 -11.9508 -62.6745 6.41581 0.178393 1.2 3 0 0
1 58959 -11.6394 -62.174 4.9482 0.223279 1.2 3 0 0
1 58962 -15.8656 -60.6957 4.45925 1.5 1.2 3 0 0
1 58969 -13.9268 -61.6966 6.09597 1.21613 1.2 3 0 0
1 58971 -12.5776 -62.1386 7.40746 0.395902 1.2 3 0 0
1 58972 -11.8597 -60.382 7.2692 1.5 1.2 3 0 0
1 58979 -13.8197 -60.6955 2.55649 0.885592 1.2 3 0 0
1 58981 -14.5061 -61.9983 2.35773 0.600354 1.2 3 0 0
1 64084 -20.258 -68.6878 -6.23723 0.395828 1.2 3 0 0
1 64085 -19.5287 -67.9241 -6.28411 0.151144 1.2 3 0 0
