# SphereID Center[X Y Z] Radius Density Region Score Weight
LeafCount 32062
NodeCount 32062
1 19613 27.816 -46.1093 -33.2029 1.2144 1.2 1 0 0
1 19614 26.3384 -47.3102 -33.2658 0.527516 1.2 1 0 0
1 19615 24.8966 -49.583 -36.2746 0.43584 1.2 1 0 0
1 19944 21.3243 -55.1214 -36.1212 1.2704 1.2 1 0 0
1 19945 19.3054 -56.7833 -34.6345 1.5 1.2 1 0 0
1 19946 22.6574 -56.1808 -33.9359 1.5 1.2 1 0 0
1 19949 20.7907 -57.6103 -32.8018 0.652625 1.2 1 0 0
1 19950 21.3438 -58.4759 -34.3147 1.16875 1.2 1 0 0
1 19975 22.3643 -49.5375 -28.4352 0.883814 1.2 1 0 0
1 19976 21.9457 -47.3241 -27.6521 1.5 1.2 1 0 0
1 19977 21.1649 -48.0708 -30.3449 1.19233 1.2 1 0 0
1 19980 19.1724 -46.6177 -25.5275 1.5 1.2 1 0 0
1 20046 31.4025 -46.481 -27.6545 0.760412 1.2 1 0 0
1 20056 21.4919 -49.9938 -25.0048 1.5 1.2 1 0 0
1 20073 25.606 -48.7151 -25.2299 1.5 1.2 1 0 0
1 20080 25.0054 -45.2167 -27.1173 1.5 1.2 1 0 0
1 20118 27.8616 -52.752 -26.4706 1.5 1.2 1 0 0
1 20119 30.6543 -49.7647 -26.4046 0.68238 1.2 1 0 0
1 20120 31.633 -52.0471 -27.0841 1.5 1.2 1 0 0
1 20121 29.3645 -53.6797 -29.6194 1.5 1.2 1 0 0
1 20122 26.9926 -53.8439 -28.6176 1.05659 1.2 1 0 0
1 20123 24.8926 -52.7821 -29.486 1.19742 1.2 1 0 0
1 20124 26.5556 -52.6284 -29.5805 0.466856 1.2 1 0 0
1 20127 27.9606 -55.3463 -26.8936 0.978559 1.2 1 0 0
1 20128 29.9911 -48.6531 -31.6429 1.09246 1.2 1 0 0
1 20129 27.1093 -48.4976 -28.6661 1.0345 1.2 1 0 0
1 20298 24.7336 -64.0426 -27.743 1.29105 1.2 1 0 0
1 20300 25.6572 -62.8335 -28.2561 0.308411 1.2 1 0 0
1 20301 26.138 -61.8029 -26.8477 1.5 1.2 1 0 0
1 20311 26.6373 -57.9046 -26.878 0.937512 1.2 1 0 0
1 20312 25.554 -57.4697 -28.0714 0.731892 1.2 1 0 0
1 20313 24.4146 -61.7405 -29.7488 1.5 1.2 1 0 0
1 20314 21.6551 -61.9849 -30.342 1.33306 1.2 1 0 0
1 28600 23.8014 -46.4575 -28.7294 0.814173 1.2 1 0 0
1 28618 22.6596 -46.066 -31.541 1.5 1.2 1 0 0
1 28621 20.2612 -46.1847 -30.9661 0.969215 1.2 1 0 0
1 28627 28.278 -47.4847 -33.9032 0.396227 1.2 1 0 0
1 28629 29.2548 -47.3625 -32.7802 0.721738 1.2 1 0 0
1 28632 27.4478 -47.1247 -31.4312 0.676832 1.2 1 0 0
1 28633 28.3945 -47.3043 -32.0614 0.37953 1.2 1 0 0
1 28635 25.3478 -48.4522 -35.1167 1.20194 1.2 1 0 0
1 28636 23.954 -47.3102 -34.6757 0.567792 1.2 1 0 0
1 28637 25.3057 -45.8209 -34.1945 1.5 1.2 1 0 0
1 28638 22.3657 -47.5701 -33.851 1.2222 1.2 1 0 0
1 28640 23.6577 -47.1655 -32.8714 0.44896 1.2 1 0 0
1 28642 23.415 -48.6196 -34.3486 0.342501 1.2 1 0 0
1 28643 23.9567 -48.8106 -34.653 0.307584 1.2 1 0 0
1 28644 25.1197 -47.8382 -32.2936 1.10825 1.2 1 0 0
1 28646 25.2666 -48.0522 -31.0024 0.20495 1.2 1 0 0
1 28648 25.7879 -46.7842 -29.986 1.5 1.2 1 0 0
1 28649 25.6814 -49.0589 -33.1061 0.432515 1.2 1 0 0
1 28650 26.0459 -49.4939 -33.929 0.506586 1.2 1 0 0
1 28651 27.5711 -48.8402 -32.7655 1.5 1.2 1 0 0
1 28652 26.8107 -49.3118 -34.5699 0.507709 1.2 1 0 0
1 28653 23.7798 -46.6021 -36.1699 1.09481 1.2 1 0 0
1 28655 25.4393 -46.8558 -36.0105 0.591473 1.2 1 0 0
1 28656 24.2299 -49.7366 -36.9122 0.238773 1.2 1 0 0
1 28657 22.8653 -49.0424 -36.0856 1.5 1.2 1 0 0
1 28660 22.2214 -47.6127 -37.6149 0.690241 1.2 1 0 0
1 28713 21.2871 -47.1735 -38.2023 0.485137 1.2 1 0 0
1 28714 20.2255 -46.3461 -38.2922 0.863824 1.2 1 0 0
1 28719 21.2084 -46.3046 -35.9898 1.5 1.2 1 0 0
1 28721 19.7582 -48.5451 -37.5419 1.5 1.2 1 0 0
1 28727 20.892 -48.3772 -35.0737 0.787978 1.2 1 0 0
1 28731 19.028 -45.3907 -34.1756 1.48008 1.2 1 0 0
1 29533 26.3782 -51.1626 -33.9271 1.19491 1.2 1 0 0
1 29534 27.7204 -52.0471 -33.6801 0.429135 1.2 1 0 0
1 29535 22.942 -51.122 -35.1333 0.693884 1.2 1 0 0
1 29536 23.9917 -49.9873 -33.2486 1.5 1.2 1 0 0
1 29537 24.5346 -52.2233 -32.4737 0.888599 1.2 1 0 0
1 29538 25.3488 -51.2505 -32.6727 0.39552 1.2 1 0 0
1 29539 25.8855 -49.9873 -32.4207 0.566864 1.2 1 0 0
1 29540 25.9288 -52.6617 -34.6615 0.528097 1.2 1 0 0
1 29541 24.5518 -50.8294 -35.6685 0.992357 1.2 1 0 0
1 29542 25.5661 -51.8372 -35.1669 0.433556 1.2 1 0 0
1 29543 21.2211 -54.4909 -30.8126 0.942559 1.2 1 0 0
1 29544 22.7361 -52.6635 -29.581 0.927733 1.2 1 0 0
1 29545 22.7791 -54.2928 -30.0396 0.765484 1.2 1 0 0
1 29546 21.5558 -54.1265 -29.5095 0.451248 1.2 1 0 0
1 29547 20.5328 -52.8372 -30.7347 0.800623 1.2 1 0 0
1 29551 21.5953 -52.1361 -28.6602 0.615095 1.2 1 0 0
1 29552 20.6965 -53.5789 -28.3051 1.12152 1.2 1 0 0
1 29554 22.2679 -52.8353 -32.0319 1.36475 1.2 1 0 0
1 29556 25.2907 -49.2092 -30.7073 0.989357 1.2 1 0 0
1 29557 25.3271 -50.5094 -30.296 0.362024 1.2 1 0 0
1 29558 23.9607 -51.1153 -30.8399 1.14347 1.2 1 0 0
1 29559 22.3958 -50.9736 -32.1656 0.506165 1.2 1 0 0
1 29561 21.4062 -50.7511 -30.2654 1.5 1.2 1 0 0
1 29562 21.0227 -49.174 -31.6339 0.509862 1.2 1 0 0
1 29563 23.4598 -48.2856 -29.6956 1.20232 1.2 1 0 0
1 29564 22.7454 -48.5048 -31.7492 0.949189 1.2 1 0 0
1 29565 22.3211 -49.2557 -34.1264 0.486283 1.2 1 0 0
1 29566 21.3646 -49.9873 -33.0232 1.13594 1.2 1 0 0
1 29567 22.2192 -51.5355 -33.8549 0.77214 1.2 1 0 0
1 29568 26.1594 -53.9037 -33.523 1.12483 1.2 1 0 0
1 29569 25.9837 -55.1861 -34.3642 0.357894 1.2 1 0 0
1 29570 25.5417 -54.8405 -32.8371 0.190318 1.2 1 0 0
1 29571 23.1931 -54.2652 -33.1251 0.600249 1.2 1 0 0
1 29572 22.806 -54.3468 -32.4106 0.208601 1.2 1 0 0
1 29573 22.3381 -53.9788 -35.2801 0.467072 1.2 1 0 0
1 29574 24.5248 -54.5265 -31.5216 1.5 1.2 1 0 0
1 29575 24.2907 -54.8214 -33.5958 0.608153 1.2 1 0 0
1 29576 25.0306 -54.9205 -34.7335 0.694204 1.2 1 0 0
1 29577 23.9323 -53.0176 -34.6443 1.5 1.2 1 0 0
1 29578 23.364 -54.9529 -35.732 0.78764 1.2 1 0 0
1 29582 21.0824 -57.2049 -35.9653 0.729926 1.2 1 0 0
1 29614 25.3821 -56.2145 -33.4061 1.17103 1.2 1 0 0
1 29615 25.0255 -57.9631 -33.5368 0.602424 1.2 1 0 0
1 29616 24.357 -57.3541 -34.3454 0.601822 1.2 1 0 0
1 29617 22.1118 -54.9323 -32.1692 0.73105 1.2 1 0 0
1 29618 22.7815 -56.5929 -32.2917 0.199562 1.2 1 0 0
1 29619 22.7389 -57.6363 -32.5204 0.531786 1.2 1 0 0
1 29620 23.3456 -56.2195 -31.8733 0.592936 1.2 1 0 0
1 29621 24.2135 -56.229 -32.357 0.39944 1.2 1 0 0
1 29622 23.3276 -56.9432 -32.449 0.30035 1.2 1 0 0
1 29623 22.0149 -59.4168 -31.8617 1.5 1.2 1 0 0
1 29624 19.9934 -60.953 -31.9521 1.04059 1.2 1 0 0
1 29630 21.0754 -58.1199 -30.1804 0.762955 1.2 1 0 0
1 29632 21.6543 -56.6854 -31.4172 1.21765 1.2 1 0 0
1 29636 20.4123 -55.1221 -32.8515 1.06025 1.2 1 0 0
1 29638 22.712 -59.7512 -33.6828 0.472544 1.2 1 0 0
1 29639 23.4965 -58.4594 -33.6868 0.938309 1.2 1 0 0
1 29640 21.1735 -56.9522 -34.7841 0.375236 1.2 1 0 0
1 29641 22.3335 -57.537 -35.435 0.547385 1.2 1 0 0
1 29642 22.3267 -52.6609 -35.8877 0.561809 1.2 1 0 0
1 29643 23.2754 -51.7779 -36.489 0.797149 1.2 1 0 0
1 29644 22.7518 -50.742 -37.2735 0.576678 1.2 1 0 0
1 29647 20.6319 -53.072 -34.3859 1.5 1.2 1 0 0
1 29648 21.5105 -50.5803 -34.9488 0.843714 1.2 1 0 0
1 29650 20.9201 -51.7079 -37.0583 1.49763 1.2 1 0 0
1 29651 21.5356 -49.7403 -37.6382 0.644046 1.2 1 0 0
1 29653 19.4031 -49.9873 -34.5457 1.34711 1.2 1 0 0
1 29657 19.6233 -47.9665 -32.5523 1.5 1.2 1 0 0
1 29665 20.7051 -53.8283 -37.4116 0.658539 1.2 1 0 0
1 29786 20.3694 -51.1015 -27.8149 1.18376 1.2 1 0 0
1 29787 21.8956 -51.0924 -27.1364 0.48648 1.2 1 0 0
1 29788 20.7904 -52.6261 -26.7616 0.669217 1.2 1 0 0
1 29886 19.6055 -59.7808 -29.7277 1.5 1.2 1 0 0
1 29992 32.243 -48.5436 -27.2693 1.5 1.2 1 0 0
1 29996 33.6604 -49.9873 -24.8202 1.5 1.2 1 0 0
1 30000 34.5295 -47.4674 -25.8746 1.36651 1.2 1 0 0
1 30001 34.4093 -49.1853 -26.9281 0.651063 1.2 1 0 0
1 30008 32.8898 -46.594 -28.9188 1.13439 1.2 1 0 0
1 30009 33.5711 -47.2616 -27.6507 0.384927 1.2 1 0 0
1 30047 29.3939 -45.463 -27.0928 1.5 1.2 1 0 0
1 30078 24.8963 -51.3502 -25.8166 1.28735 1.2 1 0 0
1 30082 24.1838 -49.3449 -26.5608 0.463545 1.2 1 0 0
1 30083 23.0473 -50.2342 -26.8825 0.950004 1.2 1 0 0
1 30122 27.0631 -46.2713 -25.4444 1.33151 1.2 1 0 0
1 30126 23.0333 -47.1786 -24.8202 1.5 1.2 1 0 0
1 30131 24.5219 -47.9095 -27.4762 1.09786 1.2 1 0 0
1 30132 23.1651 -48.7317 -26.7655 0.561565 1.2 1 0 0
1 30195 33.675 -50.4152 -27.4118 0.860852 1.2 1 0 0
1 30196 33.1956 -51.3138 -27.0313 0.226431 1.2 1 0 0
1 30197 33.2822 -51.5907 -28.2655 0.579324 1.2 1 0 0
1 30198 32.2625 -52.6098 -29.0985 0.682068 1.2 1 0 0
1 30199 33.8389 -51.7265 -26.3268 0.807901 1.2 1 0 0
1 30200 33.2373 -53.6436 -25.4707 0.992416 1.2 1 0 0
1 30201 33.5792 -52.3221 -27.4664 0.467577 1.2 1 0 0
1 30202 31.1685 -52.1888 -30.1878 0.908404 1.2 1 0 0
1 30203 32.0639 -50.4269 -29.2554 1.23789 1.2 1 0 0
1 30204 33.4227 -49.332 -28.7805 0.570627 1.2 1 0 0
1 30214 29.594 -50.9119 -26.5828 0.88695 1.2 1 0 0
1 30218 29.2665 -51.7609 -28.0268 0.817674 1.2 1 0 0
1 30219 29.7719 -52.486 -26.7356 0.443648 1.2 1 0 0
1 30220 29.3764 -54.106 -31.6493 0.561083 1.2 1 0 0
1 30221 29.3552 -55.9413 -30.2803 0.850765 1.2 1 0 0
1 30222 26.1083 -54.5554 -32.0227 0.161089 1.2 1 0 0
1 30223 27.5834 -55.0224 -31.5571 1.45462 1.2 1 0 0
1 30224 28.3352 -52.6644 -31.1477 0.603826 1.2 1 0 0
1 30225 28.6724 -53.9721 -32.5389 0.348973 1.2 1 0 0
1 30226 27.9299 -52.938 -32.6764 0.928649 1.2 1 0 0
1 30227 25.9381 -56.4223 -27.0252 0.699947 1.2 1 0 0
1 30228 24.945 -55.3656 -28.6772 1.49524 1.2 1 0 0
1 30229 22.9185 -52.7955 -27.1464 1.5 1.2 1 0 0
1 30230 23.6495 -51.8233 -28.7721 0.51033 1.2 1 0 0
1 30231 25.7555 -52.3599 -27.5969 0.920298 1.2 1 0 0
1 30232 24.9724 -53.5926 -26.9316 0.677011 1.2 1 0 0
1 30233 23.4419 -56.1206 -30.3168 0.772703 1.2 1 0 0
1 30234 23.1729 -54.9429 -27.5001 0.670601 1.2 1 0 0
1 30235 23.1163 -54.2625 -28.6854 0.630508 1.2 1 0 0
1 30236 26.3 -53.6315 -30.4869 0.71955 1.2 1 0 0
1 30237 26.4198 -54.7729 -29.9552 0.541003 1.2 1 0 0
1 30238 25.5402 -54.155 -29.9453 0.350413 1.2 1 0 0
1 30239 28.3948 -58.0186 -30.4767 0.640293 1.2 1 0 0
1 30240 28.6021 -59.0263 -30.0398 0.453024 1.2 1 0 0
1 30241 25.7292 -56.2633 -30.6126 0.777807 1.2 1 0 0
1 30242 25.0835 -57.2369 -29.5269 0.564591 1.2 1 0 0
1 30243 24.5043 -57.8748 -31.56 1.44376 1.2 1 0 0
1 30244 27.5994 -56.7581 -28.9202 1.5 1.2 1 0 0
1 30245 25.9424 -58.0186 -29.4222 0.392817 1.2 1 0 0
1 30246 26.9414 -57.5139 -31.2538 1.03894 1.2 1 0 0
1 30247 26.3195 -59.0081 -31.597 0.604925 1.2 1 0 0
1 30248 26.0891 -57.7372 -32.8515 0.588688 1.2 1 0 0
1 30249 25.9987 -56.9982 -32.1987 0.39203 1.2 1 0 0
1 30251 30.2223 -56.368 -26.7903 1.5 1.2 1 0 0
1 30252 28.6756 -57.6043 -27.5091 0.372892 1.2 1 0 0
1 30255 27.9579 -57.0125 -26.8716 0.595268 1.2 1 0 0
1 30260 29.6133 -57.948 -28.5404 0.869792 1.2 1 0 0
1 30261 29.0011 -59.2791 -29.0241 0.649116 1.2 1 0 0
1 30263 27.4473 -56.6792 -24.842 1.5 1.2 1 0 0
1 30266 27.1639 -54.34 -26.9743 0.306151 1.2 1 0 0
1 30267 26.0698 -54.7916 -26.1361 1.13255 1.2 1 0 0
1 30272 31.5555 -55.1041 -27.9157 0.644457 1.2 1 0 0
1 30273 31.4461 -54.231 -28.9832 0.738986 1.2 1 0 0
1 30274 31.625 -55.2301 -28.8349 0.286031 1.2 1 0 0
1 30275 28.57 -54.1412 -27.6787 0.472609 1.2 1 0 0
1 30276 28.3314 -54.912 -28.3148 0.553077 1.2 1 0 0
1 30277 29.4986 -55.0847 -28.1717 0.519669 1.2 1 0 0
1 30278 31.7146 -54.4276 -26.4587 0.962601 1.2 1 0 0
1 30279 31.0362 -54.4801 -27.4805 0.262703 1.2 1 0 0
1 30280 29.947 -53.9147 -27.2046 0.995088 1.2 1 0 0
1 30281 30.9714 -54.6429 -29.9313 0.398431 1.2 1 0 0
1 30282 29.3034 -57.4071 -29.925 0.576664 1.2 1 0 0
1 30283 30.5706 -55.5186 -28.9273 0.80537 1.2 1 0 0
1 30284 31.0735 -49.9873 -31.0647 0.720272 1.2 1 0 0
1 30285 30.7184 -49.1692 -30.4966 0.337193 1.2 1 0 0
1 30286 31.0363 -49.4229 -29.9286 0.336796 1.2 1 0 0
1 30287 29.327 -46.1135 -30.9442 1.5 1.2 1 0 0
1 30289 31.2146 -47.0487 -31.3342 0.634344 1.2 1 0 0
1 30290 31.0111 -48.9884 -28.8565 0.55779 1.2 1 0 0
1 30291 31.7006 -48.192 -30.1531 1.07982 1.2 1 0 0
1 30292 24.8963 -50.2716 -28.4908 1.5 1.2 1 0 0
1 30293 25.5645 -48.3902 -28.7802 0.517302 1.2 1 0 0
1 30294 25.9227 -48.8912 -29.4883 0.42012 1.2 1 0 0
1 30295 27.3322 -51.5455 -28.7289 1.11458 1.2 1 0 0
1 30296 26.857 -50.5115 -27.1192 0.856747 1.2 1 0 0
1 30297 25.2519 -51.2432 -29.9901 0.321644 1.2 1 0 0
1 30298 27.0052 -49.5787 -30.1485 0.79797 1.2 1 0 0
1 30299 30.0449 -47.4998 -28.7459 1.19626 1.2 1 0 0
1 30300 28.3049 -47.3024 -28.191 0.640688 1.2 1 0 0
1 30301 28.557 -48.223 -29.0366 0.483382 1.2 1 0 0
1 30302 27.1655 -46.1506 -28.0126 0.988709 1.2 1 0 0
1 30305 28.5822 -48.7276 -26.5933 1.5 1.2 1 0 0
1 30307 27.976 -47.3089 -29.6136 0.706623 1.2 1 0 0
1 30308 29.6719 -51.7524 -31.5313 1.04842 1.2 1 0 0
1 30309 31.0776 -51.1839 -31.2553 0.490904 1.2 1 0 0
1 30310 28.8379 -52.6642 -31.96 0.25957 1.2 1 0 0
1 30311 26.5505 -51.5506 -31.2373 1.5 1.2 1 0 0
1 30312 28.6386 -51.8391 -29.6508 0.47884 1.2 1 0 0
1 30313 29.3361 -49.9873 -29.5171 1.5 1.2 1 0 0
1 30314 28.0582 -51.3225 -30.0496 0.394599 1.2 1 0 0
1 30315 29.4937 -50.2067 -32.4173 0.705178 1.2 1 0 0
1 30316 28.4324 -50.3614 -31.4808 0.669358 1.2 1 0 0
1 30317 28.7959 -49.4296 -31.5379 0.331542 1.2 1 0 0
1 30318 28.2358 -51.1212 -32.9108 0.880337 1.2 1 0 0
1 31554 19.5421 -52.8364 -24.7855 1.5 1.2 1 0 0
1 31563 19.5281 -56.0905 -25.9353 1.5 1.2 1 0 0
1 31698 29.8204 -60.9489 -26.8342 0.498942 1.2 1 0 0
1 31699 28.6525 -61.8663 -26.9999 0.918606 1.2 1 0 0
1 31701 26.6597 -59.8486 -26.4813 0.522648 1.2 1 0 0
1 31705 28.5777 -59.3792 -26.9195 1.5 1.2 1 0 0
1 31706 29.1323 -60.6919 -28.2571 0.454432 1.2 1 0 0
1 31707 26.5831 -64.5452 -26.2885 1.10997 1.2 1 0 0
1 31708 25.1639 -65.7714 -26.5675 0.784344 1.2 1 0 0
1 31709 25.8846 -65.188 -27.4857 0.332891 1.2 1 0 0
1 31711 23.9363 -62.9459 -25.7064 1.09979 1.2 1 0 0
1 31712 23.7044 -62.0874 -26.8238 0.328341 1.2 1 0 0
1 31713 23.7616 -63.0238 -27.0697 0.269697 1.2 1 0 0
1 31714 24.2935 -62.3134 -27.456 0.508139 1.2 1 0 0
1 31715 28.1206 -62.9683 -24.5734 1.5 1.2 1 0 0
1 31722 27.7615 -63.308 -27.0769 0.725736 1.2 1 0 0
1 31723 27.6956 -61.7639 -27.7115 0.278267 1.2 1 0 0
1 31724 26.9543 -63.1671 -28.2491 0.619323 1.2 1 0 0
1 31725 26.6569 -62.0545 -29.1401 0.821455 1.2 1 0 0
1 31726 25.7895 -63.2059 -29.088 0.612585 1.2 1 0 0
1 31760 20.8366 -64.0024 -25.4327 1.28632 1.2 1 0 0
1 31764 22.0907 -62.6337 -27.5106 1.5 1.2 1 0 0
1 31785 22.9787 -65.6526 -26.4774 1.406 1.2 1 0 0
1 31786 20.9475 -65.4581 -26.7425 0.651554 1.2 1 0 0
1 31787 25.5732 -59.8849 -27.7764 0.699566 1.2 1 0 0
1 31788 26.8106 -59.6912 -29.5987 1.5 1.2 1 0 0
1 31789 23.8711 -60.8663 -27.3097 0.995823 1.2 1 0 0
1 31790 23.9141 -58.8239 -28.756 1.5 1.2 1 0 0
1 31791 23.6757 -56.8333 -29.2846 0.503251 1.2 1 0 0
1 31792 21.3667 -59.0655 -28.5734 0.724009 1.2 1 0 0
1 31793 22.2192 -57.8329 -28.3138 0.512479 1.2 1 0 0
1 31795 21.9153 -57.4556 -27.1205 0.774909 1.2 1 0 0
1 31796 20.9711 -54.8596 -27.1883 0.59516 1.2 1 0 0
1 31800 21.8455 -59.635 -26.4722 1.5 1.2 1 0 0
1 31801 21.7527 -55.9366 -28.8066 1.5 1.2 1 0 0
1 31802 22.8572 -56.8959 -29.846 0.292129 1.2 1 0 0
1 31804 24.8963 -59.1891 -25.8589 1.44733 1.2 1 0 0
1 31806 25.3477 -57.4363 -26.8859 0.428145 1.2 1 0 0
1 31807 21.6115 -54.4937 -25.5951 1.14555 1.2 1 0 0
1 31810 23.9774 -56.3854 -26.0281 1.5 1.2 1 0 0
1 31812 24.2292 -57.9474 -27.0889 0.404901 1.2 1 0 0
1 31813 23.171 -57.4794 -27.4966 0.486424 1.2 1 0 0
1 31814 23.1889 -60.1147 -30.267 0.599567 1.2 1 0 0
1 31815 23.1929 -58.7967 -30.5096 0.396317 1.2 1 0 0
1 31816 22.7438 -57.7715 -30.2836 0.693297 1.2 1 0 0
1 31817 23.8138 -60.682 -32.1075 0.712943 1.2 1 0 0
1 31818 25.2651 -60.1282 -31.5495 0.934173 1.2 1 0 0
1 31819 25.056 -59.2828 -32.8151 0.512576 1.2 1 0 0
1 32030 24.1242 -52.6547 -31.1629 0.437976 1.2 1 0 0
1 32031 23.1332 -51.1562 -29.3341 0.50325 1.2 1 0 0
1 32032 20.6704 -60.1643 -33.4832 0.735145 1.2 1 0 0
1 32060 22.2196 -60.536 -28.7017 0.909436 1.2 1 0 0
1 32061 23.5109 -60.6139 -28.5728 0.341695 1.2 1 0 0
1 51675 27.816 -46.1093 -33.2029 1.2144 1.2 3 0 0
1 51676 26.3384 -47.3102 -33.2658 0.527516 1.2 3 0 0
1 51677 24.8966 -49.583 -36.2746 0.43584 1.2 3 0 0
1 52006 21.3243 -55.1214 -36.1212 1.2704 1.2 3 0 0
1 52007 19.3054 -56.7833 -34.6345 1.5 1.2 3 0 0
1 52008 22.6574 -56.1808 -33.9359 1.5 1.2 3 0 0
1 52011 20.7907 -57.6103 -32.8018 0.652625 1.2 3 0 0
1 52012 21.3438 -58.4759 -34.3147 1.16875 1.2 3 0 0
1 52037 22.3643 -49.5375 -28.4352 0.883814 1.2 3 0 0
1 52038 21.9457 -47.3241 -27.6521 1.5 1.2 3 0 0
1 52039 21.1649 -48.0708 -30.3449 1.19233 1.2 3 0 0
1 52042 19.1724 -46.6177 -25.5275 1.5 1.2 3 0 0
1 52108 31.4025 -46.481 -27.6545 0.760412 1.2 3 0 0
1 52118 21.4919 -49.9938 -25.0048 1.5 1.2 3 0 0
1 52135 25.606 -48.7151 -25.2299 1.5 1.2 3 0 0
1 52142 25.0054 -45.2167 -27.1173 1.5 1.2 3 0 0
1 52180 27.8616 -52.752 -26.4706 1.5 1.2 3 0 0
1 52181 30.6543 -49.7647 -26.4046 0.68238 1.2 3 0 0
1 52182 31.633 -52.0471 -27.0841 1.5 1.2 3 0 0
1 52183 29.3645 -53.6797 -29.6194 1.5 1.2 3 0 0
1 52184 26.9926 -53.8439 -28.6176 1.05659 1.2 3 0 0
1 52185 24.8926 -52.7821 -29.486 1.19742 1.2 3 0 0
1 52186 26.5556 -52.6284 -29.5805 0.466856 1.2 3 0 0
1 52189 27.9606 -55.3463 -26.8936 0.978559 1.2 3 0 0
1 52190 29.9911 -48.6531 -31.6429 1.09246 1.2 3 0 0
1 52191 27.1093 -48.4976 -28.6661 1.0345 1.2 3 0 0
1 52360 24.7336 -64.0426 -27.743 1.29105 1.2 3 0 0
1 52362 25.6572 -62.8335 -28.2561 0.308411 1.2 3 0 0
1 52363 26.138 -61.8029 -26.8477 1.5 1.2 3 0 0
1 52373 26.6373 -57.9046 -26.878 0.937512 1.2 3 0 0
1 52374 25.554 -57.4697 -28.0714 0.731892 1.2 3 0 0
1 52375 24.4146 -61.7405 -29.7488 1.5 1.2 3 0 0
1 52376 21.6551 -61.9849 -30.342 1.33306 1.2 3 0 0
1 60662 23.8014 -46.4575 -28.7294 0.814173 1.2 3 0 0
1 60680 22.6596 -46.066 -31.541 1.5 1.2 3 0 0
1 60683 20.2612 -46.1847 -30.9661 0.969215 1.2 3 0 0
1 60689 28.278 -47.4847 -33.9032 0.396227 1.2 3 0 0
1 60691 29.2548 -47.3625 -32.7802 0.721738 1.2 3 0 0
1 60694 27.4478 -47.1247 -31.4312 0.676832 1.2 3 0 0
1 60695 28.3945 -47.3043 -32.0614 0.37953 1.2 3 0 0
1 60697 25.3478 -48.4522 -35.1167 1.20194 1.2 3 0 0
1 60698 23.954 -47.3102 -34.6757 0.567792 1.2 3 0 0
1 60699 25.3057 -45.8209 -34.1945 1.5 1.2 3 0 0
1 60700 22.3657 -47.5701 -33.851 1.2222 1.2 3 0 0
1 60702 23.6577 -47.1655 -32.8714 0.44896 1.2 3 0 0
1 60704 23.415 -48.6196 -34.3486 0.342501 1.2 3 0 0
1 60705 23.9567 -48.8106 -34.653 0.307584 1.2 3 0 0
1 60706 25.1197 -47.8382 -32.2936 1.10825 1.2 3 0 0
1 60708 25.2666 -48.0522 -31.0024 0.20495 1.2 3 0 0
1 60710 25.7879 -46.7842 -29.986 1.5 1.2 3 0 0
1 60711 25.6814 -49.0589 -33.1061 0.432515 1.2 3 0 0
1 60712 26.0459 -49.4939 -33.929 0.506586 1.2 3 0 0
1 60713 27.5711 -48.8402 -32.7655 1.5 1.2 3 0 0
1 60714 26.8107 -49.3118 -34.5699 0.507709 1.2 3 0 0
1 60715 23.7798 -46.6021 -36.1699 1.09481 1.2 3 0 0
1 60717 25.4393 -46.8558 -36.0105 0.591473 1.2 3 0 0
1 60718 24.2299 -49.7366 -36.9122 0.238773 1.2 3 0 0
1 60719 22.8653 -49.0424 -36.0856 1.5 1.2 3 0 0
1 60722 22.2214 -47.6127 -37.6149 0.690241 1.2 3 0 0
1 60775 21.2871 -47.1735 -38.2023 0.485137 1.2 3 0 0
1 60776 20.2255 -46.3461 -38.2922 0.863824 1.2 3 0 0
1 60781 21.2084 -46.3046 -35.9898 1.5 1.2 3 0 0
1 60783 19.7582 -48.5451 -37.5419 1.5 1.2 3 0 0
1 60789 20.892 -48.3772 -35.0737 0.787978 1.2 3 0 0
1 60793 19.028 -45.3907 -34.1756 1.48008 1.2 3 0 0
1 61595 26.3782 -51.1626 -33.9271 1.19491 1.2 3 0 0
1 61596 27.7204 -52.0471 -33.6801 0.429135 1.2 3 0 0
1 61597 22.942 -51.122 -35.1333 0.693884 1.2 3 0 0
1 61598 23.9917 -49.9873 -33.2486 1.5 1.2 3 0 0
1 61599 24.5346 -52.2233 -32.4737 0.888599 1.2 3 0 0
1 61600 25.3488 -51.2505 -32.6727 0.39552 1.2 3 0 0
1 61601 25.8855 -49.9873 -32.4207 0.566864 1.2 3 0 0
1 61602 25.9288 -52.6617 -34.6615 0.528097 1.2 3 0 0
1 61603 24.5518 -50.8294 -35.6685 0.992357 1.2 3 0 0
1 61604 25.5661 -51.8372 -35.1669 0.433556 1.2 3 0 0
1 61605 21.2211 -54.4909 -30.8126 0.942559 1.2 3 0 0
1 61606 22.7361 -52.6635 -29.581 0.927733 1.2 3 0 0
1 61607 22.7791 -54.2928 -30.0396 0.765484 1.2 3 0 0
1 61608 21.5558 -54.1265 -29.5095 0.451248 1.2 3 0 0
1 61609 20.5328 -52.8372 -30.7347 0.800623 1.2 3 0 0
1 61613 21.5953 -52.1361 -28.6602 0.615095 1.2 3 0 0
1 61614 20.6965 -53.5789 -28.3051 1.12152 1.2 3 0 0
1 61616 22.2679 -52.8353 -32.0319 1.36475 1.2 3 0 0
1 61618 25.2907 -49.2092 -30.7073 0.989357 1.2 3 0 0
1 61619 25.3271 -50.5094 -30.296 0.362024 1.2 3 0 0
1 61620 23.9607 -51.1153 -30.8399 1.14347 1.2 3 0 0
1 61621 22.3958 -50.9736 -32.1656 0.506165 1.2 3 0 0
1 61623 21.4062 -50.7511 -30.2654 1.5 1.2 3 0 0
1 61624 21.0227 -49.174 -31.6339 0.509862 1.2 3 0 0
1 61625 23.4598 -48.2856 -29.6956 1.20232 1.2 3 0 0
1 61626 22.7454 -48.5048 -31.7492 0.949189 1.2 3 0 0
1 61627 22.3211 -49.2557 -34.1264 0.486283 1.2 3 0 0
1 61628 21.3646 -49.9873 -33.0232 1.13594 1.2 3 0 0
1 61629 22.2192 -51.5355 -33.8549 0.77214 1.2 3 0 0
1 61630 26.1594 -53.9037 -33.523 1.12483 1.2 3 0 0
1 61631 25.9837 -55.1861 -34.3642 0.357894 1.2 3 0 0
1 61632 25.5417 -54.8405 -32.8371 0.190318 1.2 3 0 0
1 61633 23.1931 -54.2652 -33.1251 0.600249 1.2 3 0 0
1 61634 22.806 -54.3468 -32.4106 0.208601 1.2 3 0 0
1 61635 22.3381 -53.9788 -35.2801 0.467072 1.2 3 0 0
1 61636 24.5248 -54.5265 -31.5216 1.5 1.2 3 0 0
1 61637 24.2907 -54.8214 -33.5958 0.608153 1.2 3 0 0
1 61638 25.0306 -54.9205 -34.7335 0.694204 1.2 3 0 0
1 61639 23.9323 -53.0176 -34.6443 1.5 1.2 3 0 0
1 61640 23.364 -54.9529 -35.732 0.78764 1.2 3 0 0
1 61644 21.0824 -57.2049 -35.9653 0.729926 1.2 3 0 0
1 61676 25.3821 -56.2145 -33.4061 1.17103 1.2 3 0 0
1 61677 25.0255 -57.9631 -33.5368 0.602424 1.2 3 0 0
1 61678 24.357 -57.3541 -34.3454 0.601822 1.2 3 0 0
1 61679 22.1118 -54.9323 -32.1692 0.73105 1.2 3 0 0
1 61680 22.7815 -56.5929 -32.2917 0.199562 1.2 3 0 0
1 61681 22.7389 -57.6363 -32.5204 0.531786 1.2 3 0 0
1 61682 23.3456 -56.2195 -31.8733 0.592936 1.2 3 0 0
1 61683 24.2135 -56.229 -32.357 0.39944 1.2 3 0 0
1 61684 23.3276 -56.9432 -32.449 0.30035 1.2 3 0 0
1 61685 22.0149 -59.4168 -31.8617 1.5 1.2 3 0 0
1 61686 19.9934 -60.953 -31.9521 1.04059 1.2 3 0 0
1 61692 21.0754 -58.1199 -30.1804 0.762955 1.2 3 0 0
1 61694 21.6543 -56.6854 -31.4172 1.21765 1.2 3 0 0
1 61698 20.4123 -55.1221 -32.8515 1.06025 1.2 3 0 0
1 61700 22.712 -59.7512 -33.6828 0.472544 1.2 3 0 0
1 61701 23.4965 -58.4594 -33.6868 0.938309 1.2 3 0 0
1 61702 21.1735 -56.9522 -34.7841 0.375236 1.2 3 0 0
1 61703 22.3335 -57.537 -35.435 0.547385 1.2 3 0 0
1 61704 22.3267 -52.6609 -35.8877 0.561809 1.2 3 0 0
1 61705 23.2754 -51.7779 -36.489 0.797149 1.2 3 0 0
1 61706 22.7518 -50.742 -37.2735 0.576678 1.2 3 0 0
1 61709 20.6319 -53.072 -34.3859 1.5 1.2 3 0 0
1 61710 21.5105 -50.5803 -34.9488 0.843714 1.2 3 0 0
1 61712 20.9201 -51.7079 -37.0583 1.49763 1.2 3 0 0
1 61713 21.5356 -49.7403 -37.6382 0.644046 1.2 3 0 0
1 61715 19.4031 -49.9873 -34.5457 1.34711 1.2 3 0 0
1 61719 19.6233 -47.9665 -32.5523 1.5 1.2 3 0 0
1 61727 20.7051 -53.8283 -37.4116 0.658539 1.2 3 0 0
1 61848 20.3694 -51.1015 -27.8149 1.18376 1.2 3 0 0
1 61849 21.8956 -51.0924 -27.1364 0.48648 1.2 3 0 0
1 61850 20.7904 -52.6261 -26.7616 0.669217 1.2 3 0 0
1 61948 19.6055 -59.7808 -29.7277 1.5 1.2 3 0 0
1 62054 32.243 -48.5436 -27.2693 1.5 1.2 3 0 0
1 62058 33.6604 -49.9873 -24.8202 1.5 1.2 3 0 0
1 62062 34.5295 -47.4674 -25.8746 1.36651 1.2 3 0 0
1 62063 34.4093 -49.1853 -26.9281 0.651063 1.2 3 0 0
1 62070 32.8898 -46.594 -28.9188 1.13439 1.2 3 0 0
1 62071 33.5711 -47.2616 -27.6507 0.384927 1.2 3 0 0
1 62109 29.3939 -45.463 -27.0928 1.5 1.2 3 0 0
1 62140 24.8963 -51.3502 -25.8166 1.28735 1.2 3 0 0
1 62144 24.1838 -49.3449 -26.5608 0.463545 1.2 3 0 0
1 62145 23.0473 -50.2342 -26.8825 0.950004 1.2 3 0 0
1 62184 27.0631 -46.2713 -25.4444 1.33151 1.2 3 0 0
1 62188 23.0333 -47.1786 -24.8202 1.5 1.2 3 0 0
1 62193 24.5219 -47.9095 -27.4762 1.09786 1.2 3 0 0
1 62194 23.1651 -48.7317 -26.7655 0.561565 1.2 3 0 0
1 62257 33.675 -50.4152 -27.4118 0.860852 1.2 3 0 0
1 62258 33.1956 -51.3138 -27.0313 0.226431 1.2 3 0 0
1 62259 33.2822 -51.5907 -28.2655 0.579324 1.2 3 0 0
1 62260 32.2625 -52.6098 -29.0985 0.682068 1.2 3 0 0
1 62261 33.8389 -51.7265 -26.3268 0.807901 1.2 3 0 0
1 62262 33.2373 -53.6436 -25.4707 0.992416 1.2 3 0 0
1 62263 33.5792 -52.3221 -27.4664 0.467577 1.2 3 0 0
1 62264 31.1685 -52.1888 -30.1878 0.908404 1.2 3 0 0
1 62265 32.0639 -50.4269 -29.2554 1.23789 1.2 3 0 0
1 62266 33.4227 -49.332 -28.7805 0.570627 1.2 3 0 0
1 62276 29.594 -50.9119 -26.5828 0.88695 1.2 3 0 0
1 62280 29.2665 -51.7609 -28.0268 0.817674 1.2 3 0 0
1 62281 29.7719 -52.486 -26.7356 0.443648 1.2 3 0 0
1 62282 29.3764 -54.106 -31.6493 0.561083 1.2 3 0 0
1 62283 29.3552 -55.9413 -30.2803 0.850765 1.2 3 0 0
1 62284 26.1083 -54.5554 -32.0227 0.161089 1.2 3 0 0
1 62285 27.5834 -55.0224 -31.5571 1.45462 1.2 3 0 0
1 62286 28.3352 -52.6644 -31.1477 0.603826 1.2 3 0 0
1 62287 28.6724 -53.9721 -32.5389 0.348973 1.2 3 0 0
1 62288 27.9299 -52.938 -32.6764 0.928649 1.2 3 0 0
1 62289 25.9381 -56.4223 -27.0252 0.699947 1.2 3 0 0
1 62290 24.945 -55.3656 -28.6772 1.49524 1.2 3 0 0
1 62291 22.9185 -52.7955 -27.1464 1.5 1.2 3 0 0
1 62292 23.6495 -51.8233 -28.7721 0.51033 1.2 3 0 0
1 62293 25.7555 -52.3599 -27.5969 0.920298 1.2 3 0 0
1 62294 24.9724 -53.5926 -26.9316 0.677011 1.2 3 0 0
1 62295 23.4419 -56.1206 -30.3168 0.772703 1.2 3 0 0
1 62296 23.1729 -54.9429 -27.5001 0.670601 1.2 3 0 0
1 62297 23.1163 -54.2625 -28.6854 0.630508 1.2 3 0 0
1 62298 26.3 -53.6315 -30.4869 0.71955 1.2 3 0 0
1 62299 26.4198 -54.7729 -29.9552 0.541003 1.2 3 0 0
1 62300 25.5402 -54.155 -29.9453 0.350413 1.2 3 0 0
1 62301 28.3948 -58.0186 -30.4767 0.640293 1.2 3 0 0
1 62302 28.6021 -59.0263 -30.0398 0.453024 1.2 3 0 0
1 62303 25.7292 -56.2633 -30.6126 0.777807 1.2 3 0 0
1 62304 25.0835 -57.2369 -29.5269 0.564591 1.2 3 0 0
1 62305 24.5043 -57.8748 -31.56 1.44376 1.2 3 0 0
1 62306 27.5994 -56.7581 -28.9202 1.5 1.2 3 0 0
1 62307 25.9424 -58.0186 -29.4222 0.392817 1.2 3 0 0
1 62308 26.9414 -57.5139 -31.2538 1.03894 1.2 3 0 0
1 62309 26.3195 -59.0081 -31.597 0.604925 1.2 3 0 0
1 62310 26.0891 -57.7372 -32.8515 0.588688 1.2 3 0 0
1 62311 25.9987 -56.9982 -32.1987 0.39203 1.2 3 0 0
1 62313 30.2223 -56.368 -26.7903 1.5 1.2 3 0 0
1 62314 28.6756 -57.6043 -27.5091 0.372892 1.2 3 0 0
1 62317 27.9579 -57.0125 -26.8716 0.595268 1.2 3 0 0
1 62322 29.6133 -57.948 -28.5404 0.869792 1.2 3 0 0
1 62323 29.0011 -59.2791 -29.0241 0.649116 1.2 3 0 0
1 62325 27.4473 -56.6792 -24.842 1.5 1.2 3 0 0
1 62328 27.1639 -54.34 -26.9743 0.306151 1.2 3 0 0
1 62329 26.0698 -54.7916 -26.1361 1.13255 1.2 3 0 0
1 62334 31.5555 -55.1041 -27.9157 0.644457 1.2 3 0 0
1 62335 31.4461 -54.231 -28.9832 0.738986 1.2 3 0 0
1 62336 31.625 -55.2301 -28.8349 0.286031 1.2 3 0 0
1 62337 28.57 -54.1412 -27.6787 0.472609 1.2 3 0 0
1 62338 28.3314 -54.912 -28.3148 0.553077 1.2 3 0 0
1 62339 29.4986 -55.0847 -28.1717 0.519669 1.2 3 0 0
1 62340 31.7146 -54.4276 -26.4587 0.962601 1.2 3 0 0
1 62341 31.0362 -54.4801 -27.4805 0.262703 1.2 3 0 0
1 62342 29.947 -53.9147 -27.2046 0.995088 1.2 3 0 0
1 62343 30.9714 -54.6429 -29.9313 0.398431 1.2 3 0 0
1 62344 29.3034 -57.4071 -29.925 0.576664 1.2 3 0 0
1 62345 30.5706 -55.5186 -28.9273 0.80537 1.2 3 0 0
1 62346 31.0735 -49.9873 -31.0647 0.720272 1.2 3 0 0
1 62347 30.7184 -49.1692 -30.4966 0.337193 1.2 3 0 0
1 62348 31.0363 -49.4229 -29.9286 0.336796 1.2 3 0 0
1 62349 29.327 -46.1135 -30.9442 1.5 1.2 3 0 0
1 62351 31.2146 -47.0487 -31.3342 0.634344 1.2 3 0 0
1 62352 31.0111 -48.9884 -28.8565 0.55779 1.2 3 0 0
1 62353 31.7006 -48.192 -30.1531 1.07982 1.2 3 0 0
1 62354 24.8963 -50.2716 -28.4908 1.5 1.2 3 0 0
1 62355 25.5645 -48.3902 -28.7802 0.517302 1.2 3 0 0
1 62356 25.9227 -48.8912 -29.4883 0.42012 1.2 3 0 0
1 62357 27.3322 -51.5455 -28.7289 1.11458 1.2 3 0 0
1 62358 26.857 -50.5115 -27.1192 0.856747 1.2 3 0 0
1 62359 25.2519 -51.2432 -29.9901 0.321644 1.2 3 0 0
1 62360 27.0052 -49.5787 -30.1485 0.79797 1.2 3 0 0
1 62361 30.0449 -47.4998 -28.7459 1.19626 1.2 3 0 0
1 62362 28.3049 -47.3024 -28.191 0.640688 1.2 3 0 0
1 62363 28.557 -48.223 -29.0366 0.483382 1.2 3 0 0
1 62364 27.1655 -46.1506 -28.0126 0.988709 1.2 3 0 0
1 62367 28.5822 -48.7276 -26.5933 1.5 1.2 3 0 0
1 62369 27.976 -47.3089 -29.6136 0.706623 1.2 3 0 0
1 62370 29.6719 -51.7524 -31.5313 1.04842 1.2 3 0 0
1 62371 31.0776 -51.1839 -31.2553 0.490904 1.2 3 0 0
1 62372 28.8379 -52.6642 -31.96 0.25957 1.2 3 0 0
1 62373 26.5505 -51.5506 -31.2373 1.5 1.2 3 0 0
1 62374 28.6386 -51.8391 -29.6508 0.47884 1.2 3 0 0
1 62375 29.3361 -49.9873 -29.5171 1.5 1.2 3 0 0
1 62376 28.0582 -51.3225 -30.0496 0.394599 1.2 3 0 0
1 62377 29.4937 -50.2067 -32.4173 0.705178 1.2 3 0 0
1 62378 28.4324 -50.3614 -31.4808 0.669358 1.2 3 0 0
1 62379 28.7959 -49.4296 -31.5379 0.331542 1.2 3 0 0
1 62380 28.2358 -51.1212 -32.9108 0.880337 1.2 3 0 0
1 63616 19.5421 -52.8364 -24.7855 1.5 1.2 3 0 0
1 63625 19.5281 -56.0905 -25.9353 1.5 1.2 3 0 0
1 63760 29.8204 -60.9489 -26.8342 0.498942 1.2 3 0 0
1 63761 28.6525 -61.8663 -26.9999 0.918606 1.2 3 0 0
1 63763 26.6597 -59.8486 -26.4813 0.522648 1.2 3 0 0
1 63767 28.5777 -59.3792 -26.9195 1.5 1.2 3 0 0
1 63768 29.1323 -60.6919 -28.2571 0.454432 1.2 3 0 0
1 63769 26.5831 -64.5452 -26.2885 1.10997 1.2 3 0 0
1 63770 25.1639 -65.7714 -26.5675 0.784344 1.2 3 0 0
1 63771 25.8846 -65.188 -27.4857 0.332891 1.2 3 0 0
1 63773 23.9363 -62.9459 -25.7064 1.09979 1.2 3 0 0
1 63774 23.7044 -62.0874 -26.8238 0.328341 1.2 3 0 0
1 63775 23.7616 -63.0238 -27.0697 0.269697 1.2 3 0 0
1 63776 24.2935 -62.3134 -27.456 0.508139 1.2 3 0 0
1 63777 28.1206 -62.9683 -24.5734 1.5 1.2 3 0 0
1 63784 27.7615 -63.308 -27.0769 0.725736 1.2 3 0 0
1 63785 27.6956 -61.7639 -27.7115 0.278267 1.2 3 0 0
1 63786 26.9543 -63.1671 -28.2491 0.619323 1.2 3 0 0
1 63787 26.6569 -62.0545 -29.1401 0.821455 1.2 3 0 0
1 63788 25.7895 -63.2059 -29.088 0.612585 1.2 3 0 0
1 63822 20.8366 -64.0024 -25.4327 1.28632 1.2 3 0 0
1 63826 22.0907 -62.6337 -27.5106 1.5 1.2 3 0 0
1 63847 22.9787 -65.6526 -26.4774 1.406 1.2 3 0 0
1 63848 20.9475 -65.4581 -26.7425 0.651554 1.2 3 0 0
1 63849 25.5732 -59.8849 -27.7764 0.699566 1.2 3 0 0
1 63850 26.8106 -59.6912 -29.5987 1.5 1.2 3 0 0
1 63851 23.8711 -60.8663 -27.3097 0.995823 1.2 3 0 0
1 63852 23.9141 -58.8239 -28.756 1.5 1.2 3 0 0
1 63853 23.6757 -56.8333 -29.2846 0.503251 1.2 3 0 0
1 63854 21.3667 -59.0655 -28.5734 0.724009 1.2 3 0 0
1 63855 22.2192 -57.8329 -28.3138 0.512479 1.2 3 0 0
1 63857 21.9153 -57.4556 -27.1205 0.774909 1.2 3 0 0
1 63858 20.9711 -54.8596 -27.1883 0.59516 1.2 3 0 0
1 63862 21.8455 -59.635 -26.4722 1.5 1.2 3 0 0
1 63863 21.7527 -55.9366 -28.8066 1.5 1.2 3 0 0
1 63864 22.8572 -56.8959 -29.846 0.292129 1.2 3 0 0
1 63866 24.8963 -59.1891 -25.8589 1.44733 1.2 3 0 0
1 63868 25.3477 -57.4363 -26.8859 0.428145 1.2 3 0 0
1 63869 21.6115 -54.4937 -25.5951 1.14555 1.2 3 0 0
1 63872 23.9774 -56.3854 -26.0281 1.5 1.2 3 0 0
1 63874 24.2292 -57.9474 -27.0889 0.404901 1.2 3 0 0
1 63875 23.171 -57.4794 -27.4966 0.486424 1.2 3 0 0
1 63876 23.1889 -60.1147 -30.267 0.599567 1.2 3 0 0
1 63877 23.1929 -58.7967 -30.5096 0.396317 1.2 3 0 0
1 63878 22.7438 -57.7715 -30.2836 0.693297 1.2 3 0 0
1 63879 23.8138 -60.682 -32.1075 0.712943 1.2 3 0 0
1 63880 25.2651 -60.1282 -31.5495 0.934173 1.2 3 0 0
1 63881 25.056 -59.2828 -32.8151 0.512576 1.2 3 0 0
1 64092 24.1242 -52.6547 -31.1629 0.437976 1.2 3 0 0
1 64093 23.1332 -51.1562 -29.3341 0.50325 1.2 3 0 0
1 64094 20.6704 -60.1643 -33.4832 0.735145 1.2 3 0 0
1 64122 22.2196 -60.536 -28.7017 0.909436 1.2 3 0 0
1 64123 23.5109 -60.6139 -28.5728 0.341695 1.2 3 0 0
1 83737 27.816 -46.1093 -33.2029 1.2144 1.2 5 0 0
1 83738 26.3384 -47.3102 -33.2658 0.527516 1.2 5 0 0
1 83739 24.8966 -49.583 -36.2746 0.43584 1.2 5 0 0
1 84068 21.3243 -55.1214 -36.1212 1.2704 1.2 5 0 0
1 84069 19.3054 -56.7833 -34.6345 1.5 1.2 5 0 0
1 84070 22.6574 -56.1808 -33.9359 1.5 1.2 5 0 0
1 84073 20.7907 -57.6103 -32.8018 0.652625 1.2 5 0 0
1 84074 21.3438 -58.4759 -34.3147 1.16875 1.2 5 0 0
1 84099 22.3643 -49.5375 -28.4352 0.883814 1.2 5 0 0
1 84100 21.9457 -47.3241 -27.6521 1.5 1.2 5 0 0
1 84101 21.1649 -48.0708 -30.3449 1.19233 1.2 5 0 0
1 84104 19.1724 -46.6177 -25.5275 1.5 1.2 5 0 0
1 84170 31.4025 -46.481 -27.6545 0.760412 1.2 5 0 0
1 84180 21.4919 -49.9938 -25.0048 1.5 1.2 5 0 0
1 84197 25.606 -48.7151 -25.2299 1.5 1.2 5 0 0
1 84204 25.0054 -45.2167 -27.1173 1.5 1.2 5 0 0
1 84242 27.8616 -52.752 -26.4706 1.5 1.2 5 0 0
1 84243 30.6543 -49.7647 -26.4046 0.68238 1.2 5 0 0
1 84244 31.633 -52.0471 -27.0841 1.5 1.2 5 0 0
1 84245 29.3645 -53.6797 -29.6194 1.5 1.2 5 0 0
1 84246 26.9926 -53.8439 -28.6176 1.05659 1.2 5 0 0
1 84247 24.8926 -52.7821 -29.486 1.19742 1.2 5 0 0
1 84248 26.5556 -52.6284 -29.5805 0.466856 1.2 5 0 0
1 84251 27.9606 -55.3463 -26.8936 0.978559 1.2 5 0 0
1 84252 29.9911 -48.6531 -31.6429 1.09246 1.2 5 0 0
1 84253 27.1093 -48.4976 -28.6661 1.0345 1.2 5 0 0
1 84422 24.7336 -64.0426 -27.743 1.29105 1.2 5 0 0
1 84424 25.6572 -62.8335 -28.2561 0.308411 1.2 5 0 0
1 84425 26.138 -61.8029 -26.8477 1.5 1.2 5 0 0
1 84435 26.6373 -57.9046 -26.878 0.937512 1.2 5 0 0
1 84436 25.554 -57.4697 -28.0714 0.731892 1.2 5 0 0
1 84437 24.4146 -61.7405 -29.7488 1.5 1.2 5 0 0
1 84438 21.6551 -61.9849 -30.342 1.33306 1.2 5 0 0
1 92724 23.8014 -46.4575 -28.7294 0.814173 1.2 5 0 0
1 92742 22.6596 -46.066 -31.541 1.5 1.2 5 0 0
1 92745 20.2612 -46.1847 -30.9661 0.969215 1.2 5 0 0
1 92751 28.278 -47.4847 -33.9032 0.396227 1.2 5 0 0
1 92753 29.2548 -47.3625 -32.7802 0.721738 1.2 5 0 0
1 92756 27.4478 -47.1247 -31.4312 0.676832 1.2 5 0 0
1 92757 28.3945 -47.3043 -32.0614 0.37953 1.2 5 0 0
1 92759 25.3478 -48.4522 -35.1167 1.20194 1.2 5 0 0
1 92760 23.954 -47.3102 -34.6757 0.567792 1.2 5 0 0
1 92761 25.3057 -45.8209 -34.1945 1.5 1.2 5 0 0
1 92762 22.3657 -47.5701 -33.851 1.2222 1.2 5 0 0
1 92764 23.6577 -47.1655 -32.8714 0.44896 1.2 5 0 0
1 92766 23.415 -48.6196 -34.3486 0.342501 1.2 5 0 0
1 92767 23.9567 -48.8106 -34.653 0.307584 1.2 5 0 0
1 92768 25.1197 -47.8382 -32.2936 1.10825 1.2 5 0 0
1 92770 25.2666 -48.0522 -31.0024 0.20495 1.2 5 0 0
1 92772 25.7879 -46.7842 -29.986 1.5 1.2 5 0 0
1 92773 25.6814 -49.0589 -33.1061 0.432515 1.2 5 0 0
1 92774 26.0459 -49.4939 -33.929 0.506586 1.2 5 0 0
1 92775 27.5711 -48.8402 -32.7655 1.5 1.2 5 0 0
1 92776 26.8107 -49.3118 -34.5699 0.507709 1.2 5 0 0
1 92777 23.7798 -46.6021 -36.1699 1.09481 1.2 5 0 0
1 92779 25.4393 -46.8558 -36.0105 0.591473 1.2 5 0 0
1 92780 24.2299 -49.7366 -36.9122 0.238773 1.2 5 0 0
1 92781 22.8653 -49.0424 -36.0856 1.5 1.2 5 0 0
1 92784 22.2214 -47.6127 -37.6149 0.690241 1.2 5 0 0
1 92837 21.2871 -47.1735 -38.2023 0.485137 1.2 5 0 0
1 92838 20.2255 -46.3461 -38.2922 0.863824 1.2 5 0 0
1 92843 21.2084 -46.3046 -35.9898 1.5 1.2 5 0 0
1 92845 19.7582 -48.5451 -37.5419 1.5 1.2 5 0 0
1 92851 20.892 -48.3772 -35.0737 0.787978 1.2 5 0 0
1 92855 19.028 -45.3907 -34.1756 1.48008 1.2 5 0 0
1 93657 26.3782 -51.1626 -33.9271 1.19491 1.2 5 0 0
1 93658 27.7204 -52.0471 -33.6801 0.429135 1.2 5 0 0
1 93659 22.942 -51.122 -35.1333 0.693884 1.2 5 0 0
1 93660 23.9917 -49.9873 -33.2486 1.5 1.2 5 0 0
1 93661 24.5346 -52.2233 -32.4737 0.888599 1.2 5 0 0
1 93662 25.3488 -51.2505 -32.6727 0.39552 1.2 5 0 0
1 93663 25.8855 -49.9873 -32.4207 0.566864 1.2 5 0 0
1 93664 25.9288 -52.6617 -34.6615 0.528097 1.2 5 0 0
1 93665 24.5518 -50.8294 -35.6685 0.992357 1.2 5 0 0
1 93666 25.5661 -51.8372 -35.1669 0.433556 1.2 5 0 0
1 93667 21.2211 -54.4909 -30.8126 0.942559 1.2 5 0 0
1 93668 22.7361 -52.6635 -29.581 0.927733 1.2 5 0 0
1 93669 22.7791 -54.2928 -30.0396 0.765484 1.2 5 0 0
1 93670 21.5558 -54.1265 -29.5095 0.451248 1.2 5 0 0
1 93671 20.5328 -52.8372 -30.7347 0.800623 1.2 5 0 0
1 93675 21.5953 -52.1361 -28.6602 0.615095 1.2 5 0 0
1 93676 20.6965 -53.5789 -28.3051 1.12152 1.2 5 0 0
1 93678 22.2679 -52.8353 -32.0319 1.36475 1.2 5 0 0
1 93680 25.2907 -49.2092 -30.7073 0.989357 1.2 5 0 0
1 93681 25.3271 -50.5094 -30.296 0.362024 1.2 5 0 0
1 93682 23.9607 -51.1153 -30.8399 1.14347 1.2 5 0 0
1 93683 22.3958 -50.9736 -32.1656 0.506165 1.2 5 0 0
1 93685 21.4062 -50.7511 -30.2654 1.5 1.2 5 0 0
1 93686 21.0227 -49.174 -31.6339 0.509862 1.2 5 0 0
1 93687 23.4598 -48.2856 -29.6956 1.20232 1.2 5 0 0
1 93688 22.7454 -48.5048 -31.7492 0.949189 1.2 5 0 0
1 93689 22.3211 -49.2557 -34.1264 0.486283 1.2 5 0 0
1 93690 21.3646 -49.9873 -33.0232 1.13594 1.2 5 0 0
1 93691 22.2192 -51.5355 -33.8549 0.77214 1.2 5 0 0
1 93692 26.1594 -53.9037 -33.523 1.12483 1.2 5 0 0
1 93693 25.9837 -55.1861 -34.3642 0.357894 1.2 5 0 0
1 93694 25.5417 -54.8405 -32.8371 0.190318 1.2 5 0 0
1 93695 23.1931 -54.2652 -33.1251 0.600249 1.2 5 0 0
1 93696 22.806 -54.3468 -32.4106 0.208601 1.2 5 0 0
1 93697 22.3381 -53.9788 -35.2801 0.467072 1.2 5 0 0
1 93698 24.5248 -54.5265 -31.5216 1.5 1.2 5 0 0
1 93699 24.2907 -54.8214 -33.5958 0.608153 1.2 5 0 0
1 93700 25.0306 -54.9205 -34.7335 0.694204 1.2 5 0 0
1 93701 23.9323 -53.0176 -34.6443 1.5 1.2 5 0 0
1 93702 23.364 -54.9529 -35.732 0.78764 1.2 5 0 0
1 93706 21.0824 -57.2049 -35.9653 0.729926 1.2 5 0 0
1 93738 25.3821 -56.2145 -33.4061 1.17103 1.2 5 0 0
1 93739 25.0255 -57.9631 -33.5368 0.602424 1.2 5 0 0
1 93740 24.357 -57.3541 -34.3454 0.601822 1.2 5 0 0
1 93741 22.1118 -54.9323 -32.1692 0.73105 1.2 5 0 0
1 93742 22.7815 -56.5929 -32.2917 0.199562 1.2 5 0 0
1 93743 22.7389 -57.6363 -32.5204 0.531786 1.2 5 0 0
1 93744 23.3456 -56.2195 -31.8733 0.592936 1.2 5 0 0
1 93745 24.2135 -56.229 -32.357 0.39944 1.2 5 0 0
1 93746 23.3276 -56.9432 -32.449 0.30035 1.2 5 0 0
1 93747 22.0149 -59.4168 -31.8617 1.5 1.2 5 0 0
1 93748 19.9934 -60.953 -31.9521 1.04059 1.2 5 0 0
1 93754 21.0754 -58.1199 -30.1804 0.762955 1.2 5 0 0
1 93756 21.6543 -56.6854 -31.4172 1.21765 1.2 5 0 0
1 93760 20.4123 -55.1221 -32.8515 1.06025 1.2 5 0 0
1 93762 22.712 -59.7512 -33.6828 0.472544 1.2 5 0 0
1 93763 23.4965 -58.4594 -33.6868 0.938309 1.2 5 0 0
1 93764 21.1735 -56.9522 -34.7841 0.375236 1.2 5 0 0
1 93765 22.3335 -57.537 -35.435 0.547385 1.2 5 0 0
1 93766 22.3267 -52.6609 -35.8877 0.561809 1.2 5 0 0
1 93767 23.2754 -51.7779 -36.489 0.797149 1.2 5 0 0
1 93768 22.7518 -50.742 -37.2735 0.576678 1.2 5 0 0
1 93771 20.6319 -53.072 -34.3859 1.5 1.2 5 0 0
1 93772 21.5105 -50.5803 -34.9488 0.843714 1.2 5 0 0
1 93774 20.9201 -51.7079 -37.0583 1.49763 1.2 5 0 0
1 93775 21.5356 -49.7403 -37.6382 0.644046 1.2 5 0 0
1 93777 19.4031 -49.9873 -34.5457 1.34711 1.2 5 0 0
1 93781 19.6233 -47.9665 -32.5523 1.5 1.2 5 0 0
1 93789 20.7051 -53.8283 -37.4116 0.658539 1.2 5 0 0
1 93910 20.3694 -51.1015 -27.8149 1.18376 1.2 5 0 0
1 93911 21.8956 -51.0924 -27.1364 0.48648 1.2 5 0 0
1 93912 20.7904 -52.6261 -26.7616 0.669217 1.2 5 0 0
1 94010 19.6055 -59.7808 -29.7277 1.5 1.2 5 0 0
1 94116 32.243 -48.5436 -27.2693 1.5 1.2 5 0 0
1 94120 33.6604 -49.9873 -24.8202 1.5 1.2 5 0 0
1 94124 34.5295 -47.4674 -25.8746 1.36651 1.2 5 0 0
1 94125 34.4093 -49.1853 -26.9281 0.651063 1.2 5 0 0
1 94132 32.8898 -46.594 -28.9188 1.13439 1.2 5 0 0
1 94133 33.5711 -47.2616 -27.6507 0.384927 1.2 5 0 0
1 94171 29.3939 -45.463 -27.0928 1.5 1.2 5 0 0
1 94202 24.8963 -51.3502 -25.8166 1.28735 1.2 5 0 0
1 94206 24.1838 -49.3449 -26.5608 0.463545 1.2 5 0 0
1 94207 23.0473 -50.2342 -26.8825 0.950004 1.2 5 0 0
1 94246 27.0631 -46.2713 -25.4444 1.33151 1.2 5 0 0
1 94250 23.0333 -47.1786 -24.8202 1.5 1.2 5 0 0
1 94255 24.5219 -47.9095 -27.4762 1.09786 1.2 5 0 0
1 94256 23.1651 -48.7317 -26.7655 0.561565 1.2 5 0 0
1 94319 33.675 -50.4152 -27.4118 0.860852 1.2 5 0 0
1 94320 33.1956 -51.3138 -27.0313 0.226431 1.2 5 0 0
1 94321 33.2822 -51.5907 -28.2655 0.579324 1.2 5 0 0
1 94322 32.2625 -52.6098 -29.0985 0.682068 1.2 5 0 0
1 94323 33.8389 -51.7265 -26.3268 0.807901 1.2 5 0 0
1 94324 33.2373 -53.6436 -25.4707 0.992416 1.2 5 0 0
1 94325 33.5792 -52.3221 -27.4664 0.467577 1.2 5 0 0
1 94326 31.1685 -52.1888 -30.1878 0.908404 1.2 5 0 0
1 94327 32.0639 -50.4269 -29.2554 1.23789 1.2 5 0 0
1 94328 33.4227 -49.332 -28.7805 0.570627 1.2 5 0 0
1 94338 29.594 -50.9119 -26.5828 0.88695 1.2 5 0 0
1 94342 29.2665 -51.7609 -28.0268 0.817674 1.2 5 0 0
1 94343 29.7719 -52.486 -26.7356 0.443648 1.2 5 0 0
1 94344 29.3764 -54.106 -31.6493 0.561083 1.2 5 0 0
1 94345 29.3552 -55.9413 -30.2803 0.850765 1.2 5 0 0
1 94346 26.1083 -54.5554 -32.0227 0.161089 1.2 5 0 0
1 94347 27.5834 -55.0224 -31.5571 1.45462 1.2 5 0 0
1 94348 28.3352 -52.6644 -31.1477 0.603826 1.2 5 0 0
1 94349 28.6724 -53.9721 -32.5389 0.348973 1.2 5 0 0
1 94350 27.9299 -52.938 -32.6764 0.928649 1.2 5 0 0
1 94351 25.9381 -56.4223 -27.0252 0.699947 1.2 5 0 0
1 94352 24.945 -55.3656 -28.6772 1.49524 1.2 5 0 0
1 94353 22.9185 -52.7955 -27.1464 1.5 1.2 5 0 0
1 94354 23.6495 -51.8233 -28.7721 0.51033 1.2 5 0 0
1 94355 25.7555 -52.3599 -27.5969 0.920298 1.2 5 0 0
1 94356 24.9724 -53.5926 -26.9316 0.677011 1.2 5 0 0
1 94357 23.4419 -56.1206 -30.3168 0.772703 1.2 5 0 0
1 94358 23.1729 -54.9429 -27.5001 0.670601 1.2 5 0 0
1 94359 23.1163 -54.2625 -28.6854 0.630508 1.2 5 0 0
1 94360 26.3 -53.6315 -30.4869 0.71955 1.2 5 0 0
1 94361 26.4198 -54.7729 -29.9552 0.541003 1.2 5 0 0
1 94362 25.5402 -54.155 -29.9453 0.350413 1.2 5 0 0
1 94363 28.3948 -58.0186 -30.4767 0.640293 1.2 5 0 0
1 94364 28.6021 -59.0263 -30.0398 0.453024 1.2 5 0 0
1 94365 25.7292 -56.2633 -30.6126 0.777807 1.2 5 0 0
1 94366 25.0835 -57.2369 -29.5269 0.564591 1.2 5 0 0
1 94367 24.5043 -57.8748 -31.56 1.44376 1.2 5 0 0
1 94368 27.5994 -56.7581 -28.9202 1.5 1.2 5 0 0
1 94369 25.9424 -58.0186 -29.4222 0.392817 1.2 5 0 0
1 94370 26.9414 -57.5139 -31.2538 1.03894 1.2 5 0 0
1 94371 26.3195 -59.0081 -31.597 0.604925 1.2 5 0 0
1 94372 26.0891 -57.7372 -32.8515 0.588688 1.2 5 0 0
1 94373 25.9987 -56.9982 -32.1987 0.39203 1.2 5 0 0
1 94375 30.2223 -56.368 -26.7903 1.5 1.2 5 0 0
1 94376 28.6756 -57.6043 -27.5091 0.372892 1.2 5 0 0
1 94379 27.9579 -57.0125 -26.8716 0.595268 1.2 5 0 0
1 94384 29.6133 -57.948 -28.5404 0.869792 1.2 5 0 0
1 94385 29.0011 -59.2791 -29.0241 0.649116 1.2 5 0 0
1 94387 27.4473 -56.6792 -24.842 1.5 1.2 5 0 0
1 94390 27.1639 -54.34 -26.9743 0.306151 1.2 5 0 0
1 94391 26.0698 -54.7916 -26.1361 1.13255 1.2 5 0 0
1 94396 31.5555 -55.1041 -27.9157 0.644457 1.2 5 0 0
1 94397 31.4461 -54.231 -28.9832 0.738986 1.2 5 0 0
1 94398 31.625 -55.2301 -28.8349 0.286031 1.2 5 0 0
1 94399 28.57 -54.1412 -27.6787 0.472609 1.2 5 0 0
1 94400 28.3314 -54.912 -28.3148 0.553077 1.2 5 0 0
1 94401 29.4986 -55.0847 -28.1717 0.519669 1.2 5 0 0
1 94402 31.7146 -54.4276 -26.4587 0.962601 1.2 5 0 0
1 94403 31.0362 -54.4801 -27.4805 0.262703 1.2 5 0 0
1 94404 29.947 -53.9147 -27.2046 0.995088 1.2 5 0 0
1 94405 30.9714 -54.6429 -29.9313 0.398431 1.2 5 0 0
1 94406 29.3034 -57.4071 -29.925 0.576664 1.2 5 0 0
1 94407 30.5706 -55.5186 -28.9273 0.80537 1.2 5 0 0
1 94408 31.0735 -49.9873 -31.0647 0.720272 1.2 5 0 0
1 94409 30.7184 -49.1692 -30.4966 0.337193 1.2 5 0 0
1 94410 31.0363 -49.4229 -29.9286 0.336796 1.2 5 0 0
1 94411 29.327 -46.1135 -30.9442 1.5 1.2 5 0 0
1 94413 31.2146 -47.0487 -31.3342 0.634344 1.2 5 0 0
1 94414 31.0111 -48.9884 -28.8565 0.55779 1.2 5 0 0
1 94415 31.7006 -48.192 -30.1531 1.07982 1.2 5 0 0
1 94416 24.8963 -50.2716 -28.4908 1.5 1.2 5 0 0
1 94417 25.5645 -48.3902 -28.7802 0.517302 1.2 5 0 0
1 94418 25.9227 -48.8912 -29.4883 0.42012 1.2 5 0 0
1 94419 27.3322 -51.5455 -28.7289 1.11458 1.2 5 0 0
1 94420 26.857 -50.5115 -27.1192 0.856747 1.2 5 0 0
1 94421 25.2519 -51.2432 -29.9901 0.321644 1.2 5 0 0
1 94422 27.0052 -49.5787 -30.1485 0.79797 1.2 5 0 0
1 94423 30.0449 -47.4998 -28.7459 1.19626 1.2 5 0 0
1 94424 28.3049 -47.3024 -28.191 0.640688 1.2 5 0 0
1 94425 28.557 -48.223 -29.0366 0.483382 1.2 5 0 0
1 94426 27.1655 -46.1506 -28.0126 0.988709 1.2 5 0 0
1 94429 28.5822 -48.7276 -26.5933 1.5 1.2 5 0 0
1 94431 27.976 -47.3089 -29.6136 0.706623 1.2 5 0 0
1 94432 29.6719 -51.7524 -31.5313 1.04842 1.2 5 0 0
1 94433 31.0776 -51.1839 -31.2553 0.490904 1.2 5 0 0
1 94434 28.8379 -52.6642 -31.96 0.25957 1.2 5 0 0
1 94435 26.5505 -51.5506 -31.2373 1.5 1.2 5 0 0
1 94436 28.6386 -51.8391 -29.6508 0.47884 1.2 5 0 0
1 94437 29.3361 -49.9873 -29.5171 1.5 1.2 5 0 0
1 94438 28.0582 -51.3225 -30.0496 0.394599 1.2 5 0 0
1 94439 29.4937 -50.2067 -32.4173 0.705178 1.2 5 0 0
1 94440 28.4324 -50.3614 -31.4808 0.669358 1.2 5 0 0
1 94441 28.7959 -49.4296 -31.5379 0.331542 1.2 5 0 0
1 94442 28.2358 -51.1212 -32.9108 0.880337 1.2 5 0 0
1 95678 19.5421 -52.8364 -24.7855 1.5 1.2 5 0 0
1 95687 19.5281 -56.0905 -25.9353 1.5 1.2 5 0 0
1 95822 29.8204 -60.9489 -26.8342 0.498942 1.2 5 0 0
1 95823 28.6525 -61.8663 -26.9999 0.918606 1.2 5 0 0
1 95825 26.6597 -59.8486 -26.4813 0.522648 1.2 5 0 0
1 95829 28.5777 -59.3792 -26.9195 1.5 1.2 5 0 0
1 95830 29.1323 -60.6919 -28.2571 0.454432 1.2 5 0 0
1 95831 26.5831 -64.5452 -26.2885 1.10997 1.2 5 0 0
1 95832 25.1639 -65.7714 -26.5675 0.784344 1.2 5 0 0
1 95833 25.8846 -65.188 -27.4857 0.332891 1.2 5 0 0
1 95835 23.9363 -62.9459 -25.7064 1.09979 1.2 5 0 0
1 95836 23.7044 -62.0874 -26.8238 0.328341 1.2 5 0 0
1 95837 23.7616 -63.0238 -27.0697 0.269697 1.2 5 0 0
1 95838 24.2935 -62.3134 -27.456 0.508139 1.2 5 0 0
1 95839 28.1206 -62.9683 -24.5734 1.5 1.2 5 0 0
1 95846 27.7615 -63.308 -27.0769 0.725736 1.2 5 0 0
1 95847 27.6956 -61.7639 -27.7115 0.278267 1.2 5 0 0
1 95848 26.9543 -63.1671 -28.2491 0.619323 1.2 5 0 0
1 95849 26.6569 -62.0545 -29.1401 0.821455 1.2 5 0 0
1 95850 25.7895 -63.2059 -29.088 0.612585 1.2 5 0 0
1 95884 20.8366 -64.0024 -25.4327 1.28632 1.2 5 0 0
1 95888 22.0907 -62.6337 -27.5106 1.5 1.2 5 0 0
1 95909 22.9787 -65.6526 -26.4774 1.406 1.2 5 0 0
1 95910 20.9475 -65.4581 -26.7425 0.651554 1.2 5 0 0
1 95911 25.5732 -59.8849 -27.7764 0.699566 1.2 5 0 0
1 95912 26.8106 -59.6912 -29.5987 1.5 1.2 5 0 0
1 95913 23.8711 -60.8663 -27.3097 0.995823 1.2 5 0 0
1 95914 23.9141 -58.8239 -28.756 1.5 1.2 5 0 0
1 95915 23.6757 -56.8333 -29.2846 0.503251 1.2 5 0 0
1 95916 21.3667 -59.0655 -28.5734 0.724009 1.2 5 0 0
1 95917 22.2192 -57.8329 -28.3138 0.512479 1.2 5 0 0
1 95919 21.9153 -57.4556 -27.1205 0.774909 1.2 5 0 0
1 95920 20.9711 -54.8596 -27.1883 0.59516 1.2 5 0 0
1 95924 21.8455 -59.635 -26.4722 1.5 1.2 5 0 0
1 95925 21.7527 -55.9366 -28.8066 1.5 1.2 5 0 0
1 95926 22.8572 -56.8959 -29.846 0.292129 1.2 5 0 0
1 95928 24.8963 -59.1891 -25.8589 1.44733 1.2 5 0 0
1 95930 25.3477 -57.4363 -26.8859 0.428145 1.2 5 0 0
1 95931 21.6115 -54.4937 -25.5951 1.14555 1.2 5 0 0
1 95934 23.9774 -56.3854 -26.0281 1.5 1.2 5 0 0
1 95936 24.2292 -57.9474 -27.0889 0.404901 1.2 5 0 0
1 95937 23.171 -57.4794 -27.4966 0.486424 1.2 5 0 0
1 95938 23.1889 -60.1147 -30.267 0.599567 1.2 5 0 0
1 95939 23.1929 -58.7967 -30.5096 0.396317 1.2 5 0 0
1 95940 22.7438 -57.7715 -30.2836 0.693297 1.2 5 0 0
1 95941 23.8138 -60.682 -32.1075 0.712943 1.2 5 0 0
1 95942 25.2651 -60.1282 -31.5495 0.934173 1.2 5 0 0
1 95943 25.056 -59.2828 -32.8151 0.512576 1.2 5 0 0
1 96154 24.1242 -52.6547 -31.1629 0.437976 1.2 5 0 0
1 96155 23.1332 -51.1562 -29.3341 0.50325 1.2 5 0 0
1 96156 20.6704 -60.1643 -33.4832 0.735145 1.2 5 0 0
1 96184 22.2196 -60.536 -28.7017 0.909436 1.2 5 0 0
1 96185 23.5109 -60.6139 -28.5728 0.341695 1.2 5 0 0
