# SphereID Center[X Y Z] Radius Density Region Score Weight
LeafCount 32062
NodeCount 32062
1 19950 21.3438 -58.4759 -34.3147 1.16875 1.2 1 0 0
1 20298 24.7336 -64.0426 -27.743 1.29105 1.2 1 0 0
1 20300 25.6572 -62.8335 -28.2561 0.308411 1.2 1 0 0
1 20301 26.138 -61.8029 -26.8477 1.5 1.2 1 0 0
1 20302 20.2796 -62.2215 -26.2772 0.616014 1.2 1 0 0
1 20303 18.8723 -60.6958 -26.7461 1.5 1.2 1 0 0
1 20313 24.4146 -61.7405 -29.7488 1.5 1.2 1 0 0
1 20314 21.6551 -61.9849 -30.342 1.33306 1.2 1 0 0
1 29623 22.0149 -59.4168 -31.8617 1.5 1.2 1 0 0
1 29624 19.9934 -60.953 -31.9521 1.04059 1.2 1 0 0
1 29625 20.8988 -60.5889 -30.9391 0.363017 1.2 1 0 0
1 29628 19.5421 -58.8928 -32.6392 1.14459 1.2 1 0 0
1 29638 22.712 -59.7512 -33.6828 0.472544 1.2 1 0 0
1 29886 19.6055 -59.7808 -29.7277 1.5 1.2 1 0 0
1 30243 24.5043 -57.8748 -31.56 1.44376 1.2 1 0 0
1 31698 29.8204 -60.9489 -26.8342 0.498942 1.2 1 0 0
1 31699 28.6525 -61.8663 -26.9999 0.918606 1.2 1 0 0
1 31701 26.6597 -59.8486 -26.4813 0.522648 1.2 1 0 0
1 31705 28.5777 -59.3792 -26.9195 1.5 1.2 1 0 0
1 31706 29.1323 -60.6919 -28.2571 0.454432 1.2 1 0 0
1 31707 26.5831 -64.5452 -26.2885 1.10997 1.2 1 0 0
1 31708 25.1639 -65.7714 -26.5675 0.784344 1.2 1 0 0
1 31709 25.8846 -65.188 -27.4857 0.332891 1.2 1 0 0
1 31711 23.9363 -62.9459 -25.7064 1.09979 1.2 1 0 0
1 31712 23.7044 -62.0874 -26.8238 0.328341 1.2 1 0 0
1 31713 23.7616 -63.0238 -27.0697 0.269697 1.2 1 0 0
1 31714 24.2935 -62.3134 -27.456 0.508139 1.2 1 0 0
1 31715 28.1206 -62.9683 -24.5734 1.5 1.2 1 0 0
1 31722 27.7615 -63.308 -27.0769 0.725736 1.2 1 0 0
1 31723 27.6956 -61.7639 -27.7115 0.278267 1.2 1 0 0
1 31724 26.9543 -63.1671 -28.2491 0.619323 1.2 1 0 0
1 31725 26.6569 -62.0545 -29.1401 0.821455 1.2 1 0 0
1 31726 25.7895 -63.2059 -29.088 0.612585 1.2 1 0 0
1 31736 19.5426 -58.6066 -25.3791 1.07685 1.2 1 0 0
1 31740 19.8104 -63.4817 -27.232 0.849436 1.2 1 0 0
1 31742 19.5389 -62.2711 -28.771 1.12408 1.2 1 0 0
1 31760 20.8366 -64.0024 -25.4327 1.28632 1.2 1 0 0
1 31764 22.0907 -62.6337 -27.5106 1.5 1.2 1 0 0
1 31785 22.9787 -65.6526 -26.4774 1.406 1.2 1 0 0
1 31786 20.9475 -65.4581 -26.7425 0.651554 1.2 1 0 0
1 31787 25.5732 -59.8849 -27.7764 0.699566 1.2 1 0 0
1 31788 26.8106 -59.6912 -29.5987 1.5 1.2 1 0 0
1 31789 23.8711 -60.8663 -27.3097 0.995823 1.2 1 0 0
1 31790 23.9141 -58.8239 -28.756 1.5 1.2 1 0 0
1 31800 21.8455 -59.635 -26.4722 1.5 1.2 1 0 0
1 31804 24.8963 -59.1891 -25.8589 1.44733 1.2 1 0 0
1 31814 23.1889 -60.1147 -30.267 0.599567 1.2 1 0 0
1 31817 23.8138 -60.682 -32.1075 0.712943 1.2 1 0 0
1 31818 25.2651 -60.1282 -31.5495 0.934173 1.2 1 0 0
1 32032 20.6704 -60.1643 -33.4832 0.735145 1.2 1 0 0
1 32060 22.2196 -60.536 -28.7017 0.909436 1.2 1 0 0
1 32061 23.5109 -60.6139 -28.5728 0.341695 1.2 1 0 0
1 52012 21.3438 -58.4759 -34.3147 1.16875 1.2 3 0 0
1 52360 24.7336 -64.0426 -27.743 1.29105 1.2 3 0 0
1 52362 25.6572 -62.8335 -28.2561 0.308411 1.2 3 0 0
1 52363 26.138 -61.8029 -26.8477 1.5 1.2 3 0 0
1 52364 20.2796 -62.2215 -26.2772 0.616014 1.2 3 0 0
1 52365 18.8723 -60.6958 -26.7461 1.5 1.2 3 0 0
1 52375 24.4146 -61.7405 -29.7488 1.5 1.2 3 0 0
1 52376 21.6551 -61.9849 -30.342 1.33306 1.2 3 0 0
1 61685 22.0149 -59.4168 -31.8617 1.5 1.2 3 0 0
1 61686 19.9934 -60.953 -31.9521 1.04059 1.2 3 0 0
1 61687 20.8988 -60.5889 -30.9391 0.363017 1.2 3 0 0
1 61690 19.5421 -58.8928 -32.6392 1.14459 1.2 3 0 0
1 61700 22.712 -59.7512 -33.6828 0.472544 1.2 3 0 0
1 61948 19.6055 -59.7808 -29.7277 1.5 1.2 3 0 0
1 62305 24.5043 -57.8748 -31.56 1.44376 1.2 3 0 0
1 63760 29.8204 -60.9489 -26.8342 0.498942 1.2 3 0 0
1 63761 28.6525 -61.8663 -26.9999 0.918606 1.2 3 0 0
1 63763 26.6597 -59.8486 -26.4813 0.522648 1.2 3 0 0
1 63767 28.5777 -59.3792 -26.9195 1.5 1.2 3 0 0
1 63768 29.1323 -60.6919 -28.2571 0.454432 1.2 3 0 0
1 63769 26.5831 -64.5452 -26.2885 1.10997 1.2 3 0 0
1 63770 25.1639 -65.7714 -26.5675 0.784344 1.2 3 0 0
1 63771 25.8846 -65.188 -27.4857 0.332891 1.2 3 0 0
1 63773 23.9363 -62.9459 -25.7064 1.09979 1.2 3 0 0
1 63774 23.7044 -62.0874 -26.8238 0.328341 1.2 3 0 0
1 63775 23.7616 -63.0238 -27.0697 0.269697 1.2 3 0 0
1 63776 24.2935 -62.3134 -27.456 0.508139 1.2 3 0 0
1 63777 28.1206 -62.9683 -24.5734 1.5 1.2 3 0 0
1 63784 27.7615 -63.308 -27.0769 0.725736 1.2 3 0 0
1 63785 27.6956 -61.7639 -27.7115 0.278267 1.2 3 0 0
1 63786 26.9543 -63.1671 -28.2491 0.619323 1.2 3 0 0
1 63787 26.6569 -62.0545 -29.1401 0.821455 1.2 3 0 0
1 63788 25.7895 -63.2059 -29.088 0.612585 1.2 3 0 0
1 63798 19.5426 -58.6066 -25.3791 1.07685 1.2 3 0 0
1 63802 19.8104 -63.4817 -27.232 0.849436 1.2 3 0 0
1 63804 19.5389 -62.2711 -28.771 1.12408 1.2 3 0 0
1 63822 20.8366 -64.0024 -25.4327 1.28632 1.2 3 0 0
1 63826 22.0907 -62.6337 -27.5106 1.5 1.2 3 0 0
1 63847 22.9787 -65.6526 -26.4774 1.406 1.2 3 0 0
1 63848 20.9475 -65.4581 -26.7425 0.651554 1.2 3 0 0
1 63849 25.5732 -59.8849 -27.7764 0.699566 1.2 3 0 0
1 63850 26.8106 -59.6912 -29.5987 1.5 1.2 3 0 0
1 63851 23.8711 -60.8663 -27.3097 0.995823 1.2 3 0 0
1 63852 23.9141 -58.8239 -28.756 1.5 1.2 3 0 0
1 63862 21.8455 -59.635 -26.4722 1.5 1.2 3 0 0
1 63866 24.8963 -59.1891 -25.8589 1.44733 1.2 3 0 0
1 63876 23.1889 -60.1147 -30.267 0.599567 1.2 3 0 0
1 63879 23.8138 -60.682 -32.1075 0.712943 1.2 3 0 0
1 63880 25.2651 -60.1282 -31.5495 0.934173 1.2 3 0 0
1 64094 20.6704 -60.1643 -33.4832 0.735145 1.2 3 0 0
1 64122 22.2196 -60.536 -28.7017 0.909436 1.2 3 0 0
1 64123 23.5109 -60.6139 -28.5728 0.341695 1.2 3 0 0
1 84074 21.3438 -58.4759 -34.3147 1.16875 1.2 5 0 0
1 84422 24.7336 -64.0426 -27.743 1.29105 1.2 5 0 0
1 84424 25.6572 -62.8335 -28.2561 0.308411 1.2 5 0 0
1 84425 26.138 -61.8029 -26.8477 1.5 1.2 5 0 0
1 84426 20.2796 -62.2215 -26.2772 0.616014 1.2 5 0 0
1 84427 18.8723 -60.6958 -26.7461 1.5 1.2 5 0 0
1 84437 24.4146 -61.7405 -29.7488 1.5 1.2 5 0 0
1 84438 21.6551 -61.9849 -30.342 1.33306 1.2 5 0 0
1 93747 22.0149 -59.4168 -31.8617 1.5 1.2 5 0 0
1 93748 19.9934 -60.953 -31.9521 1.04059 1.2 5 0 0
1 93749 20.8988 -60.5889 -30.9391 0.363017 1.2 5 0 0
1 93752 19.5421 -58.8928 -32.6392 1.14459 1.2 5 0 0
1 93762 22.712 -59.7512 -33.6828 0.472544 1.2 5 0 0
1 94010 19.6055 -59.7808 -29.7277 1.5 1.2 5 0 0
1 94367 24.5043 -57.8748 -31.56 1.44376 1.2 5 0 0
1 95822 29.8204 -60.9489 -26.8342 0.498942 1.2 5 0 0
1 95823 28.6525 -61.8663 -26.9999 0.918606 1.2 5 0 0
1 95825 26.6597 -59.8486 -26.4813 0.522648 1.2 5 0 0
1 95829 28.5777 -59.3792 -26.9195 1.5 1.2 5 0 0
1 95830 29.1323 -60.6919 -28.2571 0.454432 1.2 5 0 0
1 95831 26.5831 -64.5452 -26.2885 1.10997 1.2 5 0 0
1 95832 25.1639 -65.7714 -26.5675 0.784344 1.2 5 0 0
1 95833 25.8846 -65.188 -27.4857 0.332891 1.2 5 0 0
1 95835 23.9363 -62.9459 -25.7064 1.09979 1.2 5 0 0
1 95836 23.7044 -62.0874 -26.8238 0.328341 1.2 5 0 0
1 95837 23.7616 -63.0238 -27.0697 0.269697 1.2 5 0 0
1 95838 24.2935 -62.3134 -27.456 0.508139 1.2 5 0 0
1 95839 28.1206 -62.9683 -24.5734 1.5 1.2 5 0 0
1 95846 27.7615 -63.308 -27.0769 0.725736 1.2 5 0 0
1 95847 27.6956 -61.7639 -27.7115 0.278267 1.2 5 0 0
1 95848 26.9543 -63.1671 -28.2491 0.619323 1.2 5 0 0
1 95849 26.6569 -62.0545 -29.1401 0.821455 1.2 5 0 0
1 95850 25.7895 -63.2059 -29.088 0.612585 1.2 5 0 0
1 95860 19.5426 -58.6066 -25.3791 1.07685 1.2 5 0 0
1 95864 19.8104 -63.4817 -27.232 0.849436 1.2 5 0 0
1 95866 19.5389 -62.2711 -28.771 1.12408 1.2 5 0 0
1 95884 20.8366 -64.0024 -25.4327 1.28632 1.2 5 0 0
1 95888 22.0907 -62.6337 -27.5106 1.5 1.2 5 0 0
1 95909 22.9787 -65.6526 -26.4774 1.406 1.2 5 0 0
1 95910 20.9475 -65.4581 -26.7425 0.651554 1.2 5 0 0
1 95911 25.5732 -59.8849 -27.7764 0.699566 1.2 5 0 0
1 95912 26.8106 -59.6912 -29.5987 1.5 1.2 5 0 0
1 95913 23.8711 -60.8663 -27.3097 0.995823 1.2 5 0 0
1 95914 23.9141 -58.8239 -28.756 1.5 1.2 5 0 0
1 95924 21.8455 -59.635 -26.4722 1.5 1.2 5 0 0
1 95928 24.8963 -59.1891 -25.8589 1.44733 1.2 5 0 0
1 95938 23.1889 -60.1147 -30.267 0.599567 1.2 5 0 0
1 95941 23.8138 -60.682 -32.1075 0.712943 1.2 5 0 0
1 95942 25.2651 -60.1282 -31.5495 0.934173 1.2 5 0 0
1 96156 20.6704 -60.1643 -33.4832 0.735145 1.2 5 0 0
1 96184 22.2196 -60.536 -28.7017 0.909436 1.2 5 0 0
1 96185 23.5109 -60.6139 -28.5728 0.341695 1.2 5 0 0
