# SphereID Center[X Y Z] Radius Density Region Score Weight
LeafCount 32062
NodeCount 32062
1 19492 27.1678 -32.2121 -31.6236 1.5 1.2 1 0 0
1 19495 25.4353 -30.5692 -33.3404 1.12649 1.2 1 0 0
1 19498 26.006 -32.5068 -33.7527 0.935046 1.2 1 0 0
1 19550 27.9138 -38.9205 -32.3413 1.5 1.2 1 0 0
1 19562 30.4861 -37.1127 -31.2631 1.42252 1.2 1 0 0
1 19563 29.761 -39.2789 -33.0948 0.526966 1.2 1 0 0
1 19582 30.0824 -40.6813 -31.9258 1.32423 1.2 1 0 0
1 19587 28.8355 -33.9617 -32.875 0.833893 1.2 1 0 0
1 19594 26.7342 -34.8667 -33.351 1.5 1.2 1 0 0
1 19595 26.7923 -37.3048 -33.8545 0.981562 1.2 1 0 0
1 19597 26.5681 -36.2759 -35.076 0.366838 1.2 1 0 0
1 19598 26.0701 -35.4409 -35.2586 0.581092 1.2 1 0 0
1 19599 27.2071 -40.7533 -35.0896 0.482667 1.2 1 0 0
1 19601 26.6529 -41.9772 -33.6273 1.5 1.2 1 0 0
1 19602 25.6658 -41.4218 -35.7528 0.902903 1.2 1 0 0
1 19613 27.816 -46.1093 -33.2029 1.2144 1.2 1 0 0
1 19614 26.3384 -47.3102 -33.2658 0.527516 1.2 1 0 0
1 19695 24.2917 -36.8315 -32.7695 1.5 1.2 1 0 0
1 28507 28.7416 -36.5175 -33.0194 1.1194 1.2 1 0 0
1 28532 27.963 -32.9551 -33.4166 0.597399 1.2 1 0 0
1 28535 28.8523 -43.7744 -32.6754 1.3364 1.2 1 0 0
1 28538 26.5456 -44.6649 -31.7134 1.2185 1.2 1 0 0
1 28545 28.9078 -41.7556 -33.3216 0.784 1.2 1 0 0
1 28557 25.4849 -39.326 -32.9471 0.955964 1.2 1 0 0
1 28569 26.4114 -40.0667 -35.5286 0.656289 1.2 1 0 0
1 28570 26.2977 -38.6189 -35.5286 0.658416 1.2 1 0 0
1 28575 24.3567 -39.4872 -35.1269 1.5 1.2 1 0 0
1 28591 26.1308 -43.7446 -35.3176 1.00063 1.2 1 0 0
1 28627 28.278 -47.4847 -33.9032 0.396227 1.2 1 0 0
1 28629 29.2548 -47.3625 -32.7802 0.721738 1.2 1 0 0
1 28630 27.5836 -44.1137 -34.3425 0.780115 1.2 1 0 0
1 28631 26.5034 -44.1691 -33.4769 0.605289 1.2 1 0 0
1 28635 25.3478 -48.4522 -35.1167 1.20194 1.2 1 0 0
1 28637 25.3057 -45.8209 -34.1945 1.5 1.2 1 0 0
1 28644 25.1197 -47.8382 -32.2936 1.10825 1.2 1 0 0
1 28651 27.5711 -48.8402 -32.7655 1.5 1.2 1 0 0
1 28652 26.8107 -49.3118 -34.5699 0.507709 1.2 1 0 0
1 28812 25.2154 -36.9554 -35.2586 1.15789 1.2 1 0 0
1 29533 26.3782 -51.1626 -33.9271 1.19491 1.2 1 0 0
1 29534 27.7204 -52.0471 -33.6801 0.429135 1.2 1 0 0
1 29568 26.1594 -53.9037 -33.523 1.12483 1.2 1 0 0
1 29574 24.5248 -54.5265 -31.5216 1.5 1.2 1 0 0
1 29614 25.3821 -56.2145 -33.4061 1.17103 1.2 1 0 0
1 30223 27.5834 -55.0224 -31.5571 1.45462 1.2 1 0 0
1 30226 27.9299 -52.938 -32.6764 0.928649 1.2 1 0 0
1 30243 24.5043 -57.8748 -31.56 1.44376 1.2 1 0 0
1 30248 26.0891 -57.7372 -32.8515 0.588688 1.2 1 0 0
1 30311 26.5505 -51.5506 -31.2373 1.5 1.2 1 0 0
1 30318 28.2358 -51.1212 -32.9108 0.880337 1.2 1 0 0
1 51554 27.1678 -32.2121 -31.6236 1.5 1.2 3 0 0
1 51557 25.4353 -30.5692 -33.3404 1.12649 1.2 3 0 0
1 51560 26.006 -32.5068 -33.7527 0.935046 1.2 3 0 0
1 51612 27.9138 -38.9205 -32.3413 1.5 1.2 3 0 0
1 51624 30.4861 -37.1127 -31.2631 1.42252 1.2 3 0 0
1 51625 29.761 -39.2789 -33.0948 0.526966 1.2 3 0 0
1 51644 30.0824 -40.6813 -31.9258 1.32423 1.2 3 0 0
1 51649 28.8355 -33.9617 -32.875 0.833893 1.2 3 0 0
1 51656 26.7342 -34.8667 -33.351 1.5 1.2 3 0 0
1 51657 26.7923 -37.3048 -33.8545 0.981562 1.2 3 0 0
1 51659 26.5681 -36.2759 -35.076 0.366838 1.2 3 0 0
1 51660 26.0701 -35.4409 -35.2586 0.581092 1.2 3 0 0
1 51661 27.2071 -40.7533 -35.0896 0.482667 1.2 3 0 0
1 51663 26.6529 -41.9772 -33.6273 1.5 1.2 3 0 0
1 51664 25.6658 -41.4218 -35.7528 0.902903 1.2 3 0 0
1 51675 27.816 -46.1093 -33.2029 1.2144 1.2 3 0 0
1 51676 26.3384 -47.3102 -33.2658 0.527516 1.2 3 0 0
1 51757 24.2917 -36.8315 -32.7695 1.5 1.2 3 0 0
1 60569 28.7416 -36.5175 -33.0194 1.1194 1.2 3 0 0
1 60594 27.963 -32.9551 -33.4166 0.597399 1.2 3 0 0
1 60597 28.8523 -43.7744 -32.6754 1.3364 1.2 3 0 0
1 60600 26.5456 -44.6649 -31.7134 1.2185 1.2 3 0 0
1 60607 28.9078 -41.7556 -33.3216 0.784 1.2 3 0 0
1 60619 25.4849 -39.326 -32.9471 0.955964 1.2 3 0 0
1 60631 26.4114 -40.0667 -35.5286 0.656289 1.2 3 0 0
1 60632 26.2977 -38.6189 -35.5286 0.658416 1.2 3 0 0
1 60637 24.3567 -39.4872 -35.1269 1.5 1.2 3 0 0
1 60653 26.1308 -43.7446 -35.3176 1.00063 1.2 3 0 0
1 60689 28.278 -47.4847 -33.9032 0.396227 1.2 3 0 0
1 60691 29.2548 -47.3625 -32.7802 0.721738 1.2 3 0 0
1 60692 27.5836 -44.1137 -34.3425 0.780115 1.2 3 0 0
1 60693 26.5034 -44.1691 -33.4769 0.605289 1.2 3 0 0
1 60697 25.3478 -48.4522 -35.1167 1.20194 1.2 3 0 0
1 60699 25.3057 -45.8209 -34.1945 1.5 1.2 3 0 0
1 60706 25.1197 -47.8382 -32.2936 1.10825 1.2 3 0 0
1 60713 27.5711 -48.8402 -32.7655 1.5 1.2 3 0 0
1 60714 26.8107 -49.3118 -34.5699 0.507709 1.2 3 0 0
1 60874 25.2154 -36.9554 -35.2586 1.15789 1.2 3 0 0
1 61595 26.3782 -51.1626 -33.9271 1.19491 1.2 3 0 0
1 61596 27.7204 -52.0471 -33.6801 0.429135 1.2 3 0 0
1 61630 26.1594 -53.9037 -33.523 1.12483 1.2 3 0 0
1 61636 24.5248 -54.5265 -31.5216 1.5 1.2 3 0 0
1 61676 25.3821 -56.2145 -33.4061 1.17103 1.2 3 0 0
1 62285 27.5834 -55.0224 -31.5571 1.45462 1.2 3 0 0
1 62288 27.9299 -52.938 -32.6764 0.928649 1.2 3 0 0
1 62305 24.5043 -57.8748 -31.56 1.44376 1.2 3 0 0
1 62310 26.0891 -57.7372 -32.8515 0.588688 1.2 3 0 0
1 62373 26.5505 -51.5506 -31.2373 1.5 1.2 3 0 0
1 62380 28.2358 -51.1212 -32.9108 0.880337 1.2 3 0 0
1 83616 27.1678 -32.2121 -31.6236 1.5 1.2 5 0 0
1 83619 25.4353 -30.5692 -33.3404 1.12649 1.2 5 0 0
1 83622 26.006 -32.5068 -33.7527 0.935046 1.2 5 0 0
1 83674 27.9138 -38.9205 -32.3413 1.5 1.2 5 0 0
1 83686 30.4861 -37.1127 -31.2631 1.42252 1.2 5 0 0
1 83687 29.761 -39.2789 -33.0948 0.526966 1.2 5 0 0
1 83706 30.0824 -40.6813 -31.9258 1.32423 1.2 5 0 0
1 83711 28.8355 -33.9617 -32.875 0.833893 1.2 5 0 0
1 83718 26.7342 -34.8667 -33.351 1.5 1.2 5 0 0
1 83719 26.7923 -37.3048 -33.8545 0.981562 1.2 5 0 0
1 83721 26.5681 -36.2759 -35.076 0.366838 1.2 5 0 0
1 83722 26.0701 -35.4409 -35.2586 0.581092 1.2 5 0 0
1 83723 27.2071 -40.7533 -35.0896 0.482667 1.2 5 0 0
1 83725 26.6529 -41.9772 -33.6273 1.5 1.2 5 0 0
1 83726 25.6658 -41.4218 -35.7528 0.902903 1.2 5 0 0
1 83737 27.816 -46.1093 -33.2029 1.2144 1.2 5 0 0
1 83738 26.3384 -47.3102 -33.2658 0.527516 1.2 5 0 0
1 83819 24.2917 -36.8315 -32.7695 1.5 1.2 5 0 0
1 92631 28.7416 -36.5175 -33.0194 1.1194 1.2 5 0 0
1 92656 27.963 -32.9551 -33.4166 0.597399 1.2 5 0 0
1 92659 28.8523 -43.7744 -32.6754 1.3364 1.2 5 0 0
1 92662 26.5456 -44.6649 -31.7134 1.2185 1.2 5 0 0
1 92669 28.9078 -41.7556 -33.3216 0.784 1.2 5 0 0
1 92681 25.4849 -39.326 -32.9471 0.955964 1.2 5 0 0
1 92693 26.4114 -40.0667 -35.5286 0.656289 1.2 5 0 0
1 92694 26.2977 -38.6189 -35.5286 0.658416 1.2 5 0 0
1 92699 24.3567 -39.4872 -35.1269 1.5 1.2 5 0 0
1 92715 26.1308 -43.7446 -35.3176 1.00063 1.2 5 0 0
1 92751 28.278 -47.4847 -33.9032 0.396227 1.2 5 0 0
1 92753 29.2548 -47.3625 -32.7802 0.721738 1.2 5 0 0
1 92754 27.5836 -44.1137 -34.3425 0.780115 1.2 5 0 0
1 92755 26.5034 -44.1691 -33.4769 0.605289 1.2 5 0 0
1 92759 25.3478 -48.4522 -35.1167 1.20194 1.2 5 0 0
1 92761 25.3057 -45.8209 -34.1945 1.5 1.2 5 0 0
1 92768 25.1197 -47.8382 -32.2936 1.10825 1.2 5 0 0
1 92775 27.5711 -48.8402 -32.7655 1.5 1.2 5 0 0
1 92776 26.8107 -49.3118 -34.5699 0.507709 1.2 5 0 0
1 92936 25.2154 -36.9554 -35.2586 1.15789 1.2 5 0 0
1 93657 26.3782 -51.1626 -33.9271 1.19491 1.2 5 0 0
1 93658 27.7204 -52.0471 -33.6801 0.429135 1.2 5 0 0
1 93692 26.1594 -53.9037 -33.523 1.12483 1.2 5 0 0
1 93698 24.5248 -54.5265 -31.5216 1.5 1.2 5 0 0
1 93738 25.3821 -56.2145 -33.4061 1.17103 1.2 5 0 0
1 94347 27.5834 -55.0224 -31.5571 1.45462 1.2 5 0 0
1 94350 27.9299 -52.938 -32.6764 0.928649 1.2 5 0 0
1 94367 24.5043 -57.8748 -31.56 1.44376 1.2 5 0 0
1 94372 26.0891 -57.7372 -32.8515 0.588688 1.2 5 0 0
1 94435 26.5505 -51.5506 -31.2373 1.5 1.2 5 0 0
1 94442 28.2358 -51.1212 -32.9108 0.880337 1.2 5 0 0
