# SphereID Center[X Y Z] Radius Density Region Score Weight
LeafCount 32062
NodeCount 32062
1 11414 -37.6237 -36.5959 15.4486 1.5 1.2 1 0 0
1 11415 -39.626 -36.0652 14.3038 0.866731 1.2 1 0 0
1 11419 -38.5044 -39.1241 14.3202 1.38647 1.2 1 0 0
1 11420 -39.4588 -40.4108 11.9191 1.5 1.2 1 0 0
1 11426 -40.2612 -24.6829 -1.10396 1.5 1.2 1 0 0
1 11427 -39.6884 -21.4836 -2.47327 1.5 1.2 1 0 0
1 11428 -41.1383 -35.0985 9.72701 1.40162 1.2 1 0 0
1 11429 -38.9896 -35.0317 8.77545 0.949305 1.2 1 0 0
1 11430 -41.1126 -34.8441 7.87963 0.463372 1.2 1 0 0
1 11433 -39.775 -23.5015 8.25594 1.5 1.2 1 0 0
1 11435 -40.3635 -21.6821 4.77461 1.5 1.2 1 0 0
1 14756 -39.3541 -51.6905 -5.75276 0.845862 1.2 1 0 0
1 14757 -39.262 -52.4372 -3.80019 1.24386 1.2 1 0 0
1 14759 -40.2039 -51.2146 -4.66958 0.527531 1.2 1 0 0
1 14760 -39.0959 -54.648 -3.25048 0.69757 1.2 1 0 0
1 14763 -38.6748 -53.4964 -1.33806 1.5 1.2 1 0 0
1 14765 -38.0494 -49.9872 -4.78137 1.5 1.2 1 0 0
1 14805 -40.2516 -48.0384 -4.28581 1.44887 1.2 1 0 0
1 14807 -40.2342 -50.0696 -5.14275 0.711371 1.2 1 0 0
1 14808 -40.0011 -45.1116 -5.29772 1.5 1.2 1 0 0
1 14809 -41.8304 -44.3881 -5.44871 0.469146 1.2 1 0 0
1 14810 -40.7291 -46.281 -2.55184 0.533891 1.2 1 0 0
1 14811 -41.4565 -45.7803 -3.59326 0.827653 1.2 1 0 0
1 14812 -38.8329 -48.2682 -7.18515 1.5 1.2 1 0 0
1 14816 -40.0616 -42.8243 -5.33995 0.780368 1.2 1 0 0
1 14819 -38.9844 -44.2113 -1.62307 0.859771 1.2 1 0 0
1 14820 -38.4484 -43.9381 -3.53955 1.1228 1.2 1 0 0
1 14826 -39.4497 -45.349 -8.28728 1.45299 1.2 1 0 0
1 14829 -40.8221 -43.6967 -8.14934 0.699408 1.2 1 0 0
1 14830 -39.1123 -42.5089 -7.42448 1.5 1.2 1 0 0
1 14846 -38.1018 -53.2454 2.48427 1.48902 1.2 1 0 0
1 14854 -40.97 -46.9063 4.67279 0.300101 1.2 1 0 0
1 14855 -41.8427 -46.9283 4.26121 0.596308 1.2 1 0 0
1 14859 -41.1881 -49.424 -0.741311 0.39748 1.2 1 0 0
1 14860 -39.4231 -47.6799 0.847847 1.46677 1.2 1 0 0
1 14861 -39.417 -50.0121 -1.24269 1.5 1.2 1 0 0
1 15879 -39.7363 -40.0983 -11.5759 0.716254 1.2 1 0 0
1 15880 -38.6994 -41.8898 -10.7839 1.5 1.2 1 0 0
1 16512 -38.9483 -34.4538 15.1852 1.01158 1.2 1 0 0
1 16796 -39.0282 -41.1718 13.9981 0.750513 1.2 1 0 0
1 16839 -38.1459 -43.0138 13.0529 1.5 1.2 1 0 0
1 16856 -40.1533 -44.9719 11.0361 0.463776 1.2 1 0 0
1 16860 -39.1053 -45.0334 11.9683 0.865764 1.2 1 0 0
1 16862 -40.1475 -44.1609 11.7606 0.410967 1.2 1 0 0
1 16863 -39.2423 -43.4065 10.2562 1.5 1.2 1 0 0
1 16864 -39.5436 -46.0464 9.65457 1.22407 1.2 1 0 0
1 16915 -39.3905 -18.3314 -0.107963 0.716167 1.2 1 0 0
1 16917 -39.3065 -16.1895 0.274032 0.676348 1.2 1 0 0
1 16919 -40.9646 -18.7989 -1.06734 1.17348 1.2 1 0 0
1 16920 -41.8228 -20.6883 -0.662864 0.897535 1.2 1 0 0
1 16921 -40.7954 -20.1678 -0.595742 0.25416 1.2 1 0 0
1 16922 -41.5954 -17.4422 -0.534744 0.413927 1.2 1 0 0
1 16923 -40.8465 -17.3661 1.16063 1.44106 1.2 1 0 0
1 16924 -40.8449 -16.5111 -0.927867 0.81567 1.2 1 0 0
1 16925 -41.2439 -19.804 -2.73706 0.795317 1.2 1 0 0
1 16926 -40.0368 -20.2122 -0.946862 0.513592 1.2 1 0 0
1 16927 -39.5497 -19.3356 -2.28051 0.661051 1.2 1 0 0
1 16930 -39.0088 -22.5363 0.119504 1.2616 1.2 1 0 0
1 16931 -41.0265 -24.8698 0.659006 0.423998 1.2 1 0 0
1 16932 -41.3236 -25.3346 1.8663 0.456098 1.2 1 0 0
1 16933 -42.3334 -24.3602 -0.056304 0.83099 1.2 1 0 0
1 16934 -42.2764 -21.9961 3.57708 0.775824 1.2 1 0 0
1 16935 -39.1505 -22.6596 2.88707 0.946438 1.2 1 0 0
1 16936 -40.336 -22.592 3.2149 0.285466 1.2 1 0 0
1 16938 -40.3866 -25.276 1.36066 0.608834 1.2 1 0 0
1 16939 -38.9741 -24.5255 1.91275 1.07225 1.2 1 0 0
1 16944 -41.9482 -20.0758 3.85292 0.937179 1.2 1 0 0
1 16945 -41.9117 -19.1056 2.31745 0.87945 1.2 1 0 0
1 16946 -40.462 -18.1491 3.99111 1.5 1.2 1 0 0
1 16947 -41.8101 -16.9427 2.89036 0.583382 1.2 1 0 0
1 16948 -38.628 -19.9209 4.17336 1.04405 1.2 1 0 0
1 16949 -40.5731 -20.0606 3.76061 0.423935 1.2 1 0 0
1 16950 -39.8135 -20.0709 3.08334 0.571104 1.2 1 0 0
1 16952 -40.2162 -20.237 1.05857 1.5 1.2 1 0 0
1 16958 -38.2031 -23.9407 -3.01975 1.36715 1.2 1 0 0
1 16959 -41.3459 -22.4973 -0.673193 0.973291 1.2 1 0 0
1 16960 -41.4164 -22.6701 -2.14468 0.509395 1.2 1 0 0
1 16961 -41.6801 -21.4005 -3.23475 0.623855 1.2 1 0 0
1 16962 -41.2935 -23.1559 -3.68224 1.10778 1.2 1 0 0
1 16976 -38.0082 -16.9513 4.21104 1.23939 1.2 1 0 0
1 16982 -41.5441 -16.4906 4.67396 0.594699 1.2 1 0 0
1 16983 -40.5786 -15.2965 5.58558 1.19065 1.2 1 0 0
1 16984 -40.7501 -16.3958 2.91332 0.56326 1.2 1 0 0
1 17002 -39.1262 -15.248 2.30849 1.5 1.2 1 0 0
1 17027 -41.0612 -20.2814 -4.11208 0.671641 1.2 1 0 0
1 17028 -40.3839 -21.5594 -5.30936 1.1984 1.2 1 0 0
1 17032 -38.3455 -19.7429 -5.19026 1.5 1.2 1 0 0
1 17033 -40.4694 -19.692 -5.34616 0.625496 1.2 1 0 0
1 17034 -39.6264 -21.3674 -7.38366 1.00237 1.2 1 0 0
1 17039 -40.0682 -17.4697 -4.95437 0.611827 1.2 1 0 0
1 17040 -40.3091 -18.7313 -3.90741 1.04517 1.2 1 0 0
1 17041 -40.9849 -17.3067 -2.35551 0.559507 1.2 1 0 0
1 17044 -38.9491 -17.2733 -2.0347 1.5 1.2 1 0 0
1 17045 -39.3541 -16.0081 -4.50194 1.07052 1.2 1 0 0
1 17051 -38.5271 -19.5219 -7.84114 1.16627 1.2 1 0 0
1 17062 -41.4459 -42.6375 6.20207 1.5 1.2 1 0 0
1 17063 -41.7111 -44.714 6.71059 0.654215 1.2 1 0 0
1 17064 -41.1447 -44.0894 7.10481 0.234378 1.2 1 0 0
1 17065 -41.4907 -44.1592 7.90733 0.637166 1.2 1 0 0
1 17066 -39.6013 -44.8763 7.1873 1.5 1.2 1 0 0
1 17067 -41.3541 -45.8146 5.39968 1.06653 1.2 1 0 0
1 17068 -40.4133 -46.289 6.33272 0.339988 1.2 1 0 0
1 17069 -39.7006 -45.6501 5.26763 0.57214 1.2 1 0 0
1 17070 -40.5952 -44.3348 5.30825 0.597268 1.2 1 0 0
1 17072 -40.5246 -41.3449 5.27322 0.336869 1.2 1 0 0
1 17073 -39.556 -41.1445 6.1333 0.909512 1.2 1 0 0
1 17074 -41.4254 -39.7515 5.11915 1.5 1.2 1 0 0
1 17075 -42.8333 -41.5772 4.68173 0.756652 1.2 1 0 0
1 17076 -42.9822 -40.0731 3.15124 0.982815 1.2 1 0 0
1 17077 -42.2254 -40.632 7.18489 0.842594 1.2 1 0 0
1 17078 -40.7938 -40.7834 6.79569 0.533731 1.2 1 0 0
1 17079 -39.7494 -38.7274 6.50608 0.904375 1.2 1 0 0
1 17080 -42.0312 -38.891 7.49781 0.936053 1.2 1 0 0
1 17081 -40.3201 -40.3209 3.43229 0.595527 1.2 1 0 0
1 17083 -39.2315 -42.3993 7.85882 1.09288 1.2 1 0 0
1 17087 -40.7818 -44.6076 9.14077 0.742401 1.2 1 0 0
1 17088 -41.0215 -42.9935 8.75106 0.866833 1.2 1 0 0
1 17089 -41.1982 -43.1272 10.0527 0.45358 1.2 1 0 0
1 17090 -39.548 -41.4222 10.1463 0.510694 1.2 1 0 0
1 17091 -40.9578 -41.6238 10.6507 0.803108 1.2 1 0 0
1 17092 -41.2805 -39.829 10.8243 0.703146 1.2 1 0 0
1 17093 -41.7329 -40.8351 10.1218 0.386681 1.2 1 0 0
1 17094 -41.496 -41.4599 7.64878 0.354345 1.2 1 0 0
1 17095 -40.5169 -40.333 8.75949 1.5 1.2 1 0 0
1 17096 -39.7313 -42.1019 3.97865 1.34961 1.2 1 0 0
1 17099 -42.1687 -43.1156 3.56671 1.25618 1.2 1 0 0
1 17100 -42.1848 -45.3842 3.81554 0.701445 1.2 1 0 0
1 17101 -42.1458 -44.6223 2.01852 0.903411 1.2 1 0 0
1 17102 -40.0805 -44.902 3.35584 1.5 1.2 1 0 0
1 17103 -41.7576 -44.5169 4.58084 0.520082 1.2 1 0 0
1 17104 -40.7119 -43.5241 1.48382 0.890571 1.2 1 0 0
1 17105 -41.7589 -43.1792 1.95094 0.306675 1.2 1 0 0
1 17110 -42.6377 -35.7131 4.63318 1.38597 1.2 1 0 0
1 17111 -41.4381 -36.2715 3.82154 0.166308 1.2 1 0 0
1 17112 -40.2536 -35.7128 2.91721 0.16217 1.2 1 0 0
1 17113 -40.9642 -34.212 2.8235 1.5 1.2 1 0 0
1 17115 -40.7528 -32.1281 3.09312 0.611881 1.2 1 0 0
1 17116 -39.5491 -32.4528 4.34522 1.13744 1.2 1 0 0
1 17120 -40.7271 -31.0864 1.00453 0.417269 1.2 1 0 0
1 17121 -40.344 -31.7336 -0.277193 0.952494 1.2 1 0 0
1 17123 -39.0847 -31.5051 1.92797 1.5 1.2 1 0 0
1 17124 -41.1535 -28.1239 1.9383 0.691699 1.2 1 0 0
1 17125 -42.5336 -29.3877 1.95086 1.1667 1.2 1 0 0
1 17126 -42.9971 -27.9963 1.05571 0.549944 1.2 1 0 0
1 17127 -41.0392 -30.68 1.91919 0.594293 1.2 1 0 0
1 17128 -40.5937 -30.9801 2.50874 0.200015 1.2 1 0 0
1 17129 -41.1095 -29.8037 2.19338 0.326613 1.2 1 0 0
1 17130 -43.3523 -30.4385 1.02393 0.39858 1.2 1 0 0
1 17131 -43.0754 -30.3717 0.040398 0.625374 1.2 1 0 0
1 17132 -41.9052 -30.5865 -0.113106 0.458933 1.2 1 0 0
1 17133 -38.9863 -30.6323 5.87796 1.13369 1.2 1 0 0
1 17136 -39.0573 -28.0793 4.78415 1.17129 1.2 1 0 0
1 17137 -40.9512 -30.1907 3.97168 1.5 1.2 1 0 0
1 17138 -42.4486 -32.5003 4.86317 1.36928 1.2 1 0 0
1 17139 -42.0232 -29.9993 6.49243 1.24592 1.2 1 0 0
1 17140 -40.6623 -30.9543 5.77971 0.483799 1.2 1 0 0
1 17141 -42.4046 -28.1666 4.29143 1.01233 1.2 1 0 0
1 17142 -40.8877 -27.7643 5.07373 0.690549 1.2 1 0 0
1 17143 -41.1276 -28.704 5.93048 0.421419 1.2 1 0 0
1 17144 -39.9988 -29.3176 5.51343 0.452193 1.2 1 0 0
1 17145 -38.9507 -28.8665 2.50656 1.2046 1.2 1 0 0
1 17146 -40.6252 -28.4618 3.03325 0.49305 1.2 1 0 0
1 17147 -40.9888 -34.3078 0.754467 0.569789 1.2 1 0 0
1 17148 -40.6871 -33.2039 1.06892 0.522074 1.2 1 0 0
1 17149 -41.0427 -33.1526 -0.031037 0.546377 1.2 1 0 0
1 17150 -39.1094 -33.8521 -0.01707 1.5 1.2 1 0 0
1 17151 -43.5053 -34.0639 0.702318 0.598074 1.2 1 0 0
1 17152 -41.4424 -35.2036 0.987596 0.460628 1.2 1 0 0
1 17153 -42.9423 -35.5168 1.56919 1.17825 1.2 1 0 0
1 17154 -44.0103 -35.8157 2.42387 0.221959 1.2 1 0 0
1 17155 -42.3673 -32.0748 1.09655 1.5 1.2 1 0 0
1 17156 -40.861 -32.4985 2.1091 0.359294 1.2 1 0 0
1 17157 -43.3707 -32.9267 -0.521363 0.58567 1.2 1 0 0
1 17158 -42.2353 -34.6461 -0.862913 1.5 1.2 1 0 0
1 17159 -40.8903 -32.9283 -1.19551 0.649126 1.2 1 0 0
1 17160 -41.82 -32.7523 -0.646108 0.445024 1.2 1 0 0
1 17162 -39.9466 -33.7326 8.71284 0.629784 1.2 1 0 0
1 17163 -41.0588 -37.8333 10.1104 1.32474 1.2 1 0 0
1 17164 -39.4752 -38.2108 8.64432 0.866096 1.2 1 0 0
1 17167 -38.7863 -30.6665 8.97546 1.36258 1.2 1 0 0
1 17169 -41.5973 -31.247 11.8095 0.172904 1.2 1 0 0
1 17170 -41.6541 -32.7455 9.50718 0.984107 1.2 1 0 0
1 17171 -39.4256 -32.9316 10.6163 1.5 1.2 1 0 0
1 17174 -40.5385 -32.2089 7.31162 1.5 1.2 1 0 0
1 17175 -41.2362 -29.9288 8.28307 0.710857 1.2 1 0 0
1 17176 -40.6338 -30.2784 7.3673 0.405283 1.2 1 0 0
1 17180 -40.9709 -35.0798 12.6878 0.506747 1.2 1 0 0
1 17181 -41.0987 -36.3723 10.9097 0.337038 1.2 1 0 0
1 17182 -41.5127 -36.137 11.5786 0.483818 1.2 1 0 0
1 17183 -41.8554 -36.4416 10.8098 0.408956 1.2 1 0 0
1 17184 -39.911 -33.7929 13.082 1.15653 1.2 1 0 0
1 17186 -41.4972 -33.4454 10.9568 0.633198 1.2 1 0 0
1 17187 -40.7564 -32.2258 12.746 0.588321 1.2 1 0 0
1 17188 -39.5504 -36.2671 11.9135 1.5 1.2 1 0 0
1 17189 -39.4204 -38.4544 11.0282 0.649991 1.2 1 0 0
1 17190 -40.6772 -38.4356 12.2583 0.845383 1.2 1 0 0
1 17192 -39.6474 -34.8112 5.42737 1.45916 1.2 1 0 0
1 17194 -42.84 -35.7672 6.71437 0.693576 1.2 1 0 0
1 17195 -42.1827 -34.1609 7.02078 1.06874 1.2 1 0 0
1 17196 -40.9524 -36.7153 7.30597 1.5 1.2 1 0 0
1 17197 -41.4859 -35.0244 5.96108 0.465596 1.2 1 0 0
1 17198 -40.8872 -36.4228 5.15983 0.574951 1.2 1 0 0
1 17199 -39.4648 -37.1476 5.60283 0.802252 1.2 1 0 0
1 17200 -40.0444 -36.4585 4.99331 0.284951 1.2 1 0 0
1 17201 -40.2492 -36.3804 5.66721 0.23857 1.2 1 0 0
1 17204 -38.4024 -36.4427 -0.506683 1.06686 1.2 1 0 0
1 17205 -40.0558 -36.1204 0.981071 1.15274 1.2 1 0 0
1 17206 -39.8441 -36.2386 -0.564835 0.390344 1.2 1 0 0
1 17207 -40.4502 -34.9707 -0.644236 0.327503 1.2 1 0 0
1 17208 -40.6306 -35.8084 -0.553969 0.485579 1.2 1 0 0
1 17210 -39.2302 -38.3148 1.09698 1.19246 1.2 1 0 0
1 17214 -39.8184 -35.5545 -1.91132 1.11647 1.2 1 0 0
1 17216 -39.0577 -40.4253 -0.595856 1.5 1.2 1 0 0
1 17217 -43.817 -40.0442 -0.880554 0.175973 1.2 1 0 0
1 17218 -42.2688 -40.7698 -1.14391 1.5 1.2 1 0 0
1 17219 -42.0017 -39.8212 0.553204 0.462129 1.2 1 0 0
1 17220 -43.1504 -40.4051 1.00382 0.829138 1.2 1 0 0
1 17221 -40.6926 -41.3902 -0.225827 0.402835 1.2 1 0 0
1 17222 -41.0291 -41.1416 1.63044 1.5 1.2 1 0 0
1 17223 -40.033 -42.9216 -0.437998 1.18161 1.2 1 0 0
1 17224 -42.0302 -43.6894 -1.99792 1.22641 1.2 1 0 0
1 17225 -42.3806 -42.9776 0.407535 1.08707 1.2 1 0 0
1 17226 -41.4448 -43.5722 -0.529711 0.35826 1.2 1 0 0
1 17227 -41.9793 -39.1309 -0.09307 0.468265 1.2 1 0 0
1 17228 -42.5653 -38.2167 1.55232 1.5 1.2 1 0 0
1 17229 -40.7919 -38.324 0.815972 0.394277 1.2 1 0 0
1 17230 -42.9768 -37.0338 -2.31324 1.12285 1.2 1 0 0
1 17231 -43.7177 -35.9058 -1.09016 0.45858 1.2 1 0 0
1 17232 -43.638 -36.1172 0.039046 0.60315 1.2 1 0 0
1 17233 -43.8681 -35.333 -0.446276 0.314843 1.2 1 0 0
1 17234 -40.1968 -37.3019 3.40124 1.5 1.2 1 0 0
1 17235 -44.0542 -38.2404 2.2825 0.1585 1.2 1 0 0
1 17236 -41.4599 -36.4884 1.94004 0.586995 1.2 1 0 0
1 17237 -40.8175 -37.8016 -1.01801 1.5 1.2 1 0 0
1 17238 -42.4459 -36.6145 0.068695 0.686919 1.2 1 0 0
1 17239 -41.3621 -36.1964 -8e-05 0.476712 1.2 1 0 0
1 17240 -41.3508 -36.15 -0.726237 0.250087 1.2 1 0 0
1 17241 -38.2319 -38.4973 -2.56234 1.37504 1.2 1 0 0
1 17243 -41.8684 -39.3151 -3.94988 1.5 1.2 1 0 0
1 17244 -42.4764 -41.5863 -3.4127 0.911687 1.2 1 0 0
1 17245 -41.4329 -40.7024 -2.79801 0.348294 1.2 1 0 0
1 17246 -41.3122 -38.0196 -2.76436 0.312768 1.2 1 0 0
1 17247 -40.4531 -38.1785 -2.87612 0.43065 1.2 1 0 0
1 17248 -40.0864 -39.6336 -2.5298 0.800112 1.2 1 0 0
1 17249 -40.5594 -40.5201 -1.90032 0.385563 1.2 1 0 0
1 17250 -40.1317 -42.0011 -2.98828 1.5 1.2 1 0 0
1 17251 -40.2406 -40.4984 -4.48204 0.581641 1.2 1 0 0
1 17252 -41.1369 -41.1526 -4.5209 0.514983 1.2 1 0 0
1 17256 -39.137 -15.5193 12.6578 1.12366 1.2 1 0 0
1 17299 -41.3311 -24.7293 10.6095 0.500451 1.2 1 0 0
1 17300 -40.83 -25.9198 9.30489 1.33541 1.2 1 0 0
1 17301 -41.0224 -23.672 10.0754 0.712633 1.2 1 0 0
1 17302 -41.5604 -22.9372 9.35877 0.446164 1.2 1 0 0
1 17303 -38.7291 -26.0761 7.51311 1.21743 1.2 1 0 0
1 17305 -41.1112 -26.9488 7.67646 0.585442 1.2 1 0 0
1 17306 -40.1098 -25.3164 7.8251 0.389123 1.2 1 0 0
1 17308 -39.2966 -24.2996 4.47788 1.32821 1.2 1 0 0
1 17309 -42.4941 -25.413 2.36588 0.818953 1.2 1 0 0
1 17310 -42.0608 -24.3244 4.13332 1.03242 1.2 1 0 0
1 17311 -40.8526 -24.7283 4.63322 0.293178 1.2 1 0 0
1 17312 -42.0312 -27.7546 6.32287 0.946779 1.2 1 0 0
1 17313 -41.1936 -25.4324 6.24713 1.5 1.2 1 0 0
1 17315 -40.1741 -24.6463 2.86376 0.432085 1.2 1 0 0
1 17317 -41.1382 -28.7546 11.4813 0.640504 1.2 1 0 0
1 17318 -40.266 -30.5725 11.9205 1.32363 1.2 1 0 0
1 17320 -41.2357 -27.7568 10.3574 0.800976 1.2 1 0 0
1 17321 -40.8604 -26.5689 11.4995 0.815733 1.2 1 0 0
1 17322 -41.0542 -25.6002 11.099 0.250324 1.2 1 0 0
1 17323 -40.6603 -25.7613 10.8578 0.234792 1.2 1 0 0
1 17325 -41.6187 -27.8989 8.66357 0.873699 1.2 1 0 0
1 17326 -39.7917 -28.5705 7.30507 1.5 1.2 1 0 0
1 17330 -40.8059 -22.6358 6.4349 0.447612 1.2 1 0 0
1 17331 -41.7414 -23.2163 7.30507 0.690378 1.2 1 0 0
1 17332 -41.9301 -23.2163 5.73525 0.890743 1.2 1 0 0
1 17333 -40.0742 -23.4201 6.10299 0.675174 1.2 1 0 0
1 17334 -40.324 -23.375 5.2225 0.241184 1.2 1 0 0
1 17347 -40.1521 -26.9259 13.0891 0.93448 1.2 1 0 0
1 17348 -39.0404 -26.2299 14.9682 1.35704 1.2 1 0 0
1 17350 -38.7926 -24.3135 16.1111 0.888027 1.2 1 0 0
1 17351 -39.3541 -23.0282 15.2853 0.698071 1.2 1 0 0
1 17353 -40.9668 -23.2165 11.6637 0.570921 1.2 1 0 0
1 17354 -39.4732 -24.6369 11.4631 1.5 1.2 1 0 0
1 17355 -39.88 -23.2188 13.5934 1.08393 1.2 1 0 0
1 17356 -40.8542 -23.7958 12.5542 0.450638 1.2 1 0 0
1 17361 -39.8992 -20.5272 14.2166 0.732534 1.2 1 0 0
1 17362 -38.1799 -21.06 15.5748 1.5 1.2 1 0 0
1 17371 -40.1934 -30.9728 13.7996 0.599036 1.2 1 0 0
1 17372 -39.4658 -28.9633 13.8881 1.33342 1.2 1 0 0
1 17382 -39.6271 -16.1603 10.1317 1.5 1.2 1 0 0
1 17385 -37.5169 -17.5538 11.9667 1.5 1.2 1 0 0
1 17393 -41.293 -19.7943 8.3957 0.880853 1.2 1 0 0
1 17394 -41.3121 -21.4517 7.30507 1.10328 1.2 1 0 0
1 17395 -41.3638 -21.6585 9.17609 0.779851 1.2 1 0 0
1 17396 -40.8179 -22.2124 10.6238 0.859858 1.2 1 0 0
1 17397 -38.972 -22.5373 10.3275 0.919674 1.2 1 0 0
1 17398 -39.6278 -20.2257 10.0422 1.5 1.2 1 0 0
1 17403 -38.4238 -20.8389 12.6593 1.434 1.2 1 0 0
1 17405 -40.1731 -22.0892 12.1422 0.777562 1.2 1 0 0
1 17406 -40.5488 -20.5383 12.1675 0.767771 1.2 1 0 0
1 17407 -40.422 -19.9004 13.2613 0.504757 1.2 1 0 0
1 17408 -39.1661 -17.4323 13.9588 0.955104 1.2 1 0 0
1 17409 -39.3594 -19.0988 14.6264 0.848505 1.2 1 0 0
1 17411 -40.2689 -17.0775 11.9024 0.59491 1.2 1 0 0
1 17412 -39.8217 -18.6557 12.4657 1.08352 1.2 1 0 0
1 17414 -40.4565 -18.4374 5.98147 0.50405 1.2 1 0 0
1 17415 -41.6237 -19.7163 5.96891 0.988675 1.2 1 0 0
1 17416 -41.2847 -17.0874 5.86636 0.754778 1.2 1 0 0
1 17417 -39.1131 -16.93 7.15331 1.5 1.2 1 0 0
1 17418 -40.8639 -15.9906 8.15477 0.724994 1.2 1 0 0
1 17419 -40.5701 -17.8621 8.88249 0.812071 1.2 1 0 0
1 17421 -39.359 -19.8604 6.87073 1.45322 1.2 1 0 0
1 17426 -38.2493 -24.7566 -10.4969 1.2947 1.2 1 0 0
1 17438 -40.6335 -27.7808 -7.75369 0.830205 1.2 1 0 0
1 17440 -39.7215 -29.4094 -8.75755 1.20118 1.2 1 0 0
1 17441 -38.637 -28.1696 -6.61674 1.5 1.2 1 0 0
1 17443 -39.3541 -27.6087 -9.97799 0.949815 1.2 1 0 0
1 17445 -39.3541 -29.041 -10.8069 0.705088 1.2 1 0 0
1 17448 -40.6974 -25.0406 -6.4741 0.963946 1.2 1 0 0
1 17449 -41.2361 -23.9884 -5.31315 0.673686 1.2 1 0 0
1 17450 -40.7164 -23.2188 -6.57935 0.702392 1.2 1 0 0
1 17453 -38.7049 -23.7266 -5.84009 1.5 1.2 1 0 0
1 17456 -39.4463 -25.9081 -8.32952 1.42044 1.2 1 0 0
1 17457 -39.131 -23.2457 -8.56664 1.27101 1.2 1 0 0
1 17485 -41.1413 -39.2746 -5.71616 0.410518 1.2 1 0 0
1 17486 -41.1314 -40.9499 -6.33746 1.14456 1.2 1 0 0
1 17487 -39.083 -41.3443 -5.16825 1.00217 1.2 1 0 0
1 17488 -39.9982 -40.2177 -5.43233 0.43576 1.2 1 0 0
1 17489 -41.0107 -36.7444 -3.55414 1.21721 1.2 1 0 0
1 17490 -42.0312 -35.6948 -4.15593 0.298043 1.2 1 0 0
1 17491 -42.9999 -37.7644 -4.85889 0.558149 1.2 1 0 0
1 17492 -41.8797 -37.9118 -6.1973 1.00011 1.2 1 0 0
1 17493 -40.4215 -36.8478 -6.52759 0.448934 1.2 1 0 0
1 17494 -39.8789 -38.3586 -3.8492 0.706897 1.2 1 0 0
1 17495 -40.4462 -38.5485 -4.60713 0.24425 1.2 1 0 0
1 17496 -39.397 -38.4674 -6.00008 1.5 1.2 1 0 0
1 17499 -41.2626 -34.1779 -4.24493 0.358185 1.2 1 0 0
1 17500 -42.5767 -34.477 -3.51274 1.17548 1.2 1 0 0
1 17501 -41.364 -35.2233 -5.77781 1.5 1.2 1 0 0
1 17502 -38.1224 -35.9175 -3.87668 1.5 1.2 1 0 0
1 17503 -39.9384 -35.0101 -4.28248 0.570197 1.2 1 0 0
1 17504 -39.3586 -33.9248 -5.68901 0.870012 1.2 1 0 0
1 17506 -39.601 -39.3432 -9.41965 1.5 1.2 1 0 0
1 17507 -40.1335 -38.2329 -7.85765 0.466897 1.2 1 0 0
1 17508 -41.3938 -38.5951 -8.51496 0.606648 1.2 1 0 0
1 17509 -40.7628 -39.3006 -7.53451 0.714809 1.2 1 0 0
1 17510 -40.4345 -37.9786 -10.7543 0.563788 1.2 1 0 0
1 17511 -40.693 -36.4669 -8.37456 1.45634 1.2 1 0 0
1 17512 -40.7429 -36.881 -10.4352 0.596256 1.2 1 0 0
1 17517 -38.4292 -30.9086 -1.69638 1.5 1.2 1 0 0
1 17518 -39.3204 -30.5535 -3.67641 0.700196 1.2 1 0 0
1 17520 -40.0753 -33.2465 -3.15848 1.5 1.2 1 0 0
1 17522 -38.3567 -31.4794 -5.45839 1.5 1.2 1 0 0
1 17526 -40.6185 -28.7969 -3.40334 1.5 1.2 1 0 0
1 17527 -40.0877 -30.7135 -2.72527 0.461432 1.2 1 0 0
1 17528 -42.0894 -31.2676 -1.94428 1.5 1.2 1 0 0
1 17529 -43.1563 -33.22 -2.19524 0.658033 1.2 1 0 0
1 17530 -43.2568 -30.157 -2.49241 0.201945 1.2 1 0 0
1 17531 -42.7373 -28.9391 -0.022544 0.84722 1.2 1 0 0
1 17532 -40.3399 -30.6222 -1.25445 0.481897 1.2 1 0 0
1 17533 -42.3659 -28.563 -1.77736 0.898284 1.2 1 0 0
1 17534 -40.935 -31.1584 -4.12597 0.956164 1.2 1 0 0
1 17535 -42.4788 -31.2119 -5.38071 0.529165 1.2 1 0 0
1 17536 -42.0312 -32.7748 -4.98994 1.14239 1.2 1 0 0
1 17538 -41.6475 -27.9959 -0.679862 0.525898 1.2 1 0 0
1 17539 -41.8765 -26.4863 0.507982 1.40861 1.2 1 0 0
1 17540 -41.8035 -26.5784 -2.42791 1.17086 1.2 1 0 0
1 17542 -40.4387 -29.3425 0.260106 1.5 1.2 1 0 0
1 17543 -39.0711 -26.7974 0.852083 1.41754 1.2 1 0 0
1 17544 -41.9907 -24.6962 -2.84681 0.765411 1.2 1 0 0
1 17545 -40.3225 -25.4429 -4.1817 1.38312 1.2 1 0 0
1 17549 -39.4228 -29.5694 -5.09783 0.708926 1.2 1 0 0
1 17550 -39.8389 -30.5342 -4.66506 0.415539 1.2 1 0 0
1 17552 -41.0767 -27.6435 -5.76514 1.12832 1.2 1 0 0
1 17555 -39.7693 -27.3045 -4.69205 0.596674 1.2 1 0 0
1 17557 -41.1718 -28.5704 -6.99112 0.3865 1.2 1 0 0
1 17558 -41.2216 -30.3084 -8.41311 0.478428 1.2 1 0 0
1 17561 -38.805 -36.1105 -10.6481 1.5 1.2 1 0 0
1 17562 -39.3541 -38.3424 -11.9279 1.07231 1.2 1 0 0
1 17563 -38.4551 -36.4469 -13.1584 1.02201 1.2 1 0 0
1 17575 -39.8932 -30.3825 -10.4895 0.752578 1.2 1 0 0
1 17576 -40.7426 -30.8247 -10.0807 0.288619 1.2 1 0 0
1 17577 -40.2397 -31.7994 -8.98209 1.25466 1.2 1 0 0
1 17578 -40.6937 -32.4957 -10.4532 0.433906 1.2 1 0 0
1 17580 -37.7399 -31.1337 -10.9171 1.5 1.2 1 0 0
1 17582 -39.9483 -34.6986 -11.6978 0.598178 1.2 1 0 0
1 17583 -40.283 -33.9338 -10.0793 1.10775 1.2 1 0 0
1 17584 -39.7231 -32.3639 -11.3123 0.865851 1.2 1 0 0
1 17588 -38.4346 -33.9362 -12.6587 1.34522 1.2 1 0 0
1 25086 -41.4408 -46.1581 -5.62556 0.309833 1.2 1 0 0
1 25087 -41.4088 -46.4118 -4.89392 0.458423 1.2 1 0 0
1 25088 -41.7138 -43.0612 -4.65536 1.00942 1.2 1 0 0
1 25089 -41.2228 -43.3841 -6.60233 0.927909 1.2 1 0 0
1 25091 -40.2639 -44.6331 -2.80519 0.932216 1.2 1 0 0
1 25092 -41.792 -47.0174 -3.15382 0.527343 1.2 1 0 0
1 25093 -41.9488 -45.9342 -2.05021 0.764915 1.2 1 0 0
1 25094 -40.8554 -46.9204 -5.87647 0.582452 1.2 1 0 0
1 25095 -40.3889 -46.7832 -7.05739 0.644759 1.2 1 0 0
1 25097 -39.749 -47.0173 -5.90276 0.512043 1.2 1 0 0
1 25114 -40.69 -41.4959 -8.97873 0.935408 1.2 1 0 0
1 25115 -40.9372 -40.5851 -9.97512 0.406981 1.2 1 0 0
1 25116 -40.3209 -42.1674 -10.9972 0.158897 1.2 1 0 0
1 25117 -40.47 -41.0528 -10.5448 0.46572 1.2 1 0 0
1 25118 -39.1313 -44.1912 -10.5636 0.850219 1.2 1 0 0
1 25143 -40.3539 -51.9435 2.35736 0.261354 1.2 1 0 0
1 25144 -39.8554 -52.0832 3.77929 0.887487 1.2 1 0 0
1 25148 -40.3413 -52.0066 -1.32377 0.666281 1.2 1 0 0
1 25149 -40.711 -51.969 -0.457532 0.0509771 1.2 1 0 0
1 25150 -40.2673 -50.2019 0.585603 0.52528 1.2 1 0 0
1 25151 -39.554 -51.8076 0.623814 1.00576 1.2 1 0 0
1 25154 -41.3578 -47.1833 6.13675 0.481852 1.2 1 0 0
1 25155 -40.7818 -46.6973 6.16002 0.231465 1.2 1 0 0
1 25156 -41.2411 -47.1867 2.63799 1.13186 1.2 1 0 0
1 25157 -41.3839 -46.1776 3.82722 0.383636 1.2 1 0 0
1 25159 -39.8772 -50.2564 5.2784 1.05088 1.2 1 0 0
1 25160 -41.1498 -48.7842 4.16647 0.751281 1.2 1 0 0
1 25161 -40.9603 -49.1683 5.4719 0.496512 1.2 1 0 0
1 25162 -39.5751 -47.7304 5.4656 1.5 1.2 1 0 0
1 25164 -39.9872 -48.0701 3.42095 0.586833 1.2 1 0 0
1 25165 -40.0592 -49.9875 2.60058 1.5 1.2 1 0 0
1 25169 -38.6185 -46.8898 3.0085 0.970474 1.2 1 0 0
1 25180 -41.0965 -49.0705 0.628857 0.718958 1.2 1 0 0
1 25181 -39.9816 -49.3715 0.418897 0.365534 1.2 1 0 0
1 25182 -40.9745 -47.1315 0.210825 0.297682 1.2 1 0 0
1 25183 -41.7848 -47.3102 0.846815 0.744099 1.2 1 0 0
1 25184 -40.9743 -47.7575 -1.67239 1.1308 1.2 1 0 0
1 25185 -41.4247 -48.9759 -3.13526 0.440759 1.2 1 0 0
1 25186 -41.0646 -49.5214 -2.3815 0.556958 1.2 1 0 0
1 25187 -38.0944 -44.8845 0.760867 1.5 1.2 1 0 0
1 25189 -41.0867 -45.3505 -0.012374 1.5 1.2 1 0 0
1 25191 -38.714 -46.4503 -2.33403 1.5 1.2 1 0 0
1 25196 -40.1578 -51.5155 -2.46951 0.565268 1.2 1 0 0
1 25197 -40.4319 -50.3691 -3.40334 0.913702 1.2 1 0 0
1 25212 -39.4018 -50.3983 -6.73479 0.750386 1.2 1 0 0
1 25406 -38.6044 -47.9871 10.2422 0.996336 1.2 1 0 0
1 25416 -40.1039 -49.3256 6.92131 0.723379 1.2 1 0 0
1 25418 -39.2916 -49.0104 8.84292 0.750043 1.2 1 0 0
1 25419 -38.4156 -50.8056 7.96934 1.19663 1.2 1 0 0
1 25438 -38.3626 -52.2857 5.65044 1.5 1.2 1 0 0
1 27698 -41.923 -19.0738 0.527512 0.632631 1.2 1 0 0
1 27699 -41.5182 -19.7347 -0.045517 0.27855 1.2 1 0 0
1 27700 -38.3306 -19.7651 -0.848008 1.21426 1.2 1 0 0
1 27704 -40.6713 -22.1613 0.596754 0.396051 1.2 1 0 0
1 27705 -41.2814 -23.3765 1.91813 1.5 1.2 1 0 0
1 27712 -40.1763 -17.317 5.65553 0.377136 1.2 1 0 0
1 27730 -40.4408 -23.2055 -5.04982 0.469031 1.2 1 0 0
1 27731 -41.5797 -22.5132 -4.9781 0.36417 1.2 1 0 0
1 27732 -41.3064 -22.8993 -5.64081 0.450102 1.2 1 0 0
1 27733 -39.3616 -17.8674 -6.15664 0.835606 1.2 1 0 0
1 27734 -40.2503 -18.5705 -5.493 0.47761 1.2 1 0 0
1 27739 -41.4284 -45.5888 7.36482 0.456225 1.2 1 0 0
1 27740 -40.8816 -46.704 7.23287 0.723073 1.2 1 0 0
1 27742 -39.3544 -40.1156 4.15557 0.628245 1.2 1 0 0
1 27743 -42.8439 -37.8218 5.54748 0.92168 1.2 1 0 0
1 27744 -41.2877 -37.5916 5.28823 0.667159 1.2 1 0 0
1 27746 -40.9056 -33.4943 4.68759 0.47455 1.2 1 0 0
1 27747 -41.2472 -30.2616 9.90218 0.94193 1.2 1 0 0
1 27748 -40.2056 -31.2357 9.99596 0.467099 1.2 1 0 0
1 27749 -40.5302 -30.948 10.4834 0.185022 1.2 1 0 0
1 27750 -41.6668 -30.3796 11.0864 0.314496 1.2 1 0 0
1 27758 -38.7353 -42.3235 1.26863 1.04424 1.2 1 0 0
1 27759 -38.9742 -40.217 1.67536 0.753021 1.2 1 0 0
1 27762 -39.9043 -39.7486 1.01491 0.393323 1.2 1 0 0
1 27763 -40.7607 -39.3281 0.50714 0.650033 1.2 1 0 0
1 27764 -40.7959 -40.6075 -0.090907 0.317336 1.2 1 0 0
1 27765 -40.8446 -39.6566 -0.506803 0.416621 1.2 1 0 0
1 27766 -41.9446 -38.5865 3.49006 0.568041 1.2 1 0 0
1 27767 -41.1009 -39.2789 2.83476 0.704998 1.2 1 0 0
1 27770 -39.2661 -39.8866 -3.81497 0.740105 1.2 1 0 0
1 27784 -39.4 -26.2542 5.19525 0.730617 1.2 1 0 0
1 27785 -40.1332 -25.6508 4.78547 0.275666 1.2 1 0 0
1 27787 -40.654 -26.4881 3.30874 1.5 1.2 1 0 0
1 27789 -39.1229 -28.0875 11.2067 1.5 1.2 1 0 0
1 27790 -40.2369 -28.9648 9.46532 0.740607 1.2 1 0 0
1 27791 -39.79 -27.6334 9.22453 0.636013 1.2 1 0 0
1 27792 -38.5789 -22.1741 6.45424 0.999601 1.2 1 0 0
1 27821 -38.205 -31.7345 13.9454 1.5 1.2 1 0 0
1 27823 -41.0302 -27.9283 12.6593 0.381028 1.2 1 0 0
1 27824 -40.8468 -28.8233 12.6164 0.533493 1.2 1 0 0
1 27835 -40.8819 -19.4071 11.458 0.560925 1.2 1 0 0
1 27836 -40.8235 -20.1789 11.2763 0.21905 1.2 1 0 0
1 27839 -40.6395 -18.2147 10.4806 0.788449 1.2 1 0 0
1 27847 -41.1814 -18.2788 7.25676 0.971424 1.2 1 0 0
1 27848 -41.9447 -19.5474 7.30507 0.395859 1.2 1 0 0
1 27849 -41.1125 -19.6921 4.71924 0.326014 1.2 1 0 0
1 27850 -40.5356 -20.2191 5.68877 0.233703 1.2 1 0 0
1 27852 -40.4424 -19.741 5.1277 0.456118 1.2 1 0 0
1 27864 -40.6296 -24.5057 -7.81864 0.484294 1.2 1 0 0
1 27865 -43.1308 -35.444 -5.13986 0.391394 1.2 1 0 0
1 27866 -42.8849 -36.4367 -4.38564 0.856049 1.2 1 0 0
1 27871 -40.1547 -34.2027 -4.77537 0.373253 1.2 1 0 0
1 27872 -40.4629 -33.279 -5.163 0.513208 1.2 1 0 0
1 27873 -40.9825 -35.0651 -2.87499 0.472066 1.2 1 0 0
1 27875 -39.9216 -35.9806 -4.48819 0.39886 1.2 1 0 0
1 27876 -39.5759 -36.3823 -5.40279 0.658203 1.2 1 0 0
1 27877 -39.8036 -36.0948 -6.43285 0.39465 1.2 1 0 0
1 27880 -39.7488 -35.375 -7.02924 0.516903 1.2 1 0 0
1 27881 -38.7191 -33.9122 -7.97182 1.5 1.2 1 0 0
1 27882 -40.7135 -32.8892 -6.74102 1.05209 1.2 1 0 0
1 27890 -39.2784 -40.3128 -7.19852 0.703577 1.2 1 0 0
1 27891 -40.2569 -40.5598 -7.91844 0.536095 1.2 1 0 0
1 27892 -41.3475 -39.9323 -9.41294 0.343262 1.2 1 0 0
1 27893 -41.5084 -40.0955 -8.31461 0.590674 1.2 1 0 0
1 27894 -41.3401 -36.2083 -9.95812 0.269807 1.2 1 0 0
1 27895 -40.7832 -35.5421 -10.2807 0.585268 1.2 1 0 0
1 27896 -40.4224 -36.2296 -10.0259 0.231867 1.2 1 0 0
1 27901 -42.3778 -30.3492 -4.43704 0.726206 1.2 1 0 0
1 27902 -42.0235 -29.1044 -5.03015 0.670471 1.2 1 0 0
1 27908 -37.9754 -27.3886 -3.60879 1.5 1.2 1 0 0
1 27909 -40.4757 -27.5166 0.079884 0.335166 1.2 1 0 0
1 27910 -39.8619 -27.2414 -1.49028 1.07911 1.2 1 0 0
1 27916 -41.6153 -25.0364 -5.4144 0.437977 1.2 1 0 0
1 27917 -39.091 -31.1037 -7.52837 0.724448 1.2 1 0 0
1 27918 -40.9758 -30.3673 -6.45088 1.5 1.2 1 0 0
1 27919 -39.9239 -30.6409 -7.91624 0.303979 1.2 1 0 0
1 43476 -37.6237 -36.5959 15.4486 1.5 1.2 3 0 0
1 43477 -39.626 -36.0652 14.3038 0.866731 1.2 3 0 0
1 43481 -38.5044 -39.1241 14.3202 1.38647 1.2 3 0 0
1 43482 -39.4588 -40.4108 11.9191 1.5 1.2 3 0 0
1 43488 -40.2612 -24.6829 -1.10396 1.5 1.2 3 0 0
1 43489 -39.6884 -21.4836 -2.47327 1.5 1.2 3 0 0
1 43490 -41.1383 -35.0985 9.72701 1.40162 1.2 3 0 0
1 43491 -38.9896 -35.0317 8.77545 0.949305 1.2 3 0 0
1 43492 -41.1126 -34.8441 7.87963 0.463372 1.2 3 0 0
1 43495 -39.775 -23.5015 8.25594 1.5 1.2 3 0 0
1 43497 -40.3635 -21.6821 4.77461 1.5 1.2 3 0 0
1 46818 -39.3541 -51.6905 -5.75276 0.845862 1.2 3 0 0
1 46819 -39.262 -52.4372 -3.80019 1.24386 1.2 3 0 0
1 46821 -40.2039 -51.2146 -4.66958 0.527531 1.2 3 0 0
1 46822 -39.0959 -54.648 -3.25048 0.69757 1.2 3 0 0
1 46825 -38.6748 -53.4964 -1.33806 1.5 1.2 3 0 0
1 46827 -38.0494 -49.9872 -4.78137 1.5 1.2 3 0 0
1 46867 -40.2516 -48.0384 -4.28581 1.44887 1.2 3 0 0
1 46869 -40.2342 -50.0696 -5.14275 0.711371 1.2 3 0 0
1 46870 -40.0011 -45.1116 -5.29772 1.5 1.2 3 0 0
1 46871 -41.8304 -44.3881 -5.44871 0.469146 1.2 3 0 0
1 46872 -40.7291 -46.281 -2.55184 0.533891 1.2 3 0 0
1 46873 -41.4565 -45.7803 -3.59326 0.827653 1.2 3 0 0
1 46874 -38.8329 -48.2682 -7.18515 1.5 1.2 3 0 0
1 46878 -40.0616 -42.8243 -5.33995 0.780368 1.2 3 0 0
1 46881 -38.9844 -44.2113 -1.62307 0.859771 1.2 3 0 0
1 46882 -38.4484 -43.9381 -3.53955 1.1228 1.2 3 0 0
1 46888 -39.4497 -45.349 -8.28728 1.45299 1.2 3 0 0
1 46891 -40.8221 -43.6967 -8.14934 0.699408 1.2 3 0 0
1 46892 -39.1123 -42.5089 -7.42448 1.5 1.2 3 0 0
1 46908 -38.1018 -53.2454 2.48427 1.48902 1.2 3 0 0
1 46916 -40.97 -46.9063 4.67279 0.300101 1.2 3 0 0
1 46917 -41.8427 -46.9283 4.26121 0.596308 1.2 3 0 0
1 46921 -41.1881 -49.424 -0.741311 0.39748 1.2 3 0 0
1 46922 -39.4231 -47.6799 0.847847 1.46677 1.2 3 0 0
1 46923 -39.417 -50.0121 -1.24269 1.5 1.2 3 0 0
1 47941 -39.7363 -40.0983 -11.5759 0.716254 1.2 3 0 0
1 47942 -38.6994 -41.8898 -10.7839 1.5 1.2 3 0 0
1 48574 -38.9483 -34.4538 15.1852 1.01158 1.2 3 0 0
1 48858 -39.0282 -41.1718 13.9981 0.750513 1.2 3 0 0
1 48901 -38.1459 -43.0138 13.0529 1.5 1.2 3 0 0
1 48918 -40.1533 -44.9719 11.0361 0.463776 1.2 3 0 0
1 48922 -39.1053 -45.0334 11.9683 0.865764 1.2 3 0 0
1 48924 -40.1475 -44.1609 11.7606 0.410967 1.2 3 0 0
1 48925 -39.2423 -43.4065 10.2562 1.5 1.2 3 0 0
1 48926 -39.5436 -46.0464 9.65457 1.22407 1.2 3 0 0
1 48977 -39.3905 -18.3314 -0.107963 0.716167 1.2 3 0 0
1 48979 -39.3065 -16.1895 0.274032 0.676348 1.2 3 0 0
1 48981 -40.9646 -18.7989 -1.06734 1.17348 1.2 3 0 0
1 48982 -41.8228 -20.6883 -0.662864 0.897535 1.2 3 0 0
1 48983 -40.7954 -20.1678 -0.595742 0.25416 1.2 3 0 0
1 48984 -41.5954 -17.4422 -0.534744 0.413927 1.2 3 0 0
1 48985 -40.8465 -17.3661 1.16063 1.44106 1.2 3 0 0
1 48986 -40.8449 -16.5111 -0.927867 0.81567 1.2 3 0 0
1 48987 -41.2439 -19.804 -2.73706 0.795317 1.2 3 0 0
1 48988 -40.0368 -20.2122 -0.946862 0.513592 1.2 3 0 0
1 48989 -39.5497 -19.3356 -2.28051 0.661051 1.2 3 0 0
1 48992 -39.0088 -22.5363 0.119504 1.2616 1.2 3 0 0
1 48993 -41.0265 -24.8698 0.659006 0.423998 1.2 3 0 0
1 48994 -41.3236 -25.3346 1.8663 0.456098 1.2 3 0 0
1 48995 -42.3334 -24.3602 -0.056304 0.83099 1.2 3 0 0
1 48996 -42.2764 -21.9961 3.57708 0.775824 1.2 3 0 0
1 48997 -39.1505 -22.6596 2.88707 0.946438 1.2 3 0 0
1 48998 -40.336 -22.592 3.2149 0.285466 1.2 3 0 0
1 49000 -40.3866 -25.276 1.36066 0.608834 1.2 3 0 0
1 49001 -38.9741 -24.5255 1.91275 1.07225 1.2 3 0 0
1 49006 -41.9482 -20.0758 3.85292 0.937179 1.2 3 0 0
1 49007 -41.9117 -19.1056 2.31745 0.87945 1.2 3 0 0
1 49008 -40.462 -18.1491 3.99111 1.5 1.2 3 0 0
1 49009 -41.8101 -16.9427 2.89036 0.583382 1.2 3 0 0
1 49010 -38.628 -19.9209 4.17336 1.04405 1.2 3 0 0
1 49011 -40.5731 -20.0606 3.76061 0.423935 1.2 3 0 0
1 49012 -39.8135 -20.0709 3.08334 0.571104 1.2 3 0 0
1 49014 -40.2162 -20.237 1.05857 1.5 1.2 3 0 0
1 49020 -38.2031 -23.9407 -3.01975 1.36715 1.2 3 0 0
1 49021 -41.3459 -22.4973 -0.673193 0.973291 1.2 3 0 0
1 49022 -41.4164 -22.6701 -2.14468 0.509395 1.2 3 0 0
1 49023 -41.6801 -21.4005 -3.23475 0.623855 1.2 3 0 0
1 49024 -41.2935 -23.1559 -3.68224 1.10778 1.2 3 0 0
1 49038 -38.0082 -16.9513 4.21104 1.23939 1.2 3 0 0
1 49044 -41.5441 -16.4906 4.67396 0.594699 1.2 3 0 0
1 49045 -40.5786 -15.2965 5.58558 1.19065 1.2 3 0 0
1 49046 -40.7501 -16.3958 2.91332 0.56326 1.2 3 0 0
1 49064 -39.1262 -15.248 2.30849 1.5 1.2 3 0 0
1 49089 -41.0612 -20.2814 -4.11208 0.671641 1.2 3 0 0
1 49090 -40.3839 -21.5594 -5.30936 1.1984 1.2 3 0 0
1 49094 -38.3455 -19.7429 -5.19026 1.5 1.2 3 0 0
1 49095 -40.4694 -19.692 -5.34616 0.625496 1.2 3 0 0
1 49096 -39.6264 -21.3674 -7.38366 1.00237 1.2 3 0 0
1 49101 -40.0682 -17.4697 -4.95437 0.611827 1.2 3 0 0
1 49102 -40.3091 -18.7313 -3.90741 1.04517 1.2 3 0 0
1 49103 -40.9849 -17.3067 -2.35551 0.559507 1.2 3 0 0
1 49106 -38.9491 -17.2733 -2.0347 1.5 1.2 3 0 0
1 49107 -39.3541 -16.0081 -4.50194 1.07052 1.2 3 0 0
1 49113 -38.5271 -19.5219 -7.84114 1.16627 1.2 3 0 0
1 49124 -41.4459 -42.6375 6.20207 1.5 1.2 3 0 0
1 49125 -41.7111 -44.714 6.71059 0.654215 1.2 3 0 0
1 49126 -41.1447 -44.0894 7.10481 0.234378 1.2 3 0 0
1 49127 -41.4907 -44.1592 7.90733 0.637166 1.2 3 0 0
1 49128 -39.6013 -44.8763 7.1873 1.5 1.2 3 0 0
1 49129 -41.3541 -45.8146 5.39968 1.06653 1.2 3 0 0
1 49130 -40.4133 -46.289 6.33272 0.339988 1.2 3 0 0
1 49131 -39.7006 -45.6501 5.26763 0.57214 1.2 3 0 0
1 49132 -40.5952 -44.3348 5.30825 0.597268 1.2 3 0 0
1 49134 -40.5246 -41.3449 5.27322 0.336869 1.2 3 0 0
1 49135 -39.556 -41.1445 6.1333 0.909512 1.2 3 0 0
1 49136 -41.4254 -39.7515 5.11915 1.5 1.2 3 0 0
1 49137 -42.8333 -41.5772 4.68173 0.756652 1.2 3 0 0
1 49138 -42.9822 -40.0731 3.15124 0.982815 1.2 3 0 0
1 49139 -42.2254 -40.632 7.18489 0.842594 1.2 3 0 0
1 49140 -40.7938 -40.7834 6.79569 0.533731 1.2 3 0 0
1 49141 -39.7494 -38.7274 6.50608 0.904375 1.2 3 0 0
1 49142 -42.0312 -38.891 7.49781 0.936053 1.2 3 0 0
1 49143 -40.3201 -40.3209 3.43229 0.595527 1.2 3 0 0
1 49145 -39.2315 -42.3993 7.85882 1.09288 1.2 3 0 0
1 49149 -40.7818 -44.6076 9.14077 0.742401 1.2 3 0 0
1 49150 -41.0215 -42.9935 8.75106 0.866833 1.2 3 0 0
1 49151 -41.1982 -43.1272 10.0527 0.45358 1.2 3 0 0
1 49152 -39.548 -41.4222 10.1463 0.510694 1.2 3 0 0
1 49153 -40.9578 -41.6238 10.6507 0.803108 1.2 3 0 0
1 49154 -41.2805 -39.829 10.8243 0.703146 1.2 3 0 0
1 49155 -41.7329 -40.8351 10.1218 0.386681 1.2 3 0 0
1 49156 -41.496 -41.4599 7.64878 0.354345 1.2 3 0 0
1 49157 -40.5169 -40.333 8.75949 1.5 1.2 3 0 0
1 49158 -39.7313 -42.1019 3.97865 1.34961 1.2 3 0 0
1 49161 -42.1687 -43.1156 3.56671 1.25618 1.2 3 0 0
1 49162 -42.1848 -45.3842 3.81554 0.701445 1.2 3 0 0
1 49163 -42.1458 -44.6223 2.01852 0.903411 1.2 3 0 0
1 49164 -40.0805 -44.902 3.35584 1.5 1.2 3 0 0
1 49165 -41.7576 -44.5169 4.58084 0.520082 1.2 3 0 0
1 49166 -40.7119 -43.5241 1.48382 0.890571 1.2 3 0 0
1 49167 -41.7589 -43.1792 1.95094 0.306675 1.2 3 0 0
1 49172 -42.6377 -35.7131 4.63318 1.38597 1.2 3 0 0
1 49173 -41.4381 -36.2715 3.82154 0.166308 1.2 3 0 0
1 49174 -40.2536 -35.7128 2.91721 0.16217 1.2 3 0 0
1 49175 -40.9642 -34.212 2.8235 1.5 1.2 3 0 0
1 49177 -40.7528 -32.1281 3.09312 0.611881 1.2 3 0 0
1 49178 -39.5491 -32.4528 4.34522 1.13744 1.2 3 0 0
1 49182 -40.7271 -31.0864 1.00453 0.417269 1.2 3 0 0
1 49183 -40.344 -31.7336 -0.277193 0.952494 1.2 3 0 0
1 49185 -39.0847 -31.5051 1.92797 1.5 1.2 3 0 0
1 49186 -41.1535 -28.1239 1.9383 0.691699 1.2 3 0 0
1 49187 -42.5336 -29.3877 1.95086 1.1667 1.2 3 0 0
1 49188 -42.9971 -27.9963 1.05571 0.549944 1.2 3 0 0
1 49189 -41.0392 -30.68 1.91919 0.594293 1.2 3 0 0
1 49190 -40.5937 -30.9801 2.50874 0.200015 1.2 3 0 0
1 49191 -41.1095 -29.8037 2.19338 0.326613 1.2 3 0 0
1 49192 -43.3523 -30.4385 1.02393 0.39858 1.2 3 0 0
1 49193 -43.0754 -30.3717 0.040398 0.625374 1.2 3 0 0
1 49194 -41.9052 -30.5865 -0.113106 0.458933 1.2 3 0 0
1 49195 -38.9863 -30.6323 5.87796 1.13369 1.2 3 0 0
1 49198 -39.0573 -28.0793 4.78415 1.17129 1.2 3 0 0
1 49199 -40.9512 -30.1907 3.97168 1.5 1.2 3 0 0
1 49200 -42.4486 -32.5003 4.86317 1.36928 1.2 3 0 0
1 49201 -42.0232 -29.9993 6.49243 1.24592 1.2 3 0 0
1 49202 -40.6623 -30.9543 5.77971 0.483799 1.2 3 0 0
1 49203 -42.4046 -28.1666 4.29143 1.01233 1.2 3 0 0
1 49204 -40.8877 -27.7643 5.07373 0.690549 1.2 3 0 0
1 49205 -41.1276 -28.704 5.93048 0.421419 1.2 3 0 0
1 49206 -39.9988 -29.3176 5.51343 0.452193 1.2 3 0 0
1 49207 -38.9507 -28.8665 2.50656 1.2046 1.2 3 0 0
1 49208 -40.6252 -28.4618 3.03325 0.49305 1.2 3 0 0
1 49209 -40.9888 -34.3078 0.754467 0.569789 1.2 3 0 0
1 49210 -40.6871 -33.2039 1.06892 0.522074 1.2 3 0 0
1 49211 -41.0427 -33.1526 -0.031037 0.546377 1.2 3 0 0
1 49212 -39.1094 -33.8521 -0.01707 1.5 1.2 3 0 0
1 49213 -43.5053 -34.0639 0.702318 0.598074 1.2 3 0 0
1 49214 -41.4424 -35.2036 0.987596 0.460628 1.2 3 0 0
1 49215 -42.9423 -35.5168 1.56919 1.17825 1.2 3 0 0
1 49216 -44.0103 -35.8157 2.42387 0.221959 1.2 3 0 0
1 49217 -42.3673 -32.0748 1.09655 1.5 1.2 3 0 0
1 49218 -40.861 -32.4985 2.1091 0.359294 1.2 3 0 0
1 49219 -43.3707 -32.9267 -0.521363 0.58567 1.2 3 0 0
1 49220 -42.2353 -34.6461 -0.862913 1.5 1.2 3 0 0
1 49221 -40.8903 -32.9283 -1.19551 0.649126 1.2 3 0 0
1 49222 -41.82 -32.7523 -0.646108 0.445024 1.2 3 0 0
1 49224 -39.9466 -33.7326 8.71284 0.629784 1.2 3 0 0
1 49225 -41.0588 -37.8333 10.1104 1.32474 1.2 3 0 0
1 49226 -39.4752 -38.2108 8.64432 0.866096 1.2 3 0 0
1 49229 -38.7863 -30.6665 8.97546 1.36258 1.2 3 0 0
1 49231 -41.5973 -31.247 11.8095 0.172904 1.2 3 0 0
1 49232 -41.6541 -32.7455 9.50718 0.984107 1.2 3 0 0
1 49233 -39.4256 -32.9316 10.6163 1.5 1.2 3 0 0
1 49236 -40.5385 -32.2089 7.31162 1.5 1.2 3 0 0
1 49237 -41.2362 -29.9288 8.28307 0.710857 1.2 3 0 0
1 49238 -40.6338 -30.2784 7.3673 0.405283 1.2 3 0 0
1 49242 -40.9709 -35.0798 12.6878 0.506747 1.2 3 0 0
1 49243 -41.0987 -36.3723 10.9097 0.337038 1.2 3 0 0
1 49244 -41.5127 -36.137 11.5786 0.483818 1.2 3 0 0
1 49245 -41.8554 -36.4416 10.8098 0.408956 1.2 3 0 0
1 49246 -39.911 -33.7929 13.082 1.15653 1.2 3 0 0
1 49248 -41.4972 -33.4454 10.9568 0.633198 1.2 3 0 0
1 49249 -40.7564 -32.2258 12.746 0.588321 1.2 3 0 0
1 49250 -39.5504 -36.2671 11.9135 1.5 1.2 3 0 0
1 49251 -39.4204 -38.4544 11.0282 0.649991 1.2 3 0 0
1 49252 -40.6772 -38.4356 12.2583 0.845383 1.2 3 0 0
1 49254 -39.6474 -34.8112 5.42737 1.45916 1.2 3 0 0
1 49256 -42.84 -35.7672 6.71437 0.693576 1.2 3 0 0
1 49257 -42.1827 -34.1609 7.02078 1.06874 1.2 3 0 0
1 49258 -40.9524 -36.7153 7.30597 1.5 1.2 3 0 0
1 49259 -41.4859 -35.0244 5.96108 0.465596 1.2 3 0 0
1 49260 -40.8872 -36.4228 5.15983 0.574951 1.2 3 0 0
1 49261 -39.4648 -37.1476 5.60283 0.802252 1.2 3 0 0
1 49262 -40.0444 -36.4585 4.99331 0.284951 1.2 3 0 0
1 49263 -40.2492 -36.3804 5.66721 0.23857 1.2 3 0 0
1 49266 -38.4024 -36.4427 -0.506683 1.06686 1.2 3 0 0
1 49267 -40.0558 -36.1204 0.981071 1.15274 1.2 3 0 0
1 49268 -39.8441 -36.2386 -0.564835 0.390344 1.2 3 0 0
1 49269 -40.4502 -34.9707 -0.644236 0.327503 1.2 3 0 0
1 49270 -40.6306 -35.8084 -0.553969 0.485579 1.2 3 0 0
1 49272 -39.2302 -38.3148 1.09698 1.19246 1.2 3 0 0
1 49276 -39.8184 -35.5545 -1.91132 1.11647 1.2 3 0 0
1 49278 -39.0577 -40.4253 -0.595856 1.5 1.2 3 0 0
1 49279 -43.817 -40.0442 -0.880554 0.175973 1.2 3 0 0
1 49280 -42.2688 -40.7698 -1.14391 1.5 1.2 3 0 0
1 49281 -42.0017 -39.8212 0.553204 0.462129 1.2 3 0 0
1 49282 -43.1504 -40.4051 1.00382 0.829138 1.2 3 0 0
1 49283 -40.6926 -41.3902 -0.225827 0.402835 1.2 3 0 0
1 49284 -41.0291 -41.1416 1.63044 1.5 1.2 3 0 0
1 49285 -40.033 -42.9216 -0.437998 1.18161 1.2 3 0 0
1 49286 -42.0302 -43.6894 -1.99792 1.22641 1.2 3 0 0
1 49287 -42.3806 -42.9776 0.407535 1.08707 1.2 3 0 0
1 49288 -41.4448 -43.5722 -0.529711 0.35826 1.2 3 0 0
1 49289 -41.9793 -39.1309 -0.09307 0.468265 1.2 3 0 0
1 49290 -42.5653 -38.2167 1.55232 1.5 1.2 3 0 0
1 49291 -40.7919 -38.324 0.815972 0.394277 1.2 3 0 0
1 49292 -42.9768 -37.0338 -2.31324 1.12285 1.2 3 0 0
1 49293 -43.7177 -35.9058 -1.09016 0.45858 1.2 3 0 0
1 49294 -43.638 -36.1172 0.039046 0.60315 1.2 3 0 0
1 49295 -43.8681 -35.333 -0.446276 0.314843 1.2 3 0 0
1 49296 -40.1968 -37.3019 3.40124 1.5 1.2 3 0 0
1 49297 -44.0542 -38.2404 2.2825 0.1585 1.2 3 0 0
1 49298 -41.4599 -36.4884 1.94004 0.586995 1.2 3 0 0
1 49299 -40.8175 -37.8016 -1.01801 1.5 1.2 3 0 0
1 49300 -42.4459 -36.6145 0.068695 0.686919 1.2 3 0 0
1 49301 -41.3621 -36.1964 -8e-05 0.476712 1.2 3 0 0
1 49302 -41.3508 -36.15 -0.726237 0.250087 1.2 3 0 0
1 49303 -38.2319 -38.4973 -2.56234 1.37504 1.2 3 0 0
1 49305 -41.8684 -39.3151 -3.94988 1.5 1.2 3 0 0
1 49306 -42.4764 -41.5863 -3.4127 0.911687 1.2 3 0 0
1 49307 -41.4329 -40.7024 -2.79801 0.348294 1.2 3 0 0
1 49308 -41.3122 -38.0196 -2.76436 0.312768 1.2 3 0 0
1 49309 -40.4531 -38.1785 -2.87612 0.43065 1.2 3 0 0
1 49310 -40.0864 -39.6336 -2.5298 0.800112 1.2 3 0 0
1 49311 -40.5594 -40.5201 -1.90032 0.385563 1.2 3 0 0
1 49312 -40.1317 -42.0011 -2.98828 1.5 1.2 3 0 0
1 49313 -40.2406 -40.4984 -4.48204 0.581641 1.2 3 0 0
1 49314 -41.1369 -41.1526 -4.5209 0.514983 1.2 3 0 0
1 49318 -39.137 -15.5193 12.6578 1.12366 1.2 3 0 0
1 49361 -41.3311 -24.7293 10.6095 0.500451 1.2 3 0 0
1 49362 -40.83 -25.9198 9.30489 1.33541 1.2 3 0 0
1 49363 -41.0224 -23.672 10.0754 0.712633 1.2 3 0 0
1 49364 -41.5604 -22.9372 9.35877 0.446164 1.2 3 0 0
1 49365 -38.7291 -26.0761 7.51311 1.21743 1.2 3 0 0
1 49367 -41.1112 -26.9488 7.67646 0.585442 1.2 3 0 0
1 49368 -40.1098 -25.3164 7.8251 0.389123 1.2 3 0 0
1 49370 -39.2966 -24.2996 4.47788 1.32821 1.2 3 0 0
1 49371 -42.4941 -25.413 2.36588 0.818953 1.2 3 0 0
1 49372 -42.0608 -24.3244 4.13332 1.03242 1.2 3 0 0
1 49373 -40.8526 -24.7283 4.63322 0.293178 1.2 3 0 0
1 49374 -42.0312 -27.7546 6.32287 0.946779 1.2 3 0 0
1 49375 -41.1936 -25.4324 6.24713 1.5 1.2 3 0 0
1 49377 -40.1741 -24.6463 2.86376 0.432085 1.2 3 0 0
1 49379 -41.1382 -28.7546 11.4813 0.640504 1.2 3 0 0
1 49380 -40.266 -30.5725 11.9205 1.32363 1.2 3 0 0
1 49382 -41.2357 -27.7568 10.3574 0.800976 1.2 3 0 0
1 49383 -40.8604 -26.5689 11.4995 0.815733 1.2 3 0 0
1 49384 -41.0542 -25.6002 11.099 0.250324 1.2 3 0 0
1 49385 -40.6603 -25.7613 10.8578 0.234792 1.2 3 0 0
1 49387 -41.6187 -27.8989 8.66357 0.873699 1.2 3 0 0
1 49388 -39.7917 -28.5705 7.30507 1.5 1.2 3 0 0
1 49392 -40.8059 -22.6358 6.4349 0.447612 1.2 3 0 0
1 49393 -41.7414 -23.2163 7.30507 0.690378 1.2 3 0 0
1 49394 -41.9301 -23.2163 5.73525 0.890743 1.2 3 0 0
1 49395 -40.0742 -23.4201 6.10299 0.675174 1.2 3 0 0
1 49396 -40.324 -23.375 5.2225 0.241184 1.2 3 0 0
1 49409 -40.1521 -26.9259 13.0891 0.93448 1.2 3 0 0
1 49410 -39.0404 -26.2299 14.9682 1.35704 1.2 3 0 0
1 49412 -38.7926 -24.3135 16.1111 0.888027 1.2 3 0 0
1 49413 -39.3541 -23.0282 15.2853 0.698071 1.2 3 0 0
1 49415 -40.9668 -23.2165 11.6637 0.570921 1.2 3 0 0
1 49416 -39.4732 -24.6369 11.4631 1.5 1.2 3 0 0
1 49417 -39.88 -23.2188 13.5934 1.08393 1.2 3 0 0
1 49418 -40.8542 -23.7958 12.5542 0.450638 1.2 3 0 0
1 49423 -39.8992 -20.5272 14.2166 0.732534 1.2 3 0 0
1 49424 -38.1799 -21.06 15.5748 1.5 1.2 3 0 0
1 49433 -40.1934 -30.9728 13.7996 0.599036 1.2 3 0 0
1 49434 -39.4658 -28.9633 13.8881 1.33342 1.2 3 0 0
1 49444 -39.6271 -16.1603 10.1317 1.5 1.2 3 0 0
1 49447 -37.5169 -17.5538 11.9667 1.5 1.2 3 0 0
1 49455 -41.293 -19.7943 8.3957 0.880853 1.2 3 0 0
1 49456 -41.3121 -21.4517 7.30507 1.10328 1.2 3 0 0
1 49457 -41.3638 -21.6585 9.17609 0.779851 1.2 3 0 0
1 49458 -40.8179 -22.2124 10.6238 0.859858 1.2 3 0 0
1 49459 -38.972 -22.5373 10.3275 0.919674 1.2 3 0 0
1 49460 -39.6278 -20.2257 10.0422 1.5 1.2 3 0 0
1 49465 -38.4238 -20.8389 12.6593 1.434 1.2 3 0 0
1 49467 -40.1731 -22.0892 12.1422 0.777562 1.2 3 0 0
1 49468 -40.5488 -20.5383 12.1675 0.767771 1.2 3 0 0
1 49469 -40.422 -19.9004 13.2613 0.504757 1.2 3 0 0
1 49470 -39.1661 -17.4323 13.9588 0.955104 1.2 3 0 0
1 49471 -39.3594 -19.0988 14.6264 0.848505 1.2 3 0 0
1 49473 -40.2689 -17.0775 11.9024 0.59491 1.2 3 0 0
1 49474 -39.8217 -18.6557 12.4657 1.08352 1.2 3 0 0
1 49476 -40.4565 -18.4374 5.98147 0.50405 1.2 3 0 0
1 49477 -41.6237 -19.7163 5.96891 0.988675 1.2 3 0 0
1 49478 -41.2847 -17.0874 5.86636 0.754778 1.2 3 0 0
1 49479 -39.1131 -16.93 7.15331 1.5 1.2 3 0 0
1 49480 -40.8639 -15.9906 8.15477 0.724994 1.2 3 0 0
1 49481 -40.5701 -17.8621 8.88249 0.812071 1.2 3 0 0
1 49483 -39.359 -19.8604 6.87073 1.45322 1.2 3 0 0
1 49488 -38.2493 -24.7566 -10.4969 1.2947 1.2 3 0 0
1 49500 -40.6335 -27.7808 -7.75369 0.830205 1.2 3 0 0
1 49502 -39.7215 -29.4094 -8.75755 1.20118 1.2 3 0 0
1 49503 -38.637 -28.1696 -6.61674 1.5 1.2 3 0 0
1 49505 -39.3541 -27.6087 -9.97799 0.949815 1.2 3 0 0
1 49507 -39.3541 -29.041 -10.8069 0.705088 1.2 3 0 0
1 49510 -40.6974 -25.0406 -6.4741 0.963946 1.2 3 0 0
1 49511 -41.2361 -23.9884 -5.31315 0.673686 1.2 3 0 0
1 49512 -40.7164 -23.2188 -6.57935 0.702392 1.2 3 0 0
1 49515 -38.7049 -23.7266 -5.84009 1.5 1.2 3 0 0
1 49518 -39.4463 -25.9081 -8.32952 1.42044 1.2 3 0 0
1 49519 -39.131 -23.2457 -8.56664 1.27101 1.2 3 0 0
1 49547 -41.1413 -39.2746 -5.71616 0.410518 1.2 3 0 0
1 49548 -41.1314 -40.9499 -6.33746 1.14456 1.2 3 0 0
1 49549 -39.083 -41.3443 -5.16825 1.00217 1.2 3 0 0
1 49550 -39.9982 -40.2177 -5.43233 0.43576 1.2 3 0 0
1 49551 -41.0107 -36.7444 -3.55414 1.21721 1.2 3 0 0
1 49552 -42.0312 -35.6948 -4.15593 0.298043 1.2 3 0 0
1 49553 -42.9999 -37.7644 -4.85889 0.558149 1.2 3 0 0
1 49554 -41.8797 -37.9118 -6.1973 1.00011 1.2 3 0 0
1 49555 -40.4215 -36.8478 -6.52759 0.448934 1.2 3 0 0
1 49556 -39.8789 -38.3586 -3.8492 0.706897 1.2 3 0 0
1 49557 -40.4462 -38.5485 -4.60713 0.24425 1.2 3 0 0
1 49558 -39.397 -38.4674 -6.00008 1.5 1.2 3 0 0
1 49561 -41.2626 -34.1779 -4.24493 0.358185 1.2 3 0 0
1 49562 -42.5767 -34.477 -3.51274 1.17548 1.2 3 0 0
1 49563 -41.364 -35.2233 -5.77781 1.5 1.2 3 0 0
1 49564 -38.1224 -35.9175 -3.87668 1.5 1.2 3 0 0
1 49565 -39.9384 -35.0101 -4.28248 0.570197 1.2 3 0 0
1 49566 -39.3586 -33.9248 -5.68901 0.870012 1.2 3 0 0
1 49568 -39.601 -39.3432 -9.41965 1.5 1.2 3 0 0
1 49569 -40.1335 -38.2329 -7.85765 0.466897 1.2 3 0 0
1 49570 -41.3938 -38.5951 -8.51496 0.606648 1.2 3 0 0
1 49571 -40.7628 -39.3006 -7.53451 0.714809 1.2 3 0 0
1 49572 -40.4345 -37.9786 -10.7543 0.563788 1.2 3 0 0
1 49573 -40.693 -36.4669 -8.37456 1.45634 1.2 3 0 0
1 49574 -40.7429 -36.881 -10.4352 0.596256 1.2 3 0 0
1 49579 -38.4292 -30.9086 -1.69638 1.5 1.2 3 0 0
1 49580 -39.3204 -30.5535 -3.67641 0.700196 1.2 3 0 0
1 49582 -40.0753 -33.2465 -3.15848 1.5 1.2 3 0 0
1 49584 -38.3567 -31.4794 -5.45839 1.5 1.2 3 0 0
1 49588 -40.6185 -28.7969 -3.40334 1.5 1.2 3 0 0
1 49589 -40.0877 -30.7135 -2.72527 0.461432 1.2 3 0 0
1 49590 -42.0894 -31.2676 -1.94428 1.5 1.2 3 0 0
1 49591 -43.1563 -33.22 -2.19524 0.658033 1.2 3 0 0
1 49592 -43.2568 -30.157 -2.49241 0.201945 1.2 3 0 0
1 49593 -42.7373 -28.9391 -0.022544 0.84722 1.2 3 0 0
1 49594 -40.3399 -30.6222 -1.25445 0.481897 1.2 3 0 0
1 49595 -42.3659 -28.563 -1.77736 0.898284 1.2 3 0 0
1 49596 -40.935 -31.1584 -4.12597 0.956164 1.2 3 0 0
1 49597 -42.4788 -31.2119 -5.38071 0.529165 1.2 3 0 0
1 49598 -42.0312 -32.7748 -4.98994 1.14239 1.2 3 0 0
1 49600 -41.6475 -27.9959 -0.679862 0.525898 1.2 3 0 0
1 49601 -41.8765 -26.4863 0.507982 1.40861 1.2 3 0 0
1 49602 -41.8035 -26.5784 -2.42791 1.17086 1.2 3 0 0
1 49604 -40.4387 -29.3425 0.260106 1.5 1.2 3 0 0
1 49605 -39.0711 -26.7974 0.852083 1.41754 1.2 3 0 0
1 49606 -41.9907 -24.6962 -2.84681 0.765411 1.2 3 0 0
1 49607 -40.3225 -25.4429 -4.1817 1.38312 1.2 3 0 0
1 49611 -39.4228 -29.5694 -5.09783 0.708926 1.2 3 0 0
1 49612 -39.8389 -30.5342 -4.66506 0.415539 1.2 3 0 0
1 49614 -41.0767 -27.6435 -5.76514 1.12832 1.2 3 0 0
1 49617 -39.7693 -27.3045 -4.69205 0.596674 1.2 3 0 0
1 49619 -41.1718 -28.5704 -6.99112 0.3865 1.2 3 0 0
1 49620 -41.2216 -30.3084 -8.41311 0.478428 1.2 3 0 0
1 49623 -38.805 -36.1105 -10.6481 1.5 1.2 3 0 0
1 49624 -39.3541 -38.3424 -11.9279 1.07231 1.2 3 0 0
1 49625 -38.4551 -36.4469 -13.1584 1.02201 1.2 3 0 0
1 49637 -39.8932 -30.3825 -10.4895 0.752578 1.2 3 0 0
1 49638 -40.7426 -30.8247 -10.0807 0.288619 1.2 3 0 0
1 49639 -40.2397 -31.7994 -8.98209 1.25466 1.2 3 0 0
1 49640 -40.6937 -32.4957 -10.4532 0.433906 1.2 3 0 0
1 49642 -37.7399 -31.1337 -10.9171 1.5 1.2 3 0 0
1 49644 -39.9483 -34.6986 -11.6978 0.598178 1.2 3 0 0
1 49645 -40.283 -33.9338 -10.0793 1.10775 1.2 3 0 0
1 49646 -39.7231 -32.3639 -11.3123 0.865851 1.2 3 0 0
1 49650 -38.4346 -33.9362 -12.6587 1.34522 1.2 3 0 0
1 57148 -41.4408 -46.1581 -5.62556 0.309833 1.2 3 0 0
1 57149 -41.4088 -46.4118 -4.89392 0.458423 1.2 3 0 0
1 57150 -41.7138 -43.0612 -4.65536 1.00942 1.2 3 0 0
1 57151 -41.2228 -43.3841 -6.60233 0.927909 1.2 3 0 0
1 57153 -40.2639 -44.6331 -2.80519 0.932216 1.2 3 0 0
1 57154 -41.792 -47.0174 -3.15382 0.527343 1.2 3 0 0
1 57155 -41.9488 -45.9342 -2.05021 0.764915 1.2 3 0 0
1 57156 -40.8554 -46.9204 -5.87647 0.582452 1.2 3 0 0
1 57157 -40.3889 -46.7832 -7.05739 0.644759 1.2 3 0 0
1 57159 -39.749 -47.0173 -5.90276 0.512043 1.2 3 0 0
1 57176 -40.69 -41.4959 -8.97873 0.935408 1.2 3 0 0
1 57177 -40.9372 -40.5851 -9.97512 0.406981 1.2 3 0 0
1 57178 -40.3209 -42.1674 -10.9972 0.158897 1.2 3 0 0
1 57179 -40.47 -41.0528 -10.5448 0.46572 1.2 3 0 0
1 57180 -39.1313 -44.1912 -10.5636 0.850219 1.2 3 0 0
1 57205 -40.3539 -51.9435 2.35736 0.261354 1.2 3 0 0
1 57206 -39.8554 -52.0832 3.77929 0.887487 1.2 3 0 0
1 57210 -40.3413 -52.0066 -1.32377 0.666281 1.2 3 0 0
1 57211 -40.711 -51.969 -0.457532 0.0509771 1.2 3 0 0
1 57212 -40.2673 -50.2019 0.585603 0.52528 1.2 3 0 0
1 57213 -39.554 -51.8076 0.623814 1.00576 1.2 3 0 0
1 57216 -41.3578 -47.1833 6.13675 0.481852 1.2 3 0 0
1 57217 -40.7818 -46.6973 6.16002 0.231465 1.2 3 0 0
1 57218 -41.2411 -47.1867 2.63799 1.13186 1.2 3 0 0
1 57219 -41.3839 -46.1776 3.82722 0.383636 1.2 3 0 0
1 57221 -39.8772 -50.2564 5.2784 1.05088 1.2 3 0 0
1 57222 -41.1498 -48.7842 4.16647 0.751281 1.2 3 0 0
1 57223 -40.9603 -49.1683 5.4719 0.496512 1.2 3 0 0
1 57224 -39.5751 -47.7304 5.4656 1.5 1.2 3 0 0
1 57226 -39.9872 -48.0701 3.42095 0.586833 1.2 3 0 0
1 57227 -40.0592 -49.9875 2.60058 1.5 1.2 3 0 0
1 57231 -38.6185 -46.8898 3.0085 0.970474 1.2 3 0 0
1 57242 -41.0965 -49.0705 0.628857 0.718958 1.2 3 0 0
1 57243 -39.9816 -49.3715 0.418897 0.365534 1.2 3 0 0
1 57244 -40.9745 -47.1315 0.210825 0.297682 1.2 3 0 0
1 57245 -41.7848 -47.3102 0.846815 0.744099 1.2 3 0 0
1 57246 -40.9743 -47.7575 -1.67239 1.1308 1.2 3 0 0
1 57247 -41.4247 -48.9759 -3.13526 0.440759 1.2 3 0 0
1 57248 -41.0646 -49.5214 -2.3815 0.556958 1.2 3 0 0
1 57249 -38.0944 -44.8845 0.760867 1.5 1.2 3 0 0
1 57251 -41.0867 -45.3505 -0.012374 1.5 1.2 3 0 0
1 57253 -38.714 -46.4503 -2.33403 1.5 1.2 3 0 0
1 57258 -40.1578 -51.5155 -2.46951 0.565268 1.2 3 0 0
1 57259 -40.4319 -50.3691 -3.40334 0.913702 1.2 3 0 0
1 57274 -39.4018 -50.3983 -6.73479 0.750386 1.2 3 0 0
1 57468 -38.6044 -47.9871 10.2422 0.996336 1.2 3 0 0
1 57478 -40.1039 -49.3256 6.92131 0.723379 1.2 3 0 0
1 57480 -39.2916 -49.0104 8.84292 0.750043 1.2 3 0 0
1 57481 -38.4156 -50.8056 7.96934 1.19663 1.2 3 0 0
1 57500 -38.3626 -52.2857 5.65044 1.5 1.2 3 0 0
1 59760 -41.923 -19.0738 0.527512 0.632631 1.2 3 0 0
1 59761 -41.5182 -19.7347 -0.045517 0.27855 1.2 3 0 0
1 59762 -38.3306 -19.7651 -0.848008 1.21426 1.2 3 0 0
1 59766 -40.6713 -22.1613 0.596754 0.396051 1.2 3 0 0
1 59767 -41.2814 -23.3765 1.91813 1.5 1.2 3 0 0
1 59774 -40.1763 -17.317 5.65553 0.377136 1.2 3 0 0
1 59792 -40.4408 -23.2055 -5.04982 0.469031 1.2 3 0 0
1 59793 -41.5797 -22.5132 -4.9781 0.36417 1.2 3 0 0
1 59794 -41.3064 -22.8993 -5.64081 0.450102 1.2 3 0 0
1 59795 -39.3616 -17.8674 -6.15664 0.835606 1.2 3 0 0
1 59796 -40.2503 -18.5705 -5.493 0.47761 1.2 3 0 0
1 59801 -41.4284 -45.5888 7.36482 0.456225 1.2 3 0 0
1 59802 -40.8816 -46.704 7.23287 0.723073 1.2 3 0 0
1 59804 -39.3544 -40.1156 4.15557 0.628245 1.2 3 0 0
1 59805 -42.8439 -37.8218 5.54748 0.92168 1.2 3 0 0
1 59806 -41.2877 -37.5916 5.28823 0.667159 1.2 3 0 0
1 59808 -40.9056 -33.4943 4.68759 0.47455 1.2 3 0 0
1 59809 -41.2472 -30.2616 9.90218 0.94193 1.2 3 0 0
1 59810 -40.2056 -31.2357 9.99596 0.467099 1.2 3 0 0
1 59811 -40.5302 -30.948 10.4834 0.185022 1.2 3 0 0
1 59812 -41.6668 -30.3796 11.0864 0.314496 1.2 3 0 0
1 59820 -38.7353 -42.3235 1.26863 1.04424 1.2 3 0 0
1 59821 -38.9742 -40.217 1.67536 0.753021 1.2 3 0 0
1 59824 -39.9043 -39.7486 1.01491 0.393323 1.2 3 0 0
1 59825 -40.7607 -39.3281 0.50714 0.650033 1.2 3 0 0
1 59826 -40.7959 -40.6075 -0.090907 0.317336 1.2 3 0 0
1 59827 -40.8446 -39.6566 -0.506803 0.416621 1.2 3 0 0
1 59828 -41.9446 -38.5865 3.49006 0.568041 1.2 3 0 0
1 59829 -41.1009 -39.2789 2.83476 0.704998 1.2 3 0 0
1 59832 -39.2661 -39.8866 -3.81497 0.740105 1.2 3 0 0
1 59846 -39.4 -26.2542 5.19525 0.730617 1.2 3 0 0
1 59847 -40.1332 -25.6508 4.78547 0.275666 1.2 3 0 0
1 59849 -40.654 -26.4881 3.30874 1.5 1.2 3 0 0
1 59851 -39.1229 -28.0875 11.2067 1.5 1.2 3 0 0
1 59852 -40.2369 -28.9648 9.46532 0.740607 1.2 3 0 0
1 59853 -39.79 -27.6334 9.22453 0.636013 1.2 3 0 0
1 59854 -38.5789 -22.1741 6.45424 0.999601 1.2 3 0 0
1 59883 -38.205 -31.7345 13.9454 1.5 1.2 3 0 0
1 59885 -41.0302 -27.9283 12.6593 0.381028 1.2 3 0 0
1 59886 -40.8468 -28.8233 12.6164 0.533493 1.2 3 0 0
1 59897 -40.8819 -19.4071 11.458 0.560925 1.2 3 0 0
1 59898 -40.8235 -20.1789 11.2763 0.21905 1.2 3 0 0
1 59901 -40.6395 -18.2147 10.4806 0.788449 1.2 3 0 0
1 59909 -41.1814 -18.2788 7.25676 0.971424 1.2 3 0 0
1 59910 -41.9447 -19.5474 7.30507 0.395859 1.2 3 0 0
1 59911 -41.1125 -19.6921 4.71924 0.326014 1.2 3 0 0
1 59912 -40.5356 -20.2191 5.68877 0.233703 1.2 3 0 0
1 59914 -40.4424 -19.741 5.1277 0.456118 1.2 3 0 0
1 59926 -40.6296 -24.5057 -7.81864 0.484294 1.2 3 0 0
1 59927 -43.1308 -35.444 -5.13986 0.391394 1.2 3 0 0
1 59928 -42.8849 -36.4367 -4.38564 0.856049 1.2 3 0 0
1 59933 -40.1547 -34.2027 -4.77537 0.373253 1.2 3 0 0
1 59934 -40.4629 -33.279 -5.163 0.513208 1.2 3 0 0
1 59935 -40.9825 -35.0651 -2.87499 0.472066 1.2 3 0 0
1 59937 -39.9216 -35.9806 -4.48819 0.39886 1.2 3 0 0
1 59938 -39.5759 -36.3823 -5.40279 0.658203 1.2 3 0 0
1 59939 -39.8036 -36.0948 -6.43285 0.39465 1.2 3 0 0
1 59942 -39.7488 -35.375 -7.02924 0.516903 1.2 3 0 0
1 59943 -38.7191 -33.9122 -7.97182 1.5 1.2 3 0 0
1 59944 -40.7135 -32.8892 -6.74102 1.05209 1.2 3 0 0
1 59952 -39.2784 -40.3128 -7.19852 0.703577 1.2 3 0 0
1 59953 -40.2569 -40.5598 -7.91844 0.536095 1.2 3 0 0
1 59954 -41.3475 -39.9323 -9.41294 0.343262 1.2 3 0 0
1 59955 -41.5084 -40.0955 -8.31461 0.590674 1.2 3 0 0
1 59956 -41.3401 -36.2083 -9.95812 0.269807 1.2 3 0 0
1 59957 -40.7832 -35.5421 -10.2807 0.585268 1.2 3 0 0
1 59958 -40.4224 -36.2296 -10.0259 0.231867 1.2 3 0 0
1 59963 -42.3778 -30.3492 -4.43704 0.726206 1.2 3 0 0
1 59964 -42.0235 -29.1044 -5.03015 0.670471 1.2 3 0 0
1 59970 -37.9754 -27.3886 -3.60879 1.5 1.2 3 0 0
1 59971 -40.4757 -27.5166 0.079884 0.335166 1.2 3 0 0
1 59972 -39.8619 -27.2414 -1.49028 1.07911 1.2 3 0 0
1 59978 -41.6153 -25.0364 -5.4144 0.437977 1.2 3 0 0
1 59979 -39.091 -31.1037 -7.52837 0.724448 1.2 3 0 0
1 59980 -40.9758 -30.3673 -6.45088 1.5 1.2 3 0 0
1 59981 -39.9239 -30.6409 -7.91624 0.303979 1.2 3 0 0
1 75538 -37.6237 -36.5959 15.4486 1.5 1.2 5 0 0
1 75539 -39.626 -36.0652 14.3038 0.866731 1.2 5 0 0
1 75543 -38.5044 -39.1241 14.3202 1.38647 1.2 5 0 0
1 75544 -39.4588 -40.4108 11.9191 1.5 1.2 5 0 0
1 75550 -40.2612 -24.6829 -1.10396 1.5 1.2 5 0 0
1 75551 -39.6884 -21.4836 -2.47327 1.5 1.2 5 0 0
1 75552 -41.1383 -35.0985 9.72701 1.40162 1.2 5 0 0
1 75553 -38.9896 -35.0317 8.77545 0.949305 1.2 5 0 0
1 75554 -41.1126 -34.8441 7.87963 0.463372 1.2 5 0 0
1 75557 -39.775 -23.5015 8.25594 1.5 1.2 5 0 0
1 75559 -40.3635 -21.6821 4.77461 1.5 1.2 5 0 0
1 78880 -39.3541 -51.6905 -5.75276 0.845862 1.2 5 0 0
1 78881 -39.262 -52.4372 -3.80019 1.24386 1.2 5 0 0
1 78883 -40.2039 -51.2146 -4.66958 0.527531 1.2 5 0 0
1 78884 -39.0959 -54.648 -3.25048 0.69757 1.2 5 0 0
1 78887 -38.6748 -53.4964 -1.33806 1.5 1.2 5 0 0
1 78889 -38.0494 -49.9872 -4.78137 1.5 1.2 5 0 0
1 78929 -40.2516 -48.0384 -4.28581 1.44887 1.2 5 0 0
1 78931 -40.2342 -50.0696 -5.14275 0.711371 1.2 5 0 0
1 78932 -40.0011 -45.1116 -5.29772 1.5 1.2 5 0 0
1 78933 -41.8304 -44.3881 -5.44871 0.469146 1.2 5 0 0
1 78934 -40.7291 -46.281 -2.55184 0.533891 1.2 5 0 0
1 78935 -41.4565 -45.7803 -3.59326 0.827653 1.2 5 0 0
1 78936 -38.8329 -48.2682 -7.18515 1.5 1.2 5 0 0
1 78940 -40.0616 -42.8243 -5.33995 0.780368 1.2 5 0 0
1 78943 -38.9844 -44.2113 -1.62307 0.859771 1.2 5 0 0
1 78944 -38.4484 -43.9381 -3.53955 1.1228 1.2 5 0 0
1 78950 -39.4497 -45.349 -8.28728 1.45299 1.2 5 0 0
1 78953 -40.8221 -43.6967 -8.14934 0.699408 1.2 5 0 0
1 78954 -39.1123 -42.5089 -7.42448 1.5 1.2 5 0 0
1 78970 -38.1018 -53.2454 2.48427 1.48902 1.2 5 0 0
1 78978 -40.97 -46.9063 4.67279 0.300101 1.2 5 0 0
1 78979 -41.8427 -46.9283 4.26121 0.596308 1.2 5 0 0
1 78983 -41.1881 -49.424 -0.741311 0.39748 1.2 5 0 0
1 78984 -39.4231 -47.6799 0.847847 1.46677 1.2 5 0 0
1 78985 -39.417 -50.0121 -1.24269 1.5 1.2 5 0 0
1 80003 -39.7363 -40.0983 -11.5759 0.716254 1.2 5 0 0
1 80004 -38.6994 -41.8898 -10.7839 1.5 1.2 5 0 0
1 80636 -38.9483 -34.4538 15.1852 1.01158 1.2 5 0 0
1 80920 -39.0282 -41.1718 13.9981 0.750513 1.2 5 0 0
1 80963 -38.1459 -43.0138 13.0529 1.5 1.2 5 0 0
1 80980 -40.1533 -44.9719 11.0361 0.463776 1.2 5 0 0
1 80984 -39.1053 -45.0334 11.9683 0.865764 1.2 5 0 0
1 80986 -40.1475 -44.1609 11.7606 0.410967 1.2 5 0 0
1 80987 -39.2423 -43.4065 10.2562 1.5 1.2 5 0 0
1 80988 -39.5436 -46.0464 9.65457 1.22407 1.2 5 0 0
1 81039 -39.3905 -18.3314 -0.107963 0.716167 1.2 5 0 0
1 81041 -39.3065 -16.1895 0.274032 0.676348 1.2 5 0 0
1 81043 -40.9646 -18.7989 -1.06734 1.17348 1.2 5 0 0
1 81044 -41.8228 -20.6883 -0.662864 0.897535 1.2 5 0 0
1 81045 -40.7954 -20.1678 -0.595742 0.25416 1.2 5 0 0
1 81046 -41.5954 -17.4422 -0.534744 0.413927 1.2 5 0 0
1 81047 -40.8465 -17.3661 1.16063 1.44106 1.2 5 0 0
1 81048 -40.8449 -16.5111 -0.927867 0.81567 1.2 5 0 0
1 81049 -41.2439 -19.804 -2.73706 0.795317 1.2 5 0 0
1 81050 -40.0368 -20.2122 -0.946862 0.513592 1.2 5 0 0
1 81051 -39.5497 -19.3356 -2.28051 0.661051 1.2 5 0 0
1 81054 -39.0088 -22.5363 0.119504 1.2616 1.2 5 0 0
1 81055 -41.0265 -24.8698 0.659006 0.423998 1.2 5 0 0
1 81056 -41.3236 -25.3346 1.8663 0.456098 1.2 5 0 0
1 81057 -42.3334 -24.3602 -0.056304 0.83099 1.2 5 0 0
1 81058 -42.2764 -21.9961 3.57708 0.775824 1.2 5 0 0
1 81059 -39.1505 -22.6596 2.88707 0.946438 1.2 5 0 0
1 81060 -40.336 -22.592 3.2149 0.285466 1.2 5 0 0
1 81062 -40.3866 -25.276 1.36066 0.608834 1.2 5 0 0
1 81063 -38.9741 -24.5255 1.91275 1.07225 1.2 5 0 0
1 81068 -41.9482 -20.0758 3.85292 0.937179 1.2 5 0 0
1 81069 -41.9117 -19.1056 2.31745 0.87945 1.2 5 0 0
1 81070 -40.462 -18.1491 3.99111 1.5 1.2 5 0 0
1 81071 -41.8101 -16.9427 2.89036 0.583382 1.2 5 0 0
1 81072 -38.628 -19.9209 4.17336 1.04405 1.2 5 0 0
1 81073 -40.5731 -20.0606 3.76061 0.423935 1.2 5 0 0
1 81074 -39.8135 -20.0709 3.08334 0.571104 1.2 5 0 0
1 81076 -40.2162 -20.237 1.05857 1.5 1.2 5 0 0
1 81082 -38.2031 -23.9407 -3.01975 1.36715 1.2 5 0 0
1 81083 -41.3459 -22.4973 -0.673193 0.973291 1.2 5 0 0
1 81084 -41.4164 -22.6701 -2.14468 0.509395 1.2 5 0 0
1 81085 -41.6801 -21.4005 -3.23475 0.623855 1.2 5 0 0
1 81086 -41.2935 -23.1559 -3.68224 1.10778 1.2 5 0 0
1 81100 -38.0082 -16.9513 4.21104 1.23939 1.2 5 0 0
1 81106 -41.5441 -16.4906 4.67396 0.594699 1.2 5 0 0
1 81107 -40.5786 -15.2965 5.58558 1.19065 1.2 5 0 0
1 81108 -40.7501 -16.3958 2.91332 0.56326 1.2 5 0 0
1 81126 -39.1262 -15.248 2.30849 1.5 1.2 5 0 0
1 81151 -41.0612 -20.2814 -4.11208 0.671641 1.2 5 0 0
1 81152 -40.3839 -21.5594 -5.30936 1.1984 1.2 5 0 0
1 81156 -38.3455 -19.7429 -5.19026 1.5 1.2 5 0 0
1 81157 -40.4694 -19.692 -5.34616 0.625496 1.2 5 0 0
1 81158 -39.6264 -21.3674 -7.38366 1.00237 1.2 5 0 0
1 81163 -40.0682 -17.4697 -4.95437 0.611827 1.2 5 0 0
1 81164 -40.3091 -18.7313 -3.90741 1.04517 1.2 5 0 0
1 81165 -40.9849 -17.3067 -2.35551 0.559507 1.2 5 0 0
1 81168 -38.9491 -17.2733 -2.0347 1.5 1.2 5 0 0
1 81169 -39.3541 -16.0081 -4.50194 1.07052 1.2 5 0 0
1 81175 -38.5271 -19.5219 -7.84114 1.16627 1.2 5 0 0
1 81186 -41.4459 -42.6375 6.20207 1.5 1.2 5 0 0
1 81187 -41.7111 -44.714 6.71059 0.654215 1.2 5 0 0
1 81188 -41.1447 -44.0894 7.10481 0.234378 1.2 5 0 0
1 81189 -41.4907 -44.1592 7.90733 0.637166 1.2 5 0 0
1 81190 -39.6013 -44.8763 7.1873 1.5 1.2 5 0 0
1 81191 -41.3541 -45.8146 5.39968 1.06653 1.2 5 0 0
1 81192 -40.4133 -46.289 6.33272 0.339988 1.2 5 0 0
1 81193 -39.7006 -45.6501 5.26763 0.57214 1.2 5 0 0
1 81194 -40.5952 -44.3348 5.30825 0.597268 1.2 5 0 0
1 81196 -40.5246 -41.3449 5.27322 0.336869 1.2 5 0 0
1 81197 -39.556 -41.1445 6.1333 0.909512 1.2 5 0 0
1 81198 -41.4254 -39.7515 5.11915 1.5 1.2 5 0 0
1 81199 -42.8333 -41.5772 4.68173 0.756652 1.2 5 0 0
1 81200 -42.9822 -40.0731 3.15124 0.982815 1.2 5 0 0
1 81201 -42.2254 -40.632 7.18489 0.842594 1.2 5 0 0
1 81202 -40.7938 -40.7834 6.79569 0.533731 1.2 5 0 0
1 81203 -39.7494 -38.7274 6.50608 0.904375 1.2 5 0 0
1 81204 -42.0312 -38.891 7.49781 0.936053 1.2 5 0 0
1 81205 -40.3201 -40.3209 3.43229 0.595527 1.2 5 0 0
1 81207 -39.2315 -42.3993 7.85882 1.09288 1.2 5 0 0
1 81211 -40.7818 -44.6076 9.14077 0.742401 1.2 5 0 0
1 81212 -41.0215 -42.9935 8.75106 0.866833 1.2 5 0 0
1 81213 -41.1982 -43.1272 10.0527 0.45358 1.2 5 0 0
1 81214 -39.548 -41.4222 10.1463 0.510694 1.2 5 0 0
1 81215 -40.9578 -41.6238 10.6507 0.803108 1.2 5 0 0
1 81216 -41.2805 -39.829 10.8243 0.703146 1.2 5 0 0
1 81217 -41.7329 -40.8351 10.1218 0.386681 1.2 5 0 0
1 81218 -41.496 -41.4599 7.64878 0.354345 1.2 5 0 0
1 81219 -40.5169 -40.333 8.75949 1.5 1.2 5 0 0
1 81220 -39.7313 -42.1019 3.97865 1.34961 1.2 5 0 0
1 81223 -42.1687 -43.1156 3.56671 1.25618 1.2 5 0 0
1 81224 -42.1848 -45.3842 3.81554 0.701445 1.2 5 0 0
1 81225 -42.1458 -44.6223 2.01852 0.903411 1.2 5 0 0
1 81226 -40.0805 -44.902 3.35584 1.5 1.2 5 0 0
1 81227 -41.7576 -44.5169 4.58084 0.520082 1.2 5 0 0
1 81228 -40.7119 -43.5241 1.48382 0.890571 1.2 5 0 0
1 81229 -41.7589 -43.1792 1.95094 0.306675 1.2 5 0 0
1 81234 -42.6377 -35.7131 4.63318 1.38597 1.2 5 0 0
1 81235 -41.4381 -36.2715 3.82154 0.166308 1.2 5 0 0
1 81236 -40.2536 -35.7128 2.91721 0.16217 1.2 5 0 0
1 81237 -40.9642 -34.212 2.8235 1.5 1.2 5 0 0
1 81239 -40.7528 -32.1281 3.09312 0.611881 1.2 5 0 0
1 81240 -39.5491 -32.4528 4.34522 1.13744 1.2 5 0 0
1 81244 -40.7271 -31.0864 1.00453 0.417269 1.2 5 0 0
1 81245 -40.344 -31.7336 -0.277193 0.952494 1.2 5 0 0
1 81247 -39.0847 -31.5051 1.92797 1.5 1.2 5 0 0
1 81248 -41.1535 -28.1239 1.9383 0.691699 1.2 5 0 0
1 81249 -42.5336 -29.3877 1.95086 1.1667 1.2 5 0 0
1 81250 -42.9971 -27.9963 1.05571 0.549944 1.2 5 0 0
1 81251 -41.0392 -30.68 1.91919 0.594293 1.2 5 0 0
1 81252 -40.5937 -30.9801 2.50874 0.200015 1.2 5 0 0
1 81253 -41.1095 -29.8037 2.19338 0.326613 1.2 5 0 0
1 81254 -43.3523 -30.4385 1.02393 0.39858 1.2 5 0 0
1 81255 -43.0754 -30.3717 0.040398 0.625374 1.2 5 0 0
1 81256 -41.9052 -30.5865 -0.113106 0.458933 1.2 5 0 0
1 81257 -38.9863 -30.6323 5.87796 1.13369 1.2 5 0 0
1 81260 -39.0573 -28.0793 4.78415 1.17129 1.2 5 0 0
1 81261 -40.9512 -30.1907 3.97168 1.5 1.2 5 0 0
1 81262 -42.4486 -32.5003 4.86317 1.36928 1.2 5 0 0
1 81263 -42.0232 -29.9993 6.49243 1.24592 1.2 5 0 0
1 81264 -40.6623 -30.9543 5.77971 0.483799 1.2 5 0 0
1 81265 -42.4046 -28.1666 4.29143 1.01233 1.2 5 0 0
1 81266 -40.8877 -27.7643 5.07373 0.690549 1.2 5 0 0
1 81267 -41.1276 -28.704 5.93048 0.421419 1.2 5 0 0
1 81268 -39.9988 -29.3176 5.51343 0.452193 1.2 5 0 0
1 81269 -38.9507 -28.8665 2.50656 1.2046 1.2 5 0 0
1 81270 -40.6252 -28.4618 3.03325 0.49305 1.2 5 0 0
1 81271 -40.9888 -34.3078 0.754467 0.569789 1.2 5 0 0
1 81272 -40.6871 -33.2039 1.06892 0.522074 1.2 5 0 0
1 81273 -41.0427 -33.1526 -0.031037 0.546377 1.2 5 0 0
1 81274 -39.1094 -33.8521 -0.01707 1.5 1.2 5 0 0
1 81275 -43.5053 -34.0639 0.702318 0.598074 1.2 5 0 0
1 81276 -41.4424 -35.2036 0.987596 0.460628 1.2 5 0 0
1 81277 -42.9423 -35.5168 1.56919 1.17825 1.2 5 0 0
1 81278 -44.0103 -35.8157 2.42387 0.221959 1.2 5 0 0
1 81279 -42.3673 -32.0748 1.09655 1.5 1.2 5 0 0
1 81280 -40.861 -32.4985 2.1091 0.359294 1.2 5 0 0
1 81281 -43.3707 -32.9267 -0.521363 0.58567 1.2 5 0 0
1 81282 -42.2353 -34.6461 -0.862913 1.5 1.2 5 0 0
1 81283 -40.8903 -32.9283 -1.19551 0.649126 1.2 5 0 0
1 81284 -41.82 -32.7523 -0.646108 0.445024 1.2 5 0 0
1 81286 -39.9466 -33.7326 8.71284 0.629784 1.2 5 0 0
1 81287 -41.0588 -37.8333 10.1104 1.32474 1.2 5 0 0
1 81288 -39.4752 -38.2108 8.64432 0.866096 1.2 5 0 0
1 81291 -38.7863 -30.6665 8.97546 1.36258 1.2 5 0 0
1 81293 -41.5973 -31.247 11.8095 0.172904 1.2 5 0 0
1 81294 -41.6541 -32.7455 9.50718 0.984107 1.2 5 0 0
1 81295 -39.4256 -32.9316 10.6163 1.5 1.2 5 0 0
1 81298 -40.5385 -32.2089 7.31162 1.5 1.2 5 0 0
1 81299 -41.2362 -29.9288 8.28307 0.710857 1.2 5 0 0
1 81300 -40.6338 -30.2784 7.3673 0.405283 1.2 5 0 0
1 81304 -40.9709 -35.0798 12.6878 0.506747 1.2 5 0 0
1 81305 -41.0987 -36.3723 10.9097 0.337038 1.2 5 0 0
1 81306 -41.5127 -36.137 11.5786 0.483818 1.2 5 0 0
1 81307 -41.8554 -36.4416 10.8098 0.408956 1.2 5 0 0
1 81308 -39.911 -33.7929 13.082 1.15653 1.2 5 0 0
1 81310 -41.4972 -33.4454 10.9568 0.633198 1.2 5 0 0
1 81311 -40.7564 -32.2258 12.746 0.588321 1.2 5 0 0
1 81312 -39.5504 -36.2671 11.9135 1.5 1.2 5 0 0
1 81313 -39.4204 -38.4544 11.0282 0.649991 1.2 5 0 0
1 81314 -40.6772 -38.4356 12.2583 0.845383 1.2 5 0 0
1 81316 -39.6474 -34.8112 5.42737 1.45916 1.2 5 0 0
1 81318 -42.84 -35.7672 6.71437 0.693576 1.2 5 0 0
1 81319 -42.1827 -34.1609 7.02078 1.06874 1.2 5 0 0
1 81320 -40.9524 -36.7153 7.30597 1.5 1.2 5 0 0
1 81321 -41.4859 -35.0244 5.96108 0.465596 1.2 5 0 0
1 81322 -40.8872 -36.4228 5.15983 0.574951 1.2 5 0 0
1 81323 -39.4648 -37.1476 5.60283 0.802252 1.2 5 0 0
1 81324 -40.0444 -36.4585 4.99331 0.284951 1.2 5 0 0
1 81325 -40.2492 -36.3804 5.66721 0.23857 1.2 5 0 0
1 81328 -38.4024 -36.4427 -0.506683 1.06686 1.2 5 0 0
1 81329 -40.0558 -36.1204 0.981071 1.15274 1.2 5 0 0
1 81330 -39.8441 -36.2386 -0.564835 0.390344 1.2 5 0 0
1 81331 -40.4502 -34.9707 -0.644236 0.327503 1.2 5 0 0
1 81332 -40.6306 -35.8084 -0.553969 0.485579 1.2 5 0 0
1 81334 -39.2302 -38.3148 1.09698 1.19246 1.2 5 0 0
1 81338 -39.8184 -35.5545 -1.91132 1.11647 1.2 5 0 0
1 81340 -39.0577 -40.4253 -0.595856 1.5 1.2 5 0 0
1 81341 -43.817 -40.0442 -0.880554 0.175973 1.2 5 0 0
1 81342 -42.2688 -40.7698 -1.14391 1.5 1.2 5 0 0
1 81343 -42.0017 -39.8212 0.553204 0.462129 1.2 5 0 0
1 81344 -43.1504 -40.4051 1.00382 0.829138 1.2 5 0 0
1 81345 -40.6926 -41.3902 -0.225827 0.402835 1.2 5 0 0
1 81346 -41.0291 -41.1416 1.63044 1.5 1.2 5 0 0
1 81347 -40.033 -42.9216 -0.437998 1.18161 1.2 5 0 0
1 81348 -42.0302 -43.6894 -1.99792 1.22641 1.2 5 0 0
1 81349 -42.3806 -42.9776 0.407535 1.08707 1.2 5 0 0
1 81350 -41.4448 -43.5722 -0.529711 0.35826 1.2 5 0 0
1 81351 -41.9793 -39.1309 -0.09307 0.468265 1.2 5 0 0
1 81352 -42.5653 -38.2167 1.55232 1.5 1.2 5 0 0
1 81353 -40.7919 -38.324 0.815972 0.394277 1.2 5 0 0
1 81354 -42.9768 -37.0338 -2.31324 1.12285 1.2 5 0 0
1 81355 -43.7177 -35.9058 -1.09016 0.45858 1.2 5 0 0
1 81356 -43.638 -36.1172 0.039046 0.60315 1.2 5 0 0
1 81357 -43.8681 -35.333 -0.446276 0.314843 1.2 5 0 0
1 81358 -40.1968 -37.3019 3.40124 1.5 1.2 5 0 0
1 81359 -44.0542 -38.2404 2.2825 0.1585 1.2 5 0 0
1 81360 -41.4599 -36.4884 1.94004 0.586995 1.2 5 0 0
1 81361 -40.8175 -37.8016 -1.01801 1.5 1.2 5 0 0
1 81362 -42.4459 -36.6145 0.068695 0.686919 1.2 5 0 0
1 81363 -41.3621 -36.1964 -8e-05 0.476712 1.2 5 0 0
1 81364 -41.3508 -36.15 -0.726237 0.250087 1.2 5 0 0
1 81365 -38.2319 -38.4973 -2.56234 1.37504 1.2 5 0 0
1 81367 -41.8684 -39.3151 -3.94988 1.5 1.2 5 0 0
1 81368 -42.4764 -41.5863 -3.4127 0.911687 1.2 5 0 0
1 81369 -41.4329 -40.7024 -2.79801 0.348294 1.2 5 0 0
1 81370 -41.3122 -38.0196 -2.76436 0.312768 1.2 5 0 0
1 81371 -40.4531 -38.1785 -2.87612 0.43065 1.2 5 0 0
1 81372 -40.0864 -39.6336 -2.5298 0.800112 1.2 5 0 0
1 81373 -40.5594 -40.5201 -1.90032 0.385563 1.2 5 0 0
1 81374 -40.1317 -42.0011 -2.98828 1.5 1.2 5 0 0
1 81375 -40.2406 -40.4984 -4.48204 0.581641 1.2 5 0 0
1 81376 -41.1369 -41.1526 -4.5209 0.514983 1.2 5 0 0
1 81380 -39.137 -15.5193 12.6578 1.12366 1.2 5 0 0
1 81423 -41.3311 -24.7293 10.6095 0.500451 1.2 5 0 0
1 81424 -40.83 -25.9198 9.30489 1.33541 1.2 5 0 0
1 81425 -41.0224 -23.672 10.0754 0.712633 1.2 5 0 0
1 81426 -41.5604 -22.9372 9.35877 0.446164 1.2 5 0 0
1 81427 -38.7291 -26.0761 7.51311 1.21743 1.2 5 0 0
1 81429 -41.1112 -26.9488 7.67646 0.585442 1.2 5 0 0
1 81430 -40.1098 -25.3164 7.8251 0.389123 1.2 5 0 0
1 81432 -39.2966 -24.2996 4.47788 1.32821 1.2 5 0 0
1 81433 -42.4941 -25.413 2.36588 0.818953 1.2 5 0 0
1 81434 -42.0608 -24.3244 4.13332 1.03242 1.2 5 0 0
1 81435 -40.8526 -24.7283 4.63322 0.293178 1.2 5 0 0
1 81436 -42.0312 -27.7546 6.32287 0.946779 1.2 5 0 0
1 81437 -41.1936 -25.4324 6.24713 1.5 1.2 5 0 0
1 81439 -40.1741 -24.6463 2.86376 0.432085 1.2 5 0 0
1 81441 -41.1382 -28.7546 11.4813 0.640504 1.2 5 0 0
1 81442 -40.266 -30.5725 11.9205 1.32363 1.2 5 0 0
1 81444 -41.2357 -27.7568 10.3574 0.800976 1.2 5 0 0
1 81445 -40.8604 -26.5689 11.4995 0.815733 1.2 5 0 0
1 81446 -41.0542 -25.6002 11.099 0.250324 1.2 5 0 0
1 81447 -40.6603 -25.7613 10.8578 0.234792 1.2 5 0 0
1 81449 -41.6187 -27.8989 8.66357 0.873699 1.2 5 0 0
1 81450 -39.7917 -28.5705 7.30507 1.5 1.2 5 0 0
1 81454 -40.8059 -22.6358 6.4349 0.447612 1.2 5 0 0
1 81455 -41.7414 -23.2163 7.30507 0.690378 1.2 5 0 0
1 81456 -41.9301 -23.2163 5.73525 0.890743 1.2 5 0 0
1 81457 -40.0742 -23.4201 6.10299 0.675174 1.2 5 0 0
1 81458 -40.324 -23.375 5.2225 0.241184 1.2 5 0 0
1 81471 -40.1521 -26.9259 13.0891 0.93448 1.2 5 0 0
1 81472 -39.0404 -26.2299 14.9682 1.35704 1.2 5 0 0
1 81474 -38.7926 -24.3135 16.1111 0.888027 1.2 5 0 0
1 81475 -39.3541 -23.0282 15.2853 0.698071 1.2 5 0 0
1 81477 -40.9668 -23.2165 11.6637 0.570921 1.2 5 0 0
1 81478 -39.4732 -24.6369 11.4631 1.5 1.2 5 0 0
1 81479 -39.88 -23.2188 13.5934 1.08393 1.2 5 0 0
1 81480 -40.8542 -23.7958 12.5542 0.450638 1.2 5 0 0
1 81485 -39.8992 -20.5272 14.2166 0.732534 1.2 5 0 0
1 81486 -38.1799 -21.06 15.5748 1.5 1.2 5 0 0
1 81495 -40.1934 -30.9728 13.7996 0.599036 1.2 5 0 0
1 81496 -39.4658 -28.9633 13.8881 1.33342 1.2 5 0 0
1 81506 -39.6271 -16.1603 10.1317 1.5 1.2 5 0 0
1 81509 -37.5169 -17.5538 11.9667 1.5 1.2 5 0 0
1 81517 -41.293 -19.7943 8.3957 0.880853 1.2 5 0 0
1 81518 -41.3121 -21.4517 7.30507 1.10328 1.2 5 0 0
1 81519 -41.3638 -21.6585 9.17609 0.779851 1.2 5 0 0
1 81520 -40.8179 -22.2124 10.6238 0.859858 1.2 5 0 0
1 81521 -38.972 -22.5373 10.3275 0.919674 1.2 5 0 0
1 81522 -39.6278 -20.2257 10.0422 1.5 1.2 5 0 0
1 81527 -38.4238 -20.8389 12.6593 1.434 1.2 5 0 0
1 81529 -40.1731 -22.0892 12.1422 0.777562 1.2 5 0 0
1 81530 -40.5488 -20.5383 12.1675 0.767771 1.2 5 0 0
1 81531 -40.422 -19.9004 13.2613 0.504757 1.2 5 0 0
1 81532 -39.1661 -17.4323 13.9588 0.955104 1.2 5 0 0
1 81533 -39.3594 -19.0988 14.6264 0.848505 1.2 5 0 0
1 81535 -40.2689 -17.0775 11.9024 0.59491 1.2 5 0 0
1 81536 -39.8217 -18.6557 12.4657 1.08352 1.2 5 0 0
1 81538 -40.4565 -18.4374 5.98147 0.50405 1.2 5 0 0
1 81539 -41.6237 -19.7163 5.96891 0.988675 1.2 5 0 0
1 81540 -41.2847 -17.0874 5.86636 0.754778 1.2 5 0 0
1 81541 -39.1131 -16.93 7.15331 1.5 1.2 5 0 0
1 81542 -40.8639 -15.9906 8.15477 0.724994 1.2 5 0 0
1 81543 -40.5701 -17.8621 8.88249 0.812071 1.2 5 0 0
1 81545 -39.359 -19.8604 6.87073 1.45322 1.2 5 0 0
1 81550 -38.2493 -24.7566 -10.4969 1.2947 1.2 5 0 0
1 81562 -40.6335 -27.7808 -7.75369 0.830205 1.2 5 0 0
1 81564 -39.7215 -29.4094 -8.75755 1.20118 1.2 5 0 0
1 81565 -38.637 -28.1696 -6.61674 1.5 1.2 5 0 0
1 81567 -39.3541 -27.6087 -9.97799 0.949815 1.2 5 0 0
1 81569 -39.3541 -29.041 -10.8069 0.705088 1.2 5 0 0
1 81572 -40.6974 -25.0406 -6.4741 0.963946 1.2 5 0 0
1 81573 -41.2361 -23.9884 -5.31315 0.673686 1.2 5 0 0
1 81574 -40.7164 -23.2188 -6.57935 0.702392 1.2 5 0 0
1 81577 -38.7049 -23.7266 -5.84009 1.5 1.2 5 0 0
1 81580 -39.4463 -25.9081 -8.32952 1.42044 1.2 5 0 0
1 81581 -39.131 -23.2457 -8.56664 1.27101 1.2 5 0 0
1 81609 -41.1413 -39.2746 -5.71616 0.410518 1.2 5 0 0
1 81610 -41.1314 -40.9499 -6.33746 1.14456 1.2 5 0 0
1 81611 -39.083 -41.3443 -5.16825 1.00217 1.2 5 0 0
1 81612 -39.9982 -40.2177 -5.43233 0.43576 1.2 5 0 0
1 81613 -41.0107 -36.7444 -3.55414 1.21721 1.2 5 0 0
1 81614 -42.0312 -35.6948 -4.15593 0.298043 1.2 5 0 0
1 81615 -42.9999 -37.7644 -4.85889 0.558149 1.2 5 0 0
1 81616 -41.8797 -37.9118 -6.1973 1.00011 1.2 5 0 0
1 81617 -40.4215 -36.8478 -6.52759 0.448934 1.2 5 0 0
1 81618 -39.8789 -38.3586 -3.8492 0.706897 1.2 5 0 0
1 81619 -40.4462 -38.5485 -4.60713 0.24425 1.2 5 0 0
1 81620 -39.397 -38.4674 -6.00008 1.5 1.2 5 0 0
1 81623 -41.2626 -34.1779 -4.24493 0.358185 1.2 5 0 0
1 81624 -42.5767 -34.477 -3.51274 1.17548 1.2 5 0 0
1 81625 -41.364 -35.2233 -5.77781 1.5 1.2 5 0 0
1 81626 -38.1224 -35.9175 -3.87668 1.5 1.2 5 0 0
1 81627 -39.9384 -35.0101 -4.28248 0.570197 1.2 5 0 0
1 81628 -39.3586 -33.9248 -5.68901 0.870012 1.2 5 0 0
1 81630 -39.601 -39.3432 -9.41965 1.5 1.2 5 0 0
1 81631 -40.1335 -38.2329 -7.85765 0.466897 1.2 5 0 0
1 81632 -41.3938 -38.5951 -8.51496 0.606648 1.2 5 0 0
1 81633 -40.7628 -39.3006 -7.53451 0.714809 1.2 5 0 0
1 81634 -40.4345 -37.9786 -10.7543 0.563788 1.2 5 0 0
1 81635 -40.693 -36.4669 -8.37456 1.45634 1.2 5 0 0
1 81636 -40.7429 -36.881 -10.4352 0.596256 1.2 5 0 0
1 81641 -38.4292 -30.9086 -1.69638 1.5 1.2 5 0 0
1 81642 -39.3204 -30.5535 -3.67641 0.700196 1.2 5 0 0
1 81644 -40.0753 -33.2465 -3.15848 1.5 1.2 5 0 0
1 81646 -38.3567 -31.4794 -5.45839 1.5 1.2 5 0 0
1 81650 -40.6185 -28.7969 -3.40334 1.5 1.2 5 0 0
1 81651 -40.0877 -30.7135 -2.72527 0.461432 1.2 5 0 0
1 81652 -42.0894 -31.2676 -1.94428 1.5 1.2 5 0 0
1 81653 -43.1563 -33.22 -2.19524 0.658033 1.2 5 0 0
1 81654 -43.2568 -30.157 -2.49241 0.201945 1.2 5 0 0
1 81655 -42.7373 -28.9391 -0.022544 0.84722 1.2 5 0 0
1 81656 -40.3399 -30.6222 -1.25445 0.481897 1.2 5 0 0
1 81657 -42.3659 -28.563 -1.77736 0.898284 1.2 5 0 0
1 81658 -40.935 -31.1584 -4.12597 0.956164 1.2 5 0 0
1 81659 -42.4788 -31.2119 -5.38071 0.529165 1.2 5 0 0
1 81660 -42.0312 -32.7748 -4.98994 1.14239 1.2 5 0 0
1 81662 -41.6475 -27.9959 -0.679862 0.525898 1.2 5 0 0
1 81663 -41.8765 -26.4863 0.507982 1.40861 1.2 5 0 0
1 81664 -41.8035 -26.5784 -2.42791 1.17086 1.2 5 0 0
1 81666 -40.4387 -29.3425 0.260106 1.5 1.2 5 0 0
1 81667 -39.0711 -26.7974 0.852083 1.41754 1.2 5 0 0
1 81668 -41.9907 -24.6962 -2.84681 0.765411 1.2 5 0 0
1 81669 -40.3225 -25.4429 -4.1817 1.38312 1.2 5 0 0
1 81673 -39.4228 -29.5694 -5.09783 0.708926 1.2 5 0 0
1 81674 -39.8389 -30.5342 -4.66506 0.415539 1.2 5 0 0
1 81676 -41.0767 -27.6435 -5.76514 1.12832 1.2 5 0 0
1 81679 -39.7693 -27.3045 -4.69205 0.596674 1.2 5 0 0
1 81681 -41.1718 -28.5704 -6.99112 0.3865 1.2 5 0 0
1 81682 -41.2216 -30.3084 -8.41311 0.478428 1.2 5 0 0
1 81685 -38.805 -36.1105 -10.6481 1.5 1.2 5 0 0
1 81686 -39.3541 -38.3424 -11.9279 1.07231 1.2 5 0 0
1 81687 -38.4551 -36.4469 -13.1584 1.02201 1.2 5 0 0
1 81699 -39.8932 -30.3825 -10.4895 0.752578 1.2 5 0 0
1 81700 -40.7426 -30.8247 -10.0807 0.288619 1.2 5 0 0
1 81701 -40.2397 -31.7994 -8.98209 1.25466 1.2 5 0 0
1 81702 -40.6937 -32.4957 -10.4532 0.433906 1.2 5 0 0
1 81704 -37.7399 -31.1337 -10.9171 1.5 1.2 5 0 0
1 81706 -39.9483 -34.6986 -11.6978 0.598178 1.2 5 0 0
1 81707 -40.283 -33.9338 -10.0793 1.10775 1.2 5 0 0
1 81708 -39.7231 -32.3639 -11.3123 0.865851 1.2 5 0 0
1 81712 -38.4346 -33.9362 -12.6587 1.34522 1.2 5 0 0
1 89210 -41.4408 -46.1581 -5.62556 0.309833 1.2 5 0 0
1 89211 -41.4088 -46.4118 -4.89392 0.458423 1.2 5 0 0
1 89212 -41.7138 -43.0612 -4.65536 1.00942 1.2 5 0 0
1 89213 -41.2228 -43.3841 -6.60233 0.927909 1.2 5 0 0
1 89215 -40.2639 -44.6331 -2.80519 0.932216 1.2 5 0 0
1 89216 -41.792 -47.0174 -3.15382 0.527343 1.2 5 0 0
1 89217 -41.9488 -45.9342 -2.05021 0.764915 1.2 5 0 0
1 89218 -40.8554 -46.9204 -5.87647 0.582452 1.2 5 0 0
1 89219 -40.3889 -46.7832 -7.05739 0.644759 1.2 5 0 0
1 89221 -39.749 -47.0173 -5.90276 0.512043 1.2 5 0 0
1 89238 -40.69 -41.4959 -8.97873 0.935408 1.2 5 0 0
1 89239 -40.9372 -40.5851 -9.97512 0.406981 1.2 5 0 0
1 89240 -40.3209 -42.1674 -10.9972 0.158897 1.2 5 0 0
1 89241 -40.47 -41.0528 -10.5448 0.46572 1.2 5 0 0
1 89242 -39.1313 -44.1912 -10.5636 0.850219 1.2 5 0 0
1 89267 -40.3539 -51.9435 2.35736 0.261354 1.2 5 0 0
1 89268 -39.8554 -52.0832 3.77929 0.887487 1.2 5 0 0
1 89272 -40.3413 -52.0066 -1.32377 0.666281 1.2 5 0 0
1 89273 -40.711 -51.969 -0.457532 0.0509771 1.2 5 0 0
1 89274 -40.2673 -50.2019 0.585603 0.52528 1.2 5 0 0
1 89275 -39.554 -51.8076 0.623814 1.00576 1.2 5 0 0
1 89278 -41.3578 -47.1833 6.13675 0.481852 1.2 5 0 0
1 89279 -40.7818 -46.6973 6.16002 0.231465 1.2 5 0 0
1 89280 -41.2411 -47.1867 2.63799 1.13186 1.2 5 0 0
1 89281 -41.3839 -46.1776 3.82722 0.383636 1.2 5 0 0
1 89283 -39.8772 -50.2564 5.2784 1.05088 1.2 5 0 0
1 89284 -41.1498 -48.7842 4.16647 0.751281 1.2 5 0 0
1 89285 -40.9603 -49.1683 5.4719 0.496512 1.2 5 0 0
1 89286 -39.5751 -47.7304 5.4656 1.5 1.2 5 0 0
1 89288 -39.9872 -48.0701 3.42095 0.586833 1.2 5 0 0
1 89289 -40.0592 -49.9875 2.60058 1.5 1.2 5 0 0
1 89293 -38.6185 -46.8898 3.0085 0.970474 1.2 5 0 0
1 89304 -41.0965 -49.0705 0.628857 0.718958 1.2 5 0 0
1 89305 -39.9816 -49.3715 0.418897 0.365534 1.2 5 0 0
1 89306 -40.9745 -47.1315 0.210825 0.297682 1.2 5 0 0
1 89307 -41.7848 -47.3102 0.846815 0.744099 1.2 5 0 0
1 89308 -40.9743 -47.7575 -1.67239 1.1308 1.2 5 0 0
1 89309 -41.4247 -48.9759 -3.13526 0.440759 1.2 5 0 0
1 89310 -41.0646 -49.5214 -2.3815 0.556958 1.2 5 0 0
1 89311 -38.0944 -44.8845 0.760867 1.5 1.2 5 0 0
1 89313 -41.0867 -45.3505 -0.012374 1.5 1.2 5 0 0
1 89315 -38.714 -46.4503 -2.33403 1.5 1.2 5 0 0
1 89320 -40.1578 -51.5155 -2.46951 0.565268 1.2 5 0 0
1 89321 -40.4319 -50.3691 -3.40334 0.913702 1.2 5 0 0
1 89336 -39.4018 -50.3983 -6.73479 0.750386 1.2 5 0 0
1 89530 -38.6044 -47.9871 10.2422 0.996336 1.2 5 0 0
1 89540 -40.1039 -49.3256 6.92131 0.723379 1.2 5 0 0
1 89542 -39.2916 -49.0104 8.84292 0.750043 1.2 5 0 0
1 89543 -38.4156 -50.8056 7.96934 1.19663 1.2 5 0 0
1 89562 -38.3626 -52.2857 5.65044 1.5 1.2 5 0 0
1 91822 -41.923 -19.0738 0.527512 0.632631 1.2 5 0 0
1 91823 -41.5182 -19.7347 -0.045517 0.27855 1.2 5 0 0
1 91824 -38.3306 -19.7651 -0.848008 1.21426 1.2 5 0 0
1 91828 -40.6713 -22.1613 0.596754 0.396051 1.2 5 0 0
1 91829 -41.2814 -23.3765 1.91813 1.5 1.2 5 0 0
1 91836 -40.1763 -17.317 5.65553 0.377136 1.2 5 0 0
1 91854 -40.4408 -23.2055 -5.04982 0.469031 1.2 5 0 0
1 91855 -41.5797 -22.5132 -4.9781 0.36417 1.2 5 0 0
1 91856 -41.3064 -22.8993 -5.64081 0.450102 1.2 5 0 0
1 91857 -39.3616 -17.8674 -6.15664 0.835606 1.2 5 0 0
1 91858 -40.2503 -18.5705 -5.493 0.47761 1.2 5 0 0
1 91863 -41.4284 -45.5888 7.36482 0.456225 1.2 5 0 0
1 91864 -40.8816 -46.704 7.23287 0.723073 1.2 5 0 0
1 91866 -39.3544 -40.1156 4.15557 0.628245 1.2 5 0 0
1 91867 -42.8439 -37.8218 5.54748 0.92168 1.2 5 0 0
1 91868 -41.2877 -37.5916 5.28823 0.667159 1.2 5 0 0
1 91870 -40.9056 -33.4943 4.68759 0.47455 1.2 5 0 0
1 91871 -41.2472 -30.2616 9.90218 0.94193 1.2 5 0 0
1 91872 -40.2056 -31.2357 9.99596 0.467099 1.2 5 0 0
1 91873 -40.5302 -30.948 10.4834 0.185022 1.2 5 0 0
1 91874 -41.6668 -30.3796 11.0864 0.314496 1.2 5 0 0
1 91882 -38.7353 -42.3235 1.26863 1.04424 1.2 5 0 0
1 91883 -38.9742 -40.217 1.67536 0.753021 1.2 5 0 0
1 91886 -39.9043 -39.7486 1.01491 0.393323 1.2 5 0 0
1 91887 -40.7607 -39.3281 0.50714 0.650033 1.2 5 0 0
1 91888 -40.7959 -40.6075 -0.090907 0.317336 1.2 5 0 0
1 91889 -40.8446 -39.6566 -0.506803 0.416621 1.2 5 0 0
1 91890 -41.9446 -38.5865 3.49006 0.568041 1.2 5 0 0
1 91891 -41.1009 -39.2789 2.83476 0.704998 1.2 5 0 0
1 91894 -39.2661 -39.8866 -3.81497 0.740105 1.2 5 0 0
1 91908 -39.4 -26.2542 5.19525 0.730617 1.2 5 0 0
1 91909 -40.1332 -25.6508 4.78547 0.275666 1.2 5 0 0
1 91911 -40.654 -26.4881 3.30874 1.5 1.2 5 0 0
1 91913 -39.1229 -28.0875 11.2067 1.5 1.2 5 0 0
1 91914 -40.2369 -28.9648 9.46532 0.740607 1.2 5 0 0
1 91915 -39.79 -27.6334 9.22453 0.636013 1.2 5 0 0
1 91916 -38.5789 -22.1741 6.45424 0.999601 1.2 5 0 0
1 91945 -38.205 -31.7345 13.9454 1.5 1.2 5 0 0
1 91947 -41.0302 -27.9283 12.6593 0.381028 1.2 5 0 0
1 91948 -40.8468 -28.8233 12.6164 0.533493 1.2 5 0 0
1 91959 -40.8819 -19.4071 11.458 0.560925 1.2 5 0 0
1 91960 -40.8235 -20.1789 11.2763 0.21905 1.2 5 0 0
1 91963 -40.6395 -18.2147 10.4806 0.788449 1.2 5 0 0
1 91971 -41.1814 -18.2788 7.25676 0.971424 1.2 5 0 0
1 91972 -41.9447 -19.5474 7.30507 0.395859 1.2 5 0 0
1 91973 -41.1125 -19.6921 4.71924 0.326014 1.2 5 0 0
1 91974 -40.5356 -20.2191 5.68877 0.233703 1.2 5 0 0
1 91976 -40.4424 -19.741 5.1277 0.456118 1.2 5 0 0
1 91988 -40.6296 -24.5057 -7.81864 0.484294 1.2 5 0 0
1 91989 -43.1308 -35.444 -5.13986 0.391394 1.2 5 0 0
1 91990 -42.8849 -36.4367 -4.38564 0.856049 1.2 5 0 0
1 91995 -40.1547 -34.2027 -4.77537 0.373253 1.2 5 0 0
1 91996 -40.4629 -33.279 -5.163 0.513208 1.2 5 0 0
1 91997 -40.9825 -35.0651 -2.87499 0.472066 1.2 5 0 0
1 91999 -39.9216 -35.9806 -4.48819 0.39886 1.2 5 0 0
1 92000 -39.5759 -36.3823 -5.40279 0.658203 1.2 5 0 0
1 92001 -39.8036 -36.0948 -6.43285 0.39465 1.2 5 0 0
1 92004 -39.7488 -35.375 -7.02924 0.516903 1.2 5 0 0
1 92005 -38.7191 -33.9122 -7.97182 1.5 1.2 5 0 0
1 92006 -40.7135 -32.8892 -6.74102 1.05209 1.2 5 0 0
1 92014 -39.2784 -40.3128 -7.19852 0.703577 1.2 5 0 0
1 92015 -40.2569 -40.5598 -7.91844 0.536095 1.2 5 0 0
1 92016 -41.3475 -39.9323 -9.41294 0.343262 1.2 5 0 0
1 92017 -41.5084 -40.0955 -8.31461 0.590674 1.2 5 0 0
1 92018 -41.3401 -36.2083 -9.95812 0.269807 1.2 5 0 0
1 92019 -40.7832 -35.5421 -10.2807 0.585268 1.2 5 0 0
1 92020 -40.4224 -36.2296 -10.0259 0.231867 1.2 5 0 0
1 92025 -42.3778 -30.3492 -4.43704 0.726206 1.2 5 0 0
1 92026 -42.0235 -29.1044 -5.03015 0.670471 1.2 5 0 0
1 92032 -37.9754 -27.3886 -3.60879 1.5 1.2 5 0 0
1 92033 -40.4757 -27.5166 0.079884 0.335166 1.2 5 0 0
1 92034 -39.8619 -27.2414 -1.49028 1.07911 1.2 5 0 0
1 92040 -41.6153 -25.0364 -5.4144 0.437977 1.2 5 0 0
1 92041 -39.091 -31.1037 -7.52837 0.724448 1.2 5 0 0
1 92042 -40.9758 -30.3673 -6.45088 1.5 1.2 5 0 0
1 92043 -39.9239 -30.6409 -7.91624 0.303979 1.2 5 0 0
