# SphereID Center[X Y Z] Radius Density Region Score Weight
LeafCount 32062
NodeCount 32062
1 9045 -1.59323 -38.7926 -27.9115 1.50296 0.6 0 0 0
1 9047 -2.0834 -36.112 -29.3087 1.09866 0.6 0 0 0
1 9053 -4.98372 -41.9632 -26.623 2 0.6 0 0 0
1 9054 -2.13259 -42.0391 -28.5664 1.22836 0.6 0 0 0
1 9055 -3.6689 -40.3845 -29.1275 1.03075 0.6 0 0 0
1 9056 -4.60047 -38.0019 -28.7543 1.45148 0.6 0 0 0
1 9149 -2.50285 -34.4477 -26.7288 2 0.6 0 0 0
1 9151 -0.943178 -33.84 -29.1141 0.910688 0.6 0 0 0
1 11508 -1.94143 -27.9143 -30.1954 1.5 1.2 1 0 0
1 11510 -9.71824 -28.0993 -28.8186 0.908247 1.2 1 0 0
1 11511 -5.43584 -20.4345 -28.1126 1.11444 1.2 1 0 0
1 11513 0.456011 -19.1685 -28.9129 1.5 1.2 1 0 0
1 15716 -15.6261 -46.1343 -29.1971 1.28746 1.2 1 0 0
1 15718 -16.4524 -49.3228 -29.0034 0.662175 1.2 1 0 0
1 15753 -14.2066 -51.5592 -28.9352 0.803252 1.2 1 0 0
1 15793 -6.66824 -53.9958 -28.1333 1.22302 1.2 1 0 0
1 15797 -9.29136 -49.3327 -29.8687 1.2339 1.2 1 0 0
1 15800 -14.8823 -44.1266 -27.3613 1.5 1.2 1 0 0
1 15802 -13.4787 -44.5557 -29.7901 0.762198 1.2 1 0 0
1 15818 -14.2963 -49.2192 -28.8791 1.5 1.2 1 0 0
1 16117 -13.7728 -31.7835 -27.6304 1.5 1.2 1 0 0
1 16153 -12.8198 -34.2835 -28.3481 1.27003 1.2 1 0 0
1 16161 -14.1507 -34.7831 -29.61 0.630848 1.2 1 0 0
1 16162 -14.7275 -33.5205 -28.9172 0.860419 1.2 1 0 0
1 16265 -13.7104 -38.8348 -29.0195 0.8032 1.2 1 0 0
1 16267 -12.0658 -39.8097 -30.3711 1.43429 1.2 1 0 0
1 16268 -14.3355 -36.6012 -28.4714 1.5 1.2 1 0 0
1 16271 -12.5468 -38.0316 -30.924 0.487074 1.2 1 0 0
1 16276 -17.2019 -42.3726 -28.8167 1.47762 1.2 1 0 0
1 16277 -19.4625 -40.9636 -28.6793 0.825452 1.2 1 0 0
1 16282 -16.4053 -44.2931 -29.643 0.759725 1.2 1 0 0
1 16283 -17.9373 -45.1393 -27.9978 1.5 1.2 1 0 0
1 16285 -17.6656 -44.0856 -29.6393 0.469442 1.2 1 0 0
1 16290 -19.0636 -39.0821 -28.6597 0.845565 1.2 1 0 0
1 16297 -15.7871 -38.3004 -29.5268 0.953205 1.2 1 0 0
1 16299 -17.6019 -37.2316 -27.7915 1.5 1.2 1 0 0
1 16302 -11.8734 -42.4777 -29.1529 1.5 1.2 1 0 0
1 16303 -15.2955 -40.1702 -28.015 1.5 1.2 1 0 0
1 16308 -11.8849 -41.7777 -31.2223 0.684612 1.2 1 0 0
1 16309 -14.5995 -42.8357 -29.8197 1.29102 1.2 1 0 0
1 16310 -14.3491 -40.4873 -30.2431 0.941433 1.2 1 0 0
1 19723 4.90996 -52.4049 -35.6965 0.941666 1.2 1 0 0
1 19727 8.17627 -47.8424 -36.0235 1.5 1.2 1 0 0
1 19728 2.71637 -49.5114 -36.4107 -0.00549492 1.2 1 0 0
1 19729 -0.368355 -46.3944 -35.9824 -0.0362204 1.2 1 0 0
1 19730 2.45095 -46.385 -36.0409 -0.00416791 1.2 1 0 0
1 19731 5.08141 -46.5888 -35.8588 -0.00398826 1.2 1 0 0
1 19732 4.19262 -47.0952 -37.2699 -0.00298757 1.2 1 0 0
1 19733 6.51651 -48.1022 -37.6607 0.839516 1.2 1 0 0
1 19734 -3.1842 -41.4765 -33.2351 -0.00438978 1.2 1 0 0
1 19735 -3.01875 -43.4231 -31.5069 -0.00482394 1.2 1 0 0
1 19736 -1.10265 -44.7173 -32.176 -0.00764566 1.2 1 0 0
1 19737 -1.22527 -43.6572 -32.9166 -0.000388995 1.2 1 0 0
1 19738 -5.94877 -44.7676 -31.9594 1.44366 1.2 1 0 0
1 19739 -3.96582 -43.4889 -31.1671 0.743856 1.2 1 0 0
1 19740 -5.17436 -43.4809 -30.6764 0.478171 1.2 1 0 0
1 19741 -3.99514 -44.7415 -31.2448 0.212974 1.2 1 0 0
1 19742 -1.33998 -42.5751 -30.6206 -0.00178187 1.2 1 0 0
1 19743 -3.36787 -43.4886 -29.7963 0.705414 1.2 1 0 0
1 19744 -1.70601 -41.7923 -30.8166 0.225184 1.2 1 0 0
1 19745 -4.00291 -46.2667 -33.4943 -0.0231952 1.2 1 0 0
1 19746 -4.97521 -47.0261 -32.3695 0.0520597 1.2 1 0 0
1 19747 -7.31069 -39.9006 -32.3167 1.04642 1.2 1 0 0
1 19748 -10.2815 -42.4267 -31.2326 1.04055 1.2 1 0 0
1 19749 -9.42377 -42.8365 -28.2701 1.12845 1.2 1 0 0
1 19750 -9.85534 -44.2594 -31.365 0.835042 1.2 1 0 0
1 19751 -9.16241 -40.1867 -30.5924 1.5 1.2 1 0 0
1 19753 -7.02184 -41.9332 -30.6871 0.449364 1.2 1 0 0
1 19754 -6.44587 -42.4986 -29.5337 0.956791 1.2 1 0 0
1 19755 -8.12286 -42.4823 -31.7759 1.18611 1.2 1 0 0
1 19757 -5.07138 -44.6387 -29.136 1.45162 1.2 1 0 0
1 19758 -8.6328 -46.2767 -29.104 0.596652 1.2 1 0 0
1 19759 -7.99738 -44.382 -29.8811 1.5 1.2 1 0 0
1 19760 -4.60605 -47.0811 -27.5454 1.5 1.2 1 0 0
1 19761 -3.0089 -41.9381 -31.0626 1.00646 1.2 1 0 0
1 19762 -5.10433 -38.5594 -32.2575 1.5 1.2 1 0 0
1 19763 -7.03343 -38.4594 -32.9239 0.541815 1.2 1 0 0
1 19764 -4.22771 -41.4474 -30.2889 0.473224 1.2 1 0 0
1 19765 -4.57757 -40.107 -30.7833 0.701318 1.2 1 0 0
1 19766 -4.42839 -40.5516 -33.686 0.660996 1.2 1 0 0
1 19767 -4.01805 -39.0289 -33.9256 0.531633 1.2 1 0 0
1 19768 -3.3417 -40.6448 -34.6839 -0.012033 1.2 1 0 0
1 19769 -3.14677 -38.876 -34.6631 -0.00118703 1.2 1 0 0
1 19771 3.84576 -52.6247 -32.0198 -0.00997411 1.2 1 0 0
1 19772 3.4025 -54.1459 -32.0536 -0.00382495 1.2 1 0 0
1 19773 -1.13112 -53.7073 -30.5776 -0.00247818 1.2 1 0 0
1 19774 1.04805 -53.3447 -32.5155 -0.00869328 1.2 1 0 0
1 19775 -5.52621 -51.7278 -30.0678 0.327431 1.2 1 0 0
1 19776 -7.2289 -50.801 -28.8252 1.5 1.2 1 0 0
1 19777 -6.12659 -50.9655 -30.7948 0.685054 1.2 1 0 0
1 19784 2.6294 -50.7338 -32.6603 -0.00975764 1.2 1 0 0
1 19785 -0.830498 -51.3955 -32.3087 -0.0233211 1.2 1 0 0
1 19787 0.768146 -47.4939 -32.9703 -0.0231835 1.2 1 0 0
1 19788 -0.293076 -52.2432 -34.2182 -0.00292593 1.2 1 0 0
1 19796 -0.221945 -36.48 -34.4285 -0.0096033 1.2 1 0 0
1 19798 0.284782 -38.0341 -33.2382 -0.00276381 1.2 1 0 0
1 19800 -1.77572 -39.7679 -34.2448 -0.00138605 1.2 1 0 0
1 19801 1.9239 -36.4647 -31.4829 -0.0123238 1.2 1 0 0
1 19802 1.27464 -37.7473 -31.6576 -0.00646245 1.2 1 0 0
1 19803 -0.455684 -38.1035 -31.4255 -0.0272704 1.2 1 0 0
1 19804 1.81172 -39.7272 -36.7979 -0.00518213 1.2 1 0 0
1 19805 0.689176 -38.5102 -35.5053 -0.00722878 1.2 1 0 0
1 19806 2.4921 -40.1103 -34.1378 -0.0247073 1.2 1 0 0
1 19807 1.4813 -40.2704 -34.7728 -0.00991943 1.2 1 0 0
1 19808 4.54646 -43.7839 -32.603 -0.00181898 1.2 1 0 0
1 19809 3.70275 -41.2307 -32.4489 -0.0287888 1.2 1 0 0
1 19810 -0.771125 -42.626 -32.6805 -0.000366453 1.2 1 0 0
1 19811 2.28494 -43.493 -32.0371 -0.0203372 1.2 1 0 0
1 19812 2.70237 -43.1876 -37.4066 -0.0127861 1.2 1 0 0
1 19814 3.96517 -35.8299 -36.2166 -0.0179548 1.2 1 0 0
1 19816 3.90552 -39.3566 -36.6744 -0.00827196 1.2 1 0 0
1 19959 6.16144 -56.4779 -31.4847 1.06986 1.2 1 0 0
1 19961 6.67849 -54.2077 -32.1175 0.79574 1.2 1 0 0
1 19962 7.0982 -54.7776 -35.2666 1.20339 1.2 1 0 0
1 20378 6.7814 -14.9294 -30.8047 0.80779 1.2 1 0 0
1 20379 6.25838 -18.6815 -31.6238 1.24954 1.2 1 0 0
1 20440 6.70106 -12.3445 -29.9807 0.931482 1.2 1 0 0
1 20493 2.45862 -31.3798 -32.3563 -0.010575 1.2 1 0 0
1 20495 0.830424 -32.6265 -33.7664 -0.00544366 1.2 1 0 0
1 20496 -0.0571268 -32.5703 -30.9957 0.126402 1.2 1 0 0
1 20497 2.06322 -34.7602 -31.0195 -0.00441856 1.2 1 0 0
1 20498 1.67239 -28.9584 -31.1038 0.123566 1.2 1 0 0
1 20499 0.688841 -30.4192 -33.2572 -0.0239444 1.2 1 0 0
1 20500 1.97227 -27.6218 -33.4755 -0.00740609 1.2 1 0 0
1 20501 1.96085 -29.3177 -33.9521 -0.00293991 1.2 1 0 0
1 20502 -2.39498 -33.5243 -31.6595 1.5 1.2 1 0 0
1 20503 -4.32195 -34.3652 -30.775 0.774569 1.2 1 0 0
1 20504 -4.77375 -36.0582 -33.2218 0.617949 1.2 1 0 0
1 20505 -4.21608 -35.6425 -32.8453 0.170288 1.2 1 0 0
1 20506 -2.32821 -35.6564 -30.9768 0.505244 1.2 1 0 0
1 20507 -4.27361 -36.186 -30.6627 0.433596 1.2 1 0 0
1 20508 -3.28441 -35.2017 -30.7564 0.557742 1.2 1 0 0
1 20509 -3.43005 -36.3954 -32.0315 1.18784 1.2 1 0 0
1 20510 -4.22846 -34.5848 -32.7673 0.890308 1.2 1 0 0
1 20511 -4.0617 -33.1133 -32.8516 0.589986 1.2 1 0 0
1 20512 -4.5518 -32.9459 -31.6624 0.707126 1.2 1 0 0
1 20513 -0.992639 -32.293 -30.4075 0.747226 1.2 1 0 0
1 20514 -3.99864 -32.3808 -30.1607 0.954091 1.2 1 0 0
1 20515 -0.924813 -29.7806 -29.2157 0.646726 1.2 1 0 0
1 20516 -3.21776 -31.0849 -30.1537 0.23279 1.2 1 0 0
1 20517 -1.83579 -32.8676 -30.0148 0.3404 1.2 1 0 0
1 20518 -1.01979 -32.3826 -32.3789 0.399554 1.2 1 0 0
1 20519 -2.43199 -31.8556 -33.106 0.708647 1.2 1 0 0
1 20520 -0.206302 -35.1896 -31.8111 -0.00616603 1.2 1 0 0
1 20521 -1.3999 -32.7694 -33.3482 0.351542 1.2 1 0 0
1 20522 -1.98944 -35.9782 -32.8858 0.537907 1.2 1 0 0
1 20523 -2.33957 -35.263 -32.4009 0.391031 1.2 1 0 0
1 20524 -2.18541 -34.6068 -33.5288 0.504044 1.2 1 0 0
1 20525 -3.08044 -35.7351 -33.7444 0.680961 1.2 1 0 0
1 20526 -0.604083 -33.8695 -30.7107 0.487239 1.2 1 0 0
1 20527 -1.18195 -35.3596 -31.3905 0.710288 1.2 1 0 0
1 20528 -1.51825 -35.093 -32.4593 0.414357 1.2 1 0 0
1 20529 -0.594169 -35.3218 -34.5903 -0.0324399 1.2 1 0 0
1 20530 0.909574 -34.5099 -34.6572 -0.0124818 1.2 1 0 0
1 20531 -2.2208 -36.1365 -33.8556 0.0934246 1.2 1 0 0
1 20543 -5.80705 -21.8933 -29.1537 0.556536 1.2 1 0 0
1 20544 -6.56114 -23.2163 -28.3833 1.14555 1.2 1 0 0
1 20582 -6.86963 -24.4833 -29.487 0.554186 1.2 1 0 0
1 20583 -8.07396 -24.6997 -28.6473 0.920492 1.2 1 0 0
1 20584 -7.8093 -26.5318 -29.4528 0.704997 1.2 1 0 0
1 20585 -5.90866 -25.8184 -28.2567 1.5 1.2 1 0 0
1 20586 1.47006 -26.7241 -31.6961 1.19092 1.2 1 0 0
1 20587 1.30142 -24.7725 -29.7737 1.5 1.2 1 0 0
1 20588 2.51352 -25.195 -31.3851 0.54318 1.2 1 0 0
1 20589 0.060598 -21.9228 -30.338 1.5 1.2 1 0 0
1 20590 0.982952 -23.4746 -31.2318 0.477924 1.2 1 0 0
1 20591 0.288514 -23.1903 -31.9591 0.556318 1.2 1 0 0
1 20592 2.22225 -28.4542 -30.1958 0.730661 1.2 1 0 0
1 20593 2.84536 -26.7906 -29.5279 1.05282 1.2 1 0 0
1 20595 2.84264 -23.2526 -31.8481 1.48056 1.2 1 0 0
1 20596 2.00452 -25.0998 -32.192 0.404717 1.2 1 0 0
1 20597 1.60374 -23.9959 -32.9047 0.307134 1.2 1 0 0
1 20600 -1.87469 -26.0819 -28.6453 0.826363 1.2 1 0 0
1 20601 -6.57086 -27.0443 -30.0142 0.742651 1.2 1 0 0
1 20602 -4.05685 -25.2174 -29.745 0.914312 1.2 1 0 0
1 20603 -5.43693 -24.391 -29.8632 0.698609 1.2 1 0 0
1 20606 -3.65282 -27.4987 -28.2332 1.02848 1.2 1 0 0
1 20607 -3.67088 -28.0436 -31.4633 0.644339 1.2 1 0 0
1 20608 -4.66186 -27.2108 -30.1744 1.1778 1.2 1 0 0
1 20609 -3.75882 -28.3887 -29.6815 0.360637 1.2 1 0 0
1 20612 -2.10913 -23.7763 -29.0622 1.5 1.2 1 0 0
1 20617 -4.5518 -22.9128 -29.3856 0.967229 1.2 1 0 0
1 20621 -3.98482 -23.671 -30.5944 0.195238 1.2 1 0 0
1 20622 -1.7527 -22.6084 -31.006 0.525531 1.2 1 0 0
1 20623 -3.3839 -24.2187 -30.704 0.625162 1.2 1 0 0
1 20624 -0.995218 -28.2388 -32.1003 0.639525 1.2 1 0 0
1 20625 -1.50076 -27.007 -32.045 0.606665 1.2 1 0 0
1 20626 -0.367722 -27.1768 -32.5334 0.593631 1.2 1 0 0
1 20627 -2.50687 -27.8644 -32.0738 0.462274 1.2 1 0 0
1 20628 0.675368 -27.5709 -29.3024 1.26214 1.2 1 0 0
1 20630 -0.58197 -26.0109 -29.5865 0.737233 1.2 1 0 0
1 20631 -0.558847 -25.621 -31.3439 1.0631 1.2 1 0 0
1 20632 -1.35217 -23.8307 -31.2159 0.774208 1.2 1 0 0
1 20633 -2.534 -25.597 -30.8317 0.974966 1.2 1 0 0
1 20634 -6.38719 -29.9734 -29.8373 0.336976 1.2 1 0 0
1 20635 -7.40131 -28.797 -28.8564 1.5 1.2 1 0 0
1 20637 -8.72455 -31.2152 -29.5937 1.33013 1.2 1 0 0
1 20638 -6.4605 -32.77 -30.5574 1.5 1.2 1 0 0
1 20640 -6.51418 -30.9945 -28.9771 0.869391 1.2 1 0 0
1 20642 -7.06428 -30.3952 -30.652 0.802701 1.2 1 0 0
1 20643 -5.94644 -30.8915 -31.4982 0.615285 1.2 1 0 0
1 20644 -13.051 -32.7123 -29.4299 0.64981 1.2 1 0 0
1 20645 -11.226 -32.0167 -28.8893 1.3505 1.2 1 0 0
1 20652 -12.5609 -35.3972 -30.2287 0.623001 1.2 1 0 0
1 20654 -11.708 -33.8434 -30.0135 0.777339 1.2 1 0 0
1 20655 -10.2424 -29.9022 -29.522 0.629785 1.2 1 0 0
1 20656 -9.26027 -29.2271 -29.6856 0.573233 1.2 1 0 0
1 20658 -11.3739 -29.4336 -27.6862 1.5 1.2 1 0 0
1 20659 -7.64271 -37.5786 -32.2833 0.700106 1.2 1 0 0
1 20660 -5.97996 -35.7602 -31.4667 1.5 1.2 1 0 0
1 20661 -7.98652 -36.0457 -31.9096 0.574607 1.2 1 0 0
1 20662 -11.2893 -37.0375 -29.7498 1.5 1.2 1 0 0
1 20663 -9.5502 -37.8688 -31.2659 0.944766 1.2 1 0 0
1 20664 -9.906 -35.7758 -30.1089 0.404756 1.2 1 0 0
1 20665 -9.5397 -35.6245 -31.2681 0.517771 1.2 1 0 0
1 20666 -9.38091 -33.9538 -29.928 1.5 1.2 1 0 0
1 20667 -8.44012 -36.3972 -30.2809 1.14196 1.2 1 0 0
1 20668 -7.86523 -34.5515 -31.4709 0.734049 1.2 1 0 0
1 20669 -8.17147 -33.3562 -31.3869 0.487063 1.2 1 0 0
1 20679 6.24898 -7.88946 -27.39 1.5 1.2 1 0 0
1 20680 5.98177 -10.3733 -28.5916 1.19739 1.2 1 0 0
1 20706 4.97786 -12.8637 -28.302 1.5 1.2 1 0 0
1 20713 2.84269 -12.4837 -29.042 0.725724 1.2 1 0 0
1 20714 3.61276 -13.6346 -29.8669 0.648607 1.2 1 0 0
1 20798 6.00608 -18.7929 -29.4532 0.445798 1.2 1 0 0
1 20801 2.49311 -16.2981 -30.1744 0.961536 1.2 1 0 0
1 20802 4.86788 -14.7204 -30.2003 0.993772 1.2 1 0 0
1 20806 4.81026 -17.1743 -29.7601 1.5 1.2 1 0 0
1 20807 4.16992 -17.6116 -31.5875 0.476007 1.2 1 0 0
1 20808 5.33496 -16.9712 -31.67 0.491002 1.2 1 0 0
1 20809 1.65071 -22.1985 -28.4552 0.979832 1.2 1 0 0
1 20813 -2.37667 -20.9285 -29.3544 1.29365 1.2 1 0 0
1 20814 -2.75868 -18.9755 -29.314 0.662193 1.2 1 0 0
1 20815 -0.986564 -20.0432 -30.3843 0.649799 1.2 1 0 0
1 20816 -1.47453 -19.1196 -29.8637 0.517305 1.2 1 0 0
1 20820 1.66812 -14.9633 -28.1181 1.5 1.2 1 0 0
1 20821 2.25725 -14.3484 -29.9164 0.486797 1.2 1 0 0
1 20823 2.52778 -17.5203 -28.2653 1.2016 1.2 1 0 0
1 20825 -1.90482 -16.9893 -28.2288 1.37833 1.2 1 0 0
1 20829 -0.694605 -15.1065 -28.733 0.838691 1.2 1 0 0
1 20830 0.237557 -16.6575 -29.4269 1.05798 1.2 1 0 0
1 20832 4.66892 -19.297 -30.6887 0.603485 1.2 1 0 0
1 20833 3.24132 -18.6549 -31.08 1.01004 1.2 1 0 0
1 20834 4.48798 -19.725 -32.1006 0.727835 1.2 1 0 0
1 20835 3.73112 -20.0002 -31.1936 0.425843 1.2 1 0 0
1 20836 1.0276 -19.8572 -31.0127 0.78258 1.2 1 0 0
1 20837 1.6435 -17.8621 -30.5362 0.854716 1.2 1 0 0
1 20838 1.93084 -19.0222 -30.1239 0.407879 1.2 1 0 0
1 20839 4.56919 -19.5938 -28.9977 1.04826 1.2 1 0 0
1 20840 2.61116 -20.4879 -29.9617 1.21613 1.2 1 0 0
1 20842 2.07951 -22.3808 -30.0033 0.587642 1.2 1 0 0
1 20843 3.17741 -20.7832 -31.9915 0.821678 1.2 1 0 0
1 20844 1.72778 -21.3176 -31.7063 0.740051 1.2 1 0 0
1 20845 2.20876 -19.7506 -31.6067 0.543849 1.2 1 0 0
1 20901 3.81738 -32.9528 -32.3583 -0.00753856 1.2 1 0 0
1 20903 5.03004 -35.3003 -33.4531 -0.00895058 1.2 1 0 0
1 20905 4.78249 -30.9437 -32.1199 -0.00516238 1.2 1 0 0
1 20906 4.15574 -30.3828 -35.1933 -0.0119006 1.2 1 0 0
1 20908 4.62489 -33.8526 -30.7462 -0.0387017 1.2 1 0 0
1 20910 4.55948 -33.7175 -35.3806 -0.0135526 1.2 1 0 0
1 20911 3.04396 -35.0871 -34.5103 -0.0013235 1.2 1 0 0
1 20912 4.32649 -35.032 -34.5055 -0.013601 1.2 1 0 0
1 20916 3.88345 -27.2436 -31.9148 0.293063 1.2 1 0 0
1 20917 4.8024 -27.1599 -33.0325 -0.00293726 1.2 1 0 0
1 20919 5.68973 -27.8055 -31.7758 0.270359 1.2 1 0 0
1 20942 5.71795 -23.1879 -31.6088 0.588558 1.2 1 0 0
1 20943 4.74201 -23.5743 -30.9269 0.650365 1.2 1 0 0
1 20944 4.91193 -22.5459 -32.9027 0.862367 1.2 1 0 0
1 20945 4.4947 -25.6886 -31.2312 1.5 1.2 1 0 0
1 20946 5.83283 -24.2913 -31.4973 0.405428 1.2 1 0 0
1 20948 5.90214 -23.1223 -30.2324 0.418775 1.2 1 0 0
1 20949 4.18401 -25.1442 -29.0157 0.802486 1.2 1 0 0
1 20950 3.42574 -26.4801 -32.7089 0.234097 1.2 1 0 0
1 20951 2.9543 -25.2661 -32.8547 0.650477 1.2 1 0 0
1 20952 3.79418 -24.629 -32.5589 0.337443 1.2 1 0 0
1 20953 4.55496 -24.8252 -33.3507 0.747049 1.2 1 0 0
1 20957 5.49373 -20.0787 -31.8806 0.303641 1.2 1 0 0
1 20958 6.02662 -20.63 -32.7001 0.818641 1.2 1 0 0
1 20961 5.04338 -21.4116 -30.7416 1.5 1.2 1 0 0
1 20964 6.66441 -21.9979 -33.2202 0.769828 1.2 1 0 0
1 20972 5.80574 -25.4038 -34.1236 0.520301 1.2 1 0 0
1 20978 7.51359 -26.3486 -33.826 1.35218 1.2 1 0 0
1 27011 -17.9365 -47.301 -28.8653 0.782184 1.2 1 0 0
1 27100 -10.4188 -52.9632 -27.9581 1.25323 1.2 1 0 0
1 27107 -9.17362 -51.354 -29.6618 0.68806 1.2 1 0 0
1 27108 -10.4552 -51.6233 -29.4237 0.635178 1.2 1 0 0
1 27109 -8.21514 -47.8769 -27.8131 1.5 1.2 1 0 0
1 27112 -8.71883 -52.4854 -28.8882 0.742641 1.2 1 0 0
1 27113 -7.94382 -52.2949 -29.7319 0.388073 1.2 1 0 0
1 27115 -9.85508 -45.3245 -27.9723 1.32201 1.2 1 0 0
1 27132 -11.5054 -47.6998 -30.8119 0.448764 1.2 1 0 0
1 27133 -10.0665 -46.2222 -30.4696 1.33094 1.2 1 0 0
1 27134 -11.9294 -46.1616 -30.9564 0.560437 1.2 1 0 0
1 27135 -10.5924 -47.9218 -29.6336 0.63477 1.2 1 0 0
1 27136 -12.645 -46.53 -29.0568 1.5 1.2 1 0 0
1 27137 -14.3901 -47.3102 -30.1087 0.643218 1.2 1 0 0
1 27138 -12.3219 -47.2365 -30.7856 0.395405 1.2 1 0 0
1 27139 -11.981 -48.6388 -29.9863 0.888943 1.2 1 0 0
1 27140 -10.3318 -44.164 -29.7446 0.848527 1.2 1 0 0
1 27141 -12.5399 -43.6476 -30.1528 0.175601 1.2 1 0 0
1 27142 -11.975 -44.4907 -30.7102 0.9822 1.2 1 0 0
1 27143 -11.1167 -43.6442 -31.5564 0.464669 1.2 1 0 0
1 27173 -11.3243 -50.0977 -28.2086 1.5 1.2 1 0 0
1 27175 -12.5088 -52.2466 -28.6728 0.984199 1.2 1 0 0
1 27678 -16.2716 -35.843 -29.0612 0.64872 1.2 1 0 0
1 27679 -17.4451 -39.9419 -29.2545 0.990823 1.2 1 0 0
1 27685 -15.1895 -41.4665 -30.6491 0.370908 1.2 1 0 0
1 27686 -16.0015 -40.9314 -29.9883 0.729529 1.2 1 0 0
1 28890 5.60903 -50.7551 -33.3717 0.171009 1.2 1 0 0
1 28891 5.62053 -49.517 -34.0529 0.286826 1.2 1 0 0
1 28892 7.15835 -50.0984 -32.3575 1.18059 1.2 1 0 0
1 28894 7.3775 -52.1014 -35.5286 1.5 1.2 1 0 0
1 28895 6.71657 -49.7429 -34.809 1.01983 1.2 1 0 0
1 28896 4.66931 -50.8159 -34.6911 -0.00388581 1.2 1 0 0
1 28898 2.36898 -48.674 -34.2806 -0.00501929 1.2 1 0 0
1 28899 2.89218 -49.1218 -34.7522 -0.00221553 1.2 1 0 0
1 28900 3.93677 -49.7014 -31.9274 -0.0113419 1.2 1 0 0
1 28901 2.90659 -49.2463 -32.8957 -0.000519857 1.2 1 0 0
1 28906 6.05736 -51.6683 -33.6087 0.731936 1.2 1 0 0
1 28909 4.35302 -54.1307 -35.5177 0.444131 1.2 1 0 0
1 28910 3.96801 -53.5741 -35.2956 0.144775 1.2 1 0 0
1 28911 5.08903 -52.248 -33.864 0.202359 1.2 1 0 0
1 28912 5.50134 -54.2107 -33.7673 0.976272 1.2 1 0 0
1 28913 5.56901 -51.2693 -36.8258 0.700499 1.2 1 0 0
1 28914 6.15714 -52.6202 -36.9558 0.448022 1.2 1 0 0
1 28915 5.45044 -52.3198 -36.8839 0.320046 1.2 1 0 0
1 28916 4.26264 -50.807 -36.366 0.364224 1.2 1 0 0
1 28928 2.91734 -47.579 -32.8695 -0.0119536 1.2 1 0 0
1 28929 2.39087 -46.4995 -32.9577 -0.00662874 1.2 1 0 0
1 28930 1.22018 -46.9627 -33.4136 -0.0105708 1.2 1 0 0
1 28931 1.5984 -45.4887 -33.6189 -0.00495251 1.2 1 0 0
1 28932 1.80499 -45.2586 -30.4412 -0.0124672 1.2 1 0 0
1 28933 2.02785 -45.2161 -32.4069 -0.00253804 1.2 1 0 0
1 28934 3.40473 -44.6425 -33.6462 -0.0110707 1.2 1 0 0
1 28935 3.69241 -46.42 -33.2772 -0.00303504 1.2 1 0 0
1 28943 4.32261 -45.351 -30.4932 -0.024085 1.2 1 0 0
1 28944 3.7361 -44.9262 -32.257 -0.00545413 1.2 1 0 0
1 28946 4.50184 -45.5285 -32.5129 -0.0169222 1.2 1 0 0
1 28954 1.19326 -46.5545 -36.7756 -0.0164607 1.2 1 0 0
1 28955 2.5708 -46.7481 -37.2208 -0.0114727 1.2 1 0 0
1 28956 4.7369 -46.9879 -34.3958 -0.00367827 1.2 1 0 0
1 28959 3.96625 -48.6689 -34.7861 -0.0173431 1.2 1 0 0
1 28960 6.91899 -49.9873 -37.1416 1.15672 1.2 1 0 0
1 28961 5.28613 -49.9716 -37.362 0.429664 1.2 1 0 0
1 28962 5.5471 -48.6604 -36.2386 0.772137 1.2 1 0 0
1 28963 4.83434 -47.1698 -37.5614 0.560468 1.2 1 0 0
1 28964 6.45048 -45.7554 -37.1112 1.2831 1.2 1 0 0
1 28966 6.24465 -47.1874 -35.0746 0.644192 1.2 1 0 0
1 28967 -2.36897 -44.4199 -29.3195 0.64971 1.2 1 0 0
1 28969 -3.11557 -47.0436 -34.5775 -0.00519465 1.2 1 0 0
1 28970 -2.25713 -44.4508 -34.7801 -0.0183534 1.2 1 0 0
1 28971 -4.90369 -44.7164 -33.5904 0.0148515 1.2 1 0 0
1 28972 -3.70071 -43.9436 -34.5535 -0.0151262 1.2 1 0 0
1 28973 -8.74113 -39.2856 -32.3477 0.510897 1.2 1 0 0
1 28974 -8.48291 -38.374 -32.0831 0.472924 1.2 1 0 0
1 28975 -7.18195 -38.3187 -30.6985 1.10863 1.2 1 0 0
1 28976 -6.76191 -40.685 -30.1744 0.924793 1.2 1 0 0
1 28977 -7.03304 -41.3295 -32.9223 0.530195 1.2 1 0 0
1 28978 -8.49697 -40.9239 -32.3995 0.522431 1.2 1 0 0
1 28979 -7.78643 -40.9923 -31.5698 0.355212 1.2 1 0 0
1 28980 -8.29497 -41.1287 -31.7311 0.179073 1.2 1 0 0
1 28981 -9.31876 -42.5935 -29.949 0.571191 1.2 1 0 0
1 28982 -8.01748 -41.7023 -29.164 0.843416 1.2 1 0 0
1 28983 -9.14155 -38.0799 -29.5962 0.772244 1.2 1 0 0
1 28984 -10.6544 -38.8681 -31.4001 0.550074 1.2 1 0 0
1 28985 -9.70723 -40.5311 -32.2631 0.289043 1.2 1 0 0
1 28986 -10.8605 -40.9382 -31.541 0.58524 1.2 1 0 0
1 28987 -8.00522 -44.2933 -32.0973 0.585736 1.2 1 0 0
1 28988 -8.78558 -43.87 -31.7023 0.352302 1.2 1 0 0
1 28990 -4.24924 -46.4661 -29.4954 0.57559 1.2 1 0 0
1 28993 -6.37512 -44.3915 -30.411 0.205824 1.2 1 0 0
1 28994 -6.59501 -46.2986 -28.7619 0.829705 1.2 1 0 0
1 28995 -6.40934 -45.6648 -30.1654 0.523926 1.2 1 0 0
1 28996 -8.56253 -46.0491 -29.9793 0.260408 1.2 1 0 0
1 29005 -5.26383 -46.5228 -30.6607 0.838698 1.2 1 0 0
1 29006 -6.04229 -46.5962 -31.4672 0.271338 1.2 1 0 0
1 29007 -5.81379 -46.9257 -32.4267 0.768545 1.2 1 0 0
1 29008 -8.8707 -46.5303 -31.7012 0.40116 1.2 1 0 0
1 29009 -7.46398 -47.3152 -30.6915 1.5 1.2 1 0 0
1 29010 -6.99569 -49.7686 -30.9237 0.746586 1.2 1 0 0
1 29011 -6.42755 -48.4024 -29.064 0.711634 1.2 1 0 0
1 29012 -6.65572 -49.1411 -29.9499 0.460701 1.2 1 0 0
1 29013 -8.32868 -45.5308 -31.7691 0.734732 1.2 1 0 0
1 29014 -7.60989 -45.1587 -32.5178 0.351893 1.2 1 0 0
1 29015 -6.91214 -46.3593 -32.3901 0.466008 1.2 1 0 0
1 29016 -2.72545 -39.2895 -31.3698 0.658112 1.2 1 0 0
1 29017 -1.98473 -40.4916 -31.616 0.39122 1.2 1 0 0
1 29018 -2.54047 -40.0726 -32.614 0.26377 1.2 1 0 0
1 29019 -3.52635 -40.4126 -32.0958 0.90071 1.2 1 0 0
1 29020 -3.80181 -41.5041 -32.7668 0.406648 1.2 1 0 0
1 29021 -2.77823 -41.3585 -32.2418 0.314057 1.2 1 0 0
1 29022 -2.75367 -41.0777 -31.8049 0.158197 1.2 1 0 0
1 29023 -6.1161 -40.0838 -31.458 0.436197 1.2 1 0 0
1 29024 -6.58551 -37.8138 -32.8203 0.250777 1.2 1 0 0
1 29025 -5.99447 -38.2849 -30.1173 0.213897 1.2 1 0 0
1 29026 -5.75552 -39.6503 -30.5698 0.571816 1.2 1 0 0
1 29027 -3.70102 -38.9251 -30.9248 0.469593 1.2 1 0 0
1 29028 -3.11781 -38.0094 -31.2476 0.622358 1.2 1 0 0
1 29029 -5.23029 -41.5527 -29.8886 0.453806 1.2 1 0 0
1 29030 -5.41495 -41.8665 -31.8082 1.5 1.2 1 0 0
1 29031 4.71142 -52.0864 -30.6206 -0.0019077 1.2 1 0 0
1 29032 3.99716 -50.7738 -30.8957 -0.0045388 1.2 1 0 0
1 29035 1.42577 -56.8093 -31.9391 -0.000734814 1.2 1 0 0
1 29036 2.77583 -57.7166 -31.513 -0.00333497 1.2 1 0 0
1 29037 -0.0530265 -55.1242 -31.7863 -0.0078681 1.2 1 0 0
1 29038 -0.756347 -56.7392 -30.7334 -0.0165733 1.2 1 0 0
1 29040 1.99915 -56.1138 -30.801 -0.000288335 1.2 1 0 0
1 29041 1.61144 -55.7874 -31.3675 -0.0197396 1.2 1 0 0
1 29042 1.10212 -55.0749 -33.3678 -0.00261682 1.2 1 0 0
1 29043 1.65705 -51.9967 -30.3389 -0.00435231 1.2 1 0 0
1 29046 5.21278 -54.6795 -31.8641 0.0837843 1.2 1 0 0
1 29047 4.66138 -56.4498 -33.2765 0.496313 1.2 1 0 0
1 29048 4.67378 -55.5358 -32.112 0.00628634 1.2 1 0 0
1 29049 2.89639 -53.4544 -34.5731 -0.0038626 1.2 1 0 0
1 29050 3.91603 -54.4022 -32.4473 -0.00486169 1.2 1 0 0
1 29051 3.62809 -56.7161 -32.2505 -0.0292928 1.2 1 0 0
1 29052 4.42022 -56.0997 -30.6071 -0.00370982 1.2 1 0 0
1 29053 4.62937 -57.4889 -32.16 0.188089 1.2 1 0 0
1 29054 3.93024 -57.3091 -32.6873 -0.00418305 1.2 1 0 0
1 29055 3.77922 -55.415 -33.498 -0.000737226 1.2 1 0 0
1 29056 3.73246 -54.6999 -34.7388 -0.00119979 1.2 1 0 0
1 29065 -3.16303 -53.4251 -31.7823 -0.01128 1.2 1 0 0
1 29066 -3.89519 -54.3493 -30.4824 -0.0110544 1.2 1 0 0
1 29068 -5.18171 -49.3653 -28.3881 1.00183 1.2 1 0 0
1 29082 -3.07137 -48.9346 -31.2553 -0.00824408 1.2 1 0 0
1 29083 -3.47771 -49.719 -30.7131 -0.0242397 1.2 1 0 0
1 29084 -5.55723 -48.5931 -30.871 0.757244 1.2 1 0 0
1 29085 -6.10824 -49.9693 -31.7082 0.396156 1.2 1 0 0
1 29086 -4.98652 -49.0978 -32.9048 -0.0213697 1.2 1 0 0
1 29089 -3.67266 -52.4394 -32.2312 -0.00752939 1.2 1 0 0
1 29090 -4.96287 -50.9622 -32.3476 -0.017059 1.2 1 0 0
1 29091 -4.4156 -50.5625 -32.5481 -0.010862 1.2 1 0 0
1 29117 0.64268 -50.0215 -31.2838 -0.00917773 1.2 1 0 0
1 29118 0.91767 -50.6618 -30.3099 -0.0037675 1.2 1 0 0
1 29119 0.39519 -50.4195 -32.8133 -0.011708 1.2 1 0 0
1 29120 0.827116 -52.0167 -32.9781 -0.00234409 1.2 1 0 0
1 29121 0.996596 -51.2879 -33.1479 -0.00138462 1.2 1 0 0
1 29123 0.349736 -45.2956 -33.003 -0.0185446 1.2 1 0 0
1 29124 -3.22858 -47.7618 -33.818 -0.0106136 1.2 1 0 0
1 29125 -2.62688 -46.9529 -32.0724 -0.00642069 1.2 1 0 0
1 29127 -0.217003 -46.8454 -31.583 -0.00198134 1.2 1 0 0
1 29129 0.0424533 -46.5975 -34.2922 -0.0094455 1.2 1 0 0
1 29130 -0.415952 -47.9077 -35.3982 -0.0178626 1.2 1 0 0
1 29131 2.88776 -48.1508 -30.8327 -0.019921 1.2 1 0 0
1 29132 1.59648 -49.3918 -30.7813 -0.0203853 1.2 1 0 0
1 29133 -1.4464 -49.5001 -32.0538 -0.0212638 1.2 1 0 0
1 29134 -1.9106 -47.4653 -30.7794 -0.0228001 1.2 1 0 0
1 29135 0.874878 -50.1964 -35.3813 -0.0108223 1.2 1 0 0
1 29136 0.381738 -52.1278 -34.793 -0.00301086 1.2 1 0 0
1 29137 1.99406 -52.0735 -35.4037 -0.0163271 1.2 1 0 0
1 29138 -2.35495 -50.0996 -32.2065 -0.0273595 1.2 1 0 0
1 29139 -0.84738 -49.5531 -33.2343 -0.0035515 1.2 1 0 0
1 29140 -1.38821 -49.6129 -34.8214 -0.000176474 1.2 1 0 0
1 29141 -2.04078 -50.6763 -33.8545 -0.00742212 1.2 1 0 0
1 29142 -1.76322 -52.4791 -33.3099 -0.0116521 1.2 1 0 0
1 29150 5.21696 -44.1777 -37.794 0.267014 1.2 1 0 0
1 29159 7.47699 -40.2181 -37.2993 1.25456 1.2 1 0 0
1 29161 6.58313 -42.8111 -37.5972 1.0767 1.2 1 0 0
1 29163 0.744122 -39.4378 -32.0399 -0.00188518 1.2 1 0 0
1 29164 -0.578395 -41.299 -30.9595 -0.0218928 1.2 1 0 0
1 29165 -0.372636 -40.5749 -35.7843 -0.0215401 1.2 1 0 0
1 29166 -1.95156 -41.3531 -35.4035 -0.0174328 1.2 1 0 0
1 29167 -1.44257 -38.5949 -35.0998 -0.00142373 1.2 1 0 0
1 29168 -2.36025 -37.9992 -32.7076 0.581451 1.2 1 0 0
1 29169 -1.30492 -36.9896 -31.5389 0.311891 1.2 1 0 0
1 29170 4.14029 -43.4856 -31.056 -0.00495428 1.2 1 0 0
1 29173 4.71645 -42.855 -34.4073 -0.0246012 1.2 1 0 0
1 29174 1.23024 -41.5422 -33.9468 -0.0256588 1.2 1 0 0
1 29175 1.09267 -42.4744 -33.7425 -0.00430452 1.2 1 0 0
1 29176 -1.04442 -42.1151 -35.6039 -0.0144879 1.2 1 0 0
1 29177 -1.80566 -43.7631 -35.5687 -0.0203622 1.2 1 0 0
1 29178 0.531482 -44.3217 -36.3377 -0.0207707 1.2 1 0 0
1 29179 -0.729919 -43.8538 -35.2277 -0.00981916 1.2 1 0 0
1 29180 2.18287 -41.0069 -31.5019 -0.00344861 1.2 1 0 0
1 29181 2.34607 -41.8115 -31.3219 -0.0204567 1.2 1 0 0
1 29182 1.75302 -41.5175 -31.8444 -0.0245749 1.2 1 0 0
1 29183 1.85603 -43.8197 -31.1048 -0.00603478 1.2 1 0 0
1 29185 1.65256 -42.3168 -30.9841 -0.0232568 1.2 1 0 0
1 29186 2.39626 -42.8475 -32.2885 -0.00944246 1.2 1 0 0
1 29187 4.38972 -44.5604 -37.0155 -0.00245365 1.2 1 0 0
1 29188 4.37108 -43.4666 -35.7528 -0.00614825 1.2 1 0 0
1 29189 4.71899 -44.017 -35.3162 -0.0320565 1.2 1 0 0
1 29190 1.89205 -43.9301 -35.5825 -0.00578199 1.2 1 0 0
1 29191 1.6529 -45.6086 -36.9637 -0.0106088 1.2 1 0 0
1 29192 1.645 -43.617 -36.9038 -0.0267616 1.2 1 0 0
1 29193 2.81233 -40.8884 -36.1554 -0.00237647 1.2 1 0 0
1 29194 2.97667 -43.594 -34.778 -0.0280631 1.2 1 0 0
1 29196 4.11926 -36.8463 -35.9965 -0.00464986 1.2 1 0 0
1 29197 4.57099 -37.7548 -35.336 -0.0243593 1.2 1 0 0
1 29198 3.58071 -37.8313 -33.6591 -0.00951078 1.2 1 0 0
1 29199 3.79408 -38.5075 -36.1539 -0.0228333 1.2 1 0 0
1 29200 3.14688 -37.889 -36.6027 -0.00487634 1.2 1 0 0
1 29201 4.01461 -41.1025 -37.4706 -0.00327004 1.2 1 0 0
1 29203 5.00874 -40.3295 -37.4776 -0.0134611 1.2 1 0 0
1 29204 4.73514 -38.2422 -32.2175 -0.0272257 1.2 1 0 0
1 29205 3.90758 -36.3946 -31.7487 -0.00812797 1.2 1 0 0
1 29207 4.13544 -40.6713 -32.5506 -0.00862003 1.2 1 0 0
1 29208 4.89296 -40.5266 -33.1998 -0.0113467 1.2 1 0 0
1 29531 4.6799 -57.7862 -30.6863 -0.000551348 1.2 1 0 0
1 29532 2.47939 -57.6041 -31.0616 -0.0121852 1.2 1 0 0
1 29715 6.20497 -57.6328 -32.9243 0.502884 1.2 1 0 0
1 29718 5.7403 -56.0565 -33.3041 0.550948 1.2 1 0 0
1 29719 7.10181 -56.688 -33.7863 1.02546 1.2 1 0 0
1 31871 1.23676 -34.4398 -32.1757 -0.0122648 1.2 1 0 0
1 31872 0.675714 -34.6755 -30.8527 -0.00103752 1.2 1 0 0
1 31873 1.85254 -33.7422 -30.5931 -0.00185869 1.2 1 0 0
1 31874 2.52836 -33.5573 -31.0248 -0.00275855 1.2 1 0 0
1 31876 2.06405 -35.8696 -32.2037 -0.0139673 1.2 1 0 0
1 31877 0.412664 -29.6328 -30.1744 0.959325 1.2 1 0 0
1 31878 -0.113082 -31.1908 -30.0838 0.687433 1.2 1 0 0
1 31879 -1.11877 -33.3685 -30.3016 0.339052 1.2 1 0 0
1 31880 -1.34579 -33.0448 -29.9623 0.167022 1.2 1 0 0
1 31881 -1.28643 -30.4682 -31.8965 1.27787 1.2 1 0 0
1 31882 -0.0680162 -28.4427 -32.7339 0.451798 1.2 1 0 0
1 31883 -3.01999 -31.0876 -30.8427 0.483876 1.2 1 0 0
1 31884 -2.96567 -30.3208 -31.4068 0.467992 1.2 1 0 0
1 31885 -4.56309 -29.9925 -30.1744 1.5 1.2 1 0 0
1 31886 -5.01079 -30.6439 -31.9693 0.461092 1.2 1 0 0
1 31887 -2.92178 -29.1753 -31.9157 0.786264 1.2 1 0 0
1 31888 -3.74531 -31.4715 -32.0737 0.99177 1.2 1 0 0
1 31889 -4.07522 -29.9551 -32.1119 0.496702 1.2 1 0 0
1 31891 -2.18778 -30.6261 -29.7507 0.964578 1.2 1 0 0
1 31902 0.854201 -24.514 -32.1105 0.88875 1.2 1 0 0
1 31903 -0.055943 -25.1672 -32.5415 0.311611 1.2 1 0 0
1 31904 -1.84369 -22.2789 -30.1744 0.373643 1.2 1 0 0
1 31906 -6.39055 -29.0837 -30.7483 0.620119 1.2 1 0 0
1 31907 -6.04317 -28.1714 -30.1901 0.503675 1.2 1 0 0
1 31949 2.53236 -31.3918 -34.4812 -0.011339 1.2 1 0 0
1 31950 3.55444 -29.8842 -33.3914 -0.00708733 1.2 1 0 0
1 31951 3.71494 -33.9903 -30.7662 -0.0246837 1.2 1 0 0
1 31953 2.50508 -32.8806 -35.0825 -0.00787762 1.2 1 0 0
1 31954 3.71649 -32.3978 -35.2994 -0.0190461 1.2 1 0 0
1 31959 4.90985 -29.4656 -31.4778 -0.0105352 1.2 1 0 0
1 31960 3.12199 -27.7155 -31.8129 0.0576144 1.2 1 0 0
1 31961 4.36211 -27.9773 -30.1363 0.738933 1.2 1 0 0
1 31986 4.06156 -22.9129 -30.6102 0.289608 1.2 1 0 0
1 31987 3.77655 -21.8224 -32.8402 0.482509 1.2 1 0 0
1 31988 3.51091 -23.1958 -29.2116 1.23994 1.2 1 0 0
1 31991 4.40748 -26.6384 -29.4134 0.520334 1.2 1 0 0
1 31994 6.4319 -24.0436 -33.1183 1.28111 1.2 1 0 0
1 31996 5.94386 -26.9022 -32.5097 0.692416 1.2 1 0 0
1 31997 5.65111 -26.1711 -33.9653 0.18666 1.2 1 0 0
1 41107 -1.59323 -38.7926 -27.9115 1.50296 0.6 2 0 0
1 41109 -2.0834 -36.112 -29.3087 1.09866 0.6 2 0 0
1 41115 -4.98372 -41.9632 -26.623 2 0.6 2 0 0
1 41116 -2.13259 -42.0391 -28.5664 1.22836 0.6 2 0 0
1 41117 -3.6689 -40.3845 -29.1275 1.03075 0.6 2 0 0
1 41118 -4.60047 -38.0019 -28.7543 1.45148 0.6 2 0 0
1 41211 -2.50285 -34.4477 -26.7288 2 0.6 2 0 0
1 41213 -0.943178 -33.84 -29.1141 0.910688 0.6 2 0 0
1 43570 -1.94143 -27.9143 -30.1954 1.5 1.2 3 0 0
1 43572 -9.71824 -28.0993 -28.8186 0.908247 1.2 3 0 0
1 43573 -5.43584 -20.4345 -28.1126 1.11444 1.2 3 0 0
1 43575 0.456011 -19.1685 -28.9129 1.5 1.2 3 0 0
1 47778 -15.6261 -46.1343 -29.1971 1.28746 1.2 3 0 0
1 47780 -16.4524 -49.3228 -29.0034 0.662175 1.2 3 0 0
1 47815 -14.2066 -51.5592 -28.9352 0.803252 1.2 3 0 0
1 47855 -6.66824 -53.9958 -28.1333 1.22302 1.2 3 0 0
1 47859 -9.29136 -49.3327 -29.8687 1.2339 1.2 3 0 0
1 47862 -14.8823 -44.1266 -27.3613 1.5 1.2 3 0 0
1 47864 -13.4787 -44.5557 -29.7901 0.762198 1.2 3 0 0
1 47880 -14.2963 -49.2192 -28.8791 1.5 1.2 3 0 0
1 48179 -13.7728 -31.7835 -27.6304 1.5 1.2 3 0 0
1 48215 -12.8198 -34.2835 -28.3481 1.27003 1.2 3 0 0
1 48223 -14.1507 -34.7831 -29.61 0.630848 1.2 3 0 0
1 48224 -14.7275 -33.5205 -28.9172 0.860419 1.2 3 0 0
1 48327 -13.7104 -38.8348 -29.0195 0.8032 1.2 3 0 0
1 48329 -12.0658 -39.8097 -30.3711 1.43429 1.2 3 0 0
1 48330 -14.3355 -36.6012 -28.4714 1.5 1.2 3 0 0
1 48333 -12.5468 -38.0316 -30.924 0.487074 1.2 3 0 0
1 48338 -17.2019 -42.3726 -28.8167 1.47762 1.2 3 0 0
1 48339 -19.4625 -40.9636 -28.6793 0.825452 1.2 3 0 0
1 48344 -16.4053 -44.2931 -29.643 0.759725 1.2 3 0 0
1 48345 -17.9373 -45.1393 -27.9978 1.5 1.2 3 0 0
1 48347 -17.6656 -44.0856 -29.6393 0.469442 1.2 3 0 0
1 48352 -19.0636 -39.0821 -28.6597 0.845565 1.2 3 0 0
1 48359 -15.7871 -38.3004 -29.5268 0.953205 1.2 3 0 0
1 48361 -17.6019 -37.2316 -27.7915 1.5 1.2 3 0 0
1 48364 -11.8734 -42.4777 -29.1529 1.5 1.2 3 0 0
1 48365 -15.2955 -40.1702 -28.015 1.5 1.2 3 0 0
1 48370 -11.8849 -41.7777 -31.2223 0.684612 1.2 3 0 0
1 48371 -14.5995 -42.8357 -29.8197 1.29102 1.2 3 0 0
1 48372 -14.3491 -40.4873 -30.2431 0.941433 1.2 3 0 0
1 51785 4.90996 -52.4049 -35.6965 0.941666 1.2 3 0 0
1 51789 8.17627 -47.8424 -36.0235 1.5 1.2 3 0 0
1 51790 2.71637 -49.5114 -36.4107 -0.00549492 1.2 3 0 0
1 51791 -0.368355 -46.3944 -35.9824 -0.0362204 1.2 3 0 0
1 51792 2.45095 -46.385 -36.0409 -0.00416791 1.2 3 0 0
1 51793 5.08141 -46.5888 -35.8588 -0.00398826 1.2 3 0 0
1 51794 4.19262 -47.0952 -37.2699 -0.00298757 1.2 3 0 0
1 51795 6.51651 -48.1022 -37.6607 0.839516 1.2 3 0 0
1 51796 -3.1842 -41.4765 -33.2351 -0.00438978 1.2 3 0 0
1 51797 -3.01875 -43.4231 -31.5069 -0.00482394 1.2 3 0 0
1 51798 -1.10265 -44.7173 -32.176 -0.00764566 1.2 3 0 0
1 51799 -1.22527 -43.6572 -32.9166 -0.000388995 1.2 3 0 0
1 51800 -5.94877 -44.7676 -31.9594 1.44366 1.2 3 0 0
1 51801 -3.96582 -43.4889 -31.1671 0.743856 1.2 3 0 0
1 51802 -5.17436 -43.4809 -30.6764 0.478171 1.2 3 0 0
1 51803 -3.99514 -44.7415 -31.2448 0.212974 1.2 3 0 0
1 51804 -1.33998 -42.5751 -30.6206 -0.00178187 1.2 3 0 0
1 51805 -3.36787 -43.4886 -29.7963 0.705414 1.2 3 0 0
1 51806 -1.70601 -41.7923 -30.8166 0.225184 1.2 3 0 0
1 51807 -4.00291 -46.2667 -33.4943 -0.0231952 1.2 3 0 0
1 51808 -4.97521 -47.0261 -32.3695 0.0520597 1.2 3 0 0
1 51809 -7.31069 -39.9006 -32.3167 1.04642 1.2 3 0 0
1 51810 -10.2815 -42.4267 -31.2326 1.04055 1.2 3 0 0
1 51811 -9.42377 -42.8365 -28.2701 1.12845 1.2 3 0 0
1 51812 -9.85534 -44.2594 -31.365 0.835042 1.2 3 0 0
1 51813 -9.16241 -40.1867 -30.5924 1.5 1.2 3 0 0
1 51815 -7.02184 -41.9332 -30.6871 0.449364 1.2 3 0 0
1 51816 -6.44587 -42.4986 -29.5337 0.956791 1.2 3 0 0
1 51817 -8.12286 -42.4823 -31.7759 1.18611 1.2 3 0 0
1 51819 -5.07138 -44.6387 -29.136 1.45162 1.2 3 0 0
1 51820 -8.6328 -46.2767 -29.104 0.596652 1.2 3 0 0
1 51821 -7.99738 -44.382 -29.8811 1.5 1.2 3 0 0
1 51822 -4.60605 -47.0811 -27.5454 1.5 1.2 3 0 0
1 51823 -3.0089 -41.9381 -31.0626 1.00646 1.2 3 0 0
1 51824 -5.10433 -38.5594 -32.2575 1.5 1.2 3 0 0
1 51825 -7.03343 -38.4594 -32.9239 0.541815 1.2 3 0 0
1 51826 -4.22771 -41.4474 -30.2889 0.473224 1.2 3 0 0
1 51827 -4.57757 -40.107 -30.7833 0.701318 1.2 3 0 0
1 51828 -4.42839 -40.5516 -33.686 0.660996 1.2 3 0 0
1 51829 -4.01805 -39.0289 -33.9256 0.531633 1.2 3 0 0
1 51830 -3.3417 -40.6448 -34.6839 -0.012033 1.2 3 0 0
1 51831 -3.14677 -38.876 -34.6631 -0.00118703 1.2 3 0 0
1 51833 3.84576 -52.6247 -32.0198 -0.00997411 1.2 3 0 0
1 51834 3.4025 -54.1459 -32.0536 -0.00382495 1.2 3 0 0
1 51835 -1.13112 -53.7073 -30.5776 -0.00247818 1.2 3 0 0
1 51836 1.04805 -53.3447 -32.5155 -0.00869328 1.2 3 0 0
1 51837 -5.52621 -51.7278 -30.0678 0.327431 1.2 3 0 0
1 51838 -7.2289 -50.801 -28.8252 1.5 1.2 3 0 0
1 51839 -6.12659 -50.9655 -30.7948 0.685054 1.2 3 0 0
1 51846 2.6294 -50.7338 -32.6603 -0.00975764 1.2 3 0 0
1 51847 -0.830498 -51.3955 -32.3087 -0.0233211 1.2 3 0 0
1 51849 0.768146 -47.4939 -32.9703 -0.0231835 1.2 3 0 0
1 51850 -0.293076 -52.2432 -34.2182 -0.00292593 1.2 3 0 0
1 51858 -0.221945 -36.48 -34.4285 -0.0096033 1.2 3 0 0
1 51860 0.284782 -38.0341 -33.2382 -0.00276381 1.2 3 0 0
1 51862 -1.77572 -39.7679 -34.2448 -0.00138605 1.2 3 0 0
1 51863 1.9239 -36.4647 -31.4829 -0.0123238 1.2 3 0 0
1 51864 1.27464 -37.7473 -31.6576 -0.00646245 1.2 3 0 0
1 51865 -0.455684 -38.1035 -31.4255 -0.0272704 1.2 3 0 0
1 51866 1.81172 -39.7272 -36.7979 -0.00518213 1.2 3 0 0
1 51867 0.689176 -38.5102 -35.5053 -0.00722878 1.2 3 0 0
1 51868 2.4921 -40.1103 -34.1378 -0.0247073 1.2 3 0 0
1 51869 1.4813 -40.2704 -34.7728 -0.00991943 1.2 3 0 0
1 51870 4.54646 -43.7839 -32.603 -0.00181898 1.2 3 0 0
1 51871 3.70275 -41.2307 -32.4489 -0.0287888 1.2 3 0 0
1 51872 -0.771125 -42.626 -32.6805 -0.000366453 1.2 3 0 0
1 51873 2.28494 -43.493 -32.0371 -0.0203372 1.2 3 0 0
1 51874 2.70237 -43.1876 -37.4066 -0.0127861 1.2 3 0 0
1 51876 3.96517 -35.8299 -36.2166 -0.0179548 1.2 3 0 0
1 51878 3.90552 -39.3566 -36.6744 -0.00827196 1.2 3 0 0
1 52021 6.16144 -56.4779 -31.4847 1.06986 1.2 3 0 0
1 52023 6.67849 -54.2077 -32.1175 0.79574 1.2 3 0 0
1 52024 7.0982 -54.7776 -35.2666 1.20339 1.2 3 0 0
1 52440 6.7814 -14.9294 -30.8047 0.80779 1.2 3 0 0
1 52441 6.25838 -18.6815 -31.6238 1.24954 1.2 3 0 0
1 52502 6.70106 -12.3445 -29.9807 0.931482 1.2 3 0 0
1 52555 2.45862 -31.3798 -32.3563 -0.010575 1.2 3 0 0
1 52557 0.830424 -32.6265 -33.7664 -0.00544366 1.2 3 0 0
1 52558 -0.0571268 -32.5703 -30.9957 0.126402 1.2 3 0 0
1 52559 2.06322 -34.7602 -31.0195 -0.00441856 1.2 3 0 0
1 52560 1.67239 -28.9584 -31.1038 0.123566 1.2 3 0 0
1 52561 0.688841 -30.4192 -33.2572 -0.0239444 1.2 3 0 0
1 52562 1.97227 -27.6218 -33.4755 -0.00740609 1.2 3 0 0
1 52563 1.96085 -29.3177 -33.9521 -0.00293991 1.2 3 0 0
1 52564 -2.39498 -33.5243 -31.6595 1.5 1.2 3 0 0
1 52565 -4.32195 -34.3652 -30.775 0.774569 1.2 3 0 0
1 52566 -4.77375 -36.0582 -33.2218 0.617949 1.2 3 0 0
1 52567 -4.21608 -35.6425 -32.8453 0.170288 1.2 3 0 0
1 52568 -2.32821 -35.6564 -30.9768 0.505244 1.2 3 0 0
1 52569 -4.27361 -36.186 -30.6627 0.433596 1.2 3 0 0
1 52570 -3.28441 -35.2017 -30.7564 0.557742 1.2 3 0 0
1 52571 -3.43005 -36.3954 -32.0315 1.18784 1.2 3 0 0
1 52572 -4.22846 -34.5848 -32.7673 0.890308 1.2 3 0 0
1 52573 -4.0617 -33.1133 -32.8516 0.589986 1.2 3 0 0
1 52574 -4.5518 -32.9459 -31.6624 0.707126 1.2 3 0 0
1 52575 -0.992639 -32.293 -30.4075 0.747226 1.2 3 0 0
1 52576 -3.99864 -32.3808 -30.1607 0.954091 1.2 3 0 0
1 52577 -0.924813 -29.7806 -29.2157 0.646726 1.2 3 0 0
1 52578 -3.21776 -31.0849 -30.1537 0.23279 1.2 3 0 0
1 52579 -1.83579 -32.8676 -30.0148 0.3404 1.2 3 0 0
1 52580 -1.01979 -32.3826 -32.3789 0.399554 1.2 3 0 0
1 52581 -2.43199 -31.8556 -33.106 0.708647 1.2 3 0 0
1 52582 -0.206302 -35.1896 -31.8111 -0.00616603 1.2 3 0 0
1 52583 -1.3999 -32.7694 -33.3482 0.351542 1.2 3 0 0
1 52584 -1.98944 -35.9782 -32.8858 0.537907 1.2 3 0 0
1 52585 -2.33957 -35.263 -32.4009 0.391031 1.2 3 0 0
1 52586 -2.18541 -34.6068 -33.5288 0.504044 1.2 3 0 0
1 52587 -3.08044 -35.7351 -33.7444 0.680961 1.2 3 0 0
1 52588 -0.604083 -33.8695 -30.7107 0.487239 1.2 3 0 0
1 52589 -1.18195 -35.3596 -31.3905 0.710288 1.2 3 0 0
1 52590 -1.51825 -35.093 -32.4593 0.414357 1.2 3 0 0
1 52591 -0.594169 -35.3218 -34.5903 -0.0324399 1.2 3 0 0
1 52592 0.909574 -34.5099 -34.6572 -0.0124818 1.2 3 0 0
1 52593 -2.2208 -36.1365 -33.8556 0.0934246 1.2 3 0 0
1 52605 -5.80705 -21.8933 -29.1537 0.556536 1.2 3 0 0
1 52606 -6.56114 -23.2163 -28.3833 1.14555 1.2 3 0 0
1 52644 -6.86963 -24.4833 -29.487 0.554186 1.2 3 0 0
1 52645 -8.07396 -24.6997 -28.6473 0.920492 1.2 3 0 0
1 52646 -7.8093 -26.5318 -29.4528 0.704997 1.2 3 0 0
1 52647 -5.90866 -25.8184 -28.2567 1.5 1.2 3 0 0
1 52648 1.47006 -26.7241 -31.6961 1.19092 1.2 3 0 0
1 52649 1.30142 -24.7725 -29.7737 1.5 1.2 3 0 0
1 52650 2.51352 -25.195 -31.3851 0.54318 1.2 3 0 0
1 52651 0.060598 -21.9228 -30.338 1.5 1.2 3 0 0
1 52652 0.982952 -23.4746 -31.2318 0.477924 1.2 3 0 0
1 52653 0.288514 -23.1903 -31.9591 0.556318 1.2 3 0 0
1 52654 2.22225 -28.4542 -30.1958 0.730661 1.2 3 0 0
1 52655 2.84536 -26.7906 -29.5279 1.05282 1.2 3 0 0
1 52657 2.84264 -23.2526 -31.8481 1.48056 1.2 3 0 0
1 52658 2.00452 -25.0998 -32.192 0.404717 1.2 3 0 0
1 52659 1.60374 -23.9959 -32.9047 0.307134 1.2 3 0 0
1 52662 -1.87469 -26.0819 -28.6453 0.826363 1.2 3 0 0
1 52663 -6.57086 -27.0443 -30.0142 0.742651 1.2 3 0 0
1 52664 -4.05685 -25.2174 -29.745 0.914312 1.2 3 0 0
1 52665 -5.43693 -24.391 -29.8632 0.698609 1.2 3 0 0
1 52668 -3.65282 -27.4987 -28.2332 1.02848 1.2 3 0 0
1 52669 -3.67088 -28.0436 -31.4633 0.644339 1.2 3 0 0
1 52670 -4.66186 -27.2108 -30.1744 1.1778 1.2 3 0 0
1 52671 -3.75882 -28.3887 -29.6815 0.360637 1.2 3 0 0
1 52674 -2.10913 -23.7763 -29.0622 1.5 1.2 3 0 0
1 52679 -4.5518 -22.9128 -29.3856 0.967229 1.2 3 0 0
1 52683 -3.98482 -23.671 -30.5944 0.195238 1.2 3 0 0
1 52684 -1.7527 -22.6084 -31.006 0.525531 1.2 3 0 0
1 52685 -3.3839 -24.2187 -30.704 0.625162 1.2 3 0 0
1 52686 -0.995218 -28.2388 -32.1003 0.639525 1.2 3 0 0
1 52687 -1.50076 -27.007 -32.045 0.606665 1.2 3 0 0
1 52688 -0.367722 -27.1768 -32.5334 0.593631 1.2 3 0 0
1 52689 -2.50687 -27.8644 -32.0738 0.462274 1.2 3 0 0
1 52690 0.675368 -27.5709 -29.3024 1.26214 1.2 3 0 0
1 52692 -0.58197 -26.0109 -29.5865 0.737233 1.2 3 0 0
1 52693 -0.558847 -25.621 -31.3439 1.0631 1.2 3 0 0
1 52694 -1.35217 -23.8307 -31.2159 0.774208 1.2 3 0 0
1 52695 -2.534 -25.597 -30.8317 0.974966 1.2 3 0 0
1 52696 -6.38719 -29.9734 -29.8373 0.336976 1.2 3 0 0
1 52697 -7.40131 -28.797 -28.8564 1.5 1.2 3 0 0
1 52699 -8.72455 -31.2152 -29.5937 1.33013 1.2 3 0 0
1 52700 -6.4605 -32.77 -30.5574 1.5 1.2 3 0 0
1 52702 -6.51418 -30.9945 -28.9771 0.869391 1.2 3 0 0
1 52704 -7.06428 -30.3952 -30.652 0.802701 1.2 3 0 0
1 52705 -5.94644 -30.8915 -31.4982 0.615285 1.2 3 0 0
1 52706 -13.051 -32.7123 -29.4299 0.64981 1.2 3 0 0
1 52707 -11.226 -32.0167 -28.8893 1.3505 1.2 3 0 0
1 52714 -12.5609 -35.3972 -30.2287 0.623001 1.2 3 0 0
1 52716 -11.708 -33.8434 -30.0135 0.777339 1.2 3 0 0
1 52717 -10.2424 -29.9022 -29.522 0.629785 1.2 3 0 0
1 52718 -9.26027 -29.2271 -29.6856 0.573233 1.2 3 0 0
1 52720 -11.3739 -29.4336 -27.6862 1.5 1.2 3 0 0
1 52721 -7.64271 -37.5786 -32.2833 0.700106 1.2 3 0 0
1 52722 -5.97996 -35.7602 -31.4667 1.5 1.2 3 0 0
1 52723 -7.98652 -36.0457 -31.9096 0.574607 1.2 3 0 0
1 52724 -11.2893 -37.0375 -29.7498 1.5 1.2 3 0 0
1 52725 -9.5502 -37.8688 -31.2659 0.944766 1.2 3 0 0
1 52726 -9.906 -35.7758 -30.1089 0.404756 1.2 3 0 0
1 52727 -9.5397 -35.6245 -31.2681 0.517771 1.2 3 0 0
1 52728 -9.38091 -33.9538 -29.928 1.5 1.2 3 0 0
1 52729 -8.44012 -36.3972 -30.2809 1.14196 1.2 3 0 0
1 52730 -7.86523 -34.5515 -31.4709 0.734049 1.2 3 0 0
1 52731 -8.17147 -33.3562 -31.3869 0.487063 1.2 3 0 0
1 52741 6.24898 -7.88946 -27.39 1.5 1.2 3 0 0
1 52742 5.98177 -10.3733 -28.5916 1.19739 1.2 3 0 0
1 52768 4.97786 -12.8637 -28.302 1.5 1.2 3 0 0
1 52775 2.84269 -12.4837 -29.042 0.725724 1.2 3 0 0
1 52776 3.61276 -13.6346 -29.8669 0.648607 1.2 3 0 0
1 52860 6.00608 -18.7929 -29.4532 0.445798 1.2 3 0 0
1 52863 2.49311 -16.2981 -30.1744 0.961536 1.2 3 0 0
1 52864 4.86788 -14.7204 -30.2003 0.993772 1.2 3 0 0
1 52868 4.81026 -17.1743 -29.7601 1.5 1.2 3 0 0
1 52869 4.16992 -17.6116 -31.5875 0.476007 1.2 3 0 0
1 52870 5.33496 -16.9712 -31.67 0.491002 1.2 3 0 0
1 52871 1.65071 -22.1985 -28.4552 0.979832 1.2 3 0 0
1 52875 -2.37667 -20.9285 -29.3544 1.29365 1.2 3 0 0
1 52876 -2.75868 -18.9755 -29.314 0.662193 1.2 3 0 0
1 52877 -0.986564 -20.0432 -30.3843 0.649799 1.2 3 0 0
1 52878 -1.47453 -19.1196 -29.8637 0.517305 1.2 3 0 0
1 52882 1.66812 -14.9633 -28.1181 1.5 1.2 3 0 0
1 52883 2.25725 -14.3484 -29.9164 0.486797 1.2 3 0 0
1 52885 2.52778 -17.5203 -28.2653 1.2016 1.2 3 0 0
1 52887 -1.90482 -16.9893 -28.2288 1.37833 1.2 3 0 0
1 52891 -0.694605 -15.1065 -28.733 0.838691 1.2 3 0 0
1 52892 0.237557 -16.6575 -29.4269 1.05798 1.2 3 0 0
1 52894 4.66892 -19.297 -30.6887 0.603485 1.2 3 0 0
1 52895 3.24132 -18.6549 -31.08 1.01004 1.2 3 0 0
1 52896 4.48798 -19.725 -32.1006 0.727835 1.2 3 0 0
1 52897 3.73112 -20.0002 -31.1936 0.425843 1.2 3 0 0
1 52898 1.0276 -19.8572 -31.0127 0.78258 1.2 3 0 0
1 52899 1.6435 -17.8621 -30.5362 0.854716 1.2 3 0 0
1 52900 1.93084 -19.0222 -30.1239 0.407879 1.2 3 0 0
1 52901 4.56919 -19.5938 -28.9977 1.04826 1.2 3 0 0
1 52902 2.61116 -20.4879 -29.9617 1.21613 1.2 3 0 0
1 52904 2.07951 -22.3808 -30.0033 0.587642 1.2 3 0 0
1 52905 3.17741 -20.7832 -31.9915 0.821678 1.2 3 0 0
1 52906 1.72778 -21.3176 -31.7063 0.740051 1.2 3 0 0
1 52907 2.20876 -19.7506 -31.6067 0.543849 1.2 3 0 0
1 52963 3.81738 -32.9528 -32.3583 -0.00753856 1.2 3 0 0
1 52965 5.03004 -35.3003 -33.4531 -0.00895058 1.2 3 0 0
1 52967 4.78249 -30.9437 -32.1199 -0.00516238 1.2 3 0 0
1 52968 4.15574 -30.3828 -35.1933 -0.0119006 1.2 3 0 0
1 52970 4.62489 -33.8526 -30.7462 -0.0387017 1.2 3 0 0
1 52972 4.55948 -33.7175 -35.3806 -0.0135526 1.2 3 0 0
1 52973 3.04396 -35.0871 -34.5103 -0.0013235 1.2 3 0 0
1 52974 4.32649 -35.032 -34.5055 -0.013601 1.2 3 0 0
1 52978 3.88345 -27.2436 -31.9148 0.293063 1.2 3 0 0
1 52979 4.8024 -27.1599 -33.0325 -0.00293726 1.2 3 0 0
1 52981 5.68973 -27.8055 -31.7758 0.270359 1.2 3 0 0
1 53004 5.71795 -23.1879 -31.6088 0.588558 1.2 3 0 0
1 53005 4.74201 -23.5743 -30.9269 0.650365 1.2 3 0 0
1 53006 4.91193 -22.5459 -32.9027 0.862367 1.2 3 0 0
1 53007 4.4947 -25.6886 -31.2312 1.5 1.2 3 0 0
1 53008 5.83283 -24.2913 -31.4973 0.405428 1.2 3 0 0
1 53010 5.90214 -23.1223 -30.2324 0.418775 1.2 3 0 0
1 53011 4.18401 -25.1442 -29.0157 0.802486 1.2 3 0 0
1 53012 3.42574 -26.4801 -32.7089 0.234097 1.2 3 0 0
1 53013 2.9543 -25.2661 -32.8547 0.650477 1.2 3 0 0
1 53014 3.79418 -24.629 -32.5589 0.337443 1.2 3 0 0
1 53015 4.55496 -24.8252 -33.3507 0.747049 1.2 3 0 0
1 53019 5.49373 -20.0787 -31.8806 0.303641 1.2 3 0 0
1 53020 6.02662 -20.63 -32.7001 0.818641 1.2 3 0 0
1 53023 5.04338 -21.4116 -30.7416 1.5 1.2 3 0 0
1 53026 6.66441 -21.9979 -33.2202 0.769828 1.2 3 0 0
1 53034 5.80574 -25.4038 -34.1236 0.520301 1.2 3 0 0
1 53040 7.51359 -26.3486 -33.826 1.35218 1.2 3 0 0
1 59073 -17.9365 -47.301 -28.8653 0.782184 1.2 3 0 0
1 59162 -10.4188 -52.9632 -27.9581 1.25323 1.2 3 0 0
1 59169 -9.17362 -51.354 -29.6618 0.68806 1.2 3 0 0
1 59170 -10.4552 -51.6233 -29.4237 0.635178 1.2 3 0 0
1 59171 -8.21514 -47.8769 -27.8131 1.5 1.2 3 0 0
1 59174 -8.71883 -52.4854 -28.8882 0.742641 1.2 3 0 0
1 59175 -7.94382 -52.2949 -29.7319 0.388073 1.2 3 0 0
1 59177 -9.85508 -45.3245 -27.9723 1.32201 1.2 3 0 0
1 59194 -11.5054 -47.6998 -30.8119 0.448764 1.2 3 0 0
1 59195 -10.0665 -46.2222 -30.4696 1.33094 1.2 3 0 0
1 59196 -11.9294 -46.1616 -30.9564 0.560437 1.2 3 0 0
1 59197 -10.5924 -47.9218 -29.6336 0.63477 1.2 3 0 0
1 59198 -12.645 -46.53 -29.0568 1.5 1.2 3 0 0
1 59199 -14.3901 -47.3102 -30.1087 0.643218 1.2 3 0 0
1 59200 -12.3219 -47.2365 -30.7856 0.395405 1.2 3 0 0
1 59201 -11.981 -48.6388 -29.9863 0.888943 1.2 3 0 0
1 59202 -10.3318 -44.164 -29.7446 0.848527 1.2 3 0 0
1 59203 -12.5399 -43.6476 -30.1528 0.175601 1.2 3 0 0
1 59204 -11.975 -44.4907 -30.7102 0.9822 1.2 3 0 0
1 59205 -11.1167 -43.6442 -31.5564 0.464669 1.2 3 0 0
1 59235 -11.3243 -50.0977 -28.2086 1.5 1.2 3 0 0
1 59237 -12.5088 -52.2466 -28.6728 0.984199 1.2 3 0 0
1 59740 -16.2716 -35.843 -29.0612 0.64872 1.2 3 0 0
1 59741 -17.4451 -39.9419 -29.2545 0.990823 1.2 3 0 0
1 59747 -15.1895 -41.4665 -30.6491 0.370908 1.2 3 0 0
1 59748 -16.0015 -40.9314 -29.9883 0.729529 1.2 3 0 0
1 60952 5.60903 -50.7551 -33.3717 0.171009 1.2 3 0 0
1 60953 5.62053 -49.517 -34.0529 0.286826 1.2 3 0 0
1 60954 7.15835 -50.0984 -32.3575 1.18059 1.2 3 0 0
1 60956 7.3775 -52.1014 -35.5286 1.5 1.2 3 0 0
1 60957 6.71657 -49.7429 -34.809 1.01983 1.2 3 0 0
1 60958 4.66931 -50.8159 -34.6911 -0.00388581 1.2 3 0 0
1 60960 2.36898 -48.674 -34.2806 -0.00501929 1.2 3 0 0
1 60961 2.89218 -49.1218 -34.7522 -0.00221553 1.2 3 0 0
1 60962 3.93677 -49.7014 -31.9274 -0.0113419 1.2 3 0 0
1 60963 2.90659 -49.2463 -32.8957 -0.000519857 1.2 3 0 0
1 60968 6.05736 -51.6683 -33.6087 0.731936 1.2 3 0 0
1 60971 4.35302 -54.1307 -35.5177 0.444131 1.2 3 0 0
1 60972 3.96801 -53.5741 -35.2956 0.144775 1.2 3 0 0
1 60973 5.08903 -52.248 -33.864 0.202359 1.2 3 0 0
1 60974 5.50134 -54.2107 -33.7673 0.976272 1.2 3 0 0
1 60975 5.56901 -51.2693 -36.8258 0.700499 1.2 3 0 0
1 60976 6.15714 -52.6202 -36.9558 0.448022 1.2 3 0 0
1 60977 5.45044 -52.3198 -36.8839 0.320046 1.2 3 0 0
1 60978 4.26264 -50.807 -36.366 0.364224 1.2 3 0 0
1 60990 2.91734 -47.579 -32.8695 -0.0119536 1.2 3 0 0
1 60991 2.39087 -46.4995 -32.9577 -0.00662874 1.2 3 0 0
1 60992 1.22018 -46.9627 -33.4136 -0.0105708 1.2 3 0 0
1 60993 1.5984 -45.4887 -33.6189 -0.00495251 1.2 3 0 0
1 60994 1.80499 -45.2586 -30.4412 -0.0124672 1.2 3 0 0
1 60995 2.02785 -45.2161 -32.4069 -0.00253804 1.2 3 0 0
1 60996 3.40473 -44.6425 -33.6462 -0.0110707 1.2 3 0 0
1 60997 3.69241 -46.42 -33.2772 -0.00303504 1.2 3 0 0
1 61005 4.32261 -45.351 -30.4932 -0.024085 1.2 3 0 0
1 61006 3.7361 -44.9262 -32.257 -0.00545413 1.2 3 0 0
1 61008 4.50184 -45.5285 -32.5129 -0.0169222 1.2 3 0 0
1 61016 1.19326 -46.5545 -36.7756 -0.0164607 1.2 3 0 0
1 61017 2.5708 -46.7481 -37.2208 -0.0114727 1.2 3 0 0
1 61018 4.7369 -46.9879 -34.3958 -0.00367827 1.2 3 0 0
1 61021 3.96625 -48.6689 -34.7861 -0.0173431 1.2 3 0 0
1 61022 6.91899 -49.9873 -37.1416 1.15672 1.2 3 0 0
1 61023 5.28613 -49.9716 -37.362 0.429664 1.2 3 0 0
1 61024 5.5471 -48.6604 -36.2386 0.772137 1.2 3 0 0
1 61025 4.83434 -47.1698 -37.5614 0.560468 1.2 3 0 0
1 61026 6.45048 -45.7554 -37.1112 1.2831 1.2 3 0 0
1 61028 6.24465 -47.1874 -35.0746 0.644192 1.2 3 0 0
1 61029 -2.36897 -44.4199 -29.3195 0.64971 1.2 3 0 0
1 61031 -3.11557 -47.0436 -34.5775 -0.00519465 1.2 3 0 0
1 61032 -2.25713 -44.4508 -34.7801 -0.0183534 1.2 3 0 0
1 61033 -4.90369 -44.7164 -33.5904 0.0148515 1.2 3 0 0
1 61034 -3.70071 -43.9436 -34.5535 -0.0151262 1.2 3 0 0
1 61035 -8.74113 -39.2856 -32.3477 0.510897 1.2 3 0 0
1 61036 -8.48291 -38.374 -32.0831 0.472924 1.2 3 0 0
1 61037 -7.18195 -38.3187 -30.6985 1.10863 1.2 3 0 0
1 61038 -6.76191 -40.685 -30.1744 0.924793 1.2 3 0 0
1 61039 -7.03304 -41.3295 -32.9223 0.530195 1.2 3 0 0
1 61040 -8.49697 -40.9239 -32.3995 0.522431 1.2 3 0 0
1 61041 -7.78643 -40.9923 -31.5698 0.355212 1.2 3 0 0
1 61042 -8.29497 -41.1287 -31.7311 0.179073 1.2 3 0 0
1 61043 -9.31876 -42.5935 -29.949 0.571191 1.2 3 0 0
1 61044 -8.01748 -41.7023 -29.164 0.843416 1.2 3 0 0
1 61045 -9.14155 -38.0799 -29.5962 0.772244 1.2 3 0 0
1 61046 -10.6544 -38.8681 -31.4001 0.550074 1.2 3 0 0
1 61047 -9.70723 -40.5311 -32.2631 0.289043 1.2 3 0 0
1 61048 -10.8605 -40.9382 -31.541 0.58524 1.2 3 0 0
1 61049 -8.00522 -44.2933 -32.0973 0.585736 1.2 3 0 0
1 61050 -8.78558 -43.87 -31.7023 0.352302 1.2 3 0 0
1 61052 -4.24924 -46.4661 -29.4954 0.57559 1.2 3 0 0
1 61055 -6.37512 -44.3915 -30.411 0.205824 1.2 3 0 0
1 61056 -6.59501 -46.2986 -28.7619 0.829705 1.2 3 0 0
1 61057 -6.40934 -45.6648 -30.1654 0.523926 1.2 3 0 0
1 61058 -8.56253 -46.0491 -29.9793 0.260408 1.2 3 0 0
1 61067 -5.26383 -46.5228 -30.6607 0.838698 1.2 3 0 0
1 61068 -6.04229 -46.5962 -31.4672 0.271338 1.2 3 0 0
1 61069 -5.81379 -46.9257 -32.4267 0.768545 1.2 3 0 0
1 61070 -8.8707 -46.5303 -31.7012 0.40116 1.2 3 0 0
1 61071 -7.46398 -47.3152 -30.6915 1.5 1.2 3 0 0
1 61072 -6.99569 -49.7686 -30.9237 0.746586 1.2 3 0 0
1 61073 -6.42755 -48.4024 -29.064 0.711634 1.2 3 0 0
1 61074 -6.65572 -49.1411 -29.9499 0.460701 1.2 3 0 0
1 61075 -8.32868 -45.5308 -31.7691 0.734732 1.2 3 0 0
1 61076 -7.60989 -45.1587 -32.5178 0.351893 1.2 3 0 0
1 61077 -6.91214 -46.3593 -32.3901 0.466008 1.2 3 0 0
1 61078 -2.72545 -39.2895 -31.3698 0.658112 1.2 3 0 0
1 61079 -1.98473 -40.4916 -31.616 0.39122 1.2 3 0 0
1 61080 -2.54047 -40.0726 -32.614 0.26377 1.2 3 0 0
1 61081 -3.52635 -40.4126 -32.0958 0.90071 1.2 3 0 0
1 61082 -3.80181 -41.5041 -32.7668 0.406648 1.2 3 0 0
1 61083 -2.77823 -41.3585 -32.2418 0.314057 1.2 3 0 0
1 61084 -2.75367 -41.0777 -31.8049 0.158197 1.2 3 0 0
1 61085 -6.1161 -40.0838 -31.458 0.436197 1.2 3 0 0
1 61086 -6.58551 -37.8138 -32.8203 0.250777 1.2 3 0 0
1 61087 -5.99447 -38.2849 -30.1173 0.213897 1.2 3 0 0
1 61088 -5.75552 -39.6503 -30.5698 0.571816 1.2 3 0 0
1 61089 -3.70102 -38.9251 -30.9248 0.469593 1.2 3 0 0
1 61090 -3.11781 -38.0094 -31.2476 0.622358 1.2 3 0 0
1 61091 -5.23029 -41.5527 -29.8886 0.453806 1.2 3 0 0
1 61092 -5.41495 -41.8665 -31.8082 1.5 1.2 3 0 0
1 61093 4.71142 -52.0864 -30.6206 -0.0019077 1.2 3 0 0
1 61094 3.99716 -50.7738 -30.8957 -0.0045388 1.2 3 0 0
1 61097 1.42577 -56.8093 -31.9391 -0.000734814 1.2 3 0 0
1 61098 2.77583 -57.7166 -31.513 -0.00333497 1.2 3 0 0
1 61099 -0.0530265 -55.1242 -31.7863 -0.0078681 1.2 3 0 0
1 61100 -0.756347 -56.7392 -30.7334 -0.0165733 1.2 3 0 0
1 61102 1.99915 -56.1138 -30.801 -0.000288335 1.2 3 0 0
1 61103 1.61144 -55.7874 -31.3675 -0.0197396 1.2 3 0 0
1 61104 1.10212 -55.0749 -33.3678 -0.00261682 1.2 3 0 0
1 61105 1.65705 -51.9967 -30.3389 -0.00435231 1.2 3 0 0
1 61108 5.21278 -54.6795 -31.8641 0.0837843 1.2 3 0 0
1 61109 4.66138 -56.4498 -33.2765 0.496313 1.2 3 0 0
1 61110 4.67378 -55.5358 -32.112 0.00628634 1.2 3 0 0
1 61111 2.89639 -53.4544 -34.5731 -0.0038626 1.2 3 0 0
1 61112 3.91603 -54.4022 -32.4473 -0.00486169 1.2 3 0 0
1 61113 3.62809 -56.7161 -32.2505 -0.0292928 1.2 3 0 0
1 61114 4.42022 -56.0997 -30.6071 -0.00370982 1.2 3 0 0
1 61115 4.62937 -57.4889 -32.16 0.188089 1.2 3 0 0
1 61116 3.93024 -57.3091 -32.6873 -0.00418305 1.2 3 0 0
1 61117 3.77922 -55.415 -33.498 -0.000737226 1.2 3 0 0
1 61118 3.73246 -54.6999 -34.7388 -0.00119979 1.2 3 0 0
1 61127 -3.16303 -53.4251 -31.7823 -0.01128 1.2 3 0 0
1 61128 -3.89519 -54.3493 -30.4824 -0.0110544 1.2 3 0 0
1 61130 -5.18171 -49.3653 -28.3881 1.00183 1.2 3 0 0
1 61144 -3.07137 -48.9346 -31.2553 -0.00824408 1.2 3 0 0
1 61145 -3.47771 -49.719 -30.7131 -0.0242397 1.2 3 0 0
1 61146 -5.55723 -48.5931 -30.871 0.757244 1.2 3 0 0
1 61147 -6.10824 -49.9693 -31.7082 0.396156 1.2 3 0 0
1 61148 -4.98652 -49.0978 -32.9048 -0.0213697 1.2 3 0 0
1 61151 -3.67266 -52.4394 -32.2312 -0.00752939 1.2 3 0 0
1 61152 -4.96287 -50.9622 -32.3476 -0.017059 1.2 3 0 0
1 61153 -4.4156 -50.5625 -32.5481 -0.010862 1.2 3 0 0
1 61179 0.64268 -50.0215 -31.2838 -0.00917773 1.2 3 0 0
1 61180 0.91767 -50.6618 -30.3099 -0.0037675 1.2 3 0 0
1 61181 0.39519 -50.4195 -32.8133 -0.011708 1.2 3 0 0
1 61182 0.827116 -52.0167 -32.9781 -0.00234409 1.2 3 0 0
1 61183 0.996596 -51.2879 -33.1479 -0.00138462 1.2 3 0 0
1 61185 0.349736 -45.2956 -33.003 -0.0185446 1.2 3 0 0
1 61186 -3.22858 -47.7618 -33.818 -0.0106136 1.2 3 0 0
1 61187 -2.62688 -46.9529 -32.0724 -0.00642069 1.2 3 0 0
1 61189 -0.217003 -46.8454 -31.583 -0.00198134 1.2 3 0 0
1 61191 0.0424533 -46.5975 -34.2922 -0.0094455 1.2 3 0 0
1 61192 -0.415952 -47.9077 -35.3982 -0.0178626 1.2 3 0 0
1 61193 2.88776 -48.1508 -30.8327 -0.019921 1.2 3 0 0
1 61194 1.59648 -49.3918 -30.7813 -0.0203853 1.2 3 0 0
1 61195 -1.4464 -49.5001 -32.0538 -0.0212638 1.2 3 0 0
1 61196 -1.9106 -47.4653 -30.7794 -0.0228001 1.2 3 0 0
1 61197 0.874878 -50.1964 -35.3813 -0.0108223 1.2 3 0 0
1 61198 0.381738 -52.1278 -34.793 -0.00301086 1.2 3 0 0
1 61199 1.99406 -52.0735 -35.4037 -0.0163271 1.2 3 0 0
1 61200 -2.35495 -50.0996 -32.2065 -0.0273595 1.2 3 0 0
1 61201 -0.84738 -49.5531 -33.2343 -0.0035515 1.2 3 0 0
1 61202 -1.38821 -49.6129 -34.8214 -0.000176474 1.2 3 0 0
1 61203 -2.04078 -50.6763 -33.8545 -0.00742212 1.2 3 0 0
1 61204 -1.76322 -52.4791 -33.3099 -0.0116521 1.2 3 0 0
1 61212 5.21696 -44.1777 -37.794 0.267014 1.2 3 0 0
1 61221 7.47699 -40.2181 -37.2993 1.25456 1.2 3 0 0
1 61223 6.58313 -42.8111 -37.5972 1.0767 1.2 3 0 0
1 61225 0.744122 -39.4378 -32.0399 -0.00188518 1.2 3 0 0
1 61226 -0.578395 -41.299 -30.9595 -0.0218928 1.2 3 0 0
1 61227 -0.372636 -40.5749 -35.7843 -0.0215401 1.2 3 0 0
1 61228 -1.95156 -41.3531 -35.4035 -0.0174328 1.2 3 0 0
1 61229 -1.44257 -38.5949 -35.0998 -0.00142373 1.2 3 0 0
1 61230 -2.36025 -37.9992 -32.7076 0.581451 1.2 3 0 0
1 61231 -1.30492 -36.9896 -31.5389 0.311891 1.2 3 0 0
1 61232 4.14029 -43.4856 -31.056 -0.00495428 1.2 3 0 0
1 61235 4.71645 -42.855 -34.4073 -0.0246012 1.2 3 0 0
1 61236 1.23024 -41.5422 -33.9468 -0.0256588 1.2 3 0 0
1 61237 1.09267 -42.4744 -33.7425 -0.00430452 1.2 3 0 0
1 61238 -1.04442 -42.1151 -35.6039 -0.0144879 1.2 3 0 0
1 61239 -1.80566 -43.7631 -35.5687 -0.0203622 1.2 3 0 0
1 61240 0.531482 -44.3217 -36.3377 -0.0207707 1.2 3 0 0
1 61241 -0.729919 -43.8538 -35.2277 -0.00981916 1.2 3 0 0
1 61242 2.18287 -41.0069 -31.5019 -0.00344861 1.2 3 0 0
1 61243 2.34607 -41.8115 -31.3219 -0.0204567 1.2 3 0 0
1 61244 1.75302 -41.5175 -31.8444 -0.0245749 1.2 3 0 0
1 61245 1.85603 -43.8197 -31.1048 -0.00603478 1.2 3 0 0
1 61247 1.65256 -42.3168 -30.9841 -0.0232568 1.2 3 0 0
1 61248 2.39626 -42.8475 -32.2885 -0.00944246 1.2 3 0 0
1 61249 4.38972 -44.5604 -37.0155 -0.00245365 1.2 3 0 0
1 61250 4.37108 -43.4666 -35.7528 -0.00614825 1.2 3 0 0
1 61251 4.71899 -44.017 -35.3162 -0.0320565 1.2 3 0 0
1 61252 1.89205 -43.9301 -35.5825 -0.00578199 1.2 3 0 0
1 61253 1.6529 -45.6086 -36.9637 -0.0106088 1.2 3 0 0
1 61254 1.645 -43.617 -36.9038 -0.0267616 1.2 3 0 0
1 61255 2.81233 -40.8884 -36.1554 -0.00237647 1.2 3 0 0
1 61256 2.97667 -43.594 -34.778 -0.0280631 1.2 3 0 0
1 61258 4.11926 -36.8463 -35.9965 -0.00464986 1.2 3 0 0
1 61259 4.57099 -37.7548 -35.336 -0.0243593 1.2 3 0 0
1 61260 3.58071 -37.8313 -33.6591 -0.00951078 1.2 3 0 0
1 61261 3.79408 -38.5075 -36.1539 -0.0228333 1.2 3 0 0
1 61262 3.14688 -37.889 -36.6027 -0.00487634 1.2 3 0 0
1 61263 4.01461 -41.1025 -37.4706 -0.00327004 1.2 3 0 0
1 61265 5.00874 -40.3295 -37.4776 -0.0134611 1.2 3 0 0
1 61266 4.73514 -38.2422 -32.2175 -0.0272257 1.2 3 0 0
1 61267 3.90758 -36.3946 -31.7487 -0.00812797 1.2 3 0 0
1 61269 4.13544 -40.6713 -32.5506 -0.00862003 1.2 3 0 0
1 61270 4.89296 -40.5266 -33.1998 -0.0113467 1.2 3 0 0
1 61593 4.6799 -57.7862 -30.6863 -0.000551348 1.2 3 0 0
1 61594 2.47939 -57.6041 -31.0616 -0.0121852 1.2 3 0 0
1 61777 6.20497 -57.6328 -32.9243 0.502884 1.2 3 0 0
1 61780 5.7403 -56.0565 -33.3041 0.550948 1.2 3 0 0
1 61781 7.10181 -56.688 -33.7863 1.02546 1.2 3 0 0
1 63933 1.23676 -34.4398 -32.1757 -0.0122648 1.2 3 0 0
1 63934 0.675714 -34.6755 -30.8527 -0.00103752 1.2 3 0 0
1 63935 1.85254 -33.7422 -30.5931 -0.00185869 1.2 3 0 0
1 63936 2.52836 -33.5573 -31.0248 -0.00275855 1.2 3 0 0
1 63938 2.06405 -35.8696 -32.2037 -0.0139673 1.2 3 0 0
1 63939 0.412664 -29.6328 -30.1744 0.959325 1.2 3 0 0
1 63940 -0.113082 -31.1908 -30.0838 0.687433 1.2 3 0 0
1 63941 -1.11877 -33.3685 -30.3016 0.339052 1.2 3 0 0
1 63942 -1.34579 -33.0448 -29.9623 0.167022 1.2 3 0 0
1 63943 -1.28643 -30.4682 -31.8965 1.27787 1.2 3 0 0
1 63944 -0.0680162 -28.4427 -32.7339 0.451798 1.2 3 0 0
1 63945 -3.01999 -31.0876 -30.8427 0.483876 1.2 3 0 0
1 63946 -2.96567 -30.3208 -31.4068 0.467992 1.2 3 0 0
1 63947 -4.56309 -29.9925 -30.1744 1.5 1.2 3 0 0
1 63948 -5.01079 -30.6439 -31.9693 0.461092 1.2 3 0 0
1 63949 -2.92178 -29.1753 -31.9157 0.786264 1.2 3 0 0
1 63950 -3.74531 -31.4715 -32.0737 0.99177 1.2 3 0 0
1 63951 -4.07522 -29.9551 -32.1119 0.496702 1.2 3 0 0
1 63953 -2.18778 -30.6261 -29.7507 0.964578 1.2 3 0 0
1 63964 0.854201 -24.514 -32.1105 0.88875 1.2 3 0 0
1 63965 -0.055943 -25.1672 -32.5415 0.311611 1.2 3 0 0
1 63966 -1.84369 -22.2789 -30.1744 0.373643 1.2 3 0 0
1 63968 -6.39055 -29.0837 -30.7483 0.620119 1.2 3 0 0
1 63969 -6.04317 -28.1714 -30.1901 0.503675 1.2 3 0 0
1 64011 2.53236 -31.3918 -34.4812 -0.011339 1.2 3 0 0
1 64012 3.55444 -29.8842 -33.3914 -0.00708733 1.2 3 0 0
1 64013 3.71494 -33.9903 -30.7662 -0.0246837 1.2 3 0 0
1 64015 2.50508 -32.8806 -35.0825 -0.00787762 1.2 3 0 0
1 64016 3.71649 -32.3978 -35.2994 -0.0190461 1.2 3 0 0
1 64021 4.90985 -29.4656 -31.4778 -0.0105352 1.2 3 0 0
1 64022 3.12199 -27.7155 -31.8129 0.0576144 1.2 3 0 0
1 64023 4.36211 -27.9773 -30.1363 0.738933 1.2 3 0 0
1 64048 4.06156 -22.9129 -30.6102 0.289608 1.2 3 0 0
1 64049 3.77655 -21.8224 -32.8402 0.482509 1.2 3 0 0
1 64050 3.51091 -23.1958 -29.2116 1.23994 1.2 3 0 0
1 64053 4.40748 -26.6384 -29.4134 0.520334 1.2 3 0 0
1 64056 6.4319 -24.0436 -33.1183 1.28111 1.2 3 0 0
1 64058 5.94386 -26.9022 -32.5097 0.692416 1.2 3 0 0
1 64059 5.65111 -26.1711 -33.9653 0.18666 1.2 3 0 0
1 73169 -1.59323 -38.7926 -27.9115 1.50296 0.6 4 0 0
1 73171 -2.0834 -36.112 -29.3087 1.09866 0.6 4 0 0
1 73177 -4.98372 -41.9632 -26.623 2 0.6 4 0 0
1 73178 -2.13259 -42.0391 -28.5664 1.22836 0.6 4 0 0
1 73179 -3.6689 -40.3845 -29.1275 1.03075 0.6 4 0 0
1 73180 -4.60047 -38.0019 -28.7543 1.45148 0.6 4 0 0
1 73273 -2.50285 -34.4477 -26.7288 2 0.6 4 0 0
1 73275 -0.943178 -33.84 -29.1141 0.910688 0.6 4 0 0
1 75632 -1.94143 -27.9143 -30.1954 1.5 1.2 5 0 0
1 75634 -9.71824 -28.0993 -28.8186 0.908247 1.2 5 0 0
1 75635 -5.43584 -20.4345 -28.1126 1.11444 1.2 5 0 0
1 75637 0.456011 -19.1685 -28.9129 1.5 1.2 5 0 0
1 79840 -15.6261 -46.1343 -29.1971 1.28746 1.2 5 0 0
1 79842 -16.4524 -49.3228 -29.0034 0.662175 1.2 5 0 0
1 79877 -14.2066 -51.5592 -28.9352 0.803252 1.2 5 0 0
1 79917 -6.66824 -53.9958 -28.1333 1.22302 1.2 5 0 0
1 79921 -9.29136 -49.3327 -29.8687 1.2339 1.2 5 0 0
1 79924 -14.8823 -44.1266 -27.3613 1.5 1.2 5 0 0
1 79926 -13.4787 -44.5557 -29.7901 0.762198 1.2 5 0 0
1 79942 -14.2963 -49.2192 -28.8791 1.5 1.2 5 0 0
1 80241 -13.7728 -31.7835 -27.6304 1.5 1.2 5 0 0
1 80277 -12.8198 -34.2835 -28.3481 1.27003 1.2 5 0 0
1 80285 -14.1507 -34.7831 -29.61 0.630848 1.2 5 0 0
1 80286 -14.7275 -33.5205 -28.9172 0.860419 1.2 5 0 0
1 80389 -13.7104 -38.8348 -29.0195 0.8032 1.2 5 0 0
1 80391 -12.0658 -39.8097 -30.3711 1.43429 1.2 5 0 0
1 80392 -14.3355 -36.6012 -28.4714 1.5 1.2 5 0 0
1 80395 -12.5468 -38.0316 -30.924 0.487074 1.2 5 0 0
1 80400 -17.2019 -42.3726 -28.8167 1.47762 1.2 5 0 0
1 80401 -19.4625 -40.9636 -28.6793 0.825452 1.2 5 0 0
1 80406 -16.4053 -44.2931 -29.643 0.759725 1.2 5 0 0
1 80407 -17.9373 -45.1393 -27.9978 1.5 1.2 5 0 0
1 80409 -17.6656 -44.0856 -29.6393 0.469442 1.2 5 0 0
1 80414 -19.0636 -39.0821 -28.6597 0.845565 1.2 5 0 0
1 80421 -15.7871 -38.3004 -29.5268 0.953205 1.2 5 0 0
1 80423 -17.6019 -37.2316 -27.7915 1.5 1.2 5 0 0
1 80426 -11.8734 -42.4777 -29.1529 1.5 1.2 5 0 0
1 80427 -15.2955 -40.1702 -28.015 1.5 1.2 5 0 0
1 80432 -11.8849 -41.7777 -31.2223 0.684612 1.2 5 0 0
1 80433 -14.5995 -42.8357 -29.8197 1.29102 1.2 5 0 0
1 80434 -14.3491 -40.4873 -30.2431 0.941433 1.2 5 0 0
1 83847 4.90996 -52.4049 -35.6965 0.941666 1.2 5 0 0
1 83851 8.17627 -47.8424 -36.0235 1.5 1.2 5 0 0
1 83852 2.71637 -49.5114 -36.4107 -0.00549492 1.2 5 0 0
1 83853 -0.368355 -46.3944 -35.9824 -0.0362204 1.2 5 0 0
1 83854 2.45095 -46.385 -36.0409 -0.00416791 1.2 5 0 0
1 83855 5.08141 -46.5888 -35.8588 -0.00398826 1.2 5 0 0
1 83856 4.19262 -47.0952 -37.2699 -0.00298757 1.2 5 0 0
1 83857 6.51651 -48.1022 -37.6607 0.839516 1.2 5 0 0
1 83858 -3.1842 -41.4765 -33.2351 -0.00438978 1.2 5 0 0
1 83859 -3.01875 -43.4231 -31.5069 -0.00482394 1.2 5 0 0
1 83860 -1.10265 -44.7173 -32.176 -0.00764566 1.2 5 0 0
1 83861 -1.22527 -43.6572 -32.9166 -0.000388995 1.2 5 0 0
1 83862 -5.94877 -44.7676 -31.9594 1.44366 1.2 5 0 0
1 83863 -3.96582 -43.4889 -31.1671 0.743856 1.2 5 0 0
1 83864 -5.17436 -43.4809 -30.6764 0.478171 1.2 5 0 0
1 83865 -3.99514 -44.7415 -31.2448 0.212974 1.2 5 0 0
1 83866 -1.33998 -42.5751 -30.6206 -0.00178187 1.2 5 0 0
1 83867 -3.36787 -43.4886 -29.7963 0.705414 1.2 5 0 0
1 83868 -1.70601 -41.7923 -30.8166 0.225184 1.2 5 0 0
1 83869 -4.00291 -46.2667 -33.4943 -0.0231952 1.2 5 0 0
1 83870 -4.97521 -47.0261 -32.3695 0.0520597 1.2 5 0 0
1 83871 -7.31069 -39.9006 -32.3167 1.04642 1.2 5 0 0
1 83872 -10.2815 -42.4267 -31.2326 1.04055 1.2 5 0 0
1 83873 -9.42377 -42.8365 -28.2701 1.12845 1.2 5 0 0
1 83874 -9.85534 -44.2594 -31.365 0.835042 1.2 5 0 0
1 83875 -9.16241 -40.1867 -30.5924 1.5 1.2 5 0 0
1 83877 -7.02184 -41.9332 -30.6871 0.449364 1.2 5 0 0
1 83878 -6.44587 -42.4986 -29.5337 0.956791 1.2 5 0 0
1 83879 -8.12286 -42.4823 -31.7759 1.18611 1.2 5 0 0
1 83881 -5.07138 -44.6387 -29.136 1.45162 1.2 5 0 0
1 83882 -8.6328 -46.2767 -29.104 0.596652 1.2 5 0 0
1 83883 -7.99738 -44.382 -29.8811 1.5 1.2 5 0 0
1 83884 -4.60605 -47.0811 -27.5454 1.5 1.2 5 0 0
1 83885 -3.0089 -41.9381 -31.0626 1.00646 1.2 5 0 0
1 83886 -5.10433 -38.5594 -32.2575 1.5 1.2 5 0 0
1 83887 -7.03343 -38.4594 -32.9239 0.541815 1.2 5 0 0
1 83888 -4.22771 -41.4474 -30.2889 0.473224 1.2 5 0 0
1 83889 -4.57757 -40.107 -30.7833 0.701318 1.2 5 0 0
1 83890 -4.42839 -40.5516 -33.686 0.660996 1.2 5 0 0
1 83891 -4.01805 -39.0289 -33.9256 0.531633 1.2 5 0 0
1 83892 -3.3417 -40.6448 -34.6839 -0.012033 1.2 5 0 0
1 83893 -3.14677 -38.876 -34.6631 -0.00118703 1.2 5 0 0
1 83895 3.84576 -52.6247 -32.0198 -0.00997411 1.2 5 0 0
1 83896 3.4025 -54.1459 -32.0536 -0.00382495 1.2 5 0 0
1 83897 -1.13112 -53.7073 -30.5776 -0.00247818 1.2 5 0 0
1 83898 1.04805 -53.3447 -32.5155 -0.00869328 1.2 5 0 0
1 83899 -5.52621 -51.7278 -30.0678 0.327431 1.2 5 0 0
1 83900 -7.2289 -50.801 -28.8252 1.5 1.2 5 0 0
1 83901 -6.12659 -50.9655 -30.7948 0.685054 1.2 5 0 0
1 83908 2.6294 -50.7338 -32.6603 -0.00975764 1.2 5 0 0
1 83909 -0.830498 -51.3955 -32.3087 -0.0233211 1.2 5 0 0
1 83911 0.768146 -47.4939 -32.9703 -0.0231835 1.2 5 0 0
1 83912 -0.293076 -52.2432 -34.2182 -0.00292593 1.2 5 0 0
1 83920 -0.221945 -36.48 -34.4285 -0.0096033 1.2 5 0 0
1 83922 0.284782 -38.0341 -33.2382 -0.00276381 1.2 5 0 0
1 83924 -1.77572 -39.7679 -34.2448 -0.00138605 1.2 5 0 0
1 83925 1.9239 -36.4647 -31.4829 -0.0123238 1.2 5 0 0
1 83926 1.27464 -37.7473 -31.6576 -0.00646245 1.2 5 0 0
1 83927 -0.455684 -38.1035 -31.4255 -0.0272704 1.2 5 0 0
1 83928 1.81172 -39.7272 -36.7979 -0.00518213 1.2 5 0 0
1 83929 0.689176 -38.5102 -35.5053 -0.00722878 1.2 5 0 0
1 83930 2.4921 -40.1103 -34.1378 -0.0247073 1.2 5 0 0
1 83931 1.4813 -40.2704 -34.7728 -0.00991943 1.2 5 0 0
1 83932 4.54646 -43.7839 -32.603 -0.00181898 1.2 5 0 0
1 83933 3.70275 -41.2307 -32.4489 -0.0287888 1.2 5 0 0
1 83934 -0.771125 -42.626 -32.6805 -0.000366453 1.2 5 0 0
1 83935 2.28494 -43.493 -32.0371 -0.0203372 1.2 5 0 0
1 83936 2.70237 -43.1876 -37.4066 -0.0127861 1.2 5 0 0
1 83938 3.96517 -35.8299 -36.2166 -0.0179548 1.2 5 0 0
1 83940 3.90552 -39.3566 -36.6744 -0.00827196 1.2 5 0 0
1 84083 6.16144 -56.4779 -31.4847 1.06986 1.2 5 0 0
1 84085 6.67849 -54.2077 -32.1175 0.79574 1.2 5 0 0
1 84086 7.0982 -54.7776 -35.2666 1.20339 1.2 5 0 0
1 84502 6.7814 -14.9294 -30.8047 0.80779 1.2 5 0 0
1 84503 6.25838 -18.6815 -31.6238 1.24954 1.2 5 0 0
1 84564 6.70106 -12.3445 -29.9807 0.931482 1.2 5 0 0
1 84617 2.45862 -31.3798 -32.3563 -0.010575 1.2 5 0 0
1 84619 0.830424 -32.6265 -33.7664 -0.00544366 1.2 5 0 0
1 84620 -0.0571268 -32.5703 -30.9957 0.126402 1.2 5 0 0
1 84621 2.06322 -34.7602 -31.0195 -0.00441856 1.2 5 0 0
1 84622 1.67239 -28.9584 -31.1038 0.123566 1.2 5 0 0
1 84623 0.688841 -30.4192 -33.2572 -0.0239444 1.2 5 0 0
1 84624 1.97227 -27.6218 -33.4755 -0.00740609 1.2 5 0 0
1 84625 1.96085 -29.3177 -33.9521 -0.00293991 1.2 5 0 0
1 84626 -2.39498 -33.5243 -31.6595 1.5 1.2 5 0 0
1 84627 -4.32195 -34.3652 -30.775 0.774569 1.2 5 0 0
1 84628 -4.77375 -36.0582 -33.2218 0.617949 1.2 5 0 0
1 84629 -4.21608 -35.6425 -32.8453 0.170288 1.2 5 0 0
1 84630 -2.32821 -35.6564 -30.9768 0.505244 1.2 5 0 0
1 84631 -4.27361 -36.186 -30.6627 0.433596 1.2 5 0 0
1 84632 -3.28441 -35.2017 -30.7564 0.557742 1.2 5 0 0
1 84633 -3.43005 -36.3954 -32.0315 1.18784 1.2 5 0 0
1 84634 -4.22846 -34.5848 -32.7673 0.890308 1.2 5 0 0
1 84635 -4.0617 -33.1133 -32.8516 0.589986 1.2 5 0 0
1 84636 -4.5518 -32.9459 -31.6624 0.707126 1.2 5 0 0
1 84637 -0.992639 -32.293 -30.4075 0.747226 1.2 5 0 0
1 84638 -3.99864 -32.3808 -30.1607 0.954091 1.2 5 0 0
1 84639 -0.924813 -29.7806 -29.2157 0.646726 1.2 5 0 0
1 84640 -3.21776 -31.0849 -30.1537 0.23279 1.2 5 0 0
1 84641 -1.83579 -32.8676 -30.0148 0.3404 1.2 5 0 0
1 84642 -1.01979 -32.3826 -32.3789 0.399554 1.2 5 0 0
1 84643 -2.43199 -31.8556 -33.106 0.708647 1.2 5 0 0
1 84644 -0.206302 -35.1896 -31.8111 -0.00616603 1.2 5 0 0
1 84645 -1.3999 -32.7694 -33.3482 0.351542 1.2 5 0 0
1 84646 -1.98944 -35.9782 -32.8858 0.537907 1.2 5 0 0
1 84647 -2.33957 -35.263 -32.4009 0.391031 1.2 5 0 0
1 84648 -2.18541 -34.6068 -33.5288 0.504044 1.2 5 0 0
1 84649 -3.08044 -35.7351 -33.7444 0.680961 1.2 5 0 0
1 84650 -0.604083 -33.8695 -30.7107 0.487239 1.2 5 0 0
1 84651 -1.18195 -35.3596 -31.3905 0.710288 1.2 5 0 0
1 84652 -1.51825 -35.093 -32.4593 0.414357 1.2 5 0 0
1 84653 -0.594169 -35.3218 -34.5903 -0.0324399 1.2 5 0 0
1 84654 0.909574 -34.5099 -34.6572 -0.0124818 1.2 5 0 0
1 84655 -2.2208 -36.1365 -33.8556 0.0934246 1.2 5 0 0
1 84667 -5.80705 -21.8933 -29.1537 0.556536 1.2 5 0 0
1 84668 -6.56114 -23.2163 -28.3833 1.14555 1.2 5 0 0
1 84706 -6.86963 -24.4833 -29.487 0.554186 1.2 5 0 0
1 84707 -8.07396 -24.6997 -28.6473 0.920492 1.2 5 0 0
1 84708 -7.8093 -26.5318 -29.4528 0.704997 1.2 5 0 0
1 84709 -5.90866 -25.8184 -28.2567 1.5 1.2 5 0 0
1 84710 1.47006 -26.7241 -31.6961 1.19092 1.2 5 0 0
1 84711 1.30142 -24.7725 -29.7737 1.5 1.2 5 0 0
1 84712 2.51352 -25.195 -31.3851 0.54318 1.2 5 0 0
1 84713 0.060598 -21.9228 -30.338 1.5 1.2 5 0 0
1 84714 0.982952 -23.4746 -31.2318 0.477924 1.2 5 0 0
1 84715 0.288514 -23.1903 -31.9591 0.556318 1.2 5 0 0
1 84716 2.22225 -28.4542 -30.1958 0.730661 1.2 5 0 0
1 84717 2.84536 -26.7906 -29.5279 1.05282 1.2 5 0 0
1 84719 2.84264 -23.2526 -31.8481 1.48056 1.2 5 0 0
1 84720 2.00452 -25.0998 -32.192 0.404717 1.2 5 0 0
1 84721 1.60374 -23.9959 -32.9047 0.307134 1.2 5 0 0
1 84724 -1.87469 -26.0819 -28.6453 0.826363 1.2 5 0 0
1 84725 -6.57086 -27.0443 -30.0142 0.742651 1.2 5 0 0
1 84726 -4.05685 -25.2174 -29.745 0.914312 1.2 5 0 0
1 84727 -5.43693 -24.391 -29.8632 0.698609 1.2 5 0 0
1 84730 -3.65282 -27.4987 -28.2332 1.02848 1.2 5 0 0
1 84731 -3.67088 -28.0436 -31.4633 0.644339 1.2 5 0 0
1 84732 -4.66186 -27.2108 -30.1744 1.1778 1.2 5 0 0
1 84733 -3.75882 -28.3887 -29.6815 0.360637 1.2 5 0 0
1 84736 -2.10913 -23.7763 -29.0622 1.5 1.2 5 0 0
1 84741 -4.5518 -22.9128 -29.3856 0.967229 1.2 5 0 0
1 84745 -3.98482 -23.671 -30.5944 0.195238 1.2 5 0 0
1 84746 -1.7527 -22.6084 -31.006 0.525531 1.2 5 0 0
1 84747 -3.3839 -24.2187 -30.704 0.625162 1.2 5 0 0
1 84748 -0.995218 -28.2388 -32.1003 0.639525 1.2 5 0 0
1 84749 -1.50076 -27.007 -32.045 0.606665 1.2 5 0 0
1 84750 -0.367722 -27.1768 -32.5334 0.593631 1.2 5 0 0
1 84751 -2.50687 -27.8644 -32.0738 0.462274 1.2 5 0 0
1 84752 0.675368 -27.5709 -29.3024 1.26214 1.2 5 0 0
1 84754 -0.58197 -26.0109 -29.5865 0.737233 1.2 5 0 0
1 84755 -0.558847 -25.621 -31.3439 1.0631 1.2 5 0 0
1 84756 -1.35217 -23.8307 -31.2159 0.774208 1.2 5 0 0
1 84757 -2.534 -25.597 -30.8317 0.974966 1.2 5 0 0
1 84758 -6.38719 -29.9734 -29.8373 0.336976 1.2 5 0 0
1 84759 -7.40131 -28.797 -28.8564 1.5 1.2 5 0 0
1 84761 -8.72455 -31.2152 -29.5937 1.33013 1.2 5 0 0
1 84762 -6.4605 -32.77 -30.5574 1.5 1.2 5 0 0
1 84764 -6.51418 -30.9945 -28.9771 0.869391 1.2 5 0 0
1 84766 -7.06428 -30.3952 -30.652 0.802701 1.2 5 0 0
1 84767 -5.94644 -30.8915 -31.4982 0.615285 1.2 5 0 0
1 84768 -13.051 -32.7123 -29.4299 0.64981 1.2 5 0 0
1 84769 -11.226 -32.0167 -28.8893 1.3505 1.2 5 0 0
1 84776 -12.5609 -35.3972 -30.2287 0.623001 1.2 5 0 0
1 84778 -11.708 -33.8434 -30.0135 0.777339 1.2 5 0 0
1 84779 -10.2424 -29.9022 -29.522 0.629785 1.2 5 0 0
1 84780 -9.26027 -29.2271 -29.6856 0.573233 1.2 5 0 0
1 84782 -11.3739 -29.4336 -27.6862 1.5 1.2 5 0 0
1 84783 -7.64271 -37.5786 -32.2833 0.700106 1.2 5 0 0
1 84784 -5.97996 -35.7602 -31.4667 1.5 1.2 5 0 0
1 84785 -7.98652 -36.0457 -31.9096 0.574607 1.2 5 0 0
1 84786 -11.2893 -37.0375 -29.7498 1.5 1.2 5 0 0
1 84787 -9.5502 -37.8688 -31.2659 0.944766 1.2 5 0 0
1 84788 -9.906 -35.7758 -30.1089 0.404756 1.2 5 0 0
1 84789 -9.5397 -35.6245 -31.2681 0.517771 1.2 5 0 0
1 84790 -9.38091 -33.9538 -29.928 1.5 1.2 5 0 0
1 84791 -8.44012 -36.3972 -30.2809 1.14196 1.2 5 0 0
1 84792 -7.86523 -34.5515 -31.4709 0.734049 1.2 5 0 0
1 84793 -8.17147 -33.3562 -31.3869 0.487063 1.2 5 0 0
1 84803 6.24898 -7.88946 -27.39 1.5 1.2 5 0 0
1 84804 5.98177 -10.3733 -28.5916 1.19739 1.2 5 0 0
1 84830 4.97786 -12.8637 -28.302 1.5 1.2 5 0 0
1 84837 2.84269 -12.4837 -29.042 0.725724 1.2 5 0 0
1 84838 3.61276 -13.6346 -29.8669 0.648607 1.2 5 0 0
1 84922 6.00608 -18.7929 -29.4532 0.445798 1.2 5 0 0
1 84925 2.49311 -16.2981 -30.1744 0.961536 1.2 5 0 0
1 84926 4.86788 -14.7204 -30.2003 0.993772 1.2 5 0 0
1 84930 4.81026 -17.1743 -29.7601 1.5 1.2 5 0 0
1 84931 4.16992 -17.6116 -31.5875 0.476007 1.2 5 0 0
1 84932 5.33496 -16.9712 -31.67 0.491002 1.2 5 0 0
1 84933 1.65071 -22.1985 -28.4552 0.979832 1.2 5 0 0
1 84937 -2.37667 -20.9285 -29.3544 1.29365 1.2 5 0 0
1 84938 -2.75868 -18.9755 -29.314 0.662193 1.2 5 0 0
1 84939 -0.986564 -20.0432 -30.3843 0.649799 1.2 5 0 0
1 84940 -1.47453 -19.1196 -29.8637 0.517305 1.2 5 0 0
1 84944 1.66812 -14.9633 -28.1181 1.5 1.2 5 0 0
1 84945 2.25725 -14.3484 -29.9164 0.486797 1.2 5 0 0
1 84947 2.52778 -17.5203 -28.2653 1.2016 1.2 5 0 0
1 84949 -1.90482 -16.9893 -28.2288 1.37833 1.2 5 0 0
1 84953 -0.694605 -15.1065 -28.733 0.838691 1.2 5 0 0
1 84954 0.237557 -16.6575 -29.4269 1.05798 1.2 5 0 0
1 84956 4.66892 -19.297 -30.6887 0.603485 1.2 5 0 0
1 84957 3.24132 -18.6549 -31.08 1.01004 1.2 5 0 0
1 84958 4.48798 -19.725 -32.1006 0.727835 1.2 5 0 0
1 84959 3.73112 -20.0002 -31.1936 0.425843 1.2 5 0 0
1 84960 1.0276 -19.8572 -31.0127 0.78258 1.2 5 0 0
1 84961 1.6435 -17.8621 -30.5362 0.854716 1.2 5 0 0
1 84962 1.93084 -19.0222 -30.1239 0.407879 1.2 5 0 0
1 84963 4.56919 -19.5938 -28.9977 1.04826 1.2 5 0 0
1 84964 2.61116 -20.4879 -29.9617 1.21613 1.2 5 0 0
1 84966 2.07951 -22.3808 -30.0033 0.587642 1.2 5 0 0
1 84967 3.17741 -20.7832 -31.9915 0.821678 1.2 5 0 0
1 84968 1.72778 -21.3176 -31.7063 0.740051 1.2 5 0 0
1 84969 2.20876 -19.7506 -31.6067 0.543849 1.2 5 0 0
1 85025 3.81738 -32.9528 -32.3583 -0.00753856 1.2 5 0 0
1 85027 5.03004 -35.3003 -33.4531 -0.00895058 1.2 5 0 0
1 85029 4.78249 -30.9437 -32.1199 -0.00516238 1.2 5 0 0
1 85030 4.15574 -30.3828 -35.1933 -0.0119006 1.2 5 0 0
1 85032 4.62489 -33.8526 -30.7462 -0.0387017 1.2 5 0 0
1 85034 4.55948 -33.7175 -35.3806 -0.0135526 1.2 5 0 0
1 85035 3.04396 -35.0871 -34.5103 -0.0013235 1.2 5 0 0
1 85036 4.32649 -35.032 -34.5055 -0.013601 1.2 5 0 0
1 85040 3.88345 -27.2436 -31.9148 0.293063 1.2 5 0 0
1 85041 4.8024 -27.1599 -33.0325 -0.00293726 1.2 5 0 0
1 85043 5.68973 -27.8055 -31.7758 0.270359 1.2 5 0 0
1 85066 5.71795 -23.1879 -31.6088 0.588558 1.2 5 0 0
1 85067 4.74201 -23.5743 -30.9269 0.650365 1.2 5 0 0
1 85068 4.91193 -22.5459 -32.9027 0.862367 1.2 5 0 0
1 85069 4.4947 -25.6886 -31.2312 1.5 1.2 5 0 0
1 85070 5.83283 -24.2913 -31.4973 0.405428 1.2 5 0 0
1 85072 5.90214 -23.1223 -30.2324 0.418775 1.2 5 0 0
1 85073 4.18401 -25.1442 -29.0157 0.802486 1.2 5 0 0
1 85074 3.42574 -26.4801 -32.7089 0.234097 1.2 5 0 0
1 85075 2.9543 -25.2661 -32.8547 0.650477 1.2 5 0 0
1 85076 3.79418 -24.629 -32.5589 0.337443 1.2 5 0 0
1 85077 4.55496 -24.8252 -33.3507 0.747049 1.2 5 0 0
1 85081 5.49373 -20.0787 -31.8806 0.303641 1.2 5 0 0
1 85082 6.02662 -20.63 -32.7001 0.818641 1.2 5 0 0
1 85085 5.04338 -21.4116 -30.7416 1.5 1.2 5 0 0
1 85088 6.66441 -21.9979 -33.2202 0.769828 1.2 5 0 0
1 85096 5.80574 -25.4038 -34.1236 0.520301 1.2 5 0 0
1 85102 7.51359 -26.3486 -33.826 1.35218 1.2 5 0 0
1 91135 -17.9365 -47.301 -28.8653 0.782184 1.2 5 0 0
1 91224 -10.4188 -52.9632 -27.9581 1.25323 1.2 5 0 0
1 91231 -9.17362 -51.354 -29.6618 0.68806 1.2 5 0 0
1 91232 -10.4552 -51.6233 -29.4237 0.635178 1.2 5 0 0
1 91233 -8.21514 -47.8769 -27.8131 1.5 1.2 5 0 0
1 91236 -8.71883 -52.4854 -28.8882 0.742641 1.2 5 0 0
1 91237 -7.94382 -52.2949 -29.7319 0.388073 1.2 5 0 0
1 91239 -9.85508 -45.3245 -27.9723 1.32201 1.2 5 0 0
1 91256 -11.5054 -47.6998 -30.8119 0.448764 1.2 5 0 0
1 91257 -10.0665 -46.2222 -30.4696 1.33094 1.2 5 0 0
1 91258 -11.9294 -46.1616 -30.9564 0.560437 1.2 5 0 0
1 91259 -10.5924 -47.9218 -29.6336 0.63477 1.2 5 0 0
1 91260 -12.645 -46.53 -29.0568 1.5 1.2 5 0 0
1 91261 -14.3901 -47.3102 -30.1087 0.643218 1.2 5 0 0
1 91262 -12.3219 -47.2365 -30.7856 0.395405 1.2 5 0 0
1 91263 -11.981 -48.6388 -29.9863 0.888943 1.2 5 0 0
1 91264 -10.3318 -44.164 -29.7446 0.848527 1.2 5 0 0
1 91265 -12.5399 -43.6476 -30.1528 0.175601 1.2 5 0 0
1 91266 -11.975 -44.4907 -30.7102 0.9822 1.2 5 0 0
1 91267 -11.1167 -43.6442 -31.5564 0.464669 1.2 5 0 0
1 91297 -11.3243 -50.0977 -28.2086 1.5 1.2 5 0 0
1 91299 -12.5088 -52.2466 -28.6728 0.984199 1.2 5 0 0
1 91802 -16.2716 -35.843 -29.0612 0.64872 1.2 5 0 0
1 91803 -17.4451 -39.9419 -29.2545 0.990823 1.2 5 0 0
1 91809 -15.1895 -41.4665 -30.6491 0.370908 1.2 5 0 0
1 91810 -16.0015 -40.9314 -29.9883 0.729529 1.2 5 0 0
1 93014 5.60903 -50.7551 -33.3717 0.171009 1.2 5 0 0
1 93015 5.62053 -49.517 -34.0529 0.286826 1.2 5 0 0
1 93016 7.15835 -50.0984 -32.3575 1.18059 1.2 5 0 0
1 93018 7.3775 -52.1014 -35.5286 1.5 1.2 5 0 0
1 93019 6.71657 -49.7429 -34.809 1.01983 1.2 5 0 0
1 93020 4.66931 -50.8159 -34.6911 -0.00388581 1.2 5 0 0
1 93022 2.36898 -48.674 -34.2806 -0.00501929 1.2 5 0 0
1 93023 2.89218 -49.1218 -34.7522 -0.00221553 1.2 5 0 0
1 93024 3.93677 -49.7014 -31.9274 -0.0113419 1.2 5 0 0
1 93025 2.90659 -49.2463 -32.8957 -0.000519857 1.2 5 0 0
1 93030 6.05736 -51.6683 -33.6087 0.731936 1.2 5 0 0
1 93033 4.35302 -54.1307 -35.5177 0.444131 1.2 5 0 0
1 93034 3.96801 -53.5741 -35.2956 0.144775 1.2 5 0 0
1 93035 5.08903 -52.248 -33.864 0.202359 1.2 5 0 0
1 93036 5.50134 -54.2107 -33.7673 0.976272 1.2 5 0 0
1 93037 5.56901 -51.2693 -36.8258 0.700499 1.2 5 0 0
1 93038 6.15714 -52.6202 -36.9558 0.448022 1.2 5 0 0
1 93039 5.45044 -52.3198 -36.8839 0.320046 1.2 5 0 0
1 93040 4.26264 -50.807 -36.366 0.364224 1.2 5 0 0
1 93052 2.91734 -47.579 -32.8695 -0.0119536 1.2 5 0 0
1 93053 2.39087 -46.4995 -32.9577 -0.00662874 1.2 5 0 0
1 93054 1.22018 -46.9627 -33.4136 -0.0105708 1.2 5 0 0
1 93055 1.5984 -45.4887 -33.6189 -0.00495251 1.2 5 0 0
1 93056 1.80499 -45.2586 -30.4412 -0.0124672 1.2 5 0 0
1 93057 2.02785 -45.2161 -32.4069 -0.00253804 1.2 5 0 0
1 93058 3.40473 -44.6425 -33.6462 -0.0110707 1.2 5 0 0
1 93059 3.69241 -46.42 -33.2772 -0.00303504 1.2 5 0 0
1 93067 4.32261 -45.351 -30.4932 -0.024085 1.2 5 0 0
1 93068 3.7361 -44.9262 -32.257 -0.00545413 1.2 5 0 0
1 93070 4.50184 -45.5285 -32.5129 -0.0169222 1.2 5 0 0
1 93078 1.19326 -46.5545 -36.7756 -0.0164607 1.2 5 0 0
1 93079 2.5708 -46.7481 -37.2208 -0.0114727 1.2 5 0 0
1 93080 4.7369 -46.9879 -34.3958 -0.00367827 1.2 5 0 0
1 93083 3.96625 -48.6689 -34.7861 -0.0173431 1.2 5 0 0
1 93084 6.91899 -49.9873 -37.1416 1.15672 1.2 5 0 0
1 93085 5.28613 -49.9716 -37.362 0.429664 1.2 5 0 0
1 93086 5.5471 -48.6604 -36.2386 0.772137 1.2 5 0 0
1 93087 4.83434 -47.1698 -37.5614 0.560468 1.2 5 0 0
1 93088 6.45048 -45.7554 -37.1112 1.2831 1.2 5 0 0
1 93090 6.24465 -47.1874 -35.0746 0.644192 1.2 5 0 0
1 93091 -2.36897 -44.4199 -29.3195 0.64971 1.2 5 0 0
1 93093 -3.11557 -47.0436 -34.5775 -0.00519465 1.2 5 0 0
1 93094 -2.25713 -44.4508 -34.7801 -0.0183534 1.2 5 0 0
1 93095 -4.90369 -44.7164 -33.5904 0.0148515 1.2 5 0 0
1 93096 -3.70071 -43.9436 -34.5535 -0.0151262 1.2 5 0 0
1 93097 -8.74113 -39.2856 -32.3477 0.510897 1.2 5 0 0
1 93098 -8.48291 -38.374 -32.0831 0.472924 1.2 5 0 0
1 93099 -7.18195 -38.3187 -30.6985 1.10863 1.2 5 0 0
1 93100 -6.76191 -40.685 -30.1744 0.924793 1.2 5 0 0
1 93101 -7.03304 -41.3295 -32.9223 0.530195 1.2 5 0 0
1 93102 -8.49697 -40.9239 -32.3995 0.522431 1.2 5 0 0
1 93103 -7.78643 -40.9923 -31.5698 0.355212 1.2 5 0 0
1 93104 -8.29497 -41.1287 -31.7311 0.179073 1.2 5 0 0
1 93105 -9.31876 -42.5935 -29.949 0.571191 1.2 5 0 0
1 93106 -8.01748 -41.7023 -29.164 0.843416 1.2 5 0 0
1 93107 -9.14155 -38.0799 -29.5962 0.772244 1.2 5 0 0
1 93108 -10.6544 -38.8681 -31.4001 0.550074 1.2 5 0 0
1 93109 -9.70723 -40.5311 -32.2631 0.289043 1.2 5 0 0
1 93110 -10.8605 -40.9382 -31.541 0.58524 1.2 5 0 0
1 93111 -8.00522 -44.2933 -32.0973 0.585736 1.2 5 0 0
1 93112 -8.78558 -43.87 -31.7023 0.352302 1.2 5 0 0
1 93114 -4.24924 -46.4661 -29.4954 0.57559 1.2 5 0 0
1 93117 -6.37512 -44.3915 -30.411 0.205824 1.2 5 0 0
1 93118 -6.59501 -46.2986 -28.7619 0.829705 1.2 5 0 0
1 93119 -6.40934 -45.6648 -30.1654 0.523926 1.2 5 0 0
1 93120 -8.56253 -46.0491 -29.9793 0.260408 1.2 5 0 0
1 93129 -5.26383 -46.5228 -30.6607 0.838698 1.2 5 0 0
1 93130 -6.04229 -46.5962 -31.4672 0.271338 1.2 5 0 0
1 93131 -5.81379 -46.9257 -32.4267 0.768545 1.2 5 0 0
1 93132 -8.8707 -46.5303 -31.7012 0.40116 1.2 5 0 0
1 93133 -7.46398 -47.3152 -30.6915 1.5 1.2 5 0 0
1 93134 -6.99569 -49.7686 -30.9237 0.746586 1.2 5 0 0
1 93135 -6.42755 -48.4024 -29.064 0.711634 1.2 5 0 0
1 93136 -6.65572 -49.1411 -29.9499 0.460701 1.2 5 0 0
1 93137 -8.32868 -45.5308 -31.7691 0.734732 1.2 5 0 0
1 93138 -7.60989 -45.1587 -32.5178 0.351893 1.2 5 0 0
1 93139 -6.91214 -46.3593 -32.3901 0.466008 1.2 5 0 0
1 93140 -2.72545 -39.2895 -31.3698 0.658112 1.2 5 0 0
1 93141 -1.98473 -40.4916 -31.616 0.39122 1.2 5 0 0
1 93142 -2.54047 -40.0726 -32.614 0.26377 1.2 5 0 0
1 93143 -3.52635 -40.4126 -32.0958 0.90071 1.2 5 0 0
1 93144 -3.80181 -41.5041 -32.7668 0.406648 1.2 5 0 0
1 93145 -2.77823 -41.3585 -32.2418 0.314057 1.2 5 0 0
1 93146 -2.75367 -41.0777 -31.8049 0.158197 1.2 5 0 0
1 93147 -6.1161 -40.0838 -31.458 0.436197 1.2 5 0 0
1 93148 -6.58551 -37.8138 -32.8203 0.250777 1.2 5 0 0
1 93149 -5.99447 -38.2849 -30.1173 0.213897 1.2 5 0 0
1 93150 -5.75552 -39.6503 -30.5698 0.571816 1.2 5 0 0
1 93151 -3.70102 -38.9251 -30.9248 0.469593 1.2 5 0 0
1 93152 -3.11781 -38.0094 -31.2476 0.622358 1.2 5 0 0
1 93153 -5.23029 -41.5527 -29.8886 0.453806 1.2 5 0 0
1 93154 -5.41495 -41.8665 -31.8082 1.5 1.2 5 0 0
1 93155 4.71142 -52.0864 -30.6206 -0.0019077 1.2 5 0 0
1 93156 3.99716 -50.7738 -30.8957 -0.0045388 1.2 5 0 0
1 93159 1.42577 -56.8093 -31.9391 -0.000734814 1.2 5 0 0
1 93160 2.77583 -57.7166 -31.513 -0.00333497 1.2 5 0 0
1 93161 -0.0530265 -55.1242 -31.7863 -0.0078681 1.2 5 0 0
1 93162 -0.756347 -56.7392 -30.7334 -0.0165733 1.2 5 0 0
1 93164 1.99915 -56.1138 -30.801 -0.000288335 1.2 5 0 0
1 93165 1.61144 -55.7874 -31.3675 -0.0197396 1.2 5 0 0
1 93166 1.10212 -55.0749 -33.3678 -0.00261682 1.2 5 0 0
1 93167 1.65705 -51.9967 -30.3389 -0.00435231 1.2 5 0 0
1 93170 5.21278 -54.6795 -31.8641 0.0837843 1.2 5 0 0
1 93171 4.66138 -56.4498 -33.2765 0.496313 1.2 5 0 0
1 93172 4.67378 -55.5358 -32.112 0.00628634 1.2 5 0 0
1 93173 2.89639 -53.4544 -34.5731 -0.0038626 1.2 5 0 0
1 93174 3.91603 -54.4022 -32.4473 -0.00486169 1.2 5 0 0
1 93175 3.62809 -56.7161 -32.2505 -0.0292928 1.2 5 0 0
1 93176 4.42022 -56.0997 -30.6071 -0.00370982 1.2 5 0 0
1 93177 4.62937 -57.4889 -32.16 0.188089 1.2 5 0 0
1 93178 3.93024 -57.3091 -32.6873 -0.00418305 1.2 5 0 0
1 93179 3.77922 -55.415 -33.498 -0.000737226 1.2 5 0 0
1 93180 3.73246 -54.6999 -34.7388 -0.00119979 1.2 5 0 0
1 93189 -3.16303 -53.4251 -31.7823 -0.01128 1.2 5 0 0
1 93190 -3.89519 -54.3493 -30.4824 -0.0110544 1.2 5 0 0
1 93192 -5.18171 -49.3653 -28.3881 1.00183 1.2 5 0 0
1 93206 -3.07137 -48.9346 -31.2553 -0.00824408 1.2 5 0 0
1 93207 -3.47771 -49.719 -30.7131 -0.0242397 1.2 5 0 0
1 93208 -5.55723 -48.5931 -30.871 0.757244 1.2 5 0 0
1 93209 -6.10824 -49.9693 -31.7082 0.396156 1.2 5 0 0
1 93210 -4.98652 -49.0978 -32.9048 -0.0213697 1.2 5 0 0
1 93213 -3.67266 -52.4394 -32.2312 -0.00752939 1.2 5 0 0
1 93214 -4.96287 -50.9622 -32.3476 -0.017059 1.2 5 0 0
1 93215 -4.4156 -50.5625 -32.5481 -0.010862 1.2 5 0 0
1 93241 0.64268 -50.0215 -31.2838 -0.00917773 1.2 5 0 0
1 93242 0.91767 -50.6618 -30.3099 -0.0037675 1.2 5 0 0
1 93243 0.39519 -50.4195 -32.8133 -0.011708 1.2 5 0 0
1 93244 0.827116 -52.0167 -32.9781 -0.00234409 1.2 5 0 0
1 93245 0.996596 -51.2879 -33.1479 -0.00138462 1.2 5 0 0
1 93247 0.349736 -45.2956 -33.003 -0.0185446 1.2 5 0 0
1 93248 -3.22858 -47.7618 -33.818 -0.0106136 1.2 5 0 0
1 93249 -2.62688 -46.9529 -32.0724 -0.00642069 1.2 5 0 0
1 93251 -0.217003 -46.8454 -31.583 -0.00198134 1.2 5 0 0
1 93253 0.0424533 -46.5975 -34.2922 -0.0094455 1.2 5 0 0
1 93254 -0.415952 -47.9077 -35.3982 -0.0178626 1.2 5 0 0
1 93255 2.88776 -48.1508 -30.8327 -0.019921 1.2 5 0 0
1 93256 1.59648 -49.3918 -30.7813 -0.0203853 1.2 5 0 0
1 93257 -1.4464 -49.5001 -32.0538 -0.0212638 1.2 5 0 0
1 93258 -1.9106 -47.4653 -30.7794 -0.0228001 1.2 5 0 0
1 93259 0.874878 -50.1964 -35.3813 -0.0108223 1.2 5 0 0
1 93260 0.381738 -52.1278 -34.793 -0.00301086 1.2 5 0 0
1 93261 1.99406 -52.0735 -35.4037 -0.0163271 1.2 5 0 0
1 93262 -2.35495 -50.0996 -32.2065 -0.0273595 1.2 5 0 0
1 93263 -0.84738 -49.5531 -33.2343 -0.0035515 1.2 5 0 0
1 93264 -1.38821 -49.6129 -34.8214 -0.000176474 1.2 5 0 0
1 93265 -2.04078 -50.6763 -33.8545 -0.00742212 1.2 5 0 0
1 93266 -1.76322 -52.4791 -33.3099 -0.0116521 1.2 5 0 0
1 93274 5.21696 -44.1777 -37.794 0.267014 1.2 5 0 0
1 93283 7.47699 -40.2181 -37.2993 1.25456 1.2 5 0 0
1 93285 6.58313 -42.8111 -37.5972 1.0767 1.2 5 0 0
1 93287 0.744122 -39.4378 -32.0399 -0.00188518 1.2 5 0 0
1 93288 -0.578395 -41.299 -30.9595 -0.0218928 1.2 5 0 0
1 93289 -0.372636 -40.5749 -35.7843 -0.0215401 1.2 5 0 0
1 93290 -1.95156 -41.3531 -35.4035 -0.0174328 1.2 5 0 0
1 93291 -1.44257 -38.5949 -35.0998 -0.00142373 1.2 5 0 0
1 93292 -2.36025 -37.9992 -32.7076 0.581451 1.2 5 0 0
1 93293 -1.30492 -36.9896 -31.5389 0.311891 1.2 5 0 0
1 93294 4.14029 -43.4856 -31.056 -0.00495428 1.2 5 0 0
1 93297 4.71645 -42.855 -34.4073 -0.0246012 1.2 5 0 0
1 93298 1.23024 -41.5422 -33.9468 -0.0256588 1.2 5 0 0
1 93299 1.09267 -42.4744 -33.7425 -0.00430452 1.2 5 0 0
1 93300 -1.04442 -42.1151 -35.6039 -0.0144879 1.2 5 0 0
1 93301 -1.80566 -43.7631 -35.5687 -0.0203622 1.2 5 0 0
1 93302 0.531482 -44.3217 -36.3377 -0.0207707 1.2 5 0 0
1 93303 -0.729919 -43.8538 -35.2277 -0.00981916 1.2 5 0 0
1 93304 2.18287 -41.0069 -31.5019 -0.00344861 1.2 5 0 0
1 93305 2.34607 -41.8115 -31.3219 -0.0204567 1.2 5 0 0
1 93306 1.75302 -41.5175 -31.8444 -0.0245749 1.2 5 0 0
1 93307 1.85603 -43.8197 -31.1048 -0.00603478 1.2 5 0 0
1 93309 1.65256 -42.3168 -30.9841 -0.0232568 1.2 5 0 0
1 93310 2.39626 -42.8475 -32.2885 -0.00944246 1.2 5 0 0
1 93311 4.38972 -44.5604 -37.0155 -0.00245365 1.2 5 0 0
1 93312 4.37108 -43.4666 -35.7528 -0.00614825 1.2 5 0 0
1 93313 4.71899 -44.017 -35.3162 -0.0320565 1.2 5 0 0
1 93314 1.89205 -43.9301 -35.5825 -0.00578199 1.2 5 0 0
1 93315 1.6529 -45.6086 -36.9637 -0.0106088 1.2 5 0 0
1 93316 1.645 -43.617 -36.9038 -0.0267616 1.2 5 0 0
1 93317 2.81233 -40.8884 -36.1554 -0.00237647 1.2 5 0 0
1 93318 2.97667 -43.594 -34.778 -0.0280631 1.2 5 0 0
1 93320 4.11926 -36.8463 -35.9965 -0.00464986 1.2 5 0 0
1 93321 4.57099 -37.7548 -35.336 -0.0243593 1.2 5 0 0
1 93322 3.58071 -37.8313 -33.6591 -0.00951078 1.2 5 0 0
1 93323 3.79408 -38.5075 -36.1539 -0.0228333 1.2 5 0 0
1 93324 3.14688 -37.889 -36.6027 -0.00487634 1.2 5 0 0
1 93325 4.01461 -41.1025 -37.4706 -0.00327004 1.2 5 0 0
1 93327 5.00874 -40.3295 -37.4776 -0.0134611 1.2 5 0 0
1 93328 4.73514 -38.2422 -32.2175 -0.0272257 1.2 5 0 0
1 93329 3.90758 -36.3946 -31.7487 -0.00812797 1.2 5 0 0
1 93331 4.13544 -40.6713 -32.5506 -0.00862003 1.2 5 0 0
1 93332 4.89296 -40.5266 -33.1998 -0.0113467 1.2 5 0 0
1 93655 4.6799 -57.7862 -30.6863 -0.000551348 1.2 5 0 0
1 93656 2.47939 -57.6041 -31.0616 -0.0121852 1.2 5 0 0
1 93839 6.20497 -57.6328 -32.9243 0.502884 1.2 5 0 0
1 93842 5.7403 -56.0565 -33.3041 0.550948 1.2 5 0 0
1 93843 7.10181 -56.688 -33.7863 1.02546 1.2 5 0 0
1 95995 1.23676 -34.4398 -32.1757 -0.0122648 1.2 5 0 0
1 95996 0.675714 -34.6755 -30.8527 -0.00103752 1.2 5 0 0
1 95997 1.85254 -33.7422 -30.5931 -0.00185869 1.2 5 0 0
1 95998 2.52836 -33.5573 -31.0248 -0.00275855 1.2 5 0 0
1 96000 2.06405 -35.8696 -32.2037 -0.0139673 1.2 5 0 0
1 96001 0.412664 -29.6328 -30.1744 0.959325 1.2 5 0 0
1 96002 -0.113082 -31.1908 -30.0838 0.687433 1.2 5 0 0
1 96003 -1.11877 -33.3685 -30.3016 0.339052 1.2 5 0 0
1 96004 -1.34579 -33.0448 -29.9623 0.167022 1.2 5 0 0
1 96005 -1.28643 -30.4682 -31.8965 1.27787 1.2 5 0 0
1 96006 -0.0680162 -28.4427 -32.7339 0.451798 1.2 5 0 0
1 96007 -3.01999 -31.0876 -30.8427 0.483876 1.2 5 0 0
1 96008 -2.96567 -30.3208 -31.4068 0.467992 1.2 5 0 0
1 96009 -4.56309 -29.9925 -30.1744 1.5 1.2 5 0 0
1 96010 -5.01079 -30.6439 -31.9693 0.461092 1.2 5 0 0
1 96011 -2.92178 -29.1753 -31.9157 0.786264 1.2 5 0 0
1 96012 -3.74531 -31.4715 -32.0737 0.99177 1.2 5 0 0
1 96013 -4.07522 -29.9551 -32.1119 0.496702 1.2 5 0 0
1 96015 -2.18778 -30.6261 -29.7507 0.964578 1.2 5 0 0
1 96026 0.854201 -24.514 -32.1105 0.88875 1.2 5 0 0
1 96027 -0.055943 -25.1672 -32.5415 0.311611 1.2 5 0 0
1 96028 -1.84369 -22.2789 -30.1744 0.373643 1.2 5 0 0
1 96030 -6.39055 -29.0837 -30.7483 0.620119 1.2 5 0 0
1 96031 -6.04317 -28.1714 -30.1901 0.503675 1.2 5 0 0
1 96073 2.53236 -31.3918 -34.4812 -0.011339 1.2 5 0 0
1 96074 3.55444 -29.8842 -33.3914 -0.00708733 1.2 5 0 0
1 96075 3.71494 -33.9903 -30.7662 -0.0246837 1.2 5 0 0
1 96077 2.50508 -32.8806 -35.0825 -0.00787762 1.2 5 0 0
1 96078 3.71649 -32.3978 -35.2994 -0.0190461 1.2 5 0 0
1 96083 4.90985 -29.4656 -31.4778 -0.0105352 1.2 5 0 0
1 96084 3.12199 -27.7155 -31.8129 0.0576144 1.2 5 0 0
1 96085 4.36211 -27.9773 -30.1363 0.738933 1.2 5 0 0
1 96110 4.06156 -22.9129 -30.6102 0.289608 1.2 5 0 0
1 96111 3.77655 -21.8224 -32.8402 0.482509 1.2 5 0 0
1 96112 3.51091 -23.1958 -29.2116 1.23994 1.2 5 0 0
1 96115 4.40748 -26.6384 -29.4134 0.520334 1.2 5 0 0
1 96118 6.4319 -24.0436 -33.1183 1.28111 1.2 5 0 0
1 96120 5.94386 -26.9022 -32.5097 0.692416 1.2 5 0 0
1 96121 5.65111 -26.1711 -33.9653 0.18666 1.2 5 0 0
