# SphereID Center[X Y Z] Radius Density Region Score Weight
LeafCount 32062
NodeCount 32062
1 9964 30.101 -42.3595 -22.0781 1.08744 0.6 0 0 0
1 9965 29.2057 -44.954 -20.4082 1.03542 0.6 0 0 0
1 9966 30.6728 -44.2262 -21.2681 0.543717 0.6 0 0 0
1 9974 26.8851 -44.1718 -22.4009 1.20312 0.6 0 0 0
1 10174 31.8529 -44.4964 -8.98671 0.912444 0.6 0 0 0
1 10175 30.0486 -43.9399 -11.3682 1.07903 0.6 0 0 0
1 10176 32.4564 -44.3024 -11.623 0.98993 0.6 0 0 0
1 10178 29.9016 -46.2175 -12.1434 1.17305 0.6 0 0 0
1 10179 29.6483 -44.7988 -12.662 0.272636 0.6 0 0 0
1 10180 31.8033 -44.2449 -14.3818 1.42853 0.6 0 0 0
1 10181 33.1989 -42.0102 -9.3852 1.05161 0.6 0 0 0
1 10184 33.1742 -41.7537 -12.2071 1.70207 0.6 0 0 0
1 10186 29.2838 -46.3554 -14.1136 -0.00211147 0.6 0 0 0
1 10187 29.8381 -44.3399 -18.3931 -0.00831051 0.6 0 0 0
1 10192 32.9605 -42.419 -18.1549 1.02551 0.6 0 0 0
1 10196 33.6075 -42.144 -14.9895 1.05024 0.6 0 0 0
1 10197 31.0457 -44.6722 -18.7661 1.04186 0.6 0 0 0
1 10198 32.1268 -44.5252 -17.1267 0.822034 0.6 0 0 0
1 10199 32.3657 -43.9626 -19.2638 0.469698 0.6 0 0 0
1 10309 32.7387 -42.9948 -7.91713 0.675356 0.6 0 0 0
1 10311 31.5181 -44.3666 -6.74802 0.52143 0.6 0 0 0
1 10317 30.8012 -43.5562 -3.67241 0.395268 0.6 0 0 0
1 10318 29.7372 -43.1165 -6.50098 -0.0155702 0.6 0 0 0
1 10319 29.3732 -46.3629 -7.94414 0.227488 0.6 0 0 0
1 10320 30.5045 -45.3509 -5.39458 0.184369 0.6 0 0 0
1 10326 28.0122 -43.6736 -0.29808 0.907941 0.6 0 0 0
1 10327 29.032 -44.0706 -1.75139 0.606946 0.6 0 0 0
1 10329 27.1716 -42.0843 1.61141 1.13862 0.6 0 0 0
1 11330 30.217 -46.5345 -15.5356 0.547809 0.6 0 0 0
1 11331 29.3305 -47.3403 -14.9 0.167196 0.6 0 0 0
1 13896 34.7888 -45.7708 3.22233 1.44878 1.2 1 0 0
1 13898 36.1022 -44.6331 1.95087 0.631914 1.2 1 0 0
1 13900 32.7393 -43.659 3.03492 1.5 1.2 1 0 0
1 13901 30.2505 -43.6224 1.47768 1.39419 1.2 1 0 0
1 13904 34.5139 -44.7447 1.03701 0.977284 1.2 1 0 0
1 13905 34.2991 -46.0649 0.444539 0.485589 1.2 1 0 0
1 13909 31.9671 -40.6556 1.75731 1.5 1.2 1 0 0
1 13916 35.6048 -42.5112 1.95086 1.5 1.2 1 0 0
1 13917 36.6893 -42.0172 -3.41187 1.5 1.2 1 0 0
1 13924 31.0249 -54.8041 -0.557889 1.09239 1.2 1 0 0
1 13925 29.5524 -53.2417 1.57291 1.5 1.2 1 0 0
1 13926 29.6998 -52.8383 -1.06273 1.1704 1.2 1 0 0
1 13935 26.5778 -56.5037 2.57977 1.5 1.2 1 0 0
1 13948 32.2845 -54.2415 -2.32302 1.11609 1.2 1 0 0
1 13949 26.4764 -58.3686 0.15487 1.5 1.2 1 0 0
1 13954 29.086 -56.1844 0.469715 1.5 1.2 1 0 0
1 13955 27.1819 -54.3792 -0.903061 1.3441 1.2 1 0 0
1 13956 28.9017 -54.3087 -2.17855 0.794115 1.2 1 0 0
1 13979 33.2914 -48.8227 -1.54944 1.5 1.2 1 0 0
1 13980 34.9273 -49.3948 -1.77179 0.242632 1.2 1 0 0
1 13981 32.5925 -46.7717 -0.870367 0.770764 1.2 1 0 0
1 13982 31.4422 -47.3048 0.292894 0.425391 1.2 1 0 0
1 13983 31.6376 -44.4963 -3.10179 0.738772 1.2 1 0 0
1 13984 30.3889 -47.3098 -2.01526 0.706918 1.2 1 0 0
1 13985 32.1925 -49.2565 0.456227 0.690621 1.2 1 0 0
1 13986 33.1082 -47.4356 1.25921 1.5 1.2 1 0 0
1 13987 34.7222 -47.3102 -2.21122 0.684623 1.2 1 0 0
1 13988 33.6731 -47.1379 -2.88922 0.573688 1.2 1 0 0
1 13989 33.1556 -44.9829 -3.40953 0.669003 1.2 1 0 0
1 13997 29.1911 -46.9301 0.219485 0.374383 1.2 1 0 0
1 13998 30.6112 -45.7404 -0.461549 1.5 1.2 1 0 0
1 13999 27.6761 -46.5087 0.85299 1.31278 1.2 1 0 0
1 14003 29.2733 -46.144 3.16129 1.5 1.2 1 0 0
1 14004 28.4348 -44.7207 1.51055 0.72815 1.2 1 0 0
1 14005 29.9379 -49.1027 0.163504 1.5 1.2 1 0 0
1 14006 31.8901 -51.1017 1.71141 1.5 1.2 1 0 0
1 14009 31.9994 -51.681 -1.82917 1.5 1.2 1 0 0
1 14010 30.855 -49.8115 -1.60766 0.616701 1.2 1 0 0
1 14011 30.4467 -49.7794 -2.59213 0.431533 1.2 1 0 0
1 19030 37.8984 -41.2874 -18.0472 1.24456 1.2 1 0 0
1 19451 36.9396 -41.6429 -22.7167 0.895658 1.2 1 0 0
1 19453 34.1722 -41.8746 -26.246 0.409431 1.2 1 0 0
1 19454 34.7466 -40.0872 -25.8982 1.5 1.2 1 0 0
1 19455 34.4869 -42.1913 -27.6742 0.866326 1.2 1 0 0
1 19576 32.5275 -40.9238 -29.5766 1.31465 1.2 1 0 0
1 19582 30.0824 -40.6813 -31.9258 1.32423 1.2 1 0 0
1 19583 30.2902 -41.4989 -30.1244 0.664879 1.2 1 0 0
1 19584 30.6922 -41.4955 -28.6455 0.821242 1.2 1 0 0
1 19585 31.7895 -41.8588 -31.2184 0.712932 1.2 1 0 0
1 19601 26.6529 -41.9772 -33.6273 1.5 1.2 1 0 0
1 20035 35.9862 -48.2131 -19.6019 0.68658 1.2 1 0 0
1 20036 34.1968 -46.9256 -20.009 0.671389 1.2 1 0 0
1 20037 34.9824 -43.6374 -27.2581 0.624848 1.2 1 0 0
1 20038 33.0274 -46.8109 -27.3004 0.40227 1.2 1 0 0
1 20039 38.7047 -42.676 -15.6185 0.730156 1.2 1 0 0
1 20040 36.4624 -42.3674 -15.5017 1.5 1.2 1 0 0
1 20041 36.2215 -44.9053 -17.3328 1.5 1.2 1 0 0
1 20042 36.3414 -45.5315 -19.2539 0.476796 1.2 1 0 0
1 20043 36.3749 -44.4438 -15.3984 0.493061 1.2 1 0 0
1 20044 36.6754 -46.4503 -16.1396 0.480216 1.2 1 0 0
1 20045 36.325 -41.7573 -20.2493 1.5 1.2 1 0 0
1 20046 31.4025 -46.481 -27.6545 0.760412 1.2 1 0 0
1 20048 31.1121 -45.6132 -28.9514 0.683145 1.2 1 0 0
1 20049 30.7338 -44.2796 -31.8906 0.76363 1.2 1 0 0
1 20050 27.5175 -51.8382 -23.1712 1.5 1.2 1 0 0
1 20074 27.8435 -48.9633 -23.5555 1.26354 1.2 1 0 0
1 20077 27.9576 -46.94 -21.7437 0.874739 1.2 1 0 0
1 20082 34.6625 -53.1059 -20.95 1.04992 1.2 1 0 0
1 20083 34.9885 -52.5773 -22.5804 0.570943 1.2 1 0 0
1 20084 32.2992 -51.9837 -19.7676 0.647134 1.2 1 0 0
1 20085 33.284 -51.4971 -20.1551 0.506375 1.2 1 0 0
1 20086 32.7109 -52.657 -21.1936 0.967431 1.2 1 0 0
1 20087 32.9973 -54.6558 -17.676 1.04175 1.2 1 0 0
1 20088 33.1498 -54.1345 -18.9629 0.355022 1.2 1 0 0
1 20089 34.3385 -50.6976 -21.8099 1.5 1.2 1 0 0
1 20090 31.7674 -51.3078 -22.4079 1.07385 1.2 1 0 0
1 20091 33.3257 -52.7897 -23.3662 1.28041 1.2 1 0 0
1 20092 29.3553 -49.121 -22.6313 0.515438 1.2 1 0 0
1 20094 28.3855 -49.7727 -18.1842 0.471304 1.2 1 0 0
1 20095 27.4162 -52.1686 -20.578 1.1112 1.2 1 0 0
1 20097 29.9879 -52.3324 -22.9119 1.00964 1.2 1 0 0
1 20098 28.9253 -51.7139 -21.8174 0.455032 1.2 1 0 0
1 20099 36.0619 -50.2495 -19.4603 1.17214 1.2 1 0 0
1 20100 31.4594 -50.4814 -17.5582 1.5 1.2 1 0 0
1 20101 31.7787 -47.9854 -18.7074 0.813285 1.2 1 0 0
1 20102 31.9689 -49.2019 -18.9114 0.430773 1.2 1 0 0
1 20103 31.2553 -47.8693 -16.7889 0.941471 1.2 1 0 0
1 20104 34.4063 -48.6325 -16.4189 0.734512 1.2 1 0 0
1 20105 34.1655 -50.5562 -17.9213 0.54869 1.2 1 0 0
1 20106 32.1784 -50.1851 -20.2467 1.21182 1.2 1 0 0
1 20107 33.9836 -48.7096 -18.7896 1.5 1.2 1 0 0
1 20108 33.5592 -49.3602 -20.5468 0.42126 1.2 1 0 0
1 20109 33.3698 -56.8048 -21.0765 0.487381 1.2 1 0 0
1 20110 32.5778 -57.511 -22.3408 0.795983 1.2 1 0 0
1 20111 29.3452 -55.1024 -21.5831 0.441702 1.2 1 0 0
1 20112 30.2875 -56.6932 -18.4769 0.785331 1.2 1 0 0
1 20113 33.5637 -57.3328 -19.1515 0.418688 1.2 1 0 0
1 20114 32.1756 -56.0919 -19.6154 1.5 1.2 1 0 0
1 20115 33.3224 -55.045 -24.2283 0.725589 1.2 1 0 0
1 20116 31.19 -54.4333 -24.0502 1.5 1.2 1 0 0
1 20117 31.606 -57.543 -24.1511 1.25197 1.2 1 0 0
1 20118 28.8154 -52.8539 -26.1625 0.477731 1.2 1 0 0
1 20119 30.6543 -49.7647 -26.4046 0.68238 1.2 1 0 0
1 20120 31.633 -52.0471 -27.0841 1.5 1.2 1 0 0
1 20121 30.5637 -54.5537 -29.4568 -0.0298823 1.2 1 0 0
1 20126 29.0825 -54.3607 -25.8863 0.595592 1.2 1 0 0
1 20128 30.963 -48.9346 -32.0622 -0.00593501 1.2 1 0 0
1 20193 35.6141 -44.625 -7.86911 0.885258 1.2 1 0 0
1 20194 35.9718 -44.3802 -9.17423 0.167722 1.2 1 0 0
1 20195 37.3048 -43.9511 -4.54083 0.717723 1.2 1 0 0
1 20196 37.2194 -41.5184 -12.0085 1.5 1.2 1 0 0
1 20197 36.079 -47.195 -7.27928 1.5 1.2 1 0 0
1 20198 36.9243 -49.6563 -10.3431 0.458173 1.2 1 0 0
1 20199 35.4735 -49.828 -10.4904 0.403964 1.2 1 0 0
1 20200 36.4647 -46.5605 -3.67841 0.891716 1.2 1 0 0
1 20201 35.2164 -44.6025 -5.51736 1.5 1.2 1 0 0
1 20202 31.7404 -44.7808 -4.43017 0.537834 1.2 1 0 0
1 20203 34.8937 -48.2031 -4.55873 1.5 1.2 1 0 0
1 20204 33.4076 -49.4967 -3.62148 0.681809 1.2 1 0 0
1 20205 32.1785 -49.9207 -3.06595 0.658822 1.2 1 0 0
1 20206 36.8788 -43.1385 -13.6702 0.530401 1.2 1 0 0
1 20207 35.5702 -44.9523 -11.6395 0.398051 1.2 1 0 0
1 20208 37.5292 -46.5965 -12.4489 0.909513 1.2 1 0 0
1 20209 28.2958 -57.9596 -5.72272 0.741902 1.2 1 0 0
1 20210 28.3485 -57.3101 -10.247 1.24679 1.2 1 0 0
1 20222 29.8139 -62.5134 -7.15489 0.649037 1.2 1 0 0
1 20223 27.8959 -62.9189 -7.19285 1.31045 1.2 1 0 0
1 20224 28.6587 -60.0333 -10.5441 0.747053 1.2 1 0 0
1 20225 27.9318 -49.5815 -7.30716 0.689713 1.2 1 0 0
1 20226 29.8786 -52.0627 -6.76868 1.5 1.2 1 0 0
1 20243 36.7458 -49.9544 -14.1153 0.90416 1.2 1 0 0
1 20244 37.1608 -49.0392 -15.5223 0.815256 1.2 1 0 0
1 20245 33.5112 -50.2478 -12.9651 1.22631 1.2 1 0 0
1 20246 34.8153 -52.3087 -11.7467 1.5 1.2 1 0 0
1 20247 32.971 -52.0612 -14.993 1.5 1.2 1 0 0
1 20248 34.5307 -54.214 -15.8932 1.30671 1.2 1 0 0
1 20250 29.232 -52.588 -11.5436 0.815468 1.2 1 0 0
1 20251 28.9356 -54.5155 -12.7918 1.5 1.2 1 0 0
1 20253 32.7099 -53.6917 -8.67422 1.5 1.2 1 0 0
1 20254 31.224 -55.3415 -10.6964 1.0305 1.2 1 0 0
1 20255 34.4957 -55.3415 -7.35798 0.565984 1.2 1 0 0
1 20256 32.4204 -58.4429 -12.3372 1.5 1.2 1 0 0
1 20257 33.4654 -57.8152 -14.284 0.797071 1.2 1 0 0
1 20258 29.6386 -57.4188 -12.8357 1.48571 1.2 1 0 0
1 20259 29.7243 -57.6465 -14.9772 0.641951 1.2 1 0 0
1 20260 32.8715 -55.3415 -12.6171 1.5 1.2 1 0 0
1 20261 30.9932 -56.6108 -16.7683 0.503465 1.2 1 0 0
1 20262 28.1294 -57.9733 -19.2511 1.5 1.2 1 0 0
1 20266 28.4043 -65.4434 -21.3352 0.592611 1.2 1 0 0
1 20268 29.7727 -64.5072 -13.4512 1.05192 1.2 1 0 0
1 20269 27.0689 -65.4406 -14.7866 1.5 1.2 1 0 0
1 20270 28.7387 -62.3975 -16.7691 0.565106 1.2 1 0 0
1 20271 31.7522 -59.9067 -18.3253 0.90862 1.2 1 0 0
1 20272 29.6446 -62.2724 -21.8875 1.26829 1.2 1 0 0
1 23573 35.1648 -47.2213 -0.156827 0.991613 1.2 1 0 0
1 23574 34.6921 -46.7806 0.959666 0.240019 1.2 1 0 0
1 23575 35.5146 -46.1552 1.18083 0.75175 1.2 1 0 0
1 23577 32.4886 -44.915 0.944612 0.951508 1.2 1 0 0
1 23632 37.122 -41.5899 0.382074 0.854943 1.2 1 0 0
1 23634 37.4791 -41.3511 -1.36904 0.789252 1.2 1 0 0
1 23635 36.2487 -45.6055 -0.541205 0.707039 1.2 1 0 0
1 23636 34.9643 -43.4313 -0.030498 0.725278 1.2 1 0 0
1 23637 36.2524 -44.4605 0.497854 0.838997 1.2 1 0 0
1 23638 37.0171 -43.2141 0.64726 0.484254 1.2 1 0 0
1 23639 36.5978 -43.0906 -0.958264 1.17969 1.2 1 0 0
1 23640 36.1002 -46.663 -1.96706 0.84758 1.2 1 0 0
1 23641 37.4871 -43.483 -2.3046 0.480864 1.2 1 0 0
1 23642 31.9169 -43.4928 -1.41509 1.24362 1.2 1 0 0
1 23643 33.2839 -43.2481 0.390327 0.976835 1.2 1 0 0
1 23644 30.9009 -42.0997 0.313564 0.629897 1.2 1 0 0
1 23645 30.3713 -43.6829 -0.484628 0.570307 1.2 1 0 0
1 23648 32.0399 -41.4781 -0.579247 0.941054 1.2 1 0 0
1 23649 32.5684 -41.4981 -2.10674 0.675406 1.2 1 0 0
1 23654 34.4554 -41.461 -0.930927 1.5 1.2 1 0 0
1 23657 33.6554 -42.9346 -3.64558 1.45167 1.2 1 0 0
1 23658 32.9277 -44.2979 -2.5102 0.4502 1.2 1 0 0
1 23659 34.2242 -45.2582 -1.3691 1.5 1.2 1 0 0
1 23660 36.3686 -44.6331 -2.87464 1.18967 1.2 1 0 0
1 23661 35.0738 -43.2555 -2.05376 0.704406 1.2 1 0 0
1 23665 30.9476 -54.9689 1.4262 0.725157 1.2 1 0 0
1 23667 30.2505 -55.3415 3.35939 1.34396 1.2 1 0 0
1 23669 31.9603 -53.0478 0.204695 0.935009 1.2 1 0 0
1 23671 31.5616 -54.0772 1.02285 0.430141 1.2 1 0 0
1 23675 27.7839 -52.5183 0.308078 0.791467 1.2 1 0 0
1 23678 28.9649 -54.1792 -0.203269 0.581698 1.2 1 0 0
1 23679 28.8118 -52.6307 0.055011 0.272152 1.2 1 0 0
1 23704 28.9868 -57.2652 2.76944 1.03213 1.2 1 0 0
1 23705 31.3088 -56.2135 -1.94862 0.892874 1.2 1 0 0
1 23706 29.825 -55.669 -1.47966 0.638343 1.2 1 0 0
1 23707 30.7493 -56.5287 -0.662441 0.541292 1.2 1 0 0
1 23708 31.0643 -57.2916 -1.48199 0.307043 1.2 1 0 0
1 23709 30.0835 -57.7807 -1.5432 0.787835 1.2 1 0 0
1 23710 31.1464 -55.0177 -2.0034 0.29811 1.2 1 0 0
1 23711 30.467 -54.8623 -1.9096 0.371074 1.2 1 0 0
1 23712 28.36 -58.8684 -1.38118 0.943827 1.2 1 0 0
1 23829 35.0496 -49.7444 -2.76685 0.819094 1.2 1 0 0
1 23830 35.6993 -48.3516 -2.29618 0.745971 1.2 1 0 0
1 23831 34.1824 -51.0381 -1.70651 0.779038 1.2 1 0 0
1 23832 33.6045 -51.398 -0.484386 0.598614 1.2 1 0 0
1 23833 33.924 -52.35 -1.94131 0.540624 1.2 1 0 0
1 23834 34.0353 -49.3783 1.647 0.687216 1.2 1 0 0
1 23835 34.6423 -48.7506 0.370908 0.706198 1.2 1 0 0
1 23836 33.5685 -48.9628 0.308815 0.35674 1.2 1 0 0
1 23837 33.6304 -50.1923 0.357348 0.872044 1.2 1 0 0
1 23838 33.7985 -47.0886 -0.712767 0.486032 1.2 1 0 0
1 23839 33.4682 -46.94 -1.89196 0.41659 1.2 1 0 0
1 23863 29.4773 -44.2049 -0.066279 0.425928 1.2 1 0 0
1 23864 28.7808 -44.9306 0.180347 0.578814 1.2 1 0 0
1 23865 29.7424 -46.9734 1.14474 0.703517 1.2 1 0 0
1 23866 31.048 -46.2776 1.61231 0.686393 1.2 1 0 0
1 23867 28.1119 -48.3234 2.20396 0.991234 1.2 1 0 0
1 23871 28.4817 -46.6127 -1.22296 0.916461 1.2 1 0 0
1 23872 29.7474 -46.0216 -2.66135 0.858267 1.2 1 0 0
1 23873 27.7992 -48.3263 -0.273903 0.816972 1.2 1 0 0
1 23879 31.5699 -51.8098 0.000261 0.379122 1.2 1 0 0
1 23880 30.9142 -52.2473 0.537737 0.40852 1.2 1 0 0
1 23881 30.5145 -51.3572 -0.144327 0.753397 1.2 1 0 0
1 23882 30.9913 -52.3695 -0.380817 0.363472 1.2 1 0 0
1 23883 29.0915 -51.1978 0.642055 0.792718 1.2 1 0 0
1 23884 29.2602 -52.1611 0.173917 0.291533 1.2 1 0 0
1 23887 28.0286 -50.018 1.37611 0.893358 1.2 1 0 0
1 23889 27.4957 -50.5806 -0.891543 1.5 1.2 1 0 0
1 23890 28.504 -52.0828 -0.505278 0.349964 1.2 1 0 0
1 23892 31.4588 -48.8387 1.95874 0.775635 1.2 1 0 0
1 23893 27.829 -50.6154 3.6851 1.5 1.2 1 0 0
1 23894 29.6549 -50.974 2.30371 0.815915 1.2 1 0 0
1 23895 29.6325 -50.897 -1.92466 0.875471 1.2 1 0 0
1 23896 29.7533 -49.4303 -1.87819 0.576027 1.2 1 0 0
1 28143 38.637 -40.9808 -15.3316 0.97313 1.2 1 0 0
1 28421 35.7574 -42.1809 -25.679 0.825274 1.2 1 0 0
1 28422 35.4144 -41.7156 -26.8366 0.468674 1.2 1 0 0
1 28535 29.0064 -43.6629 -32.8035 1.10671 1.2 1 0 0
1 28536 30.7513 -42.7103 -31.9317 0.806269 1.2 1 0 0
1 28540 28.4113 -41.9807 -30.5407 1.13124 1.2 1 0 0
1 28545 28.9078 -41.7556 -33.3216 0.784 1.2 1 0 0
1 28628 30.1609 -45.1357 -32.6534 0.464143 1.2 1 0 0
1 28629 29.8023 -47.3695 -33.2521 -0.0043777 1.2 1 0 0
1 29938 37.0287 -46.2434 -21.8606 0.697529 1.2 1 0 0
1 29939 35.5132 -46.3094 -23.0633 0.894699 1.2 1 0 0
1 29940 36.7473 -47.0887 -22.8189 0.547218 1.2 1 0 0
1 29941 35.9965 -46.5159 -21.9894 0.290506 1.2 1 0 0
1 29942 35.0544 -44.24 -22.8968 0.696651 1.2 1 0 0
1 29943 35.8734 -43.1775 -21.9338 0.734724 1.2 1 0 0
1 29944 35.2933 -45.2665 -20.9168 1.5 1.2 1 0 0
1 29945 37.4404 -45.3502 -20.7729 0.639699 1.2 1 0 0
1 29946 37.2115 -43.7411 -21.2102 0.875917 1.2 1 0 0
1 29947 36.6147 -43.2717 -23.8971 0.689416 1.2 1 0 0
1 29948 36.6603 -44.4414 -22.7884 0.92281 1.2 1 0 0
1 29949 36.8677 -44.2693 -24.0454 0.350274 1.2 1 0 0
1 29950 33.1157 -45.5714 -19.466 1.13436 1.2 1 0 0
1 29951 32.4538 -47.4596 -21.198 1.5 1.2 1 0 0
1 29952 32.4799 -44.8707 -21.5683 1.11209 1.2 1 0 0
1 29953 29.938 -46.5435 -21.104 0.809234 1.2 1 0 0
1 29954 29.3722 -47.7192 -21.83 0.683964 1.2 1 0 0
1 29955 30.7873 -47.0366 -20.5236 0.331502 1.2 1 0 0
1 29956 31.9981 -46.4837 -18.2089 0.731774 1.2 1 0 0
1 29957 31.1436 -46.6621 -19.4755 0.806474 1.2 1 0 0
1 29958 30.9991 -45.9607 -22.1431 0.746507 1.2 1 0 0
1 29959 31.1346 -45.8871 -20.6889 0.614733 1.2 1 0 0
1 29960 31.0991 -44.6303 -22.7418 0.715909 1.2 1 0 0
1 29961 35.6048 -48.1088 -21.6375 1.38709 1.2 1 0 0
1 29962 33.4699 -46.851 -18.6162 0.436025 1.2 1 0 0
1 29963 33.8332 -48.7547 -22.0181 0.514517 1.2 1 0 0
1 29964 34.2362 -46.7646 -21.612 0.450345 1.2 1 0 0
1 29965 33.6668 -45.9594 -21.8829 0.511725 1.2 1 0 0
1 29966 34.0607 -47.2784 -22.4363 0.536737 1.2 1 0 0
1 29967 33.2732 -41.3442 -22.2525 0.645271 1.2 1 0 0
1 29969 32.9277 -43.4691 -22.0416 0.408756 1.2 1 0 0
1 29970 33.6162 -44.0579 -22.808 0.755726 1.2 1 0 0
1 29971 33.2428 -44.042 -20.0648 0.513016 1.2 1 0 0
1 29972 34.0298 -42.941 -21.0415 1.14954 1.2 1 0 0
1 29973 34.7621 -42.1495 -23.5777 1.5 1.2 1 0 0
1 29974 32.4092 -42.8633 -23.1827 0.983332 1.2 1 0 0
1 29975 35.5042 -44.8916 -24.7393 1.3006 1.2 1 0 0
1 29976 35.9496 -43.5176 -25.8187 0.499883 1.2 1 0 0
1 29977 35.9764 -43.0921 -24.818 0.44543 1.2 1 0 0
1 29978 36.1403 -44.2127 -25.9571 0.231879 1.2 1 0 0
1 29979 33.2865 -44.2442 -24.8352 0.566606 1.2 1 0 0
1 29980 32.9509 -43.0519 -24.6804 0.611664 1.2 1 0 0
1 29981 34.1019 -43.2897 -25.8642 1.05657 1.2 1 0 0
1 29982 34.3374 -44.6584 -25.9858 0.337511 1.2 1 0 0
1 29983 33.948 -44.6331 -25.3775 0.373052 1.2 1 0 0
1 29984 31.4147 -47.5377 -25.0313 1.0766 1.2 1 0 0
1 29985 31.0879 -46.0791 -25.8998 0.612908 1.2 1 0 0
1 29986 31.7527 -46.8097 -26.416 0.493784 1.2 1 0 0
1 29987 31.1625 -46.1649 -24.1445 0.486311 1.2 1 0 0
1 29988 33.1197 -46.035 -23.8173 1.5 1.2 1 0 0
1 29989 30.4733 -48.3445 -22.6255 0.734718 1.2 1 0 0
1 29990 31.3545 -47.2677 -23.1596 0.750538 1.2 1 0 0
1 29991 31.7442 -49.1663 -25.4029 0.522897 1.2 1 0 0
1 29992 32.243 -48.5436 -27.2693 1.5 1.2 1 0 0
1 29993 35.6048 -49.4249 -23.5015 0.894734 1.2 1 0 0
1 29994 34.8797 -47.3102 -23.9541 0.587311 1.2 1 0 0
1 29995 35.9734 -46.855 -24.4878 0.698609 1.2 1 0 0
1 29996 33.6604 -49.9873 -24.8202 1.5 1.2 1 0 0
1 29997 32.9947 -48.0155 -24.5306 0.601198 1.2 1 0 0
1 29998 33.0404 -48.6713 -23.0435 0.784335 1.2 1 0 0
1 29999 34.414 -48.5369 -23.2443 0.61035 1.2 1 0 0
1 30000 34.5295 -47.4674 -25.8746 1.36651 1.2 1 0 0
1 30001 34.4093 -49.1853 -26.9281 0.651063 1.2 1 0 0
1 30002 33.3282 -49.574 -26.4403 0.204749 1.2 1 0 0
1 30003 34.9306 -45.259 -26.7665 0.797163 1.2 1 0 0
1 30004 34.1951 -46.0634 -26.6956 0.293994 1.2 1 0 0
1 30005 32.7595 -45.2064 -26.5556 1.38351 1.2 1 0 0
1 30006 34.1218 -45.7503 -25.4622 0.445945 1.2 1 0 0
1 30007 34.3177 -46.3867 -27.6844 0.751361 1.2 1 0 0
1 30008 32.8898 -46.594 -28.9188 1.13439 1.2 1 0 0
1 30009 33.5711 -47.2616 -27.6507 0.384927 1.2 1 0 0
1 30010 36.1772 -43.0662 -17.1865 0.345493 1.2 1 0 0
1 30011 34.9074 -43.3191 -16.6933 0.656797 1.2 1 0 0
1 30012 38.1704 -43.3885 -17.5304 0.93623 1.2 1 0 0
1 30013 36.0549 -43.347 -16.7798 0.161104 1.2 1 0 0
1 30014 37.0015 -43.9979 -15.994 0.286485 1.2 1 0 0
1 30015 37.0354 -46.7918 -19.8101 1.06566 1.2 1 0 0
1 30016 37.8545 -45.9026 -18.4616 0.721539 1.2 1 0 0
1 30017 33.6488 -46.5439 -16.6996 1.5 1.2 1 0 0
1 30018 35.0512 -46.5068 -18.7257 0.923751 1.2 1 0 0
1 30019 37.8806 -46.2591 -16.522 0.789683 1.2 1 0 0
1 30020 37.9576 -44.539 -15.1207 1.11658 1.2 1 0 0
1 30021 36.7601 -45.6261 -15.4934 0.543164 1.2 1 0 0
1 30022 35.6048 -46.4802 -15.4953 0.769751 1.2 1 0 0
1 30023 34.6405 -44.6406 -15.489 0.943225 1.2 1 0 0
1 30024 35.1419 -45.6605 -16.0528 0.324279 1.2 1 0 0
1 30025 37.3678 -44.4103 -19.466 0.971701 1.2 1 0 0
1 30026 36.9358 -43.0128 -18.5432 0.704332 1.2 1 0 0
1 30027 35.7443 -43.7806 -19.2543 0.774935 1.2 1 0 0
1 30028 34.2588 -44.1798 -18.6049 0.86182 1.2 1 0 0
1 30029 34.5834 -42.8907 -19.4034 0.576357 1.2 1 0 0
1 30031 35.3351 -42.4956 -18.0728 1.00219 1.2 1 0 0
1 30032 33.2552 -42.7204 -29.6404 0.617927 1.2 1 0 0
1 30033 33.3112 -43.5331 -27.1157 0.443653 1.2 1 0 0
1 30034 33.426 -43.9386 -28.5412 1.03173 1.2 1 0 0
1 30035 32.2675 -41.8453 -26.9298 1.5 1.2 1 0 0
1 30036 31.7504 -43.6658 -26.5132 0.437861 1.2 1 0 0
1 30037 32.1014 -43.7486 -28.0366 0.398411 1.2 1 0 0
1 30038 30.863 -43.6701 -27.4973 0.852971 1.2 1 0 0
1 30039 29.1038 -46.917 -25.7072 0.529246 1.2 1 0 0
1 30040 29.5076 -47.1464 -26.3957 0.270246 1.2 1 0 0
1 30041 28.8376 -43.6749 -25.8445 0.533536 1.2 1 0 0
1 30043 29.2751 -46.6044 -23.7086 1.5 1.2 1 0 0
1 30044 29.2511 -44.6197 -23.7428 0.473649 1.2 1 0 0
1 30045 28.446 -44.6496 -24.8388 0.882536 1.2 1 0 0
1 30047 30.0079 -45.3866 -26.8312 0.81949 1.2 1 0 0
1 30050 31.2089 -41.6019 -24.8202 0.872853 1.2 1 0 0
1 30051 30.4302 -42.1922 -25.9081 0.588021 1.2 1 0 0
1 30052 30.6127 -42.9965 -26.4638 0.405771 1.2 1 0 0
1 30054 28.9123 -42.2446 -27.3002 1.46354 1.2 1 0 0
1 30056 30.7651 -43.9769 -24.8337 1.5 1.2 1 0 0
1 30057 31.2857 -42.4325 -23.8619 0.397484 1.2 1 0 0
1 30058 28.9391 -43.4846 -24.82 0.379697 1.2 1 0 0
1 30059 31.8521 -44.4407 -31.3585 0.390766 1.2 1 0 0
1 30060 31.2851 -43.4967 -29.8183 1.5 1.2 1 0 0
1 30061 31.7696 -45.7678 -30.5716 0.917306 1.2 1 0 0
1 30062 29.6975 -44.2931 -29.3076 0.299583 1.2 1 0 0
1 30063 29.5003 -43.867 -30.7521 0.510373 1.2 1 0 0
1 30064 29.585 -43.1642 -30.2039 0.274732 1.2 1 0 0
1 30106 27.2591 -47.8313 -20.1835 1.03634 1.2 1 0 0
1 30134 35.6412 -51.9749 -20.0482 0.696568 1.2 1 0 0
1 30135 36.0356 -51.395 -20.991 0.478498 1.2 1 0 0
1 30136 34.1756 -54.0741 -22.0653 0.505174 1.2 1 0 0
1 30137 34.2242 -54.8765 -20.9317 0.542001 1.2 1 0 0
1 30138 34.0017 -52.4963 -18.5639 1.5 1.2 1 0 0
1 30139 34.2086 -54.7795 -19.466 0.924398 1.2 1 0 0
1 30140 34.7766 -54.565 -17.9074 0.748247 1.2 1 0 0
1 30141 32.1431 -53.6659 -19.6097 0.926189 1.2 1 0 0
1 30142 31.1377 -53.8759 -18.5612 0.541557 1.2 1 0 0
1 30143 31.5978 -52.6139 -18.3741 0.785761 1.2 1 0 0
1 30144 34.8992 -51.5351 -23.8106 0.724762 1.2 1 0 0
1 30145 31.8618 -51.7884 -24.6523 0.905714 1.2 1 0 0
1 30146 34.4323 -52.4048 -24.8202 0.586093 1.2 1 0 0
1 30147 30.6503 -49.9873 -20.9556 0.484311 1.2 1 0 0
1 30148 31.7175 -49.3836 -22.329 0.84587 1.2 1 0 0
1 30149 28.5059 -50.2757 -21.3114 1.12088 1.2 1 0 0
1 30150 29.355 -49.2635 -21.3154 0.199104 1.2 1 0 0
1 30151 28.8591 -48.7516 -21.6502 0.479854 1.2 1 0 0
1 30152 29.8514 -48.5363 -19.8622 1.5 1.2 1 0 0
1 30153 31.2436 -49.4837 -19.1107 0.344012 1.2 1 0 0
1 30154 28.0552 -49.9511 -19.4464 0.817621 1.2 1 0 0
1 30155 29.1368 -49.9089 -18.6919 0.440166 1.2 1 0 0
1 30156 29.2991 -48.6619 -17.2175 1.20167 1.2 1 0 0
1 30157 29.1948 -50.6073 -17.6939 0.772164 1.2 1 0 0
1 30159 27.4632 -50.9227 -17.1223 1.06495 1.2 1 0 0
1 30160 28.374 -52.8869 -18.3411 1.41964 1.2 1 0 0
1 30161 30.0437 -52.317 -16.7309 0.951023 1.2 1 0 0
1 30162 28.6052 -51.9604 -16.6227 0.507772 1.2 1 0 0
1 30163 30.2505 -52.0836 -20.4285 1.5 1.2 1 0 0
1 30164 28.2403 -53.232 -21.651 0.59314 1.2 1 0 0
1 30165 29.2142 -50.8347 -22.7298 0.52008 1.2 1 0 0
1 30166 30.368 -49.9691 -24.1564 1.5 1.2 1 0 0
1 30167 37.2335 -49.0931 -19.1266 0.506141 1.2 1 0 0
1 30168 36.7836 -49.4093 -20.8188 0.546868 1.2 1 0 0
1 30169 35.9686 -52.418 -17.8079 0.608619 1.2 1 0 0
1 30170 36.1013 -51.9101 -18.8649 0.57155 1.2 1 0 0
1 30171 36.6333 -47.9067 -17.5346 1.5 1.2 1 0 0
1 30172 36.9487 -49.9495 -17.8993 0.598947 1.2 1 0 0
1 30173 35.2652 -49.9259 -18.1559 0.377085 1.2 1 0 0
1 30174 36.0238 -48.7072 -15.8899 0.424732 1.2 1 0 0
1 30175 35.6048 -50.5182 -16.3892 1.5 1.2 1 0 0
1 30176 33.4842 -50.9263 -16.8165 0.701367 1.2 1 0 0
1 30177 33.5274 -52.2732 -16.7678 0.370968 1.2 1 0 0
1 30178 34.2259 -50.6893 -19.6858 0.62706 1.2 1 0 0
1 30179 34.5501 -49.182 -20.5844 0.440445 1.2 1 0 0
1 30180 31.7234 -57.0077 -21.3951 0.552009 1.2 1 0 0
1 30181 31.4257 -57.9616 -22.4937 0.450516 1.2 1 0 0
1 30182 32.9277 -57.7637 -20.6833 0.621541 1.2 1 0 0
1 30183 31.5317 -57.3539 -22.1165 0.27075 1.2 1 0 0
1 30184 30.8619 -54.5356 -21.3837 1.18852 1.2 1 0 0
1 30185 29.8032 -56.9307 -22.1417 1.5 1.2 1 0 0
1 30186 28.7871 -54.3286 -20.3701 1.10155 1.2 1 0 0
1 30187 29.8701 -55.8433 -19.8478 0.830472 1.2 1 0 0
1 30188 30.2507 -55.2117 -22.6578 0.349726 1.2 1 0 0
1 30189 28.4228 -54.5725 -23.0893 1.38141 1.2 1 0 0
1 30190 33.5614 -56.6666 -17.8087 0.848349 1.2 1 0 0
1 30191 32.763 -58.1719 -18.7388 0.747333 1.2 1 0 0
1 30192 33.0352 -55.4649 -22.193 1.28856 1.2 1 0 0
1 30193 32.1784 -56.6053 -22.9917 0.345253 1.2 1 0 0
1 30194 31.6513 -56.4632 -22.4406 0.429537 1.2 1 0 0
1 30195 33.675 -50.4152 -27.4118 0.860852 1.2 1 0 0
1 30196 33.1956 -51.3138 -27.0313 0.226431 1.2 1 0 0
1 30197 33.2822 -51.5907 -28.2655 0.579324 1.2 1 0 0
1 30198 32.5104 -52.6878 -28.7343 0.211427 1.2 1 0 0
1 30199 33.8389 -51.7265 -26.3268 0.807901 1.2 1 0 0
1 30200 33.2373 -53.6436 -25.4707 0.992416 1.2 1 0 0
1 30201 33.5792 -52.3221 -27.4664 0.467577 1.2 1 0 0
1 30202 31.8662 -52.643 -29.8829 -0.00842517 1.2 1 0 0
1 30203 32.754 -50.5455 -28.7827 0.352186 1.2 1 0 0
1 30204 33.4227 -49.332 -28.7805 0.570627 1.2 1 0 0
1 30205 28.8791 -51.1384 -25.2261 0.612512 1.2 1 0 0
1 30207 28.5551 -52.3382 -24.7024 0.415985 1.2 1 0 0
1 30211 28.5721 -49.8317 -24.9496 0.463001 1.2 1 0 0
1 30212 30.0021 -52.368 -24.9791 1.0573 1.2 1 0 0
1 30213 31.0889 -53.3149 -25.6781 0.469836 1.2 1 0 0
1 30214 29.7961 -50.9321 -26.4421 0.638837 1.2 1 0 0
1 30215 29.8239 -49.9008 -25.8768 0.305675 1.2 1 0 0
1 30216 30.6426 -51.1719 -25.6686 0.436671 1.2 1 0 0
1 30217 30.8441 -51.444 -24.8169 0.181214 1.2 1 0 0
1 30218 29.9407 -52.0089 -27.8031 0.0603386 1.2 1 0 0
1 30219 29.7719 -52.486 -26.7356 0.443648 1.2 1 0 0
1 30220 29.7868 -54.4612 -31.8242 -0.00983269 1.2 1 0 0
1 30221 30.1517 -56.2177 -30.3821 -0.00501522 1.2 1 0 0
1 30250 29.4062 -57.9703 -25.2061 0.86799 1.2 1 0 0
1 30251 30.5247 -56.4251 -26.4264 1.01682 1.2 1 0 0
1 30253 28.5246 -57.6534 -26.0858 0.412269 1.2 1 0 0
1 30254 29.2132 -57.7923 -26.3622 0.297295 1.2 1 0 0
1 30256 32.1968 -56.0163 -25.5156 0.876384 1.2 1 0 0
1 30257 30.6191 -59.3877 -25.4188 0.998595 1.2 1 0 0
1 30258 31.3973 -58.0186 -26.0639 0.646125 1.2 1 0 0
1 30259 30.6001 -57.6978 -25.4664 0.383907 1.2 1 0 0
1 30260 30.3737 -58.0231 -28.1967 -0.00512032 1.2 1 0 0
1 30261 29.611 -59.4878 -28.9035 -0.00754682 1.2 1 0 0
1 30263 27.8716 -56.774 -24.5803 0.98942 1.2 1 0 0
1 30268 28.9924 -53.7122 -24.8202 0.631394 1.2 1 0 0
1 30269 30.2626 -54.4819 -25.8361 0.512928 1.2 1 0 0
1 30270 29.3141 -55.3415 -24.9592 0.773777 1.2 1 0 0
1 30271 29.6052 -56.6592 -24.3535 0.705375 1.2 1 0 0
1 30272 31.6272 -55.0579 -27.8204 0.515852 1.2 1 0 0
1 30273 31.9235 -54.3973 -28.462 -0.00233196 1.2 1 0 0
1 30274 31.7968 -55.2543 -28.6184 -0.0106807 1.2 1 0 0
1 30277 29.9617 -55.1166 -27.9481 -0.00844317 1.2 1 0 0
1 30278 31.7146 -54.4276 -26.4587 0.962601 1.2 1 0 0
1 30279 31.0362 -54.4801 -27.4805 0.262703 1.2 1 0 0
1 30280 30.0615 -53.9153 -27.0979 0.826329 1.2 1 0 0
1 30282 29.7862 -57.7257 -29.8673 -0.00543351 1.2 1 0 0
1 30283 31.291 -55.4989 -28.5784 -0.0041371 1.2 1 0 0
1 30284 31.748 -50.233 -31.1549 -0.00459869 1.2 1 0 0
1 30285 31.0691 -49.2675 -30.5285 -0.0288034 1.2 1 0 0
1 30286 31.374 -49.5126 -29.8977 -0.0142279 1.2 1 0 0
1 30287 30.7016 -45.9318 -31.4203 0.00154744 1.2 1 0 0
1 30288 31.3298 -46.7104 -29.9633 0.128657 1.2 1 0 0
1 30289 31.7179 -46.8489 -31.3996 0.0710237 1.2 1 0 0
1 30290 31.413 -49.0597 -28.725 0.127348 1.2 1 0 0
1 30291 32.4623 -48.0927 -30.0263 0.265852 1.2 1 0 0
1 30299 31.1183 -47.5973 -28.5112 0.0780525 1.2 1 0 0
1 30305 29.3044 -49.1305 -26.0164 0.470724 1.2 1 0 0
1 30308 30.4345 -52.3621 -31.8423 -0.00898267 1.2 1 0 0
1 30309 31.5232 -51.4506 -31.2929 -0.0311403 1.2 1 0 0
1 30313 30.5273 -50.8919 -29.4254 -0.00290096 1.2 1 0 0
1 30315 29.9948 -50.5712 -32.7865 -0.0162663 1.2 1 0 0
1 30796 37.4976 -45.0764 -8.76069 0.852786 1.2 1 0 0
1 30797 36.6786 -42.8719 -9.09275 1.5 1.2 1 0 0
1 30798 34.1427 -44.288 -8.77971 0.877425 1.2 1 0 0
1 30799 34.8606 -41.8936 -8.39593 0.674894 1.2 1 0 0
1 30803 37.3366 -43.3508 -6.212 1.0583 1.2 1 0 0
1 30804 36.0012 -43.0731 -6.03012 0.285673 1.2 1 0 0
1 30807 38.0181 -41.6265 -6.85763 0.898772 1.2 1 0 0
1 30811 33.8147 -41.5286 -5.24252 0.647494 1.2 1 0 0
1 30816 35.6048 -41.3759 -6.41896 1.5 1.2 1 0 0
1 30819 38.5146 -42.7152 -10.9282 0.568053 1.2 1 0 0
1 30822 35.9226 -40.2802 -8.9894 1.19999 1.2 1 0 0
1 30825 38.2215 -40.5799 -9.52563 1.02875 1.2 1 0 0
1 30826 37.5345 -46.0149 -7.84591 0.454228 1.2 1 0 0
1 30827 37.0512 -46.3098 -8.72599 0.454948 1.2 1 0 0
1 30828 36.3908 -48.6979 -5.8866 0.561429 1.2 1 0 0
1 30829 36.3303 -49.4387 -7.02365 0.710114 1.2 1 0 0
1 30830 37.0819 -48.2441 -8.62117 0.438216 1.2 1 0 0
1 30831 37.1162 -47.3102 -9.34749 0.708473 1.2 1 0 0
1 30832 34.4282 -47.6199 -9.40252 0.720732 1.2 1 0 0
1 30833 34.2688 -49.0228 -8.158 0.71336 1.2 1 0 0
1 30834 33.7306 -48.2969 -8.87792 0.322762 1.2 1 0 0
1 30835 33.605 -49.5067 -10.2356 1.5 1.2 1 0 0
1 30836 30.8158 -49.0248 -8.13971 0.599907 1.2 1 0 0
1 30837 30.8134 -48.4716 -10.1177 1.4525 1.2 1 0 0
1 30838 31.6688 -46.8414 -9.08895 0.653273 1.2 1 0 0
1 30839 31.8964 -49.1354 -7.30483 0.725883 1.2 1 0 0
1 30840 33.0836 -47.2651 -7.52171 1.5 1.2 1 0 0
1 30841 32.9696 -49.5164 -7.95735 0.586641 1.2 1 0 0
1 30842 31.9287 -46.9174 -10.7943 0.571851 1.2 1 0 0
1 30843 33.1443 -46.3159 -9.93087 0.980582 1.2 1 0 0
1 30844 35.7844 -50.115 -5.68107 0.889246 1.2 1 0 0
1 30845 35.4623 -51.63 -5.49247 0.666186 1.2 1 0 0
1 30846 32.0146 -49.9873 -5.24303 1.5 1.2 1 0 0
1 30847 34.1774 -50.0602 -5.43039 0.672092 1.2 1 0 0
1 30848 34.4592 -51.8401 -5.59683 0.334898 1.2 1 0 0
1 30849 34.1436 -51.476 -3.8741 1.42714 1.2 1 0 0
1 30850 34.2806 -51.1889 -7.3042 1.5 1.2 1 0 0
1 30851 34.0322 -49.0717 -6.48992 0.781951 1.2 1 0 0
1 30852 35.9876 -49.4517 -8.92578 1.21728 1.2 1 0 0
1 30853 36.0497 -51.2348 -8.4799 0.621764 1.2 1 0 0
1 30854 36.3002 -50.534 -11.1515 0.868436 1.2 1 0 0
1 30855 37.1867 -49.6498 -11.2174 0.290013 1.2 1 0 0
1 30856 36.3448 -45.9586 -5.96717 0.320649 1.2 1 0 0
1 30857 36.8416 -46.5761 -5.26576 0.735424 1.2 1 0 0
1 30858 37.0383 -45.3527 -4.56 0.690586 1.2 1 0 0
1 30859 34.4157 -46.521 -6.0285 0.634907 1.2 1 0 0
1 30860 34.3886 -45.9868 -3.6843 0.932717 1.2 1 0 0
1 30861 34.6878 -46.3475 -4.949 0.407343 1.2 1 0 0
1 30862 31.5307 -46.2255 -6.3582 0.637988 1.2 1 0 0
1 30863 30.6995 -46.3038 -5.31794 0.532987 1.2 1 0 0
1 30864 31.803 -46.6616 -3.64821 1.5 1.2 1 0 0
1 30865 30.8045 -48.1321 -4.56874 0.499959 1.2 1 0 0
1 30866 29.8106 -46.7034 -4.49064 0.649992 1.2 1 0 0
1 30867 30.2887 -47.9039 -6.43715 1.42409 1.2 1 0 0
1 30868 30.812 -47.0759 -8.19752 0.563546 1.2 1 0 0
1 30869 33.5778 -46.5932 -4.96954 0.619494 1.2 1 0 0
1 30870 33.6089 -46.9896 -3.96777 0.363114 1.2 1 0 0
1 30871 33.5568 -44.4361 -7.16778 0.844047 1.2 1 0 0
1 30872 33.786 -43.0735 -6.31194 0.732326 1.2 1 0 0
1 30873 32.728 -45.2722 -5.60144 1.06928 1.2 1 0 0
1 30874 33.4788 -46.5434 -5.89632 0.311469 1.2 1 0 0
1 30875 33.5289 -44.5893 -4.5322 0.429846 1.2 1 0 0
1 30876 33.7203 -44.0484 -4.8882 0.214961 1.2 1 0 0
1 30877 33.2058 -43.7502 -5.40816 0.537123 1.2 1 0 0
1 30878 32.4062 -43.9838 -4.68047 0.480218 1.2 1 0 0
1 30879 34.438 -45.6584 -8.06238 0.66992 1.2 1 0 0
1 30880 33.1128 -45.3709 -8.51184 0.637582 1.2 1 0 0
1 30881 38.2819 -44.4243 -13.325 0.711795 1.2 1 0 0
1 30882 38.2642 -41.9337 -13.9524 0.744265 1.2 1 0 0
1 30883 38.6553 -43.27 -14.1124 0.641583 1.2 1 0 0
1 30885 35.6052 -42.7353 -13.2565 0.833089 1.2 1 0 0
1 30886 37.6169 -44.3396 -11.434 1.22484 1.2 1 0 0
1 30887 35.9824 -45.0693 -13.4885 1.5 1.2 1 0 0
1 30888 34.7008 -46.5758 -13.0173 0.533254 1.2 1 0 0
1 30889 35.051 -48.228 -14.1573 1.5 1.2 1 0 0
1 30890 31.7217 -47.302 -12.9566 0.57156 1.2 1 0 0
1 30891 32.9391 -47.3102 -13.6971 0.424446 1.2 1 0 0
1 30892 33.3333 -47.3205 -11.9825 1.31161 1.2 1 0 0
1 30893 33.4937 -45.6199 -12.6755 0.511482 1.2 1 0 0
1 30894 33.6722 -46.1127 -14.1118 1.01262 1.2 1 0 0
1 30895 34.5118 -46.6899 -15.0594 0.35908 1.2 1 0 0
1 30896 33.2631 -47.3102 -14.9016 0.47908 1.2 1 0 0
1 30897 33.2153 -45.7301 -11.2462 0.444908 1.2 1 0 0
1 30898 34.2803 -45.0429 -11.7266 0.849414 1.2 1 0 0
1 30899 35.6048 -45.8156 -9.94658 1.5 1.2 1 0 0
1 30900 34.2788 -44.1956 -10.2826 0.618568 1.2 1 0 0
1 30901 35.4815 -43.3833 -11.3896 1.11429 1.2 1 0 0
1 30902 34.5716 -44.0233 -12.5497 0.491466 1.2 1 0 0
1 30903 37.2513 -48.3796 -13.3378 0.828039 1.2 1 0 0
1 30904 36.6764 -48.8172 -14.1118 0.229527 1.2 1 0 0
1 30905 36.8408 -46.3142 -11.3368 0.425851 1.2 1 0 0
1 30906 36.2105 -48.2743 -11.3668 1.40332 1.2 1 0 0
1 30907 35.803 -46.3472 -11.9019 0.535981 1.2 1 0 0
1 30908 37.3255 -47.0571 -14.7839 1.12447 1.2 1 0 0
1 30909 35.9183 -46.6503 -14.3855 0.314803 1.2 1 0 0
1 30910 33.5456 -55.6913 -5.02767 0.66915 1.2 1 0 0
1 30911 33.1255 -57.3024 -5.40412 0.406747 1.2 1 0 0
1 30912 31.1395 -55.3371 -5.47457 0.678226 1.2 1 0 0
1 30913 32.0336 -56.8517 -4.34159 1.1156 1.2 1 0 0
1 30914 33.0291 -55.3358 -3.53558 0.678839 1.2 1 0 0
1 30915 31.1922 -56.4252 -3.18816 0.367259 1.2 1 0 0
1 30916 30.8562 -57.5078 -2.80908 0.719235 1.2 1 0 0
1 30917 31.6511 -57.6359 -5.50525 0.336866 1.2 1 0 0
1 30918 31.0617 -57.1233 -5.9779 0.572995 1.2 1 0 0
1 30919 31.8628 -58.6275 -6.33749 0.974831 1.2 1 0 0
1 30920 28.9583 -56.837 -4.72789 0.624199 1.2 1 0 0
1 30921 29.0858 -57.4082 -5.40754 0.271747 1.2 1 0 0
1 30924 28.3219 -56.7321 -2.56726 1.5 1.2 1 0 0
1 30925 28.0206 -57.771 -4.40172 0.620569 1.2 1 0 0
1 30926 27.9407 -60.0484 -6.35716 1.26149 1.2 1 0 0
1 30928 31.4924 -59.7195 -5.45516 0.450512 1.2 1 0 0
1 30929 30.5237 -60.466 -4.42479 0.379515 1.2 1 0 0
1 30930 30.1152 -58.6128 -4.58522 1.5 1.2 1 0 0
1 30931 29.3072 -60.94 -4.72721 0.959736 1.2 1 0 0
1 30934 30.6878 -59.6285 -3.31233 0.223396 1.2 1 0 0
1 30935 30.2509 -59.4751 -2.90519 0.393231 1.2 1 0 0
1 30936 29.2062 -60.0936 -3.15397 0.751076 1.2 1 0 0
1 30937 29.7762 -58.0186 -2.73274 0.448802 1.2 1 0 0
1 30938 30.5926 -60.4257 -6.6836 1.22801 1.2 1 0 0
1 30939 30.1598 -61.5965 -5.5682 0.405941 1.2 1 0 0
1 30940 31.5817 -57.6635 -7.13882 0.291424 1.2 1 0 0
1 30941 31.33 -58.4197 -8.74626 1.5 1.2 1 0 0
1 30942 30.9148 -56.737 -7.7862 0.481234 1.2 1 0 0
1 30943 27.9769 -57.8185 -7.58143 0.828145 1.2 1 0 0
1 30944 28.6017 -55.6224 -9.03746 0.544202 1.2 1 0 0
1 30945 28.5549 -56.7052 -8.31872 0.513882 1.2 1 0 0
1 30946 29.5556 -58.5056 -6.99516 0.976374 1.2 1 0 0
1 30947 29.43 -56.0266 -6.63509 1.5 1.2 1 0 0
1 30948 29.4473 -57.4647 -8.25806 0.658289 1.2 1 0 0
1 30949 30.252 -57.2426 -9.45268 0.245388 1.2 1 0 0
1 30972 26.9985 -59.534 -3.41083 1.5 1.2 1 0 0
1 30998 27.3427 -62.0448 -4.74371 1.1218 1.2 1 0 0
1 31007 31.6904 -60.4764 -10.5505 1.25961 1.2 1 0 0
1 31008 31.355 -62.1058 -9.9534 0.507862 1.2 1 0 0
1 31009 30.1065 -61.2711 -10.9565 0.456598 1.2 1 0 0
1 31010 29.6233 -63.7063 -9.87037 0.791034 1.2 1 0 0
1 31011 30.7324 -62.9786 -9.78665 0.478386 1.2 1 0 0
1 31012 30.3251 -63.2311 -8.97245 0.380746 1.2 1 0 0
1 31013 31.8313 -60.4622 -8.28755 0.645587 1.2 1 0 0
1 31014 29.5549 -61.5197 -9.09584 1.5 1.2 1 0 0
1 31015 31.1159 -62.283 -8.62659 0.299863 1.2 1 0 0
1 31016 30.4875 -62.8184 -11.3381 1.10036 1.2 1 0 0
1 31017 29.9886 -64.2825 -11.0335 0.47612 1.2 1 0 0
1 31018 30.9961 -62.8593 -12.944 0.584655 1.2 1 0 0
1 31019 29.0929 -62.5058 -10.672 0.409391 1.2 1 0 0
1 31020 29.2265 -59.734 -7.82143 0.540199 1.2 1 0 0
1 31021 28.2807 -59.3666 -9.00094 0.97594 1.2 1 0 0
1 31026 29.2445 -61.7455 -6.17967 0.702307 1.2 1 0 0
1 31027 28.7883 -62.5091 -5.41192 0.472682 1.2 1 0 0
1 31028 28.4467 -63.367 -9.14412 0.632693 1.2 1 0 0
1 31029 28.1177 -64.4324 -8.63413 0.578937 1.2 1 0 0
1 31030 27.7824 -59.3676 -11.958 1.0443 1.2 1 0 0
1 31031 28.496 -61.5199 -11.2052 0.860218 1.2 1 0 0
1 31032 29.8399 -57.7395 -9.70522 0.371581 1.2 1 0 0
1 31033 29.9114 -58.8095 -10.7261 0.950704 1.2 1 0 0
1 31034 28.212 -59.4293 -13.5735 0.628434 1.2 1 0 0
1 31035 29.9871 -60.3819 -12.7223 1.5 1.2 1 0 0
1 31036 30.6704 -54.114 -5.30189 0.481397 1.2 1 0 0
1 31037 29.3099 -53.8981 -5.3273 0.896381 1.2 1 0 0
1 31038 31.061 -54.1054 -6.68371 0.845015 1.2 1 0 0
1 31039 28.0999 -55.542 -4.81609 0.804912 1.2 1 0 0
1 31041 30.3295 -55.0032 -3.62179 1.35154 1.2 1 0 0
1 31042 28.5092 -55.0119 -3.59699 0.468942 1.2 1 0 0
1 31043 28.7755 -54.1995 -3.37613 0.414042 1.2 1 0 0
1 31045 28.451 -54.2888 -7.62992 0.723321 1.2 1 0 0
1 31046 29.1015 -47.5012 -5.24861 0.111541 1.2 1 0 0
1 31048 28.8388 -48.8895 -5.22747 0.588935 1.2 1 0 0
1 31049 30.9732 -48.8926 -3.40334 0.880618 1.2 1 0 0
1 31050 30.0155 -49.0489 -4.63048 0.663247 1.2 1 0 0
1 31051 29.0145 -48.4124 -2.99173 1.06931 1.2 1 0 0
1 31053 28.8154 -48.1723 -8.55358 0.771846 1.2 1 0 0
1 31054 30.4245 -49.895 -7.24152 0.710483 1.2 1 0 0
1 31055 29.3627 -49.3045 -7.36345 0.450427 1.2 1 0 0
1 31056 29.128 -50.0612 -8.75816 1.15363 1.2 1 0 0
1 31057 32.1232 -52.2604 -3.71505 0.446045 1.2 1 0 0
1 31058 33.0817 -52.2735 -2.96653 0.178116 1.2 1 0 0
1 31059 32.5774 -53.7134 -4.9273 1.5 1.2 1 0 0
1 31060 33.8598 -53.4356 -3.20062 0.6643 1.2 1 0 0
1 31061 30.513 -52.4132 -4.38303 0.979063 1.2 1 0 0
1 31062 29.9938 -50.5421 -3.78519 1.05275 1.2 1 0 0
1 31063 31.496 -51.4236 -3.83826 0.518418 1.2 1 0 0
1 31064 30.8162 -51.6104 -3.29024 0.37447 1.2 1 0 0
1 31065 30.1787 -51.9614 -2.72725 0.545612 1.2 1 0 0
1 31066 30.8963 -53.1869 -2.93648 0.670342 1.2 1 0 0
1 31067 31.6316 -51.9727 -5.32567 0.520797 1.2 1 0 0
1 31068 31.4977 -51.5385 -6.05878 0.327232 1.2 1 0 0
1 31069 27.5143 -53.4155 -5.68723 0.892216 1.2 1 0 0
1 31071 28.2468 -52.3378 -3.28462 1.5 1.2 1 0 0
1 31072 28.3285 -50.6274 -5.17605 1.05144 1.2 1 0 0
1 31073 28.4191 -52.2134 -5.31518 0.541648 1.2 1 0 0
1 31074 29.2909 -51.7908 -4.87571 0.478194 1.2 1 0 0
1 31076 29.2074 -51.8628 -8.77786 0.627747 1.2 1 0 0
1 31079 27.6016 -51.4236 -8.40935 0.858414 1.2 1 0 0
1 31137 28.2116 -52.3919 -10.2704 0.495617 1.2 1 0 0
1 31138 27.8448 -51.1042 -10.9232 0.956651 1.2 1 0 0
1 31142 28.3243 -48.919 -10.6228 1.08254 1.2 1 0 0
1 31160 36.5456 -51.8519 -15.3193 0.436742 1.2 1 0 0
1 31161 36.6663 -51.3559 -14.0982 0.482704 1.2 1 0 0
1 31162 35.4979 -52.4846 -14.3048 1.15296 1.2 1 0 0
1 31163 36.2513 -51.4523 -13.0968 0.605617 1.2 1 0 0
1 31164 36.464 -51.6999 -11.3274 0.30685 1.2 1 0 0
1 31165 31.9746 -51.4131 -13.0683 0.641057 1.2 1 0 0
1 31166 31.2681 -52.1954 -13.8262 0.528851 1.2 1 0 0
1 31167 31.8928 -48.9427 -12.1947 0.868091 1.2 1 0 0
1 31168 33.2257 -51.0916 -11.4147 0.51145 1.2 1 0 0
1 31169 32.0874 -50.4111 -11.5458 0.696363 1.2 1 0 0
1 31170 31.3845 -49.7106 -11.2685 0.332357 1.2 1 0 0
1 31171 31.8263 -48.6339 -14.5416 1.5 1.2 1 0 0
1 31172 31.1118 -50.901 -14.1118 0.767978 1.2 1 0 0
1 31173 31.2087 -51.7404 -16.0082 0.512409 1.2 1 0 0
1 31174 34.9671 -54.2676 -13.3124 0.955205 1.2 1 0 0
1 31175 34.5312 -54.5173 -11.9999 0.450135 1.2 1 0 0
1 31176 34.9776 -55.341 -12.2868 0.526282 1.2 1 0 0
1 31177 33.1599 -52.6498 -12.986 0.595807 1.2 1 0 0
1 31178 33.6664 -51.8287 -13.1465 0.37253 1.2 1 0 0
1 31179 34.3735 -51.6646 -13.5239 0.441275 1.2 1 0 0
1 31180 33.0878 -54.2237 -14.4959 0.69681 1.2 1 0 0
1 31181 33.953 -54.7571 -14.0734 0.403864 1.2 1 0 0
1 31182 35.862 -52.7103 -16.1779 0.717206 1.2 1 0 0
1 31183 34.5353 -52.3668 -16.4603 0.625515 1.2 1 0 0
1 31184 34.7627 -51.9474 -15.526 0.369876 1.2 1 0 0
1 31185 34.881 -52.6644 -15.622 0.304911 1.2 1 0 0
1 31186 34.5276 -49.2777 -15.5511 0.321663 1.2 1 0 0
1 31187 33.5103 -49.8167 -15.6337 0.829699 1.2 1 0 0
1 31188 28.1951 -52.0473 -13.145 1.06617 1.2 1 0 0
1 31189 30.3751 -52.6644 -12.9532 0.805228 1.2 1 0 0
1 31190 29.6406 -52.1202 -15.5824 0.261106 1.2 1 0 0
1 31191 28.3749 -49.4674 -13.041 0.526245 1.2 1 0 0
1 31192 29.2223 -48.4453 -12.1823 0.674734 1.2 1 0 0
1 31193 29.6146 -48.5647 -13.6998 0.867493 1.2 1 0 0
1 31194 29.9879 -50.4809 -12.1872 1.5 1.2 1 0 0
1 31195 29.5044 -49.9111 -10.3505 0.482859 1.2 1 0 0
1 31196 28.6577 -51.6717 -11.8518 0.308944 1.2 1 0 0
1 31197 29.6357 -48.2726 -15.3243 0.715648 1.2 1 0 0
1 31198 29.1464 -50.4288 -15.1491 1.5 1.2 1 0 0
1 31199 30.365 -49.6435 -13.8845 0.393825 1.2 1 0 0
1 31207 28.4647 -53.1818 -15.2494 1.33552 1.2 1 0 0
1 31208 28.2491 -54.2265 -16.8289 0.570459 1.2 1 0 0
1 31213 28.5905 -55.2254 -10.6282 0.4405 1.2 1 0 0
1 31221 34.6037 -55.0164 -8.80815 0.810044 1.2 1 0 0
1 31222 35.1013 -55.3347 -9.81035 0.320951 1.2 1 0 0
1 31223 33.446 -56.5247 -9.96355 1.41337 1.2 1 0 0
1 31224 31.5751 -56.2506 -9.16584 0.638861 1.2 1 0 0
1 31225 32.6844 -56.2654 -6.94222 1.5 1.2 1 0 0
1 31226 33.3644 -57.8313 -8.34001 0.656421 1.2 1 0 0
1 31227 34.502 -54.4629 -10.5635 0.97764 1.2 1 0 0
1 31228 32.7896 -54.5431 -10.6332 0.637513 1.2 1 0 0
1 31229 33.3391 -53.7861 -11.3523 0.450452 1.2 1 0 0
1 31230 29.4854 -53.8371 -9.57545 1.5 1.2 1 0 0
1 31231 29.602 -51.5016 -10.1316 0.827277 1.2 1 0 0
1 31232 30.9359 -52.3807 -9.37072 0.56565 1.2 1 0 0
1 31233 29.9984 -56.1614 -9.01329 0.945692 1.2 1 0 0
1 31234 30.8213 -53.5585 -8.1585 0.462208 1.2 1 0 0
1 31235 30.914 -54.9972 -8.05552 0.797754 1.2 1 0 0
1 31236 31.2274 -54.8387 -9.27188 0.467357 1.2 1 0 0
1 31237 31.9116 -52.54 -11.3141 1.44487 1.2 1 0 0
1 31238 30.6417 -53.9883 -11.1851 0.450016 1.2 1 0 0
1 31239 30.4988 -51.5863 -10.8458 0.311709 1.2 1 0 0
1 31240 34.7494 -53.6662 -7.29488 0.949436 1.2 1 0 0
1 31241 35.5061 -52.6571 -8.3129 0.662191 1.2 1 0 0
1 31242 32.4823 -51.9181 -6.22904 0.71784 1.2 1 0 0
1 31243 33.5771 -52.1873 -5.74521 0.480417 1.2 1 0 0
1 31244 31.9225 -54.6399 -7.31974 0.33133 1.2 1 0 0
1 31245 34.7507 -52.9872 -5.61616 0.848807 1.2 1 0 0
1 31246 34.2104 -54.7858 -6.11324 0.762194 1.2 1 0 0
1 31247 34.3268 -54.5485 -4.92003 0.438015 1.2 1 0 0
1 31248 34.2856 -51.9533 -9.52732 0.809235 1.2 1 0 0
1 31249 35.8391 -52.0552 -9.56516 0.748115 1.2 1 0 0
1 31250 31.7853 -49.9871 -10.5752 0.405047 1.2 1 0 0
1 31251 31.6613 -50.7886 -8.61083 1.3392 1.2 1 0 0
1 31252 30.4546 -49.9826 -9.34941 0.280184 1.2 1 0 0
1 31253 32.5542 -52.0085 -7.66004 0.443943 1.2 1 0 0
1 31254 31.8383 -52.5704 -7.16004 0.561826 1.2 1 0 0
1 31255 33.3887 -51.145 -9.06315 0.472627 1.2 1 0 0
1 31256 32.9699 -51.6914 -9.84167 0.557137 1.2 1 0 0
1 31257 33.34 -51.9353 -8.75755 0.367863 1.2 1 0 0
1 31258 32.0326 -52.1984 -9.53629 0.352456 1.2 1 0 0
1 31259 34.2303 -56.924 -13.3946 0.655131 1.2 1 0 0
1 31260 33.3131 -56.6787 -13.9049 0.408249 1.2 1 0 0
1 31261 34.4369 -55.8496 -14.3803 0.817507 1.2 1 0 0
1 31262 32.0692 -59.8959 -14.5064 1.12804 1.2 1 0 0
1 31263 32.3274 -60.6957 -12.57 0.753411 1.2 1 0 0
1 31264 31.4448 -57.6916 -14.3501 0.859668 1.2 1 0 0
1 31265 30.5537 -58.878 -14.1118 0.624554 1.2 1 0 0
1 31266 30.6749 -59.8905 -14.3144 0.278915 1.2 1 0 0
1 31268 28.2134 -56.1618 -15.1756 1.48564 1.2 1 0 0
1 31270 34.4433 -57.5038 -10.7538 0.192153 1.2 1 0 0
1 31271 34.145 -57.0556 -12.0339 0.713546 1.2 1 0 0
1 31272 33.413 -57.338 -11.4144 0.248588 1.2 1 0 0
1 31273 33.1079 -59.5004 -10.8169 0.47534 1.2 1 0 0
1 31274 29.5858 -55.7985 -11.0615 0.708422 1.2 1 0 0
1 31275 31.0464 -54.2906 -12.1665 0.653762 1.2 1 0 0
1 31276 32.2294 -56.7386 -11.3744 0.461791 1.2 1 0 0
1 31277 30.4915 -57.0861 -10.5385 0.868256 1.2 1 0 0
1 31278 31.8689 -57.529 -10.5521 0.5467 1.2 1 0 0
1 31279 31.406 -57.1099 -11.4256 0.406016 1.2 1 0 0
1 31280 32.6366 -56.2325 -15.7319 1.46603 1.2 1 0 0
1 31281 33.071 -57.9938 -16.9744 0.732728 1.2 1 0 0
1 31282 34.0461 -57.089 -16.5215 0.361559 1.2 1 0 0
1 31283 30.2505 -54.7502 -16.9417 1.5 1.2 1 0 0
1 31284 29.8706 -55.0556 -14.9959 0.498271 1.2 1 0 0
1 31285 30.0648 -56.7048 -16.0752 0.605537 1.2 1 0 0
1 31286 30.4919 -56.3189 -14.7496 0.837609 1.2 1 0 0
1 31287 31.101 -53.9893 -14.3865 1.24013 1.2 1 0 0
1 31288 31.8398 -54.5768 -15.8745 0.376997 1.2 1 0 0
1 31289 29.0187 -59.3449 -17.5668 0.787017 1.2 1 0 0
1 31290 29.8474 -58.0186 -18.13 0.520349 1.2 1 0 0
1 31291 27.3272 -55.5997 -17.8534 1.36573 1.2 1 0 0
1 31293 29.1711 -57.096 -17.2494 0.921067 1.2 1 0 0
1 31295 28.5907 -58.3855 -15.8973 0.882542 1.2 1 0 0
1 31305 26.5112 -58.5909 -14.7207 1.5 1.2 1 0 0
1 31308 27.0846 -57.1668 -21.6495 1.23755 1.2 1 0 0
1 31309 28.4442 -57.9267 -21.1169 0.392803 1.2 1 0 0
1 31310 27.6177 -55.8375 -20.0469 0.834598 1.2 1 0 0
1 31311 28.7591 -57.3931 -20.7938 0.264422 1.2 1 0 0
1 31319 26.5848 -65.8111 -20.3354 1.5 1.2 1 0 0
1 31320 28.8365 -65.2951 -19.9802 0.837289 1.2 1 0 0
1 31322 29.0438 -66.0499 -18.791 0.586475 1.2 1 0 0
1 31334 28.3678 -66.5452 -16.5928 0.983892 1.2 1 0 0
1 31351 30.6323 -61.3737 -16.7646 1.31077 1.2 1 0 0
1 31352 32.1658 -60.2844 -16.5199 0.586039 1.2 1 0 0
1 31353 28.9498 -59.8973 -14.8842 0.946389 1.2 1 0 0
1 31354 28.3023 -60.6238 -13.8045 0.507199 1.2 1 0 0
1 31355 28.5618 -59.5958 -16.2369 0.360993 1.2 1 0 0
1 31356 29.0846 -60.8564 -16.001 0.490851 1.2 1 0 0
1 31357 31.354 -61.9133 -14.1825 0.995736 1.2 1 0 0
1 31358 30.4647 -60.458 -15.0141 0.646232 1.2 1 0 0
1 31359 30.9277 -58.5928 -16.4827 1.5 1.2 1 0 0
1 31360 29.395 -59.9239 -16.3013 0.536788 1.2 1 0 0
1 31361 27.3164 -60.7619 -16.997 1.5 1.2 1 0 0
1 31373 28.7087 -62.0757 -12.6075 0.625162 1.2 1 0 0
1 31374 28.2915 -65.7805 -12.9198 0.755701 1.2 1 0 0
1 31375 29.8986 -64.5944 -15.593 1.05839 1.2 1 0 0
1 31376 28.4794 -65.0128 -16.1307 0.385085 1.2 1 0 0
1 31377 29.0527 -66.0499 -14.682 0.57793 1.2 1 0 0
1 31378 28.8118 -65.613 -15.6961 0.383651 1.2 1 0 0
1 31379 30.4917 -63.1758 -18.0123 0.775444 1.2 1 0 0
1 31380 29.7816 -63.1297 -16.5723 0.643296 1.2 1 0 0
1 31381 30.9139 -63.1183 -15.7448 0.729524 1.2 1 0 0
1 31382 28.9281 -62.3885 -14.7109 1.5 1.2 1 0 0
1 31383 28.7603 -62.0722 -17.9696 0.678916 1.2 1 0 0
1 31384 28.4881 -64.2564 -17.8573 1.5 1.2 1 0 0
1 31385 31.3963 -59.0142 -21.0052 1.35837 1.2 1 0 0
1 31386 31.5817 -60.6957 -20.3763 0.438854 1.2 1 0 0
1 31387 29.4038 -57.9244 -20.6122 0.365191 1.2 1 0 0
1 31388 28.6001 -59.5109 -21.2116 0.995238 1.2 1 0 0
1 31389 31.0839 -58.1923 -18.8837 0.938128 1.2 1 0 0
1 31390 30.9342 -59.401 -19.3762 0.373363 1.2 1 0 0
1 31391 31.3881 -59.3703 -23.1675 0.833081 1.2 1 0 0
1 31392 30.0454 -60.3181 -21.6383 0.622976 1.2 1 0 0
1 31393 28.404 -63.3616 -19.7164 0.522157 1.2 1 0 0
1 31394 28.9609 -62.5206 -20.2791 0.494903 1.2 1 0 0
1 31398 27.0611 -62.3942 -20.8868 1.5 1.2 1 0 0
1 31399 27.5734 -60.6036 -19.3139 0.833363 1.2 1 0 0
1 31400 28.1745 -63.238 -22.4045 0.562816 1.2 1 0 0
1 31401 28.7122 -63.9975 -21.1753 0.818007 1.2 1 0 0
1 31402 28.2092 -64.7416 -22.7317 0.975888 1.2 1 0 0
1 31403 30.8259 -62.6577 -19.1795 0.46567 1.2 1 0 0
1 31404 29.8304 -63.47 -19.6961 0.908541 1.2 1 0 0
1 31405 29.537 -62.6375 -18.6953 0.385361 1.2 1 0 0
1 31406 29.8894 -60.9533 -19.466 1.5 1.2 1 0 0
1 31407 28.6324 -60.2056 -18.2613 0.384439 1.2 1 0 0
1 31408 30.6599 -62.7311 -20.3891 0.400791 1.2 1 0 0
1 31409 30.9932 -61.7921 -20.8693 0.472677 1.2 1 0 0
1 31410 29.9342 -62.0377 -23.8989 0.645351 1.2 1 0 0
1 31411 30.9976 -60.5094 -24.1855 0.557872 1.2 1 0 0
1 31414 28.6177 -58.0186 -23.5205 0.619037 1.2 1 0 0
1 31415 29.0711 -60.0979 -23.5907 1.5 1.2 1 0 0
1 31630 28.1189 -63.8582 -11.6037 1.5 1.2 1 0 0
1 31662 26.8243 -61.4713 -13.02 1.34987 1.2 1 0 0
1 31698 29.9473 -60.969 -26.5423 0.156441 1.2 1 0 0
1 31703 29.7146 -61.3805 -25.4846 0.873655 1.2 1 0 0
1 31704 29.3174 -62.8972 -25.9312 -0.00496569 1.2 1 0 0
1 31705 29.3516 -59.7224 -26.3009 0.402815 1.2 1 0 0
1 31706 29.4792 -60.9295 -28.0401 -0.0197222 1.2 1 0 0
1 31715 28.226 -63.0042 -24.3694 1.26573 1.2 1 0 0
1 32048 30.7047 -60.1296 -8.26283 0.382659 1.2 1 0 0
1 32049 31.0309 -60.349 -8.93595 0.390691 1.2 1 0 0
1 32052 29.4605 -52.1319 -12.6471 0.293215 1.2 1 0 0
1 32053 30.5015 -52.2015 -15.0938 0.732072 1.2 1 0 0
1 32054 31.2035 -56.2112 -13.5227 0.584844 1.2 1 0 0
1 32055 30.8779 -56.8673 -13.8999 0.237322 1.2 1 0 0
