# SphereID Center[X Y Z] Radius Density Region Score Weight
LeafCount 32062
NodeCount 32062
1 13887 21.7134 -63.5282 14.3288 1.40091 1.2 1 0 0
1 13890 21.4424 -61.6479 16.6623 1.5 1.2 1 0 0
1 20266 28.4043 -65.4434 -21.3352 0.592611 1.2 1 0 0
1 20267 23.4633 -68.0383 -19.8482 1.01459 1.2 1 0 0
1 20268 29.7727 -64.5072 -13.4512 1.05192 1.2 1 0 0
1 20269 27.2224 -65.5703 -15.0058 1.20031 1.2 1 0 0
1 20272 29.6446 -62.2724 -21.8875 1.26829 1.2 1 0 0
1 20279 17.9253 -64.2409 -21.3795 -0.00688171 1.2 1 0 0
1 20292 25.2522 -65.3462 -11.1259 -0.00542503 1.2 1 0 0
1 20293 19.066 -66.4423 -17.1855 -0.00175566 1.2 1 0 0
1 20294 23.617 -64.3064 -15.3402 -0.00612521 1.2 1 0 0
1 20295 21.7226 -67.4098 -15.2537 -0.00759758 1.2 1 0 0
1 20296 21.8776 -68.2044 -15.8954 -0.0086924 1.2 1 0 0
1 20298 25.8049 -64.6228 -28.1767 -0.00489739 1.2 1 0 0
1 20304 25.2303 -65.7138 -22.5934 0.431508 1.2 1 0 0
1 20305 22.9948 -68.5461 -22.6293 -0.00377632 1.2 1 0 0
1 20306 22.716 -66.5836 -22.0269 0.0791757 1.2 1 0 0
1 20307 22.923 -65.8384 -20.3754 0.635086 1.2 1 0 0
1 20308 23.2754 -65.4689 -21.9365 0.196711 1.2 1 0 0
1 20309 22.2015 -68.5801 -21.2521 0.280557 1.2 1 0 0
1 20310 23.544 -64.4009 -24.9382 -0.00677927 1.2 1 0 0
1 23447 27.1734 -62.541 13.8503 0.868387 1.2 1 0 0
1 23466 26.1042 -62.9057 12.442 0.90908 1.2 1 0 0
1 23474 23.8998 -62.9785 11.9407 1.19149 1.2 1 0 0
1 23487 19.6598 -63.2844 15.1041 0.774244 1.2 1 0 0
1 23492 19.8571 -62.6415 13.1261 0.8884 1.2 1 0 0
1 23493 21.3495 -63.2338 12.263 0.640229 1.2 1 0 0
1 23505 24.6532 -62.6023 17.5379 1.5 1.2 1 0 0
1 23510 24.6438 -62.4277 14.4694 1.5 1.2 1 0 0
1 23511 26.0702 -63.3349 15.9632 0.741506 1.2 1 0 0
1 23519 20.1929 -63.5116 16.6529 0.736569 1.2 1 0 0
1 23525 24.1198 -64.2453 15.6248 0.716617 1.2 1 0 0
1 23526 22.6681 -63.8673 16.5474 1.038 1.2 1 0 0
1 30998 27.3427 -62.0448 -4.74371 1.1218 1.2 1 0 0
1 31010 29.7958 -63.7815 -9.82992 0.598156 1.2 1 0 0
1 31016 30.5957 -62.8674 -11.3371 0.981309 1.2 1 0 0
1 31017 29.9886 -64.2825 -11.0335 0.47612 1.2 1 0 0
1 31029 28.6342 -64.5509 -8.4065 -0.000524608 1.2 1 0 0
1 31318 27.6019 -65.2465 -21.7117 0.302177 1.2 1 0 0
1 31319 26.5848 -65.8111 -20.3354 1.5 1.2 1 0 0
1 31320 28.8365 -65.2951 -19.9802 0.837289 1.2 1 0 0
1 31321 27.9067 -65.0627 -19.364 0.302181 1.2 1 0 0
1 31322 29.0438 -66.0499 -18.791 0.586475 1.2 1 0 0
1 31323 26.4173 -64.2747 -22.5687 0.818351 1.2 1 0 0
1 31324 26.3993 -66.1638 -22.4958 0.606863 1.2 1 0 0
1 31325 25.6897 -63.7067 -19.0098 1.12767 1.2 1 0 0
1 31326 24.9598 -65.3038 -19.0836 0.612971 1.2 1 0 0
1 31327 23.5491 -65.8458 -18.9592 0.484766 1.2 1 0 0
1 31331 23.481 -64.3084 -19.3851 0.161564 1.2 1 0 0
1 31332 24.5014 -64.8703 -21.5615 1.08208 1.2 1 0 0
1 31333 24.3615 -62.8325 -20.5781 0.827708 1.2 1 0 0
1 31334 28.3678 -66.5452 -16.5928 0.983892 1.2 1 0 0
1 31335 26.2497 -64.8426 -17.3426 0.848328 1.2 1 0 0
1 31336 24.8812 -66.9222 -17.6262 1.39437 1.2 1 0 0
1 31337 25.5376 -68.3379 -16.6903 0.34393 1.2 1 0 0
1 31338 26.6806 -67.3925 -15.1358 0.518196 1.2 1 0 0
1 31339 26.5004 -67.6323 -16.39 0.72392 1.2 1 0 0
1 31340 26.6493 -68.1231 -17.9914 0.74957 1.2 1 0 0
1 31341 26.5765 -68.7146 -18.8198 0.269777 1.2 1 0 0
1 31342 25.8554 -67.9936 -19.4682 0.915267 1.2 1 0 0
1 31343 25.2091 -68.4854 -20.8149 0.638559 1.2 1 0 0
1 31344 26.1862 -67.7205 -21.3908 0.708517 1.2 1 0 0
1 31345 24.9399 -67.1571 -19.388 0.320152 1.2 1 0 0
1 31346 24.3319 -66.3036 -19.916 0.830678 1.2 1 0 0
1 31347 23.9033 -66.0499 -20.9988 0.34621 1.2 1 0 0
1 31348 23.9738 -68.8945 -21.4119 0.306487 1.2 1 0 0
1 31349 23.7865 -68.4839 -21.1977 0.150634 1.2 1 0 0
1 31350 25.7121 -68.3109 -22.0883 0.284155 1.2 1 0 0
1 31362 27.4192 -62.9501 -16.3335 0.774005 1.2 1 0 0
1 31365 25.8595 -63.4218 -16.5025 0.514049 1.2 1 0 0
1 31374 28.4222 -65.8583 -13.0141 0.574481 1.2 1 0 0
1 31375 29.8986 -64.5944 -15.593 1.05839 1.2 1 0 0
1 31376 28.4794 -65.0128 -16.1307 0.385085 1.2 1 0 0
1 31377 29.0527 -66.0499 -14.682 0.57793 1.2 1 0 0
1 31378 28.8118 -65.613 -15.6961 0.383651 1.2 1 0 0
1 31379 30.4917 -63.1758 -18.0123 0.775444 1.2 1 0 0
1 31380 29.7816 -63.1297 -16.5723 0.643296 1.2 1 0 0
1 31381 30.9139 -63.1183 -15.7448 0.729524 1.2 1 0 0
1 31382 29.3179 -62.6534 -14.9588 0.961539 1.2 1 0 0
1 31384 28.4881 -64.2564 -17.8573 1.5 1.2 1 0 0
1 31393 28.404 -63.3616 -19.7164 0.522157 1.2 1 0 0
1 31398 27.0611 -62.3942 -20.8868 1.5 1.2 1 0 0
1 31400 28.1745 -63.238 -22.4045 0.562816 1.2 1 0 0
1 31401 28.7122 -63.9975 -21.1753 0.818007 1.2 1 0 0
1 31402 28.0904 -64.6209 -22.4476 0.642622 1.2 1 0 0
1 31404 29.8304 -63.47 -19.6961 0.908541 1.2 1 0 0
1 31451 15.5818 -65.0191 -19.6622 -0.00302497 1.2 1 0 0
1 31452 17.4221 -64.7295 -18.5644 -0.00147282 1.2 1 0 0
1 31453 15.7234 -65.8453 -18.7199 -0.00106423 1.2 1 0 0
1 31454 17.4106 -66.1028 -19.0344 -0.00437755 1.2 1 0 0
1 31500 19.9121 -65.7992 -19.2943 -0.0125916 1.2 1 0 0
1 31504 17.505 -65.0908 -21.829 -0.00642744 1.2 1 0 0
1 31505 18.7064 -65.4393 -22.0091 -0.00494336 1.2 1 0 0
1 31613 17.9861 -64.8711 -14.2458 -0.00495362 1.2 1 0 0
1 31614 19.2939 -65.9003 -14.9721 -0.00956189 1.2 1 0 0
1 31615 15.7293 -65.2081 -16.588 -0.00971687 1.2 1 0 0
1 31616 17.1615 -64.5625 -16.0783 -0.0019989 1.2 1 0 0
1 31627 18.2936 -64.4932 -16.4109 -0.0026174 1.2 1 0 0
1 31630 29.2201 -64.2964 -11.6898 0.292381 1.2 1 0 0
1 31633 26.3912 -64.7649 -11.159 -0.00741459 1.2 1 0 0
1 31634 27.6481 -64.8007 -9.35728 -0.000884822 1.2 1 0 0
1 31636 27.9772 -66.0335 -11.5304 -0.00820225 1.2 1 0 0
1 31637 27.2085 -65.723 -10.896 -0.00488313 1.2 1 0 0
1 31651 25.6991 -64.968 -8.14308 -0.0017513 1.2 1 0 0
1 31652 25.6831 -65.461 -8.70183 -0.00444439 1.2 1 0 0
1 31653 23.8084 -64.7454 -10.344 -0.00186659 1.2 1 0 0
1 31654 23.256 -64.8101 -11.2282 -0.00169847 1.2 1 0 0
1 31660 23.6138 -65.1303 -12.9397 -0.00587425 1.2 1 0 0
1 31664 25.7452 -65.5928 -13.3643 -0.00599965 1.2 1 0 0
1 31665 25.5447 -65.1257 -14.5245 0.0405181 1.2 1 0 0
1 31666 25.7717 -64.9573 -14.0499 -0.000318578 1.2 1 0 0
1 31667 25.2523 -66.3732 -14.424 0.27844 1.2 1 0 0
1 31668 25.5243 -67.3198 -15.2873 0.643054 1.2 1 0 0
1 31669 24.4609 -66.7978 -15.8286 0.28101 1.2 1 0 0
1 31670 25.3224 -65.2668 -16.1506 0.677408 1.2 1 0 0
1 31671 22.8212 -68.621 -17.6589 0.476203 1.2 1 0 0
1 31672 23.1687 -67.259 -17.2939 0.104408 1.2 1 0 0
1 31673 23.858 -67.8559 -15.6672 0.168109 1.2 1 0 0
1 31674 24.6971 -68.1042 -15.9157 0.571364 1.2 1 0 0
1 31675 23.9505 -65.8545 -16.1293 -0.00143753 1.2 1 0 0
1 31676 24.1809 -64.9102 -17.8501 0.337942 1.2 1 0 0
1 31678 21.956 -66.5606 -16.9588 -0.00860832 1.2 1 0 0
1 31679 20.7018 -68.3217 -16.7951 -0.00863555 1.2 1 0 0
1 31680 19.8739 -67.5328 -16.0685 -0.00671468 1.2 1 0 0
1 31681 19.3391 -67.0183 -16.5605 -0.0118874 1.2 1 0 0
1 31682 19.7486 -64.7678 -18.0969 -0.00980993 1.2 1 0 0
1 31683 18.5325 -65.339 -18.3748 -0.00222732 1.2 1 0 0
1 31684 19.7926 -65.6726 -18.2239 -0.000795659 1.2 1 0 0
1 31685 21.4056 -65.8156 -14.5785 -0.00411576 1.2 1 0 0
1 31686 21.6996 -65.623 -15.326 -0.000827026 1.2 1 0 0
1 31687 23.0575 -66.8352 -18.3603 0.299466 1.2 1 0 0
1 31688 22.3877 -67.1193 -19.4463 0.343261 1.2 1 0 0
1 31689 20.7875 -65.8303 -19.8034 -0.0142671 1.2 1 0 0
1 31690 20.7209 -66.6449 -19.9545 -0.00251654 1.2 1 0 0
1 31691 21.3425 -65.6998 -18.601 -0.00320197 1.2 1 0 0
1 31693 20.7794 -64.7932 -19.3654 -0.000935625 1.2 1 0 0
1 31694 22.5213 -65.4302 -18.2465 -0.0032306 1.2 1 0 0
1 31695 21.8485 -68.2675 -18.8525 0.225375 1.2 1 0 0
1 31696 20.3353 -68.3677 -20.2574 -0.0123336 1.2 1 0 0
1 31697 20.0931 -68.7777 -19.8549 -0.0033185 1.2 1 0 0
1 31707 27.5797 -64.7718 -25.8718 -0.0149542 1.2 1 0 0
1 31708 25.8748 -65.9954 -26.5532 -0.00130234 1.2 1 0 0
1 31710 26.9212 -65.0384 -23.9252 -0.0106388 1.2 1 0 0
1 31716 28.2218 -64.6231 -24.2558 -0.000443935 1.2 1 0 0
1 31743 25.0038 -63.007 -22.6876 0.771276 1.2 1 0 0
1 31760 21.8384 -64.6255 -25.9678 -0.00981236 1.2 1 0 0
1 31765 24.0549 -68.9602 -22.0684 0.15025 1.2 1 0 0
1 31766 24.2604 -67.2922 -21.9777 1.00888 1.2 1 0 0
1 31767 25.6476 -68.0037 -22.484 0.00458262 1.2 1 0 0
1 31768 23.8216 -65.6655 -22.7305 0.0588451 1.2 1 0 0
1 31769 23.7671 -66.2148 -23.8103 -0.0200257 1.2 1 0 0
1 31770 24.5883 -67.6786 -24.5659 -0.0101217 1.2 1 0 0
1 31771 25.4185 -64.9778 -23.6543 -0.00126609 1.2 1 0 0
1 31772 23.4922 -64.1491 -22.3138 0.0891119 1.2 1 0 0
1 31773 21.5319 -65.1765 -22.0003 -0.00606224 1.2 1 0 0
1 31774 20.097 -67.397 -20.6462 -0.00521176 1.2 1 0 0
1 31775 20.4462 -68.0426 -23.084 -0.00506659 1.2 1 0 0
1 31778 20.4759 -66.578 -22.3745 -0.00746979 1.2 1 0 0
1 31779 20.7357 -65.116 -23.3019 -0.00223495 1.2 1 0 0
1 31780 21.541 -66.754 -26.2578 -0.00453168 1.2 1 0 0
1 31781 20.5154 -65.9211 -25.6935 -0.00240654 1.2 1 0 0
1 31782 22.4776 -68.6672 -23.5814 -0.00546438 1.2 1 0 0
1 31784 23.0286 -68.1748 -24.7201 -0.00767012 1.2 1 0 0
1 31785 24.1492 -66.2324 -27.0033 -0.00510298 1.2 1 0 0
1 31786 21.3269 -65.8515 -27.1122 -0.00833589 1.2 1 0 0
