# SphereID Center[X Y Z] Radius Density Region Score Weight
LeafCount 32062
NodeCount 32062
1 13703 23.9353 -59.7443 0.616147 0.472406 1.2 1 0 0
1 13949 26.4764 -58.3686 0.15487 1.5 1.2 1 0 0
1 13950 26.3625 -60.5143 -1.39614 0.820024 1.2 1 0 0
1 19950 21.3438 -58.4759 -34.3147 1.16875 1.2 1 0 0
1 20018 11.9342 -57.8771 -27.9035 1.39893 1.2 1 0 0
1 20029 13.1402 -59.1187 -31.3017 1.13008 1.2 1 0 0
1 20030 13.2209 -58.4047 -33.5641 1.23422 1.2 1 0 0
1 20033 17.4192 -60.0837 -31.6722 1.43754 1.2 1 0 0
1 20034 15.4949 -57.9034 -32.0875 1.5 1.2 1 0 0
1 20143 11.8123 -61.1477 -14.045 -0.000333412 1.2 1 0 0
1 20144 12.6536 -62.8719 -14.0771 -0.0124164 1.2 1 0 0
1 20211 27.746 -60.9566 -10.2719 -0.0029041 1.2 1 0 0
1 20217 26.4028 -61.6268 -2.72986 0.751755 1.2 1 0 0
1 20218 24.3755 -60.4611 -2.25139 0.659437 1.2 1 0 0
1 20219 21.6918 -60.6184 -1.74931 0.718132 1.2 1 0 0
1 20220 26.1371 -63.7141 -5.63195 -0.00093664 1.2 1 0 0
1 20221 28.2059 -60.7223 -9.08918 -0.00489544 1.2 1 0 0
1 20222 29.8139 -62.5134 -7.15489 0.649037 1.2 1 0 0
1 20223 28.3916 -62.9156 -6.73468 0.628726 1.2 1 0 0
1 20256 32.4204 -58.4429 -12.3372 1.5 1.2 1 0 0
1 20262 28.215 -58.0042 -19.2772 1.40481 1.2 1 0 0
1 20266 28.4043 -65.4434 -21.3352 0.592611 1.2 1 0 0
1 20267 23.4633 -68.0383 -19.8482 1.01459 1.2 1 0 0
1 20268 29.7727 -64.5072 -13.4512 1.05192 1.2 1 0 0
1 20269 27.2224 -65.5703 -15.0058 1.20031 1.2 1 0 0
1 20270 28.7387 -62.3975 -16.7691 0.565106 1.2 1 0 0
1 20271 31.7522 -59.9067 -18.3253 0.90862 1.2 1 0 0
1 20272 29.6446 -62.2724 -21.8875 1.26829 1.2 1 0 0
1 20276 17.0675 -62.7794 -17.2718 -0.00112206 1.2 1 0 0
1 20277 22.8341 -61.53 -19.1798 -0.00422544 1.2 1 0 0
1 20278 20.6529 -62.2104 -19.5558 -0.0132719 1.2 1 0 0
1 20279 17.9253 -64.2409 -21.3795 -0.00688171 1.2 1 0 0
1 20280 17.422 -61.7956 -19.5399 -0.00214548 1.2 1 0 0
1 20281 18.4449 -63.0289 -23.9782 -0.0121146 1.2 1 0 0
1 20284 20.037 -62.4671 -13.917 -0.000205074 1.2 1 0 0
1 20285 20.2593 -61.831 -15.9446 -0.014769 1.2 1 0 0
1 20286 14.3639 -63.47 -15.2774 -0.00288959 1.2 1 0 0
1 20287 17.6767 -63.6898 -13.8614 -0.00104889 1.2 1 0 0
1 20288 18.2816 -62.113 -14.1932 -0.00101886 1.2 1 0 0
1 20290 18.6118 -63.5836 -17.142 -0.000128172 1.2 1 0 0
1 20291 25.5001 -63.534 -9.02822 -0.00131023 1.2 1 0 0
1 20292 25.2522 -65.3462 -11.1259 -0.00542503 1.2 1 0 0
1 20293 19.066 -66.4423 -17.1855 -0.00175566 1.2 1 0 0
1 20294 23.617 -64.3064 -15.3402 -0.00612521 1.2 1 0 0
1 20295 21.7226 -67.4098 -15.2537 -0.00759758 1.2 1 0 0
1 20296 21.8776 -68.2044 -15.8954 -0.0086924 1.2 1 0 0
1 20297 26.6233 -63.1 -25.1881 -0.004007 1.2 1 0 0
1 20298 25.8049 -64.6228 -28.1767 -0.00489739 1.2 1 0 0
1 20299 25.9012 -62.7423 -24.0351 0.304894 1.2 1 0 0
1 20300 25.8762 -63.0557 -28.3252 -0.0111859 1.2 1 0 0
1 20301 27.3979 -62.5503 -26.6905 -0.00418801 1.2 1 0 0
1 20303 19.5252 -61.5957 -27.7415 -0.0109172 1.2 1 0 0
1 20304 25.2303 -65.7138 -22.5934 0.431508 1.2 1 0 0
1 20305 22.9948 -68.5461 -22.6293 -0.00377632 1.2 1 0 0
1 20306 22.716 -66.5836 -22.0269 0.0791757 1.2 1 0 0
1 20307 22.923 -65.8384 -20.3754 0.635086 1.2 1 0 0
1 20308 23.2754 -65.4689 -21.9365 0.196711 1.2 1 0 0
1 20309 22.2015 -68.5801 -21.2521 0.280557 1.2 1 0 0
1 20310 23.544 -64.4009 -24.9382 -0.00677927 1.2 1 0 0
1 20313 25.192 -62.5914 -30.7141 -0.0041039 1.2 1 0 0
1 22918 22.7468 -58.7137 0.00588607 1.13291 1.2 1 0 0
1 23712 28.36 -58.8684 -1.38118 0.943827 1.2 1 0 0
1 23713 27.5734 -59.8088 -0.664587 0.409009 1.2 1 0 0
1 23714 24.7404 -60.0995 -0.601202 1.02584 1.2 1 0 0
1 29275 11.0973 -60.7699 -22.5888 -0.00594556 1.2 1 0 0
1 29292 5.15238 -61.0245 -17.0291 -0.00946258 1.2 1 0 0
1 29315 9.77893 -62.2236 -21.1912 -0.00173876 1.2 1 0 0
1 29585 18.3579 -59.104 -34.4255 1.00264 1.2 1 0 0
1 29624 19.7439 -61.0151 -32.2953 0.610864 1.2 1 0 0
1 29625 20.7938 -60.6951 -31.271 -0.00244738 1.2 1 0 0
1 29628 19.5421 -58.8928 -32.6392 1.14459 1.2 1 0 0
1 29887 18.0853 -62.4465 -29.2345 -0.00285682 1.2 1 0 0
1 29888 16.8553 -60.462 -29.6212 0.603667 1.2 1 0 0
1 29933 14.5801 -58.7048 -29.2186 1.43367 1.2 1 0 0
1 29934 14.7292 -59.9552 -32.143 0.689454 1.2 1 0 0
1 30348 22.6489 -62.7447 -3.89682 -0.00218486 1.2 1 0 0
1 30349 20.5973 -62.2871 -5.78155 -0.00983329 1.2 1 0 0
1 30350 20.1328 -62.74 -5.33451 -0.00164738 1.2 1 0 0
1 30351 20.2945 -63.1559 -4.30455 -0.00334108 1.2 1 0 0
1 30352 21.1893 -62.829 -2.28998 -0.000549813 1.2 1 0 0
1 30353 20.3118 -61.6748 -2.89243 -0.00175072 1.2 1 0 0
1 30355 21.6652 -62.73 -6.93289 -0.00377403 1.2 1 0 0
1 30356 21.2754 -60.6799 -6.98579 -0.00811555 1.2 1 0 0
1 30428 18.9054 -60.8445 -9.90566 -0.0104558 1.2 1 0 0
1 30429 18.0622 -62.47 -10.5051 -0.00429169 1.2 1 0 0
1 30435 16.6007 -61.3239 -11.1579 -0.00345999 1.2 1 0 0
1 30436 16.9301 -62.2275 -11.1976 -0.000875762 1.2 1 0 0
1 30437 17.1503 -62.9584 -11.5604 -0.0102763 1.2 1 0 0
1 30449 22.1246 -61.1983 -9.3585 -0.00771355 1.2 1 0 0
1 30461 15.779 -61.7791 -13.8208 -0.00804868 1.2 1 0 0
1 30462 14.1088 -61.5072 -11.6081 -0.000717854 1.2 1 0 0
1 30463 15.0539 -61.8252 -11.1533 -0.00468459 1.2 1 0 0
1 30477 6.27947 -60.7237 -12.6567 -0.0152066 1.2 1 0 0
1 30500 6.27 -61.1132 -14.5181 -0.000229001 1.2 1 0 0
1 30502 6.87956 -60.974 -16.2375 -0.00446765 1.2 1 0 0
1 30552 11.0143 -62.807 -18.4042 -0.00838579 1.2 1 0 0
1 30554 9.53008 -61.2122 -17.9132 -0.000859188 1.2 1 0 0
1 30556 10.4482 -61.9037 -15.0193 -0.00358546 1.2 1 0 0
1 30557 12.5275 -62.5198 -16.6562 -0.0118138 1.2 1 0 0
1 30558 10.6339 -62.7934 -16.6427 -0.00292027 1.2 1 0 0
1 30561 7.61673 -61.3775 -19.129 -0.000915047 1.2 1 0 0
1 30562 8.82854 -62.4309 -19.1838 -0.00203114 1.2 1 0 0
1 30926 28.004 -60.0415 -6.22534 1.11468 1.2 1 0 0
1 30928 31.4924 -59.7195 -5.45516 0.450512 1.2 1 0 0
1 30929 30.5237 -60.466 -4.42479 0.379515 1.2 1 0 0
1 30930 30.1152 -58.6128 -4.58522 1.5 1.2 1 0 0
1 30931 29.3072 -60.94 -4.72721 0.959736 1.2 1 0 0
1 30932 28.1639 -60.6939 -4.20016 0.323059 1.2 1 0 0
1 30936 29.2062 -60.0936 -3.15397 0.751076 1.2 1 0 0
1 30938 30.5926 -60.4257 -6.6836 1.22801 1.2 1 0 0
1 30939 30.1598 -61.5965 -5.5682 0.405941 1.2 1 0 0
1 30941 31.33 -58.4197 -8.74626 1.5 1.2 1 0 0
1 30960 26.8012 -61.4227 -7.51948 -0.00419692 1.2 1 0 0
1 30961 25.7689 -62.1759 -8.75327 -0.00254133 1.2 1 0 0
1 30972 26.9985 -59.534 -3.41083 1.5 1.2 1 0 0
1 30974 25.1165 -60.0503 -3.02797 0.488734 1.2 1 0 0
1 30979 23.7618 -61.7658 -1.82081 0.773201 1.2 1 0 0
1 30980 22.804 -62.6606 -2.15623 0.0902504 1.2 1 0 0
1 30982 22.8242 -60.6333 -3.89621 -0.00168707 1.2 1 0 0
1 30989 24.4876 -58.2191 -2.12021 1.25858 1.2 1 0 0
1 30996 26.3869 -62.2773 -6.89504 -0.00191343 1.2 1 0 0
1 30997 26.1261 -63.2229 -4.32011 0.417118 1.2 1 0 0
1 30998 27.3427 -62.0448 -4.74371 1.1218 1.2 1 0 0
1 30999 24.0577 -60.7518 -6.34059 -0.00594697 1.2 1 0 0
1 31001 23.8332 -62.1525 -5.60925 -0.00659406 1.2 1 0 0
1 31002 22.7314 -61.4197 -5.40931 -0.00393652 1.2 1 0 0
1 31003 25.1753 -61.517 -3.25699 0.448282 1.2 1 0 0
1 31004 23.9647 -63.696 -3.6402 -0.0056044 1.2 1 0 0
1 31005 23.6292 -64.1611 -4.9034 -0.00732101 1.2 1 0 0
1 31006 23.8472 -62.7175 -4.99278 -0.00530908 1.2 1 0 0
1 31007 31.6904 -60.4764 -10.5505 1.25961 1.2 1 0 0
1 31008 31.355 -62.1058 -9.9534 0.507862 1.2 1 0 0
1 31009 30.2491 -61.3343 -10.9175 0.29559 1.2 1 0 0
1 31010 29.7958 -63.7815 -9.82992 0.598156 1.2 1 0 0
1 31011 30.7324 -62.9786 -9.78665 0.478386 1.2 1 0 0
1 31012 30.3251 -63.2311 -8.97245 0.380746 1.2 1 0 0
1 31013 31.8313 -60.4622 -8.28755 0.645587 1.2 1 0 0
1 31014 30.1318 -61.6355 -8.76383 0.820456 1.2 1 0 0
1 31015 31.1159 -62.283 -8.62659 0.299863 1.2 1 0 0
1 31016 30.5957 -62.8674 -11.3371 0.981309 1.2 1 0 0
1 31017 29.9886 -64.2825 -11.0335 0.47612 1.2 1 0 0
1 31018 30.9961 -62.8593 -12.944 0.584655 1.2 1 0 0
1 31019 29.4726 -62.65 -10.593 -0.00637516 1.2 1 0 0
1 31020 29.2265 -59.734 -7.82143 0.540199 1.2 1 0 0
1 31022 26.4831 -62.8161 -9.43522 -0.0081924 1.2 1 0 0
1 31023 26.5755 -62.8511 -8.2696 -0.00161433 1.2 1 0 0
1 31025 28.0029 -62.712 -9.11225 -0.00428888 1.2 1 0 0
1 31026 29.2445 -61.7455 -6.17967 0.702307 1.2 1 0 0
1 31027 28.7883 -62.5091 -5.41192 0.472682 1.2 1 0 0
1 31028 29.0016 -63.4864 -8.91381 0.00692305 1.2 1 0 0
1 31029 28.6342 -64.5509 -8.4065 -0.000524608 1.2 1 0 0
1 31031 29.2797 -61.8235 -11.0285 -0.00321777 1.2 1 0 0
1 31035 30.7753 -60.7897 -12.6769 0.605277 1.2 1 0 0
1 31262 32.0692 -59.8959 -14.5064 1.12804 1.2 1 0 0
1 31263 32.3274 -60.6957 -12.57 0.753411 1.2 1 0 0
1 31289 29.0187 -59.3449 -17.5668 0.787017 1.2 1 0 0
1 31298 25.6846 -61.4467 -18.5505 0.287334 1.2 1 0 0
1 31299 25.7541 -60.7866 -16.8079 -0.00379539 1.2 1 0 0
1 31300 26.3112 -59.6939 -20.4477 0.997135 1.2 1 0 0
1 31318 27.6019 -65.2465 -21.7117 0.302177 1.2 1 0 0
1 31319 26.5848 -65.8111 -20.3354 1.5 1.2 1 0 0
1 31320 28.8365 -65.2951 -19.9802 0.837289 1.2 1 0 0
1 31321 27.9067 -65.0627 -19.364 0.302181 1.2 1 0 0
1 31322 29.0438 -66.0499 -18.791 0.586475 1.2 1 0 0
1 31323 26.4173 -64.2747 -22.5687 0.818351 1.2 1 0 0
1 31324 26.3993 -66.1638 -22.4958 0.606863 1.2 1 0 0
1 31325 25.6897 -63.7067 -19.0098 1.12767 1.2 1 0 0
1 31326 24.9598 -65.3038 -19.0836 0.612971 1.2 1 0 0
1 31327 23.5491 -65.8458 -18.9592 0.484766 1.2 1 0 0
1 31328 23.1867 -62.1592 -18.8316 -0.00539836 1.2 1 0 0
1 31329 22.4543 -63.5017 -20.0114 -0.00318224 1.2 1 0 0
1 31330 24.393 -63.3802 -18.5598 0.151459 1.2 1 0 0
1 31331 23.481 -64.3084 -19.3851 0.161564 1.2 1 0 0
1 31332 24.5014 -64.8703 -21.5615 1.08208 1.2 1 0 0
1 31333 24.3615 -62.8325 -20.5781 0.827708 1.2 1 0 0
1 31334 28.3678 -66.5452 -16.5928 0.983892 1.2 1 0 0
1 31335 26.2497 -64.8426 -17.3426 0.848328 1.2 1 0 0
1 31336 24.8812 -66.9222 -17.6262 1.39437 1.2 1 0 0
1 31337 25.5376 -68.3379 -16.6903 0.34393 1.2 1 0 0
1 31338 26.6806 -67.3925 -15.1358 0.518196 1.2 1 0 0
1 31339 26.5004 -67.6323 -16.39 0.72392 1.2 1 0 0
1 31340 26.6493 -68.1231 -17.9914 0.74957 1.2 1 0 0
1 31341 26.5765 -68.7146 -18.8198 0.269777 1.2 1 0 0
1 31342 25.8554 -67.9936 -19.4682 0.915267 1.2 1 0 0
1 31343 25.2091 -68.4854 -20.8149 0.638559 1.2 1 0 0
1 31344 26.1862 -67.7205 -21.3908 0.708517 1.2 1 0 0
1 31345 24.9399 -67.1571 -19.388 0.320152 1.2 1 0 0
1 31346 24.3319 -66.3036 -19.916 0.830678 1.2 1 0 0
1 31347 23.9033 -66.0499 -20.9988 0.34621 1.2 1 0 0
1 31348 23.9738 -68.8945 -21.4119 0.306487 1.2 1 0 0
1 31349 23.7865 -68.4839 -21.1977 0.150634 1.2 1 0 0
1 31350 25.7121 -68.3109 -22.0883 0.284155 1.2 1 0 0
1 31351 30.6323 -61.3737 -16.7646 1.31077 1.2 1 0 0
1 31352 32.1658 -60.2844 -16.5199 0.586039 1.2 1 0 0
1 31353 29.538 -60.2876 -15.1262 0.194909 1.2 1 0 0
1 31354 28.7415 -60.834 -13.9237 -0.00687081 1.2 1 0 0
1 31356 29.0846 -60.8564 -16.001 0.490851 1.2 1 0 0
1 31357 31.354 -61.9133 -14.1825 0.995736 1.2 1 0 0
1 31358 30.4647 -60.458 -15.0141 0.646232 1.2 1 0 0
1 31359 30.9277 -58.5928 -16.4827 1.5 1.2 1 0 0
1 31360 29.395 -59.9239 -16.3013 0.536788 1.2 1 0 0
1 31361 27.758 -61.0276 -17.2064 0.88213 1.2 1 0 0
1 31362 27.4192 -62.9501 -16.3335 0.774005 1.2 1 0 0
1 31363 26.6507 -62.2419 -15.9594 0.263812 1.2 1 0 0
1 31364 27.0964 -63.2643 -15.0229 0.179636 1.2 1 0 0
1 31365 25.8595 -63.4218 -16.5025 0.514049 1.2 1 0 0
1 31366 26.7556 -61.2781 -15.0457 -0.00487001 1.2 1 0 0
1 31368 28.0796 -61.0339 -14.9875 -0.0132363 1.2 1 0 0
1 31370 26.4901 -62.2094 -18.3947 0.675173 1.2 1 0 0
1 31371 26.8643 -63.0256 -17.5472 0.559601 1.2 1 0 0
1 31372 25.8401 -61.5093 -17.1785 -0.00331027 1.2 1 0 0
1 31373 29.2639 -62.3488 -12.6909 -0.0049623 1.2 1 0 0
1 31374 28.4222 -65.8583 -13.0141 0.574481 1.2 1 0 0
1 31375 29.8986 -64.5944 -15.593 1.05839 1.2 1 0 0
1 31376 28.4794 -65.0128 -16.1307 0.385085 1.2 1 0 0
1 31377 29.0527 -66.0499 -14.682 0.57793 1.2 1 0 0
1 31378 28.8118 -65.613 -15.6961 0.383651 1.2 1 0 0
1 31379 30.4917 -63.1758 -18.0123 0.775444 1.2 1 0 0
1 31380 29.7816 -63.1297 -16.5723 0.643296 1.2 1 0 0
1 31381 30.9139 -63.1183 -15.7448 0.729524 1.2 1 0 0
1 31382 29.3179 -62.6534 -14.9588 0.961539 1.2 1 0 0
1 31383 28.7603 -62.0722 -17.9696 0.678916 1.2 1 0 0
1 31384 28.4881 -64.2564 -17.8573 1.5 1.2 1 0 0
1 31385 31.3963 -59.0142 -21.0052 1.35837 1.2 1 0 0
1 31386 31.5817 -60.6957 -20.3763 0.438854 1.2 1 0 0
1 31388 28.6001 -59.5109 -21.2116 0.995238 1.2 1 0 0
1 31391 31.3881 -59.3703 -23.1675 0.833081 1.2 1 0 0
1 31392 30.0454 -60.3181 -21.6383 0.622976 1.2 1 0 0
1 31393 28.404 -63.3616 -19.7164 0.522157 1.2 1 0 0
1 31394 28.9609 -62.5206 -20.2791 0.494903 1.2 1 0 0
1 31395 25.2787 -61.2862 -21.5731 0.677816 1.2 1 0 0
1 31396 25.3823 -61.4415 -20.1768 0.550345 1.2 1 0 0
1 31397 25.8825 -62.1745 -19.3519 0.44765 1.2 1 0 0
1 31398 27.0611 -62.3942 -20.8868 1.5 1.2 1 0 0
1 31399 27.5734 -60.6036 -19.3139 0.833363 1.2 1 0 0
1 31400 28.1745 -63.238 -22.4045 0.562816 1.2 1 0 0
1 31401 28.7122 -63.9975 -21.1753 0.818007 1.2 1 0 0
1 31402 28.0904 -64.6209 -22.4476 0.642622 1.2 1 0 0
1 31403 30.8259 -62.6577 -19.1795 0.46567 1.2 1 0 0
1 31404 29.8304 -63.47 -19.6961 0.908541 1.2 1 0 0
1 31405 29.537 -62.6375 -18.6953 0.385361 1.2 1 0 0
1 31406 29.8894 -60.9533 -19.466 1.5 1.2 1 0 0
1 31407 28.6324 -60.2056 -18.2613 0.384439 1.2 1 0 0
1 31408 30.6599 -62.7311 -20.3891 0.400791 1.2 1 0 0
1 31409 30.9932 -61.7921 -20.8693 0.472677 1.2 1 0 0
1 31410 29.8126 -61.8862 -23.6123 0.296899 1.2 1 0 0
1 31411 30.9194 -60.4659 -23.9777 0.330768 1.2 1 0 0
1 31412 27.8361 -61.7277 -22.8122 0.673038 1.2 1 0 0
1 31413 27.2876 -60.2813 -21.9018 0.656521 1.2 1 0 0
1 31415 28.9675 -60.0501 -23.3315 1.21501 1.2 1 0 0
1 31451 15.5818 -65.0191 -19.6622 -0.00302497 1.2 1 0 0
1 31452 17.4221 -64.7295 -18.5644 -0.00147282 1.2 1 0 0
1 31453 15.7234 -65.8453 -18.7199 -0.00106423 1.2 1 0 0
1 31454 17.4106 -66.1028 -19.0344 -0.00437755 1.2 1 0 0
1 31455 12.4177 -63.7826 -17.3478 -0.00832827 1.2 1 0 0
1 31457 14.1503 -62.5347 -19.2129 -0.006418 1.2 1 0 0
1 31458 14.7888 -64.0315 -17.0696 -0.00576642 1.2 1 0 0
1 31459 15.5463 -62.9937 -17.6679 -0.00945543 1.2 1 0 0
1 31460 15.9988 -62.9438 -18.4859 -0.00387733 1.2 1 0 0
1 31461 14.4684 -63.5636 -20.8187 -0.000226606 1.2 1 0 0
1 31462 14.7879 -62.8317 -19.8358 -0.0101881 1.2 1 0 0
1 31463 16.1817 -63.6128 -20.0842 -0.00880445 1.2 1 0 0
1 31464 15.404 -63.0092 -19.291 -0.00209641 1.2 1 0 0
1 31467 11.973 -60.7382 -19.3025 -0.0127489 1.2 1 0 0
1 31468 13.5416 -60.6738 -18.9189 -0.00566465 1.2 1 0 0
1 31473 14.1794 -62.8208 -15.8426 -0.00587845 1.2 1 0 0
1 31474 14.0162 -61.6613 -16.7025 -0.00365621 1.2 1 0 0
1 31475 16.3173 -62.1514 -16.6869 -0.00481395 1.2 1 0 0
1 31481 15.4318 -61.4097 -18.9047 -0.00335949 1.2 1 0 0
1 31482 16.6051 -61.7885 -21.3985 -0.0103489 1.2 1 0 0
1 31483 15.4688 -63.5861 -21.4663 -0.0132559 1.2 1 0 0
1 31484 14.8202 -62.4817 -22.2807 -0.00744731 1.2 1 0 0
1 31485 10.4145 -61.4151 -21.0281 -0.00679596 1.2 1 0 0
1 31486 12.3221 -63.0735 -20.3788 -0.0110519 1.2 1 0 0
1 31487 13.1948 -63.1594 -21.0707 -0.00180973 1.2 1 0 0
1 31488 13.4043 -61.897 -22.0686 -0.00136969 1.2 1 0 0
1 31492 14.454 -61.5511 -23.0224 -0.0019577 1.2 1 0 0
1 31494 20.436 -60.735 -17.4148 -0.00521695 1.2 1 0 0
1 31495 21.3134 -61.3488 -19.0771 -0.00582111 1.2 1 0 0
1 31496 21.757 -60.8483 -20.239 -0.00913781 1.2 1 0 0
1 31500 19.9121 -65.7992 -19.2943 -0.0125916 1.2 1 0 0
1 31501 20.4261 -63.2003 -19.6635 -0.000745898 1.2 1 0 0
1 31502 17.7156 -63.206 -19.5339 -0.00243811 1.2 1 0 0
1 31503 18.8231 -63.0095 -19.8165 -0.00152665 1.2 1 0 0
1 31504 17.505 -65.0908 -21.829 -0.00642744 1.2 1 0 0
1 31505 18.7064 -65.4393 -22.0091 -0.00494336 1.2 1 0 0
1 31508 19.6836 -62.0892 -18.9161 -0.000191353 1.2 1 0 0
1 31509 18.132 -63.4832 -18.0484 -0.000786248 1.2 1 0 0
1 31511 18.7463 -60.8849 -19.7572 -0.00565139 1.2 1 0 0
1 31513 17.9454 -60.679 -19.4198 -0.00205488 1.2 1 0 0
1 31515 19.9502 -61.5129 -22.5403 -0.00387168 1.2 1 0 0
1 31517 16.3571 -61.3241 -23.5876 -0.00494899 1.2 1 0 0
1 31519 18.941 -62.1958 -21.0968 -0.00557355 1.2 1 0 0
1 31582 22.8533 -61.1998 -13.0608 -0.00579476 1.2 1 0 0
1 31594 25.5024 -61.4286 -14.4963 -0.00238019 1.2 1 0 0
1 31595 25.3647 -61.1941 -16.1735 -0.00362576 1.2 1 0 0
1 31596 24.1551 -61.5752 -16.4991 -0.0123693 1.2 1 0 0
1 31597 23.7074 -62.1658 -16.6584 -0.00945264 1.2 1 0 0
1 31598 22.719 -61.7864 -17.0458 -0.00390103 1.2 1 0 0
1 31599 23.5281 -60.7535 -15.8477 -0.00612703 1.2 1 0 0
1 31600 22.9015 -62.1477 -14.3499 -9.0098e-05 1.2 1 0 0
1 31601 23.3849 -62.2678 -15.1529 -0.00304455 1.2 1 0 0
1 31602 23.986 -62.7997 -15.3764 -0.00666554 1.2 1 0 0
1 31603 23.6524 -62.4165 -16.1119 -0.00401649 1.2 1 0 0
1 31606 23.3795 -60.9816 -17.9843 -0.0107689 1.2 1 0 0
1 31608 21.6962 -62.8952 -15.9718 -0.0224973 1.2 1 0 0
1 31609 21.5763 -62.4728 -14.5345 -0.000711059 1.2 1 0 0
1 31610 21.2332 -63.0756 -15.9127 -0.00499586 1.2 1 0 0
1 31611 18.4327 -60.6328 -15.4043 -0.015844 1.2 1 0 0
1 31612 20.0841 -61.0053 -14.9113 -0.00559928 1.2 1 0 0
1 31613 17.9861 -64.8711 -14.2458 -0.00495362 1.2 1 0 0
1 31614 19.2939 -65.9003 -14.9721 -0.00956189 1.2 1 0 0
1 31615 15.7293 -65.2081 -16.588 -0.00971687 1.2 1 0 0
1 31616 17.1615 -64.5625 -16.0783 -0.0019989 1.2 1 0 0
1 31619 20.641 -63.5653 -13.0223 -0.00731359 1.2 1 0 0
1 31620 20.0215 -62.7651 -10.1931 -0.00698276 1.2 1 0 0
1 31621 19.2822 -61.726 -12.6025 -0.00770459 1.2 1 0 0
1 31622 17.9822 -60.7348 -14.961 -0.00748248 1.2 1 0 0
1 31625 18.5331 -61.8122 -16.6369 -0.0128888 1.2 1 0 0
1 31626 18.5162 -62.7503 -16.3073 -0.019182 1.2 1 0 0
1 31627 18.2936 -64.4932 -16.4109 -0.0026174 1.2 1 0 0
1 31628 20.0236 -63.8235 -15.6457 -0.00364056 1.2 1 0 0
1 31629 27.9619 -62.2573 -11.3961 -0.00961719 1.2 1 0 0
1 31630 29.2201 -64.2964 -11.6898 0.292381 1.2 1 0 0
1 31631 26.8824 -63.0051 -11.4335 -0.00474762 1.2 1 0 0
1 31632 26.0776 -62.6484 -10.6907 -0.000453742 1.2 1 0 0
1 31633 26.3912 -64.7649 -11.159 -0.00741459 1.2 1 0 0
1 31634 27.6481 -64.8007 -9.35728 -0.000884822 1.2 1 0 0
1 31636 27.9772 -66.0335 -11.5304 -0.00820225 1.2 1 0 0
1 31637 27.2085 -65.723 -10.896 -0.00488313 1.2 1 0 0
1 31639 24.7712 -60.6687 -10.4945 -0.00669736 1.2 1 0 0
1 31640 24.8709 -61.7469 -11.56 -0.00163345 1.2 1 0 0
1 31641 23.4079 -61.6844 -9.73564 -0.0123987 1.2 1 0 0
1 31642 22.0194 -63.2841 -9.16963 -0.0122624 1.2 1 0 0
1 31643 20.4847 -63.0845 -9.11502 -0.00865719 1.2 1 0 0
1 31644 20.7747 -63.5254 -10.2002 -0.00540495 1.2 1 0 0
1 31645 21.0434 -62.7607 -10.1419 -0.010323 1.2 1 0 0
1 31646 23.3857 -63.4025 -6.8662 -0.0121642 1.2 1 0 0
1 31647 22.8107 -62.4517 -8.32718 -0.0146676 1.2 1 0 0
1 31648 22.5 -61.7612 -10.8291 -0.0111228 1.2 1 0 0
1 31649 23.4903 -62.8633 -10.7724 -0.00308766 1.2 1 0 0
1 31650 22.9824 -63.4689 -11.3113 -0.00277094 1.2 1 0 0
1 31651 25.6991 -64.968 -8.14308 -0.0017513 1.2 1 0 0
1 31652 25.6831 -65.461 -8.70183 -0.00444439 1.2 1 0 0
1 31653 23.8084 -64.7454 -10.344 -0.00186659 1.2 1 0 0
1 31654 23.256 -64.8101 -11.2282 -0.00169847 1.2 1 0 0
1 31655 24.0261 -63.4526 -11.3536 -0.00692766 1.2 1 0 0
1 31656 24.6919 -63.0826 -14.6903 -0.00618974 1.2 1 0 0
1 31657 25.7674 -63.5186 -14.589 -0.00708786 1.2 1 0 0
1 31658 25.7702 -62.5128 -14.6607 -0.00111725 1.2 1 0 0
1 31659 26.1743 -64.1821 -12.9444 -0.00286929 1.2 1 0 0
1 31660 23.6138 -65.1303 -12.9397 -0.00587425 1.2 1 0 0
1 31661 23.594 -62.8347 -13.3969 -0.0039707 1.2 1 0 0
1 31662 28.0344 -61.9952 -13.0745 -0.00128518 1.2 1 0 0
1 31663 25.6345 -60.9263 -12.1894 -0.00982783 1.2 1 0 0
1 31664 25.7452 -65.5928 -13.3643 -0.00599965 1.2 1 0 0
1 31665 25.5447 -65.1257 -14.5245 0.0405181 1.2 1 0 0
1 31666 25.7717 -64.9573 -14.0499 -0.000318578 1.2 1 0 0
1 31667 25.2523 -66.3732 -14.424 0.27844 1.2 1 0 0
1 31668 25.5243 -67.3198 -15.2873 0.643054 1.2 1 0 0
1 31669 24.4609 -66.7978 -15.8286 0.28101 1.2 1 0 0
1 31670 25.3224 -65.2668 -16.1506 0.677408 1.2 1 0 0
1 31671 22.8212 -68.621 -17.6589 0.476203 1.2 1 0 0
1 31672 23.1687 -67.259 -17.2939 0.104408 1.2 1 0 0
1 31673 23.858 -67.8559 -15.6672 0.168109 1.2 1 0 0
1 31674 24.6971 -68.1042 -15.9157 0.571364 1.2 1 0 0
1 31675 23.9505 -65.8545 -16.1293 -0.00143753 1.2 1 0 0
1 31676 24.1809 -64.9102 -17.8501 0.337942 1.2 1 0 0
1 31677 23.4333 -63.4567 -16.7529 -0.00661594 1.2 1 0 0
1 31678 21.956 -66.5606 -16.9588 -0.00860832 1.2 1 0 0
1 31679 20.7018 -68.3217 -16.7951 -0.00863555 1.2 1 0 0
1 31680 19.8739 -67.5328 -16.0685 -0.00671468 1.2 1 0 0
1 31681 19.3391 -67.0183 -16.5605 -0.0118874 1.2 1 0 0
1 31682 19.7486 -64.7678 -18.0969 -0.00980993 1.2 1 0 0
1 31683 18.5325 -65.339 -18.3748 -0.00222732 1.2 1 0 0
1 31684 19.7926 -65.6726 -18.2239 -0.000795659 1.2 1 0 0
1 31685 21.4056 -65.8156 -14.5785 -0.00411576 1.2 1 0 0
1 31686 21.6996 -65.623 -15.326 -0.000827026 1.2 1 0 0
1 31687 23.0575 -66.8352 -18.3603 0.299466 1.2 1 0 0
1 31688 22.3877 -67.1193 -19.4463 0.343261 1.2 1 0 0
1 31689 20.7875 -65.8303 -19.8034 -0.0142671 1.2 1 0 0
1 31690 20.7209 -66.6449 -19.9545 -0.00251654 1.2 1 0 0
1 31691 21.3425 -65.6998 -18.601 -0.00320197 1.2 1 0 0
1 31692 22.6166 -63.6847 -18.5302 -0.0135271 1.2 1 0 0
1 31693 20.7794 -64.7932 -19.3654 -0.000935625 1.2 1 0 0
1 31694 22.5213 -65.4302 -18.2465 -0.0032306 1.2 1 0 0
1 31695 21.8485 -68.2675 -18.8525 0.225375 1.2 1 0 0
1 31696 20.3353 -68.3677 -20.2574 -0.0123336 1.2 1 0 0
1 31697 20.0931 -68.7777 -19.8549 -0.0033185 1.2 1 0 0
1 31698 29.8027 -60.9425 -26.4713 -0.00679861 1.2 1 0 0
1 31702 28.2707 -61.5318 -25.6148 -0.00130213 1.2 1 0 0
1 31704 29.3174 -62.8972 -25.9312 -0.00496569 1.2 1 0 0
1 31706 29.4792 -60.9295 -28.0401 -0.0197222 1.2 1 0 0
1 31707 27.5797 -64.7718 -25.8718 -0.0149542 1.2 1 0 0
1 31708 25.8748 -65.9954 -26.5532 -0.00130234 1.2 1 0 0
1 31710 26.9212 -65.0384 -23.9252 -0.0106388 1.2 1 0 0
1 31711 24.9043 -63.4599 -25.7598 -3.46238e-05 1.2 1 0 0
1 31712 23.9946 -62.1988 -26.9313 -0.000698032 1.2 1 0 0
1 31714 24.7474 -62.4331 -27.6643 -0.00583915 1.2 1 0 0
1 31715 27.6158 -62.7968 -23.6339 0.272544 1.2 1 0 0
1 31716 28.2218 -64.6231 -24.2558 -0.000443935 1.2 1 0 0
1 31719 26.3467 -60.9127 -23.3272 1.07398 1.2 1 0 0
1 31720 27.5604 -60.4425 -24.8509 0.110282 1.2 1 0 0
1 31722 28.3249 -63.6265 -26.7492 -0.00301962 1.2 1 0 0
1 31723 27.9648 -61.8214 -27.6477 -0.00441482 1.2 1 0 0
1 31724 27.481 -63.5256 -28.2091 -0.0206265 1.2 1 0 0
1 31726 26.2091 -63.6462 -29.2696 -0.0234737 1.2 1 0 0
1 31731 24.4623 -60.469 -21.6949 0.448178 1.2 1 0 0
1 31739 20.6554 -60.7254 -25.8967 -0.00506661 1.2 1 0 0
1 31740 20.2376 -63.7581 -27.9131 -0.00225028 1.2 1 0 0
1 31741 18.03 -62.2993 -27.898 -0.00668468 1.2 1 0 0
1 31742 19.6176 -62.8384 -29.7343 -0.00540957 1.2 1 0 0
1 31743 25.0038 -63.007 -22.6876 0.771276 1.2 1 0 0
1 31744 24.0805 -63.5301 -23.9573 -0.00522704 1.2 1 0 0
1 31745 23.2652 -62.5068 -22.1435 0.14381 1.2 1 0 0
1 31747 21.3981 -63.504 -23.7999 -0.00515302 1.2 1 0 0
1 31749 22.4404 -62.1623 -21.5318 -0.000496256 1.2 1 0 0
1 31750 20.8604 -61.7614 -22.4293 -0.00832174 1.2 1 0 0
1 31751 21.1734 -62.5343 -21.1978 -0.000824653 1.2 1 0 0
1 31752 24.4789 -61.7092 -23.2262 -0.0105411 1.2 1 0 0
1 31753 21.7212 -60.795 -23.4978 -0.0129518 1.2 1 0 0
1 31754 22.8357 -62.3306 -21.8984 0.0554824 1.2 1 0 0
1 31756 24.4039 -61.0249 -25.6871 -0.0055335 1.2 1 0 0
1 31757 23.5578 -61.6482 -26.3009 -0.00593169 1.2 1 0 0
1 31758 21.5921 -61.9783 -24.7277 -0.0054904 1.2 1 0 0
1 31759 21.5664 -62.547 -25.9627 -0.0071534 1.2 1 0 0
1 31760 21.8384 -64.6255 -25.9678 -0.00981236 1.2 1 0 0
1 31761 22.9014 -63.0387 -25.1041 -0.000786453 1.2 1 0 0
1 31763 22.6092 -61.9578 -25.7002 -0.00265132 1.2 1 0 0
1 31764 23.0248 -63.4776 -28.3475 -0.0125054 1.2 1 0 0
1 31765 24.0549 -68.9602 -22.0684 0.150231 1.2 1 0 0
1 31766 24.2604 -67.2922 -21.9777 1.00888 1.2 1 0 0
1 31767 25.6476 -68.0037 -22.484 0.00458262 1.2 1 0 0
1 31768 23.8216 -65.6655 -22.7305 0.0588451 1.2 1 0 0
1 31769 23.7671 -66.2148 -23.8103 -0.0200257 1.2 1 0 0
1 31770 24.5883 -67.6786 -24.5659 -0.0101217 1.2 1 0 0
1 31771 25.4185 -64.9778 -23.6543 -0.00126609 1.2 1 0 0
1 31772 23.4922 -64.1491 -22.3138 0.0891119 1.2 1 0 0
1 31773 21.5319 -65.1765 -22.0003 -0.00606224 1.2 1 0 0
1 31774 20.097 -67.397 -20.6462 -0.00521176 1.2 1 0 0
1 31775 20.4462 -68.0426 -23.084 -0.00506659 1.2 1 0 0
1 31777 22.0653 -63.622 -20.5115 -0.00987374 1.2 1 0 0
1 31778 20.4759 -66.578 -22.3745 -0.00746979 1.2 1 0 0
1 31779 20.7357 -65.116 -23.3019 -0.00223495 1.2 1 0 0
1 31780 21.541 -66.754 -26.2578 -0.00453168 1.2 1 0 0
1 31781 20.5154 -65.9211 -25.6935 -0.00240654 1.2 1 0 0
1 31782 22.4776 -68.6672 -23.5814 -0.00546438 1.2 1 0 0
1 31784 23.0286 -68.1748 -24.7201 -0.00767012 1.2 1 0 0
1 31785 24.1492 -66.2324 -27.0033 -0.00510298 1.2 1 0 0
1 31786 21.3269 -65.8515 -27.1122 -0.00833589 1.2 1 0 0
1 31788 27.838 -60.7177 -29.9748 -0.00720062 1.2 1 0 0
1 31789 24.5572 -61.5592 -27.5878 -0.0182502 1.2 1 0 0
1 31817 23.9662 -60.7675 -32.8031 -0.00491089 1.2 1 0 0
1 32032 20.6704 -60.1643 -33.4832 0.735145 1.2 1 0 0
1 32048 30.7047 -60.1296 -8.26283 0.382659 1.2 1 0 0
1 32049 31.0309 -60.349 -8.93595 0.390691 1.2 1 0 0
1 32058 19.4665 -62.934 -26.6496 -0.00446823 1.2 1 0 0
1 32059 18.5572 -62.8065 -25.8898 -0.0126627 1.2 1 0 0
1 32060 22.5584 -61.1558 -29.2759 -0.00155937 1.2 1 0 0
1 32061 23.7141 -60.8298 -28.7651 -0.0117648 1.2 1 0 0
