# SphereID Center[X Y Z] Radius Density Region Score Weight
LeafCount 32062
NodeCount 32062
1 20267 23.4633 -68.0383 -19.8482 1.01459 1.2 1 0 0
1 20269 27.2224 -65.5703 -15.0058 1.20031 1.2 1 0 0
1 20296 21.8776 -68.2044 -15.8954 -0.0086924 1.2 1 0 0
1 20305 22.9948 -68.5461 -22.6293 -0.00377632 1.2 1 0 0
1 20309 22.2015 -68.5801 -21.2521 0.280557 1.2 1 0 0
1 31319 26.5848 -65.8111 -20.3354 1.5 1.2 1 0 0
1 31334 28.3678 -66.5452 -16.5928 0.983892 1.2 1 0 0
1 31336 24.8812 -66.9222 -17.6262 1.39437 1.2 1 0 0
1 31337 25.5376 -68.3379 -16.6903 0.34393 1.2 1 0 0
1 31338 26.6806 -67.3925 -15.1358 0.518196 1.2 1 0 0
1 31339 26.5004 -67.6323 -16.39 0.72392 1.2 1 0 0
1 31340 26.6493 -68.1231 -17.9914 0.74957 1.2 1 0 0
1 31341 26.5765 -68.7146 -18.8198 0.269777 1.2 1 0 0
1 31342 25.8554 -67.9936 -19.4682 0.915267 1.2 1 0 0
1 31343 25.2091 -68.4854 -20.8149 0.638559 1.2 1 0 0
1 31344 26.1862 -67.7205 -21.3908 0.708517 1.2 1 0 0
1 31346 24.3319 -66.3036 -19.916 0.830678 1.2 1 0 0
1 31348 23.9738 -68.8945 -21.4119 0.306487 1.2 1 0 0
1 31349 23.7865 -68.4839 -21.1977 0.150634 1.2 1 0 0
1 31350 25.7121 -68.3109 -22.0883 0.284155 1.2 1 0 0
1 31668 25.5243 -67.3198 -15.2873 0.643054 1.2 1 0 0
1 31671 22.8212 -68.621 -17.6589 0.476203 1.2 1 0 0
1 31673 23.858 -67.8559 -15.6672 0.168109 1.2 1 0 0
1 31674 24.6971 -68.1042 -15.9157 0.571364 1.2 1 0 0
1 31679 20.7018 -68.3217 -16.7951 -0.00863555 1.2 1 0 0
1 31688 22.3877 -67.1193 -19.4463 0.343261 1.2 1 0 0
1 31695 21.8485 -68.2675 -18.8525 0.225375 1.2 1 0 0
1 31696 20.3353 -68.3677 -20.2574 -0.0123336 1.2 1 0 0
1 31697 20.0931 -68.7777 -19.8549 -0.0033185 1.2 1 0 0
1 31765 24.0549 -68.9602 -22.0684 0.150231 1.2 1 0 0
1 31766 24.2604 -67.2922 -21.9777 1.00888 1.2 1 0 0
1 31767 25.6476 -68.0037 -22.484 0.00458262 1.2 1 0 0
1 31775 20.4462 -68.0426 -23.084 -0.00506659 1.2 1 0 0
1 31782 22.4776 -68.6672 -23.5814 -0.00546438 1.2 1 0 0
1 31784 23.0286 -68.1748 -24.7201 -0.00767012 1.2 1 0 0
