# SphereID Center[X Y Z] Radius Density Region Score Weight
LeafCount 32062
NodeCount 32062
1 13887 21.7134 -63.5282 14.3288 1.40091 1.2 1 0 0
1 20266 28.4043 -65.4434 -21.3352 0.592611 1.2 1 0 0
1 20267 23.4633 -68.0383 -19.8482 1.01459 1.2 1 0 0
1 20268 29.7727 -64.5072 -13.4512 1.05192 1.2 1 0 0
1 20269 27.2224 -65.5703 -15.0058 1.20031 1.2 1 0 0
1 20293 19.066 -66.4423 -17.1855 -0.00175566 1.2 1 0 0
1 20295 21.7226 -67.4098 -15.2537 -0.00759758 1.2 1 0 0
1 20296 21.8776 -68.2044 -15.8954 -0.0086924 1.2 1 0 0
1 20304 25.2303 -65.7138 -22.5934 0.431508 1.2 1 0 0
1 20305 22.9948 -68.5461 -22.6293 -0.00377632 1.2 1 0 0
1 20306 22.716 -66.5836 -22.0269 0.0791757 1.2 1 0 0
1 20307 22.923 -65.8384 -20.3754 0.635086 1.2 1 0 0
1 20309 22.2015 -68.5801 -21.2521 0.280557 1.2 1 0 0
1 31319 26.5848 -65.8111 -20.3354 1.5 1.2 1 0 0
1 31320 28.8365 -65.2951 -19.9802 0.837289 1.2 1 0 0
1 31322 29.0438 -66.0499 -18.791 0.586475 1.2 1 0 0
1 31324 26.3993 -66.1638 -22.4958 0.606863 1.2 1 0 0
1 31326 24.9598 -65.3038 -19.0836 0.612971 1.2 1 0 0
1 31327 23.5491 -65.8458 -18.9592 0.484766 1.2 1 0 0
1 31332 24.5014 -64.8703 -21.5615 1.08208 1.2 1 0 0
1 31334 28.3678 -66.5452 -16.5928 0.983892 1.2 1 0 0
1 31335 26.2497 -64.8426 -17.3426 0.848328 1.2 1 0 0
1 31336 24.8812 -66.9222 -17.6262 1.39437 1.2 1 0 0
1 31337 25.5376 -68.3379 -16.6903 0.34393 1.2 1 0 0
1 31338 26.6806 -67.3925 -15.1358 0.518196 1.2 1 0 0
1 31339 26.5004 -67.6323 -16.39 0.72392 1.2 1 0 0
1 31340 26.6493 -68.1231 -17.9914 0.74957 1.2 1 0 0
1 31341 26.5765 -68.7146 -18.8198 0.269777 1.2 1 0 0
1 31342 25.8554 -67.9936 -19.4682 0.915267 1.2 1 0 0
1 31343 25.2091 -68.4854 -20.8149 0.638559 1.2 1 0 0
1 31344 26.1862 -67.7205 -21.3908 0.708517 1.2 1 0 0
1 31345 24.9399 -67.1571 -19.388 0.320152 1.2 1 0 0
1 31346 24.3319 -66.3036 -19.916 0.830678 1.2 1 0 0
1 31347 23.9033 -66.0499 -20.9988 0.34621 1.2 1 0 0
1 31348 23.9738 -68.8945 -21.4119 0.306487 1.2 1 0 0
1 31349 23.7865 -68.4839 -21.1977 0.150634 1.2 1 0 0
1 31350 25.7121 -68.3109 -22.0883 0.284155 1.2 1 0 0
1 31374 28.4222 -65.8583 -13.0141 0.574481 1.2 1 0 0
1 31375 29.8986 -64.5944 -15.593 1.05839 1.2 1 0 0
1 31377 29.0527 -66.0499 -14.682 0.57793 1.2 1 0 0
1 31378 28.8118 -65.613 -15.6961 0.383651 1.2 1 0 0
1 31384 28.4881 -64.2564 -17.8573 1.5 1.2 1 0 0
1 31454 17.4106 -66.1028 -19.0344 -0.00437755 1.2 1 0 0
1 31636 27.9772 -66.0335 -11.5304 -0.00820225 1.2 1 0 0
1 31667 25.2523 -66.3732 -14.424 0.27844 1.2 1 0 0
1 31668 25.5243 -67.3198 -15.2873 0.643054 1.2 1 0 0
1 31669 24.4609 -66.7978 -15.8286 0.28101 1.2 1 0 0
1 31670 25.3224 -65.2668 -16.1506 0.677408 1.2 1 0 0
1 31671 22.8212 -68.621 -17.6589 0.476203 1.2 1 0 0
1 31672 23.1687 -67.259 -17.2939 0.104408 1.2 1 0 0
1 31673 23.858 -67.8559 -15.6672 0.168109 1.2 1 0 0
1 31674 24.6971 -68.1042 -15.9157 0.571364 1.2 1 0 0
1 31678 21.956 -66.5606 -16.9588 -0.00860832 1.2 1 0 0
1 31679 20.7018 -68.3217 -16.7951 -0.00863555 1.2 1 0 0
1 31680 19.8739 -67.5328 -16.0685 -0.00671468 1.2 1 0 0
1 31681 19.3391 -67.0183 -16.5605 -0.0118874 1.2 1 0 0
1 31687 23.0575 -66.8352 -18.3603 0.299466 1.2 1 0 0
1 31688 22.3877 -67.1193 -19.4463 0.343261 1.2 1 0 0
1 31690 20.7209 -66.6449 -19.9545 -0.00251654 1.2 1 0 0
1 31695 21.8485 -68.2675 -18.8525 0.225375 1.2 1 0 0
1 31696 20.3353 -68.3677 -20.2574 -0.0123336 1.2 1 0 0
1 31697 20.0931 -68.7777 -19.8549 -0.0033185 1.2 1 0 0
1 31765 24.0549 -68.9602 -22.0684 0.150231 1.2 1 0 0
1 31766 24.2604 -67.2922 -21.9777 1.00888 1.2 1 0 0
1 31767 25.6476 -68.0037 -22.484 0.00458262 1.2 1 0 0
1 31769 23.7671 -66.2148 -23.8103 -0.0200257 1.2 1 0 0
1 31770 24.5883 -67.6786 -24.5659 -0.0101217 1.2 1 0 0
1 31774 20.097 -67.397 -20.6462 -0.00521176 1.2 1 0 0
1 31775 20.4462 -68.0426 -23.084 -0.00506659 1.2 1 0 0
1 31778 20.4759 -66.578 -22.3745 -0.00746979 1.2 1 0 0
1 31780 21.541 -66.754 -26.2578 -0.00453168 1.2 1 0 0
1 31782 22.4776 -68.6672 -23.5814 -0.00546438 1.2 1 0 0
1 31784 23.0286 -68.1748 -24.7201 -0.00767012 1.2 1 0 0
1 31785 24.1492 -66.2324 -27.0033 -0.00510298 1.2 1 0 0
