# SphereID Center[X Y Z] Radius Density Region Score Weight
LeafCount 32062
NodeCount 32062
1 20033 17.4192 -60.0837 -31.6722 1.43754 1.2 1 0 0
1 20266 28.4043 -65.4434 -21.3352 0.592611 1.2 1 0 0
1 20267 23.4633 -68.0383 -19.8482 1.01459 1.2 1 0 0
1 20268 29.7727 -64.5072 -13.4512 1.05192 1.2 1 0 0
1 20269 27.2224 -65.5703 -15.0058 1.20031 1.2 1 0 0
1 20270 28.7387 -62.3975 -16.7691 0.565106 1.2 1 0 0
1 20272 29.6446 -62.2724 -21.8875 1.26829 1.2 1 0 0
1 20276 17.0675 -62.7794 -17.2718 -0.00112206 1.2 1 0 0
1 20279 17.9253 -64.2409 -21.3795 -0.00688171 1.2 1 0 0
1 20281 18.4449 -63.0289 -23.9782 -0.0121146 1.2 1 0 0
1 20284 20.037 -62.4671 -13.917 -0.000205074 1.2 1 0 0
1 20287 17.6767 -63.6898 -13.8614 -0.00104889 1.2 1 0 0
1 20290 18.6118 -63.5836 -17.142 -0.000128172 1.2 1 0 0
1 20293 19.066 -66.4423 -17.1855 -0.00175566 1.2 1 0 0
1 20294 23.617 -64.3064 -15.3402 -0.00612521 1.2 1 0 0
1 20295 21.7226 -67.4098 -15.2537 -0.00759758 1.2 1 0 0
1 20296 21.8776 -68.2044 -15.8954 -0.0086924 1.2 1 0 0
1 20297 26.6233 -63.1 -25.1881 -0.004007 1.2 1 0 0
1 20298 25.8049 -64.6228 -28.1767 -0.00489739 1.2 1 0 0
1 20299 25.9012 -62.7423 -24.0351 0.304894 1.2 1 0 0
1 20300 25.8762 -63.0557 -28.3252 -0.0111859 1.2 1 0 0
1 20301 27.3979 -62.5503 -26.6905 -0.00418801 1.2 1 0 0
1 20304 25.2303 -65.7138 -22.5934 0.431508 1.2 1 0 0
1 20305 22.9948 -68.5461 -22.6293 -0.00377632 1.2 1 0 0
1 20306 22.716 -66.5836 -22.0269 0.0791757 1.2 1 0 0
1 20307 22.923 -65.8384 -20.3754 0.635086 1.2 1 0 0
1 20308 23.2754 -65.4689 -21.9365 0.196711 1.2 1 0 0
1 20309 22.2015 -68.5801 -21.2521 0.280557 1.2 1 0 0
1 20310 23.544 -64.4009 -24.9382 -0.00677927 1.2 1 0 0
1 20313 25.192 -62.5914 -30.7141 -0.0041039 1.2 1 0 0
1 29887 18.0853 -62.4465 -29.2345 -0.00285682 1.2 1 0 0
1 30437 17.1503 -62.9584 -11.5604 -0.0102763 1.2 1 0 0
1 31007 31.6904 -60.4764 -10.5505 1.25961 1.2 1 0 0
1 31016 30.5957 -62.8674 -11.3371 0.981309 1.2 1 0 0
1 31017 29.9886 -64.2825 -11.0335 0.47612 1.2 1 0 0
1 31018 30.9961 -62.8593 -12.944 0.584655 1.2 1 0 0
1 31318 27.6019 -65.2465 -21.7117 0.302177 1.2 1 0 0
1 31319 26.5848 -65.8111 -20.3354 1.5 1.2 1 0 0
1 31320 28.8365 -65.2951 -19.9802 0.837289 1.2 1 0 0
1 31321 27.9067 -65.0627 -19.364 0.302181 1.2 1 0 0
1 31322 29.0438 -66.0499 -18.791 0.586475 1.2 1 0 0
1 31323 26.4173 -64.2747 -22.5687 0.818351 1.2 1 0 0
1 31324 26.3993 -66.1638 -22.4958 0.606863 1.2 1 0 0
1 31325 25.6897 -63.7067 -19.0098 1.12767 1.2 1 0 0
1 31326 24.9598 -65.3038 -19.0836 0.612971 1.2 1 0 0
1 31327 23.5491 -65.8458 -18.9592 0.484766 1.2 1 0 0
1 31329 22.4543 -63.5017 -20.0114 -0.00318224 1.2 1 0 0
1 31330 24.393 -63.3802 -18.5598 0.151459 1.2 1 0 0
1 31331 23.481 -64.3084 -19.3851 0.161564 1.2 1 0 0
1 31332 24.5014 -64.8703 -21.5615 1.08208 1.2 1 0 0
1 31333 24.3615 -62.8325 -20.5781 0.827708 1.2 1 0 0
1 31334 28.3678 -66.5452 -16.5928 0.983892 1.2 1 0 0
1 31335 26.2497 -64.8426 -17.3426 0.848328 1.2 1 0 0
1 31336 24.8812 -66.9222 -17.6262 1.39437 1.2 1 0 0
1 31337 25.5376 -68.3379 -16.6903 0.34393 1.2 1 0 0
1 31338 26.6806 -67.3925 -15.1358 0.518196 1.2 1 0 0
1 31339 26.5004 -67.6323 -16.39 0.72392 1.2 1 0 0
1 31340 26.6493 -68.1231 -17.9914 0.74957 1.2 1 0 0
1 31341 26.5765 -68.7146 -18.8198 0.269777 1.2 1 0 0
1 31342 25.8554 -67.9936 -19.4682 0.915267 1.2 1 0 0
1 31343 25.2091 -68.4854 -20.8149 0.638559 1.2 1 0 0
1 31344 26.1862 -67.7205 -21.3908 0.708517 1.2 1 0 0
1 31345 24.9399 -67.1571 -19.388 0.320152 1.2 1 0 0
1 31346 24.3319 -66.3036 -19.916 0.830678 1.2 1 0 0
1 31347 23.9033 -66.0499 -20.9988 0.34621 1.2 1 0 0
1 31348 23.9738 -68.8945 -21.4119 0.306487 1.2 1 0 0
1 31349 23.7865 -68.4839 -21.1977 0.150634 1.2 1 0 0
1 31350 25.7121 -68.3109 -22.0883 0.284155 1.2 1 0 0
1 31351 30.6323 -61.3737 -16.7646 1.31077 1.2 1 0 0
1 31357 31.354 -61.9133 -14.1825 0.995736 1.2 1 0 0
1 31361 27.758 -61.0276 -17.2064 0.88213 1.2 1 0 0
1 31362 27.4192 -62.9501 -16.3335 0.774005 1.2 1 0 0
1 31363 26.6507 -62.2419 -15.9594 0.263812 1.2 1 0 0
1 31364 27.0964 -63.2643 -15.0229 0.179636 1.2 1 0 0
1 31365 25.8595 -63.4218 -16.5025 0.514049 1.2 1 0 0
1 31370 26.4901 -62.2094 -18.3947 0.675173 1.2 1 0 0
1 31371 26.8643 -63.0256 -17.5472 0.559601 1.2 1 0 0
1 31374 28.4222 -65.8583 -13.0141 0.574481 1.2 1 0 0
1 31375 29.8986 -64.5944 -15.593 1.05839 1.2 1 0 0
1 31376 28.4794 -65.0128 -16.1307 0.385085 1.2 1 0 0
1 31377 29.0527 -66.0499 -14.682 0.57793 1.2 1 0 0
1 31378 28.8118 -65.613 -15.6961 0.383651 1.2 1 0 0
1 31379 30.4917 -63.1758 -18.0123 0.775444 1.2 1 0 0
1 31380 29.7816 -63.1297 -16.5723 0.643296 1.2 1 0 0
1 31381 30.9139 -63.1183 -15.7448 0.729524 1.2 1 0 0
1 31382 29.3179 -62.6534 -14.9588 0.961539 1.2 1 0 0
1 31383 28.7603 -62.0722 -17.9696 0.678916 1.2 1 0 0
1 31384 28.4881 -64.2564 -17.8573 1.5 1.2 1 0 0
1 31393 28.404 -63.3616 -19.7164 0.522157 1.2 1 0 0
1 31394 28.9609 -62.5206 -20.2791 0.494903 1.2 1 0 0
1 31395 25.2787 -61.2862 -21.5731 0.677816 1.2 1 0 0
1 31396 25.3823 -61.4415 -20.1768 0.550345 1.2 1 0 0
1 31397 25.8825 -62.1745 -19.3519 0.44765 1.2 1 0 0
1 31398 27.0611 -62.3942 -20.8868 1.5 1.2 1 0 0
1 31400 28.1745 -63.238 -22.4045 0.562816 1.2 1 0 0
1 31401 28.7122 -63.9975 -21.1753 0.818007 1.2 1 0 0
1 31402 28.0904 -64.6209 -22.4476 0.642622 1.2 1 0 0
1 31403 30.8259 -62.6577 -19.1795 0.46567 1.2 1 0 0
1 31404 29.8304 -63.47 -19.6961 0.908541 1.2 1 0 0
1 31405 29.537 -62.6375 -18.6953 0.385361 1.2 1 0 0
1 31406 29.8894 -60.9533 -19.466 1.5 1.2 1 0 0
1 31408 30.6599 -62.7311 -20.3891 0.400791 1.2 1 0 0
1 31409 30.9932 -61.7921 -20.8693 0.472677 1.2 1 0 0
1 31410 29.8126 -61.8862 -23.6123 0.296899 1.2 1 0 0
1 31412 27.8361 -61.7277 -22.8122 0.673038 1.2 1 0 0
1 31415 28.9675 -60.0501 -23.3315 1.21501 1.2 1 0 0
1 31452 17.4221 -64.7295 -18.5644 -0.00147282 1.2 1 0 0
1 31454 17.4106 -66.1028 -19.0344 -0.00437755 1.2 1 0 0
1 31500 19.9121 -65.7992 -19.2943 -0.0125916 1.2 1 0 0
1 31501 20.4261 -63.2003 -19.6635 -0.000745898 1.2 1 0 0
1 31502 17.7156 -63.206 -19.5339 -0.00243811 1.2 1 0 0
1 31503 18.8231 -63.0095 -19.8165 -0.00152665 1.2 1 0 0
1 31504 17.505 -65.0908 -21.829 -0.00642744 1.2 1 0 0
1 31505 18.7064 -65.4393 -22.0091 -0.00494336 1.2 1 0 0
1 31509 18.132 -63.4832 -18.0484 -0.000786248 1.2 1 0 0
1 31602 23.986 -62.7997 -15.3764 -0.00666554 1.2 1 0 0
1 31603 23.6524 -62.4165 -16.1119 -0.00401649 1.2 1 0 0
1 31608 21.6962 -62.8952 -15.9718 -0.0224973 1.2 1 0 0
1 31609 21.5763 -62.4728 -14.5345 -0.000711059 1.2 1 0 0
1 31610 21.2332 -63.0756 -15.9127 -0.00499586 1.2 1 0 0
1 31613 17.9861 -64.8711 -14.2458 -0.00495362 1.2 1 0 0
1 31614 19.2939 -65.9003 -14.9721 -0.00956189 1.2 1 0 0
1 31616 17.1615 -64.5625 -16.0783 -0.0019989 1.2 1 0 0
1 31619 20.641 -63.5653 -13.0223 -0.00731359 1.2 1 0 0
1 31626 18.5162 -62.7503 -16.3073 -0.019182 1.2 1 0 0
1 31627 18.2936 -64.4932 -16.4109 -0.0026174 1.2 1 0 0
1 31628 20.0236 -63.8235 -15.6457 -0.00364056 1.2 1 0 0
1 31630 29.2201 -64.2964 -11.6898 0.292381 1.2 1 0 0
1 31636 27.9772 -66.0335 -11.5304 -0.00820225 1.2 1 0 0
1 31656 24.6919 -63.0826 -14.6903 -0.00618974 1.2 1 0 0
1 31657 25.7674 -63.5186 -14.589 -0.00708786 1.2 1 0 0
1 31658 25.7702 -62.5128 -14.6607 -0.00111725 1.2 1 0 0
1 31659 26.1743 -64.1821 -12.9444 -0.00286929 1.2 1 0 0
1 31660 23.6138 -65.1303 -12.9397 -0.00587425 1.2 1 0 0
1 31661 23.594 -62.8347 -13.3969 -0.0039707 1.2 1 0 0
1 31664 25.7452 -65.5928 -13.3643 -0.00599965 1.2 1 0 0
1 31665 25.5447 -65.1257 -14.5245 0.0405181 1.2 1 0 0
1 31666 25.7717 -64.9573 -14.0499 -0.000318578 1.2 1 0 0
1 31667 25.2523 -66.3732 -14.424 0.27844 1.2 1 0 0
1 31668 25.5243 -67.3198 -15.2873 0.643054 1.2 1 0 0
1 31669 24.4609 -66.7978 -15.8286 0.28101 1.2 1 0 0
1 31670 25.3224 -65.2668 -16.1506 0.677408 1.2 1 0 0
1 31671 22.8212 -68.621 -17.6589 0.476203 1.2 1 0 0
1 31672 23.1687 -67.259 -17.2939 0.104408 1.2 1 0 0
1 31673 23.858 -67.8559 -15.6672 0.168109 1.2 1 0 0
1 31674 24.6971 -68.1042 -15.9157 0.571364 1.2 1 0 0
1 31675 23.9505 -65.8545 -16.1293 -0.00143753 1.2 1 0 0
1 31676 24.1809 -64.9102 -17.8501 0.337942 1.2 1 0 0
1 31677 23.4333 -63.4567 -16.7529 -0.00661594 1.2 1 0 0
1 31678 21.956 -66.5606 -16.9588 -0.00860832 1.2 1 0 0
1 31679 20.7018 -68.3217 -16.7951 -0.00863555 1.2 1 0 0
1 31680 19.8739 -67.5328 -16.0685 -0.00671468 1.2 1 0 0
1 31681 19.3391 -67.0183 -16.5605 -0.0118874 1.2 1 0 0
1 31682 19.7486 -64.7678 -18.0969 -0.00980993 1.2 1 0 0
1 31683 18.5325 -65.339 -18.3748 -0.00222732 1.2 1 0 0
1 31684 19.7926 -65.6726 -18.2239 -0.000795659 1.2 1 0 0
1 31685 21.4056 -65.8156 -14.5785 -0.00411576 1.2 1 0 0
1 31686 21.6996 -65.623 -15.326 -0.000827026 1.2 1 0 0
1 31687 23.0575 -66.8352 -18.3603 0.299466 1.2 1 0 0
1 31688 22.3877 -67.1193 -19.4463 0.343261 1.2 1 0 0
1 31689 20.7875 -65.8303 -19.8034 -0.0142671 1.2 1 0 0
1 31690 20.7209 -66.6449 -19.9545 -0.00251654 1.2 1 0 0
1 31691 21.3425 -65.6998 -18.601 -0.00320197 1.2 1 0 0
1 31692 22.6166 -63.6847 -18.5302 -0.0135271 1.2 1 0 0
1 31693 20.7794 -64.7932 -19.3654 -0.000935625 1.2 1 0 0
1 31694 22.5213 -65.4302 -18.2465 -0.0032306 1.2 1 0 0
1 31695 21.8485 -68.2675 -18.8525 0.225375 1.2 1 0 0
1 31696 20.3353 -68.3677 -20.2574 -0.0123336 1.2 1 0 0
1 31697 20.0931 -68.7777 -19.8549 -0.0033185 1.2 1 0 0
1 31704 29.3174 -62.8972 -25.9312 -0.00496569 1.2 1 0 0
1 31707 27.5797 -64.7718 -25.8718 -0.0149542 1.2 1 0 0
1 31708 25.8748 -65.9954 -26.5532 -0.00130234 1.2 1 0 0
1 31710 26.9212 -65.0384 -23.9252 -0.0106388 1.2 1 0 0
1 31711 24.9043 -63.4599 -25.7598 -3.46238e-05 1.2 1 0 0
1 31714 24.7474 -62.4331 -27.6643 -0.00583915 1.2 1 0 0
1 31715 27.6158 -62.7968 -23.6339 0.272544 1.2 1 0 0
1 31716 28.2218 -64.6231 -24.2558 -0.000443935 1.2 1 0 0
1 31719 26.3467 -60.9127 -23.3272 1.07398 1.2 1 0 0
1 31722 28.3249 -63.6265 -26.7492 -0.00301962 1.2 1 0 0
1 31724 27.481 -63.5256 -28.2091 -0.0206265 1.2 1 0 0
1 31726 26.2091 -63.6462 -29.2696 -0.0234737 1.2 1 0 0
1 31740 20.2376 -63.7581 -27.9131 -0.00225028 1.2 1 0 0
1 31742 19.6176 -62.8384 -29.7343 -0.00540957 1.2 1 0 0
1 31743 25.0038 -63.007 -22.6876 0.771276 1.2 1 0 0
1 31744 24.0805 -63.5301 -23.9573 -0.00522704 1.2 1 0 0
1 31745 23.2652 -62.5068 -22.1435 0.14381 1.2 1 0 0
1 31747 21.3981 -63.504 -23.7999 -0.00515302 1.2 1 0 0
1 31751 21.1734 -62.5343 -21.1978 -0.000824653 1.2 1 0 0
1 31754 22.8357 -62.3306 -21.8984 0.0554824 1.2 1 0 0
1 31759 21.5664 -62.547 -25.9627 -0.0071534 1.2 1 0 0
1 31760 21.8384 -64.6255 -25.9678 -0.00981236 1.2 1 0 0
1 31761 22.9014 -63.0387 -25.1041 -0.000786453 1.2 1 0 0
1 31764 23.0248 -63.4776 -28.3475 -0.0125054 1.2 1 0 0
1 31765 24.0549 -68.9602 -22.0684 0.150231 1.2 1 0 0
1 31766 24.2604 -67.2922 -21.9777 1.00888 1.2 1 0 0
1 31767 25.6476 -68.0037 -22.484 0.00458262 1.2 1 0 0
1 31768 23.8216 -65.6655 -22.7305 0.0588451 1.2 1 0 0
1 31769 23.7671 -66.2148 -23.8103 -0.0200257 1.2 1 0 0
1 31770 24.5883 -67.6786 -24.5659 -0.0101217 1.2 1 0 0
1 31771 25.4185 -64.9778 -23.6543 -0.00126609 1.2 1 0 0
1 31772 23.4922 -64.1491 -22.3138 0.0891119 1.2 1 0 0
1 31773 21.5319 -65.1765 -22.0003 -0.00606224 1.2 1 0 0
1 31774 20.097 -67.397 -20.6462 -0.00521176 1.2 1 0 0
1 31775 20.4462 -68.0426 -23.084 -0.00506659 1.2 1 0 0
1 31777 22.0653 -63.622 -20.5115 -0.00987374 1.2 1 0 0
1 31778 20.4759 -66.578 -22.3745 -0.00746979 1.2 1 0 0
1 31779 20.7357 -65.116 -23.3019 -0.00223495 1.2 1 0 0
1 31780 21.541 -66.754 -26.2578 -0.00453168 1.2 1 0 0
1 31781 20.5154 -65.9211 -25.6935 -0.00240654 1.2 1 0 0
1 31782 22.4776 -68.6672 -23.5814 -0.00546438 1.2 1 0 0
1 31784 23.0286 -68.1748 -24.7201 -0.00767012 1.2 1 0 0
1 31785 24.1492 -66.2324 -27.0033 -0.00510298 1.2 1 0 0
1 31786 21.3269 -65.8515 -27.1122 -0.00833589 1.2 1 0 0
1 32058 19.4665 -62.934 -26.6496 -0.00446823 1.2 1 0 0
1 32059 18.5572 -62.8065 -25.8898 -0.0126627 1.2 1 0 0
