# SphereID Center[X Y Z] Radius Density Region Score Weight
LeafCount 32062
NodeCount 32062
1 19615 24.8966 -49.583 -36.2746 0.43584 1.2 1 0 0
1 19946 22.4257 -56.257 -34.4828 0.880601 1.2 1 0 0
1 20050 28.2383 -52.1191 -23.1873 0.697981 1.2 1 0 0
1 20051 26.3733 -50.2614 -22.8592 -0.00956098 1.2 1 0 0
1 20052 26.8817 -49.9186 -23.946 -0.00320929 1.2 1 0 0
1 20053 27.3047 -54.9432 -20.8771 0.0311952 1.2 1 0 0
1 20054 26.2721 -52.4874 -21.1717 -0.00333744 1.2 1 0 0
1 20055 25.338 -52.167 -22.4962 -0.00752197 1.2 1 0 0
1 20063 27.0268 -50.3796 -21.1363 -0.010324 1.2 1 0 0
1 20074 28.7496 -49.2966 -23.4414 0.255794 1.2 1 0 0
1 20082 34.6625 -53.1059 -20.95 1.04992 1.2 1 0 0
1 20083 34.9885 -52.5773 -22.5804 0.570943 1.2 1 0 0
1 20084 32.2992 -51.9837 -19.7676 0.647134 1.2 1 0 0
1 20085 33.284 -51.4971 -20.1551 0.506375 1.2 1 0 0
1 20086 32.7109 -52.657 -21.1936 0.967431 1.2 1 0 0
1 20087 32.9973 -54.6558 -17.676 1.04175 1.2 1 0 0
1 20088 33.1498 -54.1345 -18.9629 0.355022 1.2 1 0 0
1 20089 34.3385 -50.6976 -21.8099 1.5 1.2 1 0 0
1 20090 31.7674 -51.3078 -22.4079 1.07385 1.2 1 0 0
1 20091 33.3257 -52.7897 -23.3662 1.28041 1.2 1 0 0
1 20092 29.4599 -49.1751 -22.6679 0.391647 1.2 1 0 0
1 20093 27.5628 -51.498 -19.3674 -0.0194103 1.2 1 0 0
1 20094 28.6756 -50.0493 -18.4125 -0.00253843 1.2 1 0 0
1 20095 28.4134 -52.4742 -20.4154 -0.000747505 1.2 1 0 0
1 20097 29.9879 -52.3324 -22.9119 1.00964 1.2 1 0 0
1 20098 28.9291 -51.7153 -21.8193 0.450583 1.2 1 0 0
1 20099 36.0619 -50.2495 -19.4603 1.17214 1.2 1 0 0
1 20100 31.9968 -50.6921 -17.548 0.911231 1.2 1 0 0
1 20102 31.9689 -49.2019 -18.9114 0.430773 1.2 1 0 0
1 20104 34.4063 -48.6325 -16.4189 0.734512 1.2 1 0 0
1 20105 34.1655 -50.5562 -17.9213 0.54869 1.2 1 0 0
1 20106 32.1784 -50.1851 -20.2467 1.21182 1.2 1 0 0
1 20107 33.9836 -48.7096 -18.7896 1.5 1.2 1 0 0
1 20108 33.5592 -49.3602 -20.5468 0.42126 1.2 1 0 0
1 20109 33.3698 -56.8048 -21.0765 0.487381 1.2 1 0 0
1 20110 32.5778 -57.511 -22.3408 0.795983 1.2 1 0 0
1 20111 29.3452 -55.1024 -21.5831 0.441702 1.2 1 0 0
1 20112 30.2875 -56.6932 -18.4769 0.785331 1.2 1 0 0
1 20113 33.5637 -57.3328 -19.1515 0.418688 1.2 1 0 0
1 20114 32.1756 -56.0919 -19.6154 1.5 1.2 1 0 0
1 20115 33.3224 -55.045 -24.2283 0.725589 1.2 1 0 0
1 20116 31.19 -54.4333 -24.0502 1.5 1.2 1 0 0
1 20117 31.5638 -57.5153 -24.0155 1.10692 1.2 1 0 0
1 20118 28.8286 -52.8514 -26.1451 0.45578 1.2 1 0 0
1 20119 30.6543 -49.7647 -26.4046 0.68238 1.2 1 0 0
1 20120 31.1411 -51.9459 -26.4623 0.68757 1.2 1 0 0
1 20121 30.5637 -54.5537 -29.4568 -0.0298823 1.2 1 0 0
1 20122 27.957 -54.2902 -28.8092 -0.024727 1.2 1 0 0
1 20123 25.743 -53.3251 -30.1304 -0.000783022 1.2 1 0 0
1 20124 26.9664 -52.7323 -29.7846 -0.00366523 1.2 1 0 0
1 20125 26.7932 -54.4261 -24.1758 0.539617 1.2 1 0 0
1 20126 29.0825 -54.3607 -25.8863 0.595592 1.2 1 0 0
1 20127 28.5031 -55.6005 -26.4827 -0.00209163 1.2 1 0 0
1 20197 36.079 -47.195 -7.27928 1.5 1.2 1 0 0
1 20198 36.9243 -49.6563 -10.3431 0.458173 1.2 1 0 0
1 20199 35.4735 -49.828 -10.4904 0.403964 1.2 1 0 0
1 20203 34.8937 -48.2031 -4.55873 1.5 1.2 1 0 0
1 20209 28.2958 -57.9596 -5.72272 0.741902 1.2 1 0 0
1 20210 29.3286 -57.4699 -9.71492 0.0759338 1.2 1 0 0
1 20211 27.746 -60.9566 -10.2719 -0.0029041 1.2 1 0 0
1 20212 24.5314 -57.058 -7.52121 -0.00675173 1.2 1 0 0
1 20213 26.1564 -57.7613 -9.00218 -0.0058109 1.2 1 0 0
1 20215 26.6453 -59.3112 -12.4383 -0.00448781 1.2 1 0 0
1 20216 24.9795 -57.3459 -11.5268 -0.00461887 1.2 1 0 0
1 20221 28.2059 -60.7223 -9.08918 -0.00489544 1.2 1 0 0
1 20222 29.8139 -62.5134 -7.15489 0.649037 1.2 1 0 0
1 20223 28.3916 -62.9156 -6.73468 0.628726 1.2 1 0 0
1 20224 29.334 -60.1905 -10.2333 -0.0302829 1.2 1 0 0
1 20225 27.9318 -49.5815 -7.30716 0.689713 1.2 1 0 0
1 20226 29.8786 -52.0627 -6.76868 1.5 1.2 1 0 0
1 20227 26.1379 -54.2513 -8.20907 -0.00287884 1.2 1 0 0
1 20229 26.5702 -51.0467 -6.31996 0.220614 1.2 1 0 0
1 20237 25.1844 -55.2871 -11.8593 -0.00139246 1.2 1 0 0
1 20238 25.5427 -53.1034 -11.9007 -0.00634593 1.2 1 0 0
1 20239 28.2955 -55.1176 -9.75742 -0.00263348 1.2 1 0 0
1 20240 26.8668 -55.987 -10.2863 -0.00274993 1.2 1 0 0
1 20243 36.7458 -49.9544 -14.1153 0.90416 1.2 1 0 0
1 20244 37.1608 -49.0392 -15.5223 0.815256 1.2 1 0 0
1 20245 33.5112 -50.2478 -12.9651 1.22631 1.2 1 0 0
1 20246 34.8153 -52.3087 -11.7467 1.5 1.2 1 0 0
1 20247 32.971 -52.0612 -14.993 1.5 1.2 1 0 0
1 20248 34.5307 -54.214 -15.8932 1.30671 1.2 1 0 0
1 20249 27.3234 -54.9949 -15.9125 -0.0038659 1.2 1 0 0
1 20250 29.9182 -52.7645 -11.1445 -0.00117314 1.2 1 0 0
1 20251 30.1463 -54.8608 -12.5672 0.195134 1.2 1 0 0
1 20253 32.7099 -53.6917 -8.67422 1.5 1.2 1 0 0
1 20254 31.224 -55.3415 -10.6964 1.0305 1.2 1 0 0
1 20255 34.4957 -55.3415 -7.35798 0.565984 1.2 1 0 0
1 20256 32.4204 -58.4429 -12.3372 1.5 1.2 1 0 0
1 20257 33.4654 -57.8152 -14.284 0.797071 1.2 1 0 0
1 20258 30.6606 -57.694 -12.7754 0.391391 1.2 1 0 0
1 20259 30.0356 -57.6735 -15.0817 0.310735 1.2 1 0 0
1 20260 32.8715 -55.3415 -12.6171 1.5 1.2 1 0 0
1 20261 30.9932 -56.6108 -16.7683 0.503465 1.2 1 0 0
1 20262 28.215 -58.0042 -19.2772 1.40481 1.2 1 0 0
1 20263 26.6712 -59.3264 -18.0642 0.123188 1.2 1 0 0
1 20264 26.6312 -59.2191 -16.551 -0.00014928 1.2 1 0 0
1 20265 26.3012 -54.5577 -19.0801 -0.00556645 1.2 1 0 0
1 20266 28.4043 -65.4434 -21.3352 0.592611 1.2 1 0 0
1 20267 23.4633 -68.0383 -19.8482 1.01459 1.2 1 0 0
1 20268 29.7727 -64.5072 -13.4512 1.05192 1.2 1 0 0
1 20269 27.2224 -65.5703 -15.0058 1.20031 1.2 1 0 0
1 20270 28.7387 -62.3975 -16.7691 0.565106 1.2 1 0 0
1 20271 31.7522 -59.9067 -18.3253 0.90862 1.2 1 0 0
1 20272 29.6446 -62.2724 -21.8875 1.26829 1.2 1 0 0
1 20283 26.2119 -56.0094 -15.5146 -0.00116802 1.2 1 0 0
1 20291 25.5001 -63.534 -9.02822 -0.00131023 1.2 1 0 0
1 20292 25.2522 -65.3462 -11.1259 -0.00542503 1.2 1 0 0
1 20297 26.6233 -63.1 -25.1881 -0.004007 1.2 1 0 0
1 20298 25.8049 -64.6228 -28.1767 -0.00489739 1.2 1 0 0
1 20299 25.9012 -62.7423 -24.0351 0.304894 1.2 1 0 0
1 20300 25.8762 -63.0557 -28.3252 -0.0111859 1.2 1 0 0
1 20301 27.3979 -62.5503 -26.6905 -0.00418801 1.2 1 0 0
1 20304 25.2303 -65.7138 -22.5934 0.431508 1.2 1 0 0
1 20307 22.923 -65.8384 -20.3754 0.635086 1.2 1 0 0
1 20311 27.428 -58.384 -26.7203 -0.00389466 1.2 1 0 0
1 20312 26.1214 -57.9174 -28.2156 -0.00519409 1.2 1 0 0
1 20313 25.192 -62.5914 -30.7141 -0.0041039 1.2 1 0 0
1 28656 24.2299 -49.7366 -36.9122 0.238773 1.2 1 0 0
1 28657 22.8653 -49.0424 -36.0856 1.5 1.2 1 0 0
1 29534 27.9013 -52.1549 -34.0576 -0.00331113 1.2 1 0 0
1 29535 22.942 -51.122 -35.1333 0.693884 1.2 1 0 0
1 29537 24.562 -52.6938 -33.2038 -0.0054194 1.2 1 0 0
1 29539 26.1559 -50.1414 -32.9317 -0.0323416 1.2 1 0 0
1 29540 25.8882 -52.8071 -35.1731 -0.00564921 1.2 1 0 0
1 29541 24.3729 -50.9248 -35.9235 0.666403 1.2 1 0 0
1 29542 25.4846 -51.8489 -35.5971 -0.00491499 1.2 1 0 0
1 29557 25.5417 -50.7338 -30.4837 -0.000840422 1.2 1 0 0
1 29558 24.3856 -51.7055 -31.6628 -0.0053548 1.2 1 0 0
1 29568 26.2172 -54.5768 -34.4109 -0.00310121 1.2 1 0 0
1 29569 26.0437 -55.2287 -34.7269 -0.0122813 1.2 1 0 0
1 29574 24.9452 -55.2885 -32.7322 -0.00222414 1.2 1 0 0
1 29575 24.1915 -54.9137 -34.2025 -0.0151151 1.2 1 0 0
1 29576 24.9561 -54.944 -35.2332 0.176807 1.2 1 0 0
1 29577 23.6017 -53.2714 -35.2934 0.724684 1.2 1 0 0
1 29578 23.364 -54.9529 -35.732 0.78764 1.2 1 0 0
1 29614 25.4752 -56.7377 -34.4648 -0.0151956 1.2 1 0 0
1 29615 25.131 -58.0531 -34.135 -0.0121382 1.2 1 0 0
1 29616 24.3115 -57.3396 -34.6884 0.246587 1.2 1 0 0
1 29621 24.2774 -56.2397 -32.7467 -0.000485681 1.2 1 0 0
1 29643 23.2754 -51.7779 -36.489 0.797149 1.2 1 0 0
1 29951 32.5991 -47.5679 -21.2663 1.30521 1.2 1 0 0
1 29961 35.6048 -48.1088 -21.6375 1.38709 1.2 1 0 0
1 29989 30.4733 -48.3445 -22.6255 0.734718 1.2 1 0 0
1 29991 31.7442 -49.1663 -25.4029 0.522897 1.2 1 0 0
1 29992 32.0719 -48.4865 -26.9661 1.14599 1.2 1 0 0
1 29993 35.6048 -49.4249 -23.5015 0.894734 1.2 1 0 0
1 29996 33.6604 -49.9873 -24.8202 1.5 1.2 1 0 0
1 29998 33.0404 -48.6713 -23.0435 0.784335 1.2 1 0 0
1 30000 34.5295 -47.4674 -25.8746 1.36651 1.2 1 0 0
1 30001 34.4093 -49.1853 -26.9281 0.651063 1.2 1 0 0
1 30002 33.3282 -49.574 -26.4403 0.204749 1.2 1 0 0
1 30065 26.4867 -51.1348 -24.1438 -0.00590916 1.2 1 0 0
1 30066 25.8472 -51.9704 -24.0351 -0.00734383 1.2 1 0 0
1 30068 24.9128 -54.2443 -24.8495 -0.00804979 1.2 1 0 0
1 30075 24.3398 -50.4993 -22.6154 -0.00140743 1.2 1 0 0
1 30080 24.4748 -49.8635 -23.378 -0.00217469 1.2 1 0 0
1 30107 25.7433 -52.8813 -20.0791 -0.00140086 1.2 1 0 0
1 30109 26.21 -50.9042 -18.7645 -0.00194914 1.2 1 0 0
1 30119 24.2936 -51.3268 -21.2927 -0.00318012 1.2 1 0 0
1 30134 35.6412 -51.9749 -20.0482 0.696568 1.2 1 0 0
1 30135 36.0356 -51.395 -20.991 0.478498 1.2 1 0 0
1 30136 34.1756 -54.0741 -22.0653 0.505174 1.2 1 0 0
1 30137 34.2242 -54.8765 -20.9317 0.542001 1.2 1 0 0
1 30138 34.0017 -52.4963 -18.5639 1.5 1.2 1 0 0
1 30139 34.2086 -54.7795 -19.466 0.924398 1.2 1 0 0
1 30140 34.7766 -54.565 -17.9074 0.748247 1.2 1 0 0
1 30141 32.1431 -53.6659 -19.6097 0.926189 1.2 1 0 0
1 30142 31.1377 -53.8759 -18.5612 0.541557 1.2 1 0 0
1 30143 31.5978 -52.6139 -18.3741 0.785761 1.2 1 0 0
1 30144 34.8992 -51.5351 -23.8106 0.724762 1.2 1 0 0
1 30145 31.8618 -51.7884 -24.6523 0.905714 1.2 1 0 0
1 30146 34.4323 -52.4048 -24.8202 0.586093 1.2 1 0 0
1 30147 30.6503 -49.9873 -20.9556 0.484311 1.2 1 0 0
1 30148 31.7175 -49.3836 -22.329 0.84587 1.2 1 0 0
1 30149 29.3486 -50.5331 -21.2402 0.206151 1.2 1 0 0
1 30153 31.2922 -49.5103 -19.1308 0.284955 1.2 1 0 0
1 30154 28.6672 -50.3006 -19.5928 -0.0139315 1.2 1 0 0
1 30155 29.5172 -50.0477 -18.7178 -0.00140212 1.2 1 0 0
1 30157 29.8479 -50.9005 -17.793 -0.00931988 1.2 1 0 0
1 30158 26.994 -53.664 -17.3076 -0.00404936 1.2 1 0 0
1 30159 28.3491 -51.3606 -17.4245 -0.00111077 1.2 1 0 0
1 30160 29.459 -53.3976 -18.4679 0.129338 1.2 1 0 0
1 30161 30.6755 -52.5689 -16.7459 0.232392 1.2 1 0 0
1 30162 29.0428 -52.1546 -16.774 -0.00637569 1.2 1 0 0
1 30163 30.4244 -52.1398 -20.462 1.31372 1.2 1 0 0
1 30164 28.2728 -53.2603 -21.6712 0.545519 1.2 1 0 0
1 30165 29.2142 -50.8347 -22.7298 0.52008 1.2 1 0 0
1 30166 30.368 -49.9691 -24.1564 1.5 1.2 1 0 0
1 30167 37.2335 -49.0931 -19.1266 0.506141 1.2 1 0 0
1 30168 36.7836 -49.4093 -20.8188 0.546868 1.2 1 0 0
1 30169 35.9686 -52.418 -17.8079 0.608619 1.2 1 0 0
1 30170 36.1013 -51.9101 -18.8649 0.57155 1.2 1 0 0
1 30171 36.6333 -47.9067 -17.5346 1.5 1.2 1 0 0
1 30172 36.9487 -49.9495 -17.8993 0.598947 1.2 1 0 0
1 30173 35.2652 -49.9259 -18.1559 0.377085 1.2 1 0 0
1 30175 35.6048 -50.5182 -16.3892 1.5 1.2 1 0 0
1 30176 33.4842 -50.9263 -16.8165 0.701367 1.2 1 0 0
1 30177 33.5274 -52.2732 -16.7678 0.370968 1.2 1 0 0
1 30178 34.2259 -50.6893 -19.6858 0.62706 1.2 1 0 0
1 30179 34.5501 -49.182 -20.5844 0.440445 1.2 1 0 0
1 30180 31.7234 -57.0077 -21.3951 0.552009 1.2 1 0 0
1 30181 31.4257 -57.9616 -22.4937 0.450516 1.2 1 0 0
1 30182 32.9277 -57.7637 -20.6833 0.621541 1.2 1 0 0
1 30183 31.5317 -57.3539 -22.1165 0.27075 1.2 1 0 0
1 30184 30.8619 -54.5356 -21.3837 1.18852 1.2 1 0 0
1 30185 29.8032 -56.9307 -22.1417 1.5 1.2 1 0 0
1 30186 28.9084 -54.3814 -20.4169 0.956484 1.2 1 0 0
1 30187 29.8701 -55.8433 -19.8478 0.830472 1.2 1 0 0
1 30188 30.2507 -55.2117 -22.6578 0.349726 1.2 1 0 0
1 30189 28.4228 -54.5725 -23.0893 1.38141 1.2 1 0 0
1 30190 33.5614 -56.6666 -17.8087 0.848349 1.2 1 0 0
1 30191 32.763 -58.1719 -18.7388 0.747333 1.2 1 0 0
1 30192 33.0352 -55.4649 -22.193 1.28856 1.2 1 0 0
1 30193 32.1784 -56.6053 -22.9917 0.345253 1.2 1 0 0
1 30194 31.6513 -56.4632 -22.4406 0.429537 1.2 1 0 0
1 30195 33.4394 -50.1172 -26.9669 0.267716 1.2 1 0 0
1 30196 33.1304 -51.2557 -26.8399 0.0142529 1.2 1 0 0
1 30197 32.8507 -51.4032 -27.925 -0.00252633 1.2 1 0 0
1 30199 33.7667 -51.6817 -26.1296 0.592224 1.2 1 0 0
1 30200 33.2145 -53.6076 -25.3748 0.887219 1.2 1 0 0
1 30201 33.2896 -52.2544 -27.1061 -0.00098303 1.2 1 0 0
1 30202 31.8662 -52.643 -29.8829 -0.00842517 1.2 1 0 0
1 30203 32.4968 -50.3541 -28.6082 -0.0130531 1.2 1 0 0
1 30205 28.8791 -51.1384 -25.2261 0.612512 1.2 1 0 0
1 30206 28.0803 -51.6829 -24.9601 0.362968 1.2 1 0 0
1 30207 28.5551 -52.3382 -24.7024 0.415985 1.2 1 0 0
1 30208 26.9599 -51.8787 -24.885 0.156051 1.2 1 0 0
1 30209 26.5688 -51.979 -26.4509 -0.0124556 1.2 1 0 0
1 30210 27.7027 -50.7297 -24.9852 0.483664 1.2 1 0 0
1 30211 28.5721 -49.8317 -24.9496 0.463001 1.2 1 0 0
1 30212 30.0021 -52.368 -24.9791 1.0573 1.2 1 0 0
1 30213 31.0889 -53.3149 -25.6781 0.469836 1.2 1 0 0
1 30214 29.7961 -50.9321 -26.4421 0.638837 1.2 1 0 0
1 30215 29.8239 -49.9008 -25.8768 0.305675 1.2 1 0 0
1 30216 30.6426 -51.1719 -25.6686 0.436671 1.2 1 0 0
1 30217 30.8441 -51.444 -24.8169 0.181214 1.2 1 0 0
1 30218 29.9164 -51.9701 -27.7621 -0.00116346 1.2 1 0 0
1 30219 29.7717 -52.4846 -26.7325 0.440238 1.2 1 0 0
1 30220 29.7868 -54.4612 -31.8242 -0.00983269 1.2 1 0 0
1 30221 30.1517 -56.2177 -30.3821 -0.00501522 1.2 1 0 0
1 30222 26.1858 -54.6094 -32.1634 -0.00839357 1.2 1 0 0
1 30223 28.6034 -55.4961 -32.4783 -0.00198331 1.2 1 0 0
1 30224 28.7694 -53.0025 -31.4061 -0.00425263 1.2 1 0 0
1 30225 28.8752 -54.19 -32.7312 -0.00542541 1.2 1 0 0
1 30226 28.4132 -53.4092 -33.3174 -0.0025464 1.2 1 0 0
1 30227 26.5737 -56.7163 -27.0149 -0.00131736 1.2 1 0 0
1 30228 26.1902 -55.8477 -29.3535 -0.00445561 1.2 1 0 0
1 30229 24.2777 -53.1691 -27.652 -0.00264543 1.2 1 0 0
1 30231 26.6087 -52.704 -27.7091 -0.007495 1.2 1 0 0
1 30232 25.592 -53.8039 -26.9873 -0.00834512 1.2 1 0 0
1 30236 26.8276 -53.8921 -30.9183 -0.0108397 1.2 1 0 0
1 30237 26.7999 -55.079 -30.1984 -0.00441155 1.2 1 0 0
1 30238 25.7712 -54.358 -30.1294 -0.0080719 1.2 1 0 0
1 30239 29.0089 -58.1281 -30.671 -0.0160704 1.2 1 0 0
1 30240 29.0549 -59.1855 -30.0907 -0.0303026 1.2 1 0 0
1 30241 26.2635 -56.4104 -31.168 -0.00900932 1.2 1 0 0
1 30242 25.474 -57.5629 -29.8388 -0.0322543 1.2 1 0 0
1 30243 24.9368 -58.5088 -32.7772 -0.00271964 1.2 1 0 0
1 30244 28.9569 -57.222 -29.1651 -0.00431779 1.2 1 0 0
1 30245 26.2216 -58.2416 -29.5948 -0.00405419 1.2 1 0 0
1 30246 27.7062 -57.7316 -31.9515 -0.0209866 1.2 1 0 0
1 30247 26.6461 -59.3125 -32.0226 -0.0119827 1.2 1 0 0
1 30248 26.3477 -57.8214 -33.3736 -0.000347348 1.2 1 0 0
1 30249 26.1883 -57.0314 -32.5402 -0.00121557 1.2 1 0 0
1 30250 29.2959 -57.7516 -24.9502 0.511594 1.2 1 0 0
1 30251 29.9784 -55.9565 -25.7739 0.0304837 1.2 1 0 0
1 30252 28.9984 -57.5846 -27.3179 -0.00706955 1.2 1 0 0
1 30253 28.3292 -57.514 -25.7783 -0.00226701 1.2 1 0 0
1 30254 29.0088 -57.7372 -26.1554 -0.00409215 1.2 1 0 0
1 30256 32.0778 -55.8081 -25.2266 0.498241 1.2 1 0 0
1 30257 30.131 -58.9451 -24.754 0.0442348 1.2 1 0 0
1 30258 30.9647 -57.8945 -25.5933 -0.00802817 1.2 1 0 0
1 30259 30.461 -57.6444 -25.1674 0.0465215 1.2 1 0 0
1 30260 30.3737 -58.0231 -28.1967 -0.00512032 1.2 1 0 0
1 30261 29.611 -59.4878 -28.9035 -0.00754682 1.2 1 0 0
1 30262 27.9424 -54.5258 -24.9957 0.563628 1.2 1 0 0
1 30263 27.8716 -56.774 -24.5803 0.98942 1.2 1 0 0
1 30264 25.9711 -55.6169 -23.2428 0.402785 1.2 1 0 0
1 30265 26.505 -53.4305 -24.23 0.266217 1.2 1 0 0
1 30266 27.4308 -54.4812 -26.9018 -0.00443804 1.2 1 0 0
1 30267 27.135 -54.9761 -25.9025 -0.00271873 1.2 1 0 0
1 30268 28.9924 -53.7122 -24.8202 0.631394 1.2 1 0 0
1 30269 30.2626 -54.4819 -25.8361 0.512928 1.2 1 0 0
1 30270 29.3141 -55.3415 -24.9592 0.773777 1.2 1 0 0
1 30271 29.6052 -56.6592 -24.3535 0.705375 1.2 1 0 0
1 30272 31.2018 -54.9857 -27.5353 -0.00194291 1.2 1 0 0
1 30273 31.9235 -54.3973 -28.462 -0.00233196 1.2 1 0 0
1 30274 31.7968 -55.2543 -28.6184 -0.0106807 1.2 1 0 0
1 30275 29.0309 -54.2231 -27.5861 -0.00607061 1.2 1 0 0
1 30276 28.8533 -55.117 -28.2939 -0.00897758 1.2 1 0 0
1 30277 29.9617 -55.1166 -27.9481 -0.00844317 1.2 1 0 0
1 30278 31.3929 -54.2983 -25.9356 0.326682 1.2 1 0 0
1 30279 30.8364 -54.4211 -27.3035 -0.0108183 1.2 1 0 0
1 30280 29.6821 -53.7558 -26.618 0.187521 1.2 1 0 0
1 30282 29.7862 -57.7257 -29.8673 -0.00543351 1.2 1 0 0
1 30283 31.291 -55.4989 -28.5784 -0.0041371 1.2 1 0 0
1 30284 31.748 -50.233 -31.1549 -0.00459869 1.2 1 0 0
1 30292 26.0702 -51.0242 -28.8797 -0.00104143 1.2 1 0 0
1 30295 28.2117 -52.2361 -28.7556 -0.00560606 1.2 1 0 0
1 30296 27.5614 -50.9514 -26.8899 -0.00805813 1.2 1 0 0
1 30297 25.4207 -51.4811 -30.1272 -0.000714587 1.2 1 0 0
1 30298 27.6938 -49.8209 -30.4918 -0.00934438 1.2 1 0 0
1 30305 29.3044 -49.1305 -26.0164 0.470724 1.2 1 0 0
1 30308 30.4345 -52.3621 -31.8423 -0.00898267 1.2 1 0 0
1 30309 31.5232 -51.4506 -31.2929 -0.0311403 1.2 1 0 0
1 30310 29.0338 -52.7832 -32.1023 -0.0102134 1.2 1 0 0
1 30311 27.4096 -52.4219 -32.102 -7.89743e-05 1.2 1 0 0
1 30312 29.0563 -52.0647 -29.7168 -0.0005802 1.2 1 0 0
1 30313 30.5273 -50.8919 -29.4254 -0.00290096 1.2 1 0 0
1 30314 28.4001 -51.5121 -30.1557 -0.0106119 1.2 1 0 0
1 30315 29.9948 -50.5712 -32.7865 -0.0162663 1.2 1 0 0
1 30316 28.8405 -50.834 -31.7369 -0.00563859 1.2 1 0 0
1 30318 28.5917 -51.7335 -33.4508 -0.010781 1.2 1 0 0
1 30828 36.3908 -48.6979 -5.8866 0.561429 1.2 1 0 0
1 30829 36.3303 -49.4387 -7.02365 0.710114 1.2 1 0 0
1 30833 34.2688 -49.0228 -8.158 0.71336 1.2 1 0 0
1 30835 33.605 -49.5067 -10.2356 1.5 1.2 1 0 0
1 30836 30.8158 -49.0248 -8.13971 0.599907 1.2 1 0 0
1 30837 31.1911 -48.4772 -9.72806 0.8995 1.2 1 0 0
1 30839 31.8964 -49.1354 -7.30483 0.725883 1.2 1 0 0
1 30840 33.0836 -47.2651 -7.52171 1.5 1.2 1 0 0
1 30841 32.9696 -49.5164 -7.95735 0.586641 1.2 1 0 0
1 30844 35.7844 -50.115 -5.68107 0.889246 1.2 1 0 0
1 30845 35.4623 -51.63 -5.49247 0.666186 1.2 1 0 0
1 30846 32.0146 -49.9873 -5.24303 1.5 1.2 1 0 0
1 30847 34.1774 -50.0602 -5.43039 0.672092 1.2 1 0 0
1 30848 34.4592 -51.8401 -5.59683 0.334898 1.2 1 0 0
1 30849 34.1436 -51.476 -3.8741 1.42714 1.2 1 0 0
1 30850 34.2806 -51.1889 -7.3042 1.5 1.2 1 0 0
1 30851 34.0322 -49.0717 -6.48992 0.781951 1.2 1 0 0
1 30852 35.9876 -49.4517 -8.92578 1.21728 1.2 1 0 0
1 30853 36.0497 -51.2348 -8.4799 0.621764 1.2 1 0 0
1 30854 36.3002 -50.534 -11.1515 0.868436 1.2 1 0 0
1 30855 37.1867 -49.6498 -11.2174 0.290013 1.2 1 0 0
1 30867 30.2887 -47.9039 -6.43715 1.42409 1.2 1 0 0
1 30889 35.051 -48.228 -14.1573 1.5 1.2 1 0 0
1 30892 33.3333 -47.3205 -11.9825 1.31161 1.2 1 0 0
1 30903 37.2513 -48.3796 -13.3378 0.828039 1.2 1 0 0
1 30906 36.2105 -48.2743 -11.3668 1.40332 1.2 1 0 0
1 30910 33.5456 -55.6913 -5.02767 0.66915 1.2 1 0 0
1 30911 33.1255 -57.3024 -5.40412 0.406747 1.2 1 0 0
1 30912 31.1395 -55.3371 -5.47457 0.678226 1.2 1 0 0
1 30913 32.0336 -56.8517 -4.34159 1.1156 1.2 1 0 0
1 30917 31.6511 -57.6359 -5.50525 0.336866 1.2 1 0 0
1 30918 31.0617 -57.1233 -5.9779 0.572995 1.2 1 0 0
1 30919 31.8628 -58.6275 -6.33749 0.974831 1.2 1 0 0
1 30920 28.9583 -56.837 -4.72789 0.624199 1.2 1 0 0
1 30921 29.0858 -57.4082 -5.40754 0.271747 1.2 1 0 0
1 30922 28.0325 -56.3625 -5.55133 0.298879 1.2 1 0 0
1 30923 28.0055 -56.9899 -6.07255 0.309287 1.2 1 0 0
1 30926 28.004 -60.0415 -6.22534 1.11468 1.2 1 0 0
1 30927 28.6847 -59.0582 -5.43216 0.219423 1.2 1 0 0
1 30928 31.4924 -59.7195 -5.45516 0.450512 1.2 1 0 0
1 30930 30.1152 -58.6128 -4.58522 1.5 1.2 1 0 0
1 30931 29.3072 -60.94 -4.72721 0.959736 1.2 1 0 0
1 30938 30.5926 -60.4257 -6.6836 1.22801 1.2 1 0 0
1 30939 30.1598 -61.5965 -5.5682 0.405941 1.2 1 0 0
1 30940 31.5817 -57.6635 -7.13882 0.291424 1.2 1 0 0
1 30941 31.33 -58.4197 -8.74626 1.5 1.2 1 0 0
1 30942 30.9148 -56.737 -7.7862 0.481234 1.2 1 0 0
1 30943 28.0556 -57.8196 -7.47704 0.689036 1.2 1 0 0
1 30944 28.7571 -55.6424 -8.91098 0.342557 1.2 1 0 0
1 30945 28.5698 -56.7066 -8.30735 0.495041 1.2 1 0 0
1 30946 29.5556 -58.5056 -6.99516 0.976374 1.2 1 0 0
1 30947 29.43 -56.0266 -6.63509 1.5 1.2 1 0 0
1 30948 29.4473 -57.4647 -8.25806 0.658289 1.2 1 0 0
1 30949 30.252 -57.2426 -9.45268 0.245388 1.2 1 0 0
1 30950 27.3436 -58.9324 -9.37296 -0.00896407 1.2 1 0 0
1 30951 27.321 -59.7276 -8.24878 -0.000487433 1.2 1 0 0
1 30952 26.8242 -57.5794 -7.83497 -0.0061588 1.2 1 0 0
1 30953 25.285 -59.8065 -11.302 -0.00637455 1.2 1 0 0
1 30954 26.809 -58.0983 -11.0292 -0.00702535 1.2 1 0 0
1 30955 25.8877 -56.8739 -6.93057 -0.00236124 1.2 1 0 0
1 30956 26.0457 -56.7403 -8.13373 -0.00275892 1.2 1 0 0
1 30958 24.2317 -57.9987 -6.72829 -0.00246151 1.2 1 0 0
1 30960 26.8012 -61.4227 -7.51948 -0.00419692 1.2 1 0 0
1 30961 25.7689 -62.1759 -8.75327 -0.00254133 1.2 1 0 0
1 30962 24.5147 -59.3414 -8.22628 -0.000618499 1.2 1 0 0
1 30964 25.837 -59.7031 -8.71752 -0.00679676 1.2 1 0 0
1 30965 26.5121 -58.9554 -6.93308 -0.00393305 1.2 1 0 0
1 30969 25.8593 -56.8651 -11.1595 -0.00284993 1.2 1 0 0
1 30971 24.9807 -56.7546 -12.543 -0.00681192 1.2 1 0 0
1 30972 26.9985 -59.534 -3.41083 1.5 1.2 1 0 0
1 30978 26.3659 -58.8897 -5.60789 0.19472 1.2 1 0 0
1 30984 26.8129 -56.8807 -4.92004 0.832306 1.2 1 0 0
1 30996 26.3869 -62.2773 -6.89504 -0.00191343 1.2 1 0 0
1 30998 27.3427 -62.0448 -4.74371 1.1218 1.2 1 0 0
1 30999 24.0577 -60.7518 -6.34059 -0.00594697 1.2 1 0 0
1 31007 31.6904 -60.4764 -10.5505 1.25961 1.2 1 0 0
1 31008 31.355 -62.1058 -9.9534 0.507862 1.2 1 0 0
1 31009 30.2491 -61.3343 -10.9175 0.29559 1.2 1 0 0
1 31010 29.7958 -63.7815 -9.82992 0.598156 1.2 1 0 0
1 31011 30.7324 -62.9786 -9.78665 0.478386 1.2 1 0 0
1 31012 30.3251 -63.2311 -8.97245 0.380746 1.2 1 0 0
1 31013 31.8313 -60.4622 -8.28755 0.645587 1.2 1 0 0
1 31014 30.1318 -61.6355 -8.76383 0.820456 1.2 1 0 0
1 31015 31.1159 -62.283 -8.62659 0.299863 1.2 1 0 0
1 31016 30.5957 -62.8674 -11.3371 0.981309 1.2 1 0 0
1 31017 29.9886 -64.2825 -11.0335 0.47612 1.2 1 0 0
1 31018 30.9961 -62.8593 -12.944 0.584655 1.2 1 0 0
1 31019 29.4726 -62.65 -10.593 -0.00637516 1.2 1 0 0
1 31020 29.2265 -59.734 -7.82143 0.540199 1.2 1 0 0
1 31021 28.9313 -59.468 -8.42013 0.0697616 1.2 1 0 0
1 31022 26.4831 -62.8161 -9.43522 -0.0081924 1.2 1 0 0
1 31023 26.5755 -62.8511 -8.2696 -0.00161433 1.2 1 0 0
1 31025 28.0029 -62.712 -9.11225 -0.00428888 1.2 1 0 0
1 31026 29.2445 -61.7455 -6.17967 0.702307 1.2 1 0 0
1 31027 28.7883 -62.5091 -5.41192 0.472682 1.2 1 0 0
1 31028 29.0016 -63.4864 -8.91381 0.00692305 1.2 1 0 0
1 31029 28.6342 -64.5509 -8.4065 -0.000524608 1.2 1 0 0
1 31030 28.7068 -59.8066 -11.8556 -0.00314381 1.2 1 0 0
1 31031 29.2797 -61.8235 -11.0285 -0.00321777 1.2 1 0 0
1 31032 29.8399 -57.7395 -9.70522 0.371581 1.2 1 0 0
1 31033 30.4348 -58.8925 -10.4624 0.355778 1.2 1 0 0
1 31034 28.7644 -59.7126 -13.5426 -0.00917962 1.2 1 0 0
1 31035 30.7753 -60.7897 -12.6769 0.605277 1.2 1 0 0
1 31036 30.6704 -54.114 -5.30189 0.481397 1.2 1 0 0
1 31037 29.3099 -53.8981 -5.3273 0.896381 1.2 1 0 0
1 31038 31.061 -54.1054 -6.68371 0.845015 1.2 1 0 0
1 31039 28.0999 -55.542 -4.81609 0.804912 1.2 1 0 0
1 31040 28.3861 -54.7957 -5.65999 0.357458 1.2 1 0 0
1 31041 30.3295 -55.0032 -3.62179 1.35154 1.2 1 0 0
1 31044 27.8478 -55.0871 -6.74525 0.338895 1.2 1 0 0
1 31045 28.451 -54.2888 -7.62992 0.723321 1.2 1 0 0
1 31048 28.8388 -48.8895 -5.22747 0.588935 1.2 1 0 0
1 31050 30.0155 -49.0489 -4.63048 0.663247 1.2 1 0 0
1 31054 30.4245 -49.895 -7.24152 0.710483 1.2 1 0 0
1 31055 29.3627 -49.3045 -7.36345 0.450427 1.2 1 0 0
1 31056 29.328 -50.0774 -8.37774 0.722013 1.2 1 0 0
1 31059 32.5774 -53.7134 -4.9273 1.5 1.2 1 0 0
1 31061 30.513 -52.4132 -4.38303 0.979063 1.2 1 0 0
1 31062 29.9938 -50.5421 -3.78519 1.05275 1.2 1 0 0
1 31067 31.6316 -51.9727 -5.32567 0.520797 1.2 1 0 0
1 31068 31.4977 -51.5385 -6.05878 0.327232 1.2 1 0 0
1 31069 27.5143 -53.4155 -5.68723 0.892216 1.2 1 0 0
1 31070 26.88 -51.658 -5.03858 0.632522 1.2 1 0 0
1 31071 28.2468 -52.3378 -3.28462 1.5 1.2 1 0 0
1 31072 28.3285 -50.6274 -5.17605 1.05144 1.2 1 0 0
1 31073 28.4191 -52.2134 -5.31518 0.541648 1.2 1 0 0
1 31074 29.2909 -51.7908 -4.87571 0.478194 1.2 1 0 0
1 31075 27.6501 -51.2892 -6.55678 0.623287 1.2 1 0 0
1 31076 29.2574 -51.8866 -8.71265 0.542074 1.2 1 0 0
1 31077 27.5208 -54.158 -9.18351 -0.003089 1.2 1 0 0
1 31078 28.0642 -53.7245 -8.23371 0.0233789 1.2 1 0 0
1 31079 27.8316 -51.3684 -7.87886 0.267324 1.2 1 0 0
1 31080 25.9085 -52.3041 -6.81843 -0.0020123 1.2 1 0 0
1 31081 25.6233 -51.0699 -9.08848 -0.000124969 1.2 1 0 0
1 31082 27.8537 -55.9099 -7.66876 0.361336 1.2 1 0 0
1 31083 25.7967 -55.0907 -6.81693 -0.00807233 1.2 1 0 0
1 31084 26.1156 -55.6164 -9.11414 -0.00347542 1.2 1 0 0
1 31085 26.3761 -54.2964 -7.2402 -0.00661605 1.2 1 0 0
1 31086 24.7235 -50.6599 -7.24945 -0.000248319 1.2 1 0 0
1 31100 24.7293 -52.1031 -9.3501 -0.00722281 1.2 1 0 0
1 31102 24.5437 -52.47 -6.60902 -0.00196732 1.2 1 0 0
1 31106 24.0638 -55.8264 -9.38264 -0.00267121 1.2 1 0 0
1 31115 26.9739 -55.1465 -5.02575 0.406833 1.2 1 0 0
1 31137 28.5154 -52.4808 -9.8873 -0.00166117 1.2 1 0 0
1 31138 28.4349 -51.1624 -10.1751 -0.00948565 1.2 1 0 0
1 31140 26.9381 -51.9321 -10.2723 -0.00304001 1.2 1 0 0
1 31141 26.2308 -51.6089 -10.2289 -0.00297129 1.2 1 0 0
1 31144 24.4697 -52.0421 -10.8405 -0.0142716 1.2 1 0 0
1 31147 24.3441 -54.0107 -14.731 -0.00608533 1.2 1 0 0
1 31148 24.5608 -52.7709 -13.1801 -0.00289815 1.2 1 0 0
1 31149 24.2421 -54.745 -13.7665 -0.00854961 1.2 1 0 0
1 31150 25.8342 -54.9039 -11.1143 -0.0028742 1.2 1 0 0
1 31151 26.0331 -54.6938 -12.2424 -0.00309301 1.2 1 0 0
1 31152 28.0199 -53.5593 -10.9464 -0.00841958 1.2 1 0 0
1 31153 25.8943 -52.3607 -11.4876 -8.80891e-05 1.2 1 0 0
1 31154 24.8351 -50.3355 -11.3764 -0.0111209 1.2 1 0 0
1 31157 24.1133 -50.8702 -14.5189 -0.00673613 1.2 1 0 0
1 31160 36.5456 -51.8519 -15.3193 0.436742 1.2 1 0 0
1 31161 36.6663 -51.3559 -14.0982 0.482704 1.2 1 0 0
1 31162 35.4979 -52.4846 -14.3048 1.15296 1.2 1 0 0
1 31163 36.2513 -51.4523 -13.0968 0.605617 1.2 1 0 0
1 31164 36.464 -51.6999 -11.3274 0.30685 1.2 1 0 0
1 31165 31.9746 -51.4131 -13.0683 0.641057 1.2 1 0 0
1 31166 31.3364 -52.2305 -13.8204 0.451543 1.2 1 0 0
1 31167 32.1894 -49.0502 -12.0377 0.510024 1.2 1 0 0
1 31168 33.2257 -51.0916 -11.4147 0.51145 1.2 1 0 0
1 31169 32.0874 -50.4111 -11.5458 0.696363 1.2 1 0 0
1 31170 31.3948 -49.7144 -11.2618 0.319513 1.2 1 0 0
1 31171 32.72 -48.9794 -14.396 0.501664 1.2 1 0 0
1 31172 31.5597 -51.0847 -14.093 0.280816 1.2 1 0 0
1 31173 31.2728 -51.7611 -16.0111 0.444017 1.2 1 0 0
1 31174 34.9671 -54.2676 -13.3124 0.955205 1.2 1 0 0
1 31175 34.5312 -54.5173 -11.9999 0.450135 1.2 1 0 0
1 31176 34.9776 -55.341 -12.2868 0.526282 1.2 1 0 0
1 31177 33.1599 -52.6498 -12.986 0.595807 1.2 1 0 0
1 31178 33.6664 -51.8287 -13.1465 0.37253 1.2 1 0 0
1 31179 34.3735 -51.6646 -13.5239 0.441275 1.2 1 0 0
1 31180 33.0878 -54.2237 -14.4959 0.69681 1.2 1 0 0
1 31181 33.953 -54.7571 -14.0734 0.403864 1.2 1 0 0
1 31182 35.862 -52.7103 -16.1779 0.717206 1.2 1 0 0
1 31183 34.5353 -52.3668 -16.4603 0.625515 1.2 1 0 0
1 31184 34.7627 -51.9474 -15.526 0.369876 1.2 1 0 0
1 31185 34.881 -52.6644 -15.622 0.304911 1.2 1 0 0
1 31186 34.5276 -49.2777 -15.5511 0.321663 1.2 1 0 0
1 31187 33.5103 -49.8167 -15.6337 0.829699 1.2 1 0 0
1 31188 29.1452 -52.2616 -12.7795 -0.00153267 1.2 1 0 0
1 31189 30.8588 -52.7919 -12.8888 0.29216 1.2 1 0 0
1 31190 29.8569 -52.244 -15.6696 -0.0187225 1.2 1 0 0
1 31194 31.0052 -50.9043 -11.5299 0.206093 1.2 1 0 0
1 31195 29.8034 -49.9698 -9.97506 -0.00154762 1.2 1 0 0
1 31196 28.9015 -51.708 -11.6584 -0.00452094 1.2 1 0 0
1 31198 30.5395 -50.9266 -15.1045 -0.00754024 1.2 1 0 0
1 31200 26.9481 -53.7941 -14.1967 -0.00801432 1.2 1 0 0
1 31201 25.9114 -54.714 -13.8903 -0.00429736 1.2 1 0 0
1 31202 26.8121 -56.82 -14.7612 -0.00315617 1.2 1 0 0
1 31203 27.2199 -55.2943 -14.3252 -0.00408203 1.2 1 0 0
1 31204 27.3584 -54.4989 -12.7902 -0.000708684 1.2 1 0 0
1 31205 27.8019 -56.8086 -12.8055 -0.0087035 1.2 1 0 0
1 31206 25.8355 -54.7793 -13.4087 -0.00122415 1.2 1 0 0
1 31207 29.7053 -53.5825 -15.3903 -0.0158923 1.2 1 0 0
1 31208 28.7862 -54.3144 -16.7708 -0.00153979 1.2 1 0 0
1 31209 27.9578 -54.9013 -16.4614 -0.0109067 1.2 1 0 0
1 31210 27.7351 -55.2742 -11.9533 -0.0133077 1.2 1 0 0
1 31211 28.2122 -55.5194 -11.0058 -0.000620336 1.2 1 0 0
1 31212 28.0997 -54.6286 -11.3378 -6.05769e-05 1.2 1 0 0
1 31213 28.9805 -55.2945 -10.4215 -0.00700685 1.2 1 0 0
1 31214 28.7094 -54.5115 -10.7668 -0.0081453 1.2 1 0 0
1 31215 24.7334 -51.7121 -16.3887 -0.00206161 1.2 1 0 0
1 31216 24.9454 -52.0154 -15.4388 -0.00535003 1.2 1 0 0
1 31219 26.4544 -50.5135 -16.6327 -0.00451604 1.2 1 0 0
1 31221 34.6037 -55.0164 -8.80815 0.810044 1.2 1 0 0
1 31222 35.1013 -55.3347 -9.81035 0.320951 1.2 1 0 0
1 31223 33.446 -56.5247 -9.96355 1.41337 1.2 1 0 0
1 31224 31.5751 -56.2506 -9.16584 0.638861 1.2 1 0 0
1 31225 32.6844 -56.2654 -6.94222 1.5 1.2 1 0 0
1 31226 33.3644 -57.8313 -8.34001 0.656421 1.2 1 0 0
1 31227 34.502 -54.4629 -10.5635 0.97764 1.2 1 0 0
1 31228 32.7896 -54.5431 -10.6332 0.637513 1.2 1 0 0
1 31229 33.3391 -53.7861 -11.3523 0.450452 1.2 1 0 0
1 31230 29.9784 -53.9135 -9.19897 0.862654 1.2 1 0 0
1 31231 29.9903 -51.5665 -9.77927 0.284858 1.2 1 0 0
1 31232 30.9359 -52.3807 -9.37072 0.56565 1.2 1 0 0
1 31233 29.9984 -56.1614 -9.01329 0.945692 1.2 1 0 0
1 31234 30.8213 -53.5585 -8.1585 0.462208 1.2 1 0 0
1 31235 30.914 -54.9972 -8.05552 0.797754 1.2 1 0 0
1 31236 31.2274 -54.8387 -9.27188 0.467357 1.2 1 0 0
1 31237 31.9116 -52.54 -11.3141 1.44487 1.2 1 0 0
1 31238 30.6417 -53.9883 -11.1851 0.450016 1.2 1 0 0
1 31239 30.5579 -51.6092 -10.8111 0.239345 1.2 1 0 0
1 31240 34.7494 -53.6662 -7.29488 0.949436 1.2 1 0 0
1 31241 35.5061 -52.6571 -8.3129 0.662191 1.2 1 0 0
1 31242 32.4823 -51.9181 -6.22904 0.71784 1.2 1 0 0
1 31243 33.5771 -52.1873 -5.74521 0.480417 1.2 1 0 0
1 31244 31.9225 -54.6399 -7.31974 0.33133 1.2 1 0 0
1 31245 34.7507 -52.9872 -5.61616 0.848807 1.2 1 0 0
1 31246 34.2104 -54.7858 -6.11324 0.762194 1.2 1 0 0
1 31248 34.2856 -51.9533 -9.52732 0.809235 1.2 1 0 0
1 31249 35.8391 -52.0552 -9.56516 0.748115 1.2 1 0 0
1 31250 31.7853 -49.9871 -10.5752 0.405047 1.2 1 0 0
1 31251 31.6613 -50.7886 -8.61083 1.3392 1.2 1 0 0
1 31252 30.4546 -49.9826 -9.34941 0.280184 1.2 1 0 0
1 31253 32.5542 -52.0085 -7.66004 0.443943 1.2 1 0 0
1 31254 31.8383 -52.5704 -7.16004 0.561826 1.2 1 0 0
1 31255 33.3887 -51.145 -9.06315 0.472627 1.2 1 0 0
1 31256 32.9699 -51.6914 -9.84167 0.557137 1.2 1 0 0
1 31257 33.34 -51.9353 -8.75755 0.367863 1.2 1 0 0
1 31258 32.0326 -52.1984 -9.53629 0.352456 1.2 1 0 0
1 31259 34.2303 -56.924 -13.3946 0.655131 1.2 1 0 0
1 31260 33.3131 -56.6787 -13.9049 0.408249 1.2 1 0 0
1 31261 34.4369 -55.8496 -14.3803 0.817507 1.2 1 0 0
1 31262 32.0692 -59.8959 -14.5064 1.12804 1.2 1 0 0
1 31263 32.3274 -60.6957 -12.57 0.753411 1.2 1 0 0
1 31264 31.4448 -57.6916 -14.3501 0.859668 1.2 1 0 0
1 31265 30.647 -58.8917 -14.1333 0.527773 1.2 1 0 0
1 31266 30.6749 -59.8905 -14.3144 0.278915 1.2 1 0 0
1 31267 28.1867 -58.1573 -12.8513 -0.00228653 1.2 1 0 0
1 31268 29.436 -56.7057 -15.328 0.0734779 1.2 1 0 0
1 31269 28.3155 -57.7993 -13.865 -0.00734799 1.2 1 0 0
1 31270 34.4433 -57.5038 -10.7538 0.192153 1.2 1 0 0
1 31271 34.145 -57.0556 -12.0339 0.713546 1.2 1 0 0
1 31272 33.413 -57.338 -11.4144 0.248588 1.2 1 0 0
1 31273 33.1079 -59.5004 -10.8169 0.47534 1.2 1 0 0
1 31274 29.7987 -55.8385 -11.0007 0.482985 1.2 1 0 0
1 31275 31.0464 -54.2906 -12.1665 0.653762 1.2 1 0 0
1 31276 32.2294 -56.7386 -11.3744 0.461791 1.2 1 0 0
1 31277 30.5343 -57.0721 -10.5198 0.819531 1.2 1 0 0
1 31278 31.8689 -57.529 -10.5521 0.5467 1.2 1 0 0
1 31279 31.406 -57.1099 -11.4256 0.406016 1.2 1 0 0
1 31280 32.6366 -56.2325 -15.7319 1.46603 1.2 1 0 0
1 31281 33.071 -57.9938 -16.9744 0.732728 1.2 1 0 0
1 31282 34.0461 -57.089 -16.5215 0.361559 1.2 1 0 0
1 31283 30.6399 -54.9516 -16.9619 1.05761 1.2 1 0 0
1 31284 30.0867 -55.1464 -14.9698 0.261791 1.2 1 0 0
1 31285 30.0648 -56.7048 -16.0752 0.605537 1.2 1 0 0
1 31286 30.4919 -56.3189 -14.7496 0.837609 1.2 1 0 0
1 31287 31.2997 -54.0617 -14.3641 1.0239 1.2 1 0 0
1 31288 31.8398 -54.5768 -15.8745 0.376997 1.2 1 0 0
1 31289 29.0187 -59.3449 -17.5668 0.787017 1.2 1 0 0
1 31290 29.8474 -58.0186 -18.13 0.520349 1.2 1 0 0
1 31291 28.3536 -56.1564 -17.9553 0.127989 1.2 1 0 0
1 31292 28.4227 -56.6886 -16.8898 -0.00932686 1.2 1 0 0
1 31293 29.1946 -57.1035 -17.2597 0.894313 1.2 1 0 0
1 31294 28.2052 -57.7238 -16.8421 0.0209507 1.2 1 0 0
1 31295 29.1687 -58.6687 -16.1425 0.171894 1.2 1 0 0
1 31296 24.2332 -59.8277 -19.6359 -0.00266017 1.2 1 0 0
1 31298 25.6846 -61.4467 -18.5505 0.287334 1.2 1 0 0
1 31299 25.7541 -60.7866 -16.8079 -0.00379539 1.2 1 0 0
1 31300 26.3112 -59.6939 -20.4477 0.997135 1.2 1 0 0
1 31301 25.2677 -59.4494 -18.7959 -0.00520139 1.2 1 0 0
1 31302 24.7033 -57.4523 -17.2512 -0.000933746 1.2 1 0 0
1 31303 26.772 -57.9792 -16.9841 -0.0042734 1.2 1 0 0
1 31304 26.8057 -56.971 -15.9107 -0.000682407 1.2 1 0 0
1 31305 27.8468 -59.0877 -14.8858 -0.00638191 1.2 1 0 0
1 31306 26.9775 -57.6336 -18.1632 -0.00415836 1.2 1 0 0
1 31307 26.2614 -56.5672 -17.3861 -0.00624501 1.2 1 0 0
1 31308 27.1036 -57.174 -21.6582 1.21546 1.2 1 0 0
1 31309 28.4442 -57.9267 -21.1169 0.392803 1.2 1 0 0
1 31310 27.8625 -56.0023 -20.1041 0.532084 1.2 1 0 0
1 31311 28.7591 -57.3931 -20.7938 0.264422 1.2 1 0 0
1 31312 25.3598 -58.0609 -20.1151 -0.00271126 1.2 1 0 0
1 31313 25.9869 -57.0622 -19.0696 -0.000757914 1.2 1 0 0
1 31314 24.64 -57.9867 -20.32 -0.00602147 1.2 1 0 0
1 31315 25.9835 -57.4035 -20.8257 0.00981149 1.2 1 0 0
1 31316 26.7249 -57.2304 -19.9991 0.212946 1.2 1 0 0
1 31317 25.8126 -56.5063 -21.5385 -0.00103082 1.2 1 0 0
1 31318 27.6019 -65.2465 -21.7117 0.302177 1.2 1 0 0
1 31319 26.5848 -65.8111 -20.3354 1.5 1.2 1 0 0
1 31320 28.8365 -65.2951 -19.9802 0.837289 1.2 1 0 0
1 31321 27.9067 -65.0627 -19.364 0.302181 1.2 1 0 0
1 31322 29.0438 -66.0499 -18.791 0.586475 1.2 1 0 0
1 31323 26.4173 -64.2747 -22.5687 0.818351 1.2 1 0 0
1 31324 26.3993 -66.1638 -22.4958 0.606863 1.2 1 0 0
1 31325 25.6897 -63.7067 -19.0098 1.12767 1.2 1 0 0
1 31326 24.9598 -65.3038 -19.0836 0.612971 1.2 1 0 0
1 31327 23.5491 -65.8458 -18.9592 0.484766 1.2 1 0 0
1 31330 24.393 -63.3802 -18.5598 0.151459 1.2 1 0 0
1 31332 24.5014 -64.8703 -21.5615 1.08208 1.2 1 0 0
1 31333 24.3615 -62.8325 -20.5781 0.827708 1.2 1 0 0
1 31334 28.3678 -66.5452 -16.5928 0.983892 1.2 1 0 0
1 31335 26.2497 -64.8426 -17.3426 0.848328 1.2 1 0 0
1 31336 24.8812 -66.9222 -17.6262 1.39437 1.2 1 0 0
1 31337 25.5376 -68.3379 -16.6903 0.34393 1.2 1 0 0
1 31338 26.6806 -67.3925 -15.1358 0.518196 1.2 1 0 0
1 31339 26.5004 -67.6323 -16.39 0.72392 1.2 1 0 0
1 31340 26.6493 -68.1231 -17.9914 0.74957 1.2 1 0 0
1 31341 26.5765 -68.7146 -18.8198 0.269777 1.2 1 0 0
1 31342 25.8554 -67.9936 -19.4682 0.915267 1.2 1 0 0
1 31343 25.2091 -68.4854 -20.8149 0.638559 1.2 1 0 0
1 31344 26.1862 -67.7205 -21.3908 0.708517 1.2 1 0 0
1 31345 24.9399 -67.1571 -19.388 0.320152 1.2 1 0 0
1 31346 24.3319 -66.3036 -19.916 0.830678 1.2 1 0 0
1 31347 23.9033 -66.0499 -20.9988 0.34621 1.2 1 0 0
1 31348 23.9738 -68.8945 -21.4119 0.306487 1.2 1 0 0
1 31349 23.7865 -68.4839 -21.1977 0.150634 1.2 1 0 0
1 31350 25.7121 -68.3109 -22.0883 0.284155 1.2 1 0 0
1 31351 30.6323 -61.3737 -16.7646 1.31077 1.2 1 0 0
1 31352 32.1658 -60.2844 -16.5199 0.586039 1.2 1 0 0
1 31353 29.538 -60.2876 -15.1262 0.194909 1.2 1 0 0
1 31354 28.7415 -60.834 -13.9237 -0.00687081 1.2 1 0 0
1 31355 28.683 -59.6657 -16.3604 0.174114 1.2 1 0 0
1 31356 29.0846 -60.8564 -16.001 0.490851 1.2 1 0 0
1 31357 31.354 -61.9133 -14.1825 0.995736 1.2 1 0 0
1 31358 30.4647 -60.458 -15.0141 0.646232 1.2 1 0 0
1 31359 30.9277 -58.5928 -16.4827 1.5 1.2 1 0 0
1 31360 29.395 -59.9239 -16.3013 0.536788 1.2 1 0 0
1 31361 27.758 -61.0276 -17.2064 0.88213 1.2 1 0 0
1 31362 27.4192 -62.9501 -16.3335 0.774005 1.2 1 0 0
1 31363 26.6507 -62.2419 -15.9594 0.263812 1.2 1 0 0
1 31364 27.0964 -63.2643 -15.0229 0.179636 1.2 1 0 0
1 31365 25.8595 -63.4218 -16.5025 0.514049 1.2 1 0 0
1 31366 26.7556 -61.2781 -15.0457 -0.00487001 1.2 1 0 0
1 31367 26.2192 -60.3152 -15.7555 -0.00980348 1.2 1 0 0
1 31368 28.0796 -61.0339 -14.9875 -0.0132363 1.2 1 0 0
1 31369 27.0651 -60.3283 -15.3242 -0.00286624 1.2 1 0 0
1 31370 26.4901 -62.2094 -18.3947 0.675173 1.2 1 0 0
1 31371 26.8643 -63.0256 -17.5472 0.559601 1.2 1 0 0
1 31372 25.8401 -61.5093 -17.1785 -0.00331027 1.2 1 0 0
1 31373 29.2639 -62.3488 -12.6909 -0.0049623 1.2 1 0 0
1 31374 28.4222 -65.8583 -13.0141 0.574481 1.2 1 0 0
1 31375 29.8986 -64.5944 -15.593 1.05839 1.2 1 0 0
1 31376 28.4794 -65.0128 -16.1307 0.385085 1.2 1 0 0
1 31377 29.0527 -66.0499 -14.682 0.57793 1.2 1 0 0
1 31378 28.8118 -65.613 -15.6961 0.383651 1.2 1 0 0
1 31379 30.4917 -63.1758 -18.0123 0.775444 1.2 1 0 0
1 31380 29.7816 -63.1297 -16.5723 0.643296 1.2 1 0 0
1 31381 30.9139 -63.1183 -15.7448 0.729524 1.2 1 0 0
1 31382 29.3179 -62.6534 -14.9588 0.961539 1.2 1 0 0
1 31383 28.7603 -62.0722 -17.9696 0.678916 1.2 1 0 0
1 31384 28.4881 -64.2564 -17.8573 1.5 1.2 1 0 0
1 31385 31.3963 -59.0142 -21.0052 1.35837 1.2 1 0 0
1 31386 31.5817 -60.6957 -20.3763 0.438854 1.2 1 0 0
1 31387 29.4038 -57.9244 -20.6122 0.365191 1.2 1 0 0
1 31388 28.6001 -59.5109 -21.2116 0.995238 1.2 1 0 0
1 31389 31.0839 -58.1923 -18.8837 0.938128 1.2 1 0 0
1 31390 30.9342 -59.401 -19.3762 0.373363 1.2 1 0 0
1 31391 31.3881 -59.3703 -23.1675 0.833081 1.2 1 0 0
1 31392 30.0454 -60.3181 -21.6383 0.622976 1.2 1 0 0
1 31393 28.404 -63.3616 -19.7164 0.522157 1.2 1 0 0
1 31394 28.9609 -62.5206 -20.2791 0.494903 1.2 1 0 0
1 31395 25.2787 -61.2862 -21.5731 0.677816 1.2 1 0 0
1 31396 25.3823 -61.4415 -20.1768 0.550345 1.2 1 0 0
1 31397 25.8825 -62.1745 -19.3519 0.44765 1.2 1 0 0
1 31398 27.0611 -62.3942 -20.8868 1.5 1.2 1 0 0
1 31399 27.5734 -60.6036 -19.3139 0.833363 1.2 1 0 0
1 31400 28.1745 -63.238 -22.4045 0.562816 1.2 1 0 0
1 31401 28.7122 -63.9975 -21.1753 0.818007 1.2 1 0 0
1 31402 28.0904 -64.6209 -22.4476 0.642622 1.2 1 0 0
1 31403 30.8259 -62.6577 -19.1795 0.46567 1.2 1 0 0
1 31404 29.8304 -63.47 -19.6961 0.908541 1.2 1 0 0
1 31405 29.537 -62.6375 -18.6953 0.385361 1.2 1 0 0
1 31406 29.8894 -60.9533 -19.466 1.5 1.2 1 0 0
1 31407 28.6324 -60.2056 -18.2613 0.384439 1.2 1 0 0
1 31408 30.6599 -62.7311 -20.3891 0.400791 1.2 1 0 0
1 31409 30.9932 -61.7921 -20.8693 0.472677 1.2 1 0 0
1 31410 29.8126 -61.8862 -23.6123 0.296899 1.2 1 0 0
1 31411 30.9194 -60.4659 -23.9777 0.330768 1.2 1 0 0
1 31412 27.8361 -61.7277 -22.8122 0.673038 1.2 1 0 0
1 31413 27.2876 -60.2813 -21.9018 0.656521 1.2 1 0 0
1 31414 28.6177 -58.0186 -23.5205 0.619037 1.2 1 0 0
1 31415 28.9675 -60.0501 -23.3315 1.21501 1.2 1 0 0
1 31416 24.3989 -54.8536 -18.9244 -0.00847719 1.2 1 0 0
1 31565 25.0594 -57.8428 -15.5108 -0.00842742 1.2 1 0 0
1 31566 25.5899 -57.4745 -14.1612 -0.00856912 1.2 1 0 0
1 31567 25.4914 -57.5068 -15.0459 -0.00234619 1.2 1 0 0
1 31573 24.1443 -57.1501 -15.0326 -0.00678238 1.2 1 0 0
1 31587 27.3297 -59.9604 -13.2251 -0.00491054 1.2 1 0 0
1 31588 26.484 -60.0245 -13.4662 -0.00698396 1.2 1 0 0
1 31590 24.5321 -59.6298 -10.6479 -0.00634821 1.2 1 0 0
1 31592 24.5886 -59.5934 -12.426 -0.00174887 1.2 1 0 0
1 31593 24.9442 -58.1731 -13.7052 -0.0132623 1.2 1 0 0
1 31594 25.5024 -61.4286 -14.4963 -0.00238019 1.2 1 0 0
1 31595 25.3647 -61.1941 -16.1735 -0.00362576 1.2 1 0 0
1 31596 24.1551 -61.5752 -16.4991 -0.0123693 1.2 1 0 0
1 31629 27.9619 -62.2573 -11.3961 -0.00961719 1.2 1 0 0
1 31630 29.2201 -64.2964 -11.6898 0.292381 1.2 1 0 0
1 31631 26.8824 -63.0051 -11.4335 -0.00474762 1.2 1 0 0
1 31632 26.0776 -62.6484 -10.6907 -0.000453742 1.2 1 0 0
1 31633 26.3912 -64.7649 -11.159 -0.00741459 1.2 1 0 0
1 31634 27.6481 -64.8007 -9.35728 -0.000884822 1.2 1 0 0
1 31636 27.9772 -66.0335 -11.5304 -0.00820225 1.2 1 0 0
1 31637 27.2085 -65.723 -10.896 -0.00488313 1.2 1 0 0
1 31639 24.7712 -60.6687 -10.4945 -0.00669736 1.2 1 0 0
1 31640 24.8709 -61.7469 -11.56 -0.00163345 1.2 1 0 0
1 31651 25.6991 -64.968 -8.14308 -0.0017513 1.2 1 0 0
1 31652 25.6831 -65.461 -8.70183 -0.00444439 1.2 1 0 0
1 31655 24.0261 -63.4526 -11.3536 -0.00692766 1.2 1 0 0
1 31656 24.6919 -63.0826 -14.6903 -0.00618974 1.2 1 0 0
1 31657 25.7674 -63.5186 -14.589 -0.00708786 1.2 1 0 0
1 31658 25.7702 -62.5128 -14.6607 -0.00111725 1.2 1 0 0
1 31659 26.1743 -64.1821 -12.9444 -0.00286929 1.2 1 0 0
1 31662 28.0344 -61.9952 -13.0745 -0.00128518 1.2 1 0 0
1 31663 25.6345 -60.9263 -12.1894 -0.00982783 1.2 1 0 0
1 31664 25.7452 -65.5928 -13.3643 -0.00599965 1.2 1 0 0
1 31665 25.5447 -65.1257 -14.5245 0.0405181 1.2 1 0 0
1 31666 25.7717 -64.9573 -14.0499 -0.000318578 1.2 1 0 0
1 31667 25.2523 -66.3732 -14.424 0.27844 1.2 1 0 0
1 31668 25.5243 -67.3198 -15.2873 0.643054 1.2 1 0 0
1 31669 24.4609 -66.7978 -15.8286 0.28101 1.2 1 0 0
1 31670 25.3224 -65.2668 -16.1506 0.677408 1.2 1 0 0
1 31673 23.858 -67.8559 -15.6672 0.168109 1.2 1 0 0
1 31674 24.6971 -68.1042 -15.9157 0.571364 1.2 1 0 0
1 31676 24.1809 -64.9102 -17.8501 0.337942 1.2 1 0 0
1 31698 29.8027 -60.9425 -26.4713 -0.00679861 1.2 1 0 0
1 31700 28.3854 -60.0629 -25.0733 -0.00672256 1.2 1 0 0
1 31701 27.1799 -59.8939 -26.4115 -0.0080776 1.2 1 0 0
1 31702 28.2707 -61.5318 -25.6148 -0.00130213 1.2 1 0 0
1 31704 29.3174 -62.8972 -25.9312 -0.00496569 1.2 1 0 0
1 31705 29.0371 -59.5625 -26.0941 -0.00641312 1.2 1 0 0
1 31706 29.4792 -60.9295 -28.0401 -0.0197222 1.2 1 0 0
1 31707 27.5797 -64.7718 -25.8718 -0.0149542 1.2 1 0 0
1 31708 25.8748 -65.9954 -26.5532 -0.00130234 1.2 1 0 0
1 31710 26.9212 -65.0384 -23.9252 -0.0106388 1.2 1 0 0
1 31711 24.9043 -63.4599 -25.7598 -3.46238e-05 1.2 1 0 0
1 31714 24.7474 -62.4331 -27.6643 -0.00583915 1.2 1 0 0
1 31715 27.6158 -62.7968 -23.6339 0.272544 1.2 1 0 0
1 31716 28.2218 -64.6231 -24.2558 -0.000443935 1.2 1 0 0
1 31717 27.1162 -58.6098 -23.3291 0.970389 1.2 1 0 0
1 31718 25.9893 -59.4451 -24.3851 -0.00295927 1.2 1 0 0
1 31719 26.3467 -60.9127 -23.3272 1.07398 1.2 1 0 0
1 31720 27.5604 -60.4425 -24.8509 0.110282 1.2 1 0 0
1 31721 26.6714 -60.4822 -25.2465 -0.00547649 1.2 1 0 0
1 31722 28.3249 -63.6265 -26.7492 -0.00301962 1.2 1 0 0
1 31723 27.9648 -61.8214 -27.6477 -0.00441482 1.2 1 0 0
1 31724 27.481 -63.5256 -28.2091 -0.0206265 1.2 1 0 0
1 31726 26.2091 -63.6462 -29.2696 -0.0234737 1.2 1 0 0
1 31727 25.2623 -59.735 -22.1431 0.413838 1.2 1 0 0
1 31728 25.4399 -58.1855 -22.3482 0.563009 1.2 1 0 0
1 31731 24.4623 -60.469 -21.6949 0.448178 1.2 1 0 0
1 31743 25.0038 -63.007 -22.6876 0.771276 1.2 1 0 0
1 31744 24.0805 -63.5301 -23.9573 -0.00522704 1.2 1 0 0
1 31752 24.4789 -61.7092 -23.2262 -0.0105411 1.2 1 0 0
1 31756 24.4039 -61.0249 -25.6871 -0.0055335 1.2 1 0 0
1 31765 24.0549 -68.9602 -22.0684 0.150231 1.2 1 0 0
1 31766 24.2604 -67.2922 -21.9777 1.00888 1.2 1 0 0
1 31767 25.6476 -68.0037 -22.484 0.00458262 1.2 1 0 0
1 31770 24.5883 -67.6786 -24.5659 -0.0101217 1.2 1 0 0
1 31771 25.4185 -64.9778 -23.6543 -0.00126609 1.2 1 0 0
1 31785 24.1492 -66.2324 -27.0033 -0.00510298 1.2 1 0 0
1 31787 26.2106 -60.0878 -27.9863 -0.00239517 1.2 1 0 0
1 31788 27.838 -60.7177 -29.9748 -0.00720062 1.2 1 0 0
1 31789 24.5572 -61.5592 -27.5878 -0.0182502 1.2 1 0 0
1 31790 24.9933 -59.2427 -29.6971 -0.00597876 1.2 1 0 0
1 31803 25.8142 -57.3855 -24.2231 0.0526126 1.2 1 0 0
1 31804 26.2633 -59.6665 -25.8142 -0.0120069 1.2 1 0 0
1 31806 25.6818 -57.7191 -26.8616 -0.0104553 1.2 1 0 0
1 31810 25.2009 -57.1836 -25.9939 -0.0137786 1.2 1 0 0
1 31812 24.6119 -58.0246 -27.2268 -0.00945302 1.2 1 0 0
1 31819 25.1601 -59.535 -33.2668 -0.0151033 1.2 1 0 0
1 32030 24.315 -52.7972 -31.5583 -0.0239237 1.2 1 0 0
1 32048 30.7047 -60.1296 -8.26283 0.382659 1.2 1 0 0
1 32049 31.0309 -60.349 -8.93595 0.390691 1.2 1 0 0
1 32050 25.5436 -52.047 -8.17533 -0.00124523 1.2 1 0 0
1 32051 25.6297 -52.0263 -8.93855 -0.00761323 1.2 1 0 0
1 32052 29.7339 -52.1849 -12.5471 -0.00301707 1.2 1 0 0
1 32053 30.9154 -52.4383 -15.1143 0.237297 1.2 1 0 0
1 32054 31.2035 -56.2112 -13.5227 0.584844 1.2 1 0 0
1 32055 30.8779 -56.8673 -13.8999 0.237322 1.2 1 0 0
