# SphereID Center[X Y Z] Radius Density Region Score Weight
LeafCount 32062
NodeCount 32062
1 14691 -23.5768 -63.2058 7.30396 1.5 1.2 1 0 0
1 14905 -27.4236 -64.2397 10.4576 1.5 1.2 1 0 0
1 14911 -27.9286 -57.0382 8.95988 0.730113 1.2 1 0 0
1 14912 -31.3233 -58.5211 10.7233 1.5 1.2 1 0 0
1 14913 -28.961 -58.6982 13.9953 1.47152 1.2 1 0 0
1 14915 -30.0443 -59.9157 9.83939 0.588574 1.2 1 0 0
1 14917 -28.9254 -63.3433 9.56704 0.46261 1.2 1 0 0
1 14918 -30.5796 -62.5592 10.5942 0.50103 1.2 1 0 0
1 14920 -29.9618 -53.8268 13.6532 0.508412 1.2 1 0 0
1 14921 -36.8637 -50.2864 10.1127 1.5 1.2 1 0 0
1 14922 -31.297 -49.4188 13.1888 0.59758 1.2 1 0 0
1 14923 -34.3347 -48.0244 10.0793 1.5 1.2 1 0 0
1 14926 -35.3395 -52.806 7.19063 1.5 1.2 1 0 0
1 14927 -33.9999 -51.3158 9.58504 1.5 1.2 1 0 0
1 14949 -27.4347 -48.3693 9.63614 1.47606 1.2 1 0 0
1 14951 -28.6457 -52.2782 9.14279 0.707425 1.2 1 0 0
1 14976 -35.26 -57.2356 8.84389 0.69606 1.2 1 0 0
1 14977 -33.9999 -58.8965 8.30951 1.01875 1.2 1 0 0
1 15239 -20.9075 -53.637 19.2798 0.174503 1.2 1 0 0
1 15246 -20.7423 -60.9026 17.3288 1.5 1.2 1 0 0
1 15247 -19.0025 -58.9623 16.3344 1.25992 1.2 1 0 0
1 15248 -21.0048 -57.4409 18.0135 1.5 1.2 1 0 0
1 15249 -23.7272 -59.091 17.7591 1.5 1.2 1 0 0
1 15250 -21.6652 -59.5911 19.2399 0.982492 1.2 1 0 0
1 15251 -22.1407 -60.3451 18.3129 0.298558 1.2 1 0 0
1 15252 -21.7193 -59.2013 17.4923 0.468639 1.2 1 0 0
1 15253 -22.0521 -59.7833 18.0135 0.317814 1.2 1 0 0
1 15254 -24.1175 -61.791 15.4326 1.44388 1.2 1 0 0
1 15255 -23.3467 -59.3477 13.8796 1.5 1.2 1 0 0
1 15257 -19.7852 -57.2439 20.131 0.707929 1.2 1 0 0
1 15258 -19.6709 -58.0078 21.4248 0.387944 1.2 1 0 0
1 15259 -21.3836 -55.3638 20.7172 1.05082 1.2 1 0 0
1 15260 -21.4656 -57.0277 21.8437 0.468866 1.2 1 0 0
1 15262 -19.9687 -55.6561 22.0071 -0.00431254 1.2 1 0 0
1 15265 -21.9326 -55.276 16.1397 0.460332 1.2 1 0 0
1 15266 -19.1852 -55.108 16.7591 0.356292 1.2 1 0 0
1 15267 -20.4634 -56.36 15.9147 0.916388 1.2 1 0 0
1 15268 -18.9247 -55.0032 14.2561 0.481641 1.2 1 0 0
1 15269 -20.1092 -58.1338 13.9456 1.5 1.2 1 0 0
1 15270 -26.0677 -58.5256 12.7302 1.22171 1.2 1 0 0
1 15271 -24.887 -57.1435 14.5029 0.858048 1.2 1 0 0
1 15272 -25.1812 -57.3971 13.3696 0.339929 1.2 1 0 0
1 15273 -25.3417 -60.2519 14.6059 0.6247 1.2 1 0 0
1 15274 -27.0527 -60.9421 13.5298 1.5 1.2 1 0 0
1 15275 -25.6804 -63.0595 13.9434 1.05538 1.2 1 0 0
1 15276 -26.1102 -58.7021 15.8396 1.5 1.2 1 0 0
1 15277 -25.5032 -55.8864 12.3692 1.5 1.2 1 0 0
1 15278 -24.1631 -58.6433 10.7894 1.5 1.2 1 0 0
1 15279 -27.0793 -49.1192 17.5994 1.22122 1.2 1 0 0
1 15282 -28.6457 -49.7124 17.3448 0.473043 1.2 1 0 0
1 15283 -30.7169 -51.279 17.9373 1.02177 1.2 1 0 0
1 15284 -29.9936 -51.8434 19.1918 0.5196 1.2 1 0 0
1 15285 -28.9453 -50.0408 19.391 1.5 1.2 1 0 0
1 15286 -32.8611 -49.9511 17.4906 0.361398 1.2 1 0 0
1 15289 -30.3748 -49.2847 16.4324 1.5 1.2 1 0 0
1 15290 -28.9713 -48.15 14.0131 1.4862 1.2 1 0 0
1 15291 -25.108 -53.7722 17.6248 0.828311 1.2 1 0 0
1 15292 -26.451 -53.4692 16.8316 0.755824 1.2 1 0 0
1 15293 -25.0582 -51.6384 16.7738 0.778403 1.2 1 0 0
1 15294 -28.6457 -52.9569 16.9287 1.5 1.2 1 0 0
1 15295 -29.611 -53.6428 14.9254 0.823992 1.2 1 0 0
1 15296 -27.9608 -51.5562 18.0128 0.395522 1.2 1 0 0
1 15297 -27.3683 -53.4093 20.4416 0.794289 1.2 1 0 0
1 15298 -27.1544 -51.0152 16.4835 0.9799 1.2 1 0 0
1 15299 -24.2513 -55.5679 19.3257 1.5 1.2 1 0 0
1 15300 -28.2895 -58.4216 16.134 0.688321 1.2 1 0 0
1 15301 -25.7766 -58.8604 18.0135 0.57791 1.2 1 0 0
1 15302 -26.0519 -57.0672 17.9956 1.1943 1.2 1 0 0
1 15303 -25.5885 -54.5254 14.0257 0.580074 1.2 1 0 0
1 15304 -25.0042 -53.6308 12.8518 0.859925 1.2 1 0 0
1 15314 -27.7271 -48.5929 21.9645 1.29999 1.2 1 0 0
1 15315 -27.3571 -49.207 19.2122 0.302653 1.2 1 0 0
1 15316 -25.6799 -50.0018 22.5205 1.17049 1.2 1 0 0
1 15319 -20.3481 -52.2087 20.2241 -0.00493411 1.2 1 0 0
1 15320 -23.6391 -52.4828 23.0618 0.538077 1.2 1 0 0
1 15321 -21.5574 -50.5617 23.9824 0.779235 1.2 1 0 0
1 15322 -21.2173 -50.5647 22.0389 0.491801 1.2 1 0 0
1 15323 -21.8297 -51.064 22.884 0.419581 1.2 1 0 0
1 15324 -21.9082 -52.9712 22.5278 1.32844 1.2 1 0 0
1 15325 -23.5178 -54.5491 21.6002 1.03545 1.2 1 0 0
1 15326 -22.2568 -54.959 22.4785 0.554953 1.2 1 0 0
1 15330 -23.0772 -49.8336 17.2523 0.348026 1.2 1 0 0
1 15331 -22.2426 -51.4653 16.6092 0.253196 1.2 1 0 0
1 15332 -23.2915 -52.3685 18.0135 1.5 1.2 1 0 0
1 15333 -22.5907 -50.4931 18.7198 0.576797 1.2 1 0 0
1 15336 -21.8724 -51.2766 18.5721 0.166645 1.2 1 0 0
1 15337 -19.8287 -51.0353 20.105 -0.00797168 1.2 1 0 0
1 15341 -20.9296 -51.8018 16.022 -0.00716136 1.2 1 0 0
1 15346 -20.7377 -50.4979 11.9982 -0.00628256 1.2 1 0 0
1 15348 -19.9027 -52.8476 11.251 -0.000279248 1.2 1 0 0
1 15350 -21.6372 -51.748 11.4253 -0.000767402 1.2 1 0 0
1 15351 -23.9648 -51.37 12.3294 0.765871 1.2 1 0 0
1 15354 -26.5815 -49.0575 12.4563 1.5 1.2 1 0 0
1 15355 -24.8478 -49.7568 11.9381 0.35687 1.2 1 0 0
1 15357 -23.8683 -50.7535 14.4918 0.517966 1.2 1 0 0
1 15358 -23.0682 -52.146 15.3963 1.07576 1.2 1 0 0
1 15359 -23.1321 -51.5857 9.53122 0.826884 1.2 1 0 0
1 15360 -21.0276 -54.57 11.8325 0.904497 1.2 1 0 0
1 15361 -20.2791 -54.1019 12.7545 0.253619 1.2 1 0 0
1 15362 -19.2588 -54.5042 10.6749 0.823667 1.2 1 0 0
1 15363 -22.1373 -56.6998 12.0192 1.5 1.2 1 0 0
1 15364 -22.9453 -57.322 10.1499 0.369306 1.2 1 0 0
1 15365 -21.4419 -53.3446 9.73259 0.843444 1.2 1 0 0
1 15366 -22.1609 -52.7566 11.8572 0.0939263 1.2 1 0 0
1 15367 -21.7087 -53.8139 12.6795 0.419439 1.2 1 0 0
1 15368 -23.4343 -55.677 9.40891 1.5 1.2 1 0 0
1 15370 -22.2223 -54.5959 10.8121 0.646342 1.2 1 0 0
1 15579 -17.7684 -62.9853 9.79681 1.5 1.2 1 0 0
1 15582 -18.3752 -65.021 13.9725 1.30092 1.2 1 0 0
1 15583 -19.3121 -65.5755 11.3919 1.5 1.2 1 0 0
1 15585 -19.8987 -65.9686 13.3579 0.588945 1.2 1 0 0
1 15586 -19.3334 -63.1927 11.6984 0.896244 1.2 1 0 0
1 15593 -22.3085 -59.8685 10.7786 0.568262 1.2 1 0 0
1 15594 -22.8 -60.483 11.4124 0.349347 1.2 1 0 0
1 15595 -20.1529 -59.6906 11.3418 0.545904 1.2 1 0 0
1 15597 -22.7897 -63.6509 13.5767 1.5 1.2 1 0 0
1 15598 -23.8604 -63.6854 15.2189 0.460688 1.2 1 0 0
1 15599 -20.6144 -64.876 14.1374 0.93083 1.2 1 0 0
1 15600 -21.9294 -65.3592 14.0532 0.471111 1.2 1 0 0
1 15601 -21.3039 -62.707 12.4967 0.56269 1.2 1 0 0
1 15602 -19.8635 -62.5566 13.9655 1.5 1.2 1 0 0
1 15607 -19.4524 -67.7037 10.0018 0.503724 1.2 1 0 0
1 15608 -20.8154 -66.8541 11.8605 0.526445 1.2 1 0 0
1 15610 -19.6456 -64.4077 9.38118 0.848958 1.2 1 0 0
1 15611 -20.5593 -64.6562 10.2441 0.428152 1.2 1 0 0
1 15612 -20.0551 -62.883 8.10644 1.12484 1.2 1 0 0
1 15614 -18.1713 -67.0583 9.79861 0.928473 1.2 1 0 0
1 15631 -19.9541 -59.604 15.3679 0.240528 1.2 1 0 0
1 15633 -17.9374 -60.9518 15.1516 1.27188 1.2 1 0 0
1 15641 -17.9713 -61.5562 18.4589 1.5 1.2 1 0 0
1 15642 -18.4178 -63.5119 16.266 1.35963 1.2 1 0 0
1 15671 -17.9373 -58.8711 9.50123 1.14264 1.2 1 0 0
1 16750 -30.5042 -48.0351 19.997 1.06917 1.2 1 0 0
1 24897 -21.5723 -64.7041 8.32737 1.18362 1.2 1 0 0
1 24912 -22.7914 -67.0985 7.82627 1.5 1.2 1 0 0
1 24913 -22.9445 -67.6416 9.90986 0.601697 1.2 1 0 0
1 24915 -26.577 -66.2409 8.50562 1.42092 1.2 1 0 0
1 24917 -24.6728 -67.3161 9.25482 0.872278 1.2 1 0 0
1 24918 -24.3807 -65.2492 8.53268 0.980224 1.2 1 0 0
1 25250 -25.0855 -57.9646 8.92115 0.663945 1.2 1 0 0
1 25252 -23.2919 -58.074 8.28444 1.10937 1.2 1 0 0
1 25253 -25.8807 -59.4639 10.1703 0.489783 1.2 1 0 0
1 25254 -25.5167 -61.9388 9.98218 0.314505 1.2 1 0 0
1 25255 -28.8906 -61.4819 10.6021 1.5 1.2 1 0 0
1 25256 -27.6455 -62.5524 10.0332 0.236421 1.2 1 0 0
1 25257 -26.8644 -59.9234 11.163 0.980186 1.2 1 0 0
1 25258 -27.6395 -59.6998 9.25976 0.756233 1.2 1 0 0
1 25259 -26.7156 -62.0737 10.0769 0.810354 1.2 1 0 0
1 25262 -27.7143 -62.4673 9.27532 0.528458 1.2 1 0 0
1 25263 -25.5441 -65.1466 11.7904 0.96929 1.2 1 0 0
1 25264 -24.9965 -65.757 11.0066 0.165141 1.2 1 0 0
1 25265 -28.6457 -63.1688 11.4326 0.39494 1.2 1 0 0
1 25266 -27.9121 -62.91 12.4697 0.894777 1.2 1 0 0
1 25267 -26.9831 -61.9444 11.5512 0.674518 1.2 1 0 0
1 25268 -26.6922 -62.7352 11.0813 0.28538 1.2 1 0 0
1 25269 -23.9745 -63.6531 9.57703 0.850561 1.2 1 0 0
1 25270 -22.976 -62.5462 9.18306 0.57566 1.2 1 0 0
1 25271 -25.5273 -60.6957 8.64809 1.5 1.2 1 0 0
1 25273 -24.719 -62.4312 9.47029 0.579846 1.2 1 0 0
1 25274 -25.8324 -63.3465 8.60246 1.10174 1.2 1 0 0
1 25286 -26.1023 -56.6519 9.82277 1.22551 1.2 1 0 0
1 25287 -26.4844 -57.6232 7.30507 1.5 1.2 1 0 0
1 25289 -29.2891 -58.6581 8.67353 1.28092 1.2 1 0 0
1 25291 -28.6457 -55.592 7.88625 1.20858 1.2 1 0 0
1 25302 -28.6552 -55.6708 9.97768 0.504717 1.2 1 0 0
1 25303 -27.5187 -54.3634 12.3897 1.01886 1.2 1 0 0
1 25304 -29.2359 -55.439 11.5049 1.14054 1.2 1 0 0
1 25305 -27.9268 -59.5532 12.9026 0.256138 1.2 1 0 0
1 25306 -28.3363 -59.8584 12.0704 0.720231 1.2 1 0 0
1 25307 -28.1435 -59.669 10.3718 0.462868 1.2 1 0 0
1 25308 -27.8489 -56.1603 12.5285 0.728078 1.2 1 0 0
1 25309 -28.2516 -57.1573 13.0459 0.465151 1.2 1 0 0
1 25310 -28.2332 -57.8556 11.1178 1.5 1.2 1 0 0
1 25311 -29.9766 -57.0157 10.9934 0.357925 1.2 1 0 0
1 25312 -31.1515 -61.286 10.5938 0.7694 1.2 1 0 0
1 25313 -30.8997 -60.2573 10.1574 0.374612 1.2 1 0 0
1 25314 -32.3791 -60.2332 10.2899 0.553126 1.2 1 0 0
1 25315 -33.5262 -57.1904 9.73226 1.25262 1.2 1 0 0
1 25316 -33.4673 -57.8499 11.2986 0.443607 1.2 1 0 0
1 25317 -32.539 -57.1753 10.9751 0.330311 1.2 1 0 0
1 25318 -32.6864 -57.2802 12.0787 0.787994 1.2 1 0 0
1 25319 -33.1057 -59.3251 9.7151 0.699951 1.2 1 0 0
1 25322 -30.2388 -57.025 12.1679 0.845463 1.2 1 0 0
1 25323 -31.0632 -57.738 13.4773 0.858234 1.2 1 0 0
1 25324 -29.966 -57.4058 13.3157 0.299464 1.2 1 0 0
1 25325 -29.6555 -55.8105 14.0886 1.5 1.2 1 0 0
1 25326 -30.4116 -56.7353 15.6493 0.461656 1.2 1 0 0
1 25327 -31.16 -59.0412 12.7796 0.623199 1.2 1 0 0
1 25328 -30.0201 -59.991 12.2113 0.964398 1.2 1 0 0
1 25330 -29.5086 -59.4649 10.8476 0.549236 1.2 1 0 0
1 25332 -30.0202 -56.5116 9.56791 1.15002 1.2 1 0 0
1 25333 -31.7467 -56.7822 9.30071 0.617871 1.2 1 0 0
1 25335 -28.2169 -63.5181 7.57577 1.5 1.2 1 0 0
1 25339 -28.563 -65.6368 9.18431 0.706602 1.2 1 0 0
1 25340 -29.6521 -64.7399 9.01255 0.711562 1.2 1 0 0
1 25345 -31.6173 -60.7054 8.43025 1.5 1.2 1 0 0
1 25349 -29.5485 -63.7899 10.4069 0.643365 1.2 1 0 0
1 25350 -29.4898 -63.1032 11.5155 0.455057 1.2 1 0 0
1 25351 -30.4224 -63.0337 9.00981 1.16041 1.2 1 0 0
1 25360 -29.2155 -53.3706 11.1448 0.897121 1.2 1 0 0
1 25361 -28.2516 -52.5963 11.3536 0.354029 1.2 1 0 0
1 25362 -30.573 -52.0155 13.9058 0.655699 1.2 1 0 0
1 25363 -31.1168 -51.4345 11.943 0.56649 1.2 1 0 0
1 25364 -30.4476 -51.4497 12.8307 0.545348 1.2 1 0 0
1 25365 -31.0451 -53.1352 12.4655 1.21413 1.2 1 0 0
1 25366 -29.3908 -54.1049 12.6586 0.630087 1.2 1 0 0
1 25367 -28.5275 -54.1879 13.5604 0.532265 1.2 1 0 0
1 25368 -28.5655 -52.1995 13.1422 1.5 1.2 1 0 0
1 25369 -29.4013 -51.821 11.2058 0.611309 1.2 1 0 0
1 25370 -29.0912 -50.6536 9.62492 0.424219 1.2 1 0 0
1 25371 -29.4547 -51.1217 10.3136 0.460018 1.2 1 0 0
1 25372 -33.564 -55.1587 12.6384 0.79564 1.2 1 0 0
1 25373 -33.6771 -53.487 13.3857 1.03539 1.2 1 0 0
1 25374 -34.3659 -53.9567 10.9946 1.39295 1.2 1 0 0
1 25375 -34.7129 -52.3025 10.9112 0.299336 1.2 1 0 0
1 25376 -34.268 -51.9163 11.9312 0.854329 1.2 1 0 0
1 25377 -35.3864 -52.3415 12.7407 0.590284 1.2 1 0 0
1 25378 -34.6356 -51.9817 13.8189 0.686683 1.2 1 0 0
1 25379 -33.9999 -56.0262 11.4344 0.751112 1.2 1 0 0
1 25380 -35.4113 -55.4162 9.20874 1.12404 1.2 1 0 0
1 25381 -36.1031 -54.3357 10.2544 0.531117 1.2 1 0 0
1 25382 -33.3443 -52.6092 14.8934 0.644117 1.2 1 0 0
1 25383 -32.018 -54.6284 14.2362 1.14589 1.2 1 0 0
1 25384 -31.3679 -52.4432 15.803 1.44455 1.2 1 0 0
1 25385 -30.868 -55.7802 15.7038 0.519945 1.2 1 0 0
1 25386 -31.2968 -54.2903 15.4731 0.325289 1.2 1 0 0
1 25387 -31.0866 -54.9916 12.9656 0.470807 1.2 1 0 0
1 25388 -32.4493 -54.1714 12.6662 0.542535 1.2 1 0 0
1 25389 -30.4869 -55.3497 12.4483 0.395837 1.2 1 0 0
1 25390 -32.1027 -56.3671 13.2938 0.833561 1.2 1 0 0
1 25391 -31.1894 -54.0329 9.98381 0.38149 1.2 1 0 0
1 25392 -29.8799 -54.3687 9.67015 0.999905 1.2 1 0 0
1 25393 -32.73 -53.9953 10.2501 0.357126 1.2 1 0 0
1 25394 -32.9267 -53.1852 9.70652 0.636281 1.2 1 0 0
1 25395 -32.1781 -53.5486 11.3418 0.369208 1.2 1 0 0
1 25396 -31.0527 -52.1523 9.82092 1.5 1.2 1 0 0
1 25397 -32.7116 -52.1175 10.4237 0.231917 1.2 1 0 0
1 25398 -32.719 -52.4559 11.4548 0.853318 1.2 1 0 0
1 25399 -32.1102 -51.2306 11.4774 0.512538 1.2 1 0 0
1 25400 -31.8482 -55.3757 11.1253 1.5 1.2 1 0 0
1 25401 -33.1603 -54.7328 8.92175 1.11457 1.2 1 0 0
1 25402 -31.3882 -55.3406 8.91084 0.758863 1.2 1 0 0
1 25406 -38.6044 -47.9871 10.2422 0.996336 1.2 1 0 0
1 25408 -37.3838 -48.1036 8.06769 1.5 1.2 1 0 0
1 25418 -39.2916 -49.0104 8.84292 0.750043 1.2 1 0 0
1 25419 -38.4156 -50.8056 7.96934 1.19663 1.2 1 0 0
1 25423 -35.9382 -52.2182 11.2983 0.94824 1.2 1 0 0
1 25424 -36.6562 -51.1042 11.9191 0.493664 1.2 1 0 0
1 25425 -35.9678 -51.8425 10.1106 0.295547 1.2 1 0 0
1 25426 -38.7526 -49.9873 9.47236 0.51679 1.2 1 0 0
1 25427 -38.604 -49.4253 10.2825 0.439685 1.2 1 0 0
1 25428 -36.585 -48.5502 11.7073 0.776638 1.2 1 0 0
1 25429 -37.8919 -48.904 11.3523 0.606281 1.2 1 0 0
1 25437 -36.5215 -52.9558 9.48879 1.08868 1.2 1 0 0
1 25440 -30.3215 -50.383 14.0363 1.00001 1.2 1 0 0
1 25441 -29.6852 -49.5629 13.3173 0.242643 1.2 1 0 0
1 25444 -28.1227 -49.9819 11.9039 0.376368 1.2 1 0 0
1 25445 -29.9587 -49.7359 11.6049 1.5 1.2 1 0 0
1 25449 -34.3386 -49.8698 11.0595 0.573826 1.2 1 0 0
1 25450 -35.3105 -50.0073 12.8586 1.47568 1.2 1 0 0
1 25451 -33.2933 -49.1684 12.9689 0.670262 1.2 1 0 0
1 25452 -34.3601 -47.369 13.876 1.5 1.2 1 0 0
1 25453 -32.0878 -49.689 16.1082 0.289654 1.2 1 0 0
1 25454 -33.1032 -48.515 16.6102 1.34044 1.2 1 0 0
1 25455 -35.4141 -49.0288 14.8342 0.687239 1.2 1 0 0
1 25456 -34.0899 -50.0181 15.117 0.978858 1.2 1 0 0
1 25458 -32.5728 -50.6348 16.485 0.833016 1.2 1 0 0
1 25459 -32.9164 -51.7489 16.3532 0.339384 1.2 1 0 0
1 25460 -33.3992 -51.4574 15.523 0.664257 1.2 1 0 0
1 25461 -32.6339 -51.1754 13.4663 1.5 1.2 1 0 0
1 25462 -32.0803 -48.9822 14.4904 0.983032 1.2 1 0 0
1 25466 -32.4572 -49.7975 10.9437 1.05563 1.2 1 0 0
1 25467 -31.9891 -47.7199 12.2086 1.41981 1.2 1 0 0
1 25469 -30.1036 -49.0107 9.00608 1.19216 1.2 1 0 0
1 25471 -32.2058 -48.1746 8.5576 1.11236 1.2 1 0 0
1 25474 -32.2137 -50.293 8.85507 0.678247 1.2 1 0 0
1 25487 -30.687 -53.8968 7.30507 1.5 1.2 1 0 0
1 25569 -24.6884 -51.7554 8.67809 0.789234 1.2 1 0 0
1 25571 -27.3909 -54.1222 9.78397 1.5 1.2 1 0 0
1 25572 -25.5172 -54.9668 10.2293 0.599229 1.2 1 0 0
1 25573 -25.4345 -53.7268 8.40886 0.91105 1.2 1 0 0
1 25579 -26.5397 -50.6735 7.85966 1.5 1.2 1 0 0
1 25581 -26.724 -49.5923 10.7292 0.311624 1.2 1 0 0
1 25582 -25.7497 -51.5916 9.66418 0.662539 1.2 1 0 0
1 25583 -27.5774 -51.1229 10.5962 1.43461 1.2 1 0 0
1 25584 -26.4452 -52.6644 11.13 0.538873 1.2 1 0 0
1 26259 -20.1708 -54.8097 18.9044 0.0911673 1.2 1 0 0
1 26260 -20.3415 -52.4755 17.0063 -0.0119753 1.2 1 0 0
1 26267 -18.967 -59.8009 18.0135 0.566613 1.2 1 0 0
1 26268 -19.9761 -59.2113 18.1477 0.528927 1.2 1 0 0
1 26269 -19.9296 -61.4913 19.2478 0.588159 1.2 1 0 0
1 26270 -19.2802 -60.3559 18.5621 0.273028 1.2 1 0 0
1 26271 -23.1519 -57.5934 19.7264 0.839221 1.2 1 0 0
1 26272 -23.1064 -57.0774 18.3026 0.652317 1.2 1 0 0
1 26273 -22.7601 -57.5472 17.4618 0.343059 1.2 1 0 0
1 26274 -22.4512 -58.0117 17.1105 0.292719 1.2 1 0 0
1 26275 -21.2039 -58.864 16.0423 0.937648 1.2 1 0 0
1 26276 -21.8767 -59.4491 15.0742 0.378489 1.2 1 0 0
1 26277 -22.5151 -60.1994 15.9214 0.86352 1.2 1 0 0
1 26278 -23.105 -61.3346 17.3842 0.801649 1.2 1 0 0
1 26281 -21.4304 -57.9857 20.5211 1.0848 1.2 1 0 0
1 26282 -23.0377 -56.4872 21.0216 0.779057 1.2 1 0 0
1 26283 -20.5374 -57.0284 22.0562 0.449804 1.2 1 0 0
1 26284 -20.2884 -57.3289 21.1918 0.374664 1.2 1 0 0
1 26289 -19.4043 -57.8362 19.0185 0.418504 1.2 1 0 0
1 26290 -19.3453 -59.4238 20.0232 1.46126 1.2 1 0 0
1 26293 -18.3257 -57.1428 17.9914 0.925936 1.2 1 0 0
1 26296 -19.417 -57.1738 16.6633 0.60125 1.2 1 0 0
1 26297 -19.4449 -57.2682 15.6177 0.437635 1.2 1 0 0
1 26298 -19.2937 -57.8101 17.4241 0.344568 1.2 1 0 0
1 26300 -17.9751 -56.1613 15.5649 1.34125 1.2 1 0 0
1 26302 -21.1661 -54.4531 17.1878 1.04094 1.2 1 0 0
1 26303 -21.7108 -52.3806 16.5132 0.42286 1.2 1 0 0
1 26304 -22.8445 -56.9968 15.6966 1.49165 1.2 1 0 0
1 26305 -22.4928 -55.8088 17.6627 0.73635 1.2 1 0 0
1 26306 -22.0439 -55.3027 18.953 0.717806 1.2 1 0 0
1 26307 -22.1178 -54.061 18.8435 0.454656 1.2 1 0 0
1 26308 -22.84 -54.4457 18.0135 0.625715 1.2 1 0 0
1 26309 -22.4734 -54.3669 17.309 0.172344 1.2 1 0 0
1 26310 -19.5189 -56.0055 17.1995 0.648239 1.2 1 0 0
1 26311 -19.7078 -55.784 18.3629 0.506584 1.2 1 0 0
1 26312 -19.4354 -54.6644 15.1544 0.605758 1.2 1 0 0
1 26313 -20.2903 -53.6682 15.396 0.30739 1.2 1 0 0
1 26314 -21.3612 -54.8028 14.2997 1.5 1.2 1 0 0
1 26315 -21.4715 -56.7441 14.0695 0.449947 1.2 1 0 0
1 26316 -18.5 -56.6608 13.6854 0.652199 1.2 1 0 0
1 26317 -22.0237 -57.5591 13.9312 0.498963 1.2 1 0 0
1 26318 -20.0812 -56.5907 12.9571 0.33276 1.2 1 0 0
1 26319 -24.0049 -57.2884 13.1341 0.689787 1.2 1 0 0
1 26320 -22.9722 -57.4079 13.7733 0.474385 1.2 1 0 0
1 26321 -24.8163 -60.9801 13.4031 0.740288 1.2 1 0 0
1 26322 -27.1978 -62.9472 13.7105 0.483839 1.2 1 0 0
1 26323 -24.0851 -58.639 15.7895 0.526625 1.2 1 0 0
1 26324 -24.1823 -59.7486 15.8025 0.587247 1.2 1 0 0
1 26325 -26.2253 -61.0041 15.6869 0.809959 1.2 1 0 0
1 26326 -27.9146 -60.0392 15.3197 0.68213 1.2 1 0 0
1 26327 -27.1798 -60.3717 16.0687 0.397083 1.2 1 0 0
1 26328 -24.9383 -60.7184 17.0113 0.63375 1.2 1 0 0
1 26329 -25.5669 -59.8355 17.4175 0.513871 1.2 1 0 0
1 26330 -25.049 -60.3071 17.8097 0.27115 1.2 1 0 0
1 26331 -24.0038 -56.6031 11.1855 0.540273 1.2 1 0 0
1 26332 -24.5595 -56.8947 10.3294 0.351065 1.2 1 0 0
1 26333 -24.75 -56.2427 10.6632 0.398539 1.2 1 0 0
1 26334 -24.9556 -56.9538 10.9365 0.368641 1.2 1 0 0
1 26335 -29.3902 -50.7742 17.6902 0.404779 1.2 1 0 0
1 26336 -28.4069 -50.8546 17.4485 0.609346 1.2 1 0 0
1 26337 -29.5565 -51.8103 15.5652 0.488551 1.2 1 0 0
1 26338 -29.5878 -51.1406 16.8228 0.548842 1.2 1 0 0
1 26339 -31.2804 -49.3637 18.7187 0.931223 1.2 1 0 0
1 26341 -28.6457 -50.6492 15.1682 1.03963 1.2 1 0 0
1 26342 -27.3598 -48.7002 15.6057 0.81469 1.2 1 0 0
1 26343 -28.322 -49.3825 16.3071 0.557715 1.2 1 0 0
1 26344 -30.3505 -54.5483 16.2487 0.923064 1.2 1 0 0
1 26345 -28.0339 -52.1182 18.3873 0.283748 1.2 1 0 0
1 26346 -24.9043 -55.1632 21.2064 0.531307 1.2 1 0 0
1 26347 -25.8516 -54.1827 20.6906 0.926271 1.2 1 0 0
1 26348 -24.7021 -53.436 19.3217 0.668648 1.2 1 0 0
1 26349 -28.6457 -52.5475 19.4657 1.02563 1.2 1 0 0
1 26350 -27.5887 -51.6509 20.2054 0.530767 1.2 1 0 0
1 26351 -28.6184 -51.5795 20.6906 0.535866 1.2 1 0 0
1 26352 -26.278 -52.0759 18.7137 1.5 1.2 1 0 0
1 26353 -27.0131 -54.8429 18.8287 1.36535 1.2 1 0 0
1 26354 -24.4974 -51.4666 15.6903 0.453655 1.2 1 0 0
1 26355 -25.2712 -49.6666 15.6564 1.47899 1.2 1 0 0
1 26356 -25.8088 -52.5991 14.8056 1.4909 1.2 1 0 0
1 26357 -27.8791 -52.095 15.1192 0.595308 1.2 1 0 0
1 26358 -28.0709 -51.6302 15.8594 0.288063 1.2 1 0 0
1 26359 -26.9168 -50.7638 13.9832 0.80521 1.2 1 0 0
1 26360 -25.8537 -51.9591 12.3833 1.01491 1.2 1 0 0
1 26361 -23.0785 -54.2235 16.1617 1.09571 1.2 1 0 0
1 26362 -23.9806 -54.8605 17.39 0.556072 1.2 1 0 0
1 26363 -24.25 -56.7188 17.4081 0.732779 1.2 1 0 0
1 26364 -24.6605 -57.5482 16.5964 0.498226 1.2 1 0 0
1 26365 -25.4107 -55.3415 15.9308 1.5 1.2 1 0 0
1 26366 -24.8441 -57.1606 15.7786 0.411331 1.2 1 0 0
1 26367 -29.4899 -55.3929 15.8164 0.281509 1.2 1 0 0
1 26368 -29.4725 -57.5653 15.6879 0.62843 1.2 1 0 0
1 26369 -29.7924 -56.9312 16.3323 0.32733 1.2 1 0 0
1 26370 -28.3179 -57.7926 17.2426 0.232166 1.2 1 0 0
1 26371 -28.1754 -56.2116 16.629 1.4673 1.2 1 0 0
1 26372 -27.2739 -56.7017 14.1158 1.04297 1.2 1 0 0
1 26373 -27.7791 -57.6664 15.3364 0.518676 1.2 1 0 0
1 26374 -27.5763 -58.0507 17.2145 0.553549 1.2 1 0 0
1 26375 -26.9404 -57.4561 16.6927 0.223228 1.2 1 0 0
1 26376 -24.6937 -57.7822 19.3325 0.757928 1.2 1 0 0
1 26377 -27.6083 -56.63 18.447 0.482549 1.2 1 0 0
1 26378 -23.82 -55.4901 14.073 0.927525 1.2 1 0 0
1 26379 -23.9475 -53.74 14.1227 0.796539 1.2 1 0 0
1 26380 -27.6402 -54.3943 14.919 1.07617 1.2 1 0 0
1 26381 -26.4753 -55.2757 14.121 0.585456 1.2 1 0 0
1 26385 -20.0418 -50.1176 24.6427 -0.00786096 1.2 1 0 0
1 26390 -22.8021 -48.2515 23.0041 0.928258 1.2 1 0 0
1 26399 -22.8826 -49.0585 20.4043 1.27171 1.2 1 0 0
1 26401 -24.7814 -48.5562 23.8274 0.864834 1.2 1 0 0
1 26402 -24.3251 -48.5902 22.2167 0.809508 1.2 1 0 0
1 26406 -27.5337 -51.0694 21.4682 0.860041 1.2 1 0 0
1 26407 -27.4314 -49.9539 20.6774 0.481716 1.2 1 0 0
1 26408 -28.7708 -50.1816 21.4376 0.558923 1.2 1 0 0
1 26409 -29.5726 -48.9502 21.1844 0.690763 1.2 1 0 0
1 26410 -23.5166 -50.4048 21.5433 0.506125 1.2 1 0 0
1 26411 -24.3408 -49.7308 21.4184 0.558882 1.2 1 0 0
1 26412 -25.9569 -51.6559 22.5441 0.501606 1.2 1 0 0
1 26413 -25.6042 -51.2555 23.1756 0.215333 1.2 1 0 0
1 26414 -24.8248 -51.3633 23.0707 0.526622 1.2 1 0 0
1 26415 -24.5314 -52.2049 21.2506 1.5 1.2 1 0 0
1 26416 -25.3207 -51.1165 19.9753 0.351574 1.2 1 0 0
1 26417 -24.3367 -50.9462 19.3604 0.720255 1.2 1 0 0
1 26418 -24.4142 -49.9873 17.9006 0.924258 1.2 1 0 0
1 26420 -25.7118 -49.2948 19.9455 1.5 1.2 1 0 0
1 26425 -19.7211 -51.5397 22.8315 -0.00353851 1.2 1 0 0
1 26426 -20.242 -53.3035 23.9984 0.0691715 1.2 1 0 0
1 26428 -20.7966 -54.4179 23.0585 0.227504 1.2 1 0 0
1 26429 -20.4563 -51.8932 24.1224 0.611409 1.2 1 0 0
1 26430 -23.2915 -50.6224 23.1496 1.13039 1.2 1 0 0
1 26431 -22.2601 -51.644 23.8671 0.488936 1.2 1 0 0
1 26432 -23.2879 -49.4826 24.3835 0.469735 1.2 1 0 0
1 26433 -22.6414 -49.7615 24.0814 0.295078 1.2 1 0 0
1 26434 -22.3147 -49.8236 22.0906 0.511696 1.2 1 0 0
1 26435 -22.9039 -51.1554 21.6313 0.466702 1.2 1 0 0
1 26436 -22.6258 -53.5557 20.0829 0.97693 1.2 1 0 0
1 26437 -22.2323 -51.6854 20.4849 0.959836 1.2 1 0 0
1 26452 -22.2299 -50.8526 15.5681 -0.00697547 1.2 1 0 0
1 26457 -21.5722 -53.0344 13.4594 -0.00276541 1.2 1 0 0
1 26458 -22.1335 -50.0314 12.7212 -0.00265257 1.2 1 0 0
1 26461 -22.5391 -51.2414 10.3 0.0562028 1.2 1 0 0
1 26463 -24.73 -49.6384 13.6591 0.409146 1.2 1 0 0
1 26465 -25.1125 -49.8586 9.62749 0.766245 1.2 1 0 0
1 26466 -25.5462 -51.1753 10.9709 0.629399 1.2 1 0 0
1 26467 -24.4597 -51.1967 10.8339 0.448581 1.2 1 0 0
1 26468 -24.758 -51.355 10.0156 0.382201 1.2 1 0 0
1 26471 -19.276 -55.3415 12.6593 1.18044 1.2 1 0 0
1 26472 -20.6107 -54.8944 10.3068 0.556795 1.2 1 0 0
1 26473 -24.5438 -53.1395 10.5711 1.49907 1.2 1 0 0
1 26474 -24.5449 -55.059 10.8942 0.443834 1.2 1 0 0
1 26475 -23.1616 -54.3303 12.4601 1.117 1.2 1 0 0
1 26476 -22.7331 -55.1614 11.4884 0.231564 1.2 1 0 0
1 26477 -23.7282 -55.5279 11.4246 0.542381 1.2 1 0 0
1 26722 -19.7873 -61.2575 10.4439 0.71822 1.2 1 0 0
1 26723 -19.5715 -62.2218 9.6464 0.463909 1.2 1 0 0
1 26724 -18.2479 -60.4146 11.8329 1.5 1.2 1 0 0
1 26725 -19.5517 -59.8063 10.7105 0.324777 1.2 1 0 0
1 26726 -19.0812 -61.157 8.88841 0.924335 1.2 1 0 0
1 26728 -22.9757 -59.8101 11.9404 0.523834 1.2 1 0 0
1 26729 -21.4013 -60.7524 12.3418 1.35001 1.2 1 0 0
1 26730 -22.0892 -58.9005 11.6337 0.73468 1.2 1 0 0
1 26731 -23.3375 -61.116 10.1265 1.17539 1.2 1 0 0
1 26732 -22.5353 -59.9983 9.54921 0.306004 1.2 1 0 0
1 26733 -19.7307 -58.2289 11.4421 0.958223 1.2 1 0 0
1 26734 -20.0045 -56.8395 12.0746 0.584926 1.2 1 0 0
1 26735 -20.5377 -57.5677 12.2501 0.334455 1.2 1 0 0
1 26736 -19.4409 -60.3583 13.7388 0.749107 1.2 1 0 0
1 26737 -21.4442 -59.4842 13.5629 0.411019 1.2 1 0 0
1 26738 -19.9177 -59.7208 12.7188 0.495943 1.2 1 0 0
1 26740 -21.0516 -57.9099 10.7057 0.587461 1.2 1 0 0
1 26741 -20.3347 -57.6766 10.6578 0.167983 1.2 1 0 0
1 26742 -19.6061 -56.5676 9.63449 1.5 1.2 1 0 0
1 26744 -20.798 -59.5257 9.4072 1.5 1.2 1 0 0
1 26746 -21.8309 -57.4047 9.56888 0.862506 1.2 1 0 0
1 26748 -22.7669 -62.1981 11.8694 0.660131 1.2 1 0 0
1 26749 -23.5766 -60.9945 12.2372 0.83636 1.2 1 0 0
1 26750 -21.8357 -61.8526 13.6546 0.417107 1.2 1 0 0
1 26751 -22.9654 -61.4785 13.6113 0.679755 1.2 1 0 0
1 26752 -21.3226 -62.8581 10.4049 1.5 1.2 1 0 0
1 26753 -22.2631 -63.0713 11.9383 0.311535 1.2 1 0 0
1 26754 -19.8525 -62.1758 15.984 0.554175 1.2 1 0 0
1 26755 -20.5083 -62.838 15.735 0.4043 1.2 1 0 0
1 26756 -21.8431 -61.9543 15.1047 0.859833 1.2 1 0 0
1 26757 -20.8142 -60.3762 14.8588 1.02171 1.2 1 0 0
1 26758 -21.5158 -62.9651 16.4859 0.858482 1.2 1 0 0
1 26759 -20.2313 -63.3706 16.6691 0.500895 1.2 1 0 0
1 26760 -21.5819 -65.6835 12.6007 1.05655 1.2 1 0 0
1 26761 -21.763 -64.2573 11.8476 0.557493 1.2 1 0 0
1 26762 -24.9577 -62.7347 11.514 1.5 1.2 1 0 0
1 26763 -24.6821 -64.808 13.1957 0.713754 1.2 1 0 0
1 26764 -23.2608 -65.6269 12.9224 0.625541 1.2 1 0 0
1 26765 -22.6601 -65.068 12.7233 0.159284 1.2 1 0 0
1 26766 -23.3533 -65.6281 10.7581 1.5 1.2 1 0 0
1 26767 -22.9995 -63.5165 11.4863 0.601187 1.2 1 0 0
1 26768 -23.329 -62.8395 10.4009 0.475137 1.2 1 0 0
1 26770 -21.1166 -67.0688 9.97906 1.22769 1.2 1 0 0
1 26771 -22.2432 -67.9718 10.2313 0.237492 1.2 1 0 0
1 26772 -20.5506 -65.4625 9.51781 0.536714 1.2 1 0 0
1 26773 -21.3347 -65.0846 10.7529 0.590456 1.2 1 0 0
1 26774 -19.3919 -66.2033 7.87957 1.5 1.2 1 0 0
1 26800 -18.8677 -61.5815 16.6012 0.561991 1.2 1 0 0
1 26802 -19.4989 -62.2275 16.8383 0.371824 1.2 1 0 0
1 26803 -19.689 -62.8046 17.7234 0.699484 1.2 1 0 0
1 26815 -17.5161 -57.1928 11.8467 1.5 1.2 1 0 0
1 26848 -17.5408 -56.4781 7.45333 1.5 1.2 1 0 0
1 26852 -21.2987 -55.3415 7.8183 1.17519 1.2 1 0 0
1 26855 -19.6201 -53.3497 7.20899 1.5 1.2 1 0 0
1 26856 -19.8002 -54.4279 9.17688 0.69474 1.2 1 0 0
