# SphereID Center[X Y Z] Radius Density Region Score Weight
LeafCount 32062
NodeCount 32062
1 3027 -30.729 -43.8407 6.56449 0.585373 0.6 0 0 0
1 3029 -28.4216 -41.1169 10.1196 2 0.6 0 0 0
1 3032 -28.2965 -42.9867 6.34687 2 0.6 0 0 0
1 3037 -35.6297 -40.8301 6.48151 2 0.6 0 0 0
1 3048 -31.5752 -42.081 12.5531 2 0.6 0 0 0
1 3049 -30.6994 -43.8423 10.8804 0.581711 0.6 0 0 0
1 3051 -35.4737 -41.8365 10.2672 1.91937 0.6 0 0 0
1 3057 -32.2192 -43.7982 8.67674 2 0.6 0 0 0
1 3058 -34.8572 -44.5834 9.56946 0.893512 0.6 0 0 0
1 3059 -35.2418 -44.2273 7.18177 1.39052 0.6 0 0 0
1 3237 -24.8949 -45.3403 19.2295 -0.00172014 0.6 0 0 0
1 3239 -25.9338 -45.2665 15.8316 -0.00412679 0.6 0 0 0
1 3240 -27.7472 -44.7228 17.6009 -0.00584899 0.6 0 0 0
1 3241 -30.6369 -44.0201 14.6787 0.629856 0.6 0 0 0
1 3242 -31.1649 -44.9141 13.2596 0.858942 0.6 0 0 0
1 3243 -30.2472 -44.1939 12.5867 0.487738 0.6 0 0 0
1 3251 -21.5143 -45.3857 20.5353 -0.00220464 0.6 0 0 0
1 3266 -29.4133 -45.6687 8.33891 1.38912 0.6 0 0 0
1 3267 -29.3882 -43.9079 9.90333 0.958908 0.6 0 0 0
1 3268 -30.758 -45.4553 11.4049 1.11549 0.6 0 0 0
1 3270 -27.639 -43.521 10.0048 0.530827 0.6 0 0 0
1 3272 -28.6474 -44.8226 12.0719 1.09848 0.6 0 0 0
1 3273 -26.5017 -44.982 8.82358 1.63005 0.6 0 0 0
1 3274 -25.6004 -42.9478 7.36471 0.88197 0.6 0 0 0
1 3357 -20.367 -45.4599 19.8288 -0.00634652 0.6 0 0 0
1 3368 -20.9625 -45.0784 8.24186 -0.0143661 0.6 0 0 0
1 3369 -22.9653 -44.6576 10.7861 -0.00584609 0.6 0 0 0
1 3482 -26.979 -40.9204 2.93306 1.78975 0.6 0 0 0
1 3495 -35.6279 -43.6228 4.31652 1.53357 0.6 0 0 0
1 3500 -25.2296 -44.3192 5.52821 1.43986 0.6 0 0 0
1 3504 -32.0785 -43.549 4.34394 2 0.6 0 0 0
1 3506 -30.2156 -46.4115 3.91092 1.44269 0.6 0 0 0
1 10701 -35.3586 -44.1398 10.9469 0.48264 0.6 0 0 0
1 10702 -33.7514 -44.1427 11.3753 1.12221 0.6 0 0 0
1 10741 -24.5963 -44.3969 8.06134 0.0921202 0.6 0 0 0
1 11408 -27.0244 -44.578 22.4392 -0.0109335 1.2 1 0 0
1 11409 -23.0489 -44.3955 23.2191 0.579767 1.2 1 0 0
1 11410 -33.9655 -45.754 18.6203 0.657225 1.2 1 0 0
1 11411 -31.0719 -45.0244 16.0118 0.460588 1.2 1 0 0
1 11413 -36.9915 -41.4319 15.3784 1.5 1.2 1 0 0
1 11423 -34.6 -44.2653 19.071 0.490873 1.2 1 0 0
1 11425 -35.1788 -45.3533 12.4268 0.887487 1.2 1 0 0
1 14684 -19.6554 -62.6114 5.41031 1.5 1.2 1 0 0
1 14685 -19.2857 -64.9197 5.86815 0.882143 1.2 1 0 0
1 14686 -21.8163 -62.5673 6.04538 0.752748 1.2 1 0 0
1 14688 -22.3329 -65.1564 7.11024 0.304671 1.2 1 0 0
1 14689 -23.2728 -65.2719 6.82304 0.63885 1.2 1 0 0
1 14690 -21.3336 -63.404 7.05394 0.605584 1.2 1 0 0
1 14691 -23.5768 -63.2058 7.30396 1.5 1.2 1 0 0
1 14694 -21.7803 -64.6755 5.58199 1.39011 1.2 1 0 0
1 14695 -23.3812 -66.1215 5.51052 0.762191 1.2 1 0 0
1 14696 -23.5298 -67.4149 5.8879 0.59332 1.2 1 0 0
1 14697 -24.5513 -68.5338 7.1463 0.870581 1.2 1 0 0
1 14698 -24.2005 -67.9039 6.2446 0.283956 1.2 1 0 0
1 14699 -28.0284 -67.4266 5.81392 1.07273 1.2 1 0 0
1 14700 -24.1898 -68.3674 8.51296 0.454685 1.2 1 0 0
1 14702 -19.6874 -60.2396 4.81964 0.944153 1.2 1 0 0
1 14704 -23.7297 -62.3352 4.2941 1.48996 1.2 1 0 0
1 14705 -26.7249 -62.9726 3.95953 1.5 1.2 1 0 0
1 14711 -23.9028 -69.1969 5.13207 1.32412 1.2 1 0 0
1 14712 -21.7615 -69.4869 5.97559 0.990826 1.2 1 0 0
1 14713 -21.6252 -70.5427 3.99965 1.23773 1.2 1 0 0
1 14851 -36.7435 -46.9441 4.73341 1.48844 1.2 1 0 0
1 14904 -23.6459 -59.7492 6.31535 1.5 1.2 1 0 0
1 14905 -27.4236 -64.2397 10.4576 1.5 1.2 1 0 0
1 14906 -25.8865 -59.6074 6.64395 0.675152 1.2 1 0 0
1 14907 -27.3325 -60.6995 5.61569 1.36992 1.2 1 0 0
1 14908 -30.9299 -58.8578 7.86649 0.550354 1.2 1 0 0
1 14909 -30.8001 -56.9924 7.02075 1.5 1.2 1 0 0
1 14910 -30.0247 -59.7138 5.74507 1.5 1.2 1 0 0
1 14911 -27.9286 -57.0382 8.95988 0.730113 1.2 1 0 0
1 14912 -31.3233 -58.5211 10.7233 1.5 1.2 1 0 0
1 14913 -28.961 -58.6982 13.9953 1.47152 1.2 1 0 0
1 14914 -30.5041 -57.6512 8.80199 0.302273 1.2 1 0 0
1 14915 -30.0443 -59.9157 9.83939 0.588574 1.2 1 0 0
1 14916 -29.2182 -65.7401 7.67419 0.939193 1.2 1 0 0
1 14917 -28.9254 -63.3433 9.56704 0.46261 1.2 1 0 0
1 14918 -30.5796 -62.5592 10.5942 0.50103 1.2 1 0 0
1 14919 -28.8437 -62.5254 5.32141 1.00924 1.2 1 0 0
1 14920 -29.9618 -53.8268 13.6532 0.508412 1.2 1 0 0
1 14921 -36.8637 -50.2864 10.1127 1.5 1.2 1 0 0
1 14922 -31.297 -49.4188 13.1888 0.59758 1.2 1 0 0
1 14923 -34.3347 -48.0244 10.0793 1.5 1.2 1 0 0
1 14924 -31.151 -47.6482 10.1312 0.810663 1.2 1 0 0
1 14925 -31.375 -50.0283 6.86229 1.5 1.2 1 0 0
1 14926 -35.3395 -52.806 7.19063 1.5 1.2 1 0 0
1 14927 -33.9999 -51.3158 9.58504 1.5 1.2 1 0 0
1 14928 -32.6551 -52.6636 8.02149 0.922393 1.2 1 0 0
1 14929 -34.6999 -49.292 6.30644 1.5 1.2 1 0 0
1 14930 -21.4365 -55.1482 5.72591 0.391404 1.2 1 0 0
1 14931 -21.9932 -52.6449 3.94362 1.5 1.2 1 0 0
1 14932 -23.2915 -55.4107 5.24867 1.5 1.2 1 0 0
1 14933 -24.6346 -57.584 5.63717 0.974965 1.2 1 0 0
1 14936 -27.8157 -51.0288 4.91012 1.5 1.2 1 0 0
1 14937 -30.2182 -51.5451 5.54957 0.815567 1.2 1 0 0
1 14938 -28.3526 -55.6579 5.34801 1.24444 1.2 1 0 0
1 14942 -22.0803 -51.8179 5.71781 0.452926 1.2 1 0 0
1 14944 -25.2659 -46.7707 5.88994 0.554938 1.2 1 0 0
1 14945 -23.0571 -49.3599 6.86643 0.460487 1.2 1 0 0
1 14946 -25.5252 -49.349 6.49472 0.655519 1.2 1 0 0
1 14947 -25.2732 -51.4808 5.61223 1.17605 1.2 1 0 0
1 14949 -27.4347 -48.3693 9.63614 1.47606 1.2 1 0 0
1 14950 -28.6192 -48.7196 6.77906 1.5 1.2 1 0 0
1 14951 -28.6457 -52.2782 9.14279 0.707425 1.2 1 0 0
1 14952 -27.4686 -52.2967 8.71466 0.545258 1.2 1 0 0
1 14953 -28.9305 -51.8323 7.29339 1.21064 1.2 1 0 0
1 14956 -30.2514 -55.2665 5.62459 0.711304 1.2 1 0 0
1 14957 -30.3867 -56.1017 3.55054 1.5 1.2 1 0 0
1 14958 -34.3743 -53.671 4.99262 1.04849 1.2 1 0 0
1 14959 -33.9999 -51.324 3.55959 1.5 1.2 1 0 0
1 14960 -36.0693 -52.496 4.57834 1.0402 1.2 1 0 0
1 14965 -35.355 -54.8064 6.06078 0.78356 1.2 1 0 0
1 14970 -32.0987 -57.6443 4.77194 1.10813 1.2 1 0 0
1 14971 -32.6008 -56.6462 6.08478 0.368193 1.2 1 0 0
1 14972 -32.2721 -54.238 6.44276 0.336433 1.2 1 0 0
1 14973 -34.2823 -56.7719 4.89203 0.800574 1.2 1 0 0
1 14976 -35.26 -57.2356 8.84389 0.69606 1.2 1 0 0
1 14977 -33.9999 -58.8965 8.30951 1.01875 1.2 1 0 0
1 14978 -34.112 -56.4118 7.15787 1.5 1.2 1 0 0
1 14979 -33.603 -60.3419 6.95582 0.999844 1.2 1 0 0
1 15141 -19.3197 -49.0085 5.46618 0.522123 1.2 1 0 0
1 15143 -19.3073 -48.424 6.68182 -0.00184116 1.2 1 0 0
1 15148 -18.7402 -50.6544 6.85439 0.952716 1.2 1 0 0
1 15236 -19.0187 -54.2456 15.8959 -0.0023471 1.2 1 0 0
1 15238 -18.9385 -54.3476 18.4898 -0.00258413 1.2 1 0 0
1 15239 -20.9075 -53.637 19.2798 0.174503 1.2 1 0 0
1 15240 -19.4203 -52.0974 17.7255 -0.0163384 1.2 1 0 0
1 15246 -20.7423 -60.9026 17.3288 1.5 1.2 1 0 0
1 15247 -19.0025 -58.9623 16.3344 1.25992 1.2 1 0 0
1 15248 -21.0048 -57.4409 18.0135 1.5 1.2 1 0 0
1 15249 -23.7272 -59.091 17.7591 1.5 1.2 1 0 0
1 15250 -21.6652 -59.5911 19.2399 0.982492 1.2 1 0 0
1 15251 -22.1407 -60.3451 18.3129 0.298558 1.2 1 0 0
1 15252 -21.7193 -59.2013 17.4923 0.468639 1.2 1 0 0
1 15253 -22.0521 -59.7833 18.0135 0.317814 1.2 1 0 0
1 15254 -24.1175 -61.791 15.4326 1.44388 1.2 1 0 0
1 15255 -23.3467 -59.3477 13.8796 1.5 1.2 1 0 0
1 15257 -19.7852 -57.2439 20.131 0.707929 1.2 1 0 0
1 15258 -19.6709 -58.0078 21.4248 0.387944 1.2 1 0 0
1 15259 -21.3836 -55.3638 20.7172 1.05082 1.2 1 0 0
1 15260 -21.4656 -57.0277 21.8437 0.468866 1.2 1 0 0
1 15262 -19.9687 -55.6561 22.0071 -0.00431254 1.2 1 0 0
1 15265 -21.9326 -55.276 16.1397 0.460332 1.2 1 0 0
1 15266 -19.1852 -55.108 16.7591 0.356292 1.2 1 0 0
1 15267 -20.4634 -56.36 15.9147 0.916388 1.2 1 0 0
1 15268 -18.9247 -55.0032 14.2561 0.481641 1.2 1 0 0
1 15269 -20.1092 -58.1338 13.9456 1.5 1.2 1 0 0
1 15270 -26.0677 -58.5256 12.7302 1.22171 1.2 1 0 0
1 15271 -24.887 -57.1435 14.5029 0.858048 1.2 1 0 0
1 15272 -25.1812 -57.3971 13.3696 0.339929 1.2 1 0 0
1 15273 -25.3417 -60.2519 14.6059 0.6247 1.2 1 0 0
1 15274 -27.0527 -60.9421 13.5298 1.5 1.2 1 0 0
1 15275 -25.6804 -63.0595 13.9434 1.05538 1.2 1 0 0
1 15276 -26.1102 -58.7021 15.8396 1.5 1.2 1 0 0
1 15277 -25.5032 -55.8864 12.3692 1.5 1.2 1 0 0
1 15278 -24.1631 -58.6433 10.7894 1.5 1.2 1 0 0
1 15279 -27.0793 -49.1192 17.5994 1.22122 1.2 1 0 0
1 15280 -28.4673 -48.4492 18.3036 0.460608 1.2 1 0 0
1 15281 -29.2884 -47.4964 17.2929 0.60235 1.2 1 0 0
1 15282 -28.6457 -49.7124 17.3448 0.473043 1.2 1 0 0
1 15283 -30.7169 -51.279 17.9373 1.02177 1.2 1 0 0
1 15284 -29.9446 -51.7503 19.0062 0.304429 1.2 1 0 0
1 15285 -28.9058 -49.9692 19.313 1.38186 1.2 1 0 0
1 15286 -32.8611 -49.9511 17.4906 0.361398 1.2 1 0 0
1 15287 -30.111 -48.7001 18.8997 0.272839 1.2 1 0 0
1 15288 -29.4696 -46.2985 15.3773 0.387933 1.2 1 0 0
1 15289 -30.3748 -49.2847 16.4324 1.5 1.2 1 0 0
1 15290 -28.9713 -48.15 14.0131 1.4862 1.2 1 0 0
1 15291 -25.108 -53.7722 17.6248 0.828311 1.2 1 0 0
1 15292 -26.451 -53.4692 16.8316 0.755824 1.2 1 0 0
1 15293 -25.0582 -51.6384 16.7738 0.778403 1.2 1 0 0
1 15294 -28.6457 -52.9569 16.9287 1.5 1.2 1 0 0
1 15295 -29.611 -53.6428 14.9254 0.823992 1.2 1 0 0
1 15296 -27.9608 -51.5562 18.0128 0.395522 1.2 1 0 0
1 15297 -27.1064 -53.3385 20.2222 0.441027 1.2 1 0 0
1 15298 -27.1544 -51.0152 16.4835 0.9799 1.2 1 0 0
1 15299 -24.2513 -55.5679 19.3257 1.5 1.2 1 0 0
1 15300 -28.2895 -58.4216 16.134 0.688321 1.2 1 0 0
1 15301 -25.7766 -58.8604 18.0135 0.57791 1.2 1 0 0
1 15302 -26.0519 -57.0672 17.9956 1.1943 1.2 1 0 0
1 15303 -25.5885 -54.5254 14.0257 0.580074 1.2 1 0 0
1 15304 -25.0042 -53.6308 12.8518 0.859925 1.2 1 0 0
1 15306 -20.5943 -48.5061 22.9811 -0.0119703 1.2 1 0 0
1 15307 -21.3145 -48.51 21.3274 0.158027 1.2 1 0 0
1 15309 -18.8593 -48.5288 23.1396 -0.0107489 1.2 1 0 0
1 15310 -18.9425 -50.0255 21.9736 -0.00340317 1.2 1 0 0
1 15312 -20.101 -48.9169 21.3597 -0.00715732 1.2 1 0 0
1 15313 -25.7247 -48.0522 21.7679 0.70575 1.2 1 0 0
1 15314 -27.7271 -48.5929 21.9645 1.29999 1.2 1 0 0
1 15315 -27.3571 -49.207 19.2122 0.302653 1.2 1 0 0
1 15316 -25.6799 -50.0018 22.5205 1.17049 1.2 1 0 0
1 15317 -25.0456 -46.8538 18.5739 -0.00091443 1.2 1 0 0
1 15318 -19.5789 -53.3424 22.478 -0.0129277 1.2 1 0 0
1 15319 -20.3481 -52.2087 20.2241 -0.00493411 1.2 1 0 0
1 15320 -23.6391 -52.4828 23.0618 0.538077 1.2 1 0 0
1 15321 -21.5574 -50.5617 23.9824 0.779235 1.2 1 0 0
1 15322 -21.2173 -50.5647 22.0389 0.491801 1.2 1 0 0
1 15323 -21.8297 -51.064 22.884 0.419581 1.2 1 0 0
1 15324 -21.9082 -52.9712 22.5278 1.32844 1.2 1 0 0
1 15325 -23.5178 -54.5491 21.6002 1.03545 1.2 1 0 0
1 15326 -22.2568 -54.959 22.4785 0.554953 1.2 1 0 0
1 15327 -18.8844 -49.8097 17.4095 -0.00482232 1.2 1 0 0
1 15328 -18.8835 -50.5549 20.1419 -0.0141255 1.2 1 0 0
1 15330 -23.0772 -49.8336 17.2523 0.348026 1.2 1 0 0
1 15331 -22.2426 -51.4653 16.6092 0.253196 1.2 1 0 0
1 15332 -23.2915 -52.3685 18.0135 1.5 1.2 1 0 0
1 15333 -22.5907 -50.4931 18.7198 0.576797 1.2 1 0 0
1 15334 -19.0996 -50.6662 20.9414 -0.00267167 1.2 1 0 0
1 15335 -19.2641 -52.0109 19.1462 -0.0100009 1.2 1 0 0
1 15336 -21.8724 -51.2766 18.5721 0.166645 1.2 1 0 0
1 15337 -19.8287 -51.0353 20.105 -0.00797168 1.2 1 0 0
1 15338 -19.7588 -48.9471 18.4163 -0.0046738 1.2 1 0 0
1 15339 -20.8237 -49.3362 20.3165 -0.0111951 1.2 1 0 0
1 15341 -20.9296 -51.8018 16.022 -0.00716136 1.2 1 0 0
1 15342 -22.3479 -49.5157 14.2852 -0.0013623 1.2 1 0 0
1 15343 -21.0172 -48.982 16.0511 -0.00380676 1.2 1 0 0
1 15344 -18.7653 -50.2267 14.4335 -0.00691599 1.2 1 0 0
1 15346 -20.7377 -50.4979 11.9982 -0.00628256 1.2 1 0 0
1 15347 -18.5317 -54.1785 14.034 0.259859 1.2 1 0 0
1 15348 -19.9027 -52.8476 11.251 -0.000279248 1.2 1 0 0
1 15350 -21.6372 -51.748 11.4253 -0.000767402 1.2 1 0 0
1 15351 -23.9648 -51.37 12.3294 0.765871 1.2 1 0 0
1 15352 -25.5808 -47.7832 11.0839 0.293099 1.2 1 0 0
1 15353 -25.122 -48.1148 13.0535 0.149181 1.2 1 0 0
1 15354 -26.5815 -49.0575 12.4563 1.5 1.2 1 0 0
1 15355 -24.8478 -49.7568 11.9381 0.35687 1.2 1 0 0
1 15356 -23.6826 -48.9048 15.4926 -0.00054276 1.2 1 0 0
1 15357 -23.8683 -50.7535 14.4918 0.517966 1.2 1 0 0
1 15358 -23.0682 -52.146 15.3963 1.07576 1.2 1 0 0
1 15359 -23.1321 -51.5857 9.53122 0.826884 1.2 1 0 0
1 15360 -21.0276 -54.57 11.8325 0.904497 1.2 1 0 0
1 15361 -20.2791 -54.1019 12.7545 0.253619 1.2 1 0 0
1 15362 -19.2588 -54.5042 10.6749 0.823667 1.2 1 0 0
1 15363 -22.1373 -56.6998 12.0192 1.5 1.2 1 0 0
1 15364 -22.9453 -57.322 10.1499 0.369306 1.2 1 0 0
1 15365 -21.4419 -53.3446 9.73259 0.843444 1.2 1 0 0
1 15366 -22.1609 -52.7566 11.8572 0.0939263 1.2 1 0 0
1 15367 -21.7087 -53.8139 12.6795 0.419439 1.2 1 0 0
1 15368 -23.4343 -55.677 9.40891 1.5 1.2 1 0 0
1 15369 -22.4787 -54.124 8.35643 0.603661 1.2 1 0 0
1 15370 -22.2223 -54.5959 10.8121 0.646342 1.2 1 0 0
1 15372 -20.3821 -51.1347 9.4496 -0.0017157 1.2 1 0 0
1 15373 -19.6134 -52.1763 9.72929 -5.50475e-05 1.2 1 0 0
1 15374 -23.189 -47.077 8.64958 -0.00913937 1.2 1 0 0
1 15375 -20.6875 -46.3288 6.82765 -0.00424082 1.2 1 0 0
1 15376 -22.4744 -49.2594 8.68157 -0.000778517 1.2 1 0 0
1 15377 -19.9793 -49.3999 9.97252 -0.00320808 1.2 1 0 0
1 15378 -20.1145 -49.1274 7.62169 -0.00102939 1.2 1 0 0
1 15579 -17.7684 -62.9853 9.79681 1.5 1.2 1 0 0
1 15582 -18.3752 -65.021 13.9725 1.30092 1.2 1 0 0
1 15583 -19.3121 -65.5755 11.3919 1.5 1.2 1 0 0
1 15584 -18.3918 -66.9349 12.1518 0.308999 1.2 1 0 0
1 15585 -19.8987 -65.9686 13.3579 0.588945 1.2 1 0 0
1 15586 -19.3334 -63.1927 11.6984 0.896244 1.2 1 0 0
1 15587 -16.9841 -63.3014 12.6028 1.0414 1.2 1 0 0
1 15590 -16.0258 -65.3265 11.2981 1.5 1.2 1 0 0
1 15591 -17.8515 -65.1013 9.93569 0.615891 1.2 1 0 0
1 15593 -22.3085 -59.8685 10.7786 0.568262 1.2 1 0 0
1 15594 -22.8 -60.483 11.4124 0.349347 1.2 1 0 0
1 15595 -20.1529 -59.6906 11.3418 0.545904 1.2 1 0 0
1 15596 -20.2661 -59.3469 7.34992 0.611632 1.2 1 0 0
1 15597 -22.7897 -63.6509 13.5767 1.5 1.2 1 0 0
1 15598 -23.8604 -63.6854 15.2189 0.460688 1.2 1 0 0
1 15599 -20.6144 -64.876 14.1374 0.93083 1.2 1 0 0
1 15600 -21.9294 -65.3592 14.0532 0.471111 1.2 1 0 0
1 15601 -21.3039 -62.707 12.4967 0.56269 1.2 1 0 0
1 15602 -19.8635 -62.5566 13.9655 1.5 1.2 1 0 0
1 15603 -16.8218 -65.7283 8.6351 1.13053 1.2 1 0 0
1 15605 -18.2601 -64.7408 8.81227 0.571199 1.2 1 0 0
1 15606 -18.1075 -63.7658 7.25945 1.17359 1.2 1 0 0
1 15607 -19.4524 -67.7037 10.0018 0.503724 1.2 1 0 0
1 15608 -20.8154 -66.8541 11.8605 0.526445 1.2 1 0 0
1 15609 -20.6137 -68.207 8.27647 0.8801 1.2 1 0 0
1 15610 -19.6456 -64.4077 9.38118 0.848958 1.2 1 0 0
1 15611 -20.5593 -64.6562 10.2441 0.428152 1.2 1 0 0
1 15612 -20.0551 -62.883 8.10644 1.12484 1.2 1 0 0
1 15613 -17.5362 -67.4359 7.67741 0.71944 1.2 1 0 0
1 15614 -18.1713 -67.0583 9.79861 0.928473 1.2 1 0 0
1 15615 -17.748 -68.077 6.38538 0.738371 1.2 1 0 0
1 15630 -18.3453 -59.4233 13.7479 0.658543 1.2 1 0 0
1 15631 -19.9541 -59.604 15.3679 0.240528 1.2 1 0 0
1 15632 -17.8331 -58.3011 14.6732 0.87394 1.2 1 0 0
1 15633 -17.9374 -60.9518 15.1516 1.27188 1.2 1 0 0
1 15634 -16.5465 -59.277 17.3569 1.23436 1.2 1 0 0
1 15636 -15.9056 -59.4977 14.0141 1.47154 1.2 1 0 0
1 15641 -17.9713 -61.5562 18.4589 1.5 1.2 1 0 0
1 15642 -18.4178 -63.5119 16.266 1.35963 1.2 1 0 0
1 15651 -17.4665 -55.0625 12.0359 0.639318 1.2 1 0 0
1 15665 -19.9301 -55.1521 7.39166 0.270873 1.2 1 0 0
1 15666 -19.7191 -55.8507 5.35903 1.5 1.2 1 0 0
1 15667 -18.7479 -54.9272 8.43951 0.68251 1.2 1 0 0
1 15668 -17.3218 -53.5997 4.03964 1.5 1.2 1 0 0
1 15669 -19.3219 -52.3709 5.09319 0.839439 1.2 1 0 0
1 15671 -17.9373 -58.8711 9.50123 1.14264 1.2 1 0 0
1 15674 -16.8627 -57.9803 5.47761 1.04371 1.2 1 0 0
1 16612 -20.6325 -43.1976 28.0886 0.614766 1.2 1 0 0
1 16707 -21.2501 -44.6078 26.4765 0.0949222 1.2 1 0 0
1 16709 -22.1865 -44.427 26.855 0.736492 1.2 1 0 0
1 16710 -22.8656 -46.4525 26.1959 0.152665 1.2 1 0 0
1 16712 -20.7462 -44.8486 27.5399 0.00241815 1.2 1 0 0
1 16713 -20.3177 -45.8985 26.6725 -0.00963447 1.2 1 0 0
1 16714 -21.1917 -46.8017 26.1027 -0.017857 1.2 1 0 0
1 16715 -22.7909 -45.4253 24.8181 0.677031 1.2 1 0 0
1 16716 -21.6173 -43.639 25.5662 0.493149 1.2 1 0 0
1 16717 -26.0677 -45.8916 21.6865 -0.0036158 1.2 1 0 0
1 16718 -26.7408 -47.2542 22.0712 0.0816198 1.2 1 0 0
1 16720 -24.596 -45.8678 21.2801 -0.00981048 1.2 1 0 0
1 16721 -28.9483 -45.5064 23.8521 0.290025 1.2 1 0 0
1 16723 -27.3742 -46.9864 23.4471 0.596378 1.2 1 0 0
1 16724 -28.4087 -46.4955 23.7737 0.271743 1.2 1 0 0
1 16725 -28.2744 -44.0934 24.7488 0.370764 1.2 1 0 0
1 16729 -23.4824 -42.9943 25.1234 1.5 1.2 1 0 0
1 16732 -22.5272 -45.4615 22.3159 -0.00321886 1.2 1 0 0
1 16733 -22.2427 -44.5271 22.2954 -0.00734765 1.2 1 0 0
1 16734 -22.9396 -46.2056 23.1321 0.553136 1.2 1 0 0
1 16735 -24.1991 -44.4926 24.0289 0.477664 1.2 1 0 0
1 16736 -23.9325 -47.0549 24.7372 0.84553 1.2 1 0 0
1 16737 -25.0552 -45.1427 25.0545 1.00695 1.2 1 0 0
1 16738 -25.9686 -46.3913 24.6251 0.597876 1.2 1 0 0
1 16739 -24.8255 -44.059 26.1872 0.517212 1.2 1 0 0
1 16740 -26.1134 -43.2771 25.4422 0.89832 1.2 1 0 0
1 16743 -24.662 -46.6629 23.2492 0.804785 1.2 1 0 0
1 16744 -23.4626 -45.5591 21.5642 -0.000163424 1.2 1 0 0
1 16745 -23.8315 -44.6011 22.3152 -0.000544751 1.2 1 0 0
1 16746 -28.4133 -44.4425 20.1575 -0.00103272 1.2 1 0 0
1 16748 -27.665 -46.1284 19.2885 -0.00101843 1.2 1 0 0
1 16749 -30.5621 -45.0999 19.0354 -0.00424833 1.2 1 0 0
1 16750 -30.5042 -48.0351 19.997 1.06917 1.2 1 0 0
1 16751 -29.7158 -47.3172 18.9113 0.421068 1.2 1 0 0
1 16752 -29.1538 -47.1337 21.3487 0.136881 1.2 1 0 0
1 16753 -30.6853 -44.5396 20.3093 -0.0175614 1.2 1 0 0
1 16754 -30.2142 -46.5411 18.4094 0.0814119 1.2 1 0 0
1 16755 -30.536 -46.6562 19.4654 0.326842 1.2 1 0 0
1 16756 -32.0769 -46.2159 18.043 1.28281 1.2 1 0 0
1 16757 -32.4743 -48.1173 18.7172 0.686485 1.2 1 0 0
1 16758 -32.0405 -47.2262 19.9349 0.668154 1.2 1 0 0
1 16759 -33.228 -44.6556 19.6156 0.998374 1.2 1 0 0
1 16760 -32.6428 -46.7619 16.46 0.378353 1.2 1 0 0
1 16761 -33.732 -47.1676 17.9536 0.628044 1.2 1 0 0
1 16762 -33.166 -47.0298 17.2387 0.272543 1.2 1 0 0
1 16764 -30.9198 -43.9649 23.0467 0.387794 1.2 1 0 0
1 16765 -30.1405 -45.246 22.0716 -0.00881671 1.2 1 0 0
1 16766 -29.7053 -44.4411 22.3102 -0.0101146 1.2 1 0 0
1 16767 -31.6242 -45.8807 20.9951 0.796575 1.2 1 0 0
1 16768 -30.9681 -46.4 22.1001 0.249636 1.2 1 0 0
1 16769 -30.4061 -46.9916 20.9263 0.329977 1.2 1 0 0
1 16770 -29.0113 -47.1277 22.6558 0.59859 1.2 1 0 0
1 16771 -29.926 -47.6133 21.6352 0.718535 1.2 1 0 0
1 16772 -30.1712 -46.4495 22.2393 0.47042 1.2 1 0 0
1 16773 -31.9026 -44.2113 21.8838 0.628675 1.2 1 0 0
1 16775 -30.699 -45.5726 16.7446 0.187988 1.2 1 0 0
1 16776 -30.332 -46.3598 16.6254 0.31075 1.2 1 0 0
1 16777 -32.8338 -45.3957 16.779 0.208799 1.2 1 0 0
1 16778 -32.4338 -44.4117 16.4091 0.915911 1.2 1 0 0
1 16779 -33.0136 -44.5644 17.8203 0.413311 1.2 1 0 0
1 16782 -32.3203 -43.7203 18.0081 0.616445 1.2 1 0 0
1 16808 -33.2046 -43.8467 20.9214 0.523632 1.2 1 0 0
1 16809 -34.0216 -43.0087 19.9593 0.845638 1.2 1 0 0
1 16822 -34.3481 -43.2756 17.3527 1.5 1.2 1 0 0
1 16827 -33.3014 -45.2709 14.45 0.907995 1.2 1 0 0
1 16828 -32.4084 -46.1143 13.4695 0.663701 1.2 1 0 0
1 16829 -36.8643 -47.119 13.7329 0.990553 1.2 1 0 0
1 16830 -35.8718 -46.3803 12.9648 0.463174 1.2 1 0 0
1 16831 -34.2732 -44.6226 13.6239 0.506705 1.2 1 0 0
1 16832 -33.7934 -45.5343 12.9984 0.611264 1.2 1 0 0
1 16833 -35.1029 -46.0799 10.5515 0.643398 1.2 1 0 0
1 16834 -35.7483 -44.9363 11.2948 0.439715 1.2 1 0 0
1 16835 -37.0752 -46.3503 11.3733 1.5 1.2 1 0 0
1 16836 -36.5258 -44.2981 12.147 0.757159 1.2 1 0 0
1 16837 -36.1332 -43.3992 12.9444 0.505901 1.2 1 0 0
1 16838 -38.0213 -45.3935 13.3582 0.897911 1.2 1 0 0
1 16839 -38.1459 -43.0138 13.0529 1.5 1.2 1 0 0
1 16840 -38.1018 -44.4749 14.4819 0.540153 1.2 1 0 0
1 16841 -37.191 -44.1785 10.7067 0.734905 1.2 1 0 0
1 16842 -37.8365 -44.5176 11.7384 0.517815 1.2 1 0 0
1 16843 -34.9758 -44.4503 16.0211 0.361822 1.2 1 0 0
1 16844 -33.9434 -43.9445 15.2338 0.758514 1.2 1 0 0
1 16845 -36.3899 -45.7734 16.1642 0.499677 1.2 1 0 0
1 16846 -35.7444 -45.7915 15.7997 0.238792 1.2 1 0 0
1 16847 -36.0003 -44.7401 16.8018 0.775492 1.2 1 0 0
1 16848 -36.0714 -46.8167 15.371 0.83542 1.2 1 0 0
1 16849 -35.0378 -47.9674 15.9136 0.726303 1.2 1 0 0
1 16850 -35.6144 -47.0785 16.4431 0.359073 1.2 1 0 0
1 16851 -34.2563 -45.9913 16.4016 1.3788 1.2 1 0 0
1 16852 -36.0682 -44.6331 14.5246 1.5 1.2 1 0 0
1 16853 -36.605 -43.5477 17.0186 0.578961 1.2 1 0 0
1 16856 -40.1533 -44.9719 11.0361 0.463776 1.2 1 0 0
1 16858 -38.3316 -46.2107 8.26653 0.62597 1.2 1 0 0
1 16859 -39.0996 -46.7644 11.2195 0.554085 1.2 1 0 0
1 16860 -39.1053 -45.0334 11.9683 0.865764 1.2 1 0 0
1 16861 -38.8289 -44.0009 11.826 0.212567 1.2 1 0 0
1 16862 -40.1475 -44.1609 11.7606 0.410967 1.2 1 0 0
1 16863 -39.2423 -43.4065 10.2562 1.5 1.2 1 0 0
1 16864 -39.5436 -46.0464 9.65457 1.22407 1.2 1 0 0
1 16865 -37.5423 -44.987 9.12954 1.05848 1.2 1 0 0
1 17060 -38.6449 -43.1219 6.24382 0.708714 1.2 1 0 0
1 17062 -41.4459 -42.6375 6.20207 1.5 1.2 1 0 0
1 17063 -41.7111 -44.714 6.71059 0.654215 1.2 1 0 0
1 17064 -41.1447 -44.0894 7.10481 0.234378 1.2 1 0 0
1 17065 -41.4907 -44.1592 7.90733 0.637166 1.2 1 0 0
1 17066 -39.6013 -44.8763 7.1873 1.5 1.2 1 0 0
1 17067 -41.3541 -45.8146 5.39968 1.06653 1.2 1 0 0
1 17068 -40.4133 -46.289 6.33272 0.339988 1.2 1 0 0
1 17069 -39.7006 -45.6501 5.26763 0.57214 1.2 1 0 0
1 17070 -40.5952 -44.3348 5.30825 0.597268 1.2 1 0 0
1 17083 -39.2315 -42.3993 7.85882 1.09288 1.2 1 0 0
1 17084 -38.086 -43.5822 8.31847 0.59456 1.2 1 0 0
1 17087 -40.7818 -44.6076 9.14077 0.742401 1.2 1 0 0
1 17088 -41.0215 -42.9935 8.75106 0.866833 1.2 1 0 0
1 17096 -39.7313 -42.1019 3.97865 1.34961 1.2 1 0 0
1 24692 -19.3422 -65.6161 3.47129 1.4913 1.2 1 0 0
1 24893 -19.4392 -66.6158 5.573 0.838076 1.2 1 0 0
1 24897 -21.5723 -64.7041 8.32737 1.18362 1.2 1 0 0
1 24898 -22.9396 -65.4224 8.86255 0.450986 1.2 1 0 0
1 24899 -21.129 -60.9861 7.09004 1.25888 1.2 1 0 0
1 24900 -21.9657 -62.1872 8.34397 0.668596 1.2 1 0 0
1 24901 -22.4278 -61.795 7.52114 0.330891 1.2 1 0 0
1 24902 -29.362 -65.3582 4.90225 1.5 1.2 1 0 0
1 24903 -27.029 -64.8213 5.63752 1.00431 1.2 1 0 0
1 24905 -27.7053 -65.6913 6.86247 0.643352 1.2 1 0 0
1 24906 -28.2251 -66.952 7.47958 0.63969 1.2 1 0 0
1 24911 -21.7871 -68.3801 9.01503 0.508576 1.2 1 0 0
1 24912 -22.7914 -67.0985 7.82627 1.5 1.2 1 0 0
1 24913 -22.9445 -67.6416 9.90986 0.601697 1.2 1 0 0
1 24914 -22.5009 -68.2827 9.49136 0.283229 1.2 1 0 0
1 24915 -26.577 -66.2409 8.50562 1.42092 1.2 1 0 0
1 24916 -25.7546 -68.0155 7.88424 0.631313 1.2 1 0 0
1 24917 -24.6728 -67.3161 9.25482 0.872278 1.2 1 0 0
1 24918 -24.3807 -65.2492 8.53268 0.980224 1.2 1 0 0
1 24920 -24.952 -64.3747 5.17794 1.04673 1.2 1 0 0
1 24921 -25.5251 -66.8321 5.64035 1.5 1.2 1 0 0
1 24929 -21.6342 -59.691 6.09628 0.446781 1.2 1 0 0
1 24930 -21.3368 -58.4333 4.64029 1.5 1.2 1 0 0
1 24933 -24.6908 -62.895 5.81135 0.388243 1.2 1 0 0
1 24939 -22.7088 -61.5899 6.34857 0.565748 1.2 1 0 0
1 24940 -21.6598 -61.0703 4.94252 0.938715 1.2 1 0 0
1 24945 -18.5061 -67.6024 5.52498 0.502682 1.2 1 0 0
1 24948 -21.4237 -67.4801 4.53941 1.5 1.2 1 0 0
1 24950 -19.6492 -68.4852 6.44602 1.20712 1.2 1 0 0
1 24951 -21.3217 -67.8226 6.63609 0.525049 1.2 1 0 0
1 24952 -18.586 -69.0192 4.01559 1.44737 1.2 1 0 0
1 24953 -20.1202 -70.0143 5.29488 0.762593 1.2 1 0 0
1 24963 -22.692 -68.3791 6.27203 0.486028 1.2 1 0 0
1 25154 -41.3578 -47.1833 6.13675 0.481852 1.2 1 0 0
1 25155 -40.7818 -46.6973 6.16002 0.231465 1.2 1 0 0
1 25159 -39.8772 -50.2564 5.2784 1.05088 1.2 1 0 0
1 25161 -40.9603 -49.1683 5.4719 0.496512 1.2 1 0 0
1 25162 -39.5751 -47.7304 5.4656 1.5 1.2 1 0 0
1 25163 -38.1129 -46.8801 6.45888 0.461592 1.2 1 0 0
1 25168 -37.3094 -49.7743 3.95845 1.5 1.2 1 0 0
1 25246 -22.9122 -60.0585 8.49563 0.814307 1.2 1 0 0
1 25247 -21.9122 -59.2209 7.53051 0.682073 1.2 1 0 0
1 25248 -25.1479 -59.1006 7.48428 0.500235 1.2 1 0 0
1 25249 -25.3503 -59.7238 7.30507 0.167262 1.2 1 0 0
1 25250 -25.0855 -57.9646 8.92115 0.663945 1.2 1 0 0
1 25251 -24.0978 -59.3942 8.45002 0.443306 1.2 1 0 0
1 25252 -23.2919 -58.074 8.28444 1.10937 1.2 1 0 0
1 25253 -25.8807 -59.4639 10.1703 0.489783 1.2 1 0 0
1 25254 -25.5167 -61.9388 9.98218 0.314505 1.2 1 0 0
1 25255 -28.8906 -61.4819 10.6021 1.5 1.2 1 0 0
1 25256 -27.6455 -62.5524 10.0332 0.236421 1.2 1 0 0
1 25257 -26.8644 -59.9234 11.163 0.980186 1.2 1 0 0
1 25258 -27.6395 -59.6998 9.25976 0.756233 1.2 1 0 0
1 25259 -26.7156 -62.0737 10.0769 0.810354 1.2 1 0 0
1 25260 -27.2745 -61.8441 8.43589 0.601565 1.2 1 0 0
1 25261 -27.5366 -61.5874 9.32968 0.360992 1.2 1 0 0
1 25262 -27.7143 -62.4673 9.27532 0.528458 1.2 1 0 0
1 25263 -25.5441 -65.1466 11.7904 0.96929 1.2 1 0 0
1 25264 -24.9965 -65.757 11.0066 0.165141 1.2 1 0 0
1 25265 -28.6457 -63.1688 11.4326 0.39494 1.2 1 0 0
1 25266 -27.9121 -62.91 12.4697 0.894777 1.2 1 0 0
1 25267 -26.9831 -61.9444 11.5512 0.674518 1.2 1 0 0
1 25268 -26.6922 -62.7352 11.0813 0.28538 1.2 1 0 0
1 25269 -23.9745 -63.6531 9.57703 0.850561 1.2 1 0 0
1 25270 -22.976 -62.5462 9.18306 0.57566 1.2 1 0 0
1 25271 -25.5273 -60.6957 8.64809 1.5 1.2 1 0 0
1 25272 -25.238 -62.2675 7.58217 0.421014 1.2 1 0 0
1 25273 -24.719 -62.4312 9.47029 0.579846 1.2 1 0 0
1 25274 -25.8324 -63.3465 8.60246 1.10174 1.2 1 0 0
1 25275 -25.996 -62.8893 6.46161 1.063 1.2 1 0 0
1 25276 -25.3699 -61.1831 6.23064 0.742858 1.2 1 0 0
1 25277 -24.5484 -61.4739 7.08596 0.478206 1.2 1 0 0
1 25278 -28.6457 -60.8878 7.79028 1.1736 1.2 1 0 0
1 25279 -28.1359 -59.1908 6.9693 0.779283 1.2 1 0 0
1 25280 -28.4965 -60.1025 6.59458 0.263913 1.2 1 0 0
1 25281 -27.1692 -59.5899 7.89445 0.61702 1.2 1 0 0
1 25282 -27.6876 -59.9753 7.38037 0.208531 1.2 1 0 0
1 25283 -29.3327 -57.0254 5.70906 0.436057 1.2 1 0 0
1 25285 -28.6457 -57.7302 6.46578 0.805439 1.2 1 0 0
1 25286 -26.1023 -56.6519 9.82277 1.22551 1.2 1 0 0
1 25287 -26.4844 -57.6232 7.30507 1.5 1.2 1 0 0
1 25288 -28.4527 -57.3329 7.74317 0.537272 1.2 1 0 0
1 25289 -29.2891 -58.6581 8.67353 1.28092 1.2 1 0 0
1 25290 -29.3141 -57.0086 8.30545 0.37947 1.2 1 0 0
1 25291 -28.6457 -55.592 7.88625 1.20858 1.2 1 0 0
1 25292 -27.8753 -56.4508 6.72664 0.408883 1.2 1 0 0
1 25293 -25.5516 -59.941 5.46073 0.572009 1.2 1 0 0
1 25294 -25.0099 -59.3668 3.51789 1.5 1.2 1 0 0
1 25298 -26.3767 -58.5949 5.20911 0.807385 1.2 1 0 0
1 25299 -28.231 -58.0348 4.61112 1.11928 1.2 1 0 0
1 25302 -28.6552 -55.6708 9.97768 0.504717 1.2 1 0 0
1 25303 -27.5187 -54.3634 12.3897 1.01886 1.2 1 0 0
1 25304 -29.2359 -55.439 11.5049 1.14054 1.2 1 0 0
1 25305 -27.9268 -59.5532 12.9026 0.256138 1.2 1 0 0
1 25306 -28.3363 -59.8584 12.0704 0.720231 1.2 1 0 0
1 25307 -28.1435 -59.669 10.3718 0.462868 1.2 1 0 0
1 25308 -27.8489 -56.1603 12.5285 0.728078 1.2 1 0 0
1 25309 -28.2516 -57.1573 13.0459 0.465151 1.2 1 0 0
1 25310 -28.2332 -57.8556 11.1178 1.5 1.2 1 0 0
1 25311 -29.9766 -57.0157 10.9934 0.357925 1.2 1 0 0
1 25312 -31.1515 -61.286 10.5938 0.7694 1.2 1 0 0
1 25313 -30.8997 -60.2573 10.1574 0.374612 1.2 1 0 0
1 25314 -32.3791 -60.2332 10.2899 0.553126 1.2 1 0 0
1 25315 -33.5262 -57.1904 9.73226 1.25262 1.2 1 0 0
1 25316 -33.4673 -57.8499 11.2986 0.443607 1.2 1 0 0
1 25317 -32.539 -57.1753 10.9751 0.330311 1.2 1 0 0
1 25318 -32.6864 -57.2802 12.0787 0.787994 1.2 1 0 0
1 25319 -33.1057 -59.3251 9.7151 0.699951 1.2 1 0 0
1 25320 -33.1977 -59.8653 8.83809 0.334173 1.2 1 0 0
1 25321 -32.4789 -58.0186 8.14653 0.744926 1.2 1 0 0
1 25322 -30.2388 -57.025 12.1679 0.845463 1.2 1 0 0
1 25323 -31.0632 -57.738 13.4773 0.858234 1.2 1 0 0
1 25324 -29.966 -57.4058 13.3157 0.299464 1.2 1 0 0
1 25325 -29.6555 -55.8105 14.0886 1.5 1.2 1 0 0
1 25326 -30.4116 -56.7353 15.6493 0.461656 1.2 1 0 0
1 25327 -31.16 -59.0412 12.7796 0.623199 1.2 1 0 0
1 25328 -30.0201 -59.991 12.2113 0.964398 1.2 1 0 0
1 25329 -31.3228 -57.9909 8.74047 0.552459 1.2 1 0 0
1 25330 -29.5086 -59.4649 10.8476 0.549236 1.2 1 0 0
1 25331 -30.1885 -55.3228 8.52435 0.440735 1.2 1 0 0
1 25332 -30.0202 -56.5116 9.56791 1.15002 1.2 1 0 0
1 25333 -31.7467 -56.7822 9.30071 0.617871 1.2 1 0 0
1 25334 -28.0142 -65.3368 7.95246 0.360674 1.2 1 0 0
1 25335 -28.2169 -63.5181 7.57577 1.5 1.2 1 0 0
1 25336 -27.7224 -64.8745 8.73003 0.348464 1.2 1 0 0
1 25337 -30.4976 -64.5496 8.05354 0.540614 1.2 1 0 0
1 25338 -30.5809 -65.1436 6.9504 0.715037 1.2 1 0 0
1 25339 -28.563 -65.6368 9.18431 0.706602 1.2 1 0 0
1 25340 -29.6521 -64.7399 9.01255 0.711562 1.2 1 0 0
1 25341 -29.5494 -61.5841 6.44155 0.551543 1.2 1 0 0
1 25342 -30.0393 -61.9591 7.70772 0.570808 1.2 1 0 0
1 25343 -31.9222 -62.7421 8.14768 0.550731 1.2 1 0 0
1 25344 -32.9063 -61.8872 6.79254 0.703168 1.2 1 0 0
1 25345 -31.6173 -60.7054 8.43025 1.5 1.2 1 0 0
1 25346 -30.8478 -62.2323 7.87474 0.292756 1.2 1 0 0
1 25347 -32.9258 -63.1124 5.68525 0.42811 1.2 1 0 0
1 25348 -31.0977 -63.0445 6.2944 1.5 1.2 1 0 0
1 25349 -29.5485 -63.7899 10.4069 0.643365 1.2 1 0 0
1 25350 -29.4898 -63.1032 11.5155 0.455057 1.2 1 0 0
1 25351 -30.4224 -63.0337 9.00981 1.16041 1.2 1 0 0
1 25352 -29.723 -60.5753 8.97869 0.4606 1.2 1 0 0
1 25355 -27.4089 -62.6095 5.8221 0.512776 1.2 1 0 0
1 25356 -31.2467 -65.0682 5.80199 0.586893 1.2 1 0 0
1 25360 -29.2155 -53.3706 11.1448 0.897121 1.2 1 0 0
1 25361 -28.2516 -52.5963 11.3536 0.354029 1.2 1 0 0
1 25362 -30.573 -52.0155 13.9058 0.655699 1.2 1 0 0
1 25363 -31.1168 -51.4345 11.943 0.56649 1.2 1 0 0
1 25364 -30.4476 -51.4497 12.8307 0.545348 1.2 1 0 0
1 25365 -31.0451 -53.1352 12.4655 1.21413 1.2 1 0 0
1 25366 -29.3908 -54.1049 12.6586 0.630087 1.2 1 0 0
1 25367 -28.5275 -54.1879 13.5604 0.532265 1.2 1 0 0
1 25368 -28.5655 -52.1995 13.1422 1.5 1.2 1 0 0
1 25369 -29.4013 -51.821 11.2058 0.611309 1.2 1 0 0
1 25370 -29.0912 -50.6536 9.62492 0.424219 1.2 1 0 0
1 25371 -29.4547 -51.1217 10.3136 0.460018 1.2 1 0 0
1 25372 -33.564 -55.1587 12.6384 0.79564 1.2 1 0 0
1 25373 -33.6771 -53.487 13.3857 1.03539 1.2 1 0 0
1 25374 -34.3659 -53.9567 10.9946 1.39295 1.2 1 0 0
1 25375 -34.7129 -52.3025 10.9112 0.299336 1.2 1 0 0
1 25376 -34.268 -51.9163 11.9312 0.854329 1.2 1 0 0
1 25377 -35.3864 -52.3415 12.7407 0.590284 1.2 1 0 0
1 25378 -34.6356 -51.9817 13.8189 0.686683 1.2 1 0 0
1 25379 -33.9999 -56.0262 11.4344 0.751112 1.2 1 0 0
1 25380 -35.4113 -55.4162 9.20874 1.12404 1.2 1 0 0
1 25381 -36.1031 -54.3357 10.2544 0.531117 1.2 1 0 0
1 25382 -33.3443 -52.6092 14.8934 0.644117 1.2 1 0 0
1 25383 -32.018 -54.6284 14.2362 1.14589 1.2 1 0 0
1 25384 -31.3679 -52.4432 15.803 1.44455 1.2 1 0 0
1 25385 -30.868 -55.7802 15.7038 0.519945 1.2 1 0 0
1 25386 -31.2968 -54.2903 15.4731 0.325289 1.2 1 0 0
1 25387 -31.0866 -54.9916 12.9656 0.470807 1.2 1 0 0
1 25388 -32.4493 -54.1714 12.6662 0.542535 1.2 1 0 0
1 25389 -30.4869 -55.3497 12.4483 0.395837 1.2 1 0 0
1 25390 -32.1027 -56.3671 13.2938 0.833561 1.2 1 0 0
1 25391 -31.1894 -54.0329 9.98381 0.38149 1.2 1 0 0
1 25392 -29.8799 -54.3687 9.67015 0.999905 1.2 1 0 0
1 25393 -32.73 -53.9953 10.2501 0.357126 1.2 1 0 0
1 25394 -32.9267 -53.1852 9.70652 0.636281 1.2 1 0 0
1 25395 -32.1781 -53.5486 11.3418 0.369208 1.2 1 0 0
1 25396 -31.0527 -52.1523 9.82092 1.5 1.2 1 0 0
1 25397 -32.7116 -52.1175 10.4237 0.231917 1.2 1 0 0
1 25398 -32.719 -52.4559 11.4548 0.853318 1.2 1 0 0
1 25399 -32.1102 -51.2306 11.4774 0.512538 1.2 1 0 0
1 25400 -31.8482 -55.3757 11.1253 1.5 1.2 1 0 0
1 25401 -33.1603 -54.7328 8.92175 1.11457 1.2 1 0 0
1 25402 -31.3882 -55.3406 8.91084 0.758863 1.2 1 0 0
1 25403 -35.4 -49.115 8.49891 0.69596 1.2 1 0 0
1 25404 -35.9985 -46.2989 9.18025 0.943673 1.2 1 0 0
1 25405 -34.5057 -47.1718 8.07811 0.681943 1.2 1 0 0
1 25406 -38.6044 -47.9871 10.2422 0.996336 1.2 1 0 0
1 25407 -38.8056 -47.2673 8.94705 0.368368 1.2 1 0 0
1 25408 -37.3838 -48.1036 8.06769 1.5 1.2 1 0 0
1 25409 -36.5055 -48.1424 10.2684 0.679359 1.2 1 0 0
1 25410 -35.7368 -46.6469 10.2936 0.245071 1.2 1 0 0
1 25411 -35.5712 -47.0221 6.85459 0.9345 1.2 1 0 0
1 25412 -37.2095 -45.7614 6.94565 1.05547 1.2 1 0 0
1 25413 -35.937 -46.0242 7.77875 0.473957 1.2 1 0 0
1 25414 -38.4859 -50.5999 6.41761 0.356304 1.2 1 0 0
1 25415 -37.1675 -50.2272 6.32402 0.912698 1.2 1 0 0
1 25416 -40.1039 -49.3256 6.92131 0.723379 1.2 1 0 0
1 25417 -39.1621 -48.8708 7.56341 0.501327 1.2 1 0 0
1 25418 -39.2916 -49.0104 8.84292 0.750043 1.2 1 0 0
1 25419 -38.4156 -50.8056 7.96934 1.19663 1.2 1 0 0
1 25420 -38.1907 -49.5845 8.92384 0.365695 1.2 1 0 0
1 25421 -38.6511 -49.4845 6.5492 0.757247 1.2 1 0 0
1 25422 -37.5778 -48.6791 5.92301 0.723602 1.2 1 0 0
1 25423 -35.9382 -52.2182 11.2983 0.94824 1.2 1 0 0
1 25424 -36.6562 -51.1042 11.9191 0.493664 1.2 1 0 0
1 25425 -35.9678 -51.8425 10.1106 0.295547 1.2 1 0 0
1 25426 -38.7526 -49.9873 9.47236 0.51679 1.2 1 0 0
1 25427 -38.604 -49.4253 10.2825 0.439685 1.2 1 0 0
1 25428 -36.585 -48.5502 11.7073 0.776638 1.2 1 0 0
1 25429 -37.8919 -48.904 11.3523 0.606281 1.2 1 0 0
1 25430 -35.9981 -50.5345 7.95389 0.839043 1.2 1 0 0
1 25431 -36.0302 -50.9918 6.67655 0.502414 1.2 1 0 0
1 25432 -35.8786 -51.5118 8.6923 0.391625 1.2 1 0 0
1 25433 -39.3081 -51.9314 7.25957 0.399664 1.2 1 0 0
1 25434 -37.4326 -54.4721 6.9041 1.17632 1.2 1 0 0
1 25435 -36.6607 -54.3812 8.56659 0.614797 1.2 1 0 0
1 25436 -37.5264 -54.5936 8.36624 0.293853 1.2 1 0 0
1 25437 -36.5215 -52.9558 9.48879 1.08868 1.2 1 0 0
1 25438 -38.3626 -52.2857 5.65044 1.5 1.2 1 0 0
1 25439 -36.7414 -51.5928 6.48456 0.44828 1.2 1 0 0
1 25440 -30.3215 -50.383 14.0363 1.00001 1.2 1 0 0
1 25441 -29.6852 -49.5629 13.3173 0.242643 1.2 1 0 0
1 25442 -31.3001 -46.7535 15.183 1.47048 1.2 1 0 0
1 25443 -30.4739 -46.8775 13.2648 0.610204 1.2 1 0 0
1 25444 -28.1227 -49.9819 11.9039 0.376368 1.2 1 0 0
1 25445 -29.9587 -49.7359 11.6049 1.5 1.2 1 0 0
1 25446 -33.8804 -46.4293 11.7894 0.833999 1.2 1 0 0
1 25447 -35.1556 -47.2104 11.8852 0.644263 1.2 1 0 0
1 25448 -34.8724 -46.7157 11.1648 0.269653 1.2 1 0 0
1 25449 -34.3386 -49.8698 11.0595 0.573826 1.2 1 0 0
1 25450 -35.3105 -50.0073 12.8586 1.47568 1.2 1 0 0
1 25451 -33.2933 -49.1684 12.9689 0.670262 1.2 1 0 0
1 25452 -34.3601 -47.369 13.876 1.5 1.2 1 0 0
1 25453 -32.0878 -49.689 16.1082 0.289654 1.2 1 0 0
1 25454 -33.1032 -48.515 16.6102 1.34044 1.2 1 0 0
1 25455 -35.4141 -49.0288 14.8342 0.687239 1.2 1 0 0
1 25456 -34.0899 -50.0181 15.117 0.978858 1.2 1 0 0
1 25457 -33.4848 -48.7469 14.8763 0.414474 1.2 1 0 0
1 25458 -32.5728 -50.6348 16.485 0.833016 1.2 1 0 0
1 25459 -32.9164 -51.7489 16.3532 0.339384 1.2 1 0 0
1 25460 -33.3992 -51.4574 15.523 0.664257 1.2 1 0 0
1 25461 -32.6339 -51.1754 13.4663 1.5 1.2 1 0 0
1 25462 -32.0803 -48.9822 14.4904 0.983032 1.2 1 0 0
1 25463 -28.5985 -47.1916 9.19655 0.236888 1.2 1 0 0
1 25464 -29.5788 -47.6885 10.5747 0.823323 1.2 1 0 0
1 25465 -32.7167 -46.9598 10.5545 0.494281 1.2 1 0 0
1 25466 -32.4572 -49.7975 10.9437 1.05563 1.2 1 0 0
1 25467 -31.9891 -47.7199 12.2086 1.41981 1.2 1 0 0
1 25468 -31.1095 -46.4176 12.8424 0.273117 1.2 1 0 0
1 25469 -30.1036 -49.0107 9.00608 1.19216 1.2 1 0 0
1 25470 -30.5502 -48.0126 7.50457 0.658404 1.2 1 0 0
1 25471 -32.2058 -48.1746 8.5576 1.11236 1.2 1 0 0
1 25472 -33.1639 -47.1149 8.86901 0.343822 1.2 1 0 0
1 25473 -33.0904 -48.8708 7.41154 0.494045 1.2 1 0 0
1 25474 -32.2137 -50.293 8.85507 0.678247 1.2 1 0 0
1 25475 -33.3372 -49.5221 8.60252 0.647696 1.2 1 0 0
1 25476 -33.5966 -52.4306 7.30508 0.283402 1.2 1 0 0
1 25477 -32.3995 -52.4999 5.55922 1.31634 1.2 1 0 0
1 25478 -35.6607 -54.8908 7.48161 0.612248 1.2 1 0 0
1 25479 -34.3729 -54.5033 7.80668 0.532627 1.2 1 0 0
1 25480 -33.2817 -54.2624 7.06178 0.806144 1.2 1 0 0
1 25481 -35.7528 -50.9386 5.32142 0.688648 1.2 1 0 0
1 25482 -34.2963 -51.4763 5.75114 0.716735 1.2 1 0 0
1 25485 -30.8543 -51.9541 6.84422 0.494951 1.2 1 0 0
1 25486 -30.7123 -51.6971 7.85305 0.54832 1.2 1 0 0
1 25487 -30.687 -53.8968 7.30507 1.5 1.2 1 0 0
1 25488 -33.4909 -51.2177 7.20356 0.937211 1.2 1 0 0
1 25489 -33.0136 -50.5124 5.40432 0.743801 1.2 1 0 0
1 25491 -32.2821 -48.4492 5.50786 0.769566 1.2 1 0 0
1 25499 -21.1437 -52.4113 5.93266 0.675401 1.2 1 0 0
1 25500 -21.6435 -54.0233 6.21874 0.851317 1.2 1 0 0
1 25501 -20.5616 -53.5914 5.33563 0.610525 1.2 1 0 0
1 25505 -24.9414 -54.427 6.09011 0.383566 1.2 1 0 0
1 25506 -24.6716 -53.4663 5.38056 0.840823 1.2 1 0 0
1 25508 -27.0806 -56.8733 5.52968 0.517371 1.2 1 0 0
1 25510 -25.5258 -55.3157 5.47858 0.748046 1.2 1 0 0
1 25511 -25.4129 -56.3615 6.20021 0.38061 1.2 1 0 0
1 25512 -25.8956 -56.6195 5.57925 0.440505 1.2 1 0 0
1 25513 -26.3257 -56.4905 3.69141 1.5 1.2 1 0 0
1 25516 -21.7149 -56.2459 6.34071 0.590396 1.2 1 0 0
1 25517 -22.8334 -57.4921 6.23919 0.850224 1.2 1 0 0
1 25518 -22.4599 -57.1272 7.36708 0.392675 1.2 1 0 0
1 25519 -24.682 -56.8947 8.18108 0.632305 1.2 1 0 0
1 25520 -24.9686 -55.3966 7.2775 1.13229 1.2 1 0 0
1 25521 -23.3202 -56.3749 7.27719 0.745964 1.2 1 0 0
1 25522 -23.1731 -54.8489 7.40188 0.686814 1.2 1 0 0
1 25537 -29.5892 -49.0405 4.28727 1.1931 1.2 1 0 0
1 25539 -29.2072 -52.1446 5.76101 0.373499 1.2 1 0 0
1 25540 -29.6103 -53.4418 4.71721 1.33961 1.2 1 0 0
1 25550 -21.4793 -50.1962 5.7982 1.22263 1.2 1 0 0
1 25553 -24.5586 -48.0125 6.92776 0.891242 1.2 1 0 0
1 25554 -24.2707 -46.2943 6.1345 0.394803 1.2 1 0 0
1 25555 -26.3877 -47.792 6.21357 0.981956 1.2 1 0 0
1 25556 -26.7633 -49.3876 5.91891 0.651789 1.2 1 0 0
1 25557 -25.2065 -49.0336 4.38635 1.5 1.2 1 0 0
1 25559 -24.146 -50.2452 7.17672 0.969471 1.2 1 0 0
1 25560 -24.564 -49.3977 8.03231 0.305308 1.2 1 0 0
1 25565 -23.1147 -48.5438 5.27326 0.824292 1.2 1 0 0
1 25566 -24.057 -46.7897 4.79807 1.04645 1.2 1 0 0
1 25567 -23.2915 -52.565 7.05521 1.5 1.2 1 0 0
1 25568 -25.3778 -52.4445 7.51665 0.640075 1.2 1 0 0
1 25569 -24.6884 -51.7554 8.67809 0.789234 1.2 1 0 0
1 25570 -26.709 -55.3112 7.99414 0.751382 1.2 1 0 0
1 25571 -27.3909 -54.1222 9.78397 1.5 1.2 1 0 0
1 25572 -25.5172 -54.9668 10.2293 0.599229 1.2 1 0 0
1 25573 -25.4345 -53.7268 8.40886 0.91105 1.2 1 0 0
1 25574 -26.3237 -52.5472 8.84244 0.622684 1.2 1 0 0
1 25575 -24.0624 -54.1227 8.23158 0.528046 1.2 1 0 0
1 25576 -24.9333 -53.9475 7.30507 0.317531 1.2 1 0 0
1 25577 -27.1796 -49.0414 8.04679 0.263085 1.2 1 0 0
1 25578 -27.8066 -49.4384 8.24392 0.310627 1.2 1 0 0
1 25579 -26.5397 -50.6735 7.85966 1.5 1.2 1 0 0
1 25580 -28.1128 -50.557 6.73988 0.402256 1.2 1 0 0
1 25581 -26.724 -49.5923 10.7292 0.311624 1.2 1 0 0
1 25582 -25.7497 -51.5916 9.66418 0.662539 1.2 1 0 0
1 25583 -27.5774 -51.1229 10.5962 1.43461 1.2 1 0 0
1 25584 -26.4452 -52.6644 11.13 0.538873 1.2 1 0 0
1 25585 -26.7677 -53.6799 6.40046 1.5 1.2 1 0 0
1 25586 -26.6071 -51.7771 6.30844 0.357461 1.2 1 0 0
1 25587 -27.9356 -54.364 7.46986 0.224998 1.2 1 0 0
1 25588 -28.5323 -53.69 7.72071 0.703878 1.2 1 0 0
1 25589 -27.3523 -51.8646 6.57737 0.415272 1.2 1 0 0
1 25590 -27.4475 -52.1913 7.38522 0.317942 1.2 1 0 0
1 25611 -32.5276 -55.1386 5.08948 1.30699 1.2 1 0 0
1 25625 -38.7702 -54.2573 5.94332 0.484563 1.2 1 0 0
1 25626 -38.1955 -55.3415 5.48243 0.553564 1.2 1 0 0
1 25627 -36.3195 -55.6047 7.11601 0.425759 1.2 1 0 0
1 25628 -36.5698 -56.5635 5.28241 1.48996 1.2 1 0 0
1 25635 -35.7319 -58.0132 6.90292 0.788009 1.2 1 0 0
1 25636 -36.203 -56.5836 7.85889 0.709114 1.2 1 0 0
1 25637 -32.2511 -59.7235 6.03729 0.745509 1.2 1 0 0
1 25639 -34.2029 -59.2081 4.78928 1.5 1.2 1 0 0
1 25640 -34.9749 -60.1113 6.34736 0.450279 1.2 1 0 0
1 25654 -33.1955 -61.7484 4.77628 1.23278 1.2 1 0 0
1 26112 -17.9168 -49.0555 6.20996 0.414101 1.2 1 0 0
1 26118 -17.0729 -52.1036 7.1592 0.826987 1.2 1 0 0
1 26123 -17.5092 -51.5447 5.40089 0.972088 1.2 1 0 0
1 26124 -18.2969 -49.9873 5.29928 0.693759 1.2 1 0 0
1 26259 -20.1708 -54.8097 18.9044 0.0911673 1.2 1 0 0
1 26260 -20.3415 -52.4755 17.0063 -0.0119753 1.2 1 0 0
1 26267 -18.967 -59.8009 18.0135 0.566613 1.2 1 0 0
1 26268 -19.9761 -59.2113 18.1477 0.528927 1.2 1 0 0
1 26269 -19.9296 -61.4913 19.2478 0.588159 1.2 1 0 0
1 26270 -19.2802 -60.3559 18.5621 0.273028 1.2 1 0 0
1 26271 -23.1519 -57.5934 19.7264 0.839221 1.2 1 0 0
1 26272 -23.1064 -57.0774 18.3026 0.652317 1.2 1 0 0
1 26273 -22.7601 -57.5472 17.4618 0.343059 1.2 1 0 0
1 26274 -22.4512 -58.0117 17.1105 0.292719 1.2 1 0 0
1 26275 -21.2039 -58.864 16.0423 0.937648 1.2 1 0 0
1 26276 -21.8767 -59.4491 15.0742 0.378489 1.2 1 0 0
1 26277 -22.5151 -60.1994 15.9214 0.86352 1.2 1 0 0
1 26278 -23.105 -61.3346 17.3842 0.801649 1.2 1 0 0
1 26279 -19.4773 -55.8122 19.119 0.0646028 1.2 1 0 0
1 26281 -21.4304 -57.9857 20.5211 1.0848 1.2 1 0 0
1 26282 -23.0377 -56.4872 21.0216 0.779057 1.2 1 0 0
1 26283 -20.5374 -57.0284 22.0562 0.449804 1.2 1 0 0
1 26284 -20.2884 -57.3289 21.1918 0.374664 1.2 1 0 0
1 26287 -17.6366 -58.9033 18.9638 0.615519 1.2 1 0 0
1 26289 -19.4043 -57.8362 19.0185 0.418504 1.2 1 0 0
1 26290 -19.3453 -59.4238 20.0232 1.46126 1.2 1 0 0
1 26292 -17.723 -60.6957 20.6906 0.684998 1.2 1 0 0
1 26293 -18.3257 -57.1428 17.9914 0.925936 1.2 1 0 0
1 26296 -19.417 -57.1738 16.6633 0.60125 1.2 1 0 0
1 26297 -19.4449 -57.2682 15.6177 0.437635 1.2 1 0 0
1 26298 -19.2937 -57.8101 17.4241 0.344568 1.2 1 0 0
1 26299 -18.278 -57.5666 16.7393 0.363761 1.2 1 0 0
1 26300 -17.9751 -56.1613 15.5649 1.34125 1.2 1 0 0
1 26302 -21.1661 -54.4531 17.1878 1.04094 1.2 1 0 0
1 26303 -21.7108 -52.3806 16.5132 0.42286 1.2 1 0 0
1 26304 -22.8445 -56.9968 15.6966 1.49165 1.2 1 0 0
1 26305 -22.4928 -55.8088 17.6627 0.73635 1.2 1 0 0
1 26306 -22.0439 -55.3027 18.953 0.717806 1.2 1 0 0
1 26307 -22.1178 -54.061 18.8435 0.454656 1.2 1 0 0
1 26308 -22.84 -54.4457 18.0135 0.625715 1.2 1 0 0
1 26309 -22.4734 -54.3669 17.309 0.172344 1.2 1 0 0
1 26310 -19.5189 -56.0055 17.1995 0.648239 1.2 1 0 0
1 26311 -19.7078 -55.784 18.3629 0.506584 1.2 1 0 0
1 26312 -19.4354 -54.6644 15.1544 0.605758 1.2 1 0 0
1 26313 -20.2903 -53.6682 15.396 0.30739 1.2 1 0 0
1 26314 -21.3612 -54.8028 14.2997 1.5 1.2 1 0 0
1 26315 -21.4715 -56.7441 14.0695 0.449947 1.2 1 0 0
1 26316 -18.5 -56.6608 13.6854 0.652199 1.2 1 0 0
1 26317 -22.0237 -57.5591 13.9312 0.498963 1.2 1 0 0
1 26318 -20.0812 -56.5907 12.9571 0.33276 1.2 1 0 0
1 26319 -24.0049 -57.2884 13.1341 0.689787 1.2 1 0 0
1 26320 -22.9722 -57.4079 13.7733 0.474385 1.2 1 0 0
1 26321 -24.8163 -60.9801 13.4031 0.740288 1.2 1 0 0
1 26322 -27.1978 -62.9472 13.7105 0.483839 1.2 1 0 0
1 26323 -24.0851 -58.639 15.7895 0.526625 1.2 1 0 0
1 26324 -24.1823 -59.7486 15.8025 0.587247 1.2 1 0 0
1 26325 -26.2253 -61.0041 15.6869 0.809959 1.2 1 0 0
1 26326 -27.9146 -60.0392 15.3197 0.68213 1.2 1 0 0
1 26327 -27.1798 -60.3717 16.0687 0.397083 1.2 1 0 0
1 26328 -24.9383 -60.7184 17.0113 0.63375 1.2 1 0 0
1 26329 -25.5669 -59.8355 17.4175 0.513871 1.2 1 0 0
1 26330 -25.049 -60.3071 17.8097 0.27115 1.2 1 0 0
1 26331 -24.0038 -56.6031 11.1855 0.540273 1.2 1 0 0
1 26332 -24.5595 -56.8947 10.3294 0.351065 1.2 1 0 0
1 26333 -24.75 -56.2427 10.6632 0.398539 1.2 1 0 0
1 26334 -24.9556 -56.9538 10.9365 0.368641 1.2 1 0 0
1 26335 -29.3902 -50.7742 17.6902 0.404779 1.2 1 0 0
1 26336 -28.4069 -50.8546 17.4485 0.609346 1.2 1 0 0
1 26337 -29.5565 -51.8103 15.5652 0.488551 1.2 1 0 0
1 26338 -29.5878 -51.1406 16.8228 0.548842 1.2 1 0 0
1 26339 -31.2804 -49.3637 18.7187 0.931223 1.2 1 0 0
1 26340 -30.4846 -47.8829 18.2029 0.731474 1.2 1 0 0
1 26341 -28.6457 -50.6492 15.1682 1.03963 1.2 1 0 0
1 26342 -27.3598 -48.7002 15.6057 0.81469 1.2 1 0 0
1 26343 -28.322 -49.3825 16.3071 0.557715 1.2 1 0 0
1 26344 -30.3505 -54.5483 16.2487 0.923064 1.2 1 0 0
1 26345 -28.0339 -52.1182 18.3873 0.283748 1.2 1 0 0
1 26346 -24.9043 -55.1632 21.2064 0.531307 1.2 1 0 0
1 26347 -25.8516 -54.1827 20.6906 0.926271 1.2 1 0 0
1 26348 -24.7021 -53.436 19.3217 0.668648 1.2 1 0 0
1 26349 -28.4265 -52.3862 19.1 0.566655 1.2 1 0 0
1 26350 -27.5887 -51.6509 20.2054 0.530767 1.2 1 0 0
1 26351 -28.3825 -51.3265 20.4185 0.0899823 1.2 1 0 0
1 26352 -26.278 -52.0759 18.7137 1.5 1.2 1 0 0
1 26353 -27.0131 -54.8429 18.8287 1.36535 1.2 1 0 0
1 26354 -24.4974 -51.4666 15.6903 0.453655 1.2 1 0 0
1 26355 -25.2712 -49.6666 15.6564 1.47899 1.2 1 0 0
1 26356 -25.8088 -52.5991 14.8056 1.4909 1.2 1 0 0
1 26357 -27.8791 -52.095 15.1192 0.595308 1.2 1 0 0
1 26358 -28.0709 -51.6302 15.8594 0.288063 1.2 1 0 0
1 26359 -26.9168 -50.7638 13.9832 0.80521 1.2 1 0 0
1 26360 -25.8537 -51.9591 12.3833 1.01491 1.2 1 0 0
1 26361 -23.0785 -54.2235 16.1617 1.09571 1.2 1 0 0
1 26362 -23.9806 -54.8605 17.39 0.556072 1.2 1 0 0
1 26363 -24.25 -56.7188 17.4081 0.732779 1.2 1 0 0
1 26364 -24.6605 -57.5482 16.5964 0.498226 1.2 1 0 0
1 26365 -25.4107 -55.3415 15.9308 1.5 1.2 1 0 0
1 26366 -24.8441 -57.1606 15.7786 0.411331 1.2 1 0 0
1 26367 -29.4899 -55.3929 15.8164 0.281509 1.2 1 0 0
1 26368 -29.4725 -57.5653 15.6879 0.62843 1.2 1 0 0
1 26369 -29.7924 -56.9312 16.3323 0.32733 1.2 1 0 0
1 26370 -28.3179 -57.7926 17.2426 0.232166 1.2 1 0 0
1 26371 -28.1754 -56.2116 16.629 1.4673 1.2 1 0 0
1 26372 -27.2739 -56.7017 14.1158 1.04297 1.2 1 0 0
1 26373 -27.7791 -57.6664 15.3364 0.518676 1.2 1 0 0
1 26374 -27.5763 -58.0507 17.2145 0.553549 1.2 1 0 0
1 26375 -26.9404 -57.4561 16.6927 0.223228 1.2 1 0 0
1 26376 -24.6937 -57.7822 19.3325 0.757928 1.2 1 0 0
1 26377 -27.6083 -56.63 18.447 0.482549 1.2 1 0 0
1 26378 -23.82 -55.4901 14.073 0.927525 1.2 1 0 0
1 26379 -23.9475 -53.74 14.1227 0.796539 1.2 1 0 0
1 26380 -27.6402 -54.3943 14.919 1.07617 1.2 1 0 0
1 26381 -26.4753 -55.2757 14.121 0.585456 1.2 1 0 0
1 26385 -20.0418 -50.1176 24.6427 -0.00786096 1.2 1 0 0
1 26388 -19.0508 -46.3244 22.9909 -0.00453416 1.2 1 0 0
1 26389 -21.0944 -46.7234 22.3559 -0.00506619 1.2 1 0 0
1 26390 -22.8021 -48.2515 23.0041 0.928258 1.2 1 0 0
1 26391 -22.104 -46.6997 22.0142 -0.00173401 1.2 1 0 0
1 26392 -20.1658 -46.5455 24.7322 -0.00095994 1.2 1 0 0
1 26393 -21.2212 -48.2004 25.0078 -0.00834391 1.2 1 0 0
1 26395 -19.1163 -47.0872 27.1194 -0.0160129 1.2 1 0 0
1 26399 -22.8826 -49.0585 20.4043 1.27171 1.2 1 0 0
1 26400 -22.8036 -49.2543 21.9908 0.234676 1.2 1 0 0
1 26401 -24.7814 -48.5562 23.8274 0.864834 1.2 1 0 0
1 26402 -24.3251 -48.5902 22.2167 0.809508 1.2 1 0 0
1 26403 -24.2492 -46.8146 21.098 0.237968 1.2 1 0 0
1 26404 -23.015 -46.8797 21.3515 0.622973 1.2 1 0 0
1 26405 -24.4063 -47.841 20.9227 0.683624 1.2 1 0 0
1 26406 -27.3338 -50.8994 21.3547 0.566599 1.2 1 0 0
1 26407 -27.4314 -49.9539 20.6774 0.481716 1.2 1 0 0
1 26408 -28.6731 -50.0236 21.3541 0.346715 1.2 1 0 0
1 26409 -29.5726 -48.9502 21.1844 0.690763 1.2 1 0 0
1 26410 -23.5166 -50.4048 21.5433 0.506125 1.2 1 0 0
1 26411 -24.3408 -49.7308 21.4184 0.558882 1.2 1 0 0
1 26412 -25.9569 -51.6559 22.5441 0.501606 1.2 1 0 0
1 26413 -25.6042 -51.2555 23.1756 0.215333 1.2 1 0 0
1 26414 -24.8248 -51.3633 23.0707 0.526622 1.2 1 0 0
1 26415 -24.5314 -52.2049 21.2506 1.5 1.2 1 0 0
1 26416 -25.3207 -51.1165 19.9753 0.351574 1.2 1 0 0
1 26417 -24.3367 -50.9462 19.3604 0.720255 1.2 1 0 0
1 26418 -24.4142 -49.9873 17.9006 0.924258 1.2 1 0 0
1 26419 -24.1092 -48.3339 18.4928 0.714373 1.2 1 0 0
1 26420 -25.7118 -49.2948 19.9455 1.5 1.2 1 0 0
1 26421 -25.4873 -47.3402 20.8175 0.0800679 1.2 1 0 0
1 26422 -24.6469 -47.8071 19.9654 0.304005 1.2 1 0 0
1 26423 -26.5859 -47.7038 18.2756 0.150815 1.2 1 0 0
1 26424 -25.4745 -48.2948 17.2044 0.498918 1.2 1 0 0
1 26425 -19.7211 -51.5397 22.8315 -0.00353851 1.2 1 0 0
1 26426 -20.242 -53.3035 23.9984 0.0691715 1.2 1 0 0
1 26427 -19.4429 -51.9156 21.7272 -0.00198146 1.2 1 0 0
1 26428 -20.7966 -54.4179 23.0585 0.227504 1.2 1 0 0
1 26429 -20.4563 -51.8932 24.1224 0.611409 1.2 1 0 0
1 26430 -23.2915 -50.6224 23.1496 1.13039 1.2 1 0 0
1 26431 -22.2601 -51.644 23.8671 0.488936 1.2 1 0 0
1 26432 -23.2879 -49.4826 24.3835 0.469735 1.2 1 0 0
1 26433 -22.6414 -49.7615 24.0814 0.295078 1.2 1 0 0
1 26434 -22.3147 -49.8236 22.0906 0.511696 1.2 1 0 0
1 26435 -22.9039 -51.1554 21.6313 0.466702 1.2 1 0 0
1 26436 -22.6258 -53.5557 20.0829 0.97693 1.2 1 0 0
1 26437 -22.2323 -51.6854 20.4849 0.959836 1.2 1 0 0
1 26440 -22.3871 -48.1106 18.742 0.209199 1.2 1 0 0
1 26441 -21.5994 -48.7609 18.7132 -0.00652677 1.2 1 0 0
1 26442 -20.7991 -49.4617 18.1929 -0.000141986 1.2 1 0 0
1 26443 -20.4926 -49.5841 17.1098 -0.00810797 1.2 1 0 0
1 26451 -20.052 -49.3336 15.0699 -0.000750918 1.2 1 0 0
1 26452 -22.2299 -50.8526 15.5681 -0.00697547 1.2 1 0 0
1 26453 -20.5384 -49.5516 15.4077 -0.00791213 1.2 1 0 0
1 26454 -19.381 -51.9662 13.297 -0.00019465 1.2 1 0 0
1 26457 -21.5722 -53.0344 13.4594 -0.00276541 1.2 1 0 0
1 26458 -22.1335 -50.0314 12.7212 -0.00265257 1.2 1 0 0
1 26459 -22.0508 -49.3097 11.6151 -0.0010179 1.2 1 0 0
1 26460 -23.0025 -49.5558 11.2723 -0.000581514 1.2 1 0 0
1 26461 -22.5391 -51.2414 10.3 0.0562028 1.2 1 0 0
1 26462 -24.0027 -48.4923 12.5784 -0.00554248 1.2 1 0 0
1 26463 -24.73 -49.6384 13.6591 0.409146 1.2 1 0 0
1 26464 -23.969 -49.4636 11.4419 -0.00148742 1.2 1 0 0
1 26465 -25.1125 -49.8586 9.62749 0.766245 1.2 1 0 0
1 26466 -25.5462 -51.1753 10.9709 0.629399 1.2 1 0 0
1 26467 -24.4597 -51.1967 10.8339 0.448581 1.2 1 0 0
1 26468 -24.758 -51.355 10.0156 0.382201 1.2 1 0 0
1 26469 -23.9834 -47.6187 10.4015 -0.00442533 1.2 1 0 0
1 26470 -24.8486 -47.5218 9.20477 -0.000712638 1.2 1 0 0
1 26471 -19.276 -55.3415 12.6593 1.18044 1.2 1 0 0
1 26472 -20.6107 -54.8944 10.3068 0.556795 1.2 1 0 0
1 26473 -24.5438 -53.1395 10.5711 1.49907 1.2 1 0 0
1 26474 -24.5449 -55.059 10.8942 0.443834 1.2 1 0 0
1 26475 -23.1616 -54.3303 12.4601 1.117 1.2 1 0 0
1 26476 -22.7331 -55.1614 11.4884 0.231564 1.2 1 0 0
1 26477 -23.7282 -55.5279 11.4246 0.542381 1.2 1 0 0
1 26478 -19.8177 -51.9982 8.41286 0.281836 1.2 1 0 0
1 26479 -18.6458 -52.114 8.26098 0.387583 1.2 1 0 0
1 26480 -20.1894 -47.2078 9.15715 -0.000156114 1.2 1 0 0
1 26481 -20.6379 -46.5299 8.05587 -0.00885238 1.2 1 0 0
1 26482 -21.8055 -47.5946 6.82221 -0.00142611 1.2 1 0 0
1 26484 -19.7323 -48.592 9.60677 -0.00248055 1.2 1 0 0
1 26486 -20.4087 -51.4976 7.3862 0.514452 1.2 1 0 0
1 26487 -19.9949 -51.5492 6.06514 0.600251 1.2 1 0 0
1 26488 -22.8658 -50.2211 7.80788 0.34381 1.2 1 0 0
1 26489 -22.4294 -50.8588 7.36207 0.419057 1.2 1 0 0
1 26490 -22.4653 -49.1631 7.25542 -0.00168699 1.2 1 0 0
1 26491 -20.5852 -49.026 6.89337 -0.00406484 1.2 1 0 0
1 26492 -21.6078 -51.2388 8.10419 0.623636 1.2 1 0 0
1 26493 -21.3752 -51.7773 6.99733 0.562928 1.2 1 0 0
1 26719 -17.5588 -60.7428 9.56096 0.764549 1.2 1 0 0
1 26722 -19.7873 -61.2575 10.4439 0.71822 1.2 1 0 0
1 26723 -19.5715 -62.2218 9.6464 0.463909 1.2 1 0 0
1 26724 -18.2479 -60.4146 11.8329 1.5 1.2 1 0 0
1 26725 -19.5517 -59.8063 10.7105 0.324777 1.2 1 0 0
1 26726 -19.0812 -61.157 8.88841 0.924335 1.2 1 0 0
1 26727 -18.984 -59.7042 8.63211 0.452645 1.2 1 0 0
1 26728 -22.9757 -59.8101 11.9404 0.523834 1.2 1 0 0
1 26729 -21.4013 -60.7524 12.3418 1.35001 1.2 1 0 0
1 26730 -22.0892 -58.9005 11.6337 0.73468 1.2 1 0 0
1 26731 -23.3375 -61.116 10.1265 1.17539 1.2 1 0 0
1 26732 -22.5353 -59.9983 9.54921 0.306004 1.2 1 0 0
1 26733 -19.7307 -58.2289 11.4421 0.958223 1.2 1 0 0
1 26734 -20.0045 -56.8395 12.0746 0.584926 1.2 1 0 0
1 26735 -20.5377 -57.5677 12.2501 0.334455 1.2 1 0 0
1 26736 -19.4409 -60.3583 13.7388 0.749107 1.2 1 0 0
1 26737 -21.4442 -59.4842 13.5629 0.411019 1.2 1 0 0
1 26738 -19.9177 -59.7208 12.7188 0.495943 1.2 1 0 0
1 26739 -19.0869 -57.254 11.1347 0.225689 1.2 1 0 0
1 26740 -21.0516 -57.9099 10.7057 0.587461 1.2 1 0 0
1 26741 -20.3347 -57.6766 10.6578 0.167983 1.2 1 0 0
1 26742 -19.6061 -56.5676 9.63449 1.5 1.2 1 0 0
1 26743 -20.5895 -57.8227 8.70834 0.339653 1.2 1 0 0
1 26744 -20.798 -59.5257 9.4072 1.5 1.2 1 0 0
1 26745 -21.8847 -60.426 8.31739 0.283008 1.2 1 0 0
1 26746 -21.8309 -57.4047 9.56888 0.862506 1.2 1 0 0
1 26747 -22.1392 -56.8492 8.26255 0.568563 1.2 1 0 0
1 26748 -22.7669 -62.1981 11.8694 0.660131 1.2 1 0 0
1 26749 -23.5766 -60.9945 12.2372 0.83636 1.2 1 0 0
1 26750 -21.8357 -61.8526 13.6546 0.417107 1.2 1 0 0
1 26751 -22.9654 -61.4785 13.6113 0.679755 1.2 1 0 0
1 26752 -21.3226 -62.8581 10.4049 1.5 1.2 1 0 0
1 26753 -22.2631 -63.0713 11.9383 0.311535 1.2 1 0 0
1 26754 -19.8525 -62.1758 15.984 0.554175 1.2 1 0 0
1 26755 -20.5083 -62.838 15.735 0.4043 1.2 1 0 0
1 26756 -21.8431 -61.9543 15.1047 0.859833 1.2 1 0 0
1 26757 -20.8142 -60.3762 14.8588 1.02171 1.2 1 0 0
1 26758 -21.5158 -62.9651 16.4859 0.858482 1.2 1 0 0
1 26759 -20.2313 -63.3706 16.6691 0.500895 1.2 1 0 0
1 26760 -21.5819 -65.6835 12.6007 1.05655 1.2 1 0 0
1 26761 -21.763 -64.2573 11.8476 0.557493 1.2 1 0 0
1 26762 -24.9577 -62.7347 11.514 1.5 1.2 1 0 0
1 26763 -24.6821 -64.808 13.1957 0.713754 1.2 1 0 0
1 26764 -23.2608 -65.6269 12.9224 0.625541 1.2 1 0 0
1 26765 -22.6601 -65.068 12.7233 0.159284 1.2 1 0 0
1 26766 -23.3533 -65.6281 10.7581 1.5 1.2 1 0 0
1 26767 -22.9995 -63.5165 11.4863 0.601187 1.2 1 0 0
1 26768 -23.329 -62.8395 10.4009 0.475137 1.2 1 0 0
1 26769 -22.1574 -65.9715 9.27182 0.438335 1.2 1 0 0
1 26770 -21.1166 -67.0688 9.97906 1.22769 1.2 1 0 0
1 26771 -22.2432 -67.9718 10.2313 0.237492 1.2 1 0 0
1 26772 -20.5506 -65.4625 9.51781 0.536714 1.2 1 0 0
1 26773 -21.3347 -65.0846 10.7529 0.590456 1.2 1 0 0
1 26774 -19.3919 -66.2033 7.87957 1.5 1.2 1 0 0
1 26775 -19.1828 -68.2082 8.25668 0.550729 1.2 1 0 0
1 26791 -18.73 -60.5906 16.7724 0.448193 1.2 1 0 0
1 26795 -17.4999 -61.8035 13.4283 0.699543 1.2 1 0 0
1 26796 -17.6209 -58.5955 13.3069 0.52653 1.2 1 0 0
1 26799 -17.7195 -63.1512 14.3478 0.662842 1.2 1 0 0
1 26800 -18.8677 -61.5815 16.6012 0.561991 1.2 1 0 0
1 26801 -17.9372 -61.8186 16.5763 0.395763 1.2 1 0 0
1 26802 -19.4989 -62.2275 16.8383 0.371824 1.2 1 0 0
1 26803 -19.689 -62.8046 17.7234 0.699484 1.2 1 0 0
1 26812 -18.2049 -55.4773 10.9003 0.53242 1.2 1 0 0
1 26813 -18.2955 -54.8028 11.5066 0.377939 1.2 1 0 0
1 26815 -17.5161 -57.1928 11.8467 1.5 1.2 1 0 0
1 26823 -17.6703 -65.9515 5.93656 1.00617 1.2 1 0 0
1 26829 -17.6231 -63.9536 4.63189 1.04981 1.2 1 0 0
1 26834 -17.0869 -61.9976 6.31557 1.07288 1.2 1 0 0
1 26845 -17.5815 -56.2894 5.26462 0.684253 1.2 1 0 0
1 26846 -17.709 -55.2451 5.91982 0.4749 1.2 1 0 0
1 26848 -17.5408 -56.4781 7.45333 1.5 1.2 1 0 0
1 26849 -18.8398 -57.8842 5.67049 0.737302 1.2 1 0 0
1 26850 -19.2439 -57.3805 6.79136 0.53791 1.2 1 0 0
1 26851 -20.9318 -57.6275 7.2028 1.2166 1.2 1 0 0
1 26852 -21.2987 -55.3415 7.8183 1.17519 1.2 1 0 0
1 26853 -17.0653 -54.5476 9.67661 1.20192 1.2 1 0 0
1 26855 -19.6201 -53.3497 7.20899 1.5 1.2 1 0 0
1 26856 -19.8002 -54.4279 9.17688 0.69474 1.2 1 0 0
1 26857 -17.8615 -53.8732 8.15053 0.556742 1.2 1 0 0
1 26858 -17.2583 -54.0594 6.70998 1.01604 1.2 1 0 0
1 26859 -18.7243 -51.9389 6.11396 0.414569 1.2 1 0 0
1 26861 -18.5913 -54.2039 5.67199 0.511366 1.2 1 0 0
1 26874 -18.3721 -57.748 8.55536 0.372488 1.2 1 0 0
1 26875 -19.3115 -58.2829 8.16799 0.775902 1.2 1 0 0
1 26876 -18.2811 -59.7626 6.761 1.5 1.2 1 0 0
1 26877 -18.1547 -61.8859 7.74687 0.716319 1.2 1 0 0
1 26882 -17.4109 -56.6644 9.71492 0.698833 1.2 1 0 0
1 27737 -38.1219 -44.7804 5.07974 1.07673 1.2 1 0 0
1 27738 -37.9111 -44.0118 6.58168 0.492668 1.2 1 0 0
1 27739 -41.4284 -45.5888 7.36482 0.456225 1.2 1 0 0
1 27740 -40.8816 -46.704 7.23287 0.723073 1.2 1 0 0
