# SphereID Center[X Y Z] Radius Density Region Score Weight
LeafCount 32062
NodeCount 32062
1 2945 -22.513 -39.3397 1.31402 0.894244 0.6 0 0 0
1 2947 -23.4262 -39.1065 3.78002 0.968796 0.6 0 0 0
1 2963 -21.0224 -41.3856 0.899689 -0.00530555 0.6 0 0 0
1 2966 -21.497 -43.7539 3.04446 -0.00741813 0.6 0 0 0
1 2967 -22.0246 -44.1907 4.35265 0.08161 0.6 0 0 0
1 3023 -27.6736 -38.5296 7.93214 1.46965 0.6 0 0 0
1 3024 -25.8155 -40.6228 7.01308 1.46854 0.6 0 0 0
1 3026 -26.2269 -37.8639 4.68102 1.48532 0.6 0 0 0
1 3027 -30.729 -43.8407 6.56449 0.585373 0.6 0 0 0
1 3028 -29.8892 -42.5563 8.45246 0.646694 0.6 0 0 0
1 3029 -28.4216 -41.1169 10.1196 2 0.6 0 0 0
1 3030 -31.6512 -38.5254 8.29765 2 0.6 0 0 0
1 3032 -28.2965 -42.9867 6.34687 2 0.6 0 0 0
1 3033 -27.9731 -40.1706 5.41498 0.983893 0.6 0 0 0
1 3037 -35.6297 -40.8301 6.48151 2 0.6 0 0 0
1 3038 -36.4032 -37.0156 7.91289 2 0.6 0 0 0
1 3039 -37.2361 -39.732 9.09594 1.06512 0.6 0 0 0
1 3040 -34.6607 -39.1276 9.31438 1.06508 0.6 0 0 0
1 3042 -34.5442 -36.9538 11.5666 2 0.6 0 0 0
1 3046 -36.8625 -39.2328 3.30857 1.71196 0.6 0 0 0
1 3047 -37.8867 -40.7622 4.93319 0.737839 0.6 0 0 0
1 3048 -31.5752 -42.081 12.5531 2 0.6 0 0 0
1 3049 -30.6994 -43.8423 10.8804 0.581711 0.6 0 0 0
1 3050 -33.4423 -40.7828 8.59734 0.89717 0.6 0 0 0
1 3051 -35.4737 -41.8365 10.2672 1.91937 0.6 0 0 0
1 3052 -37.0648 -41.2365 11.5772 0.227224 0.6 0 0 0
1 3053 -34.5489 -40.1618 13.2238 1.60221 0.6 0 0 0
1 3054 -32.0074 -39.0394 11.5616 1.22818 0.6 0 0 0
1 3055 -31.8287 -41.8153 15.6778 1.06722 0.6 0 0 0
1 3056 -33.024 -38.5003 14.8754 1.17726 0.6 0 0 0
1 3057 -32.2192 -43.7982 8.67674 2 0.6 0 0 0
1 3058 -34.8572 -44.5834 9.56946 0.893512 0.6 0 0 0
1 3059 -35.2418 -44.2273 7.18177 1.39052 0.6 0 0 0
1 3066 -34.4789 -39.9097 3.87374 0.826002 0.6 0 0 0
1 3067 -30.2326 -38.6471 4.12756 2 0.6 0 0 0
1 3068 -32.8294 -40.3182 5.00625 1.20624 0.6 0 0 0
1 3110 -29.997 -38.7176 13.581 1.21762 0.6 0 0 0
1 3225 -22.4267 -41.6486 10.8787 -0.00113371 0.6 0 0 0
1 3226 -22.95 -44.2466 13.2135 -0.00318936 0.6 0 0 0
1 3227 -21.8905 -43.1914 12.5515 -0.00723244 0.6 0 0 0
1 3232 -24.7285 -41.3037 13.9161 -0.000156919 0.6 0 0 0
1 3237 -24.8949 -45.3403 19.2295 -0.00172014 0.6 0 0 0
1 3238 -26.7424 -44.2489 19.4232 -0.007092 0.6 0 0 0
1 3239 -25.9338 -45.2665 15.8316 -0.00412679 0.6 0 0 0
1 3240 -27.7472 -44.7228 17.6009 -0.00584899 0.6 0 0 0
1 3241 -30.6369 -44.0201 14.6787 0.629856 0.6 0 0 0
1 3242 -31.1071 -44.8297 13.2521 0.756311 0.6 0 0 0
1 3243 -30.2472 -44.1939 12.5867 0.487738 0.6 0 0 0
1 3244 -30.7608 -41.5432 17.2387 -0.00631675 0.6 0 0 0
1 3245 -29.4532 -44.2255 16.8801 -0.00614353 0.6 0 0 0
1 3248 -28.8937 -41.6589 13.0124 0.711077 0.6 0 0 0
1 3250 -21.4699 -42.226 22.5986 -0.000762235 0.6 0 0 0
1 3251 -21.5143 -45.3857 20.5353 -0.00220464 0.6 0 0 0
1 3252 -21.8454 -42.1539 20.066 -0.0133494 0.6 0 0 0
1 3259 -26.8243 -41.6565 20.2817 -0.000541847 0.6 0 0 0
1 3263 -23.2608 -43.6123 8.89934 -0.000980016 0.6 0 0 0
1 3264 -25.451 -41.6496 9.39594 0.723651 0.6 0 0 0
1 3265 -24.5539 -43.5758 12.1125 -0.00939794 0.6 0 0 0
1 3266 -29.4133 -45.6687 8.33891 1.38912 0.6 0 0 0
1 3267 -29.3882 -43.9079 9.90333 0.958908 0.6 0 0 0
1 3268 -30.7154 -45.407 11.3794 1.04616 0.6 0 0 0
1 3269 -26.1706 -43.1792 13.111 -0.00593766 0.6 0 0 0
1 3270 -27.639 -43.521 10.0048 0.530827 0.6 0 0 0
1 3271 -26.7349 -42.9302 10.6476 0.494368 0.6 0 0 0
1 3272 -28.6474 -44.8226 12.0719 1.09848 0.6 0 0 0
1 3273 -26.5017 -44.982 8.82358 1.63005 0.6 0 0 0
1 3274 -25.6004 -42.9478 7.36471 0.88197 0.6 0 0 0
1 3342 -21.5747 -41.5368 16.1793 -0.00688336 0.6 0 0 0
1 3343 -21.0831 -41.1207 13.5427 -0.00110176 0.6 0 0 0
1 3345 -21.5721 -44.1149 15.3882 -0.000566248 0.6 0 0 0
1 3368 -20.9625 -45.0784 8.24186 -0.0143661 0.6 0 0 0
1 3369 -22.9653 -44.6576 10.7861 -0.00584609 0.6 0 0 0
1 3387 -23.3936 -39.476 -6.13967 1.91177 0.6 0 0 0
1 3399 -21.6991 -41.0791 -4.32069 0.848013 0.6 0 0 0
1 3404 -24.4436 -41.7963 -4.40647 1.16668 0.6 0 0 0
1 3405 -21.7947 -43.7671 0.669077 0.560772 0.6 0 0 0
1 3406 -23.1023 -40.7747 -1.84888 1.75921 0.6 0 0 0
1 3407 -21.5984 -43.7907 -1.92499 1.21913 0.6 0 0 0
1 3408 -23.1965 -43.3422 -2.69749 0.590053 0.6 0 0 0
1 3409 -22.1564 -43.6233 -4.91555 1.80451 0.6 0 0 0
1 3434 -28.1363 -37.9089 -6.60333 2 0.6 0 0 0
1 3475 -23.8942 -42.058 3.3612 1.38698 0.6 0 0 0
1 3476 -22.3491 -44.1708 2.16227 0.7928 0.6 0 0 0
1 3477 -24.1454 -43.7439 0.481851 1.69514 0.6 0 0 0
1 3478 -29.3289 -40.2371 0.03936 2 0.6 0 0 0
1 3480 -26.7086 -39.9083 -3.20873 2 0.6 0 0 0
1 3482 -26.979 -40.9204 2.93306 1.78975 0.6 0 0 0
1 3483 -25.3147 -39.3333 0.460169 1.54617 0.6 0 0 0
1 3484 -26.3487 -45.0501 0.012261 0.908919 0.6 0 0 0
1 3485 -28.0651 -42.9634 -1.48221 1.2865 0.6 0 0 0
1 3486 -25.5119 -44.4884 -2.88104 2 0.6 0 0 0
1 3488 -31.906 -39.4689 1.62599 1.11986 0.6 0 0 0
1 3489 -32.9761 -39.3849 3.19057 0.777563 0.6 0 0 0
1 3490 -32.1789 -40.4047 -0.665214 0.940572 0.6 0 0 0
1 3491 -34.4282 -41.3324 1.43252 2 0.6 0 0 0
1 3492 -35.2919 -43.554 -0.397828 1.00278 0.6 0 0 0
1 3493 -33.6855 -45.0198 1.31503 1.73097 0.6 0 0 0
1 3494 -31.6707 -42.8882 0.136615 1.41231 0.6 0 0 0
1 3495 -35.6279 -43.6228 4.31652 1.53357 0.6 0 0 0
1 3496 -36.9898 -42.064 2.93352 0.95583 0.6 0 0 0
1 3497 -36.1068 -40.1952 -1.0358 1.05858 0.6 0 0 0
1 3498 -33.8857 -38.1119 -1.42655 2 0.6 0 0 0
1 3499 -33.8039 -42.0609 -2.53635 2 0.6 0 0 0
1 3500 -25.2296 -44.3192 5.52821 1.43986 0.6 0 0 0
1 3501 -25.8121 -43.744 2.72803 1.09983 0.6 0 0 0
1 3502 -27.6936 -44.9604 3.7477 1.31885 0.6 0 0 0
1 3503 -29.6341 -42.2847 2.68396 1.20574 0.6 0 0 0
1 3504 -32.0785 -43.549 4.34394 2 0.6 0 0 0
1 3505 -30.8058 -43.5823 2.07385 0.601285 0.6 0 0 0
1 3506 -30.2156 -46.4115 3.91092 1.44269 0.6 0 0 0
1 3507 -29.3863 -43.7955 3.88883 0.740853 0.6 0 0 0
1 3508 -29.16 -45.1124 0.763627 2 0.6 0 0 0
1 3509 -27.5987 -43.3962 2.34959 0.759253 0.6 0 0 0
1 3511 -27.6928 -46.6225 -3.87601 1.20949 0.6 0 0 0
1 3512 -27.9543 -45.2844 -6.72402 1.94013 0.6 0 0 0
1 3514 -32.4249 -40.2953 -5.96613 2 0.6 0 0 0
1 3516 -32.9063 -44.9885 -2.87501 1.06389 0.6 0 0 0
1 3517 -30.2802 -43.6873 -3.80942 2 0.6 0 0 0
1 3518 -29.8144 -46.5698 -4.37907 0.969827 0.6 0 0 0
1 3519 -31.3825 -46.2034 -1.46551 1.33153 0.6 0 0 0
1 3520 -29.9402 -37.8332 -2.84681 1.80553 0.6 0 0 0
1 3522 -29.1102 -40.903 -5.40818 1.361 0.6 0 0 0
1 10695 -29.2477 -40.3267 7.33549 0.992749 0.6 0 0 0
1 10697 -30.8306 -41.1011 6.07939 1.1699 0.6 0 0 0
1 10701 -35.3586 -44.1398 10.9469 0.48264 0.6 0 0 0
1 10702 -33.7471 -44.102 11.3581 1.07782 0.6 0 0 0
1 10705 -31.718 -39.3458 16.5958 1.00364 0.6 0 0 0
1 10737 -28.2896 -40.9635 15.5835 -0.0041537 0.6 0 0 0
1 10740 -23.6469 -43.5047 6.52271 0.258607 0.6 0 0 0
1 10741 -24.5963 -44.3969 8.06134 0.0921202 0.6 0 0 0
1 10758 -25.9776 -41.8068 -0.715179 1.21815 0.6 0 0 0
1 10759 -27.703 -42.5552 0.861755 0.944742 0.6 0 0 0
1 10760 -35.4779 -40.338 -3.18791 0.488997 0.6 0 0 0
1 10761 -34.8052 -39.8755 -4.34015 0.913042 0.6 0 0 0
1 11402 -23.9804 -39.2763 26.5487 0.785802 1.2 1 0 0
1 11408 -27.0244 -44.578 22.4392 -0.0109335 1.2 1 0 0
1 11409 -23.0489 -44.3955 23.2191 0.579767 1.2 1 0 0
1 11410 -33.953 -45.1239 18.6655 -0.000575376 1.2 1 0 0
1 11411 -30.9434 -44.8941 15.9525 0.268108 1.2 1 0 0
1 11412 -35.3031 -40.0354 15.81 0.536899 1.2 1 0 0
1 11413 -36.9915 -41.4319 15.3784 1.5 1.2 1 0 0
1 11417 -37.278 -40.6353 17.471 0.674619 1.2 1 0 0
1 11418 -35.3393 -39.7331 17.8666 1.5 1.2 1 0 0
1 11419 -38.5044 -39.1241 14.3202 1.38647 1.2 1 0 0
1 11420 -39.4588 -40.4108 11.9191 1.5 1.2 1 0 0
1 11421 -31.4909 -40.4891 19.4795 0.447778 1.2 1 0 0
1 11423 -34.6002 -43.8752 19.1627 0.0898087 1.2 1 0 0
1 11424 -33.7535 -40.7547 20.1074 1.42911 1.2 1 0 0
1 11425 -35.2271 -44.7389 12.3055 0.257771 1.2 1 0 0
1 14396 -18.7184 -45.8269 -3.55486 1.5 1.2 1 0 0
1 14643 -20.5645 -64.2288 -0.306747 1.10304 1.2 1 0 0
1 14646 -19.2185 -62.7763 -0.0880263 0.789988 1.2 1 0 0
1 14648 -19.2864 -66.1429 0.164472 0.876892 1.2 1 0 0
1 14651 -21.4326 -70.4582 -0.290047 0.511197 1.2 1 0 0
1 14652 -22.6639 -69.2135 -1.27971 1.5 1.2 1 0 0
1 14656 -20.7234 -68.0209 -1.93298 0.218381 1.2 1 0 0
1 14658 -22.0385 -70.6201 -3.42194 0.369376 1.2 1 0 0
1 14660 -24.7993 -68.1381 -0.710926 0.360995 1.2 1 0 0
1 14661 -27.0381 -70.3225 1.39787 0.703747 1.2 1 0 0
1 14662 -25.3973 -67.2548 -0.365064 0.511252 1.2 1 0 0
1 14663 -26.6586 -66.272 -0.784804 1.14189 1.2 1 0 0
1 14664 -25.3592 -65.8558 1.4775 1.5 1.2 1 0 0
1 14665 -27.4796 -69.9377 -2.15998 0.845931 1.2 1 0 0
1 14666 -30.888 -66.9546 -0.726237 0.400244 1.2 1 0 0
1 14667 -30.9113 -66.2595 0.508571 0.938721 1.2 1 0 0
1 14668 -33.816 -63.2723 -1.49546 0.715198 1.2 1 0 0
1 14669 -31.451 -63.9424 -0.183881 1.5 1.2 1 0 0
1 14670 -32.9079 -62.8282 -0.888671 0.463795 1.2 1 0 0
1 14671 -30.2368 -66.8247 3.016 0.866825 1.2 1 0 0
1 14672 -32.4819 -64.1974 -2.40333 0.960437 1.2 1 0 0
1 14673 -25.434 -62.5985 -0.242631 0.326169 1.2 1 0 0
1 14674 -24.1164 -61.719 0.307648 0.539779 1.2 1 0 0
1 14675 -25.6824 -61.8399 -1.0344 0.529548 1.2 1 0 0
1 14676 -25.2652 -63.1148 0.399649 0.514965 1.2 1 0 0
1 14677 -26.9041 -62.444 -2.53827 1.5 1.2 1 0 0
1 14678 -25.9686 -64.9558 -2.75717 0.915558 1.2 1 0 0
1 14679 -26.6875 -66.1973 -4.4134 1.06217 1.2 1 0 0
1 14680 -25.6257 -68.5233 -3.99757 1.5 1.2 1 0 0
1 14681 -27.6341 -69.454 -4.29929 0.733473 1.2 1 0 0
1 14684 -19.6554 -62.6114 5.41031 1.5 1.2 1 0 0
1 14685 -19.2857 -64.9197 5.86815 0.882143 1.2 1 0 0
1 14686 -21.8163 -62.5673 6.04538 0.752748 1.2 1 0 0
1 14687 -22.5154 -63.2631 5.91561 0.236727 1.2 1 0 0
1 14688 -22.3329 -65.1564 7.11024 0.304671 1.2 1 0 0
1 14689 -23.2728 -65.2719 6.82304 0.63885 1.2 1 0 0
1 14690 -21.3336 -63.404 7.05394 0.605584 1.2 1 0 0
1 14691 -23.5768 -63.2058 7.30396 1.5 1.2 1 0 0
1 14692 -21.3726 -63.0803 5.24141 0.288072 1.2 1 0 0
1 14693 -22.4873 -65.4971 3.96994 0.552488 1.2 1 0 0
1 14694 -21.7803 -64.6755 5.58199 1.39011 1.2 1 0 0
1 14695 -23.3812 -66.1215 5.51052 0.762191 1.2 1 0 0
1 14696 -23.5298 -67.4149 5.8879 0.59332 1.2 1 0 0
1 14697 -24.5513 -68.5338 7.1463 0.870581 1.2 1 0 0
1 14698 -24.2005 -67.9039 6.2446 0.283956 1.2 1 0 0
1 14699 -28.0284 -67.4266 5.81392 1.07273 1.2 1 0 0
1 14700 -24.1898 -68.3674 8.51296 0.454685 1.2 1 0 0
1 14701 -25.921 -67.3608 3.95294 0.312096 1.2 1 0 0
1 14702 -19.6874 -60.2396 4.81964 0.944153 1.2 1 0 0
1 14703 -22.4905 -60.2198 3.5582 0.886039 1.2 1 0 0
1 14704 -23.7297 -62.3352 4.2941 1.48996 1.2 1 0 0
1 14705 -26.7249 -62.9726 3.95953 1.5 1.2 1 0 0
1 14706 -23.6675 -60.6957 3.34145 0.397235 1.2 1 0 0
1 14707 -21.4151 -61.6591 3.1113 0.956449 1.2 1 0 0
1 14708 -21.9704 -64.0534 2.59335 1.5 1.2 1 0 0
1 14709 -22.9037 -62.3159 2.62339 0.373903 1.2 1 0 0
1 14710 -23.1569 -68.5632 0.733267 0.520234 1.2 1 0 0
1 14711 -23.9028 -69.1969 5.13207 1.32412 1.2 1 0 0
1 14712 -21.7615 -69.4869 5.97559 0.990826 1.2 1 0 0
1 14713 -21.6252 -70.5427 3.99965 1.23773 1.2 1 0 0
1 14714 -23.6734 -69.6982 2.36227 1.5 1.2 1 0 0
1 14715 -23.0284 -71.5687 0.208478 1.3086 1.2 1 0 0
1 14739 -32.3395 -52.1602 -2.98468 0.34905 1.2 1 0 0
1 14740 -32.1246 -53.9419 -3.4302 1.5 1.2 1 0 0
1 14741 -33.7019 -51.9805 -2.71587 1.02776 1.2 1 0 0
1 14743 -35.4199 -54.9331 -3.43028 0.542297 1.2 1 0 0
1 14745 -35.1464 -53.1191 -3.07023 0.827292 1.2 1 0 0
1 14746 -33.9999 -54.2059 -1.20778 1.30332 1.2 1 0 0
1 14747 -31.5796 -51.6468 -1.37473 1.5 1.2 1 0 0
1 14748 -33.4336 -52.4464 -0.619512 0.636385 1.2 1 0 0
1 14749 -34.0782 -52.2928 -5.19588 1.5 1.2 1 0 0
1 14752 -34.1398 -55.3679 -4.55679 1.20939 1.2 1 0 0
1 14753 -36.0923 -52.3046 -4.24558 0.710165 1.2 1 0 0
1 14755 -35.4954 -50.5101 -3.57777 1.29374 1.2 1 0 0
1 14757 -39.262 -52.4372 -3.80019 1.24386 1.2 1 0 0
1 14760 -39.0959 -54.648 -3.25048 0.69757 1.2 1 0 0
1 14761 -37.1539 -54.243 -4.25978 1.5 1.2 1 0 0
1 14762 -38.5493 -53.7251 -3.16414 0.344622 1.2 1 0 0
1 14763 -38.6748 -53.4964 -1.33806 1.5 1.2 1 0 0
1 14765 -38.0494 -49.9872 -4.78137 1.5 1.2 1 0 0
1 14767 -34.9491 -56.614 -2.28527 1.5 1.2 1 0 0
1 14768 -35.9525 -58.1831 -1.49002 0.52435 1.2 1 0 0
1 14769 -38.2661 -56.0155 -1.52794 1.05913 1.2 1 0 0
1 14770 -38.3989 -57.101 -0.461279 0.468525 1.2 1 0 0
1 14771 -38.4288 -56.8509 -2.77189 0.444565 1.2 1 0 0
1 14772 -38.4308 -55.1223 -0.291214 0.448367 1.2 1 0 0
1 14773 -37.2291 -56.1712 0.827664 1.5 1.2 1 0 0
1 14774 -36.2485 -54.0663 -1.88366 1.04876 1.2 1 0 0
1 14775 -35.1166 -59.5281 -3.30731 0.444293 1.2 1 0 0
1 14776 -36.4437 -59.2283 -3.15481 0.807596 1.2 1 0 0
1 14785 -35.1735 -58.5396 -5 1.5 1.2 1 0 0
1 14805 -40.2516 -48.0384 -4.28581 1.44887 1.2 1 0 0
1 14806 -37.9059 -46.9695 -4.89304 1.19951 1.2 1 0 0
1 14808 -40.0011 -45.1116 -5.29772 1.5 1.2 1 0 0
1 14810 -40.7291 -46.281 -2.55184 0.533891 1.2 1 0 0
1 14811 -41.4565 -45.7803 -3.59326 0.827653 1.2 1 0 0
1 14814 -35.3953 -46.7933 -3.91544 1.5 1.2 1 0 0
1 14818 -36.535 -42.5592 -3.17632 0.643998 1.2 1 0 0
1 14819 -38.9844 -44.2113 -1.62307 0.859771 1.2 1 0 0
1 14820 -38.4484 -43.9381 -3.53955 1.1228 1.2 1 0 0
1 14821 -36.6558 -43.2064 -5.33276 1.5 1.2 1 0 0
1 14833 -30.4985 -51.5755 0.013692 0.257937 1.2 1 0 0
1 14834 -30.1322 -50.163 0.471145 1.27125 1.2 1 0 0
1 14835 -34.9801 -49.5262 1.10227 0.681831 1.2 1 0 0
1 14836 -35.0095 -49.5015 -0.183163 0.599492 1.2 1 0 0
1 14837 -34.9313 -48.3532 2.89124 1.45487 1.2 1 0 0
1 14838 -33.398 -48.8941 2.39843 0.244115 1.2 1 0 0
1 14839 -31.6111 -51.5289 0.80004 0.677937 1.2 1 0 0
1 14840 -32.8141 -49.4403 0.756395 1.5 1.2 1 0 0
1 14841 -34.6065 -46.2338 -2.06408 0.588714 1.2 1 0 0
1 14842 -33.5304 -47.3491 -0.728209 0.397314 1.2 1 0 0
1 14843 -34.024 -48.7311 -1.93121 1.5 1.2 1 0 0
1 14844 -37.3482 -52.6644 0.273024 0.701207 1.2 1 0 0
1 14845 -35.6793 -51.6477 -1.0303 1.5 1.2 1 0 0
1 14846 -38.1111 -53.2512 2.48454 1.5 1.2 1 0 0
1 14847 -39.1854 -54.5868 0.7565 0.915986 1.2 1 0 0
1 14848 -38.3867 -51.5729 3.61871 0.544274 1.2 1 0 0
1 14849 -38.279 -51.1544 2.07344 0.595794 1.2 1 0 0
1 14850 -38.8505 -51.7033 -1.59686 0.318333 1.2 1 0 0
1 14851 -36.7435 -46.9441 4.73341 1.48844 1.2 1 0 0
1 14852 -36.753 -45.1981 5.21522 0.287953 1.2 1 0 0
1 14853 -36.5485 -46.3422 2.27451 1.05055 1.2 1 0 0
1 14854 -40.97 -46.9063 4.67279 0.300101 1.2 1 0 0
1 14855 -41.8427 -46.9283 4.26121 0.596308 1.2 1 0 0
1 14856 -37.9186 -48.5802 2.17428 0.731662 1.2 1 0 0
1 14857 -38.8515 -48.8535 2.01112 0.254084 1.2 1 0 0
1 14858 -36.799 -46.9341 -2.52606 0.480101 1.2 1 0 0
1 14859 -41.2864 -49.4747 -0.726237 0.509703 1.2 1 0 0
1 14860 -39.4231 -47.6799 0.847847 1.46677 1.2 1 0 0
1 14861 -39.417 -50.0121 -1.24269 1.5 1.2 1 0 0
1 14885 -31.8148 -51.4517 -4.20185 1.11124 1.2 1 0 0
1 14890 -31.1267 -49.1851 -3.09986 1.5 1.2 1 0 0
1 14891 -32.7876 -48.2564 -3.31232 0.412927 1.2 1 0 0
1 14904 -23.6459 -59.7492 6.31535 1.5 1.2 1 0 0
1 14905 -27.4236 -64.2397 10.4576 1.5 1.2 1 0 0
1 14906 -25.8865 -59.6074 6.64395 0.675152 1.2 1 0 0
1 14907 -27.3325 -60.6995 5.61569 1.36992 1.2 1 0 0
1 14908 -30.9299 -58.8578 7.86649 0.550354 1.2 1 0 0
1 14909 -30.8001 -56.9924 7.02075 1.5 1.2 1 0 0
1 14910 -30.0247 -59.7138 5.74507 1.5 1.2 1 0 0
1 14911 -27.9286 -57.0382 8.95988 0.730113 1.2 1 0 0
1 14912 -31.3233 -58.5211 10.7233 1.5 1.2 1 0 0
1 14913 -28.961 -58.6982 13.9953 1.47152 1.2 1 0 0
1 14914 -30.5041 -57.6512 8.80199 0.302273 1.2 1 0 0
1 14915 -30.0443 -59.9157 9.83939 0.588574 1.2 1 0 0
1 14916 -29.2182 -65.7401 7.67419 0.939193 1.2 1 0 0
1 14917 -28.9254 -63.3433 9.56704 0.46261 1.2 1 0 0
1 14918 -30.5796 -62.5592 10.5942 0.50103 1.2 1 0 0
1 14919 -28.8437 -62.5254 5.32141 1.00924 1.2 1 0 0
1 14920 -29.9618 -53.8268 13.6532 0.508412 1.2 1 0 0
1 14921 -36.9161 -49.5499 8.81282 -0.00153358 1.2 1 0 0
1 14922 -30.7958 -49.3057 13.0564 -0.00436829 1.2 1 0 0
1 14923 -33.9664 -47.0909 9.16355 0.122805 1.2 1 0 0
1 14924 -30.9355 -47.5104 9.92529 0.482236 1.2 1 0 0
1 14925 -31.375 -50.0283 6.86229 1.5 1.2 1 0 0
1 14926 -35.3239 -52.8332 7.03539 1.34155 1.2 1 0 0
1 14927 -33.3556 -51.0779 8.52828 0.238013 1.2 1 0 0
1 14928 -32.6551 -52.6636 8.02149 0.922393 1.2 1 0 0
1 14929 -34.6999 -49.292 6.30644 1.5 1.2 1 0 0
1 14930 -21.4365 -55.1482 5.72591 0.391404 1.2 1 0 0
1 14931 -21.9932 -52.6449 3.94362 1.5 1.2 1 0 0
1 14932 -23.2915 -55.4107 5.24867 1.5 1.2 1 0 0
1 14933 -24.6346 -57.584 5.63717 0.974965 1.2 1 0 0
1 14934 -27.8329 -52.4576 3.31874 0.638786 1.2 1 0 0
1 14935 -26.7916 -54.6417 2.65885 0.595274 1.2 1 0 0
1 14936 -27.8157 -51.0288 4.91012 1.5 1.2 1 0 0
1 14937 -30.2182 -51.5451 5.54957 0.815567 1.2 1 0 0
1 14938 -28.3526 -55.6579 5.34801 1.24444 1.2 1 0 0
1 14939 -28.1274 -54.0133 5.22246 0.327976 1.2 1 0 0
1 14940 -28.9208 -52.5485 3.28888 0.450669 1.2 1 0 0
1 14941 -26.7964 -51.2754 3.10346 0.582092 1.2 1 0 0
1 14942 -22.0803 -51.8179 5.71781 0.452926 1.2 1 0 0
1 14943 -22.9479 -49.7277 4.68723 0.499221 1.2 1 0 0
1 14944 -25.2659 -46.7707 5.88994 0.554938 1.2 1 0 0
1 14945 -23.0571 -49.3599 6.86643 0.460487 1.2 1 0 0
1 14946 -25.5252 -49.349 6.49472 0.655519 1.2 1 0 0
1 14947 -25.2732 -51.4808 5.61223 1.17605 1.2 1 0 0
1 14948 -23.7215 -49.6295 3.06742 0.573634 1.2 1 0 0
1 14949 -27.4347 -48.3693 9.63614 1.47606 1.2 1 0 0
1 14950 -28.6192 -48.7196 6.77906 1.5 1.2 1 0 0
1 14951 -28.6457 -52.2782 9.14279 0.707425 1.2 1 0 0
1 14952 -27.4686 -52.2967 8.71466 0.545258 1.2 1 0 0
1 14953 -28.9305 -51.8323 7.29339 1.21064 1.2 1 0 0
1 14954 -30.548 -58.2833 1.30424 1.5 1.2 1 0 0
1 14955 -32.2575 -54.6394 3.06479 0.790319 1.2 1 0 0
1 14956 -30.2514 -55.2665 5.62459 0.711304 1.2 1 0 0
1 14957 -30.3867 -56.1017 3.55054 1.5 1.2 1 0 0
1 14958 -34.3743 -53.671 4.99262 1.04849 1.2 1 0 0
1 14959 -33.9999 -51.324 3.55959 1.5 1.2 1 0 0
1 14960 -36.0693 -52.496 4.57834 1.0402 1.2 1 0 0
1 14961 -35.8727 -52.5546 2.7742 0.77556 1.2 1 0 0
1 14962 -39.0696 -55.2735 4.27925 0.298973 1.2 1 0 0
1 14963 -38.5489 -54.3171 4.5543 0.815779 1.2 1 0 0
1 14964 -38.1585 -55.7453 3.31312 1.11031 1.2 1 0 0
1 14965 -35.355 -54.8064 6.06078 0.78356 1.2 1 0 0
1 14966 -35.6294 -54.7994 4.84277 0.464995 1.2 1 0 0
1 14967 -36.8254 -54.3015 4.30414 0.925847 1.2 1 0 0
1 14968 -36.2107 -56.9839 3.243 0.623062 1.2 1 0 0
1 14969 -36.677 -54.8829 2.35576 0.573561 1.2 1 0 0
1 14970 -32.0987 -57.6443 4.77194 1.10813 1.2 1 0 0
1 14971 -32.6008 -56.6462 6.08478 0.368193 1.2 1 0 0
1 14972 -32.2721 -54.238 6.44276 0.336433 1.2 1 0 0
1 14973 -34.2823 -56.7719 4.89203 0.800574 1.2 1 0 0
1 14974 -35.1836 -57.5311 4.16111 0.538616 1.2 1 0 0
1 14975 -36.3699 -58.7698 4.62797 0.669894 1.2 1 0 0
1 14976 -35.26 -57.2356 8.84389 0.69606 1.2 1 0 0
1 14977 -33.9999 -58.8965 8.30951 1.01875 1.2 1 0 0
1 14978 -34.112 -56.4118 7.15787 1.5 1.2 1 0 0
1 14979 -33.603 -60.3419 6.95582 0.999844 1.2 1 0 0
1 14980 -32.6298 -60.2162 5.04932 0.386396 1.2 1 0 0
1 14981 -32.0308 -62.5263 1.20793 0.545965 1.2 1 0 0
1 14982 -31.4612 -60.9817 1.12305 1.09639 1.2 1 0 0
1 14983 -36.0381 -58.9125 2.67915 1.31211 1.2 1 0 0
1 14984 -35.1377 -60.0492 -1.43427 1.5 1.2 1 0 0
1 14985 -33.9655 -62.2564 2.77888 0.885783 1.2 1 0 0
1 14986 -33.5797 -59.4954 1.3375 1.5 1.2 1 0 0
1 14987 -35.5644 -60.815 1.14263 0.887446 1.2 1 0 0
1 14988 -33.9999 -62.1665 0.441491 1.29557 1.2 1 0 0
1 14992 -22.1764 -59.5006 -2.98449 0.367173 1.2 1 0 0
1 14994 -29.4827 -52.5535 -4.76979 1.5 1.2 1 0 0
1 14997 -23.1432 -55.4209 -2.54762 1.5 1.2 1 0 0
1 14998 -24.9156 -56.1569 -3.38294 0.554253 1.2 1 0 0
1 14999 -28.6092 -52.139 -1.59783 0.625954 1.2 1 0 0
1 15000 -27.1802 -53.8369 -3.48069 0.805059 1.2 1 0 0
1 15003 -23.1608 -52.4285 -3.95801 0.531455 1.2 1 0 0
1 15006 -29.7667 -57.5329 -4.17495 0.65393 1.2 1 0 0
1 15007 -28.6457 -55.716 -3.53694 1.5 1.2 1 0 0
1 15010 -31.042 -56.1837 -4.5894 1.15595 1.2 1 0 0
1 15011 -30.6242 -55.3359 -2.6002 0.709891 1.2 1 0 0
1 15012 -29.5518 -57.0522 -2.58984 0.371061 1.2 1 0 0
1 15015 -32.6478 -61.7416 -2.59068 1.5 1.2 1 0 0
1 15019 -25.271 -59.7639 -1.46863 1.4655 1.2 1 0 0
1 15020 -28.225 -60.8995 -1.90604 0.523506 1.2 1 0 0
1 15021 -27.1036 -59.8841 -0.213056 0.373664 1.2 1 0 0
1 15022 -28.9571 -57.5402 0.447342 0.453773 1.2 1 0 0
1 15023 -29.5862 -57.0236 0.292316 0.341788 1.2 1 0 0
1 15024 -27.3514 -58.4946 1.02009 1.5 1.2 1 0 0
1 15025 -28.7428 -57.6938 -1.28472 1.2931 1.2 1 0 0
1 15026 -28.1562 -58.3763 -3.64103 1.20398 1.2 1 0 0
1 15039 -19.7961 -53.0327 -0.022651 1.5 1.2 1 0 0
1 15040 -20.7252 -49.806 0.391554 1.5 1.2 1 0 0
1 15041 -22.261 -51.5642 1.56571 1.11318 1.2 1 0 0
1 15042 -23.1293 -50.6874 2.68941 0.543073 1.2 1 0 0
1 15043 -20.0011 -53.9013 4.01786 0.851499 1.2 1 0 0
1 15044 -20.6201 -51.6093 4.09698 0.226627 1.2 1 0 0
1 15045 -23.7787 -56.7773 1.29162 1.5 1.2 1 0 0
1 15046 -25.4889 -57.9687 1.95087 0.64753 1.2 1 0 0
1 15047 -26.564 -52.799 0.992972 0.950396 1.2 1 0 0
1 15048 -24.8667 -54.3768 1.4753 0.721833 1.2 1 0 0
1 15049 -24.2616 -55.4954 -0.551202 0.789566 1.2 1 0 0
1 15050 -20.6554 -46.6383 1.01112 1.19317 1.2 1 0 0
1 15051 -20.6403 -46.2298 3.26068 0.572222 1.2 1 0 0
1 15052 -21.8242 -46.7639 2.47076 0.529115 1.2 1 0 0
1 15053 -23.1831 -47.1465 -2.33623 0.840333 1.2 1 0 0
1 15054 -19.7972 -57.1814 3.0586 0.673789 1.2 1 0 0
1 15239 -20.9075 -53.637 19.2798 0.174503 1.2 1 0 0
1 15246 -20.7423 -60.9026 17.3288 1.5 1.2 1 0 0
1 15247 -19.0025 -58.9623 16.3344 1.25992 1.2 1 0 0
1 15248 -21.0048 -57.4409 18.0135 1.5 1.2 1 0 0
1 15249 -23.7272 -59.091 17.7591 1.5 1.2 1 0 0
1 15250 -21.6652 -59.5911 19.2399 0.982492 1.2 1 0 0
1 15251 -22.1407 -60.3451 18.3129 0.298558 1.2 1 0 0
1 15252 -21.7193 -59.2013 17.4923 0.468639 1.2 1 0 0
1 15253 -22.0521 -59.7833 18.0135 0.317814 1.2 1 0 0
1 15254 -24.1175 -61.791 15.4326 1.44388 1.2 1 0 0
1 15255 -23.3467 -59.3477 13.8796 1.5 1.2 1 0 0
1 15257 -19.7852 -57.2439 20.131 0.707929 1.2 1 0 0
1 15259 -21.3836 -55.3638 20.7172 1.05082 1.2 1 0 0
1 15260 -21.4656 -57.0277 21.8437 0.468866 1.2 1 0 0
1 15265 -21.9326 -55.276 16.1397 0.460332 1.2 1 0 0
1 15267 -20.4634 -56.36 15.9147 0.916388 1.2 1 0 0
1 15269 -20.1092 -58.1338 13.9456 1.5 1.2 1 0 0
1 15270 -26.0677 -58.5256 12.7302 1.22171 1.2 1 0 0
1 15271 -24.887 -57.1435 14.5029 0.858048 1.2 1 0 0
1 15272 -25.1812 -57.3971 13.3696 0.339929 1.2 1 0 0
1 15273 -25.3417 -60.2519 14.6059 0.6247 1.2 1 0 0
1 15274 -27.0527 -60.9421 13.5298 1.5 1.2 1 0 0
1 15275 -25.6804 -63.0595 13.9434 1.05538 1.2 1 0 0
1 15276 -26.1102 -58.7021 15.8396 1.5 1.2 1 0 0
1 15277 -25.5032 -55.8864 12.3692 1.5 1.2 1 0 0
1 15278 -24.1631 -58.6433 10.7894 1.5 1.2 1 0 0
1 15279 -27.0793 -49.1192 17.5994 1.22122 1.2 1 0 0
1 15280 -28.3085 -48.3633 18.1474 0.221278 1.2 1 0 0
1 15281 -29.1918 -47.4624 17.2558 0.480286 1.2 1 0 0
1 15282 -28.5832 -49.7087 17.2718 0.376765 1.2 1 0 0
1 15283 -30.4826 -50.9661 16.997 -0.00177466 1.2 1 0 0
1 15284 -29.8537 -51.6308 18.7372 -0.00232197 1.2 1 0 0
1 15285 -28.0739 -49.267 18.5048 0.00894332 1.2 1 0 0
1 15287 -30.0077 -48.5018 18.7406 -0.00179345 1.2 1 0 0
1 15288 -29.4696 -46.2985 15.3773 0.387933 1.2 1 0 0
1 15289 -29.6409 -49.0036 15.5525 0.172074 1.2 1 0 0
1 15290 -28.5562 -48.0488 14.0323 1.05034 1.2 1 0 0
1 15291 -25.108 -53.7722 17.6248 0.828311 1.2 1 0 0
1 15292 -26.451 -53.4692 16.8316 0.755824 1.2 1 0 0
1 15293 -25.0582 -51.6384 16.7738 0.778403 1.2 1 0 0
1 15294 -28.4899 -52.9922 16.7046 1.22386 1.2 1 0 0
1 15295 -29.611 -53.6428 14.9254 0.823992 1.2 1 0 0
1 15296 -27.9387 -51.5575 17.9928 0.365656 1.2 1 0 0
1 15297 -27.082 -53.3358 20.2067 0.415243 1.2 1 0 0
1 15298 -27.1544 -51.0152 16.4835 0.9799 1.2 1 0 0
1 15299 -24.2513 -55.5679 19.3257 1.5 1.2 1 0 0
1 15300 -28.2895 -58.4216 16.134 0.688321 1.2 1 0 0
1 15301 -25.7766 -58.8604 18.0135 0.57791 1.2 1 0 0
1 15302 -26.0519 -57.0672 17.9956 1.1943 1.2 1 0 0
1 15303 -25.5885 -54.5254 14.0257 0.580074 1.2 1 0 0
1 15304 -25.0042 -53.6308 12.8518 0.859925 1.2 1 0 0
1 15307 -21.3145 -48.51 21.3274 0.158027 1.2 1 0 0
1 15313 -25.7247 -48.0522 21.7679 0.70575 1.2 1 0 0
1 15314 -27.0385 -48.0693 22.0314 0.430331 1.2 1 0 0
1 15315 -27.3571 -49.207 19.2122 0.302653 1.2 1 0 0
1 15316 -25.6799 -50.0018 22.5205 1.17049 1.2 1 0 0
1 15317 -25.0456 -46.8538 18.5739 -0.00091443 1.2 1 0 0
1 15320 -23.6391 -52.4828 23.0618 0.538077 1.2 1 0 0
1 15321 -21.5574 -50.5617 23.9824 0.779235 1.2 1 0 0
1 15322 -21.2173 -50.5647 22.0389 0.491801 1.2 1 0 0
1 15323 -21.8297 -51.064 22.884 0.419581 1.2 1 0 0
1 15324 -21.9082 -52.9712 22.5278 1.32844 1.2 1 0 0
1 15325 -23.5178 -54.5491 21.6002 1.03545 1.2 1 0 0
1 15326 -22.2568 -54.959 22.4785 0.554953 1.2 1 0 0
1 15330 -23.0772 -49.8336 17.2523 0.348026 1.2 1 0 0
1 15331 -22.2426 -51.4653 16.6092 0.253196 1.2 1 0 0
1 15332 -23.2915 -52.3685 18.0135 1.5 1.2 1 0 0
1 15333 -22.5907 -50.4931 18.7198 0.576797 1.2 1 0 0
1 15336 -21.8724 -51.2766 18.5721 0.166645 1.2 1 0 0
1 15339 -20.8237 -49.3362 20.3165 -0.0111951 1.2 1 0 0
1 15341 -20.9296 -51.8018 16.022 -0.00716136 1.2 1 0 0
1 15342 -22.3479 -49.5157 14.2852 -0.0013623 1.2 1 0 0
1 15343 -21.0172 -48.982 16.0511 -0.00380676 1.2 1 0 0
1 15346 -20.7377 -50.4979 11.9982 -0.00628256 1.2 1 0 0
1 15350 -21.6372 -51.748 11.4253 -0.000767402 1.2 1 0 0
1 15351 -23.9648 -51.37 12.3294 0.765871 1.2 1 0 0
1 15352 -25.5808 -47.7832 11.0839 0.293099 1.2 1 0 0
1 15353 -25.122 -48.1148 13.0535 0.149181 1.2 1 0 0
1 15354 -26.5815 -49.0575 12.4563 1.5 1.2 1 0 0
1 15355 -24.8478 -49.7568 11.9381 0.35687 1.2 1 0 0
1 15356 -23.6826 -48.9048 15.4926 -0.00054276 1.2 1 0 0
1 15357 -23.8683 -50.7535 14.4918 0.517966 1.2 1 0 0
1 15358 -23.0682 -52.146 15.3963 1.07576 1.2 1 0 0
1 15359 -23.1321 -51.5857 9.53122 0.826884 1.2 1 0 0
1 15360 -21.0276 -54.57 11.8325 0.904497 1.2 1 0 0
1 15361 -20.2791 -54.1019 12.7545 0.253619 1.2 1 0 0
1 15362 -19.2588 -54.5042 10.6749 0.823667 1.2 1 0 0
1 15363 -22.1373 -56.6998 12.0192 1.5 1.2 1 0 0
1 15364 -22.9453 -57.322 10.1499 0.369306 1.2 1 0 0
1 15365 -21.4419 -53.3446 9.73259 0.843444 1.2 1 0 0
1 15366 -22.1609 -52.7566 11.8572 0.0939263 1.2 1 0 0
1 15367 -21.7087 -53.8139 12.6795 0.419439 1.2 1 0 0
1 15368 -23.4343 -55.677 9.40891 1.5 1.2 1 0 0
1 15369 -22.4787 -54.124 8.35643 0.603661 1.2 1 0 0
1 15370 -22.2223 -54.5959 10.8121 0.646342 1.2 1 0 0
1 15374 -23.189 -47.077 8.64958 -0.00913937 1.2 1 0 0
1 15376 -22.4744 -49.2594 8.68157 -0.000778517 1.2 1 0 0
1 15579 -17.7684 -62.9853 9.79681 1.5 1.2 1 0 0
1 15582 -18.3752 -65.021 13.9725 1.30092 1.2 1 0 0
1 15583 -19.3121 -65.5755 11.3919 1.5 1.2 1 0 0
1 15585 -19.8987 -65.9686 13.3579 0.588945 1.2 1 0 0
1 15586 -19.3334 -63.1927 11.6984 0.896244 1.2 1 0 0
1 15593 -22.3085 -59.8685 10.7786 0.568262 1.2 1 0 0
1 15594 -22.8 -60.483 11.4124 0.349347 1.2 1 0 0
1 15595 -20.1529 -59.6906 11.3418 0.545904 1.2 1 0 0
1 15596 -20.2661 -59.3469 7.34992 0.611632 1.2 1 0 0
1 15597 -22.7897 -63.6509 13.5767 1.5 1.2 1 0 0
1 15598 -23.8604 -63.6854 15.2189 0.460688 1.2 1 0 0
1 15599 -20.6144 -64.876 14.1374 0.93083 1.2 1 0 0
1 15600 -21.9294 -65.3592 14.0532 0.471111 1.2 1 0 0
1 15601 -21.3039 -62.707 12.4967 0.56269 1.2 1 0 0
1 15602 -19.8635 -62.5566 13.9655 1.5 1.2 1 0 0
1 15608 -20.8154 -66.8541 11.8605 0.526445 1.2 1 0 0
1 15609 -20.6137 -68.207 8.27647 0.8801 1.2 1 0 0
1 15610 -19.6456 -64.4077 9.38118 0.848958 1.2 1 0 0
1 15611 -20.5593 -64.6562 10.2441 0.428152 1.2 1 0 0
1 15612 -20.0551 -62.883 8.10644 1.12484 1.2 1 0 0
1 15641 -17.9713 -61.5562 18.4589 1.5 1.2 1 0 0
1 15642 -18.4178 -63.5119 16.266 1.35963 1.2 1 0 0
1 15666 -19.7191 -55.8507 5.35903 1.5 1.2 1 0 0
1 15669 -19.3219 -52.3709 5.09319 0.839439 1.2 1 0 0
1 16602 -24.343 -39.8475 27.6752 0.506136 1.2 1 0 0
1 16603 -25.4393 -41.2256 26.8631 0.474603 1.2 1 0 0
1 16608 -24.0885 -40.9479 24.4641 0.531251 1.2 1 0 0
1 16611 -20.3512 -42.1685 28.8312 0.31069 1.2 1 0 0
1 16612 -20.6325 -43.1976 28.0886 0.614766 1.2 1 0 0
1 16613 -23.9812 -41.3494 26.9539 0.991561 1.2 1 0 0
1 16614 -23.0262 -40.732 27.9487 0.499797 1.2 1 0 0
1 16615 -22.6428 -40.7131 27.1382 0.295652 1.2 1 0 0
1 16616 -22.1036 -42.4766 27.3678 0.953261 1.2 1 0 0
1 16617 -22.0158 -40.8316 28.3702 0.497233 1.2 1 0 0
1 16618 -21.6206 -42.1894 25.3936 -0.00555158 1.2 1 0 0
1 16619 -22.8212 -41.392 26.1255 0.391618 1.2 1 0 0
1 16631 -25.3086 -41.3361 23.7914 -0.00198939 1.2 1 0 0
1 16632 -28.5778 -39.6756 25.1604 0.724939 1.2 1 0 0
1 16633 -28.4218 -41.4172 24.9294 0.735356 1.2 1 0 0
1 16634 -27.7797 -40.8569 26.0448 0.220071 1.2 1 0 0
1 16635 -26.4335 -40.4411 25.3853 1.18563 1.2 1 0 0
1 16657 -27.9267 -42.2762 21.5739 -0.00251564 1.2 1 0 0
1 16658 -27.8823 -42.3396 24.5358 0.0682789 1.2 1 0 0
1 16659 -27.199 -41.3655 21.9476 -0.0103931 1.2 1 0 0
1 16660 -27.8763 -40.9161 21.4052 -0.00194368 1.2 1 0 0
1 16661 -29.9367 -40.25 23.8547 1.00159 1.2 1 0 0
1 16663 -30.3752 -40.9325 22.4787 0.143943 1.2 1 0 0
1 16664 -29.8233 -41.8931 23.2015 -0.00517892 1.2 1 0 0
1 16665 -29.9178 -42.4934 24.1033 0.437995 1.2 1 0 0
1 16666 -30.026 -41.3145 22.8346 -0.00111891 1.2 1 0 0
1 16707 -21.2501 -44.6078 26.4765 0.0949222 1.2 1 0 0
1 16709 -22.1865 -44.427 26.855 0.736492 1.2 1 0 0
1 16710 -22.8656 -46.4525 26.1959 0.152665 1.2 1 0 0
1 16711 -22.009 -43.5078 26.3433 0.307523 1.2 1 0 0
1 16712 -20.7462 -44.8486 27.5399 0.00241815 1.2 1 0 0
1 16714 -21.1917 -46.8017 26.1027 -0.017857 1.2 1 0 0
1 16715 -22.7909 -45.4253 24.8181 0.677031 1.2 1 0 0
1 16716 -21.6173 -43.639 25.5662 0.493149 1.2 1 0 0
1 16717 -26.0677 -45.8916 21.6865 -0.0036158 1.2 1 0 0
1 16718 -26.7408 -47.2542 22.0712 0.0816198 1.2 1 0 0
1 16720 -24.596 -45.8678 21.2801 -0.00981048 1.2 1 0 0
1 16721 -28.9483 -45.5064 23.8521 0.290025 1.2 1 0 0
1 16722 -28.1735 -44.0545 22.4111 -0.00125999 1.2 1 0 0
1 16723 -27.3742 -46.9864 23.4471 0.596378 1.2 1 0 0
1 16724 -28.4087 -46.4955 23.7737 0.271743 1.2 1 0 0
1 16725 -28.2744 -44.0934 24.7488 0.370764 1.2 1 0 0
1 16726 -27.5782 -44.362 24.1881 -0.0146179 1.2 1 0 0
1 16728 -21.9975 -43.3015 23.9978 0.255843 1.2 1 0 0
1 16729 -23.4824 -42.9943 25.1234 1.5 1.2 1 0 0
1 16730 -22.817 -41.8086 24.0193 0.210102 1.2 1 0 0
1 16731 -22.5338 -42.9174 23.3836 0.454797 1.2 1 0 0
1 16732 -22.5272 -45.4615 22.3159 -0.00321886 1.2 1 0 0
1 16733 -22.2427 -44.5271 22.2954 -0.00734765 1.2 1 0 0
1 16734 -22.9396 -46.2056 23.1321 0.553136 1.2 1 0 0
1 16735 -24.1991 -44.4926 24.0289 0.477664 1.2 1 0 0
1 16736 -23.9325 -47.0549 24.7372 0.84553 1.2 1 0 0
1 16737 -25.0552 -45.1427 25.0545 1.00695 1.2 1 0 0
1 16738 -25.9686 -46.3913 24.6251 0.597876 1.2 1 0 0
1 16739 -24.8255 -44.059 26.1872 0.517212 1.2 1 0 0
1 16740 -26.1134 -43.2771 25.4422 0.89832 1.2 1 0 0
1 16741 -25.1716 -41.9493 24.7068 0.529532 1.2 1 0 0
1 16742 -24.6051 -43.4533 24.0258 0.0567785 1.2 1 0 0
1 16743 -24.662 -46.6629 23.2492 0.804785 1.2 1 0 0
1 16744 -23.4626 -45.5591 21.5642 -0.000163424 1.2 1 0 0
1 16745 -23.8315 -44.6011 22.3152 -0.000544751 1.2 1 0 0
1 16746 -28.4133 -44.4425 20.1575 -0.00103272 1.2 1 0 0
1 16747 -29.8636 -43.0135 19.5925 -0.00619815 1.2 1 0 0
1 16748 -27.665 -46.1284 19.2885 -0.00101843 1.2 1 0 0
1 16749 -30.5621 -45.0999 19.0354 -0.00424833 1.2 1 0 0
1 16750 -30.1964 -47.0895 19.6031 -0.00108304 1.2 1 0 0
1 16751 -29.5441 -47.0151 18.6577 -0.0101029 1.2 1 0 0
1 16752 -29.0822 -47.0127 21.3426 -0.00390861 1.2 1 0 0
1 16753 -30.6853 -44.5396 20.3093 -0.0175614 1.2 1 0 0
1 16754 -30.1752 -46.4786 18.3639 -0.0101307 1.2 1 0 0
1 16755 -30.468 -46.3754 19.3017 -0.00540116 1.2 1 0 0
1 16756 -31.7831 -45.1721 17.6045 -0.0108887 1.2 1 0 0
1 16757 -32.5848 -47.594 18.2893 -0.00209273 1.2 1 0 0
1 16758 -32.0969 -46.6038 19.6981 -0.00160603 1.2 1 0 0
1 16759 -33.0814 -44.0648 19.8001 0.345527 1.2 1 0 0
1 16760 -32.4964 -46.4315 16.3288 -0.0061888 1.2 1 0 0
1 16761 -33.8867 -46.72 17.6049 -0.00889063 1.2 1 0 0
1 16762 -33.1148 -46.7941 17.138 -0.00498705 1.2 1 0 0
1 16763 -29.8225 -43.6986 21.9359 -0.010145 1.2 1 0 0
1 16764 -30.9198 -43.9649 23.0467 0.387794 1.2 1 0 0
1 16765 -30.1405 -45.246 22.0716 -0.00881671 1.2 1 0 0
1 16766 -29.7053 -44.4411 22.3102 -0.0101146 1.2 1 0 0
1 16767 -31.6312 -45.1639 20.9048 0.073099 1.2 1 0 0
1 16768 -30.9417 -46.1472 22.1229 -0.00567702 1.2 1 0 0
1 16769 -30.3182 -46.6746 20.8898 -0.00104326 1.2 1 0 0
1 16770 -28.7417 -46.7135 22.7708 0.090826 1.2 1 0 0
1 16771 -29.6344 -46.9538 21.654 -0.0030821 1.2 1 0 0
1 16772 -30.0368 -45.9984 22.2977 -0.00425808 1.2 1 0 0
1 16773 -31.9026 -44.2113 21.8838 0.628675 1.2 1 0 0
1 16774 -31.0019 -44.2563 21.5466 -0.00625579 1.2 1 0 0
1 16775 -30.5716 -45.4759 16.717 0.0255814 1.2 1 0 0
1 16776 -30.0925 -46.2385 16.5633 0.0347768 1.2 1 0 0
1 16777 -32.7611 -45.2045 16.736 -0.000209571 1.2 1 0 0
1 16778 -32.1884 -43.8985 16.2392 0.321755 1.2 1 0 0
1 16779 -32.8738 -44.1753 17.8077 -0.000548305 1.2 1 0 0
1 16780 -31.3894 -44.3267 17.3057 0.0308121 1.2 1 0 0
1 16781 -31.2687 -43.2046 18.4504 -0.0068777 1.2 1 0 0
1 16782 -32.2733 -43.6125 18.0161 0.498515 1.2 1 0 0
1 16783 -34.7735 -41.2713 16.1834 0.849299 1.2 1 0 0
1 16784 -35.8218 -41.29 16.8779 0.406392 1.2 1 0 0
1 16785 -36.4277 -42.1789 17.5465 0.858987 1.2 1 0 0
1 16787 -36.4628 -38.9252 15.6981 1.0724 1.2 1 0 0
1 16794 -36.5173 -41.215 18.4912 0.49326 1.2 1 0 0
1 16795 -37.5081 -40.7615 13.1971 0.835097 1.2 1 0 0
1 16796 -39.0282 -41.1718 13.9981 0.750513 1.2 1 0 0
1 16797 -38.4741 -41.2803 13.1102 0.264839 1.2 1 0 0
1 16798 -38.8332 -40.6151 15.4408 0.507506 1.2 1 0 0
1 16800 -30.311 -41.7625 19.8235 -0.0128402 1.2 1 0 0
1 16803 -32.5414 -38.822 19.0512 1.07505 1.2 1 0 0
1 16804 -32.3411 -42.8428 20.5467 0.661721 1.2 1 0 0
1 16805 -33.1177 -43.2731 18.9577 0.522427 1.2 1 0 0
1 16806 -36.099 -43.3134 18.0662 0.391039 1.2 1 0 0
1 16807 -35.4283 -41.7757 18.9825 0.826461 1.2 1 0 0
1 16808 -33.2046 -43.8467 20.9214 0.523632 1.2 1 0 0
1 16809 -34.0216 -43.0087 19.9593 0.845638 1.2 1 0 0
1 16810 -33.9048 -43.9777 20.6307 0.198935 1.2 1 0 0
1 16811 -32.6805 -41.5161 21.8756 0.774842 1.2 1 0 0
1 16812 -31.4158 -41.2163 21.3983 0.396585 1.2 1 0 0
1 16813 -31.308 -41.88 22.8772 0.7129 1.2 1 0 0
1 16817 -31.7466 -39.2691 21.527 1.19833 1.2 1 0 0
1 16819 -32.0102 -41.6845 18.3458 0.416215 1.2 1 0 0
1 16820 -32.4352 -42.6414 17.1541 0.525094 1.2 1 0 0
1 16821 -35.3 -41.6125 17.4884 0.404311 1.2 1 0 0
1 16822 -34.3301 -42.7058 17.2988 0.92695 1.2 1 0 0
1 16823 -33.1514 -41.031 17.8403 0.932817 1.2 1 0 0
1 16824 -33.9807 -40.5663 18.493 0.212089 1.2 1 0 0
1 16825 -33.495 -41.6646 16.6527 0.452745 1.2 1 0 0
1 16826 -33.1133 -43.2867 15.9143 0.395746 1.2 1 0 0
1 16827 -33.1142 -44.6666 13.9899 0.0919337 1.2 1 0 0
1 16828 -32.1144 -45.6885 13.1684 -0.00240463 1.2 1 0 0
1 16830 -35.9535 -45.9972 12.8302 -0.00466902 1.2 1 0 0
1 16831 -34.2672 -44.3944 13.6105 0.270863 1.2 1 0 0
1 16832 -33.6928 -44.9996 12.8293 -0.000247105 1.2 1 0 0
1 16833 -35.1395 -45.7533 10.3173 0.239174 1.2 1 0 0
1 16834 -35.7483 -44.9363 11.2948 0.439715 1.2 1 0 0
1 16835 -37.3268 -45.6462 11.1047 0.695686 1.2 1 0 0
1 16836 -36.5258 -44.2981 12.147 0.757159 1.2 1 0 0
1 16837 -36.1332 -43.3992 12.9444 0.505901 1.2 1 0 0
1 16838 -38.1177 -45.28 13.3515 0.748758 1.2 1 0 0
1 16839 -38.1459 -43.0138 13.0529 1.5 1.2 1 0 0
1 16840 -38.1018 -44.4749 14.4819 0.540153 1.2 1 0 0
1 16841 -37.191 -44.1785 10.7067 0.734905 1.2 1 0 0
1 16842 -37.8365 -44.5176 11.7384 0.517815 1.2 1 0 0
1 16843 -35.0154 -44.1196 15.8711 -0.0037367 1.2 1 0 0
1 16844 -33.9195 -43.677 15.0891 0.453365 1.2 1 0 0
1 16845 -36.6 -45.3558 15.9879 -0.000171635 1.2 1 0 0
1 16846 -35.8156 -45.5814 15.6948 -0.00665336 1.2 1 0 0
1 16847 -36.2418 -44.0583 16.6401 0.0328955 1.2 1 0 0
1 16849 -35.0964 -47.3891 15.474 -0.00281773 1.2 1 0 0
1 16850 -35.7028 -46.7578 16.2976 -0.00416078 1.2 1 0 0
1 16851 -34.1936 -44.7002 15.918 -0.00261146 1.2 1 0 0
1 16852 -36.2593 -44.1508 14.1566 0.860089 1.2 1 0 0
1 16853 -36.605 -43.5477 17.0186 0.578961 1.2 1 0 0
1 16854 -34.9437 -42.7363 15.2113 0.787071 1.2 1 0 0
1 16855 -36.0283 -43.1805 16.0454 0.603435 1.2 1 0 0
1 16856 -40.1533 -44.9719 11.0361 0.463776 1.2 1 0 0
1 16857 -38.161 -41.7547 10.9668 0.596951 1.2 1 0 0
1 16858 -38.3316 -46.2107 8.26653 0.62597 1.2 1 0 0
1 16859 -39.0996 -46.7644 11.2195 0.554085 1.2 1 0 0
1 16860 -39.1053 -45.0334 11.9683 0.865764 1.2 1 0 0
1 16861 -38.8289 -44.0009 11.826 0.212567 1.2 1 0 0
1 16862 -40.1475 -44.1609 11.7606 0.410967 1.2 1 0 0
1 16863 -39.2423 -43.4065 10.2562 1.5 1.2 1 0 0
1 16864 -39.5436 -46.0464 9.65457 1.22407 1.2 1 0 0
1 16865 -37.5423 -44.987 9.12954 1.05848 1.2 1 0 0
1 17059 -39.5277 -42.4806 5.75667 0.475507 1.2 1 0 0
1 17060 -38.6449 -43.1219 6.24382 0.708714 1.2 1 0 0
1 17061 -37.9249 -43.5893 5.75193 0.28059 1.2 1 0 0
1 17062 -41.4459 -42.6375 6.20207 1.5 1.2 1 0 0
1 17063 -41.7111 -44.714 6.71059 0.654215 1.2 1 0 0
1 17064 -41.1447 -44.0894 7.10481 0.234378 1.2 1 0 0
1 17065 -41.4907 -44.1592 7.90733 0.637166 1.2 1 0 0
1 17066 -39.6013 -44.8763 7.1873 1.5 1.2 1 0 0
1 17067 -41.3541 -45.8146 5.39968 1.06653 1.2 1 0 0
1 17068 -40.4133 -46.289 6.33272 0.339988 1.2 1 0 0
1 17069 -39.7006 -45.6501 5.26763 0.57214 1.2 1 0 0
1 17070 -40.5952 -44.3348 5.30825 0.597268 1.2 1 0 0
1 17071 -39.118 -40.7821 4.95296 0.400602 1.2 1 0 0
1 17072 -40.5246 -41.3449 5.27322 0.336869 1.2 1 0 0
1 17073 -39.556 -41.1445 6.1333 0.909512 1.2 1 0 0
1 17074 -41.4254 -39.7515 5.11915 1.5 1.2 1 0 0
1 17075 -42.8333 -41.5772 4.68173 0.756652 1.2 1 0 0
1 17076 -42.9822 -40.0731 3.15124 0.982815 1.2 1 0 0
1 17077 -42.2254 -40.632 7.18489 0.842594 1.2 1 0 0
1 17078 -40.7938 -40.7834 6.79569 0.533731 1.2 1 0 0
1 17081 -40.3201 -40.3209 3.43229 0.595527 1.2 1 0 0
1 17082 -39.3574 -40.5768 2.87212 0.547359 1.2 1 0 0
1 17083 -39.2315 -42.3993 7.85882 1.09288 1.2 1 0 0
1 17084 -38.086 -43.5822 8.31847 0.59456 1.2 1 0 0
1 17085 -39.1042 -40.8258 7.40762 0.479573 1.2 1 0 0
1 17086 -38.7507 -41.5109 9.31095 0.647515 1.2 1 0 0
1 17087 -40.7818 -44.6076 9.14077 0.742401 1.2 1 0 0
1 17088 -41.0215 -42.9935 8.75106 0.866833 1.2 1 0 0
1 17089 -41.1982 -43.1272 10.0527 0.45358 1.2 1 0 0
1 17090 -39.548 -41.4222 10.1463 0.510694 1.2 1 0 0
1 17091 -40.9578 -41.6238 10.6507 0.803108 1.2 1 0 0
1 17092 -41.2805 -39.829 10.8243 0.703146 1.2 1 0 0
1 17093 -41.7329 -40.8351 10.1218 0.386681 1.2 1 0 0
1 17094 -41.496 -41.4599 7.64878 0.354345 1.2 1 0 0
1 17095 -40.5169 -40.333 8.75949 1.5 1.2 1 0 0
1 17096 -39.7313 -42.1019 3.97865 1.34961 1.2 1 0 0
1 17097 -38.3987 -43.4131 2.75038 0.825578 1.2 1 0 0
1 17098 -38.3159 -43.3619 4.27837 0.561023 1.2 1 0 0
1 17099 -42.1687 -43.1156 3.56671 1.25618 1.2 1 0 0
1 17100 -42.1848 -45.3842 3.81554 0.701445 1.2 1 0 0
1 17101 -42.1458 -44.6223 2.01852 0.903411 1.2 1 0 0
1 17102 -40.0805 -44.902 3.35584 1.5 1.2 1 0 0
1 17103 -41.7576 -44.5169 4.58084 0.520082 1.2 1 0 0
1 17104 -40.7119 -43.5241 1.48382 0.890571 1.2 1 0 0
1 17105 -41.7589 -43.1792 1.95094 0.306675 1.2 1 0 0
1 17215 -39.924 -41.7087 0.358636 0.273559 1.2 1 0 0
1 17216 -39.0577 -40.4253 -0.595856 1.5 1.2 1 0 0
1 17218 -42.2688 -40.7698 -1.14391 1.5 1.2 1 0 0
1 17220 -43.1504 -40.4051 1.00382 0.829138 1.2 1 0 0
1 17221 -40.6926 -41.3902 -0.225827 0.402835 1.2 1 0 0
1 17222 -41.0291 -41.1416 1.63044 1.5 1.2 1 0 0
1 17223 -40.033 -42.9216 -0.437998 1.18161 1.2 1 0 0
1 17224 -42.0312 -43.6897 -1.9984 1.22754 1.2 1 0 0
1 17225 -42.3806 -42.9776 0.407535 1.08707 1.2 1 0 0
1 17226 -41.4448 -43.5722 -0.529711 0.35826 1.2 1 0 0
1 17228 -42.5653 -38.2167 1.55232 1.5 1.2 1 0 0
1 17237 -40.8175 -37.8016 -1.01801 1.5 1.2 1 0 0
1 17241 -38.2319 -38.4973 -2.56234 1.37504 1.2 1 0 0
1 17242 -37.5867 -40.9627 -3.45103 1.2874 1.2 1 0 0
1 17243 -41.8684 -39.3151 -3.94988 1.5 1.2 1 0 0
1 17244 -42.4764 -41.5863 -3.4127 0.911687 1.2 1 0 0
1 17245 -41.4329 -40.7024 -2.79801 0.348294 1.2 1 0 0
1 17248 -40.0864 -39.6336 -2.5298 0.800112 1.2 1 0 0
1 17249 -40.5594 -40.5201 -1.90032 0.385563 1.2 1 0 0
1 17250 -40.1317 -42.0011 -2.98828 1.5 1.2 1 0 0
1 24690 -20.244 -63.3421 1.41536 0.70777 1.2 1 0 0
1 24691 -20.419 -62.5529 2.39134 0.559497 1.2 1 0 0
1 24692 -19.3422 -65.6161 3.47129 1.4913 1.2 1 0 0
1 24693 -19.7399 -64.2422 2.06721 0.509901 1.2 1 0 0
1 24694 -20.346 -65.2227 1.45449 0.795561 1.2 1 0 0
1 24695 -22.698 -64.7058 0.14789 1.12545 1.2 1 0 0
1 24696 -22.6358 -63.2105 0.871154 0.529568 1.2 1 0 0
1 24700 -19.5178 -62.1948 1.3539 0.631586 1.2 1 0 0
1 24701 -19.2164 -61.4015 3.01568 1.21863 1.2 1 0 0
1 24707 -21.3604 -68.7032 0.121904 0.462309 1.2 1 0 0
1 24708 -22.1446 -69.0699 0.759671 0.60935 1.2 1 0 0
1 24709 -21.7471 -66.9977 1.01203 1.5 1.2 1 0 0
1 24710 -21.1243 -71.848 -1.03098 0.939515 1.2 1 0 0
1 24711 -22.7155 -72.3675 -1.39393 0.508205 1.2 1 0 0
1 24712 -22.3497 -71.1144 -1.3347 0.42755 1.2 1 0 0
1 24713 -21.9727 -70.8529 -2.02484 0.399341 1.2 1 0 0
1 24718 -19.1029 -68.026 1.62039 1.14561 1.2 1 0 0
1 24719 -20.0581 -66.7783 2.04008 0.480798 1.2 1 0 0
1 24726 -20.1749 -68.6075 -0.42651 0.840122 1.2 1 0 0
1 24728 -20.538 -68.5629 0.998915 0.473168 1.2 1 0 0
1 24731 -19.6194 -72.3364 1.31885 0.556514 1.2 1 0 0
1 24732 -20.5026 -70.4701 1.50372 1.5 1.2 1 0 0
1 24735 -19.9235 -70.4612 -0.452438 0.531487 1.2 1 0 0
1 24742 -19.8739 -60.6352 -1.17878 0.520531 1.2 1 0 0
1 24744 -21.303 -61.7769 0.26667 1.5 1.2 1 0 0
1 24745 -22.2701 -60.0402 0.575616 0.495539 1.2 1 0 0
1 24746 -22.9752 -59.97 0.158286 0.319454 1.2 1 0 0
1 24747 -20.2949 -59.9512 0.388296 0.558792 1.2 1 0 0
1 24748 -20.6113 -60.1561 -0.562321 0.447475 1.2 1 0 0
1 24749 -19.7886 -59.0384 -0.702861 0.917178 1.2 1 0 0
1 24750 -22.5335 -62.3867 -0.708254 0.184188 1.2 1 0 0
1 24751 -21.972 -61.623 -2.03379 0.85308 1.2 1 0 0
1 24756 -20.1792 -60.5269 1.66452 0.650621 1.2 1 0 0
1 24758 -19.7748 -59.775 2.49039 0.537248 1.2 1 0 0
1 24759 -21.2785 -58.6953 1.6668 1.48558 1.2 1 0 0
1 24761 -18.2774 -58.7146 3.3992 1.5 1.2 1 0 0
1 24765 -20.8838 -62.7872 -2.32735 0.533194 1.2 1 0 0
1 24766 -22.3216 -63.031 -3.50467 0.911163 1.2 1 0 0
1 24770 -20.9199 -60.0333 -2.59543 0.33093 1.2 1 0 0
1 24782 -22.7145 -67.3498 -1.19155 0.366434 1.2 1 0 0
1 24783 -22.1562 -67.7456 -3.04723 0.838188 1.2 1 0 0
1 24784 -21.7665 -65.232 -1.2718 0.647516 1.2 1 0 0
1 24785 -21.3761 -66.9824 -1.49367 1.03307 1.2 1 0 0
1 24786 -20.445 -67.0876 -0.377201 0.406139 1.2 1 0 0
1 24787 -22.3328 -67.5465 -0.621464 0.320054 1.2 1 0 0
1 24788 -22.0203 -65.3503 -3.30334 0.98282 1.2 1 0 0
1 24803 -23.2361 -67.3269 -0.34041 0.538302 1.2 1 0 0
1 24804 -23.1591 -67.6126 -1.00087 0.184044 1.2 1 0 0
1 24805 -24.3656 -67.8204 0.46317 0.924022 1.2 1 0 0
1 24806 -23.6338 -66.3752 0.227022 0.636184 1.2 1 0 0
1 24807 -24.5089 -66.0944 -0.097743 0.295175 1.2 1 0 0
1 24808 -24.1428 -66.2597 -1.8474 1.5 1.2 1 0 0
1 24809 -24.7674 -68.476 -1.82824 0.786224 1.2 1 0 0
1 24810 -29.7187 -68.5094 0.467171 0.353381 1.2 1 0 0
1 24811 -29.2368 -67.9898 1.60532 0.980041 1.2 1 0 0
1 24812 -28.3287 -69.3506 0.997282 0.707911 1.2 1 0 0
1 24813 -27.9265 -68.4399 1.30331 0.333633 1.2 1 0 0
1 24814 -27.6025 -67.4983 0.788599 0.785912 1.2 1 0 0
1 24815 -26.8428 -68.0937 1.00636 0.201317 1.2 1 0 0
1 24816 -26.351 -69.0764 -0.292437 1.5 1.2 1 0 0
1 24817 -27.5808 -67.7564 -1.40295 0.614132 1.2 1 0 0
1 24818 -24.6254 -69.6562 -1.15219 0.513201 1.2 1 0 0
1 24819 -24.1185 -70.4971 -1.56307 0.460357 1.2 1 0 0
1 24820 -23.2915 -71.4042 -2.57606 1.12176 1.2 1 0 0
1 24821 -24.3005 -69.9309 0.131909 0.761559 1.2 1 0 0
1 24822 -25.4283 -70.8993 1.10265 0.971644 1.2 1 0 0
1 24823 -25.0008 -71.4024 -0.548294 0.806402 1.2 1 0 0
1 24824 -25.5671 -70.6592 -2.30744 1.17638 1.2 1 0 0
1 24825 -24.5413 -70.9724 -3.85234 0.704372 1.2 1 0 0
1 24826 -29.2372 -67.336 -0.573702 1.28533 1.2 1 0 0
1 24827 -29.6187 -65.2601 -0.676757 0.787753 1.2 1 0 0
1 24828 -28.1353 -65.3493 -0.539996 0.606538 1.2 1 0 0
1 24829 -30.7967 -66.0499 -1.90504 1.08848 1.2 1 0 0
1 24830 -30.1611 -67.5628 -2.14101 0.548072 1.2 1 0 0
1 24831 -30.3483 -62.3324 -0.557822 0.486944 1.2 1 0 0
1 24832 -31.1511 -62.5078 -1.52678 0.486617 1.2 1 0 0
1 24833 -30.661 -62.6976 -1.06577 0.212454 1.2 1 0 0
1 24834 -28.8046 -65.4859 1.46289 1.5 1.2 1 0 0
1 24835 -28.7914 -63.2432 2.58029 0.992812 1.2 1 0 0
1 24836 -31.2799 -65.3029 2.18469 1.02607 1.2 1 0 0
1 24837 -32.166 -65.3979 0.945185 0.475941 1.2 1 0 0
1 24838 -29.7838 -62.7098 1.05103 0.906669 1.2 1 0 0
1 24839 -31.1913 -62.8787 1.31382 0.348806 1.2 1 0 0
1 24840 -30.1656 -64.5729 -2.1548 0.535662 1.2 1 0 0
1 24841 -30.2118 -65.4771 -3.23109 0.462478 1.2 1 0 0
1 24842 -29.6067 -62.9491 -2.00197 1.18842 1.2 1 0 0
1 24843 -30.7596 -62.3236 -3.11182 0.527325 1.2 1 0 0
1 24844 -30.9191 -63.9608 -4.29686 1.5 1.2 1 0 0
1 24845 -31.093 -65.9602 -3.62632 0.615443 1.2 1 0 0
1 24846 -23.5328 -60.7487 -0.411225 0.794874 1.2 1 0 0
1 24847 -24.513 -60.2731 0.295455 0.495561 1.2 1 0 0
1 24848 -25.208 -65.3806 -0.433026 0.47453 1.2 1 0 0
1 24849 -23.9944 -65.4521 0.080238 0.365612 1.2 1 0 0
1 24850 -27.2057 -64.4906 -1.1588 0.56331 1.2 1 0 0
1 24851 -27.1599 -64.9179 0.241455 0.623893 1.2 1 0 0
1 24852 -25.9375 -64.1503 -0.397348 0.954557 1.2 1 0 0
1 24853 -25.9398 -62.7977 -0.839885 0.468602 1.2 1 0 0
1 24854 -26.3228 -63.6092 1.62234 0.891705 1.2 1 0 0
1 24855 -26.3598 -63.1437 0.447865 0.37221 1.2 1 0 0
1 24856 -26.0846 -61.339 0.908606 1.5 1.2 1 0 0
1 24857 -27.7737 -60.3998 1.32457 0.475052 1.2 1 0 0
1 24858 -27.9725 -62.1255 1.61508 0.661425 1.2 1 0 0
1 24859 -27.4644 -64.2047 2.46152 0.575784 1.2 1 0 0
1 24860 -27.1557 -60.6933 -0.911967 0.696846 1.2 1 0 0
1 24861 -27.9486 -63.1929 -0.059555 1.2921 1.2 1 0 0
1 24862 -28.4511 -61.9135 -1.4756 0.448656 1.2 1 0 0
1 24863 -24.5362 -64.2866 -3.0103 0.685635 1.2 1 0 0
1 24864 -23.9991 -62.956 -1.31435 1.5 1.2 1 0 0
1 24865 -23.2915 -64.4292 -2.74767 0.58669 1.2 1 0 0
1 24866 -23.2915 -60.6957 -2.13381 0.754267 1.2 1 0 0
1 24867 -24.2346 -60.6902 -3.15618 0.634266 1.2 1 0 0
1 24868 -24.3385 -62.3901 -3.93388 1.19766 1.2 1 0 0
1 24870 -25.0572 -66.4039 -3.83685 0.679352 1.2 1 0 0
1 24871 -25.8888 -66.3834 -2.86512 0.517219 1.2 1 0 0
1 24873 -28.3445 -65.3745 -2.63596 1.5 1.2 1 0 0
1 24880 -29.7385 -66.2749 -4.6728 1.12491 1.2 1 0 0
1 24884 -28.6457 -68.1282 -3.04094 1.29534 1.2 1 0 0
1 24888 -26.7668 -67.2661 -2.45604 0.793237 1.2 1 0 0
1 24889 -26.2904 -62.7641 -5.67731 1.38332 1.2 1 0 0
1 24891 -28.5383 -62.9715 -4.13102 0.842168 1.2 1 0 0
1 24892 -28.0535 -64.6255 -5.16347 1.15122 1.2 1 0 0
1 24893 -19.4392 -66.6158 5.573 0.838076 1.2 1 0 0
1 24895 -19.9254 -63.3728 3.30851 0.75172 1.2 1 0 0
1 24896 -20.1326 -64.4095 4.78051 0.456705 1.2 1 0 0
1 24897 -21.5723 -64.7041 8.32737 1.18362 1.2 1 0 0
1 24898 -22.9396 -65.4224 8.86255 0.450986 1.2 1 0 0
1 24899 -21.129 -60.9861 7.09004 1.25888 1.2 1 0 0
1 24900 -21.9657 -62.1872 8.34397 0.668596 1.2 1 0 0
1 24901 -22.4278 -61.795 7.52114 0.330891 1.2 1 0 0
1 24902 -29.362 -65.3582 4.90225 1.5 1.2 1 0 0
1 24903 -27.029 -64.8213 5.63752 1.00431 1.2 1 0 0
1 24904 -27.0139 -65.6169 3.60068 1.18248 1.2 1 0 0
1 24905 -27.7053 -65.6913 6.86247 0.643352 1.2 1 0 0
1 24906 -28.2251 -66.952 7.47958 0.63969 1.2 1 0 0
1 24907 -29.1703 -67.6071 4.1322 0.863869 1.2 1 0 0
1 24908 -28.2527 -68.5787 4.62797 0.480395 1.2 1 0 0
1 24909 -27.5132 -68.162 4.76935 0.304723 1.2 1 0 0
1 24910 -27.942 -67.5683 4.45732 0.271607 1.2 1 0 0
1 24911 -21.7871 -68.3801 9.01503 0.508576 1.2 1 0 0
1 24912 -22.7914 -67.0985 7.82627 1.5 1.2 1 0 0
1 24913 -22.9445 -67.6416 9.90986 0.601697 1.2 1 0 0
1 24914 -22.5009 -68.2827 9.49136 0.283229 1.2 1 0 0
1 24915 -26.577 -66.2409 8.50562 1.42092 1.2 1 0 0
1 24916 -25.7546 -68.0155 7.88424 0.631313 1.2 1 0 0
1 24917 -24.6728 -67.3161 9.25482 0.872278 1.2 1 0 0
1 24918 -24.3807 -65.2492 8.53268 0.980224 1.2 1 0 0
1 24919 -25.0352 -65.599 3.78972 0.687211 1.2 1 0 0
1 24920 -24.952 -64.3747 5.17794 1.04673 1.2 1 0 0
1 24921 -25.5251 -66.8321 5.64035 1.5 1.2 1 0 0
1 24922 -25.4623 -68.727 4.48604 0.428152 1.2 1 0 0
1 24923 -25.9287 -69.6505 4.68272 0.61368 1.2 1 0 0
1 24924 -24.9362 -67.9757 3.58056 0.819476 1.2 1 0 0
1 24925 -25.4348 -67.5275 2.49876 0.453226 1.2 1 0 0
1 24926 -27.1942 -68.2255 2.99189 1.5 1.2 1 0 0
1 24927 -23.0446 -58.6316 2.94497 0.607254 1.2 1 0 0
1 24928 -22.4698 -59.9256 4.83445 0.383649 1.2 1 0 0
1 24929 -21.6342 -59.691 6.09628 0.446781 1.2 1 0 0
1 24930 -21.3368 -58.4333 4.64029 1.5 1.2 1 0 0
1 24931 -25.5486 -61.1649 4.66183 0.698209 1.2 1 0 0
1 24932 -25.306 -62.0428 5.39051 0.452258 1.2 1 0 0
1 24933 -24.6908 -62.895 5.81135 0.388243 1.2 1 0 0
1 24934 -24.9457 -61.7843 2.64441 0.623335 1.2 1 0 0
1 24935 -24.3481 -64.3269 3.06077 0.918193 1.2 1 0 0
1 24936 -25.7677 -64.2974 2.7509 0.532746 1.2 1 0 0
1 24937 -21.5586 -62.7693 4.32656 0.69581 1.2 1 0 0
1 24938 -22.0943 -62.2946 5.01819 0.299041 1.2 1 0 0
1 24939 -22.7088 -61.5899 6.34857 0.565748 1.2 1 0 0
1 24940 -21.6598 -61.0703 4.94252 0.938715 1.2 1 0 0
1 24941 -23.4515 -60.7469 1.68583 1.27305 1.2 1 0 0
1 24942 -24.1104 -63.034 1.53447 1.09615 1.2 1 0 0
1 24943 -22.8136 -62.9345 1.55914 0.204782 1.2 1 0 0
1 24944 -22.5165 -62.2654 1.81859 0.515243 1.2 1 0 0
1 24948 -21.4237 -67.4801 4.53941 1.5 1.2 1 0 0
1 24949 -20.5195 -67.7271 2.63413 0.621755 1.2 1 0 0
1 24950 -19.6492 -68.4852 6.44602 1.20712 1.2 1 0 0
1 24951 -21.3217 -67.8226 6.63609 0.525049 1.2 1 0 0
1 24952 -18.586 -69.0192 4.01559 1.44737 1.2 1 0 0
1 24953 -20.1202 -70.0143 5.29488 0.762593 1.2 1 0 0
1 24954 -19.6035 -71.1122 3.61451 0.882264 1.2 1 0 0
1 24955 -23.2352 -65.6222 1.81184 0.660764 1.2 1 0 0
1 24956 -23.5859 -66.5888 3.288 1.13818 1.2 1 0 0
1 24957 -22.3317 -65.328 1.37453 0.2979 1.2 1 0 0
1 24958 -25.3927 -68.386 1.61276 0.718019 1.2 1 0 0
1 24959 -24.2794 -67.6473 2.02254 0.647292 1.2 1 0 0
1 24960 -23.1685 -68.1988 3.69202 0.566721 1.2 1 0 0
1 24961 -21.5793 -68.7193 2.58604 0.818531 1.2 1 0 0
1 24962 -22.6908 -67.9018 2.63226 0.562067 1.2 1 0 0
1 24963 -22.692 -68.3791 6.27203 0.486028 1.2 1 0 0
1 24964 -23.0703 -70.7379 4.83077 0.434281 1.2 1 0 0
1 24965 -22.5085 -71.3748 2.80355 0.466159 1.2 1 0 0
1 24966 -22.0807 -70.5943 2.4773 0.331181 1.2 1 0 0
1 24967 -21.9983 -72.0235 1.95086 0.702291 1.2 1 0 0
1 24968 -22.3168 -70.9587 1.87135 0.411897 1.2 1 0 0
1 24969 -24.8151 -70.7787 3.62119 0.513869 1.2 1 0 0
1 24970 -25.9686 -70.2496 2.85264 0.830123 1.2 1 0 0
1 25018 -22.5872 -60.7133 -4.30098 1.0861 1.2 1 0 0
1 25038 -24.2701 -64.8205 -5.1175 1.5 1.2 1 0 0
1 25040 -23.4885 -67.0265 -4.15251 1.01585 1.2 1 0 0
1 25068 -37.578 -58.0186 -0.506614 0.746569 1.2 1 0 0
1 25069 -37.2634 -57.7552 -2.31158 1.07735 1.2 1 0 0
1 25070 -35.8233 -55.302 -0.667127 0.728512 1.2 1 0 0
1 25071 -34.7963 -55.5608 -0.80859 0.318236 1.2 1 0 0
1 25072 -35.7957 -56.5366 -0.488953 0.480337 1.2 1 0 0
1 25073 -37.6339 -56.6411 -3.93175 0.92352 1.2 1 0 0
1 25074 -36.5037 -56.4458 -3.32214 0.375366 1.2 1 0 0
1 25075 -35.6696 -56.4268 -4.32248 0.665872 1.2 1 0 0
1 25076 -36.2706 -57.331 -3.70755 0.569606 1.2 1 0 0
1 25088 -41.7497 -43.062 -4.66856 1.04911 1.2 1 0 0
1 25091 -40.2639 -44.6331 -2.80519 0.932216 1.2 1 0 0
1 25092 -41.792 -47.0174 -3.15382 0.527343 1.2 1 0 0
1 25093 -41.9903 -45.9546 -2.05344 0.811369 1.2 1 0 0
1 25099 -36.4711 -44.6331 -3.40334 0.903749 1.2 1 0 0
1 25103 -35.4354 -43.797 -3.84657 0.499191 1.2 1 0 0
1 25108 -37.13 -43.591 -1.88646 1.0039 1.2 1 0 0
1 25109 -39.0099 -43.2979 -2.37262 0.321804 1.2 1 0 0
1 25122 -29.8982 -48.5474 -0.413551 0.481302 1.2 1 0 0
1 25123 -28.6859 -48.7476 -0.025279 0.765177 1.2 1 0 0
1 25124 -29.8886 -49.2437 -1.29901 0.589258 1.2 1 0 0
1 25125 -31.1391 -48.7799 -0.793363 0.83709 1.2 1 0 0
1 25126 -33.8487 -51.4865 0.398793 0.819615 1.2 1 0 0
1 25127 -34.1632 -50.3006 -0.570307 0.578547 1.2 1 0 0
1 25128 -32.2308 -49.6436 -1.26294 0.609324 1.2 1 0 0
1 25129 -33.621 -51.074 -1.34431 0.618278 1.2 1 0 0
1 25130 -33.9999 -46.8299 -1.43842 0.458593 1.2 1 0 0
1 25131 -34.629 -47.1328 -0.356678 0.758665 1.2 1 0 0
1 25132 -33.3992 -46.9585 -3.04395 0.68418 1.2 1 0 0
1 25133 -34.7352 -51.9886 1.56962 0.715684 1.2 1 0 0
1 25134 -35.703 -53.7332 0.945113 1.37268 1.2 1 0 0
1 25135 -36.4647 -50.9556 1.56535 1.29879 1.2 1 0 0
1 25136 -35.5371 -52.0687 2.00388 0.195082 1.2 1 0 0
1 25137 -39.256 -55.0888 2.1852 0.594871 1.2 1 0 0
1 25138 -38.3013 -55.0814 1.93836 0.389646 1.2 1 0 0
1 25139 -38.5957 -53.2483 0.596797 0.44894 1.2 1 0 0
1 25140 -37.6494 -54.0702 0.474403 0.658054 1.2 1 0 0
1 25141 -38.0081 -49.8965 2.19577 0.400044 1.2 1 0 0
1 25142 -37.0379 -51.7891 3.49351 0.575507 1.2 1 0 0
1 25143 -40.5339 -52.1466 2.35424 0.534563 1.2 1 0 0
1 25144 -39.8821 -52.1074 3.76909 0.924951 1.2 1 0 0
1 25145 -38.3081 -49.9482 0.93951 0.889772 1.2 1 0 0
1 25146 -38.0147 -51.5195 -0.254872 0.72104 1.2 1 0 0
1 25147 -38.0648 -52.0049 0.979825 0.451512 1.2 1 0 0
1 25148 -40.4094 -52.0274 -1.28931 0.745574 1.2 1 0 0
1 25149 -40.9202 -52.0936 -0.352124 0.318627 1.2 1 0 0
1 25150 -40.2673 -50.2019 0.585603 0.52528 1.2 1 0 0
1 25151 -39.7445 -51.9535 0.684138 1.25479 1.2 1 0 0
1 25152 -35.5682 -46.653 3.28965 0.394447 1.2 1 0 0
1 25153 -35.2099 -46.522 4.2092 0.171086 1.2 1 0 0
1 25154 -41.3578 -47.1833 6.13675 0.481852 1.2 1 0 0
1 25155 -40.7818 -46.6973 6.16002 0.231465 1.2 1 0 0
1 25156 -41.2411 -47.1867 2.63799 1.13186 1.2 1 0 0
1 25157 -41.3839 -46.1776 3.82722 0.383636 1.2 1 0 0
1 25158 -38.7259 -49.3838 5.16003 0.38369 1.2 1 0 0
1 25159 -39.8772 -50.2564 5.2784 1.05088 1.2 1 0 0
1 25160 -41.1498 -48.7842 4.16647 0.751281 1.2 1 0 0
1 25161 -40.9603 -49.1683 5.4719 0.496512 1.2 1 0 0
1 25162 -39.5751 -47.7304 5.4656 1.5 1.2 1 0 0
1 25163 -38.1129 -46.8801 6.45888 0.461592 1.2 1 0 0
1 25164 -39.9872 -48.0701 3.42095 0.586833 1.2 1 0 0
1 25165 -40.0592 -49.9875 2.60058 1.5 1.2 1 0 0
1 25166 -39.2184 -49.2567 4.23596 0.478795 1.2 1 0 0
1 25167 -36.6592 -49.0703 2.17976 0.518223 1.2 1 0 0
1 25168 -37.3094 -49.7743 3.95845 1.5 1.2 1 0 0
1 25169 -38.6185 -46.8898 3.0085 0.970474 1.2 1 0 0
1 25170 -39.2443 -46.0686 1.96726 0.495875 1.2 1 0 0
1 25171 -36.2552 -45.6464 -1.5779 1.19518 1.2 1 0 0
1 25172 -35.6674 -47.3102 -1.55244 0.569644 1.2 1 0 0
1 25173 -36.5075 -48.1371 0.396692 1.5 1.2 1 0 0
1 25174 -36.1206 -45.9088 0.447614 0.741908 1.2 1 0 0
1 25175 -35.6777 -46.6587 -0.383787 0.366337 1.2 1 0 0
1 25176 -35.7223 -49.8788 -2.00357 0.417437 1.2 1 0 0
1 25177 -35.5755 -48.6573 -3.40334 0.441447 1.2 1 0 0
1 25178 -35.8641 -49.5442 -1.03891 0.610678 1.2 1 0 0
1 25179 -37.0325 -48.6971 -2.305 1.30652 1.2 1 0 0
1 25180 -41.2175 -49.1675 0.622146 0.874937 1.2 1 0 0
1 25181 -39.9816 -49.3715 0.418897 0.365534 1.2 1 0 0
1 25182 -40.9745 -47.1315 0.210825 0.297682 1.2 1 0 0
1 25183 -41.7848 -47.3102 0.846815 0.744099 1.2 1 0 0
1 25184 -41.1166 -47.8236 -1.65756 1.28947 1.2 1 0 0
1 25185 -41.4247 -48.9759 -3.13526 0.440759 1.2 1 0 0
1 25186 -41.0646 -49.5214 -2.3815 0.556958 1.2 1 0 0
1 25187 -38.0944 -44.8845 0.760867 1.5 1.2 1 0 0
1 25188 -37.985 -46.9561 -0.426644 0.56295 1.2 1 0 0
1 25189 -41.0867 -45.3505 -0.012374 1.5 1.2 1 0 0
1 25190 -39.2245 -46.1038 -0.400771 0.5281 1.2 1 0 0
1 25191 -38.714 -46.4503 -2.33403 1.5 1.2 1 0 0
1 25192 -38.9148 -47.3061 -0.783532 0.282353 1.2 1 0 0
1 25193 -37.3545 -50.2105 -0.367509 0.749259 1.2 1 0 0
1 25194 -37.7996 -49.0324 -0.756165 0.449431 1.2 1 0 0
1 25195 -38.2655 -49.0083 -7.4e-05 0.43903 1.2 1 0 0
1 25196 -40.1578 -51.5155 -2.46951 0.565268 1.2 1 0 0
1 25197 -40.4319 -50.3691 -3.40334 0.913702 1.2 1 0 0
1 25198 -38.9762 -50.7722 -3.13586 0.545202 1.2 1 0 0
1 25199 -37.5805 -51.371 -2.68743 1.03696 1.2 1 0 0
1 25200 -38.7933 -48.8372 -3.0612 0.614886 1.2 1 0 0
1 25227 -33.3419 -49.9873 -4.01481 0.965033 1.2 1 0 0
1 25228 -34.5218 -48.8128 -4.10703 0.702355 1.2 1 0 0
1 25229 -32.6658 -47.4576 -4.68534 1.18025 1.2 1 0 0
1 25246 -22.9122 -60.0585 8.49563 0.814307 1.2 1 0 0
1 25247 -21.9122 -59.2209 7.53051 0.682073 1.2 1 0 0
1 25248 -25.1479 -59.1006 7.48428 0.500235 1.2 1 0 0
1 25249 -25.3503 -59.7238 7.30507 0.167262 1.2 1 0 0
1 25250 -25.0855 -57.9646 8.92115 0.663945 1.2 1 0 0
1 25251 -24.0978 -59.3942 8.45002 0.443306 1.2 1 0 0
1 25252 -23.2919 -58.074 8.28444 1.10937 1.2 1 0 0
1 25253 -25.8807 -59.4639 10.1703 0.489783 1.2 1 0 0
1 25254 -25.5167 -61.9388 9.98218 0.314505 1.2 1 0 0
1 25255 -28.8906 -61.4819 10.6021 1.5 1.2 1 0 0
1 25256 -27.6455 -62.5524 10.0332 0.236421 1.2 1 0 0
1 25257 -26.8644 -59.9234 11.163 0.980186 1.2 1 0 0
1 25258 -27.6395 -59.6998 9.25976 0.756233 1.2 1 0 0
1 25259 -26.7156 -62.0737 10.0769 0.810354 1.2 1 0 0
1 25260 -27.2745 -61.8441 8.43589 0.601565 1.2 1 0 0
1 25261 -27.5366 -61.5874 9.32968 0.360992 1.2 1 0 0
1 25262 -27.7143 -62.4673 9.27532 0.528458 1.2 1 0 0
1 25263 -25.5441 -65.1466 11.7904 0.96929 1.2 1 0 0
1 25264 -24.9965 -65.757 11.0066 0.165141 1.2 1 0 0
1 25265 -28.6457 -63.1688 11.4326 0.39494 1.2 1 0 0
1 25266 -27.9121 -62.91 12.4697 0.894777 1.2 1 0 0
1 25267 -26.9831 -61.9444 11.5512 0.674518 1.2 1 0 0
1 25268 -26.6922 -62.7352 11.0813 0.28538 1.2 1 0 0
1 25269 -23.9745 -63.6531 9.57703 0.850561 1.2 1 0 0
1 25270 -22.976 -62.5462 9.18306 0.57566 1.2 1 0 0
1 25271 -25.5273 -60.6957 8.64809 1.5 1.2 1 0 0
1 25272 -25.238 -62.2675 7.58217 0.421014 1.2 1 0 0
1 25273 -24.719 -62.4312 9.47029 0.579846 1.2 1 0 0
1 25274 -25.8324 -63.3465 8.60246 1.10174 1.2 1 0 0
1 25275 -25.996 -62.8893 6.46161 1.063 1.2 1 0 0
1 25276 -25.3699 -61.1831 6.23064 0.742858 1.2 1 0 0
1 25277 -24.5484 -61.4739 7.08596 0.478206 1.2 1 0 0
1 25278 -28.6457 -60.8878 7.79028 1.1736 1.2 1 0 0
1 25279 -28.1359 -59.1908 6.9693 0.779283 1.2 1 0 0
1 25280 -28.4965 -60.1025 6.59458 0.263913 1.2 1 0 0
1 25281 -27.1692 -59.5899 7.89445 0.61702 1.2 1 0 0
1 25282 -27.6876 -59.9753 7.38037 0.208531 1.2 1 0 0
1 25283 -29.3327 -57.0254 5.70906 0.436057 1.2 1 0 0
1 25284 -29.3083 -58.0375 5.56062 0.3168 1.2 1 0 0
1 25285 -28.6457 -57.7302 6.46578 0.805439 1.2 1 0 0
1 25286 -26.1023 -56.6519 9.82277 1.22551 1.2 1 0 0
1 25287 -26.4844 -57.6232 7.30507 1.5 1.2 1 0 0
1 25288 -28.4527 -57.3329 7.74317 0.537272 1.2 1 0 0
1 25289 -29.2891 -58.6581 8.67353 1.28092 1.2 1 0 0
1 25290 -29.3141 -57.0086 8.30545 0.37947 1.2 1 0 0
1 25291 -28.6457 -55.592 7.88625 1.20858 1.2 1 0 0
1 25292 -27.8753 -56.4508 6.72664 0.408883 1.2 1 0 0
1 25293 -25.5516 -59.941 5.46073 0.572009 1.2 1 0 0
1 25294 -25.0099 -59.3668 3.51789 1.5 1.2 1 0 0
1 25295 -28.5359 -59.6913 4.62797 0.361459 1.2 1 0 0
1 25296 -28.6928 -60.6969 3.06841 1.5 1.2 1 0 0
1 25297 -28.9394 -61.1232 4.91893 0.414935 1.2 1 0 0
1 25298 -26.3767 -58.5949 5.20911 0.807385 1.2 1 0 0
1 25299 -28.231 -58.0348 4.61112 1.11928 1.2 1 0 0
1 25300 -27.5855 -59.4599 4.25511 0.485245 1.2 1 0 0
1 25301 -26.7397 -60.0835 2.58873 0.590297 1.2 1 0 0
1 25302 -28.6552 -55.6708 9.97768 0.504717 1.2 1 0 0
1 25303 -27.5187 -54.3634 12.3897 1.01886 1.2 1 0 0
1 25304 -29.2359 -55.439 11.5049 1.14054 1.2 1 0 0
1 25305 -27.9268 -59.5532 12.9026 0.256138 1.2 1 0 0
1 25306 -28.3363 -59.8584 12.0704 0.720231 1.2 1 0 0
1 25307 -28.1435 -59.669 10.3718 0.462868 1.2 1 0 0
1 25308 -27.8489 -56.1603 12.5285 0.728078 1.2 1 0 0
1 25309 -28.2516 -57.1573 13.0459 0.465151 1.2 1 0 0
1 25310 -28.2332 -57.8556 11.1178 1.5 1.2 1 0 0
1 25311 -29.9766 -57.0157 10.9934 0.357925 1.2 1 0 0
1 25312 -31.1515 -61.286 10.5938 0.7694 1.2 1 0 0
1 25313 -30.8997 -60.2573 10.1574 0.374612 1.2 1 0 0
1 25314 -32.3791 -60.2332 10.2899 0.553126 1.2 1 0 0
1 25315 -33.5242 -57.1924 9.73017 1.24912 1.2 1 0 0
1 25316 -33.4673 -57.8499 11.2986 0.443607 1.2 1 0 0
1 25317 -32.539 -57.1753 10.9751 0.330311 1.2 1 0 0
1 25318 -32.5954 -57.3264 12.036 0.677241 1.2 1 0 0
1 25319 -33.1057 -59.3251 9.7151 0.699951 1.2 1 0 0
1 25320 -33.1977 -59.8653 8.83809 0.334173 1.2 1 0 0
1 25321 -32.4789 -58.0186 8.14653 0.744926 1.2 1 0 0
1 25322 -30.2388 -57.025 12.1679 0.845463 1.2 1 0 0
1 25323 -31.0632 -57.738 13.4773 0.858234 1.2 1 0 0
1 25324 -29.966 -57.4058 13.3157 0.299464 1.2 1 0 0
1 25325 -29.6555 -55.8105 14.0886 1.5 1.2 1 0 0
1 25326 -30.4116 -56.7353 15.6493 0.461656 1.2 1 0 0
1 25327 -31.16 -59.0412 12.7796 0.623199 1.2 1 0 0
1 25328 -30.0201 -59.991 12.2113 0.964398 1.2 1 0 0
1 25329 -31.3228 -57.9909 8.74047 0.552459 1.2 1 0 0
1 25330 -29.5086 -59.4649 10.8476 0.549236 1.2 1 0 0
1 25331 -30.1885 -55.3228 8.52435 0.440735 1.2 1 0 0
1 25332 -30.0202 -56.5116 9.56791 1.15002 1.2 1 0 0
1 25333 -31.7467 -56.7822 9.30071 0.617871 1.2 1 0 0
1 25334 -28.0142 -65.3368 7.95246 0.360674 1.2 1 0 0
1 25335 -28.2169 -63.5181 7.57577 1.5 1.2 1 0 0
1 25336 -27.7224 -64.8745 8.73003 0.348464 1.2 1 0 0
1 25337 -30.4976 -64.5496 8.05354 0.540614 1.2 1 0 0
1 25338 -30.5809 -65.1436 6.9504 0.715037 1.2 1 0 0
1 25339 -28.563 -65.6368 9.18431 0.706602 1.2 1 0 0
1 25340 -29.6521 -64.7399 9.01255 0.711562 1.2 1 0 0
1 25341 -29.5494 -61.5841 6.44155 0.551543 1.2 1 0 0
1 25342 -30.0393 -61.9591 7.70772 0.570808 1.2 1 0 0
1 25343 -31.9222 -62.7421 8.14768 0.550731 1.2 1 0 0
1 25344 -32.9063 -61.8872 6.79254 0.703168 1.2 1 0 0
1 25345 -31.6173 -60.7054 8.43025 1.5 1.2 1 0 0
1 25346 -30.8478 -62.2323 7.87474 0.292756 1.2 1 0 0
1 25347 -32.9258 -63.1124 5.68525 0.42811 1.2 1 0 0
1 25348 -31.0977 -63.0445 6.2944 1.5 1.2 1 0 0
1 25349 -29.5485 -63.7899 10.4069 0.643365 1.2 1 0 0
1 25350 -29.4898 -63.1032 11.5155 0.455057 1.2 1 0 0
1 25351 -30.4224 -63.0337 9.00981 1.16041 1.2 1 0 0
1 25352 -29.723 -60.5753 8.97869 0.4606 1.2 1 0 0
1 25353 -31.5291 -64.7371 4.25683 0.844906 1.2 1 0 0
1 25354 -30.521 -64.0162 4.24203 0.38014 1.2 1 0 0
1 25355 -27.4089 -62.6095 5.8221 0.512776 1.2 1 0 0
1 25356 -31.2467 -65.0682 5.80199 0.586893 1.2 1 0 0
1 25357 -30.0343 -62.8172 4.89678 0.270791 1.2 1 0 0
1 25358 -30.0402 -61.4943 4.5493 0.631599 1.2 1 0 0
1 25359 -29.8644 -63.4039 4.43768 0.491809 1.2 1 0 0
1 25360 -29.2155 -53.3706 11.1448 0.897121 1.2 1 0 0
1 25361 -28.2516 -52.5963 11.3536 0.354029 1.2 1 0 0
1 25362 -30.1922 -52.1461 13.9618 0.244594 1.2 1 0 0
1 25363 -30.5771 -51.4724 11.7997 -0.000845196 1.2 1 0 0
1 25364 -30.0318 -51.5512 12.7907 0.112362 1.2 1 0 0
1 25365 -30.5517 -53.2668 12.3896 0.69284 1.2 1 0 0
1 25366 -29.3908 -54.1049 12.6586 0.630087 1.2 1 0 0
1 25367 -28.5275 -54.1879 13.5604 0.532265 1.2 1 0 0
1 25368 -28.5655 -52.1995 13.1422 1.5 1.2 1 0 0
1 25369 -29.4013 -51.821 11.2058 0.611309 1.2 1 0 0
1 25370 -29.0912 -50.6536 9.62492 0.424219 1.2 1 0 0
1 25371 -29.4547 -51.1217 10.3136 0.460018 1.2 1 0 0
1 25372 -32.93 -55.4551 12.2914 -0.00730264 1.2 1 0 0
1 25373 -33.0342 -53.648 12.7046 -0.00135077 1.2 1 0 0
1 25374 -33.5818 -54.2757 9.91015 -0.00395495 1.2 1 0 0
1 25375 -34.5532 -52.2566 10.6485 -0.0115869 1.2 1 0 0
1 25376 -33.7217 -51.6552 11.3292 -0.000731949 1.2 1 0 0
1 25377 -35.1736 -52.2033 12.2547 -0.00781005 1.2 1 0 0
1 25378 -34.6066 -52.092 13.1464 -0.000878844 1.2 1 0 0
1 25379 -33.4712 -56.2562 11.0702 0.0639583 1.2 1 0 0
1 25380 -35.1781 -55.527 8.68036 0.533917 1.2 1 0 0
1 25381 -36.0031 -54.5204 9.76025 -0.00763512 1.2 1 0 0
1 25382 -33.1291 -52.6718 14.2909 -0.00210041 1.2 1 0 0
1 25383 -31.4507 -54.8833 14.1804 0.480759 1.2 1 0 0
1 25384 -30.695 -52.6077 15.0144 0.265123 1.2 1 0 0
1 25385 -30.868 -55.7802 15.7038 0.519945 1.2 1 0 0
1 25386 -31.2968 -54.2903 15.4731 0.325289 1.2 1 0 0
1 25387 -31.0866 -54.9916 12.9656 0.470807 1.2 1 0 0
1 25388 -31.9711 -54.3985 12.5473 -0.00438339 1.2 1 0 0
1 25389 -30.4869 -55.3497 12.4483 0.395837 1.2 1 0 0
1 25390 -31.9026 -56.4219 13.2653 0.623132 1.2 1 0 0
1 25391 -31.1894 -54.0329 9.98381 0.38149 1.2 1 0 0
1 25392 -29.8799 -54.3687 9.67015 0.999905 1.2 1 0 0
1 25393 -32.6171 -54.0722 10.153 0.189372 1.2 1 0 0
1 25394 -32.6717 -53.2899 9.43042 0.245629 1.2 1 0 0
1 25395 -31.8869 -53.6717 11.2088 0.0255861 1.2 1 0 0
1 25396 -30.7382 -52.2115 9.59694 1.10338 1.2 1 0 0
1 25397 -32.5253 -52.1214 10.2747 -0.00673208 1.2 1 0 0
1 25398 -31.9899 -52.4712 11.0152 -0.00105297 1.2 1 0 0
1 25399 -31.6459 -51.1411 11.2761 -0.00158308 1.2 1 0 0
1 25400 -31.6585 -55.5107 11.0368 1.24879 1.2 1 0 0
1 25401 -33.1424 -54.754 8.89468 1.07582 1.2 1 0 0
1 25402 -31.3882 -55.3406 8.91084 0.758863 1.2 1 0 0
1 25403 -35.3902 -49.007 8.2868 0.4547 1.2 1 0 0
1 25404 -36.0152 -46.2651 9.13877 0.887585 1.2 1 0 0
1 25405 -34.5057 -47.1718 8.07811 0.681943 1.2 1 0 0
1 25406 -38.7168 -47.8328 10.1273 0.773069 1.2 1 0 0
1 25407 -38.8056 -47.2673 8.94705 0.368368 1.2 1 0 0
1 25408 -37.3948 -48.0834 8.03806 1.46248 1.2 1 0 0
1 25409 -36.6001 -47.6289 9.84196 -0.0026523 1.2 1 0 0
1 25410 -35.8017 -46.4706 10.1258 -0.0070853 1.2 1 0 0
1 25411 -35.5712 -47.0221 6.85459 0.9345 1.2 1 0 0
1 25412 -37.2095 -45.7614 6.94565 1.05547 1.2 1 0 0
1 25413 -35.937 -46.0242 7.77875 0.473957 1.2 1 0 0
1 25414 -38.4859 -50.5999 6.41761 0.356304 1.2 1 0 0
1 25415 -37.1675 -50.2272 6.32402 0.912698 1.2 1 0 0
1 25416 -40.1039 -49.3256 6.92131 0.723379 1.2 1 0 0
1 25417 -39.1621 -48.8708 7.56341 0.501327 1.2 1 0 0
1 25418 -39.2916 -49.0104 8.84292 0.750043 1.2 1 0 0
1 25419 -38.4559 -50.7896 7.88737 1.10384 1.2 1 0 0
1 25420 -38.1907 -49.5845 8.92384 0.365695 1.2 1 0 0
1 25421 -38.6511 -49.4845 6.5492 0.757247 1.2 1 0 0
1 25422 -37.5778 -48.6791 5.92301 0.723602 1.2 1 0 0
1 25423 -35.6514 -51.9348 10.4401 -0.00128168 1.2 1 0 0
1 25424 -36.5768 -50.8148 11.513 -0.0114026 1.2 1 0 0
1 25425 -35.9027 -51.7815 9.82394 -0.00472565 1.2 1 0 0
1 25426 -38.841 -49.9205 9.34598 0.348364 1.2 1 0 0
1 25427 -38.7696 -49.2324 10.0565 0.0977401 1.2 1 0 0
1 25428 -36.5567 -47.8804 11.3178 -0.000327596 1.2 1 0 0
1 25429 -38.0443 -48.4315 11.0064 -0.000392933 1.2 1 0 0
1 25430 -36.0028 -50.4766 7.71538 0.59339 1.2 1 0 0
1 25431 -36.0302 -50.9918 6.67655 0.502414 1.2 1 0 0
1 25432 -35.8506 -51.4703 8.30066 -0.00373812 1.2 1 0 0
1 25433 -39.3081 -51.9314 7.25957 0.399664 1.2 1 0 0
1 25434 -37.4326 -54.4721 6.9041 1.17632 1.2 1 0 0
1 25435 -36.6406 -54.3855 8.33345 0.380557 1.2 1 0 0
1 25436 -37.5264 -54.5936 8.36624 0.293853 1.2 1 0 0
1 25437 -36.4721 -53.0477 8.47759 0.0660735 1.2 1 0 0
1 25438 -38.3626 -52.2857 5.65044 1.5 1.2 1 0 0
1 25439 -36.7414 -51.5928 6.48456 0.44828 1.2 1 0 0
1 25440 -29.5182 -50.4992 13.9914 0.129248 1.2 1 0 0
1 25441 -29.4769 -49.565 13.3136 0.0339216 1.2 1 0 0
1 25442 -30.5164 -46.0669 14.5788 0.237245 1.2 1 0 0
1 25443 -30.1189 -46.6293 13.2523 0.176506 1.2 1 0 0
1 25444 -28.1227 -49.9819 11.9039 0.376368 1.2 1 0 0
1 25445 -29.2455 -49.6457 11.3722 0.740368 1.2 1 0 0
1 25446 -33.6521 -45.6717 11.5295 -0.00172058 1.2 1 0 0
1 25447 -35.0604 -46.5916 11.7283 -0.00189557 1.2 1 0 0
1 25448 -34.8444 -46.4732 11.0479 -0.00132323 1.2 1 0 0
1 25449 -34.0291 -49.538 10.69 -0.0114266 1.2 1 0 0
1 25450 -35.2357 -49.5747 11.6324 -0.0142512 1.2 1 0 0
1 25451 -33.0922 -49.1266 12.4002 -0.00430115 1.2 1 0 0
1 25452 -34.3317 -46.5764 12.6572 -0.0007999 1.2 1 0 0
1 25453 -31.9778 -49.5919 15.8738 -0.0118379 1.2 1 0 0
1 25454 -33.087 -47.7948 15.5901 -0.00965287 1.2 1 0 0
1 25455 -35.5314 -48.6554 14.267 -0.00271625 1.2 1 0 0
1 25456 -33.9271 -49.5711 14.2624 -0.000148954 1.2 1 0 0
1 25457 -33.3826 -48.5053 14.5425 -0.0101233 1.2 1 0 0
1 25458 -32.5213 -50.5288 15.7261 -0.00331824 1.2 1 0 0
1 25459 -32.8775 -51.7664 16.0446 -0.00372926 1.2 1 0 0
1 25460 -33.1663 -51.2738 14.9245 -0.00501323 1.2 1 0 0
1 25461 -31.7133 -51.0962 12.5538 -0.00472556 1.2 1 0 0
1 25462 -31.5617 -48.6881 13.7118 -0.0175614 1.2 1 0 0
1 25463 -28.5985 -47.1916 9.19655 0.236888 1.2 1 0 0
1 25464 -29.5788 -47.6885 10.5747 0.823323 1.2 1 0 0
1 25465 -32.5022 -46.6269 10.2464 -0.0078487 1.2 1 0 0
1 25466 -31.6478 -49.3591 10.4288 -0.00217584 1.2 1 0 0
1 25467 -31.0856 -47.0095 11.5786 -0.00152961 1.2 1 0 0
1 25468 -30.9111 -46.2241 12.8123 -0.0058846 1.2 1 0 0
1 25469 -30.1036 -49.0107 9.00608 1.19216 1.2 1 0 0
1 25470 -30.5502 -48.0126 7.50457 0.658404 1.2 1 0 0
1 25471 -32.1104 -48.1079 8.35632 0.879797 1.2 1 0 0
1 25472 -33.1639 -47.1149 8.86901 0.343822 1.2 1 0 0
1 25473 -33.0904 -48.8708 7.41154 0.494045 1.2 1 0 0
1 25474 -32.117 -50.3129 8.66734 0.465918 1.2 1 0 0
1 25475 -33.2514 -49.48 8.33552 0.359737 1.2 1 0 0
1 25476 -33.5966 -52.4306 7.30508 0.283402 1.2 1 0 0
1 25477 -32.3995 -52.4999 5.55922 1.31634 1.2 1 0 0
1 25478 -35.6607 -54.8908 7.48161 0.612248 1.2 1 0 0
1 25479 -34.3729 -54.5033 7.80668 0.532627 1.2 1 0 0
1 25480 -33.2817 -54.2624 7.06178 0.806144 1.2 1 0 0
1 25481 -35.7528 -50.9386 5.32142 0.688648 1.2 1 0 0
1 25482 -34.2963 -51.4763 5.75114 0.716735 1.2 1 0 0
1 25483 -35.1036 -52.1072 5.49124 0.340344 1.2 1 0 0
1 25484 -33.4752 -51.3796 5.24334 0.251739 1.2 1 0 0
1 25485 -30.8543 -51.9541 6.84422 0.494951 1.2 1 0 0
1 25486 -30.7123 -51.6971 7.85305 0.54832 1.2 1 0 0
1 25487 -30.687 -53.8968 7.30507 1.5 1.2 1 0 0
1 25488 -33.4909 -51.2177 7.20356 0.937211 1.2 1 0 0
1 25489 -33.0136 -50.5124 5.40432 0.743801 1.2 1 0 0
1 25490 -31.8071 -50.6621 4.58707 0.717914 1.2 1 0 0
1 25491 -32.2821 -48.4492 5.50786 0.769566 1.2 1 0 0
1 25492 -31.2709 -49.1902 4.97153 0.570805 1.2 1 0 0
1 25493 -35.245 -49.789 4.33812 0.599071 1.2 1 0 0
1 25494 -35.6562 -48.6163 4.70236 0.485999 1.2 1 0 0
1 25495 -35.9077 -49.8682 5.09325 0.305936 1.2 1 0 0
1 25496 -33.6277 -48.2478 4.62565 0.717354 1.2 1 0 0
1 25497 -32.4045 -49.0354 3.41578 1.17435 1.2 1 0 0
1 25498 -33.4368 -49.4996 4.71007 0.545003 1.2 1 0 0
1 25499 -21.1437 -52.4113 5.93266 0.675401 1.2 1 0 0
1 25500 -21.6435 -54.0233 6.21874 0.851317 1.2 1 0 0
1 25501 -20.5616 -53.5914 5.33563 0.610525 1.2 1 0 0
1 25502 -21.3569 -54.8144 4.15797 0.771021 1.2 1 0 0
1 25503 -21.5782 -56.287 4.1347 0.718231 1.2 1 0 0
1 25504 -25.2342 -54.4513 4.62797 0.495975 1.2 1 0 0
1 25505 -24.9414 -54.427 6.09011 0.383566 1.2 1 0 0
1 25506 -24.6716 -53.4663 5.38056 0.840823 1.2 1 0 0
1 25507 -26.8338 -54.9477 4.85099 0.495709 1.2 1 0 0
1 25508 -27.0806 -56.8733 5.52968 0.517371 1.2 1 0 0
1 25509 -27.7292 -56.7913 4.62797 0.213899 1.2 1 0 0
1 25510 -25.5258 -55.3157 5.47858 0.748046 1.2 1 0 0
1 25511 -25.4129 -56.3615 6.20021 0.38061 1.2 1 0 0
1 25512 -25.8956 -56.6195 5.57925 0.440505 1.2 1 0 0
1 25513 -26.3257 -56.4905 3.69141 1.5 1.2 1 0 0
1 25514 -24.7426 -55.0247 3.67284 0.657543 1.2 1 0 0
1 25515 -25.3517 -55.009 2.54032 0.605612 1.2 1 0 0
1 25516 -21.7149 -56.2459 6.34071 0.590396 1.2 1 0 0
1 25517 -22.8334 -57.4921 6.23919 0.850224 1.2 1 0 0
1 25518 -22.4599 -57.1272 7.36708 0.392675 1.2 1 0 0
1 25519 -24.682 -56.8947 8.18108 0.632305 1.2 1 0 0
1 25520 -24.9686 -55.3966 7.2775 1.13229 1.2 1 0 0
1 25521 -23.3202 -56.3749 7.27719 0.745964 1.2 1 0 0
1 25522 -23.1731 -54.8489 7.40188 0.686814 1.2 1 0 0
1 25523 -23.0359 -57.3112 4.98861 0.429512 1.2 1 0 0
1 25524 -23.4906 -58.318 4.7333 0.63899 1.2 1 0 0
1 25525 -25.0109 -56.9714 4.69184 0.212694 1.2 1 0 0
1 25526 -24.4359 -56.8729 4.23788 0.504054 1.2 1 0 0
1 25527 -25.1155 -57.7395 4.36844 0.339174 1.2 1 0 0
1 25528 -23.1975 -57.2494 3.60989 0.93422 1.2 1 0 0
1 25529 -24.5734 -57.3435 3.09915 0.536402 1.2 1 0 0
1 25530 -25.5777 -53.042 3.25692 1.5 1.2 1 0 0
1 25531 -25.5232 -51.6559 4.25751 0.210351 1.2 1 0 0
1 25532 -27.7389 -55.1973 2.95896 0.542028 1.2 1 0 0
1 25533 -27.5961 -54.1301 3.99836 0.907042 1.2 1 0 0
1 25534 -28.6557 -53.7864 1.8019 1.5 1.2 1 0 0
1 25535 -30.4152 -51.3297 2.99462 1.5 1.2 1 0 0
1 25536 -30.9448 -52.0698 4.69206 0.424855 1.2 1 0 0
1 25537 -29.5892 -49.0405 4.28727 1.1931 1.2 1 0 0
1 25538 -30.2893 -49.0196 2.29872 0.890259 1.2 1 0 0
1 25539 -29.2072 -52.1446 5.76101 0.373499 1.2 1 0 0
1 25540 -29.6103 -53.4418 4.71721 1.33961 1.2 1 0 0
1 25541 -25.8421 -51.0003 3.82658 0.636092 1.2 1 0 0
1 25542 -26.7218 -49.9824 3.81187 0.370183 1.2 1 0 0
1 25543 -29.0914 -51.7877 1.34124 0.580074 1.2 1 0 0
1 25544 -27.7307 -51.5417 1.94585 0.929103 1.2 1 0 0
1 25545 -28.5386 -51.7181 3.0126 0.416413 1.2 1 0 0
1 25546 -28.5988 -49.8075 0.925056 0.352135 1.2 1 0 0
1 25547 -27.5782 -49.1468 2.32225 1.5 1.2 1 0 0
1 25548 -20.728 -51.4253 4.77179 0.442641 1.2 1 0 0
1 25549 -20.2419 -48.8253 4.44123 0.759555 1.2 1 0 0
1 25550 -21.4793 -50.1962 5.7982 1.22263 1.2 1 0 0
1 25551 -23.6379 -50.8775 4.19897 0.927827 1.2 1 0 0
1 25552 -23.8101 -52.3307 5.00154 0.622848 1.2 1 0 0
1 25553 -24.5586 -48.0125 6.92776 0.891242 1.2 1 0 0
1 25554 -24.2707 -46.2943 6.1345 0.394803 1.2 1 0 0
1 25555 -26.3877 -47.792 6.21357 0.981956 1.2 1 0 0
1 25556 -26.7633 -49.3876 5.91891 0.651789 1.2 1 0 0
1 25557 -25.2065 -49.0336 4.38635 1.5 1.2 1 0 0
1 25558 -25.8119 -47.0621 4.90345 0.60962 1.2 1 0 0
1 25559 -24.146 -50.2452 7.17672 0.969471 1.2 1 0 0
1 25560 -24.564 -49.3977 8.03231 0.305308 1.2 1 0 0
1 25561 -21.7167 -47.0965 4.50207 0.731039 1.2 1 0 0
1 25562 -22.9131 -46.2255 3.28163 0.921793 1.2 1 0 0
1 25563 -24.4904 -46.6909 3.09092 0.711189 1.2 1 0 0
1 25564 -25.6991 -47.5929 2.4336 0.934034 1.2 1 0 0
1 25565 -23.1147 -48.5438 5.27326 0.824292 1.2 1 0 0
1 25566 -24.057 -46.7897 4.79807 1.04645 1.2 1 0 0
1 25567 -23.2915 -52.565 7.05521 1.5 1.2 1 0 0
1 25568 -25.3778 -52.4445 7.51665 0.640075 1.2 1 0 0
1 25569 -24.6884 -51.7554 8.67809 0.789234 1.2 1 0 0
1 25570 -26.709 -55.3112 7.99414 0.751382 1.2 1 0 0
1 25571 -27.3909 -54.1222 9.78397 1.5 1.2 1 0 0
1 25572 -25.5172 -54.9668 10.2293 0.599229 1.2 1 0 0
1 25573 -25.4345 -53.7268 8.40886 0.91105 1.2 1 0 0
1 25574 -26.3237 -52.5472 8.84244 0.622684 1.2 1 0 0
1 25575 -24.0624 -54.1227 8.23158 0.528046 1.2 1 0 0
1 25576 -24.9333 -53.9475 7.30507 0.317531 1.2 1 0 0
1 25577 -27.1796 -49.0414 8.04679 0.263085 1.2 1 0 0
1 25578 -27.8066 -49.4384 8.24392 0.310627 1.2 1 0 0
1 25579 -26.5397 -50.6735 7.85966 1.5 1.2 1 0 0
1 25580 -28.1128 -50.557 6.73988 0.402256 1.2 1 0 0
1 25581 -26.724 -49.5923 10.7292 0.311624 1.2 1 0 0
1 25582 -25.7497 -51.5916 9.66418 0.662539 1.2 1 0 0
1 25583 -27.5774 -51.1229 10.5962 1.43461 1.2 1 0 0
1 25584 -26.4452 -52.6644 11.13 0.538873 1.2 1 0 0
1 25585 -26.7677 -53.6799 6.40046 1.5 1.2 1 0 0
1 25586 -26.6071 -51.7771 6.30844 0.357461 1.2 1 0 0
1 25587 -27.9356 -54.364 7.46986 0.224998 1.2 1 0 0
1 25588 -28.5323 -53.69 7.72071 0.703878 1.2 1 0 0
1 25589 -27.3523 -51.8646 6.57737 0.415272 1.2 1 0 0
1 25590 -27.4475 -52.1913 7.38522 0.317942 1.2 1 0 0
1 25591 -28.322 -59.4585 1.99511 0.179806 1.2 1 0 0
1 25592 -28.6304 -59.8325 1.41084 0.370472 1.2 1 0 0
1 25593 -27.8546 -59.7517 1.98544 0.162918 1.2 1 0 0
1 25594 -29.7346 -58.6137 3.48251 0.84793 1.2 1 0 0
1 25595 -28.8044 -56.3607 1.51395 1.09204 1.2 1 0 0
1 25596 -28.6455 -57.6469 1.83164 0.242235 1.2 1 0 0
1 25597 -28.5396 -57.852 2.80281 0.723804 1.2 1 0 0
1 25598 -30.8881 -54.63 1.78419 0.853139 1.2 1 0 0
1 25599 -30.3559 -54.0591 3.02166 0.609897 1.2 1 0 0
1 25600 -31.1764 -53.359 2.47013 0.590849 1.2 1 0 0
1 25601 -33.3384 -54.2238 2.85545 0.383664 1.2 1 0 0
1 25602 -33.1537 -55.275 1.98142 0.531749 1.2 1 0 0
1 25603 -33.9091 -54.9957 1.5373 0.361073 1.2 1 0 0
1 25604 -30.7011 -52.5861 1.14179 0.756809 1.2 1 0 0
1 25605 -32.8555 -53.4129 1.22532 1.5 1.2 1 0 0
1 25606 -32.4612 -51.3246 1.90521 0.73124 1.2 1 0 0
1 25607 -30.9755 -53.3801 -0.097934 0.73061 1.2 1 0 0
1 25608 -30.8319 -56.8578 5.17014 0.342009 1.2 1 0 0
1 25609 -30.184 -57.6749 5.03101 0.666207 1.2 1 0 0
1 25610 -29.4144 -56.7806 4.96749 0.347055 1.2 1 0 0
1 25611 -32.5276 -55.1386 5.08948 1.30699 1.2 1 0 0
1 25612 -30.897 -54.6552 4.7437 0.428613 1.2 1 0 0
1 25613 -30.9745 -56.6687 1.96342 0.284921 1.2 1 0 0
1 25614 -30.4832 -56.1654 1.51573 0.533762 1.2 1 0 0
1 25615 -32.5939 -57.726 1.12521 0.528457 1.2 1 0 0
1 25616 -33.3571 -56.9682 1.95087 0.251752 1.2 1 0 0
1 25617 -34.0789 -56.4612 0.513379 1.4348 1.2 1 0 0
1 25618 -32.1831 -56.576 1.91781 0.927348 1.2 1 0 0
1 25619 -31.7651 -57.6978 3.00982 0.67555 1.2 1 0 0
1 25620 -33.4418 -57.4725 3.13259 1.0132 1.2 1 0 0
1 25621 -32.0215 -56.8797 0.524481 0.50781 1.2 1 0 0
1 25622 -32.4145 -58.0603 -0.403713 1.03944 1.2 1 0 0
1 25623 -32.9817 -56.9316 -0.703156 0.252544 1.2 1 0 0
1 25624 -32.503 -55.1613 -0.018238 0.67429 1.2 1 0 0
1 25625 -38.7702 -54.2573 5.94332 0.484563 1.2 1 0 0
1 25626 -38.1955 -55.3415 5.48243 0.553564 1.2 1 0 0
1 25627 -36.3195 -55.6047 7.11601 0.425759 1.2 1 0 0
1 25628 -36.5698 -56.5635 5.28241 1.48996 1.2 1 0 0
1 25629 -34.8178 -55.3694 3.14446 1.5 1.2 1 0 0
1 25630 -35.0576 -57.4572 3.11098 0.495073 1.2 1 0 0
1 25631 -35.5589 -57.0833 1.99121 0.694659 1.2 1 0 0
1 25632 -35.4849 -56.0779 1.5611 0.358503 1.2 1 0 0
1 25633 -37.628 -57.4993 2.70685 0.813061 1.2 1 0 0
1 25634 -38.5663 -56.7851 2.16291 0.485344 1.2 1 0 0
1 25635 -35.7319 -58.0132 6.90292 0.788009 1.2 1 0 0
1 25636 -36.203 -56.5836 7.85889 0.709114 1.2 1 0 0
1 25637 -32.2511 -59.7235 6.03729 0.745509 1.2 1 0 0
1 25638 -31.8089 -60.6816 5.2272 0.573859 1.2 1 0 0
1 25639 -34.2029 -59.2081 4.78928 1.5 1.2 1 0 0
1 25640 -34.9749 -60.1113 6.34736 0.450279 1.2 1 0 0
1 25641 -30.2111 -60.2106 1.81726 0.522666 1.2 1 0 0
1 25642 -30.4511 -60.0469 1.06927 0.279777 1.2 1 0 0
1 25643 -31.0156 -59.9211 1.9532 0.32231 1.2 1 0 0
1 25644 -31.1704 -62.6334 3.14615 1.5 1.2 1 0 0
1 25645 -31.7195 -59.8482 3.46712 1.34241 1.2 1 0 0
1 25646 -35.9144 -58.1647 0.046362 1.01261 1.2 1 0 0
1 25647 -35.1044 -57.674 0.757304 0.171571 1.2 1 0 0
1 25648 -35.5662 -59.452 0.80091 0.51779 1.2 1 0 0
1 25649 -36.6215 -59.7143 0.139052 0.688408 1.2 1 0 0
1 25650 -33.6572 -60.2539 3.29105 0.406922 1.2 1 0 0
1 25651 -33.1359 -60.349 2.86635 0.27211 1.2 1 0 0
1 25652 -34.8988 -61.1236 4.23134 0.589855 1.2 1 0 0
1 25653 -35.7083 -60.3588 3.83771 0.569774 1.2 1 0 0
1 25654 -33.1955 -61.7484 4.77628 1.23278 1.2 1 0 0
1 25655 -32.7623 -61.9075 1.90739 0.640305 1.2 1 0 0
1 25656 -32.9885 -63.6184 1.95086 0.888397 1.2 1 0 0
1 25657 -33.3912 -62.5499 1.83169 0.259694 1.2 1 0 0
1 25658 -33.0709 -60.6798 -0.358758 0.627706 1.2 1 0 0
1 25659 -35.4186 -61.9356 1.39605 0.270617 1.2 1 0 0
1 25672 -21.8383 -58.2887 -3.53381 0.784161 1.2 1 0 0
1 25673 -21.7668 -56.597 -3.63135 0.580801 1.2 1 0 0
1 25674 -24.0998 -57.8546 -3.69199 1.35439 1.2 1 0 0
1 25675 -23.2694 -59.5257 -2.96065 0.649928 1.2 1 0 0
1 25676 -22.6702 -57.3927 -2.91933 0.332955 1.2 1 0 0
1 25684 -22.5211 -53.8662 -4.96083 1.26947 1.2 1 0 0
1 25698 -25.723 -48.5766 -2.73009 1.09127 1.2 1 0 0
1 25699 -27.0375 -48.5793 -1.24544 0.833497 1.2 1 0 0
1 25700 -29.3578 -50.7963 -1.95618 0.949074 1.2 1 0 0
1 25701 -30.2047 -51.7245 -2.97317 0.606253 1.2 1 0 0
1 25702 -28.6421 -48.8184 -1.73029 0.796223 1.2 1 0 0
1 25703 -28.3942 -48.3117 -2.68762 0.314957 1.2 1 0 0
1 25704 -27.9423 -48.9692 -0.726237 0.280135 1.2 1 0 0
1 25705 -28.3253 -49.9193 -1.83896 0.354414 1.2 1 0 0
1 25706 -27.8408 -49.8318 -3.62861 1.5 1.2 1 0 0
1 25716 -23.9685 -57.9988 -1.71776 0.603412 1.2 1 0 0
1 25717 -26.0378 -56.7946 -1.76827 1.5 1.2 1 0 0
1 25719 -24.3906 -55.3586 -4.74217 1.01297 1.2 1 0 0
1 25720 -24.9478 -54.7277 -3.60524 0.401652 1.2 1 0 0
1 25721 -27.3741 -53.8679 -1.18401 1.5 1.2 1 0 0
1 25722 -26.2622 -50.9588 -2.27416 0.844331 1.2 1 0 0
1 25723 -29.4482 -52.3565 -0.15452 1.04958 1.2 1 0 0
1 25724 -28.5343 -51.9263 -0.831466 0.166386 1.2 1 0 0
1 25725 -27.7189 -52.1541 -2.88454 0.938825 1.2 1 0 0
1 25726 -28.4291 -53.5021 -3.18315 0.520033 1.2 1 0 0
1 25727 -25.0786 -52.8042 -3.40334 1.5 1.2 1 0 0
1 25728 -25.4964 -54.5053 -3.16499 0.267819 1.2 1 0 0
1 25729 -26.9759 -55.254 -2.50449 0.448145 1.2 1 0 0
1 25730 -26.1808 -55.3582 -3.82317 0.999339 1.2 1 0 0
1 25731 -25.0701 -54.1377 -1.48502 0.83629 1.2 1 0 0
1 25732 -25.3191 -55.0351 -2.55662 0.557586 1.2 1 0 0
1 25734 -25.9808 -57.0385 -5.72806 1.5 1.2 1 0 0
1 25736 -27.0032 -53.5015 -5.50704 1.25502 1.2 1 0 0
1 25754 -21.9722 -47.1064 -4.81108 0.906001 1.2 1 0 0
1 25755 -23.2915 -48.7811 -3.89901 1.41287 1.2 1 0 0
1 25756 -25.1173 -49.7488 -4.05606 0.659423 1.2 1 0 0
1 25759 -24.9401 -50.6535 -3.05977 0.675308 1.2 1 0 0
1 25760 -22.6507 -51.034 -3.97125 0.930538 1.2 1 0 0
1 25777 -29.7934 -53.4201 -2.21655 1.15401 1.2 1 0 0
1 25778 -30.2507 -54.5242 -3.33467 0.446718 1.2 1 0 0
1 25779 -31.1722 -58.0317 -2.62087 1.5 1.2 1 0 0
1 25780 -32.5667 -56.0196 -1.47254 1.01072 1.2 1 0 0
1 25781 -32.7972 -56.5133 -3.45669 0.870157 1.2 1 0 0
1 25792 -31.2418 -61.6557 -4.25462 0.679609 1.2 1 0 0
1 25793 -29.3119 -60.8208 -3.61781 1.5 1.2 1 0 0
1 25797 -31.2997 -59.7966 -4.33117 0.84717 1.2 1 0 0
1 25798 -32.5958 -58.4178 -4.75655 1.05814 1.2 1 0 0
1 25800 -33.0364 -60.0459 -4.02366 0.753888 1.2 1 0 0
1 25801 -33.7651 -63.0816 -3.40334 0.424705 1.2 1 0 0
1 25802 -34.7524 -60.922 -3.97315 1.12823 1.2 1 0 0
1 25803 -33.1876 -62.9433 -4.54335 0.843761 1.2 1 0 0
1 25806 -32.4592 -61.0713 -5.96548 1.5 1.2 1 0 0
1 25807 -30.8616 -60.1936 -2.19238 0.693876 1.2 1 0 0
1 25808 -31.3296 -61.4926 -0.709936 0.810126 1.2 1 0 0
1 25809 -31.9082 -59.8666 -0.997151 0.928133 1.2 1 0 0
1 25810 -34.734 -62.2259 -1.76861 0.703354 1.2 1 0 0
1 25811 -33.8401 -62.0882 -1.20335 0.358873 1.2 1 0 0
1 25812 -33.5882 -58.6104 -2.78424 0.967062 1.2 1 0 0
1 25813 -33.8122 -60.0511 -2.96355 0.501965 1.2 1 0 0
1 25814 -32.4064 -59.6934 -2.86919 0.581055 1.2 1 0 0
1 25817 -26.8206 -60.3708 -1.68084 0.201709 1.2 1 0 0
1 25818 -27.2897 -60.0862 -2.60836 0.875003 1.2 1 0 0
1 25819 -28.3243 -55.3054 0.156768 0.615858 1.2 1 0 0
1 25820 -27.7725 -56.4247 -0.306039 0.57005 1.2 1 0 0
1 25821 -30.3555 -55.5012 -0.402248 1.5 1.2 1 0 0
1 25822 -30.7847 -57.5447 -0.635181 0.580956 1.2 1 0 0
1 25823 -27.1271 -58.0186 -0.805924 0.400219 1.2 1 0 0
1 25824 -27.3388 -57.2498 -0.48914 0.379837 1.2 1 0 0
1 25825 -29.2174 -60.7045 -0.153418 1.5 1.2 1 0 0
1 25826 -29.7941 -59.4172 -1.75539 0.634462 1.2 1 0 0
1 25827 -25.6381 -60.1431 -4.66813 1.5 1.2 1 0 0
1 25828 -25.2074 -59.0881 -3.17872 0.37437 1.2 1 0 0
1 25829 -27.4065 -58.0186 -2.32249 0.354401 1.2 1 0 0
1 25830 -27.644 -57.108 -2.64789 0.35785 1.2 1 0 0
1 25831 -26.9059 -56.9909 -3.74431 0.665068 1.2 1 0 0
1 25833 -27.954 -59.758 -3.40334 0.211739 1.2 1 0 0
1 25851 -22.2164 -51.448 -0.355119 0.81141 1.2 1 0 0
1 25852 -20.909 -51.5118 -0.556068 0.443301 1.2 1 0 0
1 25853 -21.7045 -52.4202 0.303667 0.440867 1.2 1 0 0
1 25854 -19.2825 -50.7838 3.37486 1.5 1.2 1 0 0
1 25856 -19.3418 -53.1223 2.45804 1.0125 1.2 1 0 0
1 25857 -20.7825 -52.4323 1.98158 0.651091 1.2 1 0 0
1 25861 -20.454 -51.8352 -1.47416 0.44161 1.2 1 0 0
1 25862 -21.2978 -50.8836 -1.59788 0.833881 1.2 1 0 0
1 25863 -19.0704 -50.0651 -1.43504 0.978246 1.2 1 0 0
1 25866 -19.3081 -49.5234 -3.40855 1.07646 1.2 1 0 0
1 25867 -20.5877 -49.7405 -2.18902 0.6359 1.2 1 0 0
1 25868 -20.5785 -51.6481 -3.24849 1.03828 1.2 1 0 0
1 25869 -21.2009 -49.746 -3.8756 0.885707 1.2 1 0 0
1 25870 -24.9344 -58.9975 0.776329 0.930422 1.2 1 0 0
1 25871 -24.9948 -57.8043 0.435908 0.307154 1.2 1 0 0
1 25872 -24.5532 -56.7262 -0.503346 0.451653 1.2 1 0 0
1 25873 -24.5539 -57.9202 -0.52786 0.724991 1.2 1 0 0
1 25874 -25.4819 -57.173 0.151085 0.533747 1.2 1 0 0
1 25875 -24.808 -50.5954 1.52854 1.5 1.2 1 0 0
1 25876 -25.9366 -51.2699 0.202668 0.275029 1.2 1 0 0
1 25877 -27.5253 -50.6703 -0.32045 1.5 1.2 1 0 0
1 25878 -28.0794 -52.2212 0.760083 0.466542 1.2 1 0 0
1 25879 -27.4182 -52.4072 0.15783 0.304719 1.2 1 0 0
1 25880 -25.9165 -49.5379 -1.20448 0.630576 1.2 1 0 0
1 25881 -25.4075 -52.2388 -0.60444 1.09248 1.2 1 0 0
1 25882 -25.5316 -50.662 -0.489126 0.493439 1.2 1 0 0
1 25883 -23.279 -54.5808 2.68704 1.14202 1.2 1 0 0
1 25884 -22.4301 -55.1343 1.23423 0.592378 1.2 1 0 0
1 25885 -25.4713 -53.9249 0.030982 0.710538 1.2 1 0 0
1 25886 -26.5069 -55.6127 0.945634 1.38646 1.2 1 0 0
1 25887 -27.1653 -54.0016 0.664437 0.365014 1.2 1 0 0
1 25888 -24.2591 -52.0643 -1.69906 0.503615 1.2 1 0 0
1 25889 -24.2229 -52.4324 -1.08425 0.200187 1.2 1 0 0
1 25890 -23.3875 -51.4861 0.336714 0.549303 1.2 1 0 0
1 25891 -24.2411 -51.7916 0.16527 0.373397 1.2 1 0 0
1 25892 -23.6819 -52.153 2.59348 0.696506 1.2 1 0 0
1 25893 -23.2915 -53.528 0.158129 1.5 1.2 1 0 0
1 25894 -22.643 -52.3127 -2.15636 1.19341 1.2 1 0 0
1 25895 -22.5416 -53.8792 -1.62955 0.392466 1.2 1 0 0
1 25903 -19.6634 -47.9716 -0.603085 0.841251 1.2 1 0 0
1 25905 -22.7891 -49.9015 1.10018 0.677336 1.2 1 0 0
1 25906 -23.2085 -49.72 2.16292 0.430636 1.2 1 0 0
1 25907 -25.8537 -48.3429 0.39765 1.20541 1.2 1 0 0
1 25908 -24.762 -46.9253 0.491682 0.424917 1.2 1 0 0
1 25909 -25.4544 -48.8582 2.02742 0.417205 1.2 1 0 0
1 25910 -23.4415 -47.8685 1.52703 1.5 1.2 1 0 0
1 25911 -23.837 -49.9907 -1.30592 1.5 1.2 1 0 0
1 25912 -24.1922 -47.5326 -0.845767 1.00051 1.2 1 0 0
1 25913 -24.3904 -49.0121 0.310262 0.40597 1.2 1 0 0
1 25914 -20.2003 -48.5104 2.31861 0.780416 1.2 1 0 0
1 25915 -21.8431 -49.4517 3.22551 1.31888 1.2 1 0 0
1 25916 -22.4397 -45.7924 1.65782 0.663879 1.2 1 0 0
1 25917 -22.3626 -46.5187 0.95192 0.317697 1.2 1 0 0
1 25918 -23.2782 -46.0088 0.981227 0.419507 1.2 1 0 0
1 25919 -20.5756 -45.7061 -1.26512 0.883448 1.2 1 0 0
1 25920 -22.0516 -46.1198 -1.74996 0.58278 1.2 1 0 0
1 25921 -22.5335 -46.5046 -0.318921 0.964662 1.2 1 0 0
1 25922 -21.7222 -49.4248 -1.51435 0.684432 1.2 1 0 0
1 25923 -22.3437 -48.3014 -0.614754 0.858275 1.2 1 0 0
1 25924 -20.9103 -47.6612 -2.59104 1.5 1.2 1 0 0
1 25925 -20.8765 -46.1429 -4.17207 0.686862 1.2 1 0 0
1 25927 -18.6357 -57.4029 0.763004 1.43045 1.2 1 0 0
1 25935 -20.9267 -56.2904 -0.76155 1.47635 1.2 1 0 0
1 25936 -21.6721 -54.7801 0.433877 0.565508 1.2 1 0 0
1 25937 -21.7872 -56.6292 1.00429 0.517001 1.2 1 0 0
1 25938 -22.1552 -54.7305 -0.954931 0.493994 1.2 1 0 0
1 25939 -22.1815 -58.9856 -1.17212 1.5 1.2 1 0 0
1 25940 -20.4021 -57.9901 0.01993 0.466638 1.2 1 0 0
1 25941 -22.1625 -57.5029 0.287794 0.53622 1.2 1 0 0
1 25942 -22.672 -58.0148 1.07889 0.172839 1.2 1 0 0
1 25943 -23.774 -58.8508 1.84181 0.645239 1.2 1 0 0
1 25944 -22.1082 -57.0673 1.95868 0.321911 1.2 1 0 0
1 25945 -23.2013 -56.982 -0.883275 0.75952 1.2 1 0 0
1 25946 -22.3461 -57.3632 -0.502012 0.251456 1.2 1 0 0
1 25949 -20.5233 -55.3835 2.07598 1.5 1.2 1 0 0
1 25950 -21.7529 -56.981 2.92556 0.686669 1.2 1 0 0
1 25951 -20.3165 -57.1206 1.40334 0.374176 1.2 1 0 0
1 25952 -19.9679 -57.3704 2.03003 0.385237 1.2 1 0 0
1 25959 -21.16 -53.9688 -1.92437 1.02052 1.2 1 0 0
1 25961 -20.4203 -57.8961 -1.89639 0.512955 1.2 1 0 0
1 25962 -21.9335 -57.1083 -2.46551 0.577883 1.2 1 0 0
1 26268 -19.9761 -59.2113 18.1477 0.528927 1.2 1 0 0
1 26269 -19.9296 -61.4913 19.2478 0.588159 1.2 1 0 0
1 26271 -23.1519 -57.5934 19.7264 0.839221 1.2 1 0 0
1 26272 -23.1064 -57.0774 18.3026 0.652317 1.2 1 0 0
1 26273 -22.7601 -57.5472 17.4618 0.343059 1.2 1 0 0
1 26274 -22.4512 -58.0117 17.1105 0.292719 1.2 1 0 0
1 26275 -21.2039 -58.864 16.0423 0.937648 1.2 1 0 0
1 26276 -21.8767 -59.4491 15.0742 0.378489 1.2 1 0 0
1 26277 -22.5151 -60.1994 15.9214 0.86352 1.2 1 0 0
1 26278 -23.105 -61.3346 17.3842 0.801649 1.2 1 0 0
1 26281 -21.4304 -57.9857 20.5211 1.0848 1.2 1 0 0
1 26282 -23.0377 -56.4872 21.0216 0.779057 1.2 1 0 0
1 26283 -20.5374 -57.0284 22.0562 0.449804 1.2 1 0 0
1 26284 -20.2884 -57.3289 21.1918 0.374664 1.2 1 0 0
1 26290 -19.3453 -59.4238 20.0232 1.46126 1.2 1 0 0
1 26302 -21.1661 -54.4531 17.1878 1.04094 1.2 1 0 0
1 26303 -21.7108 -52.3806 16.5132 0.42286 1.2 1 0 0
1 26304 -22.8445 -56.9968 15.6966 1.49165 1.2 1 0 0
1 26305 -22.4928 -55.8088 17.6627 0.73635 1.2 1 0 0
1 26306 -22.0439 -55.3027 18.953 0.717806 1.2 1 0 0
1 26307 -22.1178 -54.061 18.8435 0.454656 1.2 1 0 0
1 26308 -22.84 -54.4457 18.0135 0.625715 1.2 1 0 0
1 26309 -22.4734 -54.3669 17.309 0.172344 1.2 1 0 0
1 26310 -19.5189 -56.0055 17.1995 0.648239 1.2 1 0 0
1 26311 -19.7078 -55.784 18.3629 0.506584 1.2 1 0 0
1 26313 -20.2903 -53.6682 15.396 0.30739 1.2 1 0 0
1 26314 -21.3612 -54.8028 14.2997 1.5 1.2 1 0 0
1 26315 -21.4715 -56.7441 14.0695 0.449947 1.2 1 0 0
1 26317 -22.0237 -57.5591 13.9312 0.498963 1.2 1 0 0
1 26318 -20.0812 -56.5907 12.9571 0.33276 1.2 1 0 0
1 26319 -24.0049 -57.2884 13.1341 0.689787 1.2 1 0 0
1 26320 -22.9722 -57.4079 13.7733 0.474385 1.2 1 0 0
1 26321 -24.8163 -60.9801 13.4031 0.740288 1.2 1 0 0
1 26322 -27.1978 -62.9472 13.7105 0.483839 1.2 1 0 0
1 26323 -24.0851 -58.639 15.7895 0.526625 1.2 1 0 0
1 26324 -24.1823 -59.7486 15.8025 0.587247 1.2 1 0 0
1 26325 -26.2253 -61.0041 15.6869 0.809959 1.2 1 0 0
1 26326 -27.9146 -60.0392 15.3197 0.68213 1.2 1 0 0
1 26327 -27.1798 -60.3717 16.0687 0.397083 1.2 1 0 0
1 26328 -24.9383 -60.7184 17.0113 0.63375 1.2 1 0 0
1 26329 -25.5669 -59.8355 17.4175 0.513871 1.2 1 0 0
1 26330 -25.049 -60.3071 17.8097 0.27115 1.2 1 0 0
1 26331 -24.0038 -56.6031 11.1855 0.540273 1.2 1 0 0
1 26332 -24.5595 -56.8947 10.3294 0.351065 1.2 1 0 0
1 26333 -24.75 -56.2427 10.6632 0.398539 1.2 1 0 0
1 26334 -24.9556 -56.9538 10.9365 0.368641 1.2 1 0 0
1 26335 -29.1766 -50.7016 17.3586 -0.000870913 1.2 1 0 0
1 26336 -28.3495 -50.8466 17.3798 0.51926 1.2 1 0 0
1 26337 -29.5565 -51.8103 15.5652 0.488551 1.2 1 0 0
1 26338 -29.5088 -51.1514 16.6689 0.373297 1.2 1 0 0
1 26339 -31.1613 -48.7163 18.0583 -0.00215197 1.2 1 0 0
1 26340 -30.3027 -47.4151 17.6746 -0.00110022 1.2 1 0 0
1 26341 -28.6457 -50.6492 15.1682 1.03963 1.2 1 0 0
1 26342 -27.3598 -48.7002 15.6057 0.81469 1.2 1 0 0
1 26343 -28.322 -49.3825 16.3071 0.557715 1.2 1 0 0
1 26344 -30.3505 -54.5483 16.2487 0.923064 1.2 1 0 0
1 26345 -27.9659 -52.1297 18.3297 0.193897 1.2 1 0 0
1 26346 -24.9043 -55.1632 21.2064 0.531307 1.2 1 0 0
1 26347 -25.8516 -54.1827 20.6906 0.926271 1.2 1 0 0
1 26348 -24.7021 -53.436 19.3217 0.668648 1.2 1 0 0
1 26349 -28.0192 -52.3425 18.7179 -0.000918032 1.2 1 0 0
1 26350 -27.1417 -51.5705 20.0161 0.0280987 1.2 1 0 0
1 26351 -28.3204 -51.2715 20.36 -0.00599353 1.2 1 0 0
1 26352 -26.2242 -52.0827 18.6867 1.43937 1.2 1 0 0
1 26353 -27.0131 -54.8429 18.8287 1.36535 1.2 1 0 0
1 26354 -24.4974 -51.4666 15.6903 0.453655 1.2 1 0 0
1 26355 -25.2712 -49.6666 15.6564 1.47899 1.2 1 0 0
1 26356 -25.8088 -52.5991 14.8056 1.4909 1.2 1 0 0
1 26357 -27.8791 -52.095 15.1192 0.595308 1.2 1 0 0
1 26358 -28.0709 -51.6302 15.8594 0.288063 1.2 1 0 0
1 26359 -26.9168 -50.7638 13.9832 0.80521 1.2 1 0 0
1 26360 -25.8537 -51.9591 12.3833 1.01491 1.2 1 0 0
1 26361 -23.0785 -54.2235 16.1617 1.09571 1.2 1 0 0
1 26362 -23.9806 -54.8605 17.39 0.556072 1.2 1 0 0
1 26363 -24.25 -56.7188 17.4081 0.732779 1.2 1 0 0
1 26364 -24.6605 -57.5482 16.5964 0.498226 1.2 1 0 0
1 26365 -25.4107 -55.3415 15.9308 1.5 1.2 1 0 0
1 26366 -24.8441 -57.1606 15.7786 0.411331 1.2 1 0 0
1 26367 -29.4899 -55.3929 15.8164 0.281509 1.2 1 0 0
1 26368 -29.4725 -57.5653 15.6879 0.62843 1.2 1 0 0
1 26369 -29.7924 -56.9312 16.3323 0.32733 1.2 1 0 0
1 26370 -28.3179 -57.7926 17.2426 0.232166 1.2 1 0 0
1 26371 -28.1754 -56.2116 16.629 1.4673 1.2 1 0 0
1 26372 -27.2739 -56.7017 14.1158 1.04297 1.2 1 0 0
1 26373 -27.7791 -57.6664 15.3364 0.518676 1.2 1 0 0
1 26374 -27.5763 -58.0507 17.2145 0.553549 1.2 1 0 0
1 26375 -26.9404 -57.4561 16.6927 0.223228 1.2 1 0 0
1 26376 -24.6937 -57.7822 19.3325 0.757928 1.2 1 0 0
1 26377 -27.6083 -56.63 18.447 0.482549 1.2 1 0 0
1 26378 -23.82 -55.4901 14.073 0.927525 1.2 1 0 0
1 26379 -23.9475 -53.74 14.1227 0.796539 1.2 1 0 0
1 26380 -27.6402 -54.3943 14.919 1.07617 1.2 1 0 0
1 26381 -26.4753 -55.2757 14.121 0.585456 1.2 1 0 0
1 26389 -21.0944 -46.7234 22.3559 -0.00506619 1.2 1 0 0
1 26390 -22.8021 -48.2515 23.0041 0.928258 1.2 1 0 0
1 26391 -22.104 -46.6997 22.0142 -0.00173401 1.2 1 0 0
1 26393 -21.2212 -48.2004 25.0078 -0.00834391 1.2 1 0 0
1 26399 -22.8826 -49.0585 20.4043 1.27171 1.2 1 0 0
1 26400 -22.8036 -49.2543 21.9908 0.234676 1.2 1 0 0
1 26401 -24.7814 -48.5562 23.8274 0.864834 1.2 1 0 0
1 26402 -24.3251 -48.5902 22.2167 0.809508 1.2 1 0 0
1 26403 -24.2492 -46.8146 21.098 0.237968 1.2 1 0 0
1 26404 -23.015 -46.8797 21.3515 0.622973 1.2 1 0 0
1 26405 -24.4063 -47.841 20.9227 0.683624 1.2 1 0 0
1 26406 -26.8021 -50.7499 21.2959 0.00475695 1.2 1 0 0
1 26407 -27.0157 -49.7965 20.5937 0.0281997 1.2 1 0 0
1 26408 -28.4605 -49.764 21.2432 -0.000751181 1.2 1 0 0
1 26409 -29.2433 -48.3693 21.0309 -0.000799864 1.2 1 0 0
1 26410 -23.5166 -50.4048 21.5433 0.506125 1.2 1 0 0
1 26411 -24.3408 -49.7308 21.4184 0.558882 1.2 1 0 0
1 26412 -25.9569 -51.6559 22.5441 0.501606 1.2 1 0 0
1 26413 -25.6042 -51.2555 23.1756 0.215333 1.2 1 0 0
1 26414 -24.8248 -51.3633 23.0707 0.526622 1.2 1 0 0
1 26415 -24.5314 -52.2049 21.2506 1.5 1.2 1 0 0
1 26416 -25.3207 -51.1165 19.9753 0.351574 1.2 1 0 0
1 26417 -24.3367 -50.9462 19.3604 0.720255 1.2 1 0 0
1 26418 -24.4142 -49.9873 17.9006 0.924258 1.2 1 0 0
1 26419 -24.1092 -48.3339 18.4928 0.714373 1.2 1 0 0
1 26420 -25.7118 -49.2948 19.9455 1.5 1.2 1 0 0
1 26421 -25.4873 -47.3402 20.8175 0.0800679 1.2 1 0 0
1 26422 -24.6469 -47.8071 19.9654 0.304005 1.2 1 0 0
1 26423 -26.5859 -47.7038 18.2756 0.150815 1.2 1 0 0
1 26424 -25.4745 -48.2948 17.2044 0.498918 1.2 1 0 0
1 26428 -20.7966 -54.4179 23.0585 0.227504 1.2 1 0 0
1 26429 -20.4563 -51.8932 24.1224 0.611409 1.2 1 0 0
1 26430 -23.2915 -50.6224 23.1496 1.13039 1.2 1 0 0
1 26431 -22.2601 -51.644 23.8671 0.488936 1.2 1 0 0
1 26432 -23.2879 -49.4826 24.3835 0.469735 1.2 1 0 0
1 26433 -22.6414 -49.7615 24.0814 0.295078 1.2 1 0 0
1 26434 -22.3147 -49.8236 22.0906 0.511696 1.2 1 0 0
1 26435 -22.9039 -51.1554 21.6313 0.466702 1.2 1 0 0
1 26436 -22.6258 -53.5557 20.0829 0.97693 1.2 1 0 0
1 26437 -22.2323 -51.6854 20.4849 0.959836 1.2 1 0 0
1 26440 -22.3871 -48.1106 18.742 0.209199 1.2 1 0 0
1 26441 -21.5994 -48.7609 18.7132 -0.00652677 1.2 1 0 0
1 26442 -20.7991 -49.4617 18.1929 -0.000141986 1.2 1 0 0
1 26452 -22.2299 -50.8526 15.5681 -0.00697547 1.2 1 0 0
1 26457 -21.5722 -53.0344 13.4594 -0.00276541 1.2 1 0 0
1 26458 -22.1335 -50.0314 12.7212 -0.00265257 1.2 1 0 0
1 26459 -22.0508 -49.3097 11.6151 -0.0010179 1.2 1 0 0
1 26460 -23.0025 -49.5558 11.2723 -0.000581514 1.2 1 0 0
1 26461 -22.5391 -51.2414 10.3 0.0562028 1.2 1 0 0
1 26462 -24.0027 -48.4923 12.5784 -0.00554248 1.2 1 0 0
1 26463 -24.73 -49.6384 13.6591 0.409146 1.2 1 0 0
1 26464 -23.969 -49.4636 11.4419 -0.00148742 1.2 1 0 0
1 26465 -25.1125 -49.8586 9.62749 0.766245 1.2 1 0 0
1 26466 -25.5462 -51.1753 10.9709 0.629399 1.2 1 0 0
1 26467 -24.4597 -51.1967 10.8339 0.448581 1.2 1 0 0
1 26468 -24.758 -51.355 10.0156 0.382201 1.2 1 0 0
1 26469 -23.9834 -47.6187 10.4015 -0.00442533 1.2 1 0 0
1 26470 -24.8486 -47.5218 9.20477 -0.000712638 1.2 1 0 0
1 26471 -19.276 -55.3415 12.6593 1.18044 1.2 1 0 0
1 26472 -20.6107 -54.8944 10.3068 0.556795 1.2 1 0 0
1 26473 -24.5438 -53.1395 10.5711 1.49907 1.2 1 0 0
1 26474 -24.5449 -55.059 10.8942 0.443834 1.2 1 0 0
1 26475 -23.1616 -54.3303 12.4601 1.117 1.2 1 0 0
1 26476 -22.7331 -55.1614 11.4884 0.231564 1.2 1 0 0
1 26477 -23.7282 -55.5279 11.4246 0.542381 1.2 1 0 0
1 26482 -21.8055 -47.5946 6.82221 -0.00142611 1.2 1 0 0
1 26483 -22.8601 -46.3844 6.34965 -0.00211807 1.2 1 0 0
1 26486 -20.4087 -51.4976 7.3862 0.514452 1.2 1 0 0
1 26487 -19.9949 -51.5492 6.06514 0.600251 1.2 1 0 0
1 26488 -22.8658 -50.2211 7.80788 0.34381 1.2 1 0 0
1 26489 -22.4294 -50.8588 7.36207 0.419057 1.2 1 0 0
1 26490 -22.4653 -49.1631 7.25542 -0.00168699 1.2 1 0 0
1 26492 -21.6078 -51.2388 8.10419 0.623636 1.2 1 0 0
1 26493 -21.3752 -51.7773 6.99733 0.562928 1.2 1 0 0
1 26722 -19.7873 -61.2575 10.4439 0.71822 1.2 1 0 0
1 26724 -18.2479 -60.4146 11.8329 1.5 1.2 1 0 0
1 26726 -19.0812 -61.157 8.88841 0.924335 1.2 1 0 0
1 26728 -22.9757 -59.8101 11.9404 0.523834 1.2 1 0 0
1 26729 -21.4013 -60.7524 12.3418 1.35001 1.2 1 0 0
1 26730 -22.0892 -58.9005 11.6337 0.73468 1.2 1 0 0
1 26731 -23.3375 -61.116 10.1265 1.17539 1.2 1 0 0
1 26732 -22.5353 -59.9983 9.54921 0.306004 1.2 1 0 0
1 26733 -19.7307 -58.2289 11.4421 0.958223 1.2 1 0 0
1 26734 -20.0045 -56.8395 12.0746 0.584926 1.2 1 0 0
1 26735 -20.5377 -57.5677 12.2501 0.334455 1.2 1 0 0
1 26736 -19.4409 -60.3583 13.7388 0.749107 1.2 1 0 0
1 26737 -21.4442 -59.4842 13.5629 0.411019 1.2 1 0 0
1 26738 -19.9177 -59.7208 12.7188 0.495943 1.2 1 0 0
1 26740 -21.0516 -57.9099 10.7057 0.587461 1.2 1 0 0
1 26742 -19.6061 -56.5676 9.63449 1.5 1.2 1 0 0
1 26743 -20.5895 -57.8227 8.70834 0.339653 1.2 1 0 0
1 26744 -20.798 -59.5257 9.4072 1.5 1.2 1 0 0
1 26745 -21.8847 -60.426 8.31739 0.283008 1.2 1 0 0
1 26746 -21.8309 -57.4047 9.56888 0.862506 1.2 1 0 0
1 26747 -22.1392 -56.8492 8.26255 0.568563 1.2 1 0 0
1 26748 -22.7669 -62.1981 11.8694 0.660131 1.2 1 0 0
1 26749 -23.5766 -60.9945 12.2372 0.83636 1.2 1 0 0
1 26750 -21.8357 -61.8526 13.6546 0.417107 1.2 1 0 0
1 26751 -22.9654 -61.4785 13.6113 0.679755 1.2 1 0 0
1 26752 -21.3226 -62.8581 10.4049 1.5 1.2 1 0 0
1 26753 -22.2631 -63.0713 11.9383 0.311535 1.2 1 0 0
1 26754 -19.8525 -62.1758 15.984 0.554175 1.2 1 0 0
1 26755 -20.5083 -62.838 15.735 0.4043 1.2 1 0 0
1 26756 -21.8431 -61.9543 15.1047 0.859833 1.2 1 0 0
1 26757 -20.8142 -60.3762 14.8588 1.02171 1.2 1 0 0
1 26758 -21.5158 -62.9651 16.4859 0.858482 1.2 1 0 0
1 26759 -20.2313 -63.3706 16.6691 0.500895 1.2 1 0 0
1 26760 -21.5819 -65.6835 12.6007 1.05655 1.2 1 0 0
1 26761 -21.763 -64.2573 11.8476 0.557493 1.2 1 0 0
1 26762 -24.9577 -62.7347 11.514 1.5 1.2 1 0 0
1 26763 -24.6821 -64.808 13.1957 0.713754 1.2 1 0 0
1 26764 -23.2608 -65.6269 12.9224 0.625541 1.2 1 0 0
1 26765 -22.6601 -65.068 12.7233 0.159284 1.2 1 0 0
1 26766 -23.3533 -65.6281 10.7581 1.5 1.2 1 0 0
1 26767 -22.9995 -63.5165 11.4863 0.601187 1.2 1 0 0
1 26768 -23.329 -62.8395 10.4009 0.475137 1.2 1 0 0
1 26769 -22.1574 -65.9715 9.27182 0.438335 1.2 1 0 0
1 26770 -21.1166 -67.0688 9.97906 1.22769 1.2 1 0 0
1 26771 -22.2432 -67.9718 10.2313 0.237492 1.2 1 0 0
1 26772 -20.5506 -65.4625 9.51781 0.536714 1.2 1 0 0
1 26773 -21.3347 -65.0846 10.7529 0.590456 1.2 1 0 0
1 26774 -19.3919 -66.2033 7.87957 1.5 1.2 1 0 0
1 26803 -19.689 -62.8046 17.7234 0.699484 1.2 1 0 0
1 26851 -20.9318 -57.6275 7.2028 1.2166 1.2 1 0 0
1 26852 -21.2987 -55.3415 7.8183 1.17519 1.2 1 0 0
1 26855 -19.6201 -53.3497 7.20899 1.5 1.2 1 0 0
1 26856 -19.8002 -54.4279 9.17688 0.69474 1.2 1 0 0
1 26860 -19.9449 -51.2955 5.08538 0.403397 1.2 1 0 0
1 26875 -19.3115 -58.2829 8.16799 0.775902 1.2 1 0 0
1 26876 -18.2811 -59.7626 6.761 1.5 1.2 1 0 0
1 27737 -38.1219 -44.7804 5.07974 1.07673 1.2 1 0 0
1 27738 -37.9111 -44.0118 6.58168 0.492668 1.2 1 0 0
1 27739 -41.4284 -45.5888 7.36482 0.456225 1.2 1 0 0
1 27740 -40.8816 -46.704 7.23287 0.723073 1.2 1 0 0
1 27742 -39.3544 -40.1156 4.15557 0.628245 1.2 1 0 0
1 27757 -37.9614 -42.7872 -0.414251 0.865191 1.2 1 0 0
1 27758 -38.7353 -42.3235 1.26863 1.04424 1.2 1 0 0
1 27759 -38.9742 -40.217 1.67536 0.753021 1.2 1 0 0
1 27760 -38.2913 -40.9812 1.09681 0.379959 1.2 1 0 0
1 27761 -39.2828 -41.0869 1.12257 0.316037 1.2 1 0 0
1 27764 -40.7959 -40.6075 -0.090907 0.317336 1.2 1 0 0
1 27770 -39.2661 -39.8866 -3.81497 0.740105 1.2 1 0 0
1 27771 -39.0588 -40.449 -2.87175 0.375945 1.2 1 0 0
