# SphereID Center[X Y Z] Radius Density Region Score Weight
LeafCount 32062
NodeCount 32062
1 14684 -19.6554 -62.6114 5.41031 1.5 1.2 1 0 0
1 14685 -19.2857 -64.9197 5.86815 0.882143 1.2 1 0 0
1 14686 -21.8163 -62.5673 6.04538 0.752748 1.2 1 0 0
1 14688 -22.3329 -65.1564 7.11024 0.304671 1.2 1 0 0
1 14689 -23.2728 -65.2719 6.82304 0.63885 1.2 1 0 0
1 14690 -21.3336 -63.404 7.05394 0.605584 1.2 1 0 0
1 14691 -23.5768 -63.2058 7.30396 1.5 1.2 1 0 0
1 14694 -21.7803 -64.6755 5.58199 1.39011 1.2 1 0 0
1 14695 -23.3812 -66.1215 5.51052 0.762191 1.2 1 0 0
1 14696 -23.5298 -67.4149 5.8879 0.59332 1.2 1 0 0
1 14697 -24.5513 -68.5338 7.1463 0.870581 1.2 1 0 0
1 14698 -24.2005 -67.9039 6.2446 0.283956 1.2 1 0 0
1 14699 -28.0284 -67.4266 5.81392 1.07273 1.2 1 0 0
1 14700 -24.1898 -68.3674 8.51296 0.454685 1.2 1 0 0
1 14702 -19.6874 -60.2396 4.81964 0.944153 1.2 1 0 0
1 14704 -23.7297 -62.3352 4.2941 1.48996 1.2 1 0 0
1 14705 -26.7249 -62.9726 3.95953 1.5 1.2 1 0 0
1 14711 -23.9028 -69.1969 5.13207 1.32412 1.2 1 0 0
1 14712 -21.7615 -69.4869 5.97559 0.990826 1.2 1 0 0
1 14713 -21.6252 -70.5427 3.99965 1.23773 1.2 1 0 0
1 14851 -36.7435 -46.9441 4.73341 1.48844 1.2 1 0 0
1 14904 -23.6459 -59.7492 6.31535 1.5 1.2 1 0 0
1 14905 -27.4236 -64.2397 10.4576 1.5 1.2 1 0 0
1 14906 -25.8865 -59.6074 6.64395 0.675152 1.2 1 0 0
1 14907 -27.3325 -60.6995 5.61569 1.36992 1.2 1 0 0
1 14908 -30.9299 -58.8578 7.86649 0.550354 1.2 1 0 0
1 14909 -30.6831 -57.1147 6.8757 1.27697 1.2 1 0 0
1 14910 -30.0247 -59.7138 5.74507 1.5 1.2 1 0 0
1 14911 -27.9286 -57.0382 8.95988 0.730113 1.2 1 0 0
1 14912 -30.4798 -58.8977 10.3545 0.465689 1.2 1 0 0
1 14913 -28.6973 -58.8079 13.9352 1.1688 1.2 1 0 0
1 14914 -30.5041 -57.6512 8.80199 0.302273 1.2 1 0 0
1 14915 -30.0443 -59.9157 9.83939 0.588574 1.2 1 0 0
1 14916 -29.2182 -65.7401 7.67419 0.939193 1.2 1 0 0
1 14917 -28.9254 -63.3433 9.56704 0.46261 1.2 1 0 0
1 14918 -30.5796 -62.5592 10.5942 0.50103 1.2 1 0 0
1 14919 -28.8437 -62.5254 5.32141 1.00924 1.2 1 0 0
1 14920 -29.489 -54.0103 13.6171 -0.000673465 1.2 1 0 0
1 14925 -30.9551 -49.5177 5.93446 0.357053 1.2 1 0 0
1 14926 -35.4858 -52.6496 6.21505 0.47459 1.2 1 0 0
1 14927 -33.2969 -50.9275 8.3517 -0.00128429 1.2 1 0 0
1 14928 -32.2783 -52.3887 7.21696 -0.00951423 1.2 1 0 0
1 14929 -34.8533 -49.0202 5.86213 0.955577 1.2 1 0 0
1 14930 -21.4365 -55.1482 5.72591 0.391404 1.2 1 0 0
1 14931 -21.9932 -52.6449 3.94362 1.5 1.2 1 0 0
1 14932 -23.2915 -55.4107 5.24867 1.5 1.2 1 0 0
1 14933 -24.6346 -57.584 5.63717 0.974965 1.2 1 0 0
1 14936 -27.8157 -51.0288 4.91012 1.5 1.2 1 0 0
1 14937 -30.1708 -51.5478 5.4506 0.705787 1.2 1 0 0
1 14938 -28.3526 -55.6579 5.34801 1.24444 1.2 1 0 0
1 14942 -22.0803 -51.8179 5.71781 0.452926 1.2 1 0 0
1 14945 -23.0571 -49.3599 6.86643 0.460487 1.2 1 0 0
1 14946 -25.5252 -49.349 6.49472 0.655519 1.2 1 0 0
1 14947 -25.2732 -51.4808 5.61223 1.17605 1.2 1 0 0
1 14949 -27.3219 -48.3005 9.61984 1.3429 1.2 1 0 0
1 14950 -28.5235 -48.6537 6.69199 1.35482 1.2 1 0 0
1 14951 -28.0168 -52.3331 8.9178 0.0326056 1.2 1 0 0
1 14952 -27.4686 -52.2967 8.71466 0.545258 1.2 1 0 0
1 14953 -28.4573 -51.8446 6.89529 0.590573 1.2 1 0 0
1 14956 -30.2514 -55.2665 5.62459 0.711304 1.2 1 0 0
1 14957 -30.3867 -56.1017 3.55054 1.5 1.2 1 0 0
1 14958 -34.3743 -53.671 4.99262 1.04849 1.2 1 0 0
1 14959 -33.9999 -51.324 3.55959 1.5 1.2 1 0 0
1 14960 -36.0693 -52.496 4.57834 1.0402 1.2 1 0 0
1 14965 -35.3919 -54.8299 5.93003 0.645517 1.2 1 0 0
1 14970 -32.0987 -57.6443 4.77194 1.10813 1.2 1 0 0
1 14971 -32.6008 -56.6462 6.08478 0.368193 1.2 1 0 0
1 14972 -32.2057 -54.2593 6.25249 0.133199 1.2 1 0 0
1 14973 -34.2823 -56.7719 4.89203 0.800574 1.2 1 0 0
1 14976 -35.1274 -57.3349 8.16831 -0.00404253 1.2 1 0 0
1 14977 -33.6035 -59.2005 7.52587 0.0713627 1.2 1 0 0
1 14978 -33.9183 -56.5784 6.23042 0.526366 1.2 1 0 0
1 14979 -33.5178 -60.3708 6.80722 0.826154 1.2 1 0 0
1 15141 -19.3197 -49.0085 5.46618 0.522123 1.2 1 0 0
1 15148 -18.7402 -50.6544 6.85439 0.952716 1.2 1 0 0
1 15153 -16.0155 -52.2367 5.40242 0.629643 1.2 1 0 0
1 15154 -15.9653 -53.604 5.56346 0.539869 1.2 1 0 0
1 15212 -15.9961 -51.7634 9.31314 0.0626565 1.2 1 0 0
1 15213 -15.8506 -53.2743 7.38057 0.527121 1.2 1 0 0
1 15214 -14.1995 -53.8248 9.36596 -0.0178926 1.2 1 0 0
1 15215 -13.2839 -54.0197 10.641 -0.0137947 1.2 1 0 0
1 15216 -14.0905 -51.4116 10.9105 -0.00136778 1.2 1 0 0
1 15217 -13.9251 -52.1915 8.62269 -0.0104095 1.2 1 0 0
1 15218 -12.8057 -51.3078 8.70229 -0.00158998 1.2 1 0 0
1 15225 -13.8896 -50.0458 14.8172 -0.00446294 1.2 1 0 0
1 15226 -13.3393 -52.5323 13.3397 -0.00483239 1.2 1 0 0
1 15228 -12.5338 -51.2239 12.742 -0.00307936 1.2 1 0 0
1 15230 -13.2181 -49.8905 12.0837 -0.0143318 1.2 1 0 0
1 15235 -16.6478 -54.7109 15.3508 0.152134 1.2 1 0 0
1 15236 -19.0187 -54.2456 15.8959 -0.0023471 1.2 1 0 0
1 15237 -17.6301 -54.3729 15.6142 -0.00459073 1.2 1 0 0
1 15238 -18.9385 -54.3476 18.4898 -0.00258413 1.2 1 0 0
1 15239 -20.9075 -53.637 19.2798 0.174503 1.2 1 0 0
1 15240 -19.4203 -52.0974 17.7255 -0.0163384 1.2 1 0 0
1 15241 -16.8686 -56.4402 18.4285 -0.00722002 1.2 1 0 0
1 15242 -17.2525 -55.6808 17.0646 0.027154 1.2 1 0 0
1 15243 -17.1745 -55.1257 20.698 -0.020636 1.2 1 0 0
1 15244 -16.6141 -52.0874 18.8021 -0.0104674 1.2 1 0 0
1 15245 -17.0804 -52.4166 16.2455 -0.0090648 1.2 1 0 0
1 15246 -20.7423 -60.9026 17.3288 1.5 1.2 1 0 0
1 15247 -19.0025 -58.9623 16.3344 1.25992 1.2 1 0 0
1 15248 -20.9843 -57.4348 17.9906 1.46867 1.2 1 0 0
1 15249 -23.5411 -59.0206 17.1646 0.863835 1.2 1 0 0
1 15250 -21.3601 -59.5844 18.9086 0.527863 1.2 1 0 0
1 15251 -22.1407 -60.3451 18.3129 0.298558 1.2 1 0 0
1 15252 -21.7193 -59.2013 17.4923 0.468639 1.2 1 0 0
1 15253 -22.0521 -59.7833 18.0135 0.317814 1.2 1 0 0
1 15254 -24.1175 -61.791 15.4326 1.44388 1.2 1 0 0
1 15255 -23.3467 -59.3477 13.8796 1.5 1.2 1 0 0
1 15256 -18.2891 -57.2788 19.8888 -0.0017541 1.2 1 0 0
1 15257 -19.7852 -57.2439 20.131 0.707929 1.2 1 0 0
1 15258 -19.6709 -58.0078 21.4248 0.387944 1.2 1 0 0
1 15259 -21.2059 -55.1929 20.6246 0.787337 1.2 1 0 0
1 15260 -21.1014 -56.753 21.7106 -0.00821245 1.2 1 0 0
1 15261 -18.2166 -56.3699 22.9871 -0.00283612 1.2 1 0 0
1 15262 -19.9687 -55.6561 22.0071 -0.00431254 1.2 1 0 0
1 15263 -18.5431 -57.2696 22.4167 -0.0043387 1.2 1 0 0
1 15264 -17.5362 -57.9573 16.2442 0.520039 1.2 1 0 0
1 15265 -21.9326 -55.276 16.1397 0.460332 1.2 1 0 0
1 15266 -19.1852 -55.108 16.7591 0.356292 1.2 1 0 0
1 15267 -20.4634 -56.36 15.9147 0.916388 1.2 1 0 0
1 15268 -18.9247 -55.0032 14.2561 0.481641 1.2 1 0 0
1 15269 -20.1092 -58.1338 13.9456 1.5 1.2 1 0 0
1 15270 -26.0677 -58.5256 12.7302 1.22171 1.2 1 0 0
1 15271 -24.887 -57.1435 14.5029 0.858048 1.2 1 0 0
1 15272 -25.1812 -57.3971 13.3696 0.339929 1.2 1 0 0
1 15273 -25.3417 -60.2519 14.6059 0.6247 1.2 1 0 0
1 15274 -27.0527 -60.9421 13.5298 1.5 1.2 1 0 0
1 15275 -25.6804 -63.0595 13.9434 1.05538 1.2 1 0 0
1 15276 -26.1102 -58.7021 15.8396 1.5 1.2 1 0 0
1 15277 -25.5032 -55.8864 12.3692 1.5 1.2 1 0 0
1 15278 -24.1631 -58.6433 10.7894 1.5 1.2 1 0 0
1 15279 -27.0793 -49.1192 17.5994 1.22122 1.2 1 0 0
1 15282 -28.5832 -49.7087 17.2718 0.376765 1.2 1 0 0
1 15283 -30.4826 -50.9661 16.997 -0.00177466 1.2 1 0 0
1 15284 -29.8537 -51.6308 18.7372 -0.00232197 1.2 1 0 0
1 15291 -25.108 -53.7722 17.6248 0.828311 1.2 1 0 0
1 15292 -26.451 -53.4692 16.8316 0.755824 1.2 1 0 0
1 15293 -25.0582 -51.6384 16.7738 0.778403 1.2 1 0 0
1 15294 -28.3169 -53.0807 16.8261 0.994033 1.2 1 0 0
1 15295 -28.9023 -53.9676 15.1412 -0.00344515 1.2 1 0 0
1 15296 -27.9387 -51.5575 17.9928 0.365656 1.2 1 0 0
1 15297 -27.082 -53.3358 20.2067 0.415243 1.2 1 0 0
1 15298 -27.1544 -51.0152 16.4835 0.9799 1.2 1 0 0
1 15299 -24.1329 -54.9629 18.7397 0.649148 1.2 1 0 0
1 15300 -28.274 -58.42 16.1292 0.671938 1.2 1 0 0
1 15301 -25.8291 -58.8464 17.6768 0.236361 1.2 1 0 0
1 15302 -26.1468 -56.8817 17.5534 0.705199 1.2 1 0 0
1 15303 -25.5885 -54.5254 14.0257 0.580074 1.2 1 0 0
1 15304 -25.0042 -53.6308 12.8518 0.859925 1.2 1 0 0
1 15305 -17.7772 -50.8524 23.9282 -0.0157562 1.2 1 0 0
1 15310 -18.9425 -50.0255 21.9736 -0.00340317 1.2 1 0 0
1 15315 -27.3571 -49.207 19.2122 0.302653 1.2 1 0 0
1 15316 -25.6799 -50.0018 22.5205 1.17049 1.2 1 0 0
1 15318 -19.5789 -53.3424 22.478 -0.0129277 1.2 1 0 0
1 15319 -20.3481 -52.2087 20.2241 -0.00493411 1.2 1 0 0
1 15320 -23.6391 -52.4828 23.0618 0.538077 1.2 1 0 0
1 15321 -21.5574 -50.5617 23.9824 0.779235 1.2 1 0 0
1 15322 -21.2173 -50.5647 22.0389 0.491801 1.2 1 0 0
1 15323 -21.8297 -51.064 22.884 0.419581 1.2 1 0 0
1 15324 -21.9082 -52.9712 22.5278 1.32844 1.2 1 0 0
1 15325 -23.3338 -53.9753 21.4459 0.412843 1.2 1 0 0
1 15326 -22.0837 -54.711 22.468 0.252217 1.2 1 0 0
1 15327 -18.8844 -49.8097 17.4095 -0.00482232 1.2 1 0 0
1 15328 -18.8835 -50.5549 20.1419 -0.0141255 1.2 1 0 0
1 15330 -23.0772 -49.8336 17.2523 0.348026 1.2 1 0 0
1 15331 -22.2426 -51.4653 16.6092 0.253196 1.2 1 0 0
1 15332 -23.2915 -52.3685 18.0135 1.5 1.2 1 0 0
1 15333 -22.5907 -50.4931 18.7198 0.576797 1.2 1 0 0
1 15334 -19.0996 -50.6662 20.9414 -0.00267167 1.2 1 0 0
1 15335 -19.2641 -52.0109 19.1462 -0.0100009 1.2 1 0 0
1 15336 -21.8724 -51.2766 18.5721 0.166645 1.2 1 0 0
1 15337 -19.8287 -51.0353 20.105 -0.00797168 1.2 1 0 0
1 15340 -17.3856 -52.1183 11.9534 -0.00708782 1.2 1 0 0
1 15341 -20.9296 -51.8018 16.022 -0.00716136 1.2 1 0 0
1 15344 -18.7653 -50.2267 14.4335 -0.00691599 1.2 1 0 0
1 15345 -18.1176 -51.9846 15.4396 -0.00568697 1.2 1 0 0
1 15346 -20.7377 -50.4979 11.9982 -0.00628256 1.2 1 0 0
1 15347 -18.5317 -54.1785 14.034 0.259859 1.2 1 0 0
1 15348 -19.9027 -52.8476 11.251 -0.000279248 1.2 1 0 0
1 15349 -18.0037 -54.1122 11.4731 0.303182 1.2 1 0 0
1 15350 -21.6372 -51.748 11.4253 -0.000767402 1.2 1 0 0
1 15351 -23.9648 -51.37 12.3294 0.765871 1.2 1 0 0
1 15354 -26.5815 -49.0575 12.4563 1.5 1.2 1 0 0
1 15355 -24.8478 -49.7568 11.9381 0.35687 1.2 1 0 0
1 15357 -23.8683 -50.7535 14.4918 0.517966 1.2 1 0 0
1 15358 -23.0682 -52.146 15.3963 1.07576 1.2 1 0 0
1 15359 -23.1321 -51.5857 9.53122 0.826884 1.2 1 0 0
1 15360 -21.0276 -54.57 11.8325 0.904497 1.2 1 0 0
1 15361 -20.2791 -54.1019 12.7545 0.253619 1.2 1 0 0
1 15362 -19.2588 -54.5042 10.6749 0.823667 1.2 1 0 0
1 15363 -22.1373 -56.6998 12.0192 1.5 1.2 1 0 0
1 15364 -22.9453 -57.322 10.1499 0.369306 1.2 1 0 0
1 15365 -21.4419 -53.3446 9.73259 0.843444 1.2 1 0 0
1 15366 -22.1609 -52.7566 11.8572 0.0939263 1.2 1 0 0
1 15367 -21.7087 -53.8139 12.6795 0.419439 1.2 1 0 0
1 15368 -23.4343 -55.677 9.40891 1.5 1.2 1 0 0
1 15369 -22.4787 -54.124 8.35643 0.603661 1.2 1 0 0
1 15370 -22.2223 -54.5959 10.8121 0.646342 1.2 1 0 0
1 15371 -17.8939 -52.176 8.76575 0.130391 1.2 1 0 0
1 15372 -20.3821 -51.1347 9.4496 -0.0017157 1.2 1 0 0
1 15373 -19.6134 -52.1763 9.72929 -5.50475e-05 1.2 1 0 0
1 15419 -13.0443 -62.5709 19.6797 0.497993 1.2 1 0 0
1 15420 -15.6304 -57.0423 20.2206 -0.00900386 1.2 1 0 0
1 15421 -15.9518 -57.9172 19.1563 0.369985 1.2 1 0 0
1 15422 -15.7075 -60.794 20.0676 1.37986 1.2 1 0 0
1 15423 -14.1289 -58.6428 20.39 -0.00153244 1.2 1 0 0
1 15424 -14.1573 -60.2333 21.3053 0.302516 1.2 1 0 0
1 15425 -12.9321 -59.9069 22.0526 -0.000381229 1.2 1 0 0
1 15429 -14.7971 -51.5416 19.6891 -0.00651482 1.2 1 0 0
1 15430 -14.1684 -54.2892 23.1713 -0.0104322 1.2 1 0 0
1 15431 -15.2649 -56.1861 20.7076 -0.000845834 1.2 1 0 0
1 15432 -13.8021 -55.2044 21.2617 -0.000229463 1.2 1 0 0
1 15433 -15.2975 -54.2423 20.9604 -0.0157631 1.2 1 0 0
1 15434 -13.5595 -54.3783 20.2142 -0.00431517 1.2 1 0 0
1 15435 -13.7524 -56.3988 19.1096 -0.00248888 1.2 1 0 0
1 15436 -12.7926 -56.4057 18.3944 -0.00276965 1.2 1 0 0
1 15440 -16.2212 -56.5247 22.727 -0.00916233 1.2 1 0 0
1 15443 -12.9252 -58.711 22.9379 -0.00807815 1.2 1 0 0
1 15449 -15.6136 -54.874 15.7997 0.0901813 1.2 1 0 0
1 15450 -15.8299 -55.7987 17.5447 -0.00289076 1.2 1 0 0
1 15451 -14.9178 -53.8072 16.2028 -0.00864691 1.2 1 0 0
1 15452 -15.8872 -52.9203 14.5171 -0.00981957 1.2 1 0 0
1 15465 -16.3699 -49.8186 24.3279 -0.00437723 1.2 1 0 0
1 15468 -16.9281 -51.2053 25.8487 -0.0106955 1.2 1 0 0
1 15469 -14.8111 -50.7418 25.953 -0.0108457 1.2 1 0 0
1 15472 -16.1938 -51.8875 23.0208 -0.00317981 1.2 1 0 0
1 15473 -16.602 -53.2095 25.0614 -0.00444591 1.2 1 0 0
1 15489 -15.9179 -50.0743 20.1075 -0.0174761 1.2 1 0 0
1 15491 -12.7232 -50.1392 21.8128 -0.00734031 1.2 1 0 0
1 15549 -13.8552 -61.0037 10.1278 0.46873 1.2 1 0 0
1 15550 -14.1765 -63.4333 10.6077 0.496769 1.2 1 0 0
1 15551 -14.335 -64.759 8.56036 -0.0107187 1.2 1 0 0
1 15552 -11.9255 -64.3576 13.0719 0.77173 1.2 1 0 0
1 15553 -12.822 -62.7056 11.9185 0.547497 1.2 1 0 0
1 15554 -12.5831 -65.6799 13.4612 0.413004 1.2 1 0 0
1 15555 -13.9155 -65.5136 11.7313 0.551988 1.2 1 0 0
1 15578 -15.4836 -64.1655 9.56147 0.658182 1.2 1 0 0
1 15579 -17.7684 -62.9853 9.79681 1.5 1.2 1 0 0
1 15580 -16.2738 -61.2912 10.5316 0.875661 1.2 1 0 0
1 15581 -15.8381 -63.285 10.8886 0.590559 1.2 1 0 0
1 15582 -18.3752 -65.021 13.9725 1.30092 1.2 1 0 0
1 15583 -19.3121 -65.5755 11.3919 1.5 1.2 1 0 0
1 15584 -18.3918 -66.9349 12.1518 0.308999 1.2 1 0 0
1 15585 -19.8987 -65.9686 13.3579 0.588945 1.2 1 0 0
1 15586 -19.3334 -63.1927 11.6984 0.896244 1.2 1 0 0
1 15587 -16.9841 -63.3014 12.6028 1.0414 1.2 1 0 0
1 15588 -17.228 -65.1318 12.6594 0.326537 1.2 1 0 0
1 15589 -17.5109 -64.5551 12.6593 0.315835 1.2 1 0 0
1 15590 -16.0258 -65.3265 11.2981 1.5 1.2 1 0 0
1 15591 -17.8515 -65.1013 9.93569 0.615891 1.2 1 0 0
1 15592 -17.0406 -64.6245 9.98218 0.303067 1.2 1 0 0
1 15593 -22.3085 -59.8685 10.7786 0.568262 1.2 1 0 0
1 15594 -22.8 -60.483 11.4124 0.349347 1.2 1 0 0
1 15595 -20.1529 -59.6906 11.3418 0.545904 1.2 1 0 0
1 15596 -20.2661 -59.3469 7.34992 0.611632 1.2 1 0 0
1 15597 -22.7897 -63.6509 13.5767 1.5 1.2 1 0 0
1 15598 -23.8604 -63.6854 15.2189 0.460688 1.2 1 0 0
1 15599 -20.6144 -64.876 14.1374 0.93083 1.2 1 0 0
1 15600 -21.9294 -65.3592 14.0532 0.471111 1.2 1 0 0
1 15601 -21.3039 -62.707 12.4967 0.56269 1.2 1 0 0
1 15602 -19.8635 -62.5566 13.9655 1.5 1.2 1 0 0
1 15603 -16.8218 -65.7283 8.6351 1.13053 1.2 1 0 0
1 15604 -17.8225 -65.2837 7.44492 0.367869 1.2 1 0 0
1 15605 -18.2601 -64.7408 8.81227 0.571199 1.2 1 0 0
1 15606 -18.1075 -63.7658 7.25945 1.17359 1.2 1 0 0
1 15607 -19.4524 -67.7037 10.0018 0.503724 1.2 1 0 0
1 15608 -20.8154 -66.8541 11.8605 0.526445 1.2 1 0 0
1 15609 -20.6137 -68.207 8.27647 0.8801 1.2 1 0 0
1 15610 -19.6456 -64.4077 9.38118 0.848958 1.2 1 0 0
1 15611 -20.5593 -64.6562 10.2441 0.428152 1.2 1 0 0
1 15612 -20.0551 -62.883 8.10644 1.12484 1.2 1 0 0
1 15613 -17.5362 -67.4359 7.67741 0.71944 1.2 1 0 0
1 15614 -18.1713 -67.0583 9.79861 0.928473 1.2 1 0 0
1 15615 -17.748 -68.077 6.38538 0.738371 1.2 1 0 0
1 15617 -14.1089 -59.5293 13.7472 0.136077 1.2 1 0 0
1 15618 -13.6515 -62.6665 15.0012 0.486307 1.2 1 0 0
1 15619 -13.481 -62.4505 16.1978 0.524591 1.2 1 0 0
1 15620 -13.3919 -63.5954 14.4889 0.362407 1.2 1 0 0
1 15621 -12.4704 -62.2969 16.8048 0.422329 1.2 1 0 0
1 15622 -14.6486 -60.4579 12.5753 0.594064 1.2 1 0 0
1 15623 -14.784 -62.1239 11.8671 1.22124 1.2 1 0 0
1 15624 -14.33 -61.5908 13.5966 0.644615 1.2 1 0 0
1 15625 -13.3346 -62.969 13.3185 0.959428 1.2 1 0 0
1 15626 -16.2902 -57.0357 16.1995 0.369424 1.2 1 0 0
1 15627 -15.1414 -59.1325 15.7399 0.172953 1.2 1 0 0
1 15628 -16.3823 -57.3271 14.5849 0.784498 1.2 1 0 0
1 15629 -16.7153 -57.8309 15.9277 0.367665 1.2 1 0 0
1 15630 -18.3453 -59.4233 13.7479 0.658543 1.2 1 0 0
1 15631 -19.9541 -59.604 15.3679 0.240528 1.2 1 0 0
1 15632 -17.8331 -58.3011 14.6732 0.87394 1.2 1 0 0
1 15633 -17.9374 -60.9518 15.1516 1.27188 1.2 1 0 0
1 15634 -16.5465 -59.277 17.3569 1.23436 1.2 1 0 0
1 15635 -17.8349 -60.1083 17.4086 0.293863 1.2 1 0 0
1 15636 -15.9056 -59.4977 14.0141 1.47154 1.2 1 0 0
1 15637 -16.5219 -60.2327 12.4417 0.327265 1.2 1 0 0
1 15638 -14.035 -63.9334 16.5026 1.08737 1.2 1 0 0
1 15639 -15.2293 -64.9012 15.5975 0.696186 1.2 1 0 0
1 15640 -15.5969 -62.9309 14.6998 1.5 1.2 1 0 0
1 15641 -17.9713 -61.5562 18.4589 1.5 1.2 1 0 0
1 15642 -18.4178 -63.5119 16.266 1.35963 1.2 1 0 0
1 15643 -15.9914 -63.2706 17.3656 1.15129 1.2 1 0 0
1 15644 -17.2213 -62.2403 16.7386 0.449142 1.2 1 0 0
1 15645 -15.4932 -62.661 19.0526 0.682197 1.2 1 0 0
1 15646 -14.8204 -65.0882 12.6593 0.333684 1.2 1 0 0
1 15647 -16.1138 -65.3126 13.9809 0.979131 1.2 1 0 0
1 15648 -13.9559 -64.9544 13.9302 1.20895 1.2 1 0 0
1 15649 -14.3403 -59.5711 12.9028 0.383159 1.2 1 0 0
1 15650 -16.5445 -55.4529 11.5295 0.356975 1.2 1 0 0
1 15651 -17.4665 -55.0625 12.0359 0.639318 1.2 1 0 0
1 15652 -14.9681 -57.6652 15.1383 -0.000830675 1.2 1 0 0
1 15653 -15.4467 -55.7928 10.9929 -0.000358768 1.2 1 0 0
1 15654 -15.3259 -53.9983 12.5875 -0.0161792 1.2 1 0 0
1 15655 -16.817 -55.3798 13.5896 0.617982 1.2 1 0 0
1 15656 -16.5171 -53.8228 11.7171 0.136384 1.2 1 0 0
1 15660 -16.5428 -63.8381 6.63555 0.427808 1.2 1 0 0
1 15665 -19.9301 -55.1521 7.39166 0.270873 1.2 1 0 0
1 15666 -19.7191 -55.8507 5.35903 1.5 1.2 1 0 0
1 15667 -18.7479 -54.9272 8.43951 0.68251 1.2 1 0 0
1 15668 -17.3218 -53.5997 4.03964 1.5 1.2 1 0 0
1 15669 -19.3219 -52.3709 5.09319 0.839439 1.2 1 0 0
1 15670 -15.0039 -55.5052 8.51689 0.410482 1.2 1 0 0
1 15671 -17.9373 -58.8711 9.50123 1.14264 1.2 1 0 0
1 15672 -16.2347 -57.8534 8.29672 0.575733 1.2 1 0 0
1 15673 -15.5875 -59.7193 8.95048 1.40994 1.2 1 0 0
1 15674 -16.8627 -57.9803 5.47761 1.04371 1.2 1 0 0
1 24692 -19.3422 -65.6161 3.47129 1.4913 1.2 1 0 0
1 24893 -19.4392 -66.6158 5.573 0.838076 1.2 1 0 0
1 24897 -21.5723 -64.7041 8.32737 1.18362 1.2 1 0 0
1 24898 -22.9396 -65.4224 8.86255 0.450986 1.2 1 0 0
1 24899 -21.129 -60.9861 7.09004 1.25888 1.2 1 0 0
1 24900 -21.9657 -62.1872 8.34397 0.668596 1.2 1 0 0
1 24901 -22.4278 -61.795 7.52114 0.330891 1.2 1 0 0
1 24902 -29.362 -65.3582 4.90225 1.5 1.2 1 0 0
1 24903 -27.029 -64.8213 5.63752 1.00431 1.2 1 0 0
1 24905 -27.7053 -65.6913 6.86247 0.643352 1.2 1 0 0
1 24906 -28.2251 -66.952 7.47958 0.63969 1.2 1 0 0
1 24911 -21.7871 -68.3801 9.01503 0.508576 1.2 1 0 0
1 24912 -22.7914 -67.0985 7.82627 1.5 1.2 1 0 0
1 24913 -22.9445 -67.6416 9.90986 0.601697 1.2 1 0 0
1 24914 -22.5009 -68.2827 9.49136 0.283229 1.2 1 0 0
1 24915 -26.577 -66.2409 8.50562 1.42092 1.2 1 0 0
1 24916 -25.7546 -68.0155 7.88424 0.631313 1.2 1 0 0
1 24917 -24.6728 -67.3161 9.25482 0.872278 1.2 1 0 0
1 24918 -24.3807 -65.2492 8.53268 0.980224 1.2 1 0 0
1 24920 -24.952 -64.3747 5.17794 1.04673 1.2 1 0 0
1 24921 -25.5251 -66.8321 5.64035 1.5 1.2 1 0 0
1 24929 -21.6342 -59.691 6.09628 0.446781 1.2 1 0 0
1 24930 -21.3368 -58.4333 4.64029 1.5 1.2 1 0 0
1 24933 -24.6908 -62.895 5.81135 0.388243 1.2 1 0 0
1 24939 -22.7088 -61.5899 6.34857 0.565748 1.2 1 0 0
1 24940 -21.6598 -61.0703 4.94252 0.938715 1.2 1 0 0
1 24945 -18.5061 -67.6024 5.52498 0.502682 1.2 1 0 0
1 24948 -21.4237 -67.4801 4.53941 1.5 1.2 1 0 0
1 24950 -19.6492 -68.4852 6.44602 1.20712 1.2 1 0 0
1 24951 -21.3217 -67.8226 6.63609 0.525049 1.2 1 0 0
1 24952 -18.586 -69.0192 4.01559 1.44737 1.2 1 0 0
1 24953 -20.1202 -70.0143 5.29488 0.762593 1.2 1 0 0
1 24963 -22.692 -68.3791 6.27203 0.486028 1.2 1 0 0
1 25159 -39.8772 -50.2564 5.2784 1.05088 1.2 1 0 0
1 25161 -40.9603 -49.1683 5.4719 0.496512 1.2 1 0 0
1 25162 -39.5751 -47.7304 5.4656 1.5 1.2 1 0 0
1 25168 -37.3094 -49.7743 3.95845 1.5 1.2 1 0 0
1 25246 -22.9122 -60.0585 8.49563 0.814307 1.2 1 0 0
1 25247 -21.9122 -59.2209 7.53051 0.682073 1.2 1 0 0
1 25248 -25.1479 -59.1006 7.48428 0.500235 1.2 1 0 0
1 25249 -25.3503 -59.7238 7.30507 0.167262 1.2 1 0 0
1 25250 -25.0855 -57.9646 8.92115 0.663945 1.2 1 0 0
1 25251 -24.0978 -59.3942 8.45002 0.443306 1.2 1 0 0
1 25252 -23.2919 -58.074 8.28444 1.10937 1.2 1 0 0
1 25253 -25.8807 -59.4639 10.1703 0.489783 1.2 1 0 0
1 25254 -25.5167 -61.9388 9.98218 0.314505 1.2 1 0 0
1 25255 -28.8906 -61.4819 10.6021 1.5 1.2 1 0 0
1 25256 -27.6455 -62.5524 10.0332 0.236421 1.2 1 0 0
1 25257 -26.8644 -59.9234 11.163 0.980186 1.2 1 0 0
1 25258 -27.6395 -59.6998 9.25976 0.756233 1.2 1 0 0
1 25259 -26.7156 -62.0737 10.0769 0.810354 1.2 1 0 0
1 25260 -27.2745 -61.8441 8.43589 0.601565 1.2 1 0 0
1 25261 -27.5366 -61.5874 9.32968 0.360992 1.2 1 0 0
1 25262 -27.7143 -62.4673 9.27532 0.528458 1.2 1 0 0
1 25263 -25.5441 -65.1466 11.7904 0.96929 1.2 1 0 0
1 25264 -24.9965 -65.757 11.0066 0.165141 1.2 1 0 0
1 25265 -28.6457 -63.1688 11.4326 0.39494 1.2 1 0 0
1 25266 -27.9121 -62.91 12.4697 0.894777 1.2 1 0 0
1 25267 -26.9831 -61.9444 11.5512 0.674518 1.2 1 0 0
1 25268 -26.6922 -62.7352 11.0813 0.28538 1.2 1 0 0
1 25269 -23.9745 -63.6531 9.57703 0.850561 1.2 1 0 0
1 25270 -22.976 -62.5462 9.18306 0.57566 1.2 1 0 0
1 25271 -25.5273 -60.6957 8.64809 1.5 1.2 1 0 0
1 25272 -25.238 -62.2675 7.58217 0.421014 1.2 1 0 0
1 25273 -24.719 -62.4312 9.47029 0.579846 1.2 1 0 0
1 25274 -25.8324 -63.3465 8.60246 1.10174 1.2 1 0 0
1 25275 -25.996 -62.8893 6.46161 1.063 1.2 1 0 0
1 25276 -25.3699 -61.1831 6.23064 0.742858 1.2 1 0 0
1 25277 -24.5484 -61.4739 7.08596 0.478206 1.2 1 0 0
1 25278 -28.6457 -60.8878 7.79028 1.1736 1.2 1 0 0
1 25279 -28.1359 -59.1908 6.9693 0.779283 1.2 1 0 0
1 25280 -28.4965 -60.1025 6.59458 0.263913 1.2 1 0 0
1 25281 -27.1692 -59.5899 7.89445 0.61702 1.2 1 0 0
1 25282 -27.6876 -59.9753 7.38037 0.208531 1.2 1 0 0
1 25283 -29.3327 -57.0254 5.70906 0.436057 1.2 1 0 0
1 25285 -28.6457 -57.7302 6.46578 0.805439 1.2 1 0 0
1 25286 -26.1023 -56.6519 9.82277 1.22551 1.2 1 0 0
1 25287 -26.4844 -57.6232 7.30507 1.5 1.2 1 0 0
1 25288 -28.4527 -57.3329 7.74317 0.537272 1.2 1 0 0
1 25289 -29.2891 -58.6581 8.67353 1.28092 1.2 1 0 0
1 25290 -29.3141 -57.0086 8.30545 0.37947 1.2 1 0 0
1 25291 -28.6457 -55.592 7.88625 1.20858 1.2 1 0 0
1 25292 -27.8753 -56.4508 6.72664 0.408883 1.2 1 0 0
1 25293 -25.5516 -59.941 5.46073 0.572009 1.2 1 0 0
1 25294 -25.0099 -59.3668 3.51789 1.5 1.2 1 0 0
1 25298 -26.3767 -58.5949 5.20911 0.807385 1.2 1 0 0
1 25299 -28.231 -58.0348 4.61112 1.11928 1.2 1 0 0
1 25302 -28.6552 -55.6708 9.97768 0.504717 1.2 1 0 0
1 25303 -27.2971 -54.4817 12.4263 0.764219 1.2 1 0 0
1 25304 -28.5121 -55.7536 11.4865 0.335311 1.2 1 0 0
1 25305 -27.9268 -59.5532 12.9026 0.256138 1.2 1 0 0
1 25306 -28.3363 -59.8584 12.0704 0.720231 1.2 1 0 0
1 25307 -28.1435 -59.669 10.3718 0.462868 1.2 1 0 0
1 25308 -27.8489 -56.1603 12.5285 0.728078 1.2 1 0 0
1 25309 -28.2516 -57.1573 13.0459 0.465151 1.2 1 0 0
1 25310 -28.2332 -57.8556 11.1178 1.5 1.2 1 0 0
1 25311 -29.8098 -57.1573 10.9722 0.13647 1.2 1 0 0
1 25312 -31.1394 -61.2905 10.5911 0.756254 1.2 1 0 0
1 25313 -30.8997 -60.2573 10.1574 0.374612 1.2 1 0 0
1 25314 -31.8814 -60.3862 10.0929 -0.00767927 1.2 1 0 0
1 25315 -32.9091 -57.5177 8.71277 -0.00389663 1.2 1 0 0
1 25317 -32.315 -57.2712 10.7537 -0.00351431 1.2 1 0 0
1 25318 -32.1392 -57.6839 11.6685 -0.00966337 1.2 1 0 0
1 25319 -32.6097 -59.566 9.29423 -0.00669279 1.2 1 0 0
1 25320 -32.9614 -59.9458 8.60765 -0.00954967 1.2 1 0 0
1 25321 -32.1321 -58.2153 7.72216 0.158739 1.2 1 0 0
1 25322 -29.626 -57.3861 12.2089 0.107402 1.2 1 0 0
1 25323 -30.3244 -58.026 13.3266 -0.00315987 1.2 1 0 0
1 25324 -29.731 -57.5745 13.3595 0.00319706 1.2 1 0 0
1 25325 -28.7203 -56.4019 14.2587 0.352365 1.2 1 0 0
1 25327 -30.6764 -59.2236 12.5777 0.027989 1.2 1 0 0
1 25328 -30.0116 -59.9947 12.2101 0.955076 1.2 1 0 0
1 25329 -31.1065 -58.0625 8.59971 0.284637 1.2 1 0 0
1 25330 -29.5086 -59.4649 10.8476 0.549236 1.2 1 0 0
1 25331 -29.9331 -55.448 8.35547 0.10873 1.2 1 0 0
1 25332 -29.5915 -56.7915 9.39122 0.604803 1.2 1 0 0
1 25333 -31.3185 -57.0352 8.94009 -0.00358672 1.2 1 0 0
1 25334 -28.0142 -65.3368 7.95246 0.360674 1.2 1 0 0
1 25335 -28.2169 -63.5181 7.57577 1.5 1.2 1 0 0
1 25336 -27.7224 -64.8745 8.73003 0.348464 1.2 1 0 0
1 25337 -30.4976 -64.5496 8.05354 0.540614 1.2 1 0 0
1 25338 -30.5809 -65.1436 6.9504 0.715037 1.2 1 0 0
1 25339 -28.563 -65.6368 9.18431 0.706602 1.2 1 0 0
1 25340 -29.6521 -64.7399 9.01255 0.711562 1.2 1 0 0
1 25341 -29.5494 -61.5841 6.44155 0.551543 1.2 1 0 0
1 25342 -30.0393 -61.9591 7.70772 0.570808 1.2 1 0 0
1 25343 -31.9222 -62.7421 8.14768 0.550731 1.2 1 0 0
1 25344 -32.9063 -61.8872 6.79254 0.703168 1.2 1 0 0
1 25345 -31.4066 -60.7623 8.29066 1.24092 1.2 1 0 0
1 25346 -30.8478 -62.2323 7.87474 0.292756 1.2 1 0 0
1 25347 -32.9258 -63.1124 5.68525 0.42811 1.2 1 0 0
1 25348 -31.0977 -63.0445 6.2944 1.5 1.2 1 0 0
1 25349 -29.5485 -63.7899 10.4069 0.643365 1.2 1 0 0
1 25350 -29.4898 -63.1032 11.5155 0.455057 1.2 1 0 0
1 25351 -30.4224 -63.0337 9.00981 1.16041 1.2 1 0 0
1 25352 -29.723 -60.5753 8.97869 0.4606 1.2 1 0 0
1 25355 -27.4089 -62.6095 5.8221 0.512776 1.2 1 0 0
1 25356 -31.2467 -65.0682 5.80199 0.586893 1.2 1 0 0
1 25360 -28.4368 -53.65 10.9934 -0.00478916 1.2 1 0 0
1 25361 -27.9079 -52.6828 11.4218 -0.00750011 1.2 1 0 0
1 25362 -29.999 -52.3082 13.9602 -0.00768602 1.2 1 0 0
1 25363 -30.5771 -51.4724 11.7997 -0.000845196 1.2 1 0 0
1 25364 -29.9363 -51.6118 12.7594 -0.00497774 1.2 1 0 0
1 25365 -29.9427 -53.4788 12.1245 -0.00475432 1.2 1 0 0
1 25366 -28.8697 -54.4683 12.6631 -0.0491636 1.2 1 0 0
1 25367 -28.17 -54.3988 13.7185 0.0831044 1.2 1 0 0
1 25368 -27.4995 -52.6946 13.1584 0.283271 1.2 1 0 0
1 25369 -28.92 -52.0033 10.9361 -0.00347072 1.2 1 0 0
1 25370 -28.7105 -50.5081 9.50812 -0.000437563 1.2 1 0 0
1 25371 -29.0797 -51.0702 10.1196 -0.00368972 1.2 1 0 0
1 25372 -32.93 -55.4551 12.2914 -0.00730264 1.2 1 0 0
1 25373 -33.0342 -53.648 12.7046 -0.00135077 1.2 1 0 0
1 25374 -33.5818 -54.2757 9.91015 -0.00395495 1.2 1 0 0
1 25375 -34.5532 -52.2566 10.6485 -0.0115869 1.2 1 0 0
1 25376 -33.7217 -51.6552 11.3292 -0.000731949 1.2 1 0 0
1 25377 -35.1736 -52.2033 12.2547 -0.00781005 1.2 1 0 0
1 25378 -34.6066 -52.092 13.1464 -0.000878844 1.2 1 0 0
1 25379 -33.4338 -56.2806 11.0165 -0.00592554 1.2 1 0 0
1 25380 -35.0872 -55.4718 8.15783 -0.000819264 1.2 1 0 0
1 25381 -36.0031 -54.5204 9.76025 -0.00763512 1.2 1 0 0
1 25382 -33.1291 -52.6718 14.2909 -0.00210041 1.2 1 0 0
1 25383 -31.0574 -55.1251 14.1725 -0.00669167 1.2 1 0 0
1 25384 -30.4366 -52.6656 15.0591 -0.00345348 1.2 1 0 0
1 25385 -30.4309 -55.9586 15.8837 -0.00247477 1.2 1 0 0
1 25386 -31.0437 -54.4819 15.5726 -0.00773689 1.2 1 0 0
1 25387 -30.7472 -55.3134 12.8541 -0.0100174 1.2 1 0 0
1 25388 -31.9711 -54.3985 12.5473 -0.00438339 1.2 1 0 0
1 25389 -30.1732 -55.5661 12.3328 -0.00911779 1.2 1 0 0
1 25390 -31.3449 -56.6583 13.0907 -0.0073434 1.2 1 0 0
1 25391 -30.8888 -54.0187 9.76448 -0.00543703 1.2 1 0 0
1 25392 -29.0625 -54.6052 9.30793 0.0476664 1.2 1 0 0
1 25393 -32.556 -54.1511 9.98377 -0.0072366 1.2 1 0 0
1 25394 -32.5384 -53.2147 9.24084 -0.00783349 1.2 1 0 0
1 25395 -31.8593 -53.6912 11.1792 -0.0193363 1.2 1 0 0
1 25396 -30.0391 -52.257 8.87755 -0.00655173 1.2 1 0 0
1 25397 -32.5253 -52.1214 10.2747 -0.00673208 1.2 1 0 0
1 25398 -31.9899 -52.4712 11.0152 -0.00105297 1.2 1 0 0
1 25399 -31.6459 -51.1411 11.2761 -0.00158308 1.2 1 0 0
1 25400 -30.7604 -55.8993 10.3405 -0.00162856 1.2 1 0 0
1 25401 -32.6406 -54.7035 7.96868 -0.00163102 1.2 1 0 0
1 25402 -30.8725 -55.562 8.40855 -0.00172924 1.2 1 0 0
1 25408 -37.3948 -48.0834 8.03806 1.46248 1.2 1 0 0
1 25414 -38.4859 -50.5999 6.41761 0.356304 1.2 1 0 0
1 25415 -37.1675 -50.2272 6.32402 0.912698 1.2 1 0 0
1 25416 -40.1039 -49.3256 6.92131 0.723379 1.2 1 0 0
1 25417 -39.1621 -48.8708 7.56341 0.501327 1.2 1 0 0
1 25418 -39.2916 -49.0104 8.84292 0.750043 1.2 1 0 0
1 25419 -38.4559 -50.7896 7.88737 1.10384 1.2 1 0 0
1 25420 -38.1907 -49.5845 8.92384 0.365695 1.2 1 0 0
1 25421 -38.6511 -49.4845 6.5492 0.757247 1.2 1 0 0
1 25422 -37.5778 -48.6791 5.92301 0.723602 1.2 1 0 0
1 25423 -35.6514 -51.9348 10.4401 -0.00128168 1.2 1 0 0
1 25424 -36.5768 -50.8148 11.513 -0.0114026 1.2 1 0 0
1 25425 -35.9027 -51.7815 9.82394 -0.00472565 1.2 1 0 0
1 25426 -38.841 -49.9205 9.34598 0.348364 1.2 1 0 0
1 25430 -36.2519 -50.2846 7.40008 0.144094 1.2 1 0 0
1 25431 -36.0595 -50.9872 6.63956 0.455002 1.2 1 0 0
1 25432 -35.8506 -51.4703 8.30066 -0.00373812 1.2 1 0 0
1 25433 -39.3081 -51.9314 7.25957 0.399664 1.2 1 0 0
1 25434 -37.5251 -54.4423 6.74444 0.988557 1.2 1 0 0
1 25435 -36.7452 -54.3247 7.97444 -0.00252114 1.2 1 0 0
1 25436 -37.6736 -54.5452 8.14387 0.0192504 1.2 1 0 0
1 25437 -36.4901 -53.0207 8.41735 -0.00235593 1.2 1 0 0
1 25438 -38.3626 -52.2857 5.65044 1.5 1.2 1 0 0
1 25439 -36.7414 -51.5928 6.48456 0.44828 1.2 1 0 0
1 25440 -29.3933 -50.5372 13.9897 -0.00132626 1.2 1 0 0
1 25444 -27.8311 -49.8963 11.9428 0.0570263 1.2 1 0 0
1 25458 -32.5213 -50.5288 15.7261 -0.00331824 1.2 1 0 0
1 25459 -32.8775 -51.7664 16.0446 -0.00372926 1.2 1 0 0
1 25460 -33.1663 -51.2738 14.9245 -0.00501323 1.2 1 0 0
1 25461 -31.7133 -51.0962 12.5538 -0.00472556 1.2 1 0 0
1 25474 -31.9384 -50.015 8.36638 -0.00242424 1.2 1 0 0
1 25476 -33.5611 -52.3547 7.0318 -0.00263948 1.2 1 0 0
1 25477 -32.3268 -52.537 5.02171 0.767958 1.2 1 0 0
1 25478 -35.7824 -54.9026 6.8896 -0.000322349 1.2 1 0 0
1 25479 -34.3048 -54.4993 7.27702 -0.0045375 1.2 1 0 0
1 25481 -35.7528 -50.9386 5.32142 0.688648 1.2 1 0 0
1 25482 -34.3539 -51.4698 5.54501 0.502216 1.2 1 0 0
1 25485 -30.6104 -51.943 6.41616 -0.000488364 1.2 1 0 0
1 25486 -30.3672 -51.5458 7.45006 -0.00389796 1.2 1 0 0
1 25487 -30.1176 -54.0938 6.54336 0.509002 1.2 1 0 0
1 25491 -32.2821 -48.4492 5.50786 0.769566 1.2 1 0 0
1 25499 -21.1437 -52.4113 5.93266 0.675401 1.2 1 0 0
1 25500 -21.6435 -54.0233 6.21874 0.851317 1.2 1 0 0
1 25501 -20.5616 -53.5914 5.33563 0.610525 1.2 1 0 0
1 25505 -24.9414 -54.427 6.09011 0.383566 1.2 1 0 0
1 25506 -24.6716 -53.4663 5.38056 0.840823 1.2 1 0 0
1 25508 -27.0806 -56.8733 5.52968 0.517371 1.2 1 0 0
1 25510 -25.5258 -55.3157 5.47858 0.748046 1.2 1 0 0
1 25511 -25.4129 -56.3615 6.20021 0.38061 1.2 1 0 0
1 25512 -25.8956 -56.6195 5.57925 0.440505 1.2 1 0 0
1 25513 -26.3257 -56.4905 3.69141 1.5 1.2 1 0 0
1 25516 -21.7149 -56.2459 6.34071 0.590396 1.2 1 0 0
1 25517 -22.8334 -57.4921 6.23919 0.850224 1.2 1 0 0
1 25518 -22.4599 -57.1272 7.36708 0.392675 1.2 1 0 0
1 25519 -24.682 -56.8947 8.18108 0.632305 1.2 1 0 0
1 25520 -24.9686 -55.3966 7.2775 1.13229 1.2 1 0 0
1 25521 -23.3202 -56.3749 7.27719 0.745964 1.2 1 0 0
1 25522 -23.1731 -54.8489 7.40188 0.686814 1.2 1 0 0
1 25537 -29.5892 -49.0405 4.28727 1.1931 1.2 1 0 0
1 25539 -29.2072 -52.1446 5.76101 0.373499 1.2 1 0 0
1 25540 -29.6103 -53.4418 4.71721 1.33961 1.2 1 0 0
1 25550 -21.4793 -50.1962 5.7982 1.22263 1.2 1 0 0
1 25556 -26.7633 -49.3876 5.91891 0.651789 1.2 1 0 0
1 25557 -25.2065 -49.0336 4.38635 1.5 1.2 1 0 0
1 25559 -24.146 -50.2452 7.17672 0.969471 1.2 1 0 0
1 25560 -24.564 -49.3977 8.03231 0.305308 1.2 1 0 0
1 25565 -23.1147 -48.5438 5.27326 0.824292 1.2 1 0 0
1 25567 -23.2915 -52.565 7.05521 1.5 1.2 1 0 0
1 25568 -25.3778 -52.4445 7.51665 0.640075 1.2 1 0 0
1 25569 -24.6884 -51.7554 8.67809 0.789234 1.2 1 0 0
1 25570 -26.709 -55.3112 7.99414 0.751382 1.2 1 0 0
1 25571 -27.1503 -54.2489 9.75208 1.22592 1.2 1 0 0
1 25572 -25.5172 -54.9668 10.2293 0.599229 1.2 1 0 0
1 25573 -25.4345 -53.7268 8.40886 0.91105 1.2 1 0 0
1 25574 -26.3237 -52.5472 8.84244 0.622684 1.2 1 0 0
1 25575 -24.0624 -54.1227 8.23158 0.528046 1.2 1 0 0
1 25576 -24.9333 -53.9475 7.30507 0.317531 1.2 1 0 0
1 25578 -27.8066 -49.4384 8.24392 0.310627 1.2 1 0 0
1 25579 -26.5397 -50.6735 7.85966 1.5 1.2 1 0 0
1 25580 -28.1128 -50.557 6.73988 0.402256 1.2 1 0 0
1 25581 -26.724 -49.5923 10.7292 0.311624 1.2 1 0 0
1 25582 -25.7497 -51.5916 9.66418 0.662539 1.2 1 0 0
1 25583 -26.8738 -51.0563 10.5613 0.717517 1.2 1 0 0
1 25584 -26.4452 -52.6644 11.13 0.538873 1.2 1 0 0
1 25585 -26.7677 -53.6799 6.40046 1.5 1.2 1 0 0
1 25586 -26.6071 -51.7771 6.30844 0.357461 1.2 1 0 0
1 25587 -27.9356 -54.364 7.46986 0.224998 1.2 1 0 0
1 25588 -28.4697 -53.7263 7.6794 0.620558 1.2 1 0 0
1 25589 -27.3523 -51.8646 6.57737 0.415272 1.2 1 0 0
1 25590 -27.4475 -52.1913 7.38522 0.317942 1.2 1 0 0
1 25611 -32.5276 -55.1386 5.08948 1.30699 1.2 1 0 0
1 25625 -38.7702 -54.2573 5.94332 0.484563 1.2 1 0 0
1 25626 -38.1955 -55.3415 5.48243 0.553564 1.2 1 0 0
1 25627 -36.3917 -55.58 6.87222 0.167017 1.2 1 0 0
1 25628 -36.5698 -56.5635 5.28241 1.48996 1.2 1 0 0
1 25635 -35.7398 -58.0597 6.5102 0.387777 1.2 1 0 0
1 25636 -36.2869 -56.6025 7.16175 -0.00136166 1.2 1 0 0
1 25637 -32.2511 -59.7235 6.03729 0.745509 1.2 1 0 0
1 25639 -34.2029 -59.2081 4.78928 1.5 1.2 1 0 0
1 25640 -34.9749 -60.1113 6.34736 0.450279 1.2 1 0 0
1 25654 -33.1955 -61.7484 4.77628 1.23278 1.2 1 0 0
1 26112 -17.9168 -49.0555 6.20996 0.414101 1.2 1 0 0
1 26117 -17.3339 -51.3632 8.05419 0.356212 1.2 1 0 0
1 26118 -17.0729 -52.1036 7.1592 0.826987 1.2 1 0 0
1 26119 -16.4598 -51.093 8.0993 0.537657 1.2 1 0 0
1 26120 -16.4063 -52.6641 8.71984 0.589314 1.2 1 0 0
1 26121 -16.7306 -49.6621 6.153 0.815205 1.2 1 0 0
1 26122 -17.2311 -51.1046 6.58881 0.32114 1.2 1 0 0
1 26123 -17.5092 -51.5447 5.40089 0.972088 1.2 1 0 0
1 26124 -18.2969 -49.9873 5.29928 0.693759 1.2 1 0 0
1 26125 -14.9305 -50.5756 8.36744 -0.0086136 1.2 1 0 0
1 26192 -12.9168 -54.9743 10.3562 -0.0188303 1.2 1 0 0
1 26210 -15.364 -53.3675 10.2701 -0.00194185 1.2 1 0 0
1 26211 -14.6199 -51.701 10.3497 -0.0141561 1.2 1 0 0
1 26213 -16.3158 -52.7216 10.36 0.0782056 1.2 1 0 0
1 26214 -16.2113 -51.5478 10.4113 -0.000504846 1.2 1 0 0
1 26215 -14.7914 -51.0785 12.6927 -0.00016788 1.2 1 0 0
1 26216 -14.7296 -50.0425 11.4757 -0.00549399 1.2 1 0 0
1 26219 -14.9869 -52.2729 12.6529 -0.00238815 1.2 1 0 0
1 26220 -15.0631 -52.8766 12.1002 -7.44425e-05 1.2 1 0 0
1 26233 -14.7777 -55.0518 6.64939 -0.00647911 1.2 1 0 0
1 26235 -13.338 -55.1619 8.43511 -0.00150454 1.2 1 0 0
1 26254 -13.4613 -52.654 7.07089 -0.00254084 1.2 1 0 0
1 26258 -17.4037 -52.2205 19.4259 -0.0166271 1.2 1 0 0
1 26259 -20.1708 -54.8097 18.9044 0.0911673 1.2 1 0 0
1 26260 -20.3415 -52.4755 17.0063 -0.0119753 1.2 1 0 0
1 26261 -17.0541 -57.3238 16.9522 0.509574 1.2 1 0 0
1 26262 -16.4791 -57.0173 17.8894 0.506825 1.2 1 0 0
1 26263 -16.6648 -53.5026 17.1341 -0.00684078 1.2 1 0 0
1 26264 -15.2859 -51.7355 15.7151 -0.00508344 1.2 1 0 0
1 26266 -18.4036 -52.8983 16.4131 -0.00749221 1.2 1 0 0
1 26267 -18.967 -59.8009 18.0135 0.566613 1.2 1 0 0
1 26268 -19.9761 -59.2113 18.1477 0.528927 1.2 1 0 0
1 26269 -19.9296 -61.4913 19.2478 0.588159 1.2 1 0 0
1 26270 -19.2802 -60.3559 18.5621 0.273028 1.2 1 0 0
1 26271 -22.7706 -57.1607 19.1113 -0.00963865 1.2 1 0 0
1 26272 -23.015 -56.9935 18.0956 0.410947 1.2 1 0 0
1 26273 -22.7601 -57.5472 17.4618 0.343059 1.2 1 0 0
1 26274 -22.4512 -58.0117 17.1105 0.292719 1.2 1 0 0
1 26275 -21.2039 -58.864 16.0423 0.937648 1.2 1 0 0
1 26276 -21.8767 -59.4491 15.0742 0.378489 1.2 1 0 0
1 26277 -22.5151 -60.1994 15.9214 0.86352 1.2 1 0 0
1 26278 -23.105 -61.3346 17.3842 0.801649 1.2 1 0 0
1 26279 -19.4773 -55.8122 19.119 0.0646028 1.2 1 0 0
1 26280 -18.2911 -55.0926 19.9507 -0.00605299 1.2 1 0 0
1 26281 -20.8001 -57.676 20.097 0.25864 1.2 1 0 0
1 26282 -22.6806 -55.8844 20.653 -0.0143683 1.2 1 0 0
1 26283 -20.3848 -56.9656 22.0369 0.283541 1.2 1 0 0
1 26284 -20.2884 -57.3289 21.1918 0.374664 1.2 1 0 0
1 26285 -17.921 -55.0432 22.3616 -0.00219191 1.2 1 0 0
1 26286 -17.7484 -55.124 22.6225 -0.00604942 1.2 1 0 0
1 26287 -17.6366 -58.9033 18.9638 0.615519 1.2 1 0 0
1 26288 -17.0603 -59.8688 19.0724 0.513359 1.2 1 0 0
1 26289 -19.4043 -57.8362 19.0185 0.418504 1.2 1 0 0
1 26290 -19.3453 -59.4238 20.0232 1.46126 1.2 1 0 0
1 26291 -17.382 -59.2029 20.5327 0.48733 1.2 1 0 0
1 26292 -17.723 -60.6957 20.6906 0.684998 1.2 1 0 0
1 26293 -18.3257 -57.1428 17.9914 0.925936 1.2 1 0 0
1 26294 -16.9193 -57.6803 18.0135 0.236441 1.2 1 0 0
1 26295 -17.0064 -57.5061 19.0756 0.200545 1.2 1 0 0
1 26296 -19.417 -57.1738 16.6633 0.60125 1.2 1 0 0
1 26297 -19.4449 -57.2682 15.6177 0.437635 1.2 1 0 0
1 26298 -19.2937 -57.8101 17.4241 0.344568 1.2 1 0 0
1 26299 -18.278 -57.5666 16.7393 0.363761 1.2 1 0 0
1 26300 -17.9751 -56.1613 15.5649 1.34125 1.2 1 0 0
1 26301 -17.4824 -54.977 14.3314 0.275208 1.2 1 0 0
1 26302 -21.1661 -54.4531 17.1878 1.04094 1.2 1 0 0
1 26303 -21.7108 -52.3806 16.5132 0.42286 1.2 1 0 0
1 26304 -22.8445 -56.9968 15.6966 1.49165 1.2 1 0 0
1 26305 -22.4928 -55.8088 17.6627 0.73635 1.2 1 0 0
1 26306 -22.0439 -55.3027 18.953 0.717806 1.2 1 0 0
1 26307 -22.1178 -54.061 18.8435 0.454656 1.2 1 0 0
1 26308 -22.84 -54.4457 18.0135 0.625715 1.2 1 0 0
1 26309 -22.4734 -54.3669 17.309 0.172344 1.2 1 0 0
1 26310 -19.5189 -56.0055 17.1995 0.648239 1.2 1 0 0
1 26311 -19.7078 -55.784 18.3629 0.506584 1.2 1 0 0
1 26312 -19.4354 -54.6644 15.1544 0.605758 1.2 1 0 0
1 26313 -20.2903 -53.6682 15.396 0.30739 1.2 1 0 0
1 26314 -21.3612 -54.8028 14.2997 1.5 1.2 1 0 0
1 26315 -21.4715 -56.7441 14.0695 0.449947 1.2 1 0 0
1 26316 -18.5 -56.6608 13.6854 0.652199 1.2 1 0 0
1 26317 -22.0237 -57.5591 13.9312 0.498963 1.2 1 0 0
1 26318 -20.0812 -56.5907 12.9571 0.33276 1.2 1 0 0
1 26319 -24.0049 -57.2884 13.1341 0.689787 1.2 1 0 0
1 26320 -22.9722 -57.4079 13.7733 0.474385 1.2 1 0 0
1 26321 -24.8163 -60.9801 13.4031 0.740288 1.2 1 0 0
1 26322 -27.1978 -62.9472 13.7105 0.483839 1.2 1 0 0
1 26323 -24.0851 -58.639 15.7895 0.526625 1.2 1 0 0
1 26324 -24.1823 -59.7486 15.8025 0.587247 1.2 1 0 0
1 26325 -26.2253 -61.0041 15.6869 0.809959 1.2 1 0 0
1 26326 -27.9146 -60.0392 15.3197 0.68213 1.2 1 0 0
1 26327 -27.1798 -60.3717 16.0687 0.397083 1.2 1 0 0
1 26328 -24.9383 -60.7184 17.0113 0.63375 1.2 1 0 0
1 26329 -25.5669 -59.8355 17.4175 0.513871 1.2 1 0 0
1 26330 -25.049 -60.3071 17.8097 0.27115 1.2 1 0 0
1 26331 -24.0038 -56.6031 11.1855 0.540273 1.2 1 0 0
1 26332 -24.5595 -56.8947 10.3294 0.351065 1.2 1 0 0
1 26333 -24.75 -56.2427 10.6632 0.398539 1.2 1 0 0
1 26334 -24.9556 -56.9538 10.9365 0.368641 1.2 1 0 0
1 26335 -29.1766 -50.7016 17.3586 -0.000870913 1.2 1 0 0
1 26336 -28.3495 -50.8466 17.3798 0.51926 1.2 1 0 0
1 26337 -29.1768 -52.0537 15.7591 -0.00275276 1.2 1 0 0
1 26338 -29.2686 -51.2422 16.8839 0.0376029 1.2 1 0 0
1 26341 -27.9766 -50.8117 15.3663 0.321352 1.2 1 0 0
1 26342 -27.3598 -48.7002 15.6057 0.81469 1.2 1 0 0
1 26343 -28.3084 -49.38 16.3152 0.541662 1.2 1 0 0
1 26344 -29.6531 -54.8866 16.7232 -0.000134833 1.2 1 0 0
1 26345 -27.9659 -52.1297 18.3297 0.193897 1.2 1 0 0
1 26346 -24.8943 -54.6708 20.9964 -0.0042895 1.2 1 0 0
1 26347 -25.9068 -53.8714 20.5624 0.585067 1.2 1 0 0
1 26348 -24.7021 -53.436 19.3217 0.668648 1.2 1 0 0
1 26349 -28.0192 -52.3425 18.7179 -0.000918032 1.2 1 0 0
1 26350 -27.1417 -51.5705 20.0161 0.0280987 1.2 1 0 0
1 26351 -28.3204 -51.2715 20.36 -0.00599353 1.2 1 0 0
1 26352 -26.2242 -52.0827 18.6867 1.43937 1.2 1 0 0
1 26353 -27.0766 -54.7198 18.712 1.18421 1.2 1 0 0
1 26354 -24.4974 -51.4666 15.6903 0.453655 1.2 1 0 0
1 26355 -25.2712 -49.6666 15.6564 1.47899 1.2 1 0 0
1 26356 -25.8088 -52.5991 14.8056 1.4909 1.2 1 0 0
1 26357 -27.8434 -52.1047 15.1294 0.5568 1.2 1 0 0
1 26358 -28.0709 -51.6302 15.8594 0.288063 1.2 1 0 0
1 26359 -26.9168 -50.7638 13.9832 0.80521 1.2 1 0 0
1 26360 -25.8537 -51.9591 12.3833 1.01491 1.2 1 0 0
1 26361 -23.0785 -54.2235 16.1617 1.09571 1.2 1 0 0
1 26362 -23.9806 -54.8605 17.39 0.556072 1.2 1 0 0
1 26363 -24.25 -56.7188 17.4081 0.732779 1.2 1 0 0
1 26364 -24.6605 -57.5482 16.5964 0.498226 1.2 1 0 0
1 26365 -25.4107 -55.3415 15.9308 1.5 1.2 1 0 0
1 26366 -24.8441 -57.1606 15.7786 0.411331 1.2 1 0 0
1 26367 -29.2719 -55.4796 15.9703 -0.00200159 1.2 1 0 0
1 26368 -29.0203 -57.7482 15.7671 0.119333 1.2 1 0 0
1 26369 -29.523 -57.0535 16.4708 -0.00107231 1.2 1 0 0
1 26370 -28.3179 -57.7926 17.2426 0.232166 1.2 1 0 0
1 26371 -27.9932 -56.2311 16.6913 1.27138 1.2 1 0 0
1 26372 -27.2739 -56.7017 14.1158 1.04297 1.2 1 0 0
1 26373 -27.7791 -57.6664 15.3364 0.518676 1.2 1 0 0
1 26374 -27.5763 -58.0507 17.2145 0.553549 1.2 1 0 0
1 26375 -26.9404 -57.4561 16.6927 0.223228 1.2 1 0 0
1 26376 -24.5508 -57.3719 18.7273 -0.0020541 1.2 1 0 0
1 26377 -27.6083 -56.63 18.447 0.482549 1.2 1 0 0
1 26378 -23.82 -55.4901 14.073 0.927525 1.2 1 0 0
1 26379 -23.9475 -53.74 14.1227 0.796539 1.2 1 0 0
1 26380 -27.5875 -54.4111 14.9463 1.01445 1.2 1 0 0
1 26381 -26.4753 -55.2757 14.121 0.585456 1.2 1 0 0
1 26384 -18.5314 -52.0248 24.68 -0.00351693 1.2 1 0 0
1 26385 -20.0418 -50.1176 24.6427 -0.00786096 1.2 1 0 0
1 26386 -17.2882 -51.9971 23.2071 -5.18803e-05 1.2 1 0 0
1 26390 -22.8021 -48.2515 23.0041 0.928258 1.2 1 0 0
1 26399 -22.8826 -49.0585 20.4043 1.27171 1.2 1 0 0
1 26401 -24.7814 -48.5562 23.8274 0.864834 1.2 1 0 0
1 26402 -24.3251 -48.5902 22.2167 0.809508 1.2 1 0 0
1 26406 -26.8021 -50.7499 21.2959 0.00475695 1.2 1 0 0
1 26407 -27.0157 -49.7965 20.5937 0.0281997 1.2 1 0 0
1 26410 -23.5166 -50.4048 21.5433 0.506125 1.2 1 0 0
1 26411 -24.3408 -49.7308 21.4184 0.558882 1.2 1 0 0
1 26412 -25.9569 -51.6559 22.5441 0.501606 1.2 1 0 0
1 26413 -25.6042 -51.2555 23.1756 0.215333 1.2 1 0 0
1 26414 -24.8248 -51.3633 23.0707 0.526622 1.2 1 0 0
1 26415 -24.5314 -52.2049 21.2506 1.5 1.2 1 0 0
1 26416 -25.3207 -51.1165 19.9753 0.351574 1.2 1 0 0
1 26417 -24.3367 -50.9462 19.3604 0.720255 1.2 1 0 0
1 26418 -24.4142 -49.9873 17.9006 0.924258 1.2 1 0 0
1 26420 -25.7118 -49.2948 19.9455 1.5 1.2 1 0 0
1 26425 -19.7211 -51.5397 22.8315 -0.00353851 1.2 1 0 0
1 26426 -20.242 -53.3035 23.9984 0.0691715 1.2 1 0 0
1 26427 -19.4429 -51.9156 21.7272 -0.00198146 1.2 1 0 0
1 26428 -20.7966 -54.4179 23.0585 0.227504 1.2 1 0 0
1 26429 -20.4563 -51.8932 24.1224 0.611409 1.2 1 0 0
1 26430 -23.2915 -50.6224 23.1496 1.13039 1.2 1 0 0
1 26431 -22.2601 -51.644 23.8671 0.488936 1.2 1 0 0
1 26432 -23.2879 -49.4826 24.3835 0.469735 1.2 1 0 0
1 26433 -22.6414 -49.7615 24.0814 0.295078 1.2 1 0 0
1 26434 -22.3147 -49.8236 22.0906 0.511696 1.2 1 0 0
1 26435 -22.9039 -51.1554 21.6313 0.466702 1.2 1 0 0
1 26436 -22.6258 -53.5557 20.0829 0.97693 1.2 1 0 0
1 26437 -22.2323 -51.6854 20.4849 0.959836 1.2 1 0 0
1 26446 -17.5333 -50.8832 16.6846 -0.0103731 1.2 1 0 0
1 26447 -17.6491 -51.3303 13.9947 -0.00171889 1.2 1 0 0
1 26448 -16.6535 -52.1184 14.3109 -0.00855068 1.2 1 0 0
1 26449 -18.077 -50.1542 11.3613 -0.00339452 1.2 1 0 0
1 26452 -22.2299 -50.8526 15.5681 -0.00697547 1.2 1 0 0
1 26454 -19.381 -51.9662 13.297 -0.00019465 1.2 1 0 0
1 26455 -18.3811 -51.3813 13.0423 -0.00598419 1.2 1 0 0
1 26456 -17.3028 -54.2623 12.8057 0.386291 1.2 1 0 0
1 26457 -21.5722 -53.0344 13.4594 -0.00276541 1.2 1 0 0
1 26458 -22.1335 -50.0314 12.7212 -0.00265257 1.2 1 0 0
1 26461 -22.5391 -51.2414 10.3 0.0562028 1.2 1 0 0
1 26463 -24.73 -49.6384 13.6591 0.409146 1.2 1 0 0
1 26465 -25.1125 -49.8586 9.62749 0.766245 1.2 1 0 0
1 26466 -25.5462 -51.1753 10.9709 0.629399 1.2 1 0 0
1 26467 -24.4597 -51.1967 10.8339 0.448581 1.2 1 0 0
1 26468 -24.758 -51.355 10.0156 0.382201 1.2 1 0 0
1 26471 -19.276 -55.3415 12.6593 1.18044 1.2 1 0 0
1 26472 -20.6107 -54.8944 10.3068 0.556795 1.2 1 0 0
1 26473 -24.5438 -53.1395 10.5711 1.49907 1.2 1 0 0
1 26474 -24.5449 -55.059 10.8942 0.443834 1.2 1 0 0
1 26475 -23.1616 -54.3303 12.4601 1.117 1.2 1 0 0
1 26476 -22.7331 -55.1614 11.4884 0.231564 1.2 1 0 0
1 26477 -23.7282 -55.5279 11.4246 0.542381 1.2 1 0 0
1 26478 -19.8177 -51.9982 8.41286 0.281836 1.2 1 0 0
1 26479 -18.6458 -52.114 8.26098 0.387583 1.2 1 0 0
1 26486 -20.4087 -51.4976 7.3862 0.514452 1.2 1 0 0
1 26487 -19.9949 -51.5492 6.06514 0.600251 1.2 1 0 0
1 26488 -22.8658 -50.2211 7.80788 0.34381 1.2 1 0 0
1 26489 -22.4294 -50.8588 7.36207 0.419057 1.2 1 0 0
1 26492 -21.6078 -51.2388 8.10419 0.623636 1.2 1 0 0
1 26493 -21.3752 -51.7773 6.99733 0.562928 1.2 1 0 0
1 26541 -12.7986 -60.503 18.192 -0.00563566 1.2 1 0 0
1 26543 -13.5402 -61.4724 20.5221 0.6408 1.2 1 0 0
1 26544 -13.6229 -60.6258 19.5583 0.204896 1.2 1 0 0
1 26545 -11.5725 -62.6102 19.2467 0.769421 1.2 1 0 0
1 26546 -12.0634 -61.7927 18.4582 0.248186 1.2 1 0 0
1 26547 -16.0587 -59.3971 21.0177 0.130356 1.2 1 0 0
1 26548 -16.9434 -60.0781 21.3462 0.500221 1.2 1 0 0
1 26549 -16.917 -58.0726 22.1057 -0.00468729 1.2 1 0 0
1 26550 -17.4867 -57.8001 22.6393 -0.00299115 1.2 1 0 0
1 26551 -16.4813 -57.6177 22.0839 -0.00242477 1.2 1 0 0
1 26552 -15.3914 -57.3868 18.1419 -0.00455326 1.2 1 0 0
1 26553 -14.9276 -59.9994 18.596 0.443715 1.2 1 0 0
1 26555 -14.4256 -59.8115 19.7644 0.236241 1.2 1 0 0
1 26562 -13.4539 -52.3374 19.9094 -0.00210527 1.2 1 0 0
1 26563 -12.5996 -51.719 21.7319 -0.00599991 1.2 1 0 0
1 26564 -16.6961 -52.7189 21.8874 -0.0199466 1.2 1 0 0
1 26565 -15.7606 -53.5824 19.3235 -0.0114308 1.2 1 0 0
1 26566 -14.3732 -52.4908 20.8156 -0.00841418 1.2 1 0 0
1 26567 -14.7703 -51.9156 20.0717 -0.000317656 1.2 1 0 0
1 26571 -13.7237 -56.2899 22.2109 -0.00045489 1.2 1 0 0
1 26572 -13.6327 -57.2757 23.6222 -0.00148303 1.2 1 0 0
1 26573 -14.5246 -57.7587 22.89 -0.00414239 1.2 1 0 0
1 26574 -17.6117 -54.8172 23.7228 -0.00466172 1.2 1 0 0
1 26576 -14.9596 -54.5655 23.6522 -0.0138396 1.2 1 0 0
1 26577 -14.3164 -55.0595 24.809 -0.00971033 1.2 1 0 0
1 26578 -12.5741 -54.5675 23.8568 -0.0192468 1.2 1 0 0
1 26582 -12.52 -54.7349 22.6023 -0.00237485 1.2 1 0 0
1 26594 -13.3684 -56.3834 17.5759 -0.00459601 1.2 1 0 0
1 26595 -13.644 -57.2718 16.6976 -0.00170147 1.2 1 0 0
1 26596 -14.6255 -56.8719 16.8803 -0.0111662 1.2 1 0 0
1 26597 -13.3017 -55.3981 15.7207 -0.000389816 1.2 1 0 0
1 26598 -14.0918 -55.1483 16.5452 -0.0118422 1.2 1 0 0
1 26599 -12.9235 -51.9049 15.9056 -0.00157396 1.2 1 0 0
1 26600 -13.8409 -53.3553 17.5032 -0.00921618 1.2 1 0 0
1 26601 -14.646 -51.1438 16.5997 -0.0020231 1.2 1 0 0
1 26602 -13.7794 -51.9613 17.0892 -0.00224049 1.2 1 0 0
1 26603 -14.5467 -52.5174 17.2264 -0.00319489 1.2 1 0 0
1 26620 -14.0679 -51.4202 22.6364 -0.00972321 1.2 1 0 0
1 26621 -15.1042 -52.0439 23.0805 -0.0182147 1.2 1 0 0
1 26694 -12.4307 -65.3115 10.6446 -0.00871676 1.2 1 0 0
1 26695 -15.1416 -65.4097 9.55026 0.23982 1.2 1 0 0
1 26696 -14.6547 -64.8426 10.2615 0.285666 1.2 1 0 0
1 26698 -12.9655 -61.8101 11.1346 0.277908 1.2 1 0 0
1 26699 -11.9013 -62.5606 13.1717 0.53429 1.2 1 0 0
1 26700 -11.895 -63.226 15.2428 1.34236 1.2 1 0 0
1 26701 -12.8951 -61.1117 12.4947 0.889955 1.2 1 0 0
1 26707 -12.5417 -57.6767 10.9662 -0.00520833 1.2 1 0 0
1 26717 -12.5525 -62.3616 8.77275 -0.00690573 1.2 1 0 0
1 26719 -17.5588 -60.7428 9.56096 0.764549 1.2 1 0 0
1 26720 -16.9226 -59.9045 10.3681 0.538653 1.2 1 0 0
1 26721 -17.5637 -59.9716 10.0941 0.16173 1.2 1 0 0
1 26722 -19.7873 -61.2575 10.4439 0.71822 1.2 1 0 0
1 26723 -19.5715 -62.2218 9.6464 0.463909 1.2 1 0 0
1 26724 -18.2479 -60.4146 11.8329 1.5 1.2 1 0 0
1 26725 -19.5517 -59.8063 10.7105 0.324777 1.2 1 0 0
1 26726 -19.0812 -61.157 8.88841 0.924335 1.2 1 0 0
1 26727 -18.984 -59.7042 8.63211 0.452645 1.2 1 0 0
1 26728 -22.9757 -59.8101 11.9404 0.523834 1.2 1 0 0
1 26729 -21.4013 -60.7524 12.3418 1.35001 1.2 1 0 0
1 26730 -22.0892 -58.9005 11.6337 0.73468 1.2 1 0 0
1 26731 -23.3375 -61.116 10.1265 1.17539 1.2 1 0 0
1 26732 -22.5353 -59.9983 9.54921 0.306004 1.2 1 0 0
1 26733 -19.7307 -58.2289 11.4421 0.958223 1.2 1 0 0
1 26734 -20.0045 -56.8395 12.0746 0.584926 1.2 1 0 0
1 26735 -20.5377 -57.5677 12.2501 0.334455 1.2 1 0 0
1 26736 -19.4409 -60.3583 13.7388 0.749107 1.2 1 0 0
1 26737 -21.4442 -59.4842 13.5629 0.411019 1.2 1 0 0
1 26738 -19.9177 -59.7208 12.7188 0.495943 1.2 1 0 0
1 26739 -19.0869 -57.254 11.1347 0.225689 1.2 1 0 0
1 26740 -21.0516 -57.9099 10.7057 0.587461 1.2 1 0 0
1 26741 -20.3347 -57.6766 10.6578 0.167983 1.2 1 0 0
1 26742 -19.6061 -56.5676 9.63449 1.5 1.2 1 0 0
1 26743 -20.5895 -57.8227 8.70834 0.339653 1.2 1 0 0
1 26744 -20.798 -59.5257 9.4072 1.5 1.2 1 0 0
1 26745 -21.8847 -60.426 8.31739 0.283008 1.2 1 0 0
1 26746 -21.8309 -57.4047 9.56888 0.862506 1.2 1 0 0
1 26747 -22.1392 -56.8492 8.26255 0.568563 1.2 1 0 0
1 26748 -22.7669 -62.1981 11.8694 0.660131 1.2 1 0 0
1 26749 -23.5766 -60.9945 12.2372 0.83636 1.2 1 0 0
1 26750 -21.8357 -61.8526 13.6546 0.417107 1.2 1 0 0
1 26751 -22.9654 -61.4785 13.6113 0.679755 1.2 1 0 0
1 26752 -21.3226 -62.8581 10.4049 1.5 1.2 1 0 0
1 26753 -22.2631 -63.0713 11.9383 0.311535 1.2 1 0 0
1 26754 -19.8525 -62.1758 15.984 0.554175 1.2 1 0 0
1 26755 -20.5083 -62.838 15.735 0.4043 1.2 1 0 0
1 26756 -21.8431 -61.9543 15.1047 0.859833 1.2 1 0 0
1 26757 -20.8142 -60.3762 14.8588 1.02171 1.2 1 0 0
1 26758 -21.5158 -62.9651 16.4859 0.858482 1.2 1 0 0
1 26759 -20.2313 -63.3706 16.6691 0.500895 1.2 1 0 0
1 26760 -21.5819 -65.6835 12.6007 1.05655 1.2 1 0 0
1 26761 -21.763 -64.2573 11.8476 0.557493 1.2 1 0 0
1 26762 -24.9577 -62.7347 11.514 1.5 1.2 1 0 0
1 26763 -24.6821 -64.808 13.1957 0.713754 1.2 1 0 0
1 26764 -23.2608 -65.6269 12.9224 0.625541 1.2 1 0 0
1 26765 -22.6601 -65.068 12.7233 0.159284 1.2 1 0 0
1 26766 -23.3533 -65.6281 10.7581 1.5 1.2 1 0 0
1 26767 -22.9995 -63.5165 11.4863 0.601187 1.2 1 0 0
1 26768 -23.329 -62.8395 10.4009 0.475137 1.2 1 0 0
1 26769 -22.1574 -65.9715 9.27182 0.438335 1.2 1 0 0
1 26770 -21.1166 -67.0688 9.97906 1.22769 1.2 1 0 0
1 26771 -22.2432 -67.9718 10.2313 0.237492 1.2 1 0 0
1 26772 -20.5506 -65.4625 9.51781 0.536714 1.2 1 0 0
1 26773 -21.3347 -65.0846 10.7529 0.590456 1.2 1 0 0
1 26774 -19.3919 -66.2033 7.87957 1.5 1.2 1 0 0
1 26775 -19.1828 -68.2082 8.25668 0.550729 1.2 1 0 0
1 26778 -13.6769 -59.2199 15.8419 -0.00433539 1.2 1 0 0
1 26779 -13.9809 -61.0468 15.2945 0.944408 1.2 1 0 0
1 26780 -14.8969 -61.8892 16.3248 0.544795 1.2 1 0 0
1 26781 -14.3151 -62.4926 15.9626 0.34309 1.2 1 0 0
1 26784 -12.1363 -63.4464 17.7405 0.940699 1.2 1 0 0
1 26785 -13.9436 -61.8162 18.0696 1.31541 1.2 1 0 0
1 26786 -14.637 -60.1771 16.9933 0.326028 1.2 1 0 0
1 26787 -13.6455 -60.4314 16.9628 -0.00368193 1.2 1 0 0
1 26788 -12.7179 -61.0978 17.0175 -0.00313715 1.2 1 0 0
1 26790 -17.7118 -60.5397 16.813 0.451787 1.2 1 0 0
1 26791 -18.73 -60.5906 16.7724 0.448193 1.2 1 0 0
1 26792 -16.2852 -60.3624 15.7415 0.481999 1.2 1 0 0
1 26793 -17.3962 -59.1435 15.6752 0.484701 1.2 1 0 0
1 26794 -16.3523 -61.2671 12.6593 0.733594 1.2 1 0 0
1 26795 -17.4999 -61.8035 13.4283 0.699543 1.2 1 0 0
1 26796 -17.6209 -58.5955 13.3069 0.52653 1.2 1 0 0
1 26797 -16.8212 -58.9083 12.3381 0.41493 1.2 1 0 0
1 26798 -16.783 -64.7389 15.5406 0.809304 1.2 1 0 0
1 26799 -17.7195 -63.1512 14.3478 0.662842 1.2 1 0 0
1 26800 -18.8677 -61.5815 16.6012 0.561991 1.2 1 0 0
1 26801 -17.9372 -61.8186 16.5763 0.395763 1.2 1 0 0
1 26802 -19.4989 -62.2275 16.8383 0.371824 1.2 1 0 0
1 26803 -19.689 -62.8046 17.7234 0.699484 1.2 1 0 0
1 26804 -16.9769 -62.2227 15.8777 0.445937 1.2 1 0 0
1 26805 -16.2011 -61.4151 16.5948 0.868879 1.2 1 0 0
1 26806 -12.7285 -58.4689 13.1318 -0.00354698 1.2 1 0 0
1 26807 -13.5491 -57.9266 13.2614 -0.00375742 1.2 1 0 0
1 26808 -14.1639 -60.011 10.8292 0.662839 1.2 1 0 0
1 26809 -15.7495 -59.7225 11.4608 1.0215 1.2 1 0 0
1 26810 -14.5792 -58.8018 11.3927 0.375022 1.2 1 0 0
1 26811 -13.3927 -57.2013 10.3083 -0.00262009 1.2 1 0 0
1 26812 -18.2049 -55.4773 10.9003 0.53242 1.2 1 0 0
1 26813 -18.2955 -54.8028 11.5066 0.377939 1.2 1 0 0
1 26814 -17.3242 -56.7879 13.8295 0.532738 1.2 1 0 0
1 26815 -17.5161 -57.1928 11.8467 1.5 1.2 1 0 0
1 26817 -14.1075 -54.9102 13.5429 -0.00425728 1.2 1 0 0
1 26818 -15.8959 -57.6034 12.9667 0.375387 1.2 1 0 0
1 26819 -15.0414 -56.7314 12.843 -0.00813059 1.2 1 0 0
1 26823 -17.6703 -65.9515 5.93656 1.00617 1.2 1 0 0
1 26826 -15.7403 -65.9035 7.20198 -0.00164183 1.2 1 0 0
1 26829 -17.6231 -63.9536 4.63189 1.04981 1.2 1 0 0
1 26831 -13.9023 -63.3715 7.0113 -0.00663001 1.2 1 0 0
1 26832 -14.6455 -65.3507 7.44783 -0.00360874 1.2 1 0 0
1 26833 -17.3477 -62.4658 7.56976 0.291014 1.2 1 0 0
1 26834 -17.0869 -61.9976 6.31557 1.07288 1.2 1 0 0
1 26835 -16.7254 -63.0368 8.01646 0.553983 1.2 1 0 0
1 26836 -16.6043 -62.7338 8.64471 0.15397 1.2 1 0 0
1 26837 -15.5685 -62.4391 8.92274 0.902497 1.2 1 0 0
1 26838 -14.6841 -62.4843 7.60835 -0.0182619 1.2 1 0 0
1 26845 -17.5815 -56.2894 5.26462 0.684253 1.2 1 0 0
1 26846 -17.709 -55.2451 5.91982 0.4749 1.2 1 0 0
1 26847 -16.2033 -55.3317 5.64583 0.861001 1.2 1 0 0
1 26848 -17.5408 -56.4781 7.45333 1.5 1.2 1 0 0
1 26849 -18.8398 -57.8842 5.67049 0.737302 1.2 1 0 0
1 26850 -19.2439 -57.3805 6.79136 0.53791 1.2 1 0 0
1 26851 -20.9318 -57.6275 7.2028 1.2166 1.2 1 0 0
1 26852 -21.2987 -55.3415 7.8183 1.17519 1.2 1 0 0
1 26853 -17.0653 -54.5476 9.67661 1.20192 1.2 1 0 0
1 26854 -16.5279 -54.79 7.79469 0.481954 1.2 1 0 0
1 26855 -19.6201 -53.3497 7.20899 1.5 1.2 1 0 0
1 26856 -19.8002 -54.4279 9.17688 0.69474 1.2 1 0 0
1 26857 -17.8615 -53.8732 8.15053 0.556742 1.2 1 0 0
1 26858 -17.2583 -54.0594 6.70998 1.01604 1.2 1 0 0
1 26859 -18.7243 -51.9389 6.11396 0.414569 1.2 1 0 0
1 26861 -18.5913 -54.2039 5.67199 0.511366 1.2 1 0 0
1 26863 -15.261 -56.1082 7.21818 0.562178 1.2 1 0 0
1 26864 -14.345 -56.4466 7.76842 -0.00611191 1.2 1 0 0
1 26865 -15.0302 -57.5534 7.9481 0.701044 1.2 1 0 0
1 26866 -13.882 -57.9539 9.44499 0.402749 1.2 1 0 0
1 26867 -13.09 -56.3151 10.1736 -0.00335066 1.2 1 0 0
1 26868 -14.2902 -57.2663 9.97621 -0.00345046 1.2 1 0 0
1 26871 -14.4511 -59.0937 7.5498 -0.0128271 1.2 1 0 0
1 26872 -16.923 -59.695 7.88317 0.253075 1.2 1 0 0
1 26873 -17.5103 -60.1417 8.50945 0.447654 1.2 1 0 0
1 26874 -18.3721 -57.748 8.55536 0.372488 1.2 1 0 0
1 26875 -19.3115 -58.2829 8.16799 0.775902 1.2 1 0 0
1 26876 -18.2811 -59.7626 6.761 1.5 1.2 1 0 0
1 26877 -18.1547 -61.8859 7.74687 0.716319 1.2 1 0 0
1 26878 -14.8989 -61.5081 10.1952 0.548498 1.2 1 0 0
1 26879 -14.0891 -60.0954 8.58149 -0.0064681 1.2 1 0 0
1 26880 -14.2241 -59.0381 10.1881 0.431909 1.2 1 0 0
1 26881 -15.7171 -57.0805 9.58312 0.961149 1.2 1 0 0
1 26882 -17.4109 -56.6644 9.71492 0.698833 1.2 1 0 0
1 26883 -16.8841 -57.8378 10.105 0.433709 1.2 1 0 0
1 26884 -15.8015 -61.0802 7.13541 0.555724 1.2 1 0 0
1 26885 -15.4848 -59.5789 6.61262 0.366572 1.2 1 0 0
1 26886 -16.3295 -60.2395 6.39815 0.541566 1.2 1 0 0
1 26887 -16.5363 -59.6182 7.3051 0.333388 1.2 1 0 0
1 26888 -15.8162 -56.9779 6.72105 0.439074 1.2 1 0 0
1 26889 -15.978 -56.881 5.95571 0.346706 1.2 1 0 0
1 26909 -12.9512 -62.0589 7.44901 -0.00257705 1.2 1 0 0
1 26910 -13.186 -60.1226 7.62071 -0.000525299 1.2 1 0 0
