# SphereID Center[X Y Z] Radius Density Region Score Weight
LeafCount 414102
NodeCount 414102
1 1682 22.3105 -61.7013 18.4883 1.3 1 2 0 0 1
1 2289 -7.5789 -61.602 17.0153 1.3 1 2 0 0 1
1 2460 -6.78918 -64.2692 12.5736 0.210392 1 2 0 0 1
1 2461 -8.83462 -63.2262 13.6891 1.3 1 2 0 0 1
1 46238 24.1079 -61.6748 12.3722 1.3 1 1 0 0 1
1 46240 24.435 -64.7114 13.906 0.229107 1 1 0 0 1
1 46241 24.2105 -64.2102 14.5601 0.124806 1 1 0 0 1
1 46242 24.0651 -63.7933 13.2039 0.975891 1 1 0 0 1
1 46243 22.8413 -63.876 13.1262 0.221169 1 1 0 0 1
1 46244 22.7324 -64.4641 13.5169 0.490971 1 1 0 0 1
1 46245 22.5502 -63.7427 13.5289 0.252677 1 1 0 0 1
1 46247 22.9807 -64.9269 14.0044 0.20256 1 1 0 0 1
1 46248 23.5964 -64.7492 13.9692 0.335291 1 1 0 0 1
1 46249 23.5383 -65.0377 14.3223 0.124347 1 1 0 0 1
1 46250 23.805 -64.9878 14.3342 0.146559 1 1 0 0 1
1 46251 22.9138 -64.2175 12.6428 0.369977 1 1 0 0 1
1 46252 22.7217 -63.936 11.8244 0.198943 1 1 0 0 1
1 46253 22.7142 -64.7174 13.0018 0.083304 1 1 0 0 1
1 46255 26.2358 -63.935 15.4241 0.247693 1 1 0 0 1
1 46257 26.1769 -63.8041 14.7408 0.431806 1 1 0 0 1
1 46258 25.2979 -63.4264 14.6296 0.405336 1 1 0 0 1
1 46259 24.8963 -64.2978 14.4228 0.573291 1 1 0 0 1
1 46264 26.0765 -62.9022 13.3564 1.17501 1 1 0 0 1
1 46265 25.7615 -64.167 14.1533 0.342269 1 1 0 0 1
1 46266 25.3024 -64.2401 13.4113 0.352746 1 1 0 0 1
1 46271 23.3432 -63.0904 11.1975 0.683031 1 1 0 0 1
1 46350 25.6926 -62.8245 11.4163 0.775691 1 1 0 0 1
1 46463 20.1939 -63.9467 17.321 0.141297 1 2 0 0 1
1 46465 19.8768 -63.6694 16.4099 0.441614 1 2 0 0 1
1 46472 19.5666 -62.7386 17.0582 0.7344 1 2 0 0 1
1 46474 20.9019 -64.6555 15.3149 0.229563 1 2 0 0 1
1 46479 19.7743 -63.3728 15.2247 0.776854 1 2 0 0 1
1 46480 20.1524 -62.8206 13.5225 1.04213 1 2 0 0 1
1 46494 20.8747 -61.6073 15.3911 1.3 1 2 0 0 1
1 46545 26.2032 -62.5178 15.909 1.24413 1 1 0 0 1
1 46549 25.407 -63.8327 16.6835 0.47422 1 1 0 0 1
1 46552 24.3992 -64.248 17.4722 0.210155 1 2 0 0 1
1 46553 23.6153 -64.2081 17.5328 0.352172 1 2 0 0 1
1 46555 24.548 -62.8602 17.7806 1.21622 1 2 0 0 1
1 46556 24.8445 -64.1656 17.089 0.289484 1 2 0 0 1
1 46557 25.4798 -63.8594 17.3759 0.203124 1 1 0 0 1
1 46558 25.4509 -64.0162 15.3362 0.527683 1 1 0 0 1
1 46560 21.3361 -63.4265 17.0254 1.14808 1 2 0 0 1
1 46561 22.1093 -64.1068 18.0125 0.275543 1 2 0 0 1
1 46562 21.7559 -64.6797 16.6269 0.2165 1 2 0 0 1
1 46563 22.8992 -63.6716 17.9345 0.627879 1 2 0 0 1
1 46570 23.7895 -63.1234 15.3798 1.3 1 1 0 0 1
1 46573 23.5074 -64.6567 16.0265 0.375507 1 2 0 0 1
1 46574 24.052 -64.6928 14.7459 0.412831 1 1 0 0 1
1 46575 23.8231 -64.761 15.4299 0.307499 1 1 0 0 1
1 46579 22.3029 -63.6955 15.8125 0.334533 1 2 0 0 1
1 46580 21.628 -63.948 14.5134 1.06272 1 2 0 0 1
1 46581 23.1079 -64.6811 14.6855 0.532644 1 1 0 0 1
1 46804 22.0238 -63.0447 12.4833 1.11018 1 1 0 0 1
1 46805 21.064 -63.9636 13.1794 0.377485 1 2 0 0 1
1 73375 -6.08305 -62.9105 16.6734 0.666822 1 2 0 0 1
1 73376 -6.28825 -63.5848 15.9928 0.312745 1 2 0 0 1
1 73377 -6.91461 -63.5439 16.7337 0.380233 1 2 0 0 1
1 73378 -6.69795 -63.8302 16.2443 0.187661 1 2 0 0 1
1 73403 -5.63161 -62.2227 14.8869 1.3 1 2 0 0 1
1 73405 -6.03135 -63.6663 14.023 0.409195 1 2 0 0 1
1 73412 -6.95363 -63.3728 14.0987 0.56162 1 2 0 0 1
1 73413 -6.52917 -64.0122 13.5943 0.333153 1 2 0 0 1
1 73788 -6.37342 -62.8808 12.4286 1.23056 1 2 0 0 1
1 78932 -8.73332 -62.2497 19.0407 1.03836 1 2 0 0 1
1 82905 -7.56478 -64.2135 12.5564 0.55181 1 2 0 0 1
1 82908 -7.24916 -64.0148 13.4364 0.403971 1 2 0 0 1
1 82909 -7.68053 -64.5624 13.2983 0.275372 1 2 0 0 1
1 82911 -6.5524 -64.1131 11.7726 0.167911 1 2 0 0 1
1 82912 -7.56039 -64.5081 11.8511 0.21254 1 2 0 0 1
1 82913 -6.94816 -64.2173 11.9937 0.274906 1 2 0 0 1
1 82944 -8.47714 -63.5675 11.0801 1.3 1 2 0 0 1
1 83006 -7.45788 -63.3757 15.5263 0.952388 1 2 0 0 1
1 83011 -9.56688 -63.4186 16.3197 1.3 1 2 0 0 1
1 83013 -7.84426 -63.4951 17.19 0.619608 1 2 0 0 1
1 83036 -7.04323 -63.7665 10.3431 0.322488 1 2 0 0 1
1 83037 -7.45051 -63.9533 9.99144 0.245295 1 2 0 0 1
1 83038 -6.68558 -63.8837 10.8796 0.218055 1 2 0 0 1
1 83072 -8.68766 -62.5716 9.1334 0.896719 1 2 0 0 1
1 143973 19.8686 -61.9731 -3.88834 1.3 1.5 1 0 0 3
1 143977 21.4535 -64.0572 -6.17826 0.411498 1 1 0 0 1
1 143978 21.4441 -62.3459 -6.20088 1.3 1 1 0 0 1
1 143980 21.9455 -64.1632 -4.46918 0.247986 1 1 0 0 1
1 147106 25.0854 -64.0657 -4.94013 0.390165 1 1 0 0 1
1 147110 25.9341 -62.9063 -4.62791 0.926862 1 1 0 0 1
1 147119 24.1622 -63.5798 -4.44237 0.765788 1 1 0 0 1
1 147121 23.0919 -64.1615 -4.5917 0.414058 1 1 0 0 1
1 147122 24.9088 -62.9155 -3.407 0.662524 1 1 0 0 1
1 147124 24.0406 -64.3574 -5.38308 0.456533 1 1 0 0 1
1 147125 22.8943 -63.9365 -5.92113 0.870553 1 1 0 0 1
1 147131 24.893 -63.3531 -6.54505 1.3 1 1 0 0 1
1 147170 27.4716 -63.453 -8.02413 1.3 1 1 0 0 1
1 147173 27.1325 -64.9728 -8.06134 0.256409 1 1 0 0 1
1 147174 28.2279 -64.4628 -7.40308 0.105586 1 1 0 0 1
1 147175 28.7627 -64.2039 -7.963 0.158862 1 1 0 0 1
1 147176 28.9713 -63.6954 -7.31093 0.37 1 1 0 0 1
1 147177 28.4628 -63.7523 -6.77349 0.322179 1 1 0 0 1
1 147186 25.4704 -62.9838 -8.4249 0.669521 1 1 0 0 1
1 147192 28.0803 -63.3479 -6.08711 0.492956 1 1 0 0 1
1 147193 26.8785 -63.6084 -6.08318 0.735492 1 1 0 0 1
1 147195 27.3643 -64.2939 -6.68986 0.280776 1 1 0 0 1
1 147196 26.3769 -63.8911 -6.95105 0.2943 1 1 0 0 1
1 147212 29.0059 -62.5748 -6.74616 0.881429 1 1 0 0 1
1 147216 29.7849 -62.9001 -8.21745 0.767686 1 1 0 0 1
1 147228 27.5986 -61.6245 -5.36889 1.3 1 1 0 0 1
1 149576 25.7315 -64.0122 -10.0842 1.3 1 1 0 0 1
1 149589 26.2876 -64.8805 -8.42149 0.596739 1 1 0 0 1
1 149594 24.9188 -64.6158 -8.23444 0.808657 1 1 0 0 1
1 149596 25.7671 -65.16 -7.82837 0.240384 1 1 0 0 1
1 149606 23.2754 -63.7859 -9.51313 1.20867 1 1 0 0 1
1 149609 24.1351 -63.3034 -8.15283 0.471292 1 1 0 0 1
1 149612 24.301 -64.8316 -7.19372 0.389152 1 1 0 0 1
1 149613 23.7331 -64.0364 -7.05681 0.139526 1 1 0 0 1
1 149614 24.072 -65.0572 -7.85933 0.217263 1 1 0 0 1
1 149616 22.9298 -63.0737 -7.63123 0.832947 1 1 0 0 1
1 149618 23.3563 -63.8677 -6.97427 0.281523 1 1 0 0 1
1 149620 24.2255 -63.944 -7.80529 0.243687 1 1 0 0 1
1 149621 23.4962 -64.4312 -7.68202 0.632325 1 1 0 0 1
1 149904 21.3247 -62.211 -9.60073 1.3 1 1 0 0 1
1 169555 23.7845 -64.2474 14.3085 0.250919 1 1 0 0 1
1 169556 24.1928 -64.0521 14.3124 0.169569 1 1 0 0 1
1 169557 25.58 -63.9527 14.6097 0.192051 1 1 0 0 1
1 169563 23.2903 -63.8127 12.0412 0.421478 1 1 0 0 1
1 169564 23.9787 -63.7635 11.6901 0.352897 1 1 0 0 1
1 169567 25.4432 -63.791 12.2482 0.361042 1 1 0 0 1
1 169569 24.7363 -63.4211 11.9666 0.478691 1 1 0 0 1
1 169571 24.8866 -64.0512 12.326 0.253739 1 1 0 0 1
1 169798 20.1893 -64.0076 14.335 0.388225 1 2 0 0 1
1 169799 19.5421 -63.7031 14.2724 0.257519 1 2 0 0 1
1 169800 20.5977 -64.0691 13.6502 0.286831 1 2 0 0 1
1 169801 20.1629 -64.011 13.5767 0.149595 1 2 0 0 1
1 169802 20.7363 -64.123 15.6683 0.406796 1 2 0 0 1
1 169897 24.0853 -64.213 16.8032 0.515683 1 2 0 0 1
1 169900 25.7832 -64.0526 16.0697 0.276746 1 1 0 0 1
1 169903 24.6116 -64.5738 15.2909 0.368439 1 1 0 0 1
1 169904 24.8067 -64.1492 15.5216 0.151585 1 1 0 0 1
1 169905 24.3077 -64.1867 16.1913 0.134464 1 1 0 0 1
1 169906 24.8653 -64.2739 16.0978 0.431059 1 1 0 0 1
1 169915 22.2192 -64.4956 17.2514 0.246775 1 2 0 0 1
1 169916 22.117 -64.532 16.7687 0.192781 1 2 0 0 1
1 169917 21.888 -64.6214 17.035 0.167531 1 2 0 0 1
1 169923 22.895 -64.2439 16.7209 0.638233 1 2 0 0 1
1 169946 22.7551 -64.8385 16.1042 0.22984 1 2 0 0 1
1 169947 22.9211 -64.4331 15.8231 0.276664 1 2 0 0 1
1 169948 22.0836 -64.5234 15.9263 0.529431 1 2 0 0 1
1 169949 21.2263 -64.5604 16.0755 0.330093 1 2 0 0 1
1 169950 22.4496 -64.8782 15.2178 0.336613 1 2 0 0 1
1 169951 22.6659 -64.2625 15.3364 0.298747 1 2 0 0 1
1 169952 22.8531 -64.0187 14.67 0.17442 1 1 0 0 1
1 169954 22.9889 -64.0374 14.1802 0.29439 1 1 0 0 1
1 169955 22.6545 -64.5344 14.1721 0.167805 1 1 0 0 1
1 169956 22.4726 -64.9118 14.1993 0.249814 1 1 0 0 1
1 169957 22.406 -64.9582 14.6699 0.218909 1 2 0 0 1
1 169974 22.5698 -63.3728 18.9216 0.446115 1 2 0 0 1
1 169975 23.4754 -63.6091 18.7421 0.361722 1 2 0 0 1
1 169982 21.752 -63.5155 18.5536 0.434424 1 2 0 0 1
1 170224 21.8017 -64.356 13.2047 0.318484 1 1 0 0 1
1 187761 -6.34087 -63.7494 14.8464 0.383843 1 2 0 0 1
1 192577 -6.90951 -64.0061 11.3978 0.358427 1 2 0 0 1
1 192636 -7.50921 -64.215 14.3371 0.474816 1 2 0 0 1
1 192637 -6.8392 -64.1121 14.6241 0.261312 1 2 0 0 1
1 192680 -7.34644 -63.1965 9.55553 0.613039 1 2 0 0 1
1 214517 21.9086 -63.9428 -7.07645 0.576989 1 1 0 0 1
1 214518 22.0012 -64.3989 -6.40249 0.236568 1 1 0 0 1
1 214519 20.7807 -63.5765 -7.21426 0.409855 1 1 0 0 1
1 214521 20.645 -63.7442 -6.52945 0.308138 1 1 0 0 1
1 214523 21.1914 -63.8945 -7.60039 0.23736 1 1 0 0 1
1 214524 22.6838 -64.56 -5.11347 0.169993 1 1 0 0 1
1 214525 22.4162 -64.262 -4.82219 0.306891 1 1 0 0 1
1 214526 22.3513 -62.8305 -3.82799 1.28563 1 1 0 0 1
1 214527 21.7697 -64.1193 -3.97277 0.135664 1 1 0 0 1
1 214528 21.3217 -63.9217 -4.37202 0.310227 1 1 0 0 1
1 214530 21.8789 -64.3786 -5.80405 0.237055 1 1 0 0 1
1 214531 21.6565 -63.9564 -5.18119 0.542301 1 1 0 0 1
1 214538 20.9417 -63.6561 -4.00708 0.273788 1 1 0 0 1
1 214539 21.2949 -63.8751 -3.80744 0.187221 1 1 0 0 1
1 214546 20.6548 -63.4562 -4.83928 0.626064 1 1 0 0 1
1 214548 20.5646 -63.7376 -5.83565 0.386277 1 1 0 0 1
1 219701 25.7447 -64.0821 -5.3087 0.365353 1 1 0 0 1
1 219703 25.1528 -63.6464 -4.01905 0.309629 1 1 0 0 1
1 219741 23.8234 -64.4027 -4.40623 0.103894 1 1 0 0 1
1 219742 23.4775 -64.1897 -4.13887 0.181397 1 1 0 0 1
1 219743 23.1309 -63.9778 -3.5289 0.133346 1 1 0 0 1
1 219744 23.458 -63.9039 -3.73686 0.258856 1 1 0 0 1
1 219745 23.1109 -64.1051 -3.97649 0.204021 1 1 0 0 1
1 219746 22.7688 -64.5209 -4.83254 0.125905 1 1 0 0 1
1 219747 22.6659 -63.824 -4.88281 0.197176 1 1 0 0 1
1 219757 23.6618 -64.7238 -5.88735 0.22943 1 1 0 0 1
1 219758 24.4039 -64.8395 -6.54409 0.264763 1 1 0 0 1
1 219770 23.6298 -64.1285 -6.71515 0.176015 1 1 0 0 1
1 219826 29.1682 -63.8929 -8.05278 0.359941 1 1 0 0 1
1 219833 25.8336 -63.8091 -7.86892 0.383442 1 1 0 0 1
1 219843 27.8228 -63.9664 -6.53067 0.29878 1 1 0 0 1
1 219849 26.1563 -64.4162 -6.29515 0.368601 1 1 0 0 1
1 219850 26.0555 -64.1973 -6.77549 0.155047 1 1 0 0 1
1 219851 26.2249 -64.7802 -6.71352 0.185504 1 1 0 0 1
1 219852 26.0211 -64.0574 -6.98626 0.099969 1 1 0 0 1
1 219853 24.7474 -64.8701 -6.83707 0.183163 1 1 0 0 1
1 219854 25.3963 -65.0348 -6.70655 0.074773 1 1 0 0 1
1 219855 25.2229 -64.8806 -7.0557 0.340348 1 1 0 0 1
1 219856 25.542 -64.7764 -6.56814 0.251591 1 1 0 0 1
1 219857 25.5666 -64.652 -6.10462 0.227951 1 1 0 0 1
1 219858 25.9979 -64.574 -7.36842 0.537646 1 1 0 0 1
1 219859 25.2896 -64.4861 -7.35756 0.149491 1 1 0 0 1
1 219860 26.6225 -63.754 -5.09818 0.262089 1 1 0 0 1
1 219866 26.824 -63.9816 -6.86063 0.124899 1 1 0 0 1
1 219867 26.7647 -64.4763 -6.88523 0.373978 1 1 0 0 1
1 219868 26.7541 -64.8496 -7.62788 0.30802 1 1 0 0 1
1 219869 27.1732 -64.6921 -7.23186 0.200667 1 1 0 0 1
1 224044 23.738 -64.6609 -6.53083 0.397634 1 1 0 0 1
1 224045 23.7232 -64.9375 -7.05332 0.193742 1 1 0 0 1
1 224046 24.0926 -64.997 -6.74048 0.134022 1 1 0 0 1
1 224047 22.7374 -64.6099 -7.59404 0.152206 1 1 0 0 1
1 224048 22.4742 -64.2255 -7.93571 0.425465 1 1 0 0 1
1 224049 23.1945 -64.7262 -6.89291 0.240403 1 1 0 0 1
1 224050 22.6989 -64.4709 -7.10112 0.354736 1 1 0 0 1
1 224051 22.7701 -63.9128 -7.01582 0.214336 1 1 0 0 1
1 224052 22.5071 -64.6142 -6.61768 0.175561 1 1 0 0 1
1 224458 21.6785 -63.5683 -8.25528 0.6416 1 1 0 0 1
